running egg_info
creating ../build/programmed_drive/programmed_drive.egg-info
writing ../build/programmed_drive/programmed_drive.egg-info/PKG-INFO
writing dependency_links to ../build/programmed_drive/programmed_drive.egg-info/dependency_links.txt
writing entry points to ../build/programmed_drive/programmed_drive.egg-info/entry_points.txt
writing requirements to ../build/programmed_drive/programmed_drive.egg-info/requires.txt
writing top-level names to ../build/programmed_drive/programmed_drive.egg-info/top_level.txt
writing manifest file '../build/programmed_drive/programmed_drive.egg-info/SOURCES.txt'
reading manifest file '../build/programmed_drive/programmed_drive.egg-info/SOURCES.txt'
writing manifest file '../build/programmed_drive/programmed_drive.egg-info/SOURCES.txt'
running build
running build_py
creating /home/situjet/Desktop/leo_common-ros2/src/build/programmed_drive/build
creating /home/situjet/Desktop/leo_common-ros2/src/build/programmed_drive/build/lib
creating /home/situjet/Desktop/leo_common-ros2/src/build/programmed_drive/build/lib/programmed_drive
copying programmed_drive/__init__.py -> /home/situjet/Desktop/leo_common-ros2/src/build/programmed_drive/build/lib/programmed_drive
copying programmed_drive/programmedDrive.py -> /home/situjet/Desktop/leo_common-ros2/src/build/programmed_drive/build/lib/programmed_drive
running install
running install_lib
creating /home/situjet/Desktop/leo_common-ros2/src/install/programmed_drive/lib/python3.10/site-packages/programmed_drive
copying /home/situjet/Desktop/leo_common-ros2/src/build/programmed_drive/build/lib/programmed_drive/__init__.py -> /home/situjet/Desktop/leo_common-ros2/src/install/programmed_drive/lib/python3.10/site-packages/programmed_drive
copying /home/situjet/Desktop/leo_common-ros2/src/build/programmed_drive/build/lib/programmed_drive/programmedDrive.py -> /home/situjet/Desktop/leo_common-ros2/src/install/programmed_drive/lib/python3.10/site-packages/programmed_drive
byte-compiling /home/situjet/Desktop/leo_common-ros2/src/install/programmed_drive/lib/python3.10/site-packages/programmed_drive/__init__.py to __init__.cpython-310.pyc
byte-compiling /home/situjet/Desktop/leo_common-ros2/src/install/programmed_drive/lib/python3.10/site-packages/programmed_drive/programmedDrive.py to programmedDrive.cpython-310.pyc
running install_data
creating /home/situjet/Desktop/leo_common-ros2/src/install/programmed_drive/share/ament_index
creating /home/situjet/Desktop/leo_common-ros2/src/install/programmed_drive/share/ament_index/resource_index
creating /home/situjet/Desktop/leo_common-ros2/src/install/programmed_drive/share/ament_index/resource_index/packages
copying resource/programmed_drive -> /home/situjet/Desktop/leo_common-ros2/src/install/programmed_drive/share/ament_index/resource_index/packages
copying package.xml -> /home/situjet/Desktop/leo_common-ros2/src/install/programmed_drive/share/programmed_drive
running install_egg_info
Copying ../build/programmed_drive/programmed_drive.egg-info to /home/situjet/Desktop/leo_common-ros2/src/install/programmed_drive/lib/python3.10/site-packages/programmed_drive-0.0.0-py3.10.egg-info
running install_scripts
writing list of installed files to '/home/situjet/Desktop/leo_common-ros2/src/build/programmed_drive/install.log'
