-- The C compiler identification is GNU 11.4.0
-- The CXX compiler identification is GNU 11.4.0
-- Detecting C compiler ABI info
-- Detecting C compiler ABI info - done
-- Check for working C compiler: /usr/bin/cc - skipped
-- Detecting C compile features
-- Detecting C compile features - done
-- Detecting CXX compiler ABI info
-- Detecting CXX compiler ABI info - done
-- Check for working CXX compiler: /usr/bin/c++ - skipped
-- Detecting CXX compile features
-- Detecting CXX compile features - done
-- Found ament_cmake: 1.3.5 (/opt/ros/humble/share/ament_cmake/cmake)
-- Found Python3: /usr/bin/python3.10 (found version "3.10.12") found components: Interpreter 
-- Override CMake install command with custom implementation using symlinks instead of copying resources
-- Configuring done (0.6s)
-- Generating done (0.0s)
-- Build files have been written to: /home/situjet/Desktop/leo_common-ros2/build/leo_viz
-- Install configuration: ""
-- Execute custom install script
-- Symlinking: /home/situjet/Desktop/leo_common-ros2/install/leo_viz/share/leo_viz/launch/rviz.launch.xml
-- Symlinking: /home/situjet/Desktop/leo_common-ros2/install/leo_viz/share/leo_viz/launch/view_model.launch.xml
-- Symlinking: /home/situjet/Desktop/leo_common-ros2/install/leo_viz/share/leo_viz/rviz/robot.rviz
-- Symlinking: /home/situjet/Desktop/leo_common-ros2/install/leo_viz/share/ament_index/resource_index/package_run_dependencies/leo_viz
-- Symlinking: /home/situjet/Desktop/leo_common-ros2/install/leo_viz/share/ament_index/resource_index/parent_prefix_path/leo_viz
-- Symlinking: /home/situjet/Desktop/leo_common-ros2/install/leo_viz/share/leo_viz/environment/ament_prefix_path.sh
-- Symlinking: /home/situjet/Desktop/leo_common-ros2/install/leo_viz/share/leo_viz/environment/ament_prefix_path.dsv
-- Symlinking: /home/situjet/Desktop/leo_common-ros2/install/leo_viz/share/leo_viz/environment/path.sh
-- Symlinking: /home/situjet/Desktop/leo_common-ros2/install/leo_viz/share/leo_viz/environment/path.dsv
-- Symlinking: /home/situjet/Desktop/leo_common-ros2/install/leo_viz/share/leo_viz/local_setup.bash
-- Symlinking: /home/situjet/Desktop/leo_common-ros2/install/leo_viz/share/leo_viz/local_setup.sh
-- Symlinking: /home/situjet/Desktop/leo_common-ros2/install/leo_viz/share/leo_viz/local_setup.zsh
-- Symlinking: /home/situjet/Desktop/leo_common-ros2/install/leo_viz/share/leo_viz/local_setup.dsv
-- Symlinking: /home/situjet/Desktop/leo_common-ros2/install/leo_viz/share/leo_viz/package.dsv
-- Symlinking: /home/situjet/Desktop/leo_common-ros2/install/leo_viz/share/ament_index/resource_index/packages/leo_viz
-- Symlinking: /home/situjet/Desktop/leo_common-ros2/install/leo_viz/share/leo_viz/cmake/leo_vizConfig.cmake
-- Symlinking: /home/situjet/Desktop/leo_common-ros2/install/leo_viz/share/leo_viz/cmake/leo_vizConfig-version.cmake
-- Symlinking: /home/situjet/Desktop/leo_common-ros2/install/leo_viz/share/leo_viz/package.xml
