[0.069s] Invoking command in '/home/situjet/Desktop/leo_common-ros2/build/leo_viz': CMAKE_PREFIX_PATH=/home/situjet/Desktop/leo_common-ros2/install/leo_description:/home/situjet/Desktop/leo_common-ros2/install/leo_teleop_holonomic:/home/situjet/Desktop/leo_common-ros2/install/leo_desktop:/home/situjet/Desktop/leo_common-ros2/install/leo_viz:/home/situjet/Desktop/leo_common-ros2/install/leo:/home/situjet/Desktop/leo_common-ros2/install/leo_teleop:/home/situjet/Desktop/leo_common-ros2/install/leo_msgs:/opt/ros/humble /home/situjet/.local/bin/cmake /home/situjet/Desktop/leo_common-ros2/src/leo_viz -DAMENT_CMAKE_SYMLINK_INSTALL=1 -DCMAKE_INSTALL_PREFIX=/home/situjet/Desktop/leo_common-ros2/install/leo_viz
[0.119s] -- The C compiler identification is GNU 11.4.0
[0.159s] -- The CXX compiler identification is GNU 11.4.0
[0.169s] -- Detecting C compiler ABI info
[0.209s] -- Detecting C compiler ABI info - done
[0.219s] -- Check for working C compiler: /usr/bin/cc - skipped
[0.219s] -- Detecting C compile features
[0.219s] -- Detecting C compile features - done
[0.225s] -- Detecting CXX compiler ABI info
[0.273s] -- Detecting CXX compiler ABI info - done
[0.283s] -- Check for working CXX compiler: /usr/bin/c++ - skipped
[0.283s] -- Detecting CXX compile features
[0.284s] -- Detecting CXX compile features - done
[0.286s] -- Found ament_cmake: 1.3.5 (/opt/ros/humble/share/ament_cmake/cmake)
[0.613s] -- Found Python3: /usr/bin/python3.10 (found version "3.10.12") found components: Interpreter 
[0.659s] -- Override CMake install command with custom implementation using symlinks instead of copying resources
[0.735s] -- Configuring done (0.6s)
[0.737s] -- Generating done (0.0s)
[0.737s] -- Build files have been written to: /home/situjet/Desktop/leo_common-ros2/build/leo_viz
[0.745s] Invoked command in '/home/situjet/Desktop/leo_common-ros2/build/leo_viz' returned '0': CMAKE_PREFIX_PATH=/home/situjet/Desktop/leo_common-ros2/install/leo_description:/home/situjet/Desktop/leo_common-ros2/install/leo_teleop_holonomic:/home/situjet/Desktop/leo_common-ros2/install/leo_desktop:/home/situjet/Desktop/leo_common-ros2/install/leo_viz:/home/situjet/Desktop/leo_common-ros2/install/leo:/home/situjet/Desktop/leo_common-ros2/install/leo_teleop:/home/situjet/Desktop/leo_common-ros2/install/leo_msgs:/opt/ros/humble /home/situjet/.local/bin/cmake /home/situjet/Desktop/leo_common-ros2/src/leo_viz -DAMENT_CMAKE_SYMLINK_INSTALL=1 -DCMAKE_INSTALL_PREFIX=/home/situjet/Desktop/leo_common-ros2/install/leo_viz
[0.746s] Invoking command in '/home/situjet/Desktop/leo_common-ros2/build/leo_viz': CMAKE_PREFIX_PATH=/home/situjet/Desktop/leo_common-ros2/install/leo_description:/home/situjet/Desktop/leo_common-ros2/install/leo_teleop_holonomic:/home/situjet/Desktop/leo_common-ros2/install/leo_desktop:/home/situjet/Desktop/leo_common-ros2/install/leo_viz:/home/situjet/Desktop/leo_common-ros2/install/leo:/home/situjet/Desktop/leo_common-ros2/install/leo_teleop:/home/situjet/Desktop/leo_common-ros2/install/leo_msgs:/opt/ros/humble /home/situjet/.local/bin/cmake --build /home/situjet/Desktop/leo_common-ros2/build/leo_viz -- -j12 -l12
[0.775s] Invoked command in '/home/situjet/Desktop/leo_common-ros2/build/leo_viz' returned '0': CMAKE_PREFIX_PATH=/home/situjet/Desktop/leo_common-ros2/install/leo_description:/home/situjet/Desktop/leo_common-ros2/install/leo_teleop_holonomic:/home/situjet/Desktop/leo_common-ros2/install/leo_desktop:/home/situjet/Desktop/leo_common-ros2/install/leo_viz:/home/situjet/Desktop/leo_common-ros2/install/leo:/home/situjet/Desktop/leo_common-ros2/install/leo_teleop:/home/situjet/Desktop/leo_common-ros2/install/leo_msgs:/opt/ros/humble /home/situjet/.local/bin/cmake --build /home/situjet/Desktop/leo_common-ros2/build/leo_viz -- -j12 -l12
[0.806s] Invoking command in '/home/situjet/Desktop/leo_common-ros2/build/leo_viz': CMAKE_PREFIX_PATH=/home/situjet/Desktop/leo_common-ros2/install/leo_description:/home/situjet/Desktop/leo_common-ros2/install/leo_teleop_holonomic:/home/situjet/Desktop/leo_common-ros2/install/leo_desktop:/home/situjet/Desktop/leo_common-ros2/install/leo_viz:/home/situjet/Desktop/leo_common-ros2/install/leo:/home/situjet/Desktop/leo_common-ros2/install/leo_teleop:/home/situjet/Desktop/leo_common-ros2/install/leo_msgs:/opt/ros/humble /home/situjet/.local/bin/cmake --install /home/situjet/Desktop/leo_common-ros2/build/leo_viz
[0.826s] -- Install configuration: ""
[0.826s] -- Execute custom install script
[0.826s] -- Symlinking: /home/situjet/Desktop/leo_common-ros2/install/leo_viz/share/leo_viz/launch/rviz.launch.xml
[0.828s] -- Symlinking: /home/situjet/Desktop/leo_common-ros2/install/leo_viz/share/leo_viz/launch/view_model.launch.xml
[0.830s] -- Symlinking: /home/situjet/Desktop/leo_common-ros2/install/leo_viz/share/leo_viz/rviz/robot.rviz
[0.832s] -- Symlinking: /home/situjet/Desktop/leo_common-ros2/install/leo_viz/share/ament_index/resource_index/package_run_dependencies/leo_viz
[0.834s] -- Symlinking: /home/situjet/Desktop/leo_common-ros2/install/leo_viz/share/ament_index/resource_index/parent_prefix_path/leo_viz
[0.836s] -- Symlinking: /home/situjet/Desktop/leo_common-ros2/install/leo_viz/share/leo_viz/environment/ament_prefix_path.sh
[0.838s] -- Symlinking: /home/situjet/Desktop/leo_common-ros2/install/leo_viz/share/leo_viz/environment/ament_prefix_path.dsv
[0.839s] -- Symlinking: /home/situjet/Desktop/leo_common-ros2/install/leo_viz/share/leo_viz/environment/path.sh
[0.841s] -- Symlinking: /home/situjet/Desktop/leo_common-ros2/install/leo_viz/share/leo_viz/environment/path.dsv
[0.843s] -- Symlinking: /home/situjet/Desktop/leo_common-ros2/install/leo_viz/share/leo_viz/local_setup.bash
[0.845s] -- Symlinking: /home/situjet/Desktop/leo_common-ros2/install/leo_viz/share/leo_viz/local_setup.sh
[0.847s] -- Symlinking: /home/situjet/Desktop/leo_common-ros2/install/leo_viz/share/leo_viz/local_setup.zsh
[0.848s] -- Symlinking: /home/situjet/Desktop/leo_common-ros2/install/leo_viz/share/leo_viz/local_setup.dsv
[0.850s] -- Symlinking: /home/situjet/Desktop/leo_common-ros2/install/leo_viz/share/leo_viz/package.dsv
[0.852s] -- Symlinking: /home/situjet/Desktop/leo_common-ros2/install/leo_viz/share/ament_index/resource_index/packages/leo_viz
[0.854s] -- Symlinking: /home/situjet/Desktop/leo_common-ros2/install/leo_viz/share/leo_viz/cmake/leo_vizConfig.cmake
[0.856s] -- Symlinking: /home/situjet/Desktop/leo_common-ros2/install/leo_viz/share/leo_viz/cmake/leo_vizConfig-version.cmake
[0.857s] -- Symlinking: /home/situjet/Desktop/leo_common-ros2/install/leo_viz/share/leo_viz/package.xml
[0.863s] Invoked command in '/home/situjet/Desktop/leo_common-ros2/build/leo_viz' returned '0': CMAKE_PREFIX_PATH=/home/situjet/Desktop/leo_common-ros2/install/leo_description:/home/situjet/Desktop/leo_common-ros2/install/leo_teleop_holonomic:/home/situjet/Desktop/leo_common-ros2/install/leo_desktop:/home/situjet/Desktop/leo_common-ros2/install/leo_viz:/home/situjet/Desktop/leo_common-ros2/install/leo:/home/situjet/Desktop/leo_common-ros2/install/leo_teleop:/home/situjet/Desktop/leo_common-ros2/install/leo_msgs:/opt/ros/humble /home/situjet/.local/bin/cmake --install /home/situjet/Desktop/leo_common-ros2/build/leo_viz
