[0.478s] Invoking command in '/home/pi/LeoRover-SLAM-ROS2/aruco_ros/build/aruco_msgs': CMAKE_PREFIX_PATH=/opt/ros/humble /usr/bin/cmake /home/pi/LeoRover-SLAM-ROS2/aruco_ros/aruco_msgs -DCMAKE_INSTALL_PREFIX=/home/pi/LeoRover-SLAM-ROS2/aruco_ros/install/aruco_msgs
[0.774s] -- Found ament_cmake: 1.3.5 (/opt/ros/humble/share/ament_cmake/cmake)
[2.207s] -- Override CMake install command with custom implementation using symlinks instead of copying resources
[2.327s] -- Found std_msgs: 4.2.3 (/opt/ros/humble/share/std_msgs/cmake)
[2.770s] -- Found rosidl_generator_c: 3.1.5 (/opt/ros/humble/share/rosidl_generator_c/cmake)
[2.805s] -- Found rosidl_adapter: 3.1.5 (/opt/ros/humble/share/rosidl_adapter/cmake)
[2.892s] -- Found rosidl_generator_cpp: 3.1.5 (/opt/ros/humble/share/rosidl_generator_cpp/cmake)
[3.076s] -- Using all available rosidl_typesupport_c: rosidl_typesupport_fastrtps_c;rosidl_typesupport_introspection_c
[3.246s] -- Using all available rosidl_typesupport_cpp: rosidl_typesupport_fastrtps_cpp;rosidl_typesupport_introspection_cpp
[3.741s] -- Found geometry_msgs: 4.2.3 (/opt/ros/humble/share/geometry_msgs/cmake)
[4.058s] -- Found rosidl_default_generators: 1.2.0 (/opt/ros/humble/share/rosidl_default_generators/cmake)
[7.200s] -- Found ament_cmake_ros: 0.10.0 (/opt/ros/humble/share/ament_cmake_ros/cmake)
[10.335s] -- Using all available rosidl_typesupport_c: rosidl_typesupport_fastrtps_c;rosidl_typesupport_introspection_c
[11.493s] -- Using all available rosidl_typesupport_cpp: rosidl_typesupport_fastrtps_cpp;rosidl_typesupport_introspection_cpp
[11.675s] -- Found python_cmake_module: 0.10.0 (/opt/ros/humble/share/python_cmake_module/cmake)
[11.862s] -- Using PYTHON_EXECUTABLE: /usr/bin/python3
[11.863s] -- Using PYTHON_INCLUDE_DIRS: /usr/include/python3.10
[11.863s] -- Using PYTHON_LIBRARIES: /usr/lib/aarch64-linux-gnu/libpython3.10.so
[12.126s] -- Found ament_lint_auto: 0.12.8 (/opt/ros/humble/share/ament_lint_auto/cmake)
[12.300s] -- Added test 'copyright' to check source files copyright and LICENSE
[12.324s] -- Added test 'lint_cmake' to check CMake code style
[12.341s] -- Added test 'xmllint' to check XML markup files
[12.374s] -- Configuring done
[12.930s] -- Generating done
[12.970s] -- Build files have been written to: /home/pi/LeoRover-SLAM-ROS2/aruco_ros/build/aruco_msgs
[13.021s] Invoked command in '/home/pi/LeoRover-SLAM-ROS2/aruco_ros/build/aruco_msgs' returned '0': CMAKE_PREFIX_PATH=/opt/ros/humble /usr/bin/cmake /home/pi/LeoRover-SLAM-ROS2/aruco_ros/aruco_msgs -DCMAKE_INSTALL_PREFIX=/home/pi/LeoRover-SLAM-ROS2/aruco_ros/install/aruco_msgs
[13.030s] Invoking command in '/home/pi/LeoRover-SLAM-ROS2/aruco_ros/build/aruco_msgs': CMAKE_PREFIX_PATH=/opt/ros/humble /usr/bin/cmake --build /home/pi/LeoRover-SLAM-ROS2/aruco_ros/build/aruco_msgs -- -j4 -l4
[13.294s] [35m[1mConsolidate compiler generated dependencies of target aruco_msgs__rosidl_generator_c[0m
[13.397s] [  2%] Built target aruco_msgs__cpp
[13.447s] [  2%] Built target ament_cmake_python_symlink_aruco_msgs
[13.497s] [ 12%] Built target aruco_msgs__rosidl_generator_c
[13.503s] [35m[1mConsolidate compiler generated dependencies of target aruco_msgs__rosidl_typesupport_cpp[0m
[13.504s] [35m[1mConsolidate compiler generated dependencies of target aruco_msgs__rosidl_typesupport_fastrtps_cpp[0m
[13.547s] [35m[1mConsolidate compiler generated dependencies of target aruco_msgs__rosidl_typesupport_introspection_cpp[0m
[13.627s] [ 23%] Built target aruco_msgs__rosidl_typesupport_cpp
[13.694s] [ 33%] Built target aruco_msgs__rosidl_typesupport_fastrtps_cpp
[13.712s] [ 43%] Built target aruco_msgs__rosidl_typesupport_introspection_cpp
[13.785s] [35m[1mConsolidate compiler generated dependencies of target aruco_msgs__rosidl_typesupport_fastrtps_c[0m
[13.799s] [35m[1mConsolidate compiler generated dependencies of target aruco_msgs__rosidl_typesupport_c[0m
[13.846s] [35m[1mConsolidate compiler generated dependencies of target aruco_msgs__rosidl_typesupport_introspection_c[0m
[13.932s] [ 53%] Built target aruco_msgs__rosidl_typesupport_c
[14.054s] [ 64%] Built target aruco_msgs__rosidl_typesupport_introspection_c
[14.057s] [ 74%] Built target aruco_msgs__rosidl_typesupport_fastrtps_c
[14.247s] [ 74%] Built target aruco_msgs
[14.425s] [ 76%] Built target aruco_msgs__py
[14.507s] [35m[1mConsolidate compiler generated dependencies of target aruco_msgs__rosidl_generator_py[0m
[14.674s] [ 84%] Built target aruco_msgs__rosidl_generator_py
[14.793s] [35m[1mConsolidate compiler generated dependencies of target aruco_msgs__rosidl_typesupport_fastrtps_c__pyext[0m
[14.809s] [35m[1mConsolidate compiler generated dependencies of target aruco_msgs__rosidl_typesupport_introspection_c__pyext[0m
[14.863s] [35m[1mConsolidate compiler generated dependencies of target aruco_msgs__rosidl_typesupport_c__pyext[0m
[14.965s] [ 92%] Built target aruco_msgs__rosidl_typesupport_introspection_c__pyext
[14.967s] [ 94%] Built target aruco_msgs__rosidl_typesupport_fastrtps_c__pyext
[15.025s] [100%] Built target aruco_msgs__rosidl_typesupport_c__pyext
[16.091s] running egg_info
[16.095s] writing aruco_msgs.egg-info/PKG-INFO
[16.097s] writing dependency_links to aruco_msgs.egg-info/dependency_links.txt
[16.099s] writing top-level names to aruco_msgs.egg-info/top_level.txt
[16.121s] reading manifest file 'aruco_msgs.egg-info/SOURCES.txt'
[16.125s] writing manifest file 'aruco_msgs.egg-info/SOURCES.txt'
[16.349s] [100%] Built target ament_cmake_python_build_aruco_msgs_egg
[16.419s] Invoked command in '/home/pi/LeoRover-SLAM-ROS2/aruco_ros/build/aruco_msgs' returned '0': CMAKE_PREFIX_PATH=/opt/ros/humble /usr/bin/cmake --build /home/pi/LeoRover-SLAM-ROS2/aruco_ros/build/aruco_msgs -- -j4 -l4
[17.025s] Invoking command in '/home/pi/LeoRover-SLAM-ROS2/aruco_ros/build/aruco_msgs': CMAKE_PREFIX_PATH=/opt/ros/humble /usr/bin/cmake --install /home/pi/LeoRover-SLAM-ROS2/aruco_ros/build/aruco_msgs
[17.070s] -- Install configuration: ""
[17.072s] -- Execute custom install script
[17.076s] -- Up-to-date symlink: /home/pi/LeoRover-SLAM-ROS2/aruco_ros/install/aruco_msgs/share/ament_index/resource_index/rosidl_interfaces/aruco_msgs
[17.086s] -- Up-to-date symlink: /home/pi/LeoRover-SLAM-ROS2/aruco_ros/install/aruco_msgs/include/aruco_msgs/aruco_msgs/msg/detail/marker__functions.h
[17.088s] -- Up-to-date symlink: /home/pi/LeoRover-SLAM-ROS2/aruco_ros/install/aruco_msgs/include/aruco_msgs/aruco_msgs/msg/detail/marker__struct.h
[17.090s] -- Up-to-date symlink: /home/pi/LeoRover-SLAM-ROS2/aruco_ros/install/aruco_msgs/include/aruco_msgs/aruco_msgs/msg/detail/marker__type_support.h
[17.093s] -- Up-to-date symlink: /home/pi/LeoRover-SLAM-ROS2/aruco_ros/install/aruco_msgs/include/aruco_msgs/aruco_msgs/msg/detail/marker_array__functions.h
[17.095s] -- Up-to-date symlink: /home/pi/LeoRover-SLAM-ROS2/aruco_ros/install/aruco_msgs/include/aruco_msgs/aruco_msgs/msg/detail/marker_array__struct.h
[17.099s] -- Up-to-date symlink: /home/pi/LeoRover-SLAM-ROS2/aruco_ros/install/aruco_msgs/include/aruco_msgs/aruco_msgs/msg/detail/marker_array__type_support.h
[17.101s] -- Up-to-date symlink: /home/pi/LeoRover-SLAM-ROS2/aruco_ros/install/aruco_msgs/include/aruco_msgs/aruco_msgs/msg/marker.h
[17.106s] -- Up-to-date symlink: /home/pi/LeoRover-SLAM-ROS2/aruco_ros/install/aruco_msgs/include/aruco_msgs/aruco_msgs/msg/marker_array.h
[17.110s] -- Up-to-date symlink: /home/pi/LeoRover-SLAM-ROS2/aruco_ros/install/aruco_msgs/include/aruco_msgs/aruco_msgs/msg/rosidl_generator_c__visibility_control.h
[17.115s] -- Up-to-date symlink: /home/pi/LeoRover-SLAM-ROS2/aruco_ros/install/aruco_msgs/share/aruco_msgs/environment/library_path.sh
[17.117s] -- Up-to-date symlink: /home/pi/LeoRover-SLAM-ROS2/aruco_ros/install/aruco_msgs/share/aruco_msgs/environment/library_path.dsv
[17.123s] -- Up-to-date symlink: /home/pi/LeoRover-SLAM-ROS2/aruco_ros/install/aruco_msgs/include/aruco_msgs/aruco_msgs/msg/detail/marker__rosidl_typesupport_fastrtps_c.h
[17.125s] -- Up-to-date symlink: /home/pi/LeoRover-SLAM-ROS2/aruco_ros/install/aruco_msgs/include/aruco_msgs/aruco_msgs/msg/detail/marker_array__rosidl_typesupport_fastrtps_c.h
[17.128s] -- Up-to-date symlink: /home/pi/LeoRover-SLAM-ROS2/aruco_ros/install/aruco_msgs/include/aruco_msgs/aruco_msgs/msg/rosidl_typesupport_fastrtps_c__visibility_control.h
[17.135s] -- Up-to-date symlink: /home/pi/LeoRover-SLAM-ROS2/aruco_ros/install/aruco_msgs/include/aruco_msgs/aruco_msgs/msg/detail/marker__builder.hpp
[17.138s] -- Up-to-date symlink: /home/pi/LeoRover-SLAM-ROS2/aruco_ros/install/aruco_msgs/include/aruco_msgs/aruco_msgs/msg/detail/marker__struct.hpp
[17.140s] -- Up-to-date symlink: /home/pi/LeoRover-SLAM-ROS2/aruco_ros/install/aruco_msgs/include/aruco_msgs/aruco_msgs/msg/detail/marker__traits.hpp
[17.142s] -- Up-to-date symlink: /home/pi/LeoRover-SLAM-ROS2/aruco_ros/install/aruco_msgs/include/aruco_msgs/aruco_msgs/msg/detail/marker_array__builder.hpp
[17.144s] -- Up-to-date symlink: /home/pi/LeoRover-SLAM-ROS2/aruco_ros/install/aruco_msgs/include/aruco_msgs/aruco_msgs/msg/detail/marker_array__struct.hpp
[17.146s] -- Up-to-date symlink: /home/pi/LeoRover-SLAM-ROS2/aruco_ros/install/aruco_msgs/include/aruco_msgs/aruco_msgs/msg/detail/marker_array__traits.hpp
[17.149s] -- Up-to-date symlink: /home/pi/LeoRover-SLAM-ROS2/aruco_ros/install/aruco_msgs/include/aruco_msgs/aruco_msgs/msg/marker.hpp
[17.153s] -- Up-to-date symlink: /home/pi/LeoRover-SLAM-ROS2/aruco_ros/install/aruco_msgs/include/aruco_msgs/aruco_msgs/msg/marker_array.hpp
[17.158s] -- Up-to-date symlink: /home/pi/LeoRover-SLAM-ROS2/aruco_ros/install/aruco_msgs/include/aruco_msgs/aruco_msgs/msg/detail/marker__rosidl_typesupport_fastrtps_cpp.hpp
[17.161s] -- Up-to-date symlink: /home/pi/LeoRover-SLAM-ROS2/aruco_ros/install/aruco_msgs/include/aruco_msgs/aruco_msgs/msg/detail/marker_array__rosidl_typesupport_fastrtps_cpp.hpp
[17.164s] -- Up-to-date symlink: /home/pi/LeoRover-SLAM-ROS2/aruco_ros/install/aruco_msgs/include/aruco_msgs/aruco_msgs/msg/rosidl_typesupport_fastrtps_cpp__visibility_control.h
[17.168s] -- Up-to-date symlink: /home/pi/LeoRover-SLAM-ROS2/aruco_ros/install/aruco_msgs/include/aruco_msgs/aruco_msgs/msg/detail/marker__rosidl_typesupport_introspection_c.h
[17.171s] -- Up-to-date symlink: /home/pi/LeoRover-SLAM-ROS2/aruco_ros/install/aruco_msgs/include/aruco_msgs/aruco_msgs/msg/detail/marker_array__rosidl_typesupport_introspection_c.h
[17.177s] -- Up-to-date symlink: /home/pi/LeoRover-SLAM-ROS2/aruco_ros/install/aruco_msgs/include/aruco_msgs/aruco_msgs/msg/rosidl_typesupport_introspection_c__visibility_control.h
[17.182s] -- Up-to-date symlink: /home/pi/LeoRover-SLAM-ROS2/aruco_ros/install/aruco_msgs/include/aruco_msgs/aruco_msgs/msg/detail/marker__rosidl_typesupport_introspection_cpp.hpp
[17.185s] -- Up-to-date symlink: /home/pi/LeoRover-SLAM-ROS2/aruco_ros/install/aruco_msgs/include/aruco_msgs/aruco_msgs/msg/detail/marker_array__rosidl_typesupport_introspection_cpp.hpp
[17.189s] -- Up-to-date symlink: /home/pi/LeoRover-SLAM-ROS2/aruco_ros/install/aruco_msgs/share/aruco_msgs/environment/pythonpath.sh
[17.190s] -- Up-to-date symlink: /home/pi/LeoRover-SLAM-ROS2/aruco_ros/install/aruco_msgs/share/aruco_msgs/environment/pythonpath.dsv
[17.196s] -- Up-to-date symlink: /home/pi/LeoRover-SLAM-ROS2/aruco_ros/install/aruco_msgs/local/lib/python3.10/dist-packages/aruco_msgs-5.0.3-py3.10.egg-info/PKG-INFO
[17.200s] -- Up-to-date symlink: /home/pi/LeoRover-SLAM-ROS2/aruco_ros/install/aruco_msgs/local/lib/python3.10/dist-packages/aruco_msgs-5.0.3-py3.10.egg-info/SOURCES.txt
[17.204s] -- Up-to-date symlink: /home/pi/LeoRover-SLAM-ROS2/aruco_ros/install/aruco_msgs/local/lib/python3.10/dist-packages/aruco_msgs-5.0.3-py3.10.egg-info/dependency_links.txt
[17.207s] -- Up-to-date symlink: /home/pi/LeoRover-SLAM-ROS2/aruco_ros/install/aruco_msgs/local/lib/python3.10/dist-packages/aruco_msgs-5.0.3-py3.10.egg-info/top_level.txt
[17.219s] -- Up-to-date symlink: /home/pi/LeoRover-SLAM-ROS2/aruco_ros/install/aruco_msgs/local/lib/python3.10/dist-packages/aruco_msgs/__init__.py
[17.221s] -- Up-to-date symlink: /home/pi/LeoRover-SLAM-ROS2/aruco_ros/install/aruco_msgs/local/lib/python3.10/dist-packages/aruco_msgs/_aruco_msgs_s.ep.rosidl_typesupport_c.c
[17.224s] -- Up-to-date symlink: /home/pi/LeoRover-SLAM-ROS2/aruco_ros/install/aruco_msgs/local/lib/python3.10/dist-packages/aruco_msgs/_aruco_msgs_s.ep.rosidl_typesupport_fastrtps_c.c
[17.227s] -- Up-to-date symlink: /home/pi/LeoRover-SLAM-ROS2/aruco_ros/install/aruco_msgs/local/lib/python3.10/dist-packages/aruco_msgs/_aruco_msgs_s.ep.rosidl_typesupport_introspection_c.c
[17.228s] -- Up-to-date symlink: /home/pi/LeoRover-SLAM-ROS2/aruco_ros/install/aruco_msgs/local/lib/python3.10/dist-packages/aruco_msgs/aruco_msgs_s__rosidl_typesupport_c.cpython-310-aarch64-linux-gnu.so
[17.230s] -- Up-to-date symlink: /home/pi/LeoRover-SLAM-ROS2/aruco_ros/install/aruco_msgs/local/lib/python3.10/dist-packages/aruco_msgs/aruco_msgs_s__rosidl_typesupport_fastrtps_c.cpython-310-aarch64-linux-gnu.so
[17.235s] -- Up-to-date symlink: /home/pi/LeoRover-SLAM-ROS2/aruco_ros/install/aruco_msgs/local/lib/python3.10/dist-packages/aruco_msgs/aruco_msgs_s__rosidl_typesupport_introspection_c.cpython-310-aarch64-linux-gnu.so
[17.238s] -- Up-to-date symlink: /home/pi/LeoRover-SLAM-ROS2/aruco_ros/install/aruco_msgs/local/lib/python3.10/dist-packages/aruco_msgs/libaruco_msgs__rosidl_generator_py.so
[17.242s] -- Up-to-date symlink: /home/pi/LeoRover-SLAM-ROS2/aruco_ros/install/aruco_msgs/local/lib/python3.10/dist-packages/aruco_msgs/msg/__init__.py
[17.246s] -- Up-to-date symlink: /home/pi/LeoRover-SLAM-ROS2/aruco_ros/install/aruco_msgs/local/lib/python3.10/dist-packages/aruco_msgs/msg/_marker.py
[17.248s] -- Up-to-date symlink: /home/pi/LeoRover-SLAM-ROS2/aruco_ros/install/aruco_msgs/local/lib/python3.10/dist-packages/aruco_msgs/msg/_marker_array.py
[17.250s] -- Up-to-date symlink: /home/pi/LeoRover-SLAM-ROS2/aruco_ros/install/aruco_msgs/local/lib/python3.10/dist-packages/aruco_msgs/msg/_marker_array_s.c
[17.253s] -- Up-to-date symlink: /home/pi/LeoRover-SLAM-ROS2/aruco_ros/install/aruco_msgs/local/lib/python3.10/dist-packages/aruco_msgs/msg/_marker_s.c
[17.255s] -- Up-to-date symlink: /home/pi/LeoRover-SLAM-ROS2/aruco_ros/install/aruco_msgs/local/lib/python3.10/dist-packages/aruco_msgs/aruco_msgs_s__rosidl_typesupport_fastrtps_c.cpython-310-aarch64-linux-gnu.so
[17.258s] -- Up-to-date symlink: /home/pi/LeoRover-SLAM-ROS2/aruco_ros/install/aruco_msgs/local/lib/python3.10/dist-packages/aruco_msgs/aruco_msgs_s__rosidl_typesupport_introspection_c.cpython-310-aarch64-linux-gnu.so
[17.261s] -- Up-to-date symlink: /home/pi/LeoRover-SLAM-ROS2/aruco_ros/install/aruco_msgs/local/lib/python3.10/dist-packages/aruco_msgs/aruco_msgs_s__rosidl_typesupport_c.cpython-310-aarch64-linux-gnu.so
[17.265s] -- Up-to-date symlink: /home/pi/LeoRover-SLAM-ROS2/aruco_ros/install/aruco_msgs/share/aruco_msgs/msg/Marker.idl
[17.267s] -- Up-to-date symlink: /home/pi/LeoRover-SLAM-ROS2/aruco_ros/install/aruco_msgs/share/aruco_msgs/msg/MarkerArray.idl
[17.270s] -- Up-to-date symlink: /home/pi/LeoRover-SLAM-ROS2/aruco_ros/install/aruco_msgs/share/aruco_msgs/msg/Marker.msg
[17.273s] -- Up-to-date symlink: /home/pi/LeoRover-SLAM-ROS2/aruco_ros/install/aruco_msgs/share/aruco_msgs/msg/MarkerArray.msg
[17.278s] -- Up-to-date symlink: /home/pi/LeoRover-SLAM-ROS2/aruco_ros/install/aruco_msgs/share/ament_index/resource_index/package_run_dependencies/aruco_msgs
[17.282s] -- Up-to-date symlink: /home/pi/LeoRover-SLAM-ROS2/aruco_ros/install/aruco_msgs/share/ament_index/resource_index/parent_prefix_path/aruco_msgs
[17.284s] -- Up-to-date symlink: /home/pi/LeoRover-SLAM-ROS2/aruco_ros/install/aruco_msgs/share/aruco_msgs/environment/ament_prefix_path.sh
[17.286s] -- Up-to-date symlink: /home/pi/LeoRover-SLAM-ROS2/aruco_ros/install/aruco_msgs/share/aruco_msgs/environment/ament_prefix_path.dsv
[17.288s] -- Up-to-date symlink: /home/pi/LeoRover-SLAM-ROS2/aruco_ros/install/aruco_msgs/share/aruco_msgs/environment/path.sh
[17.290s] -- Up-to-date symlink: /home/pi/LeoRover-SLAM-ROS2/aruco_ros/install/aruco_msgs/share/aruco_msgs/environment/path.dsv
[17.294s] -- Up-to-date symlink: /home/pi/LeoRover-SLAM-ROS2/aruco_ros/install/aruco_msgs/share/aruco_msgs/local_setup.bash
[17.296s] -- Up-to-date symlink: /home/pi/LeoRover-SLAM-ROS2/aruco_ros/install/aruco_msgs/share/aruco_msgs/local_setup.sh
[17.300s] -- Up-to-date symlink: /home/pi/LeoRover-SLAM-ROS2/aruco_ros/install/aruco_msgs/share/aruco_msgs/local_setup.zsh
[17.306s] -- Up-to-date symlink: /home/pi/LeoRover-SLAM-ROS2/aruco_ros/install/aruco_msgs/share/aruco_msgs/local_setup.dsv
[17.308s] -- Symlinking: /home/pi/LeoRover-SLAM-ROS2/aruco_ros/install/aruco_msgs/share/aruco_msgs/package.dsv
[17.354s] -- Up-to-date symlink: /home/pi/LeoRover-SLAM-ROS2/aruco_ros/install/aruco_msgs/share/ament_index/resource_index/packages/aruco_msgs
[17.359s] -- Up-to-date symlink: /home/pi/LeoRover-SLAM-ROS2/aruco_ros/install/aruco_msgs/share/aruco_msgs/cmake/rosidl_cmake-extras.cmake
[17.361s] -- Up-to-date symlink: /home/pi/LeoRover-SLAM-ROS2/aruco_ros/install/aruco_msgs/share/aruco_msgs/cmake/ament_cmake_export_dependencies-extras.cmake
[17.364s] -- Up-to-date symlink: /home/pi/LeoRover-SLAM-ROS2/aruco_ros/install/aruco_msgs/share/aruco_msgs/cmake/ament_cmake_export_include_directories-extras.cmake
[17.367s] -- Up-to-date symlink: /home/pi/LeoRover-SLAM-ROS2/aruco_ros/install/aruco_msgs/share/aruco_msgs/cmake/ament_cmake_export_libraries-extras.cmake
[17.372s] -- Up-to-date symlink: /home/pi/LeoRover-SLAM-ROS2/aruco_ros/install/aruco_msgs/share/aruco_msgs/cmake/ament_cmake_export_targets-extras.cmake
[17.378s] -- Up-to-date symlink: /home/pi/LeoRover-SLAM-ROS2/aruco_ros/install/aruco_msgs/share/aruco_msgs/cmake/rosidl_cmake_export_typesupport_targets-extras.cmake
[17.379s] -- Up-to-date symlink: /home/pi/LeoRover-SLAM-ROS2/aruco_ros/install/aruco_msgs/share/aruco_msgs/cmake/rosidl_cmake_export_typesupport_libraries-extras.cmake
[17.385s] -- Up-to-date symlink: /home/pi/LeoRover-SLAM-ROS2/aruco_ros/install/aruco_msgs/share/aruco_msgs/cmake/aruco_msgsConfig.cmake
[17.387s] -- Up-to-date symlink: /home/pi/LeoRover-SLAM-ROS2/aruco_ros/install/aruco_msgs/share/aruco_msgs/cmake/aruco_msgsConfig-version.cmake
[17.388s] -- Up-to-date symlink: /home/pi/LeoRover-SLAM-ROS2/aruco_ros/install/aruco_msgs/share/aruco_msgs/package.xml
[17.394s] -- Up-to-date: /home/pi/LeoRover-SLAM-ROS2/aruco_ros/install/aruco_msgs/lib/libaruco_msgs__rosidl_generator_c.so
[17.401s] -- Up-to-date: /home/pi/LeoRover-SLAM-ROS2/aruco_ros/install/aruco_msgs/lib/libaruco_msgs__rosidl_typesupport_fastrtps_c.so
[17.410s] -- Up-to-date: /home/pi/LeoRover-SLAM-ROS2/aruco_ros/install/aruco_msgs/lib/libaruco_msgs__rosidl_typesupport_fastrtps_cpp.so
[17.415s] -- Up-to-date: /home/pi/LeoRover-SLAM-ROS2/aruco_ros/install/aruco_msgs/lib/libaruco_msgs__rosidl_typesupport_introspection_c.so
[17.418s] -- Up-to-date: /home/pi/LeoRover-SLAM-ROS2/aruco_ros/install/aruco_msgs/lib/libaruco_msgs__rosidl_typesupport_c.so
[17.424s] -- Up-to-date: /home/pi/LeoRover-SLAM-ROS2/aruco_ros/install/aruco_msgs/lib/libaruco_msgs__rosidl_typesupport_introspection_cpp.so
[17.428s] -- Up-to-date: /home/pi/LeoRover-SLAM-ROS2/aruco_ros/install/aruco_msgs/lib/libaruco_msgs__rosidl_typesupport_cpp.so
[18.875s] Listing '/home/pi/LeoRover-SLAM-ROS2/aruco_ros/install/aruco_msgs/local/lib/python3.10/dist-packages/aruco_msgs'...
[18.876s] Compiling '/home/pi/LeoRover-SLAM-ROS2/aruco_ros/install/aruco_msgs/local/lib/python3.10/dist-packages/aruco_msgs/__init__.py'...
[18.878s] Listing '/home/pi/LeoRover-SLAM-ROS2/aruco_ros/install/aruco_msgs/local/lib/python3.10/dist-packages/aruco_msgs/msg'...
[18.924s] -- Up-to-date: /home/pi/LeoRover-SLAM-ROS2/aruco_ros/install/aruco_msgs/lib/libaruco_msgs__rosidl_generator_py.so
[18.925s] -- Up-to-date: /home/pi/LeoRover-SLAM-ROS2/aruco_ros/install/aruco_msgs/share/aruco_msgs/cmake/export_aruco_msgs__rosidl_generator_cExport.cmake
[18.926s] -- Up-to-date: /home/pi/LeoRover-SLAM-ROS2/aruco_ros/install/aruco_msgs/share/aruco_msgs/cmake/export_aruco_msgs__rosidl_generator_cExport-noconfig.cmake
[18.928s] -- Up-to-date: /home/pi/LeoRover-SLAM-ROS2/aruco_ros/install/aruco_msgs/share/aruco_msgs/cmake/export_aruco_msgs__rosidl_typesupport_fastrtps_cExport.cmake
[18.930s] -- Up-to-date: /home/pi/LeoRover-SLAM-ROS2/aruco_ros/install/aruco_msgs/share/aruco_msgs/cmake/export_aruco_msgs__rosidl_typesupport_fastrtps_cExport-noconfig.cmake
[18.933s] -- Up-to-date: /home/pi/LeoRover-SLAM-ROS2/aruco_ros/install/aruco_msgs/share/aruco_msgs/cmake/export_aruco_msgs__rosidl_generator_cppExport.cmake
[18.943s] -- Up-to-date: /home/pi/LeoRover-SLAM-ROS2/aruco_ros/install/aruco_msgs/share/aruco_msgs/cmake/export_aruco_msgs__rosidl_typesupport_fastrtps_cppExport.cmake
[18.944s] -- Up-to-date: /home/pi/LeoRover-SLAM-ROS2/aruco_ros/install/aruco_msgs/share/aruco_msgs/cmake/export_aruco_msgs__rosidl_typesupport_fastrtps_cppExport-noconfig.cmake
[18.944s] -- Up-to-date: /home/pi/LeoRover-SLAM-ROS2/aruco_ros/install/aruco_msgs/share/aruco_msgs/cmake/aruco_msgs__rosidl_typesupport_introspection_cExport.cmake
[18.945s] -- Up-to-date: /home/pi/LeoRover-SLAM-ROS2/aruco_ros/install/aruco_msgs/share/aruco_msgs/cmake/aruco_msgs__rosidl_typesupport_introspection_cExport-noconfig.cmake
[18.947s] -- Up-to-date: /home/pi/LeoRover-SLAM-ROS2/aruco_ros/install/aruco_msgs/share/aruco_msgs/cmake/aruco_msgs__rosidl_typesupport_cExport.cmake
[18.948s] -- Up-to-date: /home/pi/LeoRover-SLAM-ROS2/aruco_ros/install/aruco_msgs/share/aruco_msgs/cmake/aruco_msgs__rosidl_typesupport_cExport-noconfig.cmake
[18.950s] -- Up-to-date: /home/pi/LeoRover-SLAM-ROS2/aruco_ros/install/aruco_msgs/share/aruco_msgs/cmake/aruco_msgs__rosidl_typesupport_introspection_cppExport.cmake
[18.950s] -- Up-to-date: /home/pi/LeoRover-SLAM-ROS2/aruco_ros/install/aruco_msgs/share/aruco_msgs/cmake/aruco_msgs__rosidl_typesupport_introspection_cppExport-noconfig.cmake
[18.952s] -- Up-to-date: /home/pi/LeoRover-SLAM-ROS2/aruco_ros/install/aruco_msgs/share/aruco_msgs/cmake/aruco_msgs__rosidl_typesupport_cppExport.cmake
[18.953s] -- Up-to-date: /home/pi/LeoRover-SLAM-ROS2/aruco_ros/install/aruco_msgs/share/aruco_msgs/cmake/aruco_msgs__rosidl_typesupport_cppExport-noconfig.cmake
[18.956s] -- Up-to-date: /home/pi/LeoRover-SLAM-ROS2/aruco_ros/install/aruco_msgs/share/aruco_msgs/cmake/export_aruco_msgs__rosidl_generator_pyExport.cmake
[18.956s] -- Up-to-date: /home/pi/LeoRover-SLAM-ROS2/aruco_ros/install/aruco_msgs/share/aruco_msgs/cmake/export_aruco_msgs__rosidl_generator_pyExport-noconfig.cmake
[18.981s] Invoked command in '/home/pi/LeoRover-SLAM-ROS2/aruco_ros/build/aruco_msgs' returned '0': CMAKE_PREFIX_PATH=/opt/ros/humble /usr/bin/cmake --install /home/pi/LeoRover-SLAM-ROS2/aruco_ros/build/aruco_msgs
