[0.130s] Invoking command in '/home/situjet/Desktop/leo_common-ros2/build/leo': CMAKE_PREFIX_PATH=/home/situjet/Desktop/leo_common-ros2/install/leo_teleop:/home/situjet/Desktop/leo_common-ros2/install/leo_msgs:/home/situjet/Desktop/leo_common-ros2/install/leo_description:/home/situjet/Desktop/leo_common-ros2/src/leo_teleop_holonomic/install/leo_teleop_holonomic:/home/situjet/Desktop/leo_common-ros2/install/leo_teleop_holonomic:/home/situjet/Desktop/leo_common-ros2/install/leo_desktop:/home/situjet/Desktop/leo_common-ros2/install/leo_viz:/home/situjet/Desktop/leo_common-ros2/install/leo:/home/situjet/Desktop/leo_common-ros2/install/programmed_drive:/opt/ros/humble /home/situjet/.local/bin/cmake --build /home/situjet/Desktop/leo_common-ros2/build/leo -- -j12 -l12
[0.241s] Invoked command in '/home/situjet/Desktop/leo_common-ros2/build/leo' returned '0': CMAKE_PREFIX_PATH=/home/situjet/Desktop/leo_common-ros2/install/leo_teleop:/home/situjet/Desktop/leo_common-ros2/install/leo_msgs:/home/situjet/Desktop/leo_common-ros2/install/leo_description:/home/situjet/Desktop/leo_common-ros2/src/leo_teleop_holonomic/install/leo_teleop_holonomic:/home/situjet/Desktop/leo_common-ros2/install/leo_teleop_holonomic:/home/situjet/Desktop/leo_common-ros2/install/leo_desktop:/home/situjet/Desktop/leo_common-ros2/install/leo_viz:/home/situjet/Desktop/leo_common-ros2/install/leo:/home/situjet/Desktop/leo_common-ros2/install/programmed_drive:/opt/ros/humble /home/situjet/.local/bin/cmake --build /home/situjet/Desktop/leo_common-ros2/build/leo -- -j12 -l12
[0.276s] Invoking command in '/home/situjet/Desktop/leo_common-ros2/build/leo': CMAKE_PREFIX_PATH=/home/situjet/Desktop/leo_common-ros2/install/leo_teleop:/home/situjet/Desktop/leo_common-ros2/install/leo_msgs:/home/situjet/Desktop/leo_common-ros2/install/leo_description:/home/situjet/Desktop/leo_common-ros2/src/leo_teleop_holonomic/install/leo_teleop_holonomic:/home/situjet/Desktop/leo_common-ros2/install/leo_teleop_holonomic:/home/situjet/Desktop/leo_common-ros2/install/leo_desktop:/home/situjet/Desktop/leo_common-ros2/install/leo_viz:/home/situjet/Desktop/leo_common-ros2/install/leo:/home/situjet/Desktop/leo_common-ros2/install/programmed_drive:/opt/ros/humble /home/situjet/.local/bin/cmake --install /home/situjet/Desktop/leo_common-ros2/build/leo
[0.299s] -- Install configuration: ""
[0.299s] -- Execute custom install script
[0.299s] -- Up-to-date symlink: /home/situjet/Desktop/leo_common-ros2/install/leo/share/ament_index/resource_index/package_run_dependencies/leo
[0.299s] -- Up-to-date symlink: /home/situjet/Desktop/leo_common-ros2/install/leo/share/ament_index/resource_index/parent_prefix_path/leo
[0.300s] -- Up-to-date symlink: /home/situjet/Desktop/leo_common-ros2/install/leo/share/leo/environment/ament_prefix_path.sh
[0.300s] -- Up-to-date symlink: /home/situjet/Desktop/leo_common-ros2/install/leo/share/leo/environment/ament_prefix_path.dsv
[0.300s] -- Up-to-date symlink: /home/situjet/Desktop/leo_common-ros2/install/leo/share/leo/environment/path.sh
[0.300s] -- Up-to-date symlink: /home/situjet/Desktop/leo_common-ros2/install/leo/share/leo/environment/path.dsv
[0.300s] -- Up-to-date symlink: /home/situjet/Desktop/leo_common-ros2/install/leo/share/leo/local_setup.bash
[0.300s] -- Up-to-date symlink: /home/situjet/Desktop/leo_common-ros2/install/leo/share/leo/local_setup.sh
[0.300s] -- Up-to-date symlink: /home/situjet/Desktop/leo_common-ros2/install/leo/share/leo/local_setup.zsh
[0.300s] -- Up-to-date symlink: /home/situjet/Desktop/leo_common-ros2/install/leo/share/leo/local_setup.dsv
[0.301s] -- Symlinking: /home/situjet/Desktop/leo_common-ros2/install/leo/share/leo/package.dsv
[0.303s] -- Up-to-date symlink: /home/situjet/Desktop/leo_common-ros2/install/leo/share/ament_index/resource_index/packages/leo
[0.303s] -- Up-to-date symlink: /home/situjet/Desktop/leo_common-ros2/install/leo/share/leo/cmake/leoConfig.cmake
[0.303s] -- Up-to-date symlink: /home/situjet/Desktop/leo_common-ros2/install/leo/share/leo/cmake/leoConfig-version.cmake
[0.303s] -- Up-to-date symlink: /home/situjet/Desktop/leo_common-ros2/install/leo/share/leo/package.xml
[0.308s] Invoked command in '/home/situjet/Desktop/leo_common-ros2/build/leo' returned '0': CMAKE_PREFIX_PATH=/home/situjet/Desktop/leo_common-ros2/install/leo_teleop:/home/situjet/Desktop/leo_common-ros2/install/leo_msgs:/home/situjet/Desktop/leo_common-ros2/install/leo_description:/home/situjet/Desktop/leo_common-ros2/src/leo_teleop_holonomic/install/leo_teleop_holonomic:/home/situjet/Desktop/leo_common-ros2/install/leo_teleop_holonomic:/home/situjet/Desktop/leo_common-ros2/install/leo_desktop:/home/situjet/Desktop/leo_common-ros2/install/leo_viz:/home/situjet/Desktop/leo_common-ros2/install/leo:/home/situjet/Desktop/leo_common-ros2/install/programmed_drive:/opt/ros/humble /home/situjet/.local/bin/cmake --install /home/situjet/Desktop/leo_common-ros2/build/leo
