[14.474s] Invoking command in '/home/pi/LeoRover-SLAM-ROS2/leo_common-ros2/src/programmed_drive': PYTHONPATH=/home/pi/LeoRover-SLAM-ROS2/leo_common-ros2/build/programmed_drive/prefix_override:/home/pi/LeoRover-SLAM-ROS2/leo_common-ros2/install/programmed_drive/lib/python3.10/site-packages:${PYTHONPATH} /usr/bin/python3 setup.py egg_info --egg-base ../../build/programmed_drive build --build-base /home/pi/LeoRover-SLAM-ROS2/leo_common-ros2/build/programmed_drive/build install --record /home/pi/LeoRover-SLAM-ROS2/leo_common-ros2/build/programmed_drive/install.log --single-version-externally-managed
[18.523s] running egg_info
[18.534s] creating ../../build/programmed_drive/programmed_drive.egg-info
[18.536s] writing ../../build/programmed_drive/programmed_drive.egg-info/PKG-INFO
[18.541s] writing dependency_links to ../../build/programmed_drive/programmed_drive.egg-info/dependency_links.txt
[18.542s] writing entry points to ../../build/programmed_drive/programmed_drive.egg-info/entry_points.txt
[18.547s] writing requirements to ../../build/programmed_drive/programmed_drive.egg-info/requires.txt
[18.549s] writing top-level names to ../../build/programmed_drive/programmed_drive.egg-info/top_level.txt
[18.550s] writing manifest file '../../build/programmed_drive/programmed_drive.egg-info/SOURCES.txt'
[18.568s] reading manifest file '../../build/programmed_drive/programmed_drive.egg-info/SOURCES.txt'
[18.593s] writing manifest file '../../build/programmed_drive/programmed_drive.egg-info/SOURCES.txt'
[18.594s] running build
[18.598s] running build_py
[18.599s] creating /home/pi/LeoRover-SLAM-ROS2/leo_common-ros2/build/programmed_drive/build
[18.600s] creating /home/pi/LeoRover-SLAM-ROS2/leo_common-ros2/build/programmed_drive/build/lib
[18.601s] creating /home/pi/LeoRover-SLAM-ROS2/leo_common-ros2/build/programmed_drive/build/lib/programmed_drive
[18.617s] copying programmed_drive/programmed_drive.py -> /home/pi/LeoRover-SLAM-ROS2/leo_common-ros2/build/programmed_drive/build/lib/programmed_drive
[18.618s] copying programmed_drive/__init__.py -> /home/pi/LeoRover-SLAM-ROS2/leo_common-ros2/build/programmed_drive/build/lib/programmed_drive
[18.620s] copying programmed_drive/aruco_drive.py -> /home/pi/LeoRover-SLAM-ROS2/leo_common-ros2/build/programmed_drive/build/lib/programmed_drive
[18.621s] /usr/lib/python3/dist-packages/setuptools/command/install.py:34: SetuptoolsDeprecationWarning: setup.py install is deprecated. Use build and pip and other standards-based tools.
[18.637s]   warnings.warn(
[18.640s] running install
[18.642s] running install_lib
[18.643s] creating /home/pi/LeoRover-SLAM-ROS2/leo_common-ros2/install/programmed_drive/lib/python3.10/site-packages/programmed_drive
[18.648s] copying /home/pi/LeoRover-SLAM-ROS2/leo_common-ros2/build/programmed_drive/build/lib/programmed_drive/programmed_drive.py -> /home/pi/LeoRover-SLAM-ROS2/leo_common-ros2/install/programmed_drive/lib/python3.10/site-packages/programmed_drive
[18.650s] copying /home/pi/LeoRover-SLAM-ROS2/leo_common-ros2/build/programmed_drive/build/lib/programmed_drive/__init__.py -> /home/pi/LeoRover-SLAM-ROS2/leo_common-ros2/install/programmed_drive/lib/python3.10/site-packages/programmed_drive
[18.652s] copying /home/pi/LeoRover-SLAM-ROS2/leo_common-ros2/build/programmed_drive/build/lib/programmed_drive/aruco_drive.py -> /home/pi/LeoRover-SLAM-ROS2/leo_common-ros2/install/programmed_drive/lib/python3.10/site-packages/programmed_drive
[18.664s] byte-compiling /home/pi/LeoRover-SLAM-ROS2/leo_common-ros2/install/programmed_drive/lib/python3.10/site-packages/programmed_drive/programmed_drive.py to programmed_drive.cpython-310.pyc
[18.679s] byte-compiling /home/pi/LeoRover-SLAM-ROS2/leo_common-ros2/install/programmed_drive/lib/python3.10/site-packages/programmed_drive/__init__.py to __init__.cpython-310.pyc
[18.693s] byte-compiling /home/pi/LeoRover-SLAM-ROS2/leo_common-ros2/install/programmed_drive/lib/python3.10/site-packages/programmed_drive/aruco_drive.py to aruco_drive.cpython-310.pyc
[18.702s] running install_data
[18.719s] creating /home/pi/LeoRover-SLAM-ROS2/leo_common-ros2/install/programmed_drive/share/ament_index
[18.720s] creating /home/pi/LeoRover-SLAM-ROS2/leo_common-ros2/install/programmed_drive/share/ament_index/resource_index
[18.721s] creating /home/pi/LeoRover-SLAM-ROS2/leo_common-ros2/install/programmed_drive/share/ament_index/resource_index/packages
[18.721s] copying resource/programmed_drive -> /home/pi/LeoRover-SLAM-ROS2/leo_common-ros2/install/programmed_drive/share/ament_index/resource_index/packages
[18.722s] copying package.xml -> /home/pi/LeoRover-SLAM-ROS2/leo_common-ros2/install/programmed_drive/share/programmed_drive
[18.723s] running install_egg_info
[18.903s] Copying ../../build/programmed_drive/programmed_drive.egg-info to /home/pi/LeoRover-SLAM-ROS2/leo_common-ros2/install/programmed_drive/lib/python3.10/site-packages/programmed_drive-0.0.0-py3.10.egg-info
[18.932s] running install_scripts
[19.323s] Installing aruco_drive script to /home/pi/LeoRover-SLAM-ROS2/leo_common-ros2/install/programmed_drive/lib/programmed_drive
[19.324s] Installing drive script to /home/pi/LeoRover-SLAM-ROS2/leo_common-ros2/install/programmed_drive/lib/programmed_drive
[19.329s] writing list of installed files to '/home/pi/LeoRover-SLAM-ROS2/leo_common-ros2/build/programmed_drive/install.log'
[21.765s] Invoked command in '/home/pi/LeoRover-SLAM-ROS2/leo_common-ros2/src/programmed_drive' returned '0': PYTHONPATH=/home/pi/LeoRover-SLAM-ROS2/leo_common-ros2/build/programmed_drive/prefix_override:/home/pi/LeoRover-SLAM-ROS2/leo_common-ros2/install/programmed_drive/lib/python3.10/site-packages:${PYTHONPATH} /usr/bin/python3 setup.py egg_info --egg-base ../../build/programmed_drive build --build-base /home/pi/LeoRover-SLAM-ROS2/leo_common-ros2/build/programmed_drive/build install --record /home/pi/LeoRover-SLAM-ROS2/leo_common-ros2/build/programmed_drive/install.log --single-version-externally-managed
