-- Found ament_cmake: 1.3.5 (/opt/ros/humble/share/ament_cmake/cmake)
-- Override CMake install command with custom implementation using symlinks instead of copying resources
-- Configuring done (0.2s)
-- Generating done (0.0s)
-- Build files have been written to: /home/situjet/Desktop/leo_common-ros2/src/build/leo_teleop_holonomic
-- Install configuration: ""
-- Execute custom install script
-- Symlinking: /home/situjet/Desktop/leo_common-ros2/src/install/leo_teleop_holonomic/share/leo_teleop_holonomic/launch/key_teleop.launch.xml
-- Symlinking: /home/situjet/Desktop/leo_common-ros2/src/install/leo_teleop_holonomic/share/leo_teleop_holonomic/src/commands.txt
-- Symlinking: /home/situjet/Desktop/leo_common-ros2/src/install/leo_teleop_holonomic/share/leo_teleop_holonomic/src/programmedDrive.py
-- Symlinking: /home/situjet/Desktop/leo_common-ros2/src/install/leo_teleop_holonomic/share/ament_index/resource_index/package_run_dependencies/leo_teleop_holonomic
-- Symlinking: /home/situjet/Desktop/leo_common-ros2/src/install/leo_teleop_holonomic/share/ament_index/resource_index/parent_prefix_path/leo_teleop_holonomic
-- Symlinking: /home/situjet/Desktop/leo_common-ros2/src/install/leo_teleop_holonomic/share/leo_teleop_holonomic/environment/ament_prefix_path.sh
-- Symlinking: /home/situjet/Desktop/leo_common-ros2/src/install/leo_teleop_holonomic/share/leo_teleop_holonomic/environment/ament_prefix_path.dsv
-- Symlinking: /home/situjet/Desktop/leo_common-ros2/src/install/leo_teleop_holonomic/share/leo_teleop_holonomic/environment/path.sh
-- Symlinking: /home/situjet/Desktop/leo_common-ros2/src/install/leo_teleop_holonomic/share/leo_teleop_holonomic/environment/path.dsv
-- Symlinking: /home/situjet/Desktop/leo_common-ros2/src/install/leo_teleop_holonomic/share/leo_teleop_holonomic/local_setup.bash
-- Symlinking: /home/situjet/Desktop/leo_common-ros2/src/install/leo_teleop_holonomic/share/leo_teleop_holonomic/local_setup.sh
-- Symlinking: /home/situjet/Desktop/leo_common-ros2/src/install/leo_teleop_holonomic/share/leo_teleop_holonomic/local_setup.zsh
-- Symlinking: /home/situjet/Desktop/leo_common-ros2/src/install/leo_teleop_holonomic/share/leo_teleop_holonomic/local_setup.dsv
-- Symlinking: /home/situjet/Desktop/leo_common-ros2/src/install/leo_teleop_holonomic/share/leo_teleop_holonomic/package.dsv
-- Symlinking: /home/situjet/Desktop/leo_common-ros2/src/install/leo_teleop_holonomic/share/ament_index/resource_index/packages/leo_teleop_holonomic
-- Symlinking: /home/situjet/Desktop/leo_common-ros2/src/install/leo_teleop_holonomic/share/leo_teleop_holonomic/cmake/leo_teleop_holonomicConfig.cmake
-- Symlinking: /home/situjet/Desktop/leo_common-ros2/src/install/leo_teleop_holonomic/share/leo_teleop_holonomic/cmake/leo_teleop_holonomicConfig-version.cmake
-- Symlinking: /home/situjet/Desktop/leo_common-ros2/src/install/leo_teleop_holonomic/share/leo_teleop_holonomic/package.xml
