[0.235s] Invoking command in '/home/situjet/Desktop/leo_common-ros2/src/build/leo_teleop': CMAKE_PREFIX_PATH=${CMAKE_PREFIX_PATH}:/opt/ros/humble /home/situjet/.local/bin/cmake /home/situjet/Desktop/leo_common-ros2/src/leo_teleop -DAMENT_CMAKE_SYMLINK_INSTALL=1 -DCMAKE_INSTALL_PREFIX=/home/situjet/Desktop/leo_common-ros2/src/install/leo_teleop
[0.285s] -- The C compiler identification is GNU 11.4.0
[0.326s] -- The CXX compiler identification is GNU 11.4.0
[0.337s] -- Detecting C compiler ABI info
[0.378s] -- Detecting C compiler ABI info - done
[0.388s] -- Check for working C compiler: /usr/bin/cc - skipped
[0.388s] -- Detecting C compile features
[0.389s] -- Detecting C compile features - done
[0.395s] -- Detecting CXX compiler ABI info
[0.445s] -- Detecting CXX compiler ABI info - done
[0.456s] -- Check for working CXX compiler: /usr/bin/c++ - skipped
[0.456s] -- Detecting CXX compile features
[0.456s] -- Detecting CXX compile features - done
[0.459s] -- Found ament_cmake: 1.3.5 (/opt/ros/humble/share/ament_cmake/cmake)
[0.865s] -- Found Python3: /usr/bin/python3.10 (found version "3.10.12") found components: Interpreter 
[0.924s] -- Override CMake install command with custom implementation using symlinks instead of copying resources
[1.029s] -- Configuring done (0.8s)
[1.033s] -- Generating done (0.0s)
[1.034s] -- Build files have been written to: /home/situjet/Desktop/leo_common-ros2/src/build/leo_teleop
[1.043s] Invoked command in '/home/situjet/Desktop/leo_common-ros2/src/build/leo_teleop' returned '0': CMAKE_PREFIX_PATH=${CMAKE_PREFIX_PATH}:/opt/ros/humble /home/situjet/.local/bin/cmake /home/situjet/Desktop/leo_common-ros2/src/leo_teleop -DAMENT_CMAKE_SYMLINK_INSTALL=1 -DCMAKE_INSTALL_PREFIX=/home/situjet/Desktop/leo_common-ros2/src/install/leo_teleop
[1.043s] Invoking command in '/home/situjet/Desktop/leo_common-ros2/src/build/leo_teleop': CMAKE_PREFIX_PATH=${CMAKE_PREFIX_PATH}:/opt/ros/humble /home/situjet/.local/bin/cmake --build /home/situjet/Desktop/leo_common-ros2/src/build/leo_teleop -- -j12 -l12
[1.078s] Invoked command in '/home/situjet/Desktop/leo_common-ros2/src/build/leo_teleop' returned '0': CMAKE_PREFIX_PATH=${CMAKE_PREFIX_PATH}:/opt/ros/humble /home/situjet/.local/bin/cmake --build /home/situjet/Desktop/leo_common-ros2/src/build/leo_teleop -- -j12 -l12
[1.114s] Invoking command in '/home/situjet/Desktop/leo_common-ros2/src/build/leo_teleop': CMAKE_PREFIX_PATH=${CMAKE_PREFIX_PATH}:/opt/ros/humble /home/situjet/.local/bin/cmake --install /home/situjet/Desktop/leo_common-ros2/src/build/leo_teleop
[1.137s] -- Install configuration: ""
[1.137s] -- Execute custom install script
[1.137s] -- Symlinking: /home/situjet/Desktop/leo_common-ros2/src/install/leo_teleop/share/leo_teleop/config/joy_config.yaml
[1.140s] -- Symlinking: /home/situjet/Desktop/leo_common-ros2/src/install/leo_teleop/share/leo_teleop/launch/joy_teleop.launch.xml
[1.142s] -- Symlinking: /home/situjet/Desktop/leo_common-ros2/src/install/leo_teleop/share/leo_teleop/launch/key_teleop.launch.xml
[1.144s] -- Symlinking: /home/situjet/Desktop/leo_common-ros2/src/install/leo_teleop/share/ament_index/resource_index/package_run_dependencies/leo_teleop
[1.146s] -- Symlinking: /home/situjet/Desktop/leo_common-ros2/src/install/leo_teleop/share/ament_index/resource_index/parent_prefix_path/leo_teleop
[1.148s] -- Symlinking: /home/situjet/Desktop/leo_common-ros2/src/install/leo_teleop/share/leo_teleop/environment/ament_prefix_path.sh
[1.150s] -- Symlinking: /home/situjet/Desktop/leo_common-ros2/src/install/leo_teleop/share/leo_teleop/environment/ament_prefix_path.dsv
[1.153s] -- Symlinking: /home/situjet/Desktop/leo_common-ros2/src/install/leo_teleop/share/leo_teleop/environment/path.sh
[1.155s] -- Symlinking: /home/situjet/Desktop/leo_common-ros2/src/install/leo_teleop/share/leo_teleop/environment/path.dsv
[1.157s] -- Symlinking: /home/situjet/Desktop/leo_common-ros2/src/install/leo_teleop/share/leo_teleop/local_setup.bash
[1.159s] -- Symlinking: /home/situjet/Desktop/leo_common-ros2/src/install/leo_teleop/share/leo_teleop/local_setup.sh
[1.161s] -- Symlinking: /home/situjet/Desktop/leo_common-ros2/src/install/leo_teleop/share/leo_teleop/local_setup.zsh
[1.163s] -- Symlinking: /home/situjet/Desktop/leo_common-ros2/src/install/leo_teleop/share/leo_teleop/local_setup.dsv
[1.165s] -- Symlinking: /home/situjet/Desktop/leo_common-ros2/src/install/leo_teleop/share/leo_teleop/package.dsv
[1.167s] -- Symlinking: /home/situjet/Desktop/leo_common-ros2/src/install/leo_teleop/share/ament_index/resource_index/packages/leo_teleop
[1.170s] -- Symlinking: /home/situjet/Desktop/leo_common-ros2/src/install/leo_teleop/share/leo_teleop/cmake/leo_teleopConfig.cmake
[1.172s] -- Symlinking: /home/situjet/Desktop/leo_common-ros2/src/install/leo_teleop/share/leo_teleop/cmake/leo_teleopConfig-version.cmake
[1.174s] -- Symlinking: /home/situjet/Desktop/leo_common-ros2/src/install/leo_teleop/share/leo_teleop/package.xml
[1.180s] Invoked command in '/home/situjet/Desktop/leo_common-ros2/src/build/leo_teleop' returned '0': CMAKE_PREFIX_PATH=${CMAKE_PREFIX_PATH}:/opt/ros/humble /home/situjet/.local/bin/cmake --install /home/situjet/Desktop/leo_common-ros2/src/build/leo_teleop
