-- The C compiler identification is GNU 11.4.0
-- The CXX compiler identification is GNU 11.4.0
-- Detecting C compiler ABI info
-- Detecting C compiler ABI info - done
-- Check for working C compiler: /usr/bin/cc - skipped
-- Detecting C compile features
-- Detecting C compile features - done
-- Detecting CXX compiler ABI info
-- Detecting CXX compiler ABI info - done
-- Check for working CXX compiler: /usr/bin/c++ - skipped
-- Detecting CXX compile features
-- Detecting CXX compile features - done
-- Found ament_cmake: 1.3.5 (/opt/ros/humble/share/ament_cmake/cmake)
-- Found Python3: /usr/bin/python3.10 (found version "3.10.12") found components: Interpreter 
-- Configuring done
-- Generating done
-- Build files have been written to: /home/pi/LeoRover-SLAM-ROS2/leo_common-ros2/build/leo_description
-- Install configuration: ""
-- Installing: /home/pi/LeoRover-SLAM-ROS2/leo_common-ros2/install/leo_description/share/leo_description/config
-- Installing: /home/pi/LeoRover-SLAM-ROS2/leo_common-ros2/install/leo_description/share/leo_description/config/controllers.yaml
-- Installing: /home/pi/LeoRover-SLAM-ROS2/leo_common-ros2/install/leo_description/share/leo_description/launch
-- Installing: /home/pi/LeoRover-SLAM-ROS2/leo_common-ros2/install/leo_description/share/leo_description/launch/state_publisher.launch.xml
-- Installing: /home/pi/LeoRover-SLAM-ROS2/leo_common-ros2/install/leo_description/share/leo_description/models
-- Installing: /home/pi/LeoRover-SLAM-ROS2/leo_common-ros2/install/leo_description/share/leo_description/models/Chassis.dae
-- Installing: /home/pi/LeoRover-SLAM-ROS2/leo_common-ros2/install/leo_description/share/leo_description/models/WheelB.dae
-- Installing: /home/pi/LeoRover-SLAM-ROS2/leo_common-ros2/install/leo_description/share/leo_description/models/Rocker.dae
-- Installing: /home/pi/LeoRover-SLAM-ROS2/leo_common-ros2/install/leo_description/share/leo_description/models/Antenna.dae
-- Installing: /home/pi/LeoRover-SLAM-ROS2/leo_common-ros2/install/leo_description/share/leo_description/models/Wheel_outline.stl
-- Installing: /home/pi/LeoRover-SLAM-ROS2/leo_common-ros2/install/leo_description/share/leo_description/models/WheelA.dae
-- Installing: /home/pi/LeoRover-SLAM-ROS2/leo_common-ros2/install/leo_description/share/leo_description/models/Rocker_outline.stl
-- Installing: /home/pi/LeoRover-SLAM-ROS2/leo_common-ros2/install/leo_description/share/leo_description/models/Chassis_outline.stl
-- Installing: /home/pi/LeoRover-SLAM-ROS2/leo_common-ros2/install/leo_description/share/leo_description/urdf
-- Installing: /home/pi/LeoRover-SLAM-ROS2/leo_common-ros2/install/leo_description/share/leo_description/urdf/leo.urdf.xacro
-- Installing: /home/pi/LeoRover-SLAM-ROS2/leo_common-ros2/install/leo_description/share/leo_description/urdf/macros.xacro
-- Installing: /home/pi/LeoRover-SLAM-ROS2/leo_common-ros2/install/leo_description/share/leo_description/urdf/leo_sim.urdf.xacro
-- Installing: /home/pi/LeoRover-SLAM-ROS2/leo_common-ros2/install/leo_description/share/leo_description/environment/gz_sim_resource_path.dsv
-- Installing: /home/pi/LeoRover-SLAM-ROS2/leo_common-ros2/install/leo_description/share/ament_index/resource_index/package_run_dependencies/leo_description
-- Installing: /home/pi/LeoRover-SLAM-ROS2/leo_common-ros2/install/leo_description/share/ament_index/resource_index/parent_prefix_path/leo_description
-- Installing: /home/pi/LeoRover-SLAM-ROS2/leo_common-ros2/install/leo_description/share/leo_description/environment/ament_prefix_path.sh
-- Installing: /home/pi/LeoRover-SLAM-ROS2/leo_common-ros2/install/leo_description/share/leo_description/environment/ament_prefix_path.dsv
-- Installing: /home/pi/LeoRover-SLAM-ROS2/leo_common-ros2/install/leo_description/share/leo_description/environment/path.sh
-- Installing: /home/pi/LeoRover-SLAM-ROS2/leo_common-ros2/install/leo_description/share/leo_description/environment/path.dsv
-- Installing: /home/pi/LeoRover-SLAM-ROS2/leo_common-ros2/install/leo_description/share/leo_description/local_setup.bash
-- Installing: /home/pi/LeoRover-SLAM-ROS2/leo_common-ros2/install/leo_description/share/leo_description/local_setup.sh
-- Installing: /home/pi/LeoRover-SLAM-ROS2/leo_common-ros2/install/leo_description/share/leo_description/local_setup.zsh
-- Installing: /home/pi/LeoRover-SLAM-ROS2/leo_common-ros2/install/leo_description/share/leo_description/local_setup.dsv
-- Installing: /home/pi/LeoRover-SLAM-ROS2/leo_common-ros2/install/leo_description/share/leo_description/package.dsv
-- Installing: /home/pi/LeoRover-SLAM-ROS2/leo_common-ros2/install/leo_description/share/ament_index/resource_index/packages/leo_description
-- Installing: /home/pi/LeoRover-SLAM-ROS2/leo_common-ros2/install/leo_description/share/leo_description/cmake/leo_descriptionConfig.cmake
-- Installing: /home/pi/LeoRover-SLAM-ROS2/leo_common-ros2/install/leo_description/share/leo_description/cmake/leo_descriptionConfig-version.cmake
-- Installing: /home/pi/LeoRover-SLAM-ROS2/leo_common-ros2/install/leo_description/share/leo_description/package.xml
