[2.625s] Invoking command in '/home/pi/LeoRover-SLAM-ROS2/leo_common-ros2/build/leo_description': CMAKE_PREFIX_PATH=${CMAKE_PREFIX_PATH}:/opt/ros/humble /usr/bin/cmake /home/pi/LeoRover-SLAM-ROS2/leo_common-ros2/src/leo_description -DCMAKE_INSTALL_PREFIX=/home/pi/LeoRover-SLAM-ROS2/leo_common-ros2/install/leo_description
[4.167s] -- The C compiler identification is GNU 11.4.0
[5.021s] -- The CXX compiler identification is GNU 11.4.0
[5.185s] -- Detecting C compiler ABI info
[6.406s] -- Detecting C compiler ABI info - done
[6.566s] -- Check for working C compiler: /usr/bin/cc - skipped
[6.572s] -- Detecting C compile features
[6.574s] -- Detecting C compile features - done
[6.603s] -- Detecting CXX compiler ABI info
[7.922s] -- Detecting CXX compiler ABI info - done
[8.131s] -- Check for working CXX compiler: /usr/bin/c++ - skipped
[8.132s] -- Detecting CXX compile features
[8.141s] -- Detecting CXX compile features - done
[8.260s] -- Found ament_cmake: 1.3.5 (/opt/ros/humble/share/ament_cmake/cmake)
[11.719s] -- Found Python3: /usr/bin/python3.10 (found version "3.10.12") found components: Interpreter 
[14.920s] -- Configuring done
[15.045s] -- Generating done
[15.068s] -- Build files have been written to: /home/pi/LeoRover-SLAM-ROS2/leo_common-ros2/build/leo_description
[15.114s] Invoked command in '/home/pi/LeoRover-SLAM-ROS2/leo_common-ros2/build/leo_description' returned '0': CMAKE_PREFIX_PATH=${CMAKE_PREFIX_PATH}:/opt/ros/humble /usr/bin/cmake /home/pi/LeoRover-SLAM-ROS2/leo_common-ros2/src/leo_description -DCMAKE_INSTALL_PREFIX=/home/pi/LeoRover-SLAM-ROS2/leo_common-ros2/install/leo_description
[15.165s] Invoking command in '/home/pi/LeoRover-SLAM-ROS2/leo_common-ros2/build/leo_description': CMAKE_PREFIX_PATH=${CMAKE_PREFIX_PATH}:/opt/ros/humble /usr/bin/cmake --build /home/pi/LeoRover-SLAM-ROS2/leo_common-ros2/build/leo_description -- -j4 -l4
[15.754s] Invoked command in '/home/pi/LeoRover-SLAM-ROS2/leo_common-ros2/build/leo_description' returned '0': CMAKE_PREFIX_PATH=${CMAKE_PREFIX_PATH}:/opt/ros/humble /usr/bin/cmake --build /home/pi/LeoRover-SLAM-ROS2/leo_common-ros2/build/leo_description -- -j4 -l4
[16.487s] Invoking command in '/home/pi/LeoRover-SLAM-ROS2/leo_common-ros2/build/leo_description': CMAKE_PREFIX_PATH=${CMAKE_PREFIX_PATH}:/opt/ros/humble /usr/bin/cmake --install /home/pi/LeoRover-SLAM-ROS2/leo_common-ros2/build/leo_description
[16.582s] -- Install configuration: ""
[16.584s] -- Installing: /home/pi/LeoRover-SLAM-ROS2/leo_common-ros2/install/leo_description/share/leo_description/config
[16.594s] -- Installing: /home/pi/LeoRover-SLAM-ROS2/leo_common-ros2/install/leo_description/share/leo_description/config/controllers.yaml
[16.602s] -- Installing: /home/pi/LeoRover-SLAM-ROS2/leo_common-ros2/install/leo_description/share/leo_description/launch
[16.609s] -- Installing: /home/pi/LeoRover-SLAM-ROS2/leo_common-ros2/install/leo_description/share/leo_description/launch/state_publisher.launch.xml
[16.611s] -- Installing: /home/pi/LeoRover-SLAM-ROS2/leo_common-ros2/install/leo_description/share/leo_description/models
[16.615s] -- Installing: /home/pi/LeoRover-SLAM-ROS2/leo_common-ros2/install/leo_description/share/leo_description/models/Chassis.dae
[17.080s] -- Installing: /home/pi/LeoRover-SLAM-ROS2/leo_common-ros2/install/leo_description/share/leo_description/models/WheelB.dae
[17.202s] -- Installing: /home/pi/LeoRover-SLAM-ROS2/leo_common-ros2/install/leo_description/share/leo_description/models/Rocker.dae
[17.337s] -- Installing: /home/pi/LeoRover-SLAM-ROS2/leo_common-ros2/install/leo_description/share/leo_description/models/Antenna.dae
[17.368s] -- Installing: /home/pi/LeoRover-SLAM-ROS2/leo_common-ros2/install/leo_description/share/leo_description/models/Wheel_outline.stl
[17.379s] -- Installing: /home/pi/LeoRover-SLAM-ROS2/leo_common-ros2/install/leo_description/share/leo_description/models/WheelA.dae
[17.495s] -- Installing: /home/pi/LeoRover-SLAM-ROS2/leo_common-ros2/install/leo_description/share/leo_description/models/Rocker_outline.stl
[17.506s] -- Installing: /home/pi/LeoRover-SLAM-ROS2/leo_common-ros2/install/leo_description/share/leo_description/models/Chassis_outline.stl
[17.507s] -- Installing: /home/pi/LeoRover-SLAM-ROS2/leo_common-ros2/install/leo_description/share/leo_description/urdf
[17.516s] -- Installing: /home/pi/LeoRover-SLAM-ROS2/leo_common-ros2/install/leo_description/share/leo_description/urdf/leo.urdf.xacro
[17.517s] -- Installing: /home/pi/LeoRover-SLAM-ROS2/leo_common-ros2/install/leo_description/share/leo_description/urdf/macros.xacro
[17.527s] -- Installing: /home/pi/LeoRover-SLAM-ROS2/leo_common-ros2/install/leo_description/share/leo_description/urdf/leo_sim.urdf.xacro
[17.543s] -- Installing: /home/pi/LeoRover-SLAM-ROS2/leo_common-ros2/install/leo_description/share/leo_description/environment/gz_sim_resource_path.dsv
[17.545s] -- Installing: /home/pi/LeoRover-SLAM-ROS2/leo_common-ros2/install/leo_description/share/ament_index/resource_index/package_run_dependencies/leo_description
[17.557s] -- Installing: /home/pi/LeoRover-SLAM-ROS2/leo_common-ros2/install/leo_description/share/ament_index/resource_index/parent_prefix_path/leo_description
[17.558s] -- Installing: /home/pi/LeoRover-SLAM-ROS2/leo_common-ros2/install/leo_description/share/leo_description/environment/ament_prefix_path.sh
[17.564s] -- Installing: /home/pi/LeoRover-SLAM-ROS2/leo_common-ros2/install/leo_description/share/leo_description/environment/ament_prefix_path.dsv
[17.565s] -- Installing: /home/pi/LeoRover-SLAM-ROS2/leo_common-ros2/install/leo_description/share/leo_description/environment/path.sh
[17.568s] -- Installing: /home/pi/LeoRover-SLAM-ROS2/leo_common-ros2/install/leo_description/share/leo_description/environment/path.dsv
[17.578s] -- Installing: /home/pi/LeoRover-SLAM-ROS2/leo_common-ros2/install/leo_description/share/leo_description/local_setup.bash
[17.578s] -- Installing: /home/pi/LeoRover-SLAM-ROS2/leo_common-ros2/install/leo_description/share/leo_description/local_setup.sh
[17.580s] -- Installing: /home/pi/LeoRover-SLAM-ROS2/leo_common-ros2/install/leo_description/share/leo_description/local_setup.zsh
[17.595s] -- Installing: /home/pi/LeoRover-SLAM-ROS2/leo_common-ros2/install/leo_description/share/leo_description/local_setup.dsv
[17.596s] -- Installing: /home/pi/LeoRover-SLAM-ROS2/leo_common-ros2/install/leo_description/share/leo_description/package.dsv
[17.597s] -- Installing: /home/pi/LeoRover-SLAM-ROS2/leo_common-ros2/install/leo_description/share/ament_index/resource_index/packages/leo_description
[17.597s] -- Installing: /home/pi/LeoRover-SLAM-ROS2/leo_common-ros2/install/leo_description/share/leo_description/cmake/leo_descriptionConfig.cmake
[17.598s] -- Installing: /home/pi/LeoRover-SLAM-ROS2/leo_common-ros2/install/leo_description/share/leo_description/cmake/leo_descriptionConfig-version.cmake
[17.614s] -- Installing: /home/pi/LeoRover-SLAM-ROS2/leo_common-ros2/install/leo_description/share/leo_description/package.xml
[18.702s] Invoked command in '/home/pi/LeoRover-SLAM-ROS2/leo_common-ros2/build/leo_description' returned '0': CMAKE_PREFIX_PATH=${CMAKE_PREFIX_PATH}:/opt/ros/humble /usr/bin/cmake --install /home/pi/LeoRover-SLAM-ROS2/leo_common-ros2/build/leo_description
