[6.849s] DEBUG:colcon:Command line arguments: ['/usr/bin/colcon', 'build', '--symlink-install']
[6.849s] DEBUG:colcon:Parsed command line arguments: Namespace(log_base=None, log_level=None, verb_name='build', build_base='build', install_base='install', merge_install=False, symlink_install=True, test_result_base=None, continue_on_error=False, executor='parallel', parallel_workers=4, event_handlers=None, ignore_user_meta=False, metas=['./colcon.meta'], base_paths=['.'], packages_ignore=None, packages_ignore_regex=None, paths=None, packages_up_to=None, packages_up_to_regex=None, packages_above=None, packages_above_and_dependencies=None, packages_above_depth=None, packages_select_by_dep=None, packages_skip_by_dep=None, packages_skip_up_to=None, packages_select_build_failed=False, packages_skip_build_finished=False, packages_select_test_failures=False, packages_skip_test_passed=False, packages_select=None, packages_skip=None, packages_select_regex=None, packages_skip_regex=None, packages_start=None, packages_end=None, cmake_args=None, cmake_target=None, cmake_target_skip_unavailable=False, cmake_clean_cache=False, cmake_clean_first=False, cmake_force_configure=False, ament_cmake_args=None, catkin_cmake_args=None, catkin_skip_building_tests=False, verb_parser=<colcon_defaults.argument_parser.defaults.DefaultArgumentsDecorator object at 0xffffb1d23730>, verb_extension=<colcon_core.verb.build.BuildVerb object at 0xffffb2821f30>, main=<bound method BuildVerb.main of <colcon_core.verb.build.BuildVerb object at 0xffffb2821f30>>)
[7.250s] Level 1:colcon.colcon_core.package_discovery:discover_packages(colcon_meta) check parameters
[7.251s] Level 1:colcon.colcon_core.package_discovery:discover_packages(recursive) check parameters
[7.251s] Level 1:colcon.colcon_core.package_discovery:discover_packages(ignore) check parameters
[7.252s] Level 1:colcon.colcon_core.package_discovery:discover_packages(path) check parameters
[7.252s] Level 1:colcon.colcon_core.package_discovery:discover_packages(colcon_meta) discover
[7.252s] Level 1:colcon.colcon_core.package_discovery:discover_packages(recursive) discover
[7.252s] INFO:colcon.colcon_core.package_discovery:Crawling recursively for packages in '/home/pi/LeoRover-SLAM-ROS2/aruco_ros'
[7.253s] Level 1:colcon.colcon_core.package_identification:_identify(.) by extensions ['ignore', 'ignore_ament_install']
[7.253s] Level 1:colcon.colcon_core.package_identification:_identify(.) by extension 'ignore'
[7.253s] Level 1:colcon.colcon_core.package_identification:_identify(.) by extension 'ignore_ament_install'
[7.254s] Level 1:colcon.colcon_core.package_identification:_identify(.) by extensions ['colcon_pkg']
[7.254s] Level 1:colcon.colcon_core.package_identification:_identify(.) by extension 'colcon_pkg'
[7.254s] Level 1:colcon.colcon_core.package_identification:_identify(.) by extensions ['colcon_meta']
[7.254s] Level 1:colcon.colcon_core.package_identification:_identify(.) by extension 'colcon_meta'
[7.254s] Level 1:colcon.colcon_core.package_identification:_identify(.) by extensions ['ros']
[7.255s] Level 1:colcon.colcon_core.package_identification:_identify(.) by extension 'ros'
[7.404s] Level 1:colcon.colcon_core.package_identification:_identify(.) by extensions ['cmake', 'python']
[7.405s] Level 1:colcon.colcon_core.package_identification:_identify(.) by extension 'cmake'
[7.406s] Level 1:colcon.colcon_core.package_identification:_identify(.) by extension 'python'
[7.407s] Level 1:colcon.colcon_core.package_identification:_identify(.) by extensions ['python_setup_py']
[7.408s] Level 1:colcon.colcon_core.package_identification:_identify(.) by extension 'python_setup_py'
[7.409s] Level 1:colcon.colcon_core.package_identification:_identify(aruco) by extensions ['ignore', 'ignore_ament_install']
[7.410s] Level 1:colcon.colcon_core.package_identification:_identify(aruco) by extension 'ignore'
[7.411s] Level 1:colcon.colcon_core.package_identification:_identify(aruco) by extension 'ignore_ament_install'
[7.411s] Level 1:colcon.colcon_core.package_identification:_identify(aruco) by extensions ['colcon_pkg']
[7.411s] Level 1:colcon.colcon_core.package_identification:_identify(aruco) by extension 'colcon_pkg'
[7.412s] Level 1:colcon.colcon_core.package_identification:_identify(aruco) by extensions ['colcon_meta']
[7.412s] Level 1:colcon.colcon_core.package_identification:_identify(aruco) by extension 'colcon_meta'
[7.412s] Level 1:colcon.colcon_core.package_identification:_identify(aruco) by extensions ['ros']
[7.412s] Level 1:colcon.colcon_core.package_identification:_identify(aruco) by extension 'ros'
[7.450s] DEBUG:colcon.colcon_core.package_identification:Package 'aruco' with type 'ros.ament_cmake' and name 'aruco'
[7.450s] Level 1:colcon.colcon_core.package_identification:_identify(aruco_msgs) by extensions ['ignore', 'ignore_ament_install']
[7.451s] Level 1:colcon.colcon_core.package_identification:_identify(aruco_msgs) by extension 'ignore'
[7.451s] Level 1:colcon.colcon_core.package_identification:_identify(aruco_msgs) by extension 'ignore_ament_install'
[7.451s] Level 1:colcon.colcon_core.package_identification:_identify(aruco_msgs) by extensions ['colcon_pkg']
[7.452s] Level 1:colcon.colcon_core.package_identification:_identify(aruco_msgs) by extension 'colcon_pkg'
[7.452s] Level 1:colcon.colcon_core.package_identification:_identify(aruco_msgs) by extensions ['colcon_meta']
[7.452s] Level 1:colcon.colcon_core.package_identification:_identify(aruco_msgs) by extension 'colcon_meta'
[7.452s] Level 1:colcon.colcon_core.package_identification:_identify(aruco_msgs) by extensions ['ros']
[7.453s] Level 1:colcon.colcon_core.package_identification:_identify(aruco_msgs) by extension 'ros'
[7.456s] DEBUG:colcon.colcon_core.package_identification:Package 'aruco_msgs' with type 'ros.ament_cmake' and name 'aruco_msgs'
[7.457s] Level 1:colcon.colcon_core.package_identification:_identify(aruco_ros) by extensions ['ignore', 'ignore_ament_install']
[7.457s] Level 1:colcon.colcon_core.package_identification:_identify(aruco_ros) by extension 'ignore'
[7.458s] Level 1:colcon.colcon_core.package_identification:_identify(aruco_ros) by extension 'ignore_ament_install'
[7.458s] Level 1:colcon.colcon_core.package_identification:_identify(aruco_ros) by extensions ['colcon_pkg']
[7.458s] Level 1:colcon.colcon_core.package_identification:_identify(aruco_ros) by extension 'colcon_pkg'
[7.458s] Level 1:colcon.colcon_core.package_identification:_identify(aruco_ros) by extensions ['colcon_meta']
[7.458s] Level 1:colcon.colcon_core.package_identification:_identify(aruco_ros) by extension 'colcon_meta'
[7.459s] Level 1:colcon.colcon_core.package_identification:_identify(aruco_ros) by extensions ['ros']
[7.459s] Level 1:colcon.colcon_core.package_identification:_identify(aruco_ros) by extension 'ros'
[7.465s] DEBUG:colcon.colcon_core.package_identification:Package 'aruco_ros' with type 'ros.ament_cmake' and name 'aruco_ros'
[7.466s] Level 1:colcon.colcon_core.package_identification:_identify(build) by extensions ['ignore', 'ignore_ament_install']
[7.467s] Level 1:colcon.colcon_core.package_identification:_identify(build) by extension 'ignore'
[7.467s] Level 1:colcon.colcon_core.package_identification:_identify(build) ignored
[7.467s] Level 1:colcon.colcon_core.package_identification:_identify(install) by extensions ['ignore', 'ignore_ament_install']
[7.468s] Level 1:colcon.colcon_core.package_identification:_identify(install) by extension 'ignore'
[7.468s] Level 1:colcon.colcon_core.package_identification:_identify(install) ignored
[7.469s] Level 1:colcon.colcon_core.package_identification:_identify(log) by extensions ['ignore', 'ignore_ament_install']
[7.469s] Level 1:colcon.colcon_core.package_identification:_identify(log) by extension 'ignore'
[7.469s] Level 1:colcon.colcon_core.package_identification:_identify(log) ignored
[7.469s] Level 1:colcon.colcon_core.package_discovery:discover_packages(recursive) using defaults
[7.470s] Level 1:colcon.colcon_core.package_discovery:discover_packages(ignore) discover
[7.470s] Level 1:colcon.colcon_core.package_discovery:discover_packages(ignore) using defaults
[7.470s] Level 1:colcon.colcon_core.package_discovery:discover_packages(path) discover
[7.470s] Level 1:colcon.colcon_core.package_discovery:discover_packages(path) using defaults
[8.122s] Level 5:colcon.colcon_core.verb:set package 'aruco' build argument 'cmake_args' from command line to 'None'
[8.123s] Level 5:colcon.colcon_core.verb:set package 'aruco' build argument 'cmake_target' from command line to 'None'
[8.123s] Level 5:colcon.colcon_core.verb:set package 'aruco' build argument 'cmake_target_skip_unavailable' from command line to 'False'
[8.123s] Level 5:colcon.colcon_core.verb:set package 'aruco' build argument 'cmake_clean_cache' from command line to 'False'
[8.123s] Level 5:colcon.colcon_core.verb:set package 'aruco' build argument 'cmake_clean_first' from command line to 'False'
[8.123s] Level 5:colcon.colcon_core.verb:set package 'aruco' build argument 'cmake_force_configure' from command line to 'False'
[8.124s] Level 5:colcon.colcon_core.verb:set package 'aruco' build argument 'ament_cmake_args' from command line to 'None'
[8.124s] Level 5:colcon.colcon_core.verb:set package 'aruco' build argument 'catkin_cmake_args' from command line to 'None'
[8.124s] Level 5:colcon.colcon_core.verb:set package 'aruco' build argument 'catkin_skip_building_tests' from command line to 'False'
[8.124s] DEBUG:colcon.colcon_core.verb:Building package 'aruco' with the following arguments: {'ament_cmake_args': None, 'build_base': '/home/pi/LeoRover-SLAM-ROS2/aruco_ros/build/aruco', 'catkin_cmake_args': None, 'catkin_skip_building_tests': False, 'cmake_args': None, 'cmake_clean_cache': False, 'cmake_clean_first': False, 'cmake_force_configure': False, 'cmake_target': None, 'cmake_target_skip_unavailable': False, 'install_base': '/home/pi/LeoRover-SLAM-ROS2/aruco_ros/install/aruco', 'merge_install': False, 'path': '/home/pi/LeoRover-SLAM-ROS2/aruco_ros/aruco', 'symlink_install': True, 'test_result_base': None}
[8.210s] Level 5:colcon.colcon_core.verb:set package 'aruco_msgs' build argument 'cmake_args' from command line to 'None'
[8.211s] Level 5:colcon.colcon_core.verb:set package 'aruco_msgs' build argument 'cmake_target' from command line to 'None'
[8.211s] Level 5:colcon.colcon_core.verb:set package 'aruco_msgs' build argument 'cmake_target_skip_unavailable' from command line to 'False'
[8.211s] Level 5:colcon.colcon_core.verb:set package 'aruco_msgs' build argument 'cmake_clean_cache' from command line to 'False'
[8.211s] Level 5:colcon.colcon_core.verb:set package 'aruco_msgs' build argument 'cmake_clean_first' from command line to 'False'
[8.211s] Level 5:colcon.colcon_core.verb:set package 'aruco_msgs' build argument 'cmake_force_configure' from command line to 'False'
[8.211s] Level 5:colcon.colcon_core.verb:set package 'aruco_msgs' build argument 'ament_cmake_args' from command line to 'None'
[8.211s] Level 5:colcon.colcon_core.verb:set package 'aruco_msgs' build argument 'catkin_cmake_args' from command line to 'None'
[8.212s] Level 5:colcon.colcon_core.verb:set package 'aruco_msgs' build argument 'catkin_skip_building_tests' from command line to 'False'
[8.212s] DEBUG:colcon.colcon_core.verb:Building package 'aruco_msgs' with the following arguments: {'ament_cmake_args': None, 'build_base': '/home/pi/LeoRover-SLAM-ROS2/aruco_ros/build/aruco_msgs', 'catkin_cmake_args': None, 'catkin_skip_building_tests': False, 'cmake_args': None, 'cmake_clean_cache': False, 'cmake_clean_first': False, 'cmake_force_configure': False, 'cmake_target': None, 'cmake_target_skip_unavailable': False, 'install_base': '/home/pi/LeoRover-SLAM-ROS2/aruco_ros/install/aruco_msgs', 'merge_install': False, 'path': '/home/pi/LeoRover-SLAM-ROS2/aruco_ros/aruco_msgs', 'symlink_install': True, 'test_result_base': None}
[8.299s] Level 5:colcon.colcon_core.verb:set package 'aruco_ros' build argument 'cmake_args' from command line to 'None'
[8.299s] Level 5:colcon.colcon_core.verb:set package 'aruco_ros' build argument 'cmake_target' from command line to 'None'
[8.299s] Level 5:colcon.colcon_core.verb:set package 'aruco_ros' build argument 'cmake_target_skip_unavailable' from command line to 'False'
[8.300s] Level 5:colcon.colcon_core.verb:set package 'aruco_ros' build argument 'cmake_clean_cache' from command line to 'False'
[8.300s] Level 5:colcon.colcon_core.verb:set package 'aruco_ros' build argument 'cmake_clean_first' from command line to 'False'
[8.300s] Level 5:colcon.colcon_core.verb:set package 'aruco_ros' build argument 'cmake_force_configure' from command line to 'False'
[8.300s] Level 5:colcon.colcon_core.verb:set package 'aruco_ros' build argument 'ament_cmake_args' from command line to 'None'
[8.300s] Level 5:colcon.colcon_core.verb:set package 'aruco_ros' build argument 'catkin_cmake_args' from command line to 'None'
[8.301s] Level 5:colcon.colcon_core.verb:set package 'aruco_ros' build argument 'catkin_skip_building_tests' from command line to 'False'
[8.301s] DEBUG:colcon.colcon_core.verb:Building package 'aruco_ros' with the following arguments: {'ament_cmake_args': None, 'build_base': '/home/pi/LeoRover-SLAM-ROS2/aruco_ros/build/aruco_ros', 'catkin_cmake_args': None, 'catkin_skip_building_tests': False, 'cmake_args': None, 'cmake_clean_cache': False, 'cmake_clean_first': False, 'cmake_force_configure': False, 'cmake_target': None, 'cmake_target_skip_unavailable': False, 'install_base': '/home/pi/LeoRover-SLAM-ROS2/aruco_ros/install/aruco_ros', 'merge_install': False, 'path': '/home/pi/LeoRover-SLAM-ROS2/aruco_ros/aruco_ros', 'symlink_install': True, 'test_result_base': None}
[8.388s] INFO:colcon.colcon_core.executor:Executing jobs using 'parallel' executor
[8.479s] DEBUG:colcon.colcon_parallel_executor.executor.parallel:run_until_complete
[8.481s] INFO:colcon.colcon_ros.task.ament_cmake.build:Building ROS package in '/home/pi/LeoRover-SLAM-ROS2/aruco_ros/aruco' with build type 'ament_cmake'
[8.481s] INFO:colcon.colcon_cmake.task.cmake.build:Building CMake package in '/home/pi/LeoRover-SLAM-ROS2/aruco_ros/aruco'
[8.594s] INFO:colcon.colcon_core.plugin_system:Skipping extension 'colcon_core.shell.bat': Not used on non-Windows systems
[8.595s] INFO:colcon.colcon_core.shell:Skip shell extension 'powershell' for command environment: Not usable outside of PowerShell
[8.595s] DEBUG:colcon.colcon_core.shell:Skip shell extension 'dsv' for command environment
[8.816s] INFO:colcon.colcon_ros.task.ament_cmake.build:Building ROS package in '/home/pi/LeoRover-SLAM-ROS2/aruco_ros/aruco_msgs' with build type 'ament_cmake'
[8.817s] INFO:colcon.colcon_cmake.task.cmake.build:Building CMake package in '/home/pi/LeoRover-SLAM-ROS2/aruco_ros/aruco_msgs'
[8.906s] INFO:colcon.colcon_core.shell:Skip shell extension 'powershell' for command environment: Not usable outside of PowerShell
[8.907s] DEBUG:colcon.colcon_core.shell:Skip shell extension 'dsv' for command environment
[9.115s] DEBUG:colcon.colcon_core.event_handler.log_command:Invoking command in '/home/pi/LeoRover-SLAM-ROS2/aruco_ros/build/aruco': CMAKE_PREFIX_PATH=/opt/ros/humble /usr/bin/cmake /home/pi/LeoRover-SLAM-ROS2/aruco_ros/aruco -DAMENT_CMAKE_SYMLINK_INSTALL=1 -DCMAKE_INSTALL_PREFIX=/home/pi/LeoRover-SLAM-ROS2/aruco_ros/install/aruco
[9.148s] DEBUG:colcon.colcon_core.event_handler.log_command:Invoking command in '/home/pi/LeoRover-SLAM-ROS2/aruco_ros/build/aruco_msgs': CMAKE_PREFIX_PATH=/opt/ros/humble /usr/bin/cmake /home/pi/LeoRover-SLAM-ROS2/aruco_ros/aruco_msgs -DAMENT_CMAKE_SYMLINK_INSTALL=1 -DCMAKE_INSTALL_PREFIX=/home/pi/LeoRover-SLAM-ROS2/aruco_ros/install/aruco_msgs
[15.481s] DEBUG:colcon.colcon_core.event_handler.log_command:Invoked command in '/home/pi/LeoRover-SLAM-ROS2/aruco_ros/build/aruco' returned '0': CMAKE_PREFIX_PATH=/opt/ros/humble /usr/bin/cmake /home/pi/LeoRover-SLAM-ROS2/aruco_ros/aruco -DAMENT_CMAKE_SYMLINK_INSTALL=1 -DCMAKE_INSTALL_PREFIX=/home/pi/LeoRover-SLAM-ROS2/aruco_ros/install/aruco
[15.482s] DEBUG:colcon.colcon_core.event_handler.log_command:Invoking command in '/home/pi/LeoRover-SLAM-ROS2/aruco_ros/build/aruco': CMAKE_PREFIX_PATH=/opt/ros/humble /usr/bin/cmake --build /home/pi/LeoRover-SLAM-ROS2/aruco_ros/build/aruco -- -j4 -l4
[36.713s] DEBUG:colcon.colcon_core.event_handler.log_command:Invoked command in '/home/pi/LeoRover-SLAM-ROS2/aruco_ros/build/aruco_msgs' returned '0': CMAKE_PREFIX_PATH=/opt/ros/humble /usr/bin/cmake /home/pi/LeoRover-SLAM-ROS2/aruco_ros/aruco_msgs -DAMENT_CMAKE_SYMLINK_INSTALL=1 -DCMAKE_INSTALL_PREFIX=/home/pi/LeoRover-SLAM-ROS2/aruco_ros/install/aruco_msgs
[36.753s] DEBUG:colcon.colcon_core.event_handler.log_command:Invoking command in '/home/pi/LeoRover-SLAM-ROS2/aruco_ros/build/aruco_msgs': CMAKE_PREFIX_PATH=/opt/ros/humble /usr/bin/cmake --build /home/pi/LeoRover-SLAM-ROS2/aruco_ros/build/aruco_msgs -- -j4 -l4
[95.646s] DEBUG:colcon.colcon_core.event_handler.log_command:Invoked command in '/home/pi/LeoRover-SLAM-ROS2/aruco_ros/build/aruco_msgs' returned '0': CMAKE_PREFIX_PATH=/opt/ros/humble /usr/bin/cmake --build /home/pi/LeoRover-SLAM-ROS2/aruco_ros/build/aruco_msgs -- -j4 -l4
[97.036s] DEBUG:colcon.colcon_core.event_handler.log_command:Invoking command in '/home/pi/LeoRover-SLAM-ROS2/aruco_ros/build/aruco_msgs': CMAKE_PREFIX_PATH=/opt/ros/humble /usr/bin/cmake --install /home/pi/LeoRover-SLAM-ROS2/aruco_ros/build/aruco_msgs
[106.635s] Level 1:colcon.colcon_core.environment:create_environment_scripts_only(aruco_msgs)
[106.646s] DEBUG:colcon.colcon_core.event_handler.log_command:Invoked command in '/home/pi/LeoRover-SLAM-ROS2/aruco_ros/build/aruco_msgs' returned '0': CMAKE_PREFIX_PATH=/opt/ros/humble /usr/bin/cmake --install /home/pi/LeoRover-SLAM-ROS2/aruco_ros/build/aruco_msgs
[106.972s] Level 1:colcon.colcon_core.environment:checking '/home/pi/LeoRover-SLAM-ROS2/aruco_ros/install/aruco_msgs' for CMake module files
[106.977s] Level 1:colcon.colcon_core.environment:checking '/home/pi/LeoRover-SLAM-ROS2/aruco_ros/install/aruco_msgs' for CMake config files
[106.981s] Level 1:colcon.colcon_core.shell:create_environment_hook('aruco_msgs', 'cmake_prefix_path')
[107.161s] INFO:colcon.colcon_core.shell:Creating environment hook '/home/pi/LeoRover-SLAM-ROS2/aruco_ros/install/aruco_msgs/share/aruco_msgs/hook/cmake_prefix_path.ps1'
[107.166s] INFO:colcon.colcon_core.shell:Creating environment descriptor '/home/pi/LeoRover-SLAM-ROS2/aruco_ros/install/aruco_msgs/share/aruco_msgs/hook/cmake_prefix_path.dsv'
[107.170s] INFO:colcon.colcon_core.shell:Creating environment hook '/home/pi/LeoRover-SLAM-ROS2/aruco_ros/install/aruco_msgs/share/aruco_msgs/hook/cmake_prefix_path.sh'
[107.176s] Level 1:colcon.colcon_core.environment:checking '/home/pi/LeoRover-SLAM-ROS2/aruco_ros/install/aruco_msgs/lib'
[107.177s] Level 1:colcon.colcon_core.shell:create_environment_hook('aruco_msgs', 'ld_library_path_lib')
[107.317s] INFO:colcon.colcon_core.shell:Creating environment hook '/home/pi/LeoRover-SLAM-ROS2/aruco_ros/install/aruco_msgs/share/aruco_msgs/hook/ld_library_path_lib.ps1'
[107.320s] INFO:colcon.colcon_core.shell:Creating environment descriptor '/home/pi/LeoRover-SLAM-ROS2/aruco_ros/install/aruco_msgs/share/aruco_msgs/hook/ld_library_path_lib.dsv'
[107.324s] INFO:colcon.colcon_core.shell:Creating environment hook '/home/pi/LeoRover-SLAM-ROS2/aruco_ros/install/aruco_msgs/share/aruco_msgs/hook/ld_library_path_lib.sh'
[107.327s] Level 1:colcon.colcon_core.environment:checking '/home/pi/LeoRover-SLAM-ROS2/aruco_ros/install/aruco_msgs/bin'
[107.328s] Level 1:colcon.colcon_core.environment:checking '/home/pi/LeoRover-SLAM-ROS2/aruco_ros/install/aruco_msgs/lib/pkgconfig/aruco_msgs.pc'
[107.337s] Level 1:colcon.colcon_core.environment:checking '/home/pi/LeoRover-SLAM-ROS2/aruco_ros/install/aruco_msgs/lib/python3.10/site-packages'
[107.339s] Level 1:colcon.colcon_core.environment:checking '/home/pi/LeoRover-SLAM-ROS2/aruco_ros/install/aruco_msgs/bin'
[107.471s] INFO:colcon.colcon_core.shell:Creating package script '/home/pi/LeoRover-SLAM-ROS2/aruco_ros/install/aruco_msgs/share/aruco_msgs/package.ps1'
[107.476s] INFO:colcon.colcon_core.shell:Creating package descriptor '/home/pi/LeoRover-SLAM-ROS2/aruco_ros/install/aruco_msgs/share/aruco_msgs/package.dsv'
[107.481s] INFO:colcon.colcon_core.shell:Creating package script '/home/pi/LeoRover-SLAM-ROS2/aruco_ros/install/aruco_msgs/share/aruco_msgs/package.sh'
[107.487s] INFO:colcon.colcon_core.shell:Creating package script '/home/pi/LeoRover-SLAM-ROS2/aruco_ros/install/aruco_msgs/share/aruco_msgs/package.bash'
[107.494s] INFO:colcon.colcon_core.shell:Creating package script '/home/pi/LeoRover-SLAM-ROS2/aruco_ros/install/aruco_msgs/share/aruco_msgs/package.zsh'
[107.500s] Level 1:colcon.colcon_core.environment:create_file_with_runtime_dependencies(/home/pi/LeoRover-SLAM-ROS2/aruco_ros/install/aruco_msgs/share/colcon-core/packages/aruco_msgs)
[108.209s] Level 1:colcon.colcon_core.environment:create_environment_scripts_only(aruco_msgs)
[108.345s] Level 1:colcon.colcon_core.environment:checking '/home/pi/LeoRover-SLAM-ROS2/aruco_ros/install/aruco_msgs' for CMake module files
[108.351s] Level 1:colcon.colcon_core.environment:checking '/home/pi/LeoRover-SLAM-ROS2/aruco_ros/install/aruco_msgs' for CMake config files
[108.354s] Level 1:colcon.colcon_core.shell:create_environment_hook('aruco_msgs', 'cmake_prefix_path')
[108.488s] INFO:colcon.colcon_core.shell:Creating environment hook '/home/pi/LeoRover-SLAM-ROS2/aruco_ros/install/aruco_msgs/share/aruco_msgs/hook/cmake_prefix_path.ps1'
[108.492s] INFO:colcon.colcon_core.shell:Creating environment descriptor '/home/pi/LeoRover-SLAM-ROS2/aruco_ros/install/aruco_msgs/share/aruco_msgs/hook/cmake_prefix_path.dsv'
[108.495s] INFO:colcon.colcon_core.shell:Creating environment hook '/home/pi/LeoRover-SLAM-ROS2/aruco_ros/install/aruco_msgs/share/aruco_msgs/hook/cmake_prefix_path.sh'
[108.498s] Level 1:colcon.colcon_core.environment:checking '/home/pi/LeoRover-SLAM-ROS2/aruco_ros/install/aruco_msgs/lib'
[108.499s] Level 1:colcon.colcon_core.shell:create_environment_hook('aruco_msgs', 'ld_library_path_lib')
[108.634s] INFO:colcon.colcon_core.shell:Creating environment hook '/home/pi/LeoRover-SLAM-ROS2/aruco_ros/install/aruco_msgs/share/aruco_msgs/hook/ld_library_path_lib.ps1'
[108.637s] INFO:colcon.colcon_core.shell:Creating environment descriptor '/home/pi/LeoRover-SLAM-ROS2/aruco_ros/install/aruco_msgs/share/aruco_msgs/hook/ld_library_path_lib.dsv'
[108.639s] INFO:colcon.colcon_core.shell:Creating environment hook '/home/pi/LeoRover-SLAM-ROS2/aruco_ros/install/aruco_msgs/share/aruco_msgs/hook/ld_library_path_lib.sh'
[108.642s] Level 1:colcon.colcon_core.environment:checking '/home/pi/LeoRover-SLAM-ROS2/aruco_ros/install/aruco_msgs/bin'
[108.643s] Level 1:colcon.colcon_core.environment:checking '/home/pi/LeoRover-SLAM-ROS2/aruco_ros/install/aruco_msgs/lib/pkgconfig/aruco_msgs.pc'
[108.644s] Level 1:colcon.colcon_core.environment:checking '/home/pi/LeoRover-SLAM-ROS2/aruco_ros/install/aruco_msgs/lib/python3.10/site-packages'
[108.646s] Level 1:colcon.colcon_core.environment:checking '/home/pi/LeoRover-SLAM-ROS2/aruco_ros/install/aruco_msgs/bin'
[108.781s] INFO:colcon.colcon_core.shell:Creating package script '/home/pi/LeoRover-SLAM-ROS2/aruco_ros/install/aruco_msgs/share/aruco_msgs/package.ps1'
[108.785s] INFO:colcon.colcon_core.shell:Creating package descriptor '/home/pi/LeoRover-SLAM-ROS2/aruco_ros/install/aruco_msgs/share/aruco_msgs/package.dsv'
[108.791s] INFO:colcon.colcon_core.shell:Creating package script '/home/pi/LeoRover-SLAM-ROS2/aruco_ros/install/aruco_msgs/share/aruco_msgs/package.sh'
[108.795s] INFO:colcon.colcon_core.shell:Creating package script '/home/pi/LeoRover-SLAM-ROS2/aruco_ros/install/aruco_msgs/share/aruco_msgs/package.bash'
[108.797s] INFO:colcon.colcon_core.shell:Creating package script '/home/pi/LeoRover-SLAM-ROS2/aruco_ros/install/aruco_msgs/share/aruco_msgs/package.zsh'
[108.800s] Level 1:colcon.colcon_core.environment:create_file_with_runtime_dependencies(/home/pi/LeoRover-SLAM-ROS2/aruco_ros/install/aruco_msgs/share/colcon-core/packages/aruco_msgs)
[147.045s] DEBUG:colcon.colcon_core.event_handler.log_command:Invoked command in '/home/pi/LeoRover-SLAM-ROS2/aruco_ros/build/aruco' returned '0': CMAKE_PREFIX_PATH=/opt/ros/humble /usr/bin/cmake --build /home/pi/LeoRover-SLAM-ROS2/aruco_ros/build/aruco -- -j4 -l4
[147.446s] DEBUG:colcon.colcon_core.event_handler.log_command:Invoking command in '/home/pi/LeoRover-SLAM-ROS2/aruco_ros/build/aruco': CMAKE_PREFIX_PATH=/opt/ros/humble /usr/bin/cmake --install /home/pi/LeoRover-SLAM-ROS2/aruco_ros/build/aruco
[149.200s] Level 1:colcon.colcon_core.environment:create_environment_scripts_only(aruco)
[149.207s] DEBUG:colcon.colcon_core.event_handler.log_command:Invoked command in '/home/pi/LeoRover-SLAM-ROS2/aruco_ros/build/aruco' returned '0': CMAKE_PREFIX_PATH=/opt/ros/humble /usr/bin/cmake --install /home/pi/LeoRover-SLAM-ROS2/aruco_ros/build/aruco
[149.297s] Level 1:colcon.colcon_core.environment:checking '/home/pi/LeoRover-SLAM-ROS2/aruco_ros/install/aruco' for CMake module files
[149.302s] Level 1:colcon.colcon_core.environment:checking '/home/pi/LeoRover-SLAM-ROS2/aruco_ros/install/aruco' for CMake config files
[149.305s] Level 1:colcon.colcon_core.shell:create_environment_hook('aruco', 'cmake_prefix_path')
[149.392s] INFO:colcon.colcon_core.shell:Creating environment hook '/home/pi/LeoRover-SLAM-ROS2/aruco_ros/install/aruco/share/aruco/hook/cmake_prefix_path.ps1'
[149.395s] INFO:colcon.colcon_core.shell:Creating environment descriptor '/home/pi/LeoRover-SLAM-ROS2/aruco_ros/install/aruco/share/aruco/hook/cmake_prefix_path.dsv'
[149.398s] INFO:colcon.colcon_core.shell:Creating environment hook '/home/pi/LeoRover-SLAM-ROS2/aruco_ros/install/aruco/share/aruco/hook/cmake_prefix_path.sh'
[149.403s] Level 1:colcon.colcon_core.environment:checking '/home/pi/LeoRover-SLAM-ROS2/aruco_ros/install/aruco/lib'
[149.404s] Level 1:colcon.colcon_core.shell:create_environment_hook('aruco', 'ld_library_path_lib')
[149.498s] INFO:colcon.colcon_core.shell:Creating environment hook '/home/pi/LeoRover-SLAM-ROS2/aruco_ros/install/aruco/share/aruco/hook/ld_library_path_lib.ps1'
[149.502s] INFO:colcon.colcon_core.shell:Creating environment descriptor '/home/pi/LeoRover-SLAM-ROS2/aruco_ros/install/aruco/share/aruco/hook/ld_library_path_lib.dsv'
[149.504s] INFO:colcon.colcon_core.shell:Creating environment hook '/home/pi/LeoRover-SLAM-ROS2/aruco_ros/install/aruco/share/aruco/hook/ld_library_path_lib.sh'
[149.506s] Level 1:colcon.colcon_core.environment:checking '/home/pi/LeoRover-SLAM-ROS2/aruco_ros/install/aruco/bin'
[149.506s] Level 1:colcon.colcon_core.environment:checking '/home/pi/LeoRover-SLAM-ROS2/aruco_ros/install/aruco/lib/pkgconfig/aruco.pc'
[149.507s] Level 1:colcon.colcon_core.environment:checking '/home/pi/LeoRover-SLAM-ROS2/aruco_ros/install/aruco/lib/python3.10/site-packages'
[149.508s] Level 1:colcon.colcon_core.environment:checking '/home/pi/LeoRover-SLAM-ROS2/aruco_ros/install/aruco/bin'
[149.597s] INFO:colcon.colcon_core.shell:Creating package script '/home/pi/LeoRover-SLAM-ROS2/aruco_ros/install/aruco/share/aruco/package.ps1'
[149.602s] INFO:colcon.colcon_core.shell:Creating package descriptor '/home/pi/LeoRover-SLAM-ROS2/aruco_ros/install/aruco/share/aruco/package.dsv'
[149.605s] INFO:colcon.colcon_core.shell:Creating package script '/home/pi/LeoRover-SLAM-ROS2/aruco_ros/install/aruco/share/aruco/package.sh'
[149.607s] INFO:colcon.colcon_core.shell:Creating package script '/home/pi/LeoRover-SLAM-ROS2/aruco_ros/install/aruco/share/aruco/package.bash'
[149.608s] INFO:colcon.colcon_core.shell:Creating package script '/home/pi/LeoRover-SLAM-ROS2/aruco_ros/install/aruco/share/aruco/package.zsh'
[149.610s] Level 1:colcon.colcon_core.environment:create_file_with_runtime_dependencies(/home/pi/LeoRover-SLAM-ROS2/aruco_ros/install/aruco/share/colcon-core/packages/aruco)
[150.109s] Level 1:colcon.colcon_core.environment:create_environment_scripts_only(aruco)
[150.194s] Level 1:colcon.colcon_core.environment:checking '/home/pi/LeoRover-SLAM-ROS2/aruco_ros/install/aruco' for CMake module files
[150.198s] Level 1:colcon.colcon_core.environment:checking '/home/pi/LeoRover-SLAM-ROS2/aruco_ros/install/aruco' for CMake config files
[150.203s] Level 1:colcon.colcon_core.shell:create_environment_hook('aruco', 'cmake_prefix_path')
[150.288s] INFO:colcon.colcon_core.shell:Creating environment hook '/home/pi/LeoRover-SLAM-ROS2/aruco_ros/install/aruco/share/aruco/hook/cmake_prefix_path.ps1'
[150.290s] INFO:colcon.colcon_core.shell:Creating environment descriptor '/home/pi/LeoRover-SLAM-ROS2/aruco_ros/install/aruco/share/aruco/hook/cmake_prefix_path.dsv'
[150.293s] INFO:colcon.colcon_core.shell:Creating environment hook '/home/pi/LeoRover-SLAM-ROS2/aruco_ros/install/aruco/share/aruco/hook/cmake_prefix_path.sh'
[150.298s] Level 1:colcon.colcon_core.environment:checking '/home/pi/LeoRover-SLAM-ROS2/aruco_ros/install/aruco/lib'
[150.299s] Level 1:colcon.colcon_core.shell:create_environment_hook('aruco', 'ld_library_path_lib')
[150.390s] INFO:colcon.colcon_core.shell:Creating environment hook '/home/pi/LeoRover-SLAM-ROS2/aruco_ros/install/aruco/share/aruco/hook/ld_library_path_lib.ps1'
[150.392s] INFO:colcon.colcon_core.shell:Creating environment descriptor '/home/pi/LeoRover-SLAM-ROS2/aruco_ros/install/aruco/share/aruco/hook/ld_library_path_lib.dsv'
[150.394s] INFO:colcon.colcon_core.shell:Creating environment hook '/home/pi/LeoRover-SLAM-ROS2/aruco_ros/install/aruco/share/aruco/hook/ld_library_path_lib.sh'
[150.398s] Level 1:colcon.colcon_core.environment:checking '/home/pi/LeoRover-SLAM-ROS2/aruco_ros/install/aruco/bin'
[150.399s] Level 1:colcon.colcon_core.environment:checking '/home/pi/LeoRover-SLAM-ROS2/aruco_ros/install/aruco/lib/pkgconfig/aruco.pc'
[150.401s] Level 1:colcon.colcon_core.environment:checking '/home/pi/LeoRover-SLAM-ROS2/aruco_ros/install/aruco/lib/python3.10/site-packages'
[150.403s] Level 1:colcon.colcon_core.environment:checking '/home/pi/LeoRover-SLAM-ROS2/aruco_ros/install/aruco/bin'
[150.489s] INFO:colcon.colcon_core.shell:Creating package script '/home/pi/LeoRover-SLAM-ROS2/aruco_ros/install/aruco/share/aruco/package.ps1'
[150.493s] INFO:colcon.colcon_core.shell:Creating package descriptor '/home/pi/LeoRover-SLAM-ROS2/aruco_ros/install/aruco/share/aruco/package.dsv'
[150.497s] INFO:colcon.colcon_core.shell:Creating package script '/home/pi/LeoRover-SLAM-ROS2/aruco_ros/install/aruco/share/aruco/package.sh'
[150.501s] INFO:colcon.colcon_core.shell:Creating package script '/home/pi/LeoRover-SLAM-ROS2/aruco_ros/install/aruco/share/aruco/package.bash'
[150.504s] INFO:colcon.colcon_core.shell:Creating package script '/home/pi/LeoRover-SLAM-ROS2/aruco_ros/install/aruco/share/aruco/package.zsh'
[150.506s] Level 1:colcon.colcon_core.environment:create_file_with_runtime_dependencies(/home/pi/LeoRover-SLAM-ROS2/aruco_ros/install/aruco/share/colcon-core/packages/aruco)
[150.508s] INFO:colcon.colcon_ros.task.ament_cmake.build:Building ROS package in '/home/pi/LeoRover-SLAM-ROS2/aruco_ros/aruco_ros' with build type 'ament_cmake'
[150.509s] INFO:colcon.colcon_cmake.task.cmake.build:Building CMake package in '/home/pi/LeoRover-SLAM-ROS2/aruco_ros/aruco_ros'
[150.602s] INFO:colcon.colcon_core.shell:Skip shell extension 'powershell' for command environment: Not usable outside of PowerShell
[150.602s] DEBUG:colcon.colcon_core.shell:Skip shell extension 'dsv' for command environment
[150.853s] DEBUG:colcon.colcon_core.event_handler.log_command:Invoking command in '/home/pi/LeoRover-SLAM-ROS2/aruco_ros/build/aruco_ros': AMENT_PREFIX_PATH=/home/pi/LeoRover-SLAM-ROS2/aruco_ros/install/aruco_msgs:/home/pi/LeoRover-SLAM-ROS2/aruco_ros/install/aruco:${AMENT_PREFIX_PATH} CMAKE_PREFIX_PATH=/home/pi/LeoRover-SLAM-ROS2/aruco_ros/install/aruco_msgs:/home/pi/LeoRover-SLAM-ROS2/aruco_ros/install/aruco:/opt/ros/humble LD_LIBRARY_PATH=/home/pi/LeoRover-SLAM-ROS2/aruco_ros/install/aruco_msgs/lib:/home/pi/LeoRover-SLAM-ROS2/aruco_ros/install/aruco/lib:${LD_LIBRARY_PATH} PYTHONPATH=/home/pi/LeoRover-SLAM-ROS2/aruco_ros/install/aruco_msgs/local/lib/python3.10/dist-packages:${PYTHONPATH} /usr/bin/cmake /home/pi/LeoRover-SLAM-ROS2/aruco_ros/aruco_ros -DAMENT_CMAKE_SYMLINK_INSTALL=1 -DCMAKE_INSTALL_PREFIX=/home/pi/LeoRover-SLAM-ROS2/aruco_ros/install/aruco_ros
[168.552s] DEBUG:colcon.colcon_core.event_handler.log_command:Invoked command in '/home/pi/LeoRover-SLAM-ROS2/aruco_ros/build/aruco_ros' returned '0': AMENT_PREFIX_PATH=/home/pi/LeoRover-SLAM-ROS2/aruco_ros/install/aruco_msgs:/home/pi/LeoRover-SLAM-ROS2/aruco_ros/install/aruco:${AMENT_PREFIX_PATH} CMAKE_PREFIX_PATH=/home/pi/LeoRover-SLAM-ROS2/aruco_ros/install/aruco_msgs:/home/pi/LeoRover-SLAM-ROS2/aruco_ros/install/aruco:/opt/ros/humble LD_LIBRARY_PATH=/home/pi/LeoRover-SLAM-ROS2/aruco_ros/install/aruco_msgs/lib:/home/pi/LeoRover-SLAM-ROS2/aruco_ros/install/aruco/lib:${LD_LIBRARY_PATH} PYTHONPATH=/home/pi/LeoRover-SLAM-ROS2/aruco_ros/install/aruco_msgs/local/lib/python3.10/dist-packages:${PYTHONPATH} /usr/bin/cmake /home/pi/LeoRover-SLAM-ROS2/aruco_ros/aruco_ros -DAMENT_CMAKE_SYMLINK_INSTALL=1 -DCMAKE_INSTALL_PREFIX=/home/pi/LeoRover-SLAM-ROS2/aruco_ros/install/aruco_ros
[168.564s] DEBUG:colcon.colcon_core.event_handler.log_command:Invoking command in '/home/pi/LeoRover-SLAM-ROS2/aruco_ros/build/aruco_ros': AMENT_PREFIX_PATH=/home/pi/LeoRover-SLAM-ROS2/aruco_ros/install/aruco_msgs:/home/pi/LeoRover-SLAM-ROS2/aruco_ros/install/aruco:${AMENT_PREFIX_PATH} CMAKE_PREFIX_PATH=/home/pi/LeoRover-SLAM-ROS2/aruco_ros/install/aruco_msgs:/home/pi/LeoRover-SLAM-ROS2/aruco_ros/install/aruco:/opt/ros/humble LD_LIBRARY_PATH=/home/pi/LeoRover-SLAM-ROS2/aruco_ros/install/aruco_msgs/lib:/home/pi/LeoRover-SLAM-ROS2/aruco_ros/install/aruco/lib:${LD_LIBRARY_PATH} PYTHONPATH=/home/pi/LeoRover-SLAM-ROS2/aruco_ros/install/aruco_msgs/local/lib/python3.10/dist-packages:${PYTHONPATH} /usr/bin/cmake --build /home/pi/LeoRover-SLAM-ROS2/aruco_ros/build/aruco_ros -- -j4 -l4
