[0.161s] Invoking command in '/home/situjet/Desktop/leo_common-ros2/build/leo_teleop_holonomic': CMAKE_PREFIX_PATH=${CMAKE_PREFIX_PATH}:/opt/ros/humble /home/situjet/.local/bin/cmake /home/situjet/Desktop/leo_common-ros2/src/leo_teleop_holonomic -DAMENT_CMAKE_SYMLINK_INSTALL=1 -DCMAKE_INSTALL_PREFIX=/home/situjet/Desktop/leo_common-ros2/install/leo_teleop_holonomic
[0.184s] -- Found ament_cmake: 1.3.5 (/opt/ros/humble/share/ament_cmake/cmake)
[0.344s] -- Override CMake install command with custom implementation using symlinks instead of copying resources
[0.409s] -- Configuring done (0.2s)
[0.411s] -- Generating done (0.0s)
[0.412s] -- Build files have been written to: /home/situjet/Desktop/leo_common-ros2/build/leo_teleop_holonomic
[0.454s] Invoked command in '/home/situjet/Desktop/leo_common-ros2/build/leo_teleop_holonomic' returned '0': CMAKE_PREFIX_PATH=${CMAKE_PREFIX_PATH}:/opt/ros/humble /home/situjet/.local/bin/cmake /home/situjet/Desktop/leo_common-ros2/src/leo_teleop_holonomic -DAMENT_CMAKE_SYMLINK_INSTALL=1 -DCMAKE_INSTALL_PREFIX=/home/situjet/Desktop/leo_common-ros2/install/leo_teleop_holonomic
[0.455s] Invoking command in '/home/situjet/Desktop/leo_common-ros2/build/leo_teleop_holonomic': CMAKE_PREFIX_PATH=${CMAKE_PREFIX_PATH}:/opt/ros/humble /home/situjet/.local/bin/cmake --build /home/situjet/Desktop/leo_common-ros2/build/leo_teleop_holonomic -- -j12 -l12
[0.509s] Invoked command in '/home/situjet/Desktop/leo_common-ros2/build/leo_teleop_holonomic' returned '0': CMAKE_PREFIX_PATH=${CMAKE_PREFIX_PATH}:/opt/ros/humble /home/situjet/.local/bin/cmake --build /home/situjet/Desktop/leo_common-ros2/build/leo_teleop_holonomic -- -j12 -l12
[0.656s] Invoking command in '/home/situjet/Desktop/leo_common-ros2/build/leo_teleop_holonomic': CMAKE_PREFIX_PATH=${CMAKE_PREFIX_PATH}:/opt/ros/humble /home/situjet/.local/bin/cmake --install /home/situjet/Desktop/leo_common-ros2/build/leo_teleop_holonomic
[0.675s] -- Install configuration: ""
[0.676s] -- Execute custom install script
[0.676s] -- Up-to-date symlink: /home/situjet/Desktop/leo_common-ros2/install/leo_teleop_holonomic/share/leo_teleop_holonomic/launch/key_teleop.launch.xml
[0.676s] -- Up-to-date symlink: /home/situjet/Desktop/leo_common-ros2/install/leo_teleop_holonomic/share/leo_teleop_holonomic/src/commands.txt
[0.676s] -- Up-to-date symlink: /home/situjet/Desktop/leo_common-ros2/install/leo_teleop_holonomic/share/leo_teleop_holonomic/src/programmedDrive.py
[0.676s] -- Up-to-date symlink: /home/situjet/Desktop/leo_common-ros2/install/leo_teleop_holonomic/share/ament_index/resource_index/package_run_dependencies/leo_teleop_holonomic
[0.676s] -- Up-to-date symlink: /home/situjet/Desktop/leo_common-ros2/install/leo_teleop_holonomic/share/ament_index/resource_index/parent_prefix_path/leo_teleop_holonomic
[0.676s] -- Up-to-date symlink: /home/situjet/Desktop/leo_common-ros2/install/leo_teleop_holonomic/share/leo_teleop_holonomic/environment/ament_prefix_path.sh
[0.676s] -- Up-to-date symlink: /home/situjet/Desktop/leo_common-ros2/install/leo_teleop_holonomic/share/leo_teleop_holonomic/environment/ament_prefix_path.dsv
[0.677s] -- Up-to-date symlink: /home/situjet/Desktop/leo_common-ros2/install/leo_teleop_holonomic/share/leo_teleop_holonomic/environment/path.sh
[0.677s] -- Up-to-date symlink: /home/situjet/Desktop/leo_common-ros2/install/leo_teleop_holonomic/share/leo_teleop_holonomic/environment/path.dsv
[0.677s] -- Up-to-date symlink: /home/situjet/Desktop/leo_common-ros2/install/leo_teleop_holonomic/share/leo_teleop_holonomic/local_setup.bash
[0.677s] -- Up-to-date symlink: /home/situjet/Desktop/leo_common-ros2/install/leo_teleop_holonomic/share/leo_teleop_holonomic/local_setup.sh
[0.677s] -- Up-to-date symlink: /home/situjet/Desktop/leo_common-ros2/install/leo_teleop_holonomic/share/leo_teleop_holonomic/local_setup.zsh
[0.677s] -- Up-to-date symlink: /home/situjet/Desktop/leo_common-ros2/install/leo_teleop_holonomic/share/leo_teleop_holonomic/local_setup.dsv
[0.677s] -- Symlinking: /home/situjet/Desktop/leo_common-ros2/install/leo_teleop_holonomic/share/leo_teleop_holonomic/package.dsv
[0.679s] -- Up-to-date symlink: /home/situjet/Desktop/leo_common-ros2/install/leo_teleop_holonomic/share/ament_index/resource_index/packages/leo_teleop_holonomic
[0.680s] -- Up-to-date symlink: /home/situjet/Desktop/leo_common-ros2/install/leo_teleop_holonomic/share/leo_teleop_holonomic/cmake/leo_teleop_holonomicConfig.cmake
[0.680s] -- Up-to-date symlink: /home/situjet/Desktop/leo_common-ros2/install/leo_teleop_holonomic/share/leo_teleop_holonomic/cmake/leo_teleop_holonomicConfig-version.cmake
[0.680s] -- Up-to-date symlink: /home/situjet/Desktop/leo_common-ros2/install/leo_teleop_holonomic/share/leo_teleop_holonomic/package.xml
[0.877s] Invoked command in '/home/situjet/Desktop/leo_common-ros2/build/leo_teleop_holonomic' returned '0': CMAKE_PREFIX_PATH=${CMAKE_PREFIX_PATH}:/opt/ros/humble /home/situjet/.local/bin/cmake --install /home/situjet/Desktop/leo_common-ros2/build/leo_teleop_holonomic
