[1.041s] DEBUG:colcon:Command line arguments: ['/usr/bin/colcon', 'build', '--symlink-install']
[1.041s] DEBUG:colcon:Parsed command line arguments: Namespace(log_base=None, log_level=None, verb_name='build', build_base='build', install_base='install', merge_install=False, symlink_install=True, test_result_base=None, continue_on_error=False, executor='parallel', parallel_workers=12, event_handlers=None, ignore_user_meta=False, metas=['./colcon.meta'], base_paths=['.'], packages_ignore=None, packages_ignore_regex=None, paths=None, packages_up_to=None, packages_up_to_regex=None, packages_above=None, packages_above_and_dependencies=None, packages_above_depth=None, packages_select_by_dep=None, packages_skip_by_dep=None, packages_skip_up_to=None, packages_select_build_failed=False, packages_skip_build_finished=False, packages_select_test_failures=False, packages_skip_test_passed=False, packages_select=None, packages_skip=None, packages_select_regex=None, packages_skip_regex=None, packages_start=None, packages_end=None, allow_overriding=[], cmake_args=None, cmake_target=None, cmake_target_skip_unavailable=False, cmake_clean_cache=False, cmake_clean_first=False, cmake_force_configure=False, ament_cmake_args=None, catkin_cmake_args=None, catkin_skip_building_tests=False, verb_parser=<colcon_defaults.argument_parser.defaults.DefaultArgumentsDecorator object at 0x7f70561fe3b0>, verb_extension=<colcon_core.verb.build.BuildVerb object at 0x7f70561ffe80>, main=<bound method BuildVerb.main of <colcon_core.verb.build.BuildVerb object at 0x7f70561ffe80>>)
[1.088s] Level 1:colcon.colcon_core.package_discovery:discover_packages(colcon_meta) check parameters
[1.088s] Level 1:colcon.colcon_core.package_discovery:discover_packages(recursive) check parameters
[1.088s] Level 1:colcon.colcon_core.package_discovery:discover_packages(ignore) check parameters
[1.088s] Level 1:colcon.colcon_core.package_discovery:discover_packages(path) check parameters
[1.088s] Level 1:colcon.colcon_core.package_discovery:discover_packages(colcon_meta) discover
[1.088s] Level 1:colcon.colcon_core.package_discovery:discover_packages(recursive) discover
[1.088s] INFO:colcon.colcon_core.package_discovery:Crawling recursively for packages in '/home/situjet/Desktop/aruco_ros/aruco_ros'
[1.088s] Level 1:colcon.colcon_core.package_identification:_identify(.) by extensions ['ignore', 'ignore_ament_install']
[1.089s] Level 1:colcon.colcon_core.package_identification:_identify(.) by extension 'ignore'
[1.089s] Level 1:colcon.colcon_core.package_identification:_identify(.) by extension 'ignore_ament_install'
[1.089s] Level 1:colcon.colcon_core.package_identification:_identify(.) by extensions ['colcon_pkg']
[1.089s] Level 1:colcon.colcon_core.package_identification:_identify(.) by extension 'colcon_pkg'
[1.089s] Level 1:colcon.colcon_core.package_identification:_identify(.) by extensions ['colcon_meta']
[1.089s] Level 1:colcon.colcon_core.package_identification:_identify(.) by extension 'colcon_meta'
[1.089s] Level 1:colcon.colcon_core.package_identification:_identify(.) by extensions ['ros']
[1.089s] Level 1:colcon.colcon_core.package_identification:_identify(.) by extension 'ros'
[1.103s] Level 1:colcon.colcon_core.package_identification:_identify(.) by extensions ['cmake', 'python']
[1.103s] Level 1:colcon.colcon_core.package_identification:_identify(.) by extension 'cmake'
[1.103s] Level 1:colcon.colcon_core.package_identification:_identify(.) by extension 'python'
[1.103s] Level 1:colcon.colcon_core.package_identification:_identify(.) by extensions ['python_setup_py']
[1.103s] Level 1:colcon.colcon_core.package_identification:_identify(.) by extension 'python_setup_py'
[1.103s] Level 1:colcon.colcon_core.package_identification:_identify(aruco) by extensions ['ignore', 'ignore_ament_install']
[1.103s] Level 1:colcon.colcon_core.package_identification:_identify(aruco) by extension 'ignore'
[1.103s] Level 1:colcon.colcon_core.package_identification:_identify(aruco) by extension 'ignore_ament_install'
[1.103s] Level 1:colcon.colcon_core.package_identification:_identify(aruco) by extensions ['colcon_pkg']
[1.103s] Level 1:colcon.colcon_core.package_identification:_identify(aruco) by extension 'colcon_pkg'
[1.103s] Level 1:colcon.colcon_core.package_identification:_identify(aruco) by extensions ['colcon_meta']
[1.103s] Level 1:colcon.colcon_core.package_identification:_identify(aruco) by extension 'colcon_meta'
[1.103s] Level 1:colcon.colcon_core.package_identification:_identify(aruco) by extensions ['ros']
[1.103s] Level 1:colcon.colcon_core.package_identification:_identify(aruco) by extension 'ros'
[1.106s] DEBUG:colcon.colcon_core.package_identification:Package 'aruco' with type 'ros.ament_cmake' and name 'aruco'
[1.106s] Level 1:colcon.colcon_core.package_identification:_identify(aruco_msgs) by extensions ['ignore', 'ignore_ament_install']
[1.106s] Level 1:colcon.colcon_core.package_identification:_identify(aruco_msgs) by extension 'ignore'
[1.106s] Level 1:colcon.colcon_core.package_identification:_identify(aruco_msgs) by extension 'ignore_ament_install'
[1.106s] Level 1:colcon.colcon_core.package_identification:_identify(aruco_msgs) by extensions ['colcon_pkg']
[1.106s] Level 1:colcon.colcon_core.package_identification:_identify(aruco_msgs) by extension 'colcon_pkg'
[1.106s] Level 1:colcon.colcon_core.package_identification:_identify(aruco_msgs) by extensions ['colcon_meta']
[1.106s] Level 1:colcon.colcon_core.package_identification:_identify(aruco_msgs) by extension 'colcon_meta'
[1.106s] Level 1:colcon.colcon_core.package_identification:_identify(aruco_msgs) by extensions ['ros']
[1.106s] Level 1:colcon.colcon_core.package_identification:_identify(aruco_msgs) by extension 'ros'
[1.107s] DEBUG:colcon.colcon_core.package_identification:Package 'aruco_msgs' with type 'ros.ament_cmake' and name 'aruco_msgs'
[1.107s] Level 1:colcon.colcon_core.package_identification:_identify(aruco_ros) by extensions ['ignore', 'ignore_ament_install']
[1.107s] Level 1:colcon.colcon_core.package_identification:_identify(aruco_ros) by extension 'ignore'
[1.107s] Level 1:colcon.colcon_core.package_identification:_identify(aruco_ros) by extension 'ignore_ament_install'
[1.107s] Level 1:colcon.colcon_core.package_identification:_identify(aruco_ros) by extensions ['colcon_pkg']
[1.107s] Level 1:colcon.colcon_core.package_identification:_identify(aruco_ros) by extension 'colcon_pkg'
[1.107s] Level 1:colcon.colcon_core.package_identification:_identify(aruco_ros) by extensions ['colcon_meta']
[1.107s] Level 1:colcon.colcon_core.package_identification:_identify(aruco_ros) by extension 'colcon_meta'
[1.107s] Level 1:colcon.colcon_core.package_identification:_identify(aruco_ros) by extensions ['ros']
[1.107s] Level 1:colcon.colcon_core.package_identification:_identify(aruco_ros) by extension 'ros'
[1.108s] DEBUG:colcon.colcon_core.package_identification:Package 'aruco_ros' with type 'ros.ament_cmake' and name 'aruco_ros'
[1.108s] Level 1:colcon.colcon_core.package_identification:_identify(build) by extensions ['ignore', 'ignore_ament_install']
[1.109s] Level 1:colcon.colcon_core.package_identification:_identify(build) by extension 'ignore'
[1.109s] Level 1:colcon.colcon_core.package_identification:_identify(build) ignored
[1.109s] Level 1:colcon.colcon_core.package_identification:_identify(install) by extensions ['ignore', 'ignore_ament_install']
[1.109s] Level 1:colcon.colcon_core.package_identification:_identify(install) by extension 'ignore'
[1.109s] Level 1:colcon.colcon_core.package_identification:_identify(install) ignored
[1.109s] Level 1:colcon.colcon_core.package_identification:_identify(log) by extensions ['ignore', 'ignore_ament_install']
[1.109s] Level 1:colcon.colcon_core.package_identification:_identify(log) by extension 'ignore'
[1.109s] Level 1:colcon.colcon_core.package_identification:_identify(log) ignored
[1.109s] Level 1:colcon.colcon_core.package_discovery:discover_packages(recursive) using defaults
[1.109s] Level 1:colcon.colcon_core.package_discovery:discover_packages(ignore) discover
[1.109s] Level 1:colcon.colcon_core.package_discovery:discover_packages(ignore) using defaults
[1.109s] Level 1:colcon.colcon_core.package_discovery:discover_packages(path) discover
[1.109s] Level 1:colcon.colcon_core.package_discovery:discover_packages(path) using defaults
[1.203s] Level 1:colcon.colcon_core.package_discovery:discover_packages(prefix_path) check parameters
[1.203s] Level 1:colcon.colcon_core.package_discovery:discover_packages(prefix_path) discover
[1.253s] DEBUG:colcon.colcon_installed_package_information.package_discovery:Found 351 installed packages in /opt/ros/humble
[1.254s] Level 1:colcon.colcon_core.package_discovery:discover_packages(prefix_path) using defaults
[1.345s] Level 5:colcon.colcon_core.verb:set package 'aruco' build argument 'cmake_args' from command line to 'None'
[1.345s] Level 5:colcon.colcon_core.verb:set package 'aruco' build argument 'cmake_target' from command line to 'None'
[1.345s] Level 5:colcon.colcon_core.verb:set package 'aruco' build argument 'cmake_target_skip_unavailable' from command line to 'False'
[1.345s] Level 5:colcon.colcon_core.verb:set package 'aruco' build argument 'cmake_clean_cache' from command line to 'False'
[1.345s] Level 5:colcon.colcon_core.verb:set package 'aruco' build argument 'cmake_clean_first' from command line to 'False'
[1.345s] Level 5:colcon.colcon_core.verb:set package 'aruco' build argument 'cmake_force_configure' from command line to 'False'
[1.345s] Level 5:colcon.colcon_core.verb:set package 'aruco' build argument 'ament_cmake_args' from command line to 'None'
[1.345s] Level 5:colcon.colcon_core.verb:set package 'aruco' build argument 'catkin_cmake_args' from command line to 'None'
[1.346s] Level 5:colcon.colcon_core.verb:set package 'aruco' build argument 'catkin_skip_building_tests' from command line to 'False'
[1.346s] DEBUG:colcon.colcon_core.verb:Building package 'aruco' with the following arguments: {'ament_cmake_args': None, 'build_base': '/home/situjet/Desktop/aruco_ros/aruco_ros/build/aruco', 'catkin_cmake_args': None, 'catkin_skip_building_tests': False, 'cmake_args': None, 'cmake_clean_cache': False, 'cmake_clean_first': False, 'cmake_force_configure': False, 'cmake_target': None, 'cmake_target_skip_unavailable': False, 'install_base': '/home/situjet/Desktop/aruco_ros/aruco_ros/install/aruco', 'merge_install': False, 'path': '/home/situjet/Desktop/aruco_ros/aruco_ros/aruco', 'symlink_install': True, 'test_result_base': None}
[1.359s] Level 5:colcon.colcon_core.verb:set package 'aruco_msgs' build argument 'cmake_args' from command line to 'None'
[1.359s] Level 5:colcon.colcon_core.verb:set package 'aruco_msgs' build argument 'cmake_target' from command line to 'None'
[1.359s] Level 5:colcon.colcon_core.verb:set package 'aruco_msgs' build argument 'cmake_target_skip_unavailable' from command line to 'False'
[1.359s] Level 5:colcon.colcon_core.verb:set package 'aruco_msgs' build argument 'cmake_clean_cache' from command line to 'False'
[1.359s] Level 5:colcon.colcon_core.verb:set package 'aruco_msgs' build argument 'cmake_clean_first' from command line to 'False'
[1.359s] Level 5:colcon.colcon_core.verb:set package 'aruco_msgs' build argument 'cmake_force_configure' from command line to 'False'
[1.359s] Level 5:colcon.colcon_core.verb:set package 'aruco_msgs' build argument 'ament_cmake_args' from command line to 'None'
[1.359s] Level 5:colcon.colcon_core.verb:set package 'aruco_msgs' build argument 'catkin_cmake_args' from command line to 'None'
[1.359s] Level 5:colcon.colcon_core.verb:set package 'aruco_msgs' build argument 'catkin_skip_building_tests' from command line to 'False'
[1.359s] DEBUG:colcon.colcon_core.verb:Building package 'aruco_msgs' with the following arguments: {'ament_cmake_args': None, 'build_base': '/home/situjet/Desktop/aruco_ros/aruco_ros/build/aruco_msgs', 'catkin_cmake_args': None, 'catkin_skip_building_tests': False, 'cmake_args': None, 'cmake_clean_cache': False, 'cmake_clean_first': False, 'cmake_force_configure': False, 'cmake_target': None, 'cmake_target_skip_unavailable': False, 'install_base': '/home/situjet/Desktop/aruco_ros/aruco_ros/install/aruco_msgs', 'merge_install': False, 'path': '/home/situjet/Desktop/aruco_ros/aruco_ros/aruco_msgs', 'symlink_install': True, 'test_result_base': None}
[1.373s] Level 5:colcon.colcon_core.verb:set package 'aruco_ros' build argument 'cmake_args' from command line to 'None'
[1.373s] Level 5:colcon.colcon_core.verb:set package 'aruco_ros' build argument 'cmake_target' from command line to 'None'
[1.373s] Level 5:colcon.colcon_core.verb:set package 'aruco_ros' build argument 'cmake_target_skip_unavailable' from command line to 'False'
[1.373s] Level 5:colcon.colcon_core.verb:set package 'aruco_ros' build argument 'cmake_clean_cache' from command line to 'False'
[1.373s] Level 5:colcon.colcon_core.verb:set package 'aruco_ros' build argument 'cmake_clean_first' from command line to 'False'
[1.373s] Level 5:colcon.colcon_core.verb:set package 'aruco_ros' build argument 'cmake_force_configure' from command line to 'False'
[1.373s] Level 5:colcon.colcon_core.verb:set package 'aruco_ros' build argument 'ament_cmake_args' from command line to 'None'
[1.373s] Level 5:colcon.colcon_core.verb:set package 'aruco_ros' build argument 'catkin_cmake_args' from command line to 'None'
[1.373s] Level 5:colcon.colcon_core.verb:set package 'aruco_ros' build argument 'catkin_skip_building_tests' from command line to 'False'
[1.373s] DEBUG:colcon.colcon_core.verb:Building package 'aruco_ros' with the following arguments: {'ament_cmake_args': None, 'build_base': '/home/situjet/Desktop/aruco_ros/aruco_ros/build/aruco_ros', 'catkin_cmake_args': None, 'catkin_skip_building_tests': False, 'cmake_args': None, 'cmake_clean_cache': False, 'cmake_clean_first': False, 'cmake_force_configure': False, 'cmake_target': None, 'cmake_target_skip_unavailable': False, 'install_base': '/home/situjet/Desktop/aruco_ros/aruco_ros/install/aruco_ros', 'merge_install': False, 'path': '/home/situjet/Desktop/aruco_ros/aruco_ros/aruco_ros', 'symlink_install': True, 'test_result_base': None}
[1.386s] INFO:colcon.colcon_core.executor:Executing jobs using 'parallel' executor
[1.400s] DEBUG:colcon.colcon_parallel_executor.executor.parallel:run_until_complete
[1.400s] INFO:colcon.colcon_ros.task.ament_cmake.build:Building ROS package in '/home/situjet/Desktop/aruco_ros/aruco_ros/aruco' with build type 'ament_cmake'
[1.400s] INFO:colcon.colcon_cmake.task.cmake.build:Building CMake package in '/home/situjet/Desktop/aruco_ros/aruco_ros/aruco'
[1.417s] INFO:colcon.colcon_core.plugin_system:Skipping extension 'colcon_core.shell.bat': Not used on non-Windows systems
[1.417s] INFO:colcon.colcon_core.shell:Skip shell extension 'powershell' for command environment: Not usable outside of PowerShell
[1.417s] DEBUG:colcon.colcon_core.shell:Skip shell extension 'dsv' for command environment
[1.445s] INFO:colcon.colcon_ros.task.ament_cmake.build:Building ROS package in '/home/situjet/Desktop/aruco_ros/aruco_ros/aruco_msgs' with build type 'ament_cmake'
[1.445s] INFO:colcon.colcon_cmake.task.cmake.build:Building CMake package in '/home/situjet/Desktop/aruco_ros/aruco_ros/aruco_msgs'
[1.459s] INFO:colcon.colcon_core.shell:Skip shell extension 'powershell' for command environment: Not usable outside of PowerShell
[1.459s] DEBUG:colcon.colcon_core.shell:Skip shell extension 'dsv' for command environment
[1.490s] DEBUG:colcon.colcon_core.event_handler.log_command:Invoking command in '/home/situjet/Desktop/aruco_ros/aruco_ros/build/aruco': CMAKE_PREFIX_PATH=/opt/ros/humble /home/situjet/.local/bin/cmake /home/situjet/Desktop/aruco_ros/aruco_ros/aruco -DAMENT_CMAKE_SYMLINK_INSTALL=1 -DCMAKE_INSTALL_PREFIX=/home/situjet/Desktop/aruco_ros/aruco_ros/install/aruco
[1.493s] DEBUG:colcon.colcon_core.event_handler.log_command:Invoking command in '/home/situjet/Desktop/aruco_ros/aruco_ros/build/aruco_msgs': CMAKE_PREFIX_PATH=/opt/ros/humble /home/situjet/.local/bin/cmake /home/situjet/Desktop/aruco_ros/aruco_ros/aruco_msgs -DAMENT_CMAKE_SYMLINK_INSTALL=1 -DCMAKE_INSTALL_PREFIX=/home/situjet/Desktop/aruco_ros/aruco_ros/install/aruco_msgs
[1.742s] DEBUG:colcon.colcon_core.event_handler.log_command:Invoked command in '/home/situjet/Desktop/aruco_ros/aruco_ros/build/aruco' returned '0': CMAKE_PREFIX_PATH=/opt/ros/humble /home/situjet/.local/bin/cmake /home/situjet/Desktop/aruco_ros/aruco_ros/aruco -DAMENT_CMAKE_SYMLINK_INSTALL=1 -DCMAKE_INSTALL_PREFIX=/home/situjet/Desktop/aruco_ros/aruco_ros/install/aruco
[1.743s] DEBUG:colcon.colcon_core.event_handler.log_command:Invoking command in '/home/situjet/Desktop/aruco_ros/aruco_ros/build/aruco': CMAKE_PREFIX_PATH=/opt/ros/humble /home/situjet/.local/bin/cmake --build /home/situjet/Desktop/aruco_ros/aruco_ros/build/aruco -- -j12 -l12
[1.795s] DEBUG:colcon.colcon_core.event_handler.log_command:Invoked command in '/home/situjet/Desktop/aruco_ros/aruco_ros/build/aruco' returned '0': CMAKE_PREFIX_PATH=/opt/ros/humble /home/situjet/.local/bin/cmake --build /home/situjet/Desktop/aruco_ros/aruco_ros/build/aruco -- -j12 -l12
[1.861s] DEBUG:colcon.colcon_core.event_handler.log_command:Invoking command in '/home/situjet/Desktop/aruco_ros/aruco_ros/build/aruco': CMAKE_PREFIX_PATH=/opt/ros/humble /home/situjet/.local/bin/cmake --install /home/situjet/Desktop/aruco_ros/aruco_ros/build/aruco
[1.889s] Level 1:colcon.colcon_core.environment:create_environment_scripts_only(aruco)
[1.889s] DEBUG:colcon.colcon_core.event_handler.log_command:Invoked command in '/home/situjet/Desktop/aruco_ros/aruco_ros/build/aruco' returned '0': CMAKE_PREFIX_PATH=/opt/ros/humble /home/situjet/.local/bin/cmake --install /home/situjet/Desktop/aruco_ros/aruco_ros/build/aruco
[1.906s] Level 1:colcon.colcon_core.environment:checking '/home/situjet/Desktop/aruco_ros/aruco_ros/install/aruco' for CMake module files
[1.906s] Level 1:colcon.colcon_core.environment:checking '/home/situjet/Desktop/aruco_ros/aruco_ros/install/aruco' for CMake config files
[1.906s] Level 1:colcon.colcon_core.shell:create_environment_hook('aruco', 'cmake_prefix_path')
[1.920s] INFO:colcon.colcon_core.shell:Creating environment hook '/home/situjet/Desktop/aruco_ros/aruco_ros/install/aruco/share/aruco/hook/cmake_prefix_path.ps1'
[1.920s] INFO:colcon.colcon_core.shell:Creating environment descriptor '/home/situjet/Desktop/aruco_ros/aruco_ros/install/aruco/share/aruco/hook/cmake_prefix_path.dsv'
[1.921s] INFO:colcon.colcon_core.shell:Creating environment hook '/home/situjet/Desktop/aruco_ros/aruco_ros/install/aruco/share/aruco/hook/cmake_prefix_path.sh'
[1.921s] Level 1:colcon.colcon_core.environment:checking '/home/situjet/Desktop/aruco_ros/aruco_ros/install/aruco/lib'
[1.921s] Level 1:colcon.colcon_core.shell:create_environment_hook('aruco', 'ld_library_path_lib')
[1.935s] INFO:colcon.colcon_core.shell:Creating environment hook '/home/situjet/Desktop/aruco_ros/aruco_ros/install/aruco/share/aruco/hook/ld_library_path_lib.ps1'
[1.935s] INFO:colcon.colcon_core.shell:Creating environment descriptor '/home/situjet/Desktop/aruco_ros/aruco_ros/install/aruco/share/aruco/hook/ld_library_path_lib.dsv'
[1.936s] INFO:colcon.colcon_core.shell:Creating environment hook '/home/situjet/Desktop/aruco_ros/aruco_ros/install/aruco/share/aruco/hook/ld_library_path_lib.sh'
[1.936s] Level 1:colcon.colcon_core.environment:checking '/home/situjet/Desktop/aruco_ros/aruco_ros/install/aruco/bin'
[1.936s] Level 1:colcon.colcon_core.environment:checking '/home/situjet/Desktop/aruco_ros/aruco_ros/install/aruco/lib/pkgconfig/aruco.pc'
[1.936s] Level 1:colcon.colcon_core.environment:checking '/home/situjet/Desktop/aruco_ros/aruco_ros/install/aruco/lib/python3.10/site-packages'
[1.936s] Level 1:colcon.colcon_core.environment:checking '/home/situjet/Desktop/aruco_ros/aruco_ros/install/aruco/bin'
[1.950s] INFO:colcon.colcon_core.shell:Creating package script '/home/situjet/Desktop/aruco_ros/aruco_ros/install/aruco/share/aruco/package.ps1'
[1.951s] INFO:colcon.colcon_core.shell:Creating package descriptor '/home/situjet/Desktop/aruco_ros/aruco_ros/install/aruco/share/aruco/package.dsv'
[1.951s] INFO:colcon.colcon_core.shell:Creating package script '/home/situjet/Desktop/aruco_ros/aruco_ros/install/aruco/share/aruco/package.sh'
[1.952s] INFO:colcon.colcon_core.shell:Creating package script '/home/situjet/Desktop/aruco_ros/aruco_ros/install/aruco/share/aruco/package.bash'
[1.952s] INFO:colcon.colcon_core.shell:Creating package script '/home/situjet/Desktop/aruco_ros/aruco_ros/install/aruco/share/aruco/package.zsh'
[1.953s] Level 1:colcon.colcon_core.environment:create_file_with_runtime_dependencies(/home/situjet/Desktop/aruco_ros/aruco_ros/install/aruco/share/colcon-core/packages/aruco)
[2.009s] Level 1:colcon.colcon_core.environment:create_environment_scripts_only(aruco)
[2.022s] Level 1:colcon.colcon_core.environment:checking '/home/situjet/Desktop/aruco_ros/aruco_ros/install/aruco' for CMake module files
[2.023s] Level 1:colcon.colcon_core.environment:checking '/home/situjet/Desktop/aruco_ros/aruco_ros/install/aruco' for CMake config files
[2.023s] Level 1:colcon.colcon_core.shell:create_environment_hook('aruco', 'cmake_prefix_path')
[2.036s] INFO:colcon.colcon_core.shell:Creating environment hook '/home/situjet/Desktop/aruco_ros/aruco_ros/install/aruco/share/aruco/hook/cmake_prefix_path.ps1'
[2.036s] INFO:colcon.colcon_core.shell:Creating environment descriptor '/home/situjet/Desktop/aruco_ros/aruco_ros/install/aruco/share/aruco/hook/cmake_prefix_path.dsv'
[2.037s] INFO:colcon.colcon_core.shell:Creating environment hook '/home/situjet/Desktop/aruco_ros/aruco_ros/install/aruco/share/aruco/hook/cmake_prefix_path.sh'
[2.037s] Level 1:colcon.colcon_core.environment:checking '/home/situjet/Desktop/aruco_ros/aruco_ros/install/aruco/lib'
[2.037s] Level 1:colcon.colcon_core.shell:create_environment_hook('aruco', 'ld_library_path_lib')
[2.050s] INFO:colcon.colcon_core.shell:Creating environment hook '/home/situjet/Desktop/aruco_ros/aruco_ros/install/aruco/share/aruco/hook/ld_library_path_lib.ps1'
[2.051s] INFO:colcon.colcon_core.shell:Creating environment descriptor '/home/situjet/Desktop/aruco_ros/aruco_ros/install/aruco/share/aruco/hook/ld_library_path_lib.dsv'
[2.051s] INFO:colcon.colcon_core.shell:Creating environment hook '/home/situjet/Desktop/aruco_ros/aruco_ros/install/aruco/share/aruco/hook/ld_library_path_lib.sh'
[2.051s] Level 1:colcon.colcon_core.environment:checking '/home/situjet/Desktop/aruco_ros/aruco_ros/install/aruco/bin'
[2.051s] Level 1:colcon.colcon_core.environment:checking '/home/situjet/Desktop/aruco_ros/aruco_ros/install/aruco/lib/pkgconfig/aruco.pc'
[2.051s] Level 1:colcon.colcon_core.environment:checking '/home/situjet/Desktop/aruco_ros/aruco_ros/install/aruco/lib/python3.10/site-packages'
[2.051s] Level 1:colcon.colcon_core.environment:checking '/home/situjet/Desktop/aruco_ros/aruco_ros/install/aruco/bin'
[2.064s] INFO:colcon.colcon_core.shell:Creating package script '/home/situjet/Desktop/aruco_ros/aruco_ros/install/aruco/share/aruco/package.ps1'
[2.065s] INFO:colcon.colcon_core.shell:Creating package descriptor '/home/situjet/Desktop/aruco_ros/aruco_ros/install/aruco/share/aruco/package.dsv'
[2.065s] INFO:colcon.colcon_core.shell:Creating package script '/home/situjet/Desktop/aruco_ros/aruco_ros/install/aruco/share/aruco/package.sh'
[2.065s] INFO:colcon.colcon_core.shell:Creating package script '/home/situjet/Desktop/aruco_ros/aruco_ros/install/aruco/share/aruco/package.bash'
[2.066s] INFO:colcon.colcon_core.shell:Creating package script '/home/situjet/Desktop/aruco_ros/aruco_ros/install/aruco/share/aruco/package.zsh'
[2.066s] Level 1:colcon.colcon_core.environment:create_file_with_runtime_dependencies(/home/situjet/Desktop/aruco_ros/aruco_ros/install/aruco/share/colcon-core/packages/aruco)
[3.160s] DEBUG:colcon.colcon_core.event_handler.log_command:Invoked command in '/home/situjet/Desktop/aruco_ros/aruco_ros/build/aruco_msgs' returned '0': CMAKE_PREFIX_PATH=/opt/ros/humble /home/situjet/.local/bin/cmake /home/situjet/Desktop/aruco_ros/aruco_ros/aruco_msgs -DAMENT_CMAKE_SYMLINK_INSTALL=1 -DCMAKE_INSTALL_PREFIX=/home/situjet/Desktop/aruco_ros/aruco_ros/install/aruco_msgs
[3.160s] DEBUG:colcon.colcon_core.event_handler.log_command:Invoking command in '/home/situjet/Desktop/aruco_ros/aruco_ros/build/aruco_msgs': CMAKE_PREFIX_PATH=/opt/ros/humble /home/situjet/.local/bin/cmake --build /home/situjet/Desktop/aruco_ros/aruco_ros/build/aruco_msgs -- -j12 -l12
[4.365s] DEBUG:colcon.colcon_core.event_handler.log_command:Invoked command in '/home/situjet/Desktop/aruco_ros/aruco_ros/build/aruco_msgs' returned '0': CMAKE_PREFIX_PATH=/opt/ros/humble /home/situjet/.local/bin/cmake --build /home/situjet/Desktop/aruco_ros/aruco_ros/build/aruco_msgs -- -j12 -l12
[4.425s] DEBUG:colcon.colcon_core.event_handler.log_command:Invoking command in '/home/situjet/Desktop/aruco_ros/aruco_ros/build/aruco_msgs': CMAKE_PREFIX_PATH=/opt/ros/humble /home/situjet/.local/bin/cmake --install /home/situjet/Desktop/aruco_ros/aruco_ros/build/aruco_msgs
[4.651s] Level 1:colcon.colcon_core.environment:create_environment_scripts_only(aruco_msgs)
[4.651s] DEBUG:colcon.colcon_core.event_handler.log_command:Invoked command in '/home/situjet/Desktop/aruco_ros/aruco_ros/build/aruco_msgs' returned '0': CMAKE_PREFIX_PATH=/opt/ros/humble /home/situjet/.local/bin/cmake --install /home/situjet/Desktop/aruco_ros/aruco_ros/build/aruco_msgs
[4.667s] Level 1:colcon.colcon_core.environment:checking '/home/situjet/Desktop/aruco_ros/aruco_ros/install/aruco_msgs' for CMake module files
[4.668s] Level 1:colcon.colcon_core.environment:checking '/home/situjet/Desktop/aruco_ros/aruco_ros/install/aruco_msgs' for CMake config files
[4.669s] Level 1:colcon.colcon_core.shell:create_environment_hook('aruco_msgs', 'cmake_prefix_path')
[4.685s] INFO:colcon.colcon_core.shell:Creating environment hook '/home/situjet/Desktop/aruco_ros/aruco_ros/install/aruco_msgs/share/aruco_msgs/hook/cmake_prefix_path.ps1'
[4.685s] INFO:colcon.colcon_core.shell:Creating environment descriptor '/home/situjet/Desktop/aruco_ros/aruco_ros/install/aruco_msgs/share/aruco_msgs/hook/cmake_prefix_path.dsv'
[4.685s] INFO:colcon.colcon_core.shell:Creating environment hook '/home/situjet/Desktop/aruco_ros/aruco_ros/install/aruco_msgs/share/aruco_msgs/hook/cmake_prefix_path.sh'
[4.686s] Level 1:colcon.colcon_core.environment:checking '/home/situjet/Desktop/aruco_ros/aruco_ros/install/aruco_msgs/lib'
[4.686s] Level 1:colcon.colcon_core.shell:create_environment_hook('aruco_msgs', 'ld_library_path_lib')
[4.701s] INFO:colcon.colcon_core.shell:Creating environment hook '/home/situjet/Desktop/aruco_ros/aruco_ros/install/aruco_msgs/share/aruco_msgs/hook/ld_library_path_lib.ps1'
[4.701s] INFO:colcon.colcon_core.shell:Creating environment descriptor '/home/situjet/Desktop/aruco_ros/aruco_ros/install/aruco_msgs/share/aruco_msgs/hook/ld_library_path_lib.dsv'
[4.702s] INFO:colcon.colcon_core.shell:Creating environment hook '/home/situjet/Desktop/aruco_ros/aruco_ros/install/aruco_msgs/share/aruco_msgs/hook/ld_library_path_lib.sh'
[4.702s] Level 1:colcon.colcon_core.environment:checking '/home/situjet/Desktop/aruco_ros/aruco_ros/install/aruco_msgs/bin'
[4.702s] Level 1:colcon.colcon_core.environment:checking '/home/situjet/Desktop/aruco_ros/aruco_ros/install/aruco_msgs/lib/pkgconfig/aruco_msgs.pc'
[4.702s] Level 1:colcon.colcon_core.environment:checking '/home/situjet/Desktop/aruco_ros/aruco_ros/install/aruco_msgs/lib/python3.10/site-packages'
[4.702s] Level 1:colcon.colcon_core.environment:checking '/home/situjet/Desktop/aruco_ros/aruco_ros/install/aruco_msgs/bin'
[4.718s] INFO:colcon.colcon_core.shell:Creating package script '/home/situjet/Desktop/aruco_ros/aruco_ros/install/aruco_msgs/share/aruco_msgs/package.ps1'
[4.719s] INFO:colcon.colcon_core.shell:Creating package descriptor '/home/situjet/Desktop/aruco_ros/aruco_ros/install/aruco_msgs/share/aruco_msgs/package.dsv'
[4.719s] INFO:colcon.colcon_core.shell:Creating package script '/home/situjet/Desktop/aruco_ros/aruco_ros/install/aruco_msgs/share/aruco_msgs/package.sh'
[4.719s] INFO:colcon.colcon_core.shell:Creating package script '/home/situjet/Desktop/aruco_ros/aruco_ros/install/aruco_msgs/share/aruco_msgs/package.bash'
[4.720s] INFO:colcon.colcon_core.shell:Creating package script '/home/situjet/Desktop/aruco_ros/aruco_ros/install/aruco_msgs/share/aruco_msgs/package.zsh'
[4.720s] Level 1:colcon.colcon_core.environment:create_file_with_runtime_dependencies(/home/situjet/Desktop/aruco_ros/aruco_ros/install/aruco_msgs/share/colcon-core/packages/aruco_msgs)
[4.795s] Level 1:colcon.colcon_core.environment:create_environment_scripts_only(aruco_msgs)
[4.810s] Level 1:colcon.colcon_core.environment:checking '/home/situjet/Desktop/aruco_ros/aruco_ros/install/aruco_msgs' for CMake module files
[4.811s] Level 1:colcon.colcon_core.environment:checking '/home/situjet/Desktop/aruco_ros/aruco_ros/install/aruco_msgs' for CMake config files
[4.811s] Level 1:colcon.colcon_core.shell:create_environment_hook('aruco_msgs', 'cmake_prefix_path')
[4.827s] INFO:colcon.colcon_core.shell:Creating environment hook '/home/situjet/Desktop/aruco_ros/aruco_ros/install/aruco_msgs/share/aruco_msgs/hook/cmake_prefix_path.ps1'
[4.827s] INFO:colcon.colcon_core.shell:Creating environment descriptor '/home/situjet/Desktop/aruco_ros/aruco_ros/install/aruco_msgs/share/aruco_msgs/hook/cmake_prefix_path.dsv'
[4.827s] INFO:colcon.colcon_core.shell:Creating environment hook '/home/situjet/Desktop/aruco_ros/aruco_ros/install/aruco_msgs/share/aruco_msgs/hook/cmake_prefix_path.sh'
[4.828s] Level 1:colcon.colcon_core.environment:checking '/home/situjet/Desktop/aruco_ros/aruco_ros/install/aruco_msgs/lib'
[4.828s] Level 1:colcon.colcon_core.shell:create_environment_hook('aruco_msgs', 'ld_library_path_lib')
[4.844s] INFO:colcon.colcon_core.shell:Creating environment hook '/home/situjet/Desktop/aruco_ros/aruco_ros/install/aruco_msgs/share/aruco_msgs/hook/ld_library_path_lib.ps1'
[4.844s] INFO:colcon.colcon_core.shell:Creating environment descriptor '/home/situjet/Desktop/aruco_ros/aruco_ros/install/aruco_msgs/share/aruco_msgs/hook/ld_library_path_lib.dsv'
[4.844s] INFO:colcon.colcon_core.shell:Creating environment hook '/home/situjet/Desktop/aruco_ros/aruco_ros/install/aruco_msgs/share/aruco_msgs/hook/ld_library_path_lib.sh'
[4.844s] Level 1:colcon.colcon_core.environment:checking '/home/situjet/Desktop/aruco_ros/aruco_ros/install/aruco_msgs/bin'
[4.845s] Level 1:colcon.colcon_core.environment:checking '/home/situjet/Desktop/aruco_ros/aruco_ros/install/aruco_msgs/lib/pkgconfig/aruco_msgs.pc'
[4.845s] Level 1:colcon.colcon_core.environment:checking '/home/situjet/Desktop/aruco_ros/aruco_ros/install/aruco_msgs/lib/python3.10/site-packages'
[4.845s] Level 1:colcon.colcon_core.environment:checking '/home/situjet/Desktop/aruco_ros/aruco_ros/install/aruco_msgs/bin'
[4.860s] INFO:colcon.colcon_core.shell:Creating package script '/home/situjet/Desktop/aruco_ros/aruco_ros/install/aruco_msgs/share/aruco_msgs/package.ps1'
[4.861s] INFO:colcon.colcon_core.shell:Creating package descriptor '/home/situjet/Desktop/aruco_ros/aruco_ros/install/aruco_msgs/share/aruco_msgs/package.dsv'
[4.861s] INFO:colcon.colcon_core.shell:Creating package script '/home/situjet/Desktop/aruco_ros/aruco_ros/install/aruco_msgs/share/aruco_msgs/package.sh'
[4.862s] INFO:colcon.colcon_core.shell:Creating package script '/home/situjet/Desktop/aruco_ros/aruco_ros/install/aruco_msgs/share/aruco_msgs/package.bash'
[4.862s] INFO:colcon.colcon_core.shell:Creating package script '/home/situjet/Desktop/aruco_ros/aruco_ros/install/aruco_msgs/share/aruco_msgs/package.zsh'
[4.862s] Level 1:colcon.colcon_core.environment:create_file_with_runtime_dependencies(/home/situjet/Desktop/aruco_ros/aruco_ros/install/aruco_msgs/share/colcon-core/packages/aruco_msgs)
[4.863s] INFO:colcon.colcon_ros.task.ament_cmake.build:Building ROS package in '/home/situjet/Desktop/aruco_ros/aruco_ros/aruco_ros' with build type 'ament_cmake'
[4.863s] INFO:colcon.colcon_cmake.task.cmake.build:Building CMake package in '/home/situjet/Desktop/aruco_ros/aruco_ros/aruco_ros'
[4.879s] INFO:colcon.colcon_core.shell:Skip shell extension 'powershell' for command environment: Not usable outside of PowerShell
[4.879s] DEBUG:colcon.colcon_core.shell:Skip shell extension 'dsv' for command environment
[4.917s] DEBUG:colcon.colcon_core.event_handler.log_command:Invoking command in '/home/situjet/Desktop/aruco_ros/aruco_ros/build/aruco_ros': AMENT_PREFIX_PATH=/home/situjet/Desktop/aruco_ros/aruco_ros/install/aruco_msgs:/home/situjet/Desktop/aruco_ros/aruco_ros/install/aruco:${AMENT_PREFIX_PATH} CMAKE_PREFIX_PATH=/home/situjet/Desktop/aruco_ros/aruco_ros/install/aruco_msgs:/home/situjet/Desktop/aruco_ros/aruco_ros/install/aruco:/opt/ros/humble LD_LIBRARY_PATH=/home/situjet/Desktop/aruco_ros/aruco_ros/install/aruco_msgs/lib:/home/situjet/Desktop/aruco_ros/aruco_ros/install/aruco/lib:${LD_LIBRARY_PATH} PYTHONPATH=/home/situjet/Desktop/aruco_ros/aruco_ros/install/aruco_msgs/local/lib/python3.10/dist-packages:${PYTHONPATH} /home/situjet/.local/bin/cmake /home/situjet/Desktop/aruco_ros/aruco_ros/aruco_ros -DAMENT_CMAKE_SYMLINK_INSTALL=1 -DCMAKE_INSTALL_PREFIX=/home/situjet/Desktop/aruco_ros/aruco_ros/install/aruco_ros
[7.332s] DEBUG:colcon.colcon_core.event_handler.log_command:Invoked command in '/home/situjet/Desktop/aruco_ros/aruco_ros/build/aruco_ros' returned '0': AMENT_PREFIX_PATH=/home/situjet/Desktop/aruco_ros/aruco_ros/install/aruco_msgs:/home/situjet/Desktop/aruco_ros/aruco_ros/install/aruco:${AMENT_PREFIX_PATH} CMAKE_PREFIX_PATH=/home/situjet/Desktop/aruco_ros/aruco_ros/install/aruco_msgs:/home/situjet/Desktop/aruco_ros/aruco_ros/install/aruco:/opt/ros/humble LD_LIBRARY_PATH=/home/situjet/Desktop/aruco_ros/aruco_ros/install/aruco_msgs/lib:/home/situjet/Desktop/aruco_ros/aruco_ros/install/aruco/lib:${LD_LIBRARY_PATH} PYTHONPATH=/home/situjet/Desktop/aruco_ros/aruco_ros/install/aruco_msgs/local/lib/python3.10/dist-packages:${PYTHONPATH} /home/situjet/.local/bin/cmake /home/situjet/Desktop/aruco_ros/aruco_ros/aruco_ros -DAMENT_CMAKE_SYMLINK_INSTALL=1 -DCMAKE_INSTALL_PREFIX=/home/situjet/Desktop/aruco_ros/aruco_ros/install/aruco_ros
[7.333s] DEBUG:colcon.colcon_core.event_handler.log_command:Invoking command in '/home/situjet/Desktop/aruco_ros/aruco_ros/build/aruco_ros': AMENT_PREFIX_PATH=/home/situjet/Desktop/aruco_ros/aruco_ros/install/aruco_msgs:/home/situjet/Desktop/aruco_ros/aruco_ros/install/aruco:${AMENT_PREFIX_PATH} CMAKE_PREFIX_PATH=/home/situjet/Desktop/aruco_ros/aruco_ros/install/aruco_msgs:/home/situjet/Desktop/aruco_ros/aruco_ros/install/aruco:/opt/ros/humble LD_LIBRARY_PATH=/home/situjet/Desktop/aruco_ros/aruco_ros/install/aruco_msgs/lib:/home/situjet/Desktop/aruco_ros/aruco_ros/install/aruco/lib:${LD_LIBRARY_PATH} PYTHONPATH=/home/situjet/Desktop/aruco_ros/aruco_ros/install/aruco_msgs/local/lib/python3.10/dist-packages:${PYTHONPATH} /home/situjet/.local/bin/cmake --build /home/situjet/Desktop/aruco_ros/aruco_ros/build/aruco_ros -- -j12 -l12
[19.994s] DEBUG:colcon.colcon_core.event_handler.log_command:Invoked command in '/home/situjet/Desktop/aruco_ros/aruco_ros/build/aruco_ros' returned '0': AMENT_PREFIX_PATH=/home/situjet/Desktop/aruco_ros/aruco_ros/install/aruco_msgs:/home/situjet/Desktop/aruco_ros/aruco_ros/install/aruco:${AMENT_PREFIX_PATH} CMAKE_PREFIX_PATH=/home/situjet/Desktop/aruco_ros/aruco_ros/install/aruco_msgs:/home/situjet/Desktop/aruco_ros/aruco_ros/install/aruco:/opt/ros/humble LD_LIBRARY_PATH=/home/situjet/Desktop/aruco_ros/aruco_ros/install/aruco_msgs/lib:/home/situjet/Desktop/aruco_ros/aruco_ros/install/aruco/lib:${LD_LIBRARY_PATH} PYTHONPATH=/home/situjet/Desktop/aruco_ros/aruco_ros/install/aruco_msgs/local/lib/python3.10/dist-packages:${PYTHONPATH} /home/situjet/.local/bin/cmake --build /home/situjet/Desktop/aruco_ros/aruco_ros/build/aruco_ros -- -j12 -l12
[20.035s] DEBUG:colcon.colcon_core.event_handler.log_command:Invoking command in '/home/situjet/Desktop/aruco_ros/aruco_ros/build/aruco_ros': AMENT_PREFIX_PATH=/home/situjet/Desktop/aruco_ros/aruco_ros/install/aruco_msgs:/home/situjet/Desktop/aruco_ros/aruco_ros/install/aruco:${AMENT_PREFIX_PATH} CMAKE_PREFIX_PATH=/home/situjet/Desktop/aruco_ros/aruco_ros/install/aruco_msgs:/home/situjet/Desktop/aruco_ros/aruco_ros/install/aruco:/opt/ros/humble LD_LIBRARY_PATH=/home/situjet/Desktop/aruco_ros/aruco_ros/install/aruco_msgs/lib:/home/situjet/Desktop/aruco_ros/aruco_ros/install/aruco/lib:${LD_LIBRARY_PATH} PYTHONPATH=/home/situjet/Desktop/aruco_ros/aruco_ros/install/aruco_msgs/local/lib/python3.10/dist-packages:${PYTHONPATH} /home/situjet/.local/bin/cmake --install /home/situjet/Desktop/aruco_ros/aruco_ros/build/aruco_ros
[20.127s] Level 1:colcon.colcon_core.environment:create_environment_scripts_only(aruco_ros)
[20.128s] DEBUG:colcon.colcon_core.event_handler.log_command:Invoked command in '/home/situjet/Desktop/aruco_ros/aruco_ros/build/aruco_ros' returned '0': AMENT_PREFIX_PATH=/home/situjet/Desktop/aruco_ros/aruco_ros/install/aruco_msgs:/home/situjet/Desktop/aruco_ros/aruco_ros/install/aruco:${AMENT_PREFIX_PATH} CMAKE_PREFIX_PATH=/home/situjet/Desktop/aruco_ros/aruco_ros/install/aruco_msgs:/home/situjet/Desktop/aruco_ros/aruco_ros/install/aruco:/opt/ros/humble LD_LIBRARY_PATH=/home/situjet/Desktop/aruco_ros/aruco_ros/install/aruco_msgs/lib:/home/situjet/Desktop/aruco_ros/aruco_ros/install/aruco/lib:${LD_LIBRARY_PATH} PYTHONPATH=/home/situjet/Desktop/aruco_ros/aruco_ros/install/aruco_msgs/local/lib/python3.10/dist-packages:${PYTHONPATH} /home/situjet/.local/bin/cmake --install /home/situjet/Desktop/aruco_ros/aruco_ros/build/aruco_ros
[20.145s] Level 1:colcon.colcon_core.environment:checking '/home/situjet/Desktop/aruco_ros/aruco_ros/install/aruco_ros' for CMake module files
[20.146s] Level 1:colcon.colcon_core.environment:checking '/home/situjet/Desktop/aruco_ros/aruco_ros/install/aruco_ros' for CMake config files
[20.146s] Level 1:colcon.colcon_core.shell:create_environment_hook('aruco_ros', 'cmake_prefix_path')
[20.161s] INFO:colcon.colcon_core.shell:Creating environment hook '/home/situjet/Desktop/aruco_ros/aruco_ros/install/aruco_ros/share/aruco_ros/hook/cmake_prefix_path.ps1'
[20.161s] INFO:colcon.colcon_core.shell:Creating environment descriptor '/home/situjet/Desktop/aruco_ros/aruco_ros/install/aruco_ros/share/aruco_ros/hook/cmake_prefix_path.dsv'
[20.162s] INFO:colcon.colcon_core.shell:Creating environment hook '/home/situjet/Desktop/aruco_ros/aruco_ros/install/aruco_ros/share/aruco_ros/hook/cmake_prefix_path.sh'
[20.162s] Level 1:colcon.colcon_core.environment:checking '/home/situjet/Desktop/aruco_ros/aruco_ros/install/aruco_ros/lib'
[20.162s] Level 1:colcon.colcon_core.shell:create_environment_hook('aruco_ros', 'ld_library_path_lib')
[20.178s] INFO:colcon.colcon_core.shell:Creating environment hook '/home/situjet/Desktop/aruco_ros/aruco_ros/install/aruco_ros/share/aruco_ros/hook/ld_library_path_lib.ps1'
[20.178s] INFO:colcon.colcon_core.shell:Creating environment descriptor '/home/situjet/Desktop/aruco_ros/aruco_ros/install/aruco_ros/share/aruco_ros/hook/ld_library_path_lib.dsv'
[20.178s] INFO:colcon.colcon_core.shell:Creating environment hook '/home/situjet/Desktop/aruco_ros/aruco_ros/install/aruco_ros/share/aruco_ros/hook/ld_library_path_lib.sh'
[20.178s] Level 1:colcon.colcon_core.environment:checking '/home/situjet/Desktop/aruco_ros/aruco_ros/install/aruco_ros/bin'
[20.178s] Level 1:colcon.colcon_core.environment:checking '/home/situjet/Desktop/aruco_ros/aruco_ros/install/aruco_ros/lib/pkgconfig/aruco_ros.pc'
[20.179s] Level 1:colcon.colcon_core.environment:checking '/home/situjet/Desktop/aruco_ros/aruco_ros/install/aruco_ros/lib/python3.10/site-packages'
[20.179s] Level 1:colcon.colcon_core.environment:checking '/home/situjet/Desktop/aruco_ros/aruco_ros/install/aruco_ros/bin'
[20.194s] INFO:colcon.colcon_core.shell:Creating package script '/home/situjet/Desktop/aruco_ros/aruco_ros/install/aruco_ros/share/aruco_ros/package.ps1'
[20.194s] INFO:colcon.colcon_core.shell:Creating package descriptor '/home/situjet/Desktop/aruco_ros/aruco_ros/install/aruco_ros/share/aruco_ros/package.dsv'
[20.195s] INFO:colcon.colcon_core.shell:Creating package script '/home/situjet/Desktop/aruco_ros/aruco_ros/install/aruco_ros/share/aruco_ros/package.sh'
[20.195s] INFO:colcon.colcon_core.shell:Creating package script '/home/situjet/Desktop/aruco_ros/aruco_ros/install/aruco_ros/share/aruco_ros/package.bash'
[20.195s] INFO:colcon.colcon_core.shell:Creating package script '/home/situjet/Desktop/aruco_ros/aruco_ros/install/aruco_ros/share/aruco_ros/package.zsh'
[20.196s] Level 1:colcon.colcon_core.environment:create_file_with_runtime_dependencies(/home/situjet/Desktop/aruco_ros/aruco_ros/install/aruco_ros/share/colcon-core/packages/aruco_ros)
[20.249s] Level 1:colcon.colcon_core.environment:create_environment_scripts_only(aruco_ros)
[20.265s] Level 1:colcon.colcon_core.environment:checking '/home/situjet/Desktop/aruco_ros/aruco_ros/install/aruco_ros' for CMake module files
[20.265s] Level 1:colcon.colcon_core.environment:checking '/home/situjet/Desktop/aruco_ros/aruco_ros/install/aruco_ros' for CMake config files
[20.265s] Level 1:colcon.colcon_core.shell:create_environment_hook('aruco_ros', 'cmake_prefix_path')
[20.281s] INFO:colcon.colcon_core.shell:Creating environment hook '/home/situjet/Desktop/aruco_ros/aruco_ros/install/aruco_ros/share/aruco_ros/hook/cmake_prefix_path.ps1'
[20.281s] INFO:colcon.colcon_core.shell:Creating environment descriptor '/home/situjet/Desktop/aruco_ros/aruco_ros/install/aruco_ros/share/aruco_ros/hook/cmake_prefix_path.dsv'
[20.281s] INFO:colcon.colcon_core.shell:Creating environment hook '/home/situjet/Desktop/aruco_ros/aruco_ros/install/aruco_ros/share/aruco_ros/hook/cmake_prefix_path.sh'
[20.282s] Level 1:colcon.colcon_core.environment:checking '/home/situjet/Desktop/aruco_ros/aruco_ros/install/aruco_ros/lib'
[20.282s] Level 1:colcon.colcon_core.shell:create_environment_hook('aruco_ros', 'ld_library_path_lib')
[20.298s] INFO:colcon.colcon_core.shell:Creating environment hook '/home/situjet/Desktop/aruco_ros/aruco_ros/install/aruco_ros/share/aruco_ros/hook/ld_library_path_lib.ps1'
[20.298s] INFO:colcon.colcon_core.shell:Creating environment descriptor '/home/situjet/Desktop/aruco_ros/aruco_ros/install/aruco_ros/share/aruco_ros/hook/ld_library_path_lib.dsv'
[20.298s] INFO:colcon.colcon_core.shell:Creating environment hook '/home/situjet/Desktop/aruco_ros/aruco_ros/install/aruco_ros/share/aruco_ros/hook/ld_library_path_lib.sh'
[20.299s] Level 1:colcon.colcon_core.environment:checking '/home/situjet/Desktop/aruco_ros/aruco_ros/install/aruco_ros/bin'
[20.299s] Level 1:colcon.colcon_core.environment:checking '/home/situjet/Desktop/aruco_ros/aruco_ros/install/aruco_ros/lib/pkgconfig/aruco_ros.pc'
[20.299s] Level 1:colcon.colcon_core.environment:checking '/home/situjet/Desktop/aruco_ros/aruco_ros/install/aruco_ros/lib/python3.10/site-packages'
[20.299s] Level 1:colcon.colcon_core.environment:checking '/home/situjet/Desktop/aruco_ros/aruco_ros/install/aruco_ros/bin'
[20.315s] INFO:colcon.colcon_core.shell:Creating package script '/home/situjet/Desktop/aruco_ros/aruco_ros/install/aruco_ros/share/aruco_ros/package.ps1'
[20.315s] INFO:colcon.colcon_core.shell:Creating package descriptor '/home/situjet/Desktop/aruco_ros/aruco_ros/install/aruco_ros/share/aruco_ros/package.dsv'
[20.315s] INFO:colcon.colcon_core.shell:Creating package script '/home/situjet/Desktop/aruco_ros/aruco_ros/install/aruco_ros/share/aruco_ros/package.sh'
[20.316s] INFO:colcon.colcon_core.shell:Creating package script '/home/situjet/Desktop/aruco_ros/aruco_ros/install/aruco_ros/share/aruco_ros/package.bash'
[20.316s] INFO:colcon.colcon_core.shell:Creating package script '/home/situjet/Desktop/aruco_ros/aruco_ros/install/aruco_ros/share/aruco_ros/package.zsh'
[20.316s] Level 1:colcon.colcon_core.environment:create_file_with_runtime_dependencies(/home/situjet/Desktop/aruco_ros/aruco_ros/install/aruco_ros/share/colcon-core/packages/aruco_ros)
[20.317s] DEBUG:colcon.colcon_parallel_executor.executor.parallel:closing loop
[20.317s] DEBUG:colcon.colcon_parallel_executor.executor.parallel:loop closed
[20.317s] DEBUG:colcon.colcon_parallel_executor.executor.parallel:run_until_complete finished with '0'
[20.317s] DEBUG:colcon.colcon_core.event_reactor:joining thread
[20.339s] INFO:colcon.colcon_core.plugin_system:Skipping extension 'colcon_notification.desktop_notification.terminal_notifier': Not used on non-Darwin systems
[20.339s] INFO:colcon.colcon_core.plugin_system:Skipping extension 'colcon_notification.desktop_notification.win32': Not used on non-Windows systems
[20.339s] INFO:colcon.colcon_notification.desktop_notification:Sending desktop notification using 'notify2'
[20.349s] DEBUG:colcon.colcon_core.event_reactor:joined thread
[20.365s] INFO:colcon.colcon_core.shell:Creating prefix script '/home/situjet/Desktop/aruco_ros/aruco_ros/install/local_setup.ps1'
[20.366s] INFO:colcon.colcon_core.shell:Creating prefix util module '/home/situjet/Desktop/aruco_ros/aruco_ros/install/_local_setup_util_ps1.py'
[20.367s] INFO:colcon.colcon_core.shell:Creating prefix chain script '/home/situjet/Desktop/aruco_ros/aruco_ros/install/setup.ps1'
[20.384s] INFO:colcon.colcon_core.shell:Creating prefix script '/home/situjet/Desktop/aruco_ros/aruco_ros/install/local_setup.sh'
[20.384s] INFO:colcon.colcon_core.shell:Creating prefix util module '/home/situjet/Desktop/aruco_ros/aruco_ros/install/_local_setup_util_sh.py'
[20.385s] INFO:colcon.colcon_core.shell:Creating prefix chain script '/home/situjet/Desktop/aruco_ros/aruco_ros/install/setup.sh'
[20.401s] INFO:colcon.colcon_core.shell:Creating prefix script '/home/situjet/Desktop/aruco_ros/aruco_ros/install/local_setup.bash'
[20.401s] INFO:colcon.colcon_core.shell:Creating prefix chain script '/home/situjet/Desktop/aruco_ros/aruco_ros/install/setup.bash'
[20.418s] INFO:colcon.colcon_core.shell:Creating prefix script '/home/situjet/Desktop/aruco_ros/aruco_ros/install/local_setup.zsh'
[20.418s] INFO:colcon.colcon_core.shell:Creating prefix chain script '/home/situjet/Desktop/aruco_ros/aruco_ros/install/setup.zsh'
