[0.070s] Invoking command in '/home/situjet/Desktop/leo_common-ros2/build/leo_desktop': CMAKE_PREFIX_PATH=/home/situjet/Desktop/leo_common-ros2/install/leo_viz:/home/situjet/Desktop/leo_common-ros2/install/leo:/home/situjet/Desktop/leo_common-ros2/install/leo_teleop:/home/situjet/Desktop/leo_common-ros2/install/leo_msgs:/home/situjet/Desktop/leo_common-ros2/install/leo_description:/home/situjet/Desktop/leo_common-ros2/install/leo_teleop_holonomic:/home/situjet/Desktop/leo_common-ros2/install/leo_desktop:/opt/ros/humble /home/situjet/.local/bin/cmake --build /home/situjet/Desktop/leo_common-ros2/build/leo_desktop -- -j12 -l12
[0.104s] Invoked command in '/home/situjet/Desktop/leo_common-ros2/build/leo_desktop' returned '0': CMAKE_PREFIX_PATH=/home/situjet/Desktop/leo_common-ros2/install/leo_viz:/home/situjet/Desktop/leo_common-ros2/install/leo:/home/situjet/Desktop/leo_common-ros2/install/leo_teleop:/home/situjet/Desktop/leo_common-ros2/install/leo_msgs:/home/situjet/Desktop/leo_common-ros2/install/leo_description:/home/situjet/Desktop/leo_common-ros2/install/leo_teleop_holonomic:/home/situjet/Desktop/leo_common-ros2/install/leo_desktop:/opt/ros/humble /home/situjet/.local/bin/cmake --build /home/situjet/Desktop/leo_common-ros2/build/leo_desktop -- -j12 -l12
[0.138s] Invoking command in '/home/situjet/Desktop/leo_common-ros2/build/leo_desktop': CMAKE_PREFIX_PATH=/home/situjet/Desktop/leo_common-ros2/install/leo_viz:/home/situjet/Desktop/leo_common-ros2/install/leo:/home/situjet/Desktop/leo_common-ros2/install/leo_teleop:/home/situjet/Desktop/leo_common-ros2/install/leo_msgs:/home/situjet/Desktop/leo_common-ros2/install/leo_description:/home/situjet/Desktop/leo_common-ros2/install/leo_teleop_holonomic:/home/situjet/Desktop/leo_common-ros2/install/leo_desktop:/opt/ros/humble /home/situjet/.local/bin/cmake --install /home/situjet/Desktop/leo_common-ros2/build/leo_desktop
[0.160s] -- Install configuration: ""
[0.160s] -- Execute custom install script
[0.160s] -- Up-to-date symlink: /home/situjet/Desktop/leo_common-ros2/install/leo_desktop/share/ament_index/resource_index/package_run_dependencies/leo_desktop
[0.161s] -- Up-to-date symlink: /home/situjet/Desktop/leo_common-ros2/install/leo_desktop/share/ament_index/resource_index/parent_prefix_path/leo_desktop
[0.161s] -- Up-to-date symlink: /home/situjet/Desktop/leo_common-ros2/install/leo_desktop/share/leo_desktop/environment/ament_prefix_path.sh
[0.161s] -- Up-to-date symlink: /home/situjet/Desktop/leo_common-ros2/install/leo_desktop/share/leo_desktop/environment/ament_prefix_path.dsv
[0.161s] -- Up-to-date symlink: /home/situjet/Desktop/leo_common-ros2/install/leo_desktop/share/leo_desktop/environment/path.sh
[0.161s] -- Up-to-date symlink: /home/situjet/Desktop/leo_common-ros2/install/leo_desktop/share/leo_desktop/environment/path.dsv
[0.161s] -- Up-to-date symlink: /home/situjet/Desktop/leo_common-ros2/install/leo_desktop/share/leo_desktop/local_setup.bash
[0.161s] -- Up-to-date symlink: /home/situjet/Desktop/leo_common-ros2/install/leo_desktop/share/leo_desktop/local_setup.sh
[0.162s] -- Up-to-date symlink: /home/situjet/Desktop/leo_common-ros2/install/leo_desktop/share/leo_desktop/local_setup.zsh
[0.162s] -- Up-to-date symlink: /home/situjet/Desktop/leo_common-ros2/install/leo_desktop/share/leo_desktop/local_setup.dsv
[0.162s] -- Symlinking: /home/situjet/Desktop/leo_common-ros2/install/leo_desktop/share/leo_desktop/package.dsv
[0.164s] -- Up-to-date symlink: /home/situjet/Desktop/leo_common-ros2/install/leo_desktop/share/ament_index/resource_index/packages/leo_desktop
[0.164s] -- Up-to-date symlink: /home/situjet/Desktop/leo_common-ros2/install/leo_desktop/share/leo_desktop/cmake/leo_desktopConfig.cmake
[0.164s] -- Up-to-date symlink: /home/situjet/Desktop/leo_common-ros2/install/leo_desktop/share/leo_desktop/cmake/leo_desktopConfig-version.cmake
[0.165s] -- Up-to-date symlink: /home/situjet/Desktop/leo_common-ros2/install/leo_desktop/share/leo_desktop/package.xml
[0.169s] Invoked command in '/home/situjet/Desktop/leo_common-ros2/build/leo_desktop' returned '0': CMAKE_PREFIX_PATH=/home/situjet/Desktop/leo_common-ros2/install/leo_viz:/home/situjet/Desktop/leo_common-ros2/install/leo:/home/situjet/Desktop/leo_common-ros2/install/leo_teleop:/home/situjet/Desktop/leo_common-ros2/install/leo_msgs:/home/situjet/Desktop/leo_common-ros2/install/leo_description:/home/situjet/Desktop/leo_common-ros2/install/leo_teleop_holonomic:/home/situjet/Desktop/leo_common-ros2/install/leo_desktop:/opt/ros/humble /home/situjet/.local/bin/cmake --install /home/situjet/Desktop/leo_common-ros2/build/leo_desktop
