[  1%] Built target leo_msgs__cpp
[ 12%] Built target leo_msgs__rosidl_generator_c
[ 12%] Built target ament_cmake_python_symlink_leo_msgs
[ 34%] Built target leo_msgs__rosidl_typesupport_introspection_c
[ 34%] Built target leo_msgs__rosidl_typesupport_cpp
[ 46%] Built target leo_msgs__rosidl_typesupport_c
[ 57%] Built target leo_msgs__rosidl_typesupport_fastrtps_cpp
[ 68%] Built target leo_msgs__rosidl_typesupport_introspection_cpp
[ 79%] Built target leo_msgs__rosidl_typesupport_fastrtps_c
[ 79%] Built target leo_msgs
[ 80%] Built target leo_msgs__py
[ 90%] Built target leo_msgs__rosidl_generator_py
[ 96%] Built target leo_msgs__rosidl_typesupport_fastrtps_c__pyext
[ 96%] Built target leo_msgs__rosidl_typesupport_introspection_c__pyext
[100%] Built target leo_msgs__rosidl_typesupport_c__pyext
running egg_info
writing leo_msgs.egg-info/PKG-INFO
writing dependency_links to leo_msgs.egg-info/dependency_links.txt
writing top-level names to leo_msgs.egg-info/top_level.txt
reading manifest file 'leo_msgs.egg-info/SOURCES.txt'
writing manifest file 'leo_msgs.egg-info/SOURCES.txt'
[100%] Built target ament_cmake_python_build_leo_msgs_egg
-- Install configuration: ""
-- Execute custom install script
-- Up-to-date symlink: /home/situjet/Desktop/leo_common-ros2/install/leo_msgs/share/ament_index/resource_index/rosidl_interfaces/leo_msgs
-- Up-to-date symlink: /home/situjet/Desktop/leo_common-ros2/install/leo_msgs/include/leo_msgs/leo_msgs/msg/detail/imu__functions.h
-- Up-to-date symlink: /home/situjet/Desktop/leo_common-ros2/install/leo_msgs/include/leo_msgs/leo_msgs/msg/detail/imu__struct.h
-- Up-to-date symlink: /home/situjet/Desktop/leo_common-ros2/install/leo_msgs/include/leo_msgs/leo_msgs/msg/detail/imu__type_support.h
-- Up-to-date symlink: /home/situjet/Desktop/leo_common-ros2/install/leo_msgs/include/leo_msgs/leo_msgs/msg/detail/wheel_odom__functions.h
-- Up-to-date symlink: /home/situjet/Desktop/leo_common-ros2/install/leo_msgs/include/leo_msgs/leo_msgs/msg/detail/wheel_odom__struct.h
-- Up-to-date symlink: /home/situjet/Desktop/leo_common-ros2/install/leo_msgs/include/leo_msgs/leo_msgs/msg/detail/wheel_odom__type_support.h
-- Up-to-date symlink: /home/situjet/Desktop/leo_common-ros2/install/leo_msgs/include/leo_msgs/leo_msgs/msg/detail/wheel_odom_mecanum__functions.h
-- Up-to-date symlink: /home/situjet/Desktop/leo_common-ros2/install/leo_msgs/include/leo_msgs/leo_msgs/msg/detail/wheel_odom_mecanum__struct.h
-- Up-to-date symlink: /home/situjet/Desktop/leo_common-ros2/install/leo_msgs/include/leo_msgs/leo_msgs/msg/detail/wheel_odom_mecanum__type_support.h
-- Up-to-date symlink: /home/situjet/Desktop/leo_common-ros2/install/leo_msgs/include/leo_msgs/leo_msgs/msg/detail/wheel_states__functions.h
-- Up-to-date symlink: /home/situjet/Desktop/leo_common-ros2/install/leo_msgs/include/leo_msgs/leo_msgs/msg/detail/wheel_states__struct.h
-- Up-to-date symlink: /home/situjet/Desktop/leo_common-ros2/install/leo_msgs/include/leo_msgs/leo_msgs/msg/detail/wheel_states__type_support.h
-- Up-to-date symlink: /home/situjet/Desktop/leo_common-ros2/install/leo_msgs/include/leo_msgs/leo_msgs/msg/imu.h
-- Up-to-date symlink: /home/situjet/Desktop/leo_common-ros2/install/leo_msgs/include/leo_msgs/leo_msgs/msg/rosidl_generator_c__visibility_control.h
-- Up-to-date symlink: /home/situjet/Desktop/leo_common-ros2/install/leo_msgs/include/leo_msgs/leo_msgs/msg/wheel_odom.h
-- Up-to-date symlink: /home/situjet/Desktop/leo_common-ros2/install/leo_msgs/include/leo_msgs/leo_msgs/msg/wheel_odom_mecanum.h
-- Up-to-date symlink: /home/situjet/Desktop/leo_common-ros2/install/leo_msgs/include/leo_msgs/leo_msgs/msg/wheel_states.h
-- Up-to-date symlink: /home/situjet/Desktop/leo_common-ros2/install/leo_msgs/include/leo_msgs/leo_msgs/srv/detail/set_imu_calibration__functions.h
-- Up-to-date symlink: /home/situjet/Desktop/leo_common-ros2/install/leo_msgs/include/leo_msgs/leo_msgs/srv/detail/set_imu_calibration__struct.h
-- Up-to-date symlink: /home/situjet/Desktop/leo_common-ros2/install/leo_msgs/include/leo_msgs/leo_msgs/srv/detail/set_imu_calibration__type_support.h
-- Up-to-date symlink: /home/situjet/Desktop/leo_common-ros2/install/leo_msgs/include/leo_msgs/leo_msgs/srv/set_imu_calibration.h
-- Up-to-date symlink: /home/situjet/Desktop/leo_common-ros2/install/leo_msgs/share/leo_msgs/environment/library_path.sh
-- Up-to-date symlink: /home/situjet/Desktop/leo_common-ros2/install/leo_msgs/share/leo_msgs/environment/library_path.dsv
-- Up-to-date symlink: /home/situjet/Desktop/leo_common-ros2/install/leo_msgs/include/leo_msgs/leo_msgs/msg/detail/imu__rosidl_typesupport_fastrtps_c.h
-- Up-to-date symlink: /home/situjet/Desktop/leo_common-ros2/install/leo_msgs/include/leo_msgs/leo_msgs/msg/detail/wheel_odom__rosidl_typesupport_fastrtps_c.h
-- Up-to-date symlink: /home/situjet/Desktop/leo_common-ros2/install/leo_msgs/include/leo_msgs/leo_msgs/msg/detail/wheel_odom_mecanum__rosidl_typesupport_fastrtps_c.h
-- Up-to-date symlink: /home/situjet/Desktop/leo_common-ros2/install/leo_msgs/include/leo_msgs/leo_msgs/msg/detail/wheel_states__rosidl_typesupport_fastrtps_c.h
-- Up-to-date symlink: /home/situjet/Desktop/leo_common-ros2/install/leo_msgs/include/leo_msgs/leo_msgs/msg/rosidl_typesupport_fastrtps_c__visibility_control.h
-- Up-to-date symlink: /home/situjet/Desktop/leo_common-ros2/install/leo_msgs/include/leo_msgs/leo_msgs/srv/detail/set_imu_calibration__rosidl_typesupport_fastrtps_c.h
-- Up-to-date symlink: /home/situjet/Desktop/leo_common-ros2/install/leo_msgs/include/leo_msgs/leo_msgs/msg/detail/imu__rosidl_typesupport_introspection_c.h
-- Up-to-date symlink: /home/situjet/Desktop/leo_common-ros2/install/leo_msgs/include/leo_msgs/leo_msgs/msg/detail/wheel_odom__rosidl_typesupport_introspection_c.h
-- Up-to-date symlink: /home/situjet/Desktop/leo_common-ros2/install/leo_msgs/include/leo_msgs/leo_msgs/msg/detail/wheel_odom_mecanum__rosidl_typesupport_introspection_c.h
-- Up-to-date symlink: /home/situjet/Desktop/leo_common-ros2/install/leo_msgs/include/leo_msgs/leo_msgs/msg/detail/wheel_states__rosidl_typesupport_introspection_c.h
-- Up-to-date symlink: /home/situjet/Desktop/leo_common-ros2/install/leo_msgs/include/leo_msgs/leo_msgs/msg/rosidl_typesupport_introspection_c__visibility_control.h
-- Up-to-date symlink: /home/situjet/Desktop/leo_common-ros2/install/leo_msgs/include/leo_msgs/leo_msgs/srv/detail/set_imu_calibration__rosidl_typesupport_introspection_c.h
-- Up-to-date symlink: /home/situjet/Desktop/leo_common-ros2/install/leo_msgs/include/leo_msgs/leo_msgs/msg/detail/imu__builder.hpp
-- Up-to-date symlink: /home/situjet/Desktop/leo_common-ros2/install/leo_msgs/include/leo_msgs/leo_msgs/msg/detail/imu__struct.hpp
-- Up-to-date symlink: /home/situjet/Desktop/leo_common-ros2/install/leo_msgs/include/leo_msgs/leo_msgs/msg/detail/imu__traits.hpp
-- Up-to-date symlink: /home/situjet/Desktop/leo_common-ros2/install/leo_msgs/include/leo_msgs/leo_msgs/msg/detail/wheel_odom__builder.hpp
-- Up-to-date symlink: /home/situjet/Desktop/leo_common-ros2/install/leo_msgs/include/leo_msgs/leo_msgs/msg/detail/wheel_odom__struct.hpp
-- Up-to-date symlink: /home/situjet/Desktop/leo_common-ros2/install/leo_msgs/include/leo_msgs/leo_msgs/msg/detail/wheel_odom__traits.hpp
-- Up-to-date symlink: /home/situjet/Desktop/leo_common-ros2/install/leo_msgs/include/leo_msgs/leo_msgs/msg/detail/wheel_odom_mecanum__builder.hpp
-- Up-to-date symlink: /home/situjet/Desktop/leo_common-ros2/install/leo_msgs/include/leo_msgs/leo_msgs/msg/detail/wheel_odom_mecanum__struct.hpp
-- Up-to-date symlink: /home/situjet/Desktop/leo_common-ros2/install/leo_msgs/include/leo_msgs/leo_msgs/msg/detail/wheel_odom_mecanum__traits.hpp
-- Up-to-date symlink: /home/situjet/Desktop/leo_common-ros2/install/leo_msgs/include/leo_msgs/leo_msgs/msg/detail/wheel_states__builder.hpp
-- Up-to-date symlink: /home/situjet/Desktop/leo_common-ros2/install/leo_msgs/include/leo_msgs/leo_msgs/msg/detail/wheel_states__struct.hpp
-- Up-to-date symlink: /home/situjet/Desktop/leo_common-ros2/install/leo_msgs/include/leo_msgs/leo_msgs/msg/detail/wheel_states__traits.hpp
-- Up-to-date symlink: /home/situjet/Desktop/leo_common-ros2/install/leo_msgs/include/leo_msgs/leo_msgs/msg/imu.hpp
-- Up-to-date symlink: /home/situjet/Desktop/leo_common-ros2/install/leo_msgs/include/leo_msgs/leo_msgs/msg/wheel_odom.hpp
-- Up-to-date symlink: /home/situjet/Desktop/leo_common-ros2/install/leo_msgs/include/leo_msgs/leo_msgs/msg/wheel_odom_mecanum.hpp
-- Up-to-date symlink: /home/situjet/Desktop/leo_common-ros2/install/leo_msgs/include/leo_msgs/leo_msgs/msg/wheel_states.hpp
-- Up-to-date symlink: /home/situjet/Desktop/leo_common-ros2/install/leo_msgs/include/leo_msgs/leo_msgs/srv/detail/set_imu_calibration__builder.hpp
-- Up-to-date symlink: /home/situjet/Desktop/leo_common-ros2/install/leo_msgs/include/leo_msgs/leo_msgs/srv/detail/set_imu_calibration__struct.hpp
-- Up-to-date symlink: /home/situjet/Desktop/leo_common-ros2/install/leo_msgs/include/leo_msgs/leo_msgs/srv/detail/set_imu_calibration__traits.hpp
-- Up-to-date symlink: /home/situjet/Desktop/leo_common-ros2/install/leo_msgs/include/leo_msgs/leo_msgs/srv/set_imu_calibration.hpp
-- Up-to-date symlink: /home/situjet/Desktop/leo_common-ros2/install/leo_msgs/include/leo_msgs/leo_msgs/msg/detail/imu__rosidl_typesupport_fastrtps_cpp.hpp
-- Up-to-date symlink: /home/situjet/Desktop/leo_common-ros2/install/leo_msgs/include/leo_msgs/leo_msgs/msg/detail/wheel_odom__rosidl_typesupport_fastrtps_cpp.hpp
-- Up-to-date symlink: /home/situjet/Desktop/leo_common-ros2/install/leo_msgs/include/leo_msgs/leo_msgs/msg/detail/wheel_odom_mecanum__rosidl_typesupport_fastrtps_cpp.hpp
-- Up-to-date symlink: /home/situjet/Desktop/leo_common-ros2/install/leo_msgs/include/leo_msgs/leo_msgs/msg/detail/wheel_states__rosidl_typesupport_fastrtps_cpp.hpp
-- Up-to-date symlink: /home/situjet/Desktop/leo_common-ros2/install/leo_msgs/include/leo_msgs/leo_msgs/msg/rosidl_typesupport_fastrtps_cpp__visibility_control.h
-- Up-to-date symlink: /home/situjet/Desktop/leo_common-ros2/install/leo_msgs/include/leo_msgs/leo_msgs/srv/detail/set_imu_calibration__rosidl_typesupport_fastrtps_cpp.hpp
-- Up-to-date symlink: /home/situjet/Desktop/leo_common-ros2/install/leo_msgs/include/leo_msgs/leo_msgs/msg/detail/imu__rosidl_typesupport_introspection_cpp.hpp
-- Up-to-date symlink: /home/situjet/Desktop/leo_common-ros2/install/leo_msgs/include/leo_msgs/leo_msgs/msg/detail/wheel_odom__rosidl_typesupport_introspection_cpp.hpp
-- Up-to-date symlink: /home/situjet/Desktop/leo_common-ros2/install/leo_msgs/include/leo_msgs/leo_msgs/msg/detail/wheel_odom_mecanum__rosidl_typesupport_introspection_cpp.hpp
-- Up-to-date symlink: /home/situjet/Desktop/leo_common-ros2/install/leo_msgs/include/leo_msgs/leo_msgs/msg/detail/wheel_states__rosidl_typesupport_introspection_cpp.hpp
-- Up-to-date symlink: /home/situjet/Desktop/leo_common-ros2/install/leo_msgs/include/leo_msgs/leo_msgs/srv/detail/set_imu_calibration__rosidl_typesupport_introspection_cpp.hpp
-- Up-to-date symlink: /home/situjet/Desktop/leo_common-ros2/install/leo_msgs/share/leo_msgs/environment/pythonpath.sh
-- Up-to-date symlink: /home/situjet/Desktop/leo_common-ros2/install/leo_msgs/share/leo_msgs/environment/pythonpath.dsv
-- Up-to-date symlink: /home/situjet/Desktop/leo_common-ros2/install/leo_msgs/local/lib/python3.10/dist-packages/leo_msgs-1.1.0-py3.10.egg-info/PKG-INFO
-- Up-to-date symlink: /home/situjet/Desktop/leo_common-ros2/install/leo_msgs/local/lib/python3.10/dist-packages/leo_msgs-1.1.0-py3.10.egg-info/SOURCES.txt
-- Up-to-date symlink: /home/situjet/Desktop/leo_common-ros2/install/leo_msgs/local/lib/python3.10/dist-packages/leo_msgs-1.1.0-py3.10.egg-info/dependency_links.txt
-- Up-to-date symlink: /home/situjet/Desktop/leo_common-ros2/install/leo_msgs/local/lib/python3.10/dist-packages/leo_msgs-1.1.0-py3.10.egg-info/top_level.txt
-- Up-to-date symlink: /home/situjet/Desktop/leo_common-ros2/install/leo_msgs/local/lib/python3.10/dist-packages/leo_msgs/__init__.py
-- Up-to-date symlink: /home/situjet/Desktop/leo_common-ros2/install/leo_msgs/local/lib/python3.10/dist-packages/leo_msgs/_leo_msgs_s.ep.rosidl_typesupport_c.c
-- Up-to-date symlink: /home/situjet/Desktop/leo_common-ros2/install/leo_msgs/local/lib/python3.10/dist-packages/leo_msgs/_leo_msgs_s.ep.rosidl_typesupport_fastrtps_c.c
-- Up-to-date symlink: /home/situjet/Desktop/leo_common-ros2/install/leo_msgs/local/lib/python3.10/dist-packages/leo_msgs/_leo_msgs_s.ep.rosidl_typesupport_introspection_c.c
-- Up-to-date symlink: /home/situjet/Desktop/leo_common-ros2/install/leo_msgs/local/lib/python3.10/dist-packages/leo_msgs/leo_msgs_s__rosidl_typesupport_c.cpython-310-x86_64-linux-gnu.so
-- Up-to-date symlink: /home/situjet/Desktop/leo_common-ros2/install/leo_msgs/local/lib/python3.10/dist-packages/leo_msgs/leo_msgs_s__rosidl_typesupport_fastrtps_c.cpython-310-x86_64-linux-gnu.so
-- Up-to-date symlink: /home/situjet/Desktop/leo_common-ros2/install/leo_msgs/local/lib/python3.10/dist-packages/leo_msgs/leo_msgs_s__rosidl_typesupport_introspection_c.cpython-310-x86_64-linux-gnu.so
-- Up-to-date symlink: /home/situjet/Desktop/leo_common-ros2/install/leo_msgs/local/lib/python3.10/dist-packages/leo_msgs/libleo_msgs__rosidl_generator_py.so
-- Up-to-date symlink: /home/situjet/Desktop/leo_common-ros2/install/leo_msgs/local/lib/python3.10/dist-packages/leo_msgs/msg/__init__.py
-- Up-to-date symlink: /home/situjet/Desktop/leo_common-ros2/install/leo_msgs/local/lib/python3.10/dist-packages/leo_msgs/msg/_imu.py
-- Up-to-date symlink: /home/situjet/Desktop/leo_common-ros2/install/leo_msgs/local/lib/python3.10/dist-packages/leo_msgs/msg/_imu_s.c
-- Up-to-date symlink: /home/situjet/Desktop/leo_common-ros2/install/leo_msgs/local/lib/python3.10/dist-packages/leo_msgs/msg/_wheel_odom.py
-- Up-to-date symlink: /home/situjet/Desktop/leo_common-ros2/install/leo_msgs/local/lib/python3.10/dist-packages/leo_msgs/msg/_wheel_odom_mecanum.py
-- Up-to-date symlink: /home/situjet/Desktop/leo_common-ros2/install/leo_msgs/local/lib/python3.10/dist-packages/leo_msgs/msg/_wheel_odom_mecanum_s.c
-- Up-to-date symlink: /home/situjet/Desktop/leo_common-ros2/install/leo_msgs/local/lib/python3.10/dist-packages/leo_msgs/msg/_wheel_odom_s.c
-- Up-to-date symlink: /home/situjet/Desktop/leo_common-ros2/install/leo_msgs/local/lib/python3.10/dist-packages/leo_msgs/msg/_wheel_states.py
-- Up-to-date symlink: /home/situjet/Desktop/leo_common-ros2/install/leo_msgs/local/lib/python3.10/dist-packages/leo_msgs/msg/_wheel_states_s.c
-- Up-to-date symlink: /home/situjet/Desktop/leo_common-ros2/install/leo_msgs/local/lib/python3.10/dist-packages/leo_msgs/srv/__init__.py
-- Up-to-date symlink: /home/situjet/Desktop/leo_common-ros2/install/leo_msgs/local/lib/python3.10/dist-packages/leo_msgs/srv/_set_imu_calibration.py
-- Up-to-date symlink: /home/situjet/Desktop/leo_common-ros2/install/leo_msgs/local/lib/python3.10/dist-packages/leo_msgs/srv/_set_imu_calibration_s.c
-- Up-to-date symlink: /home/situjet/Desktop/leo_common-ros2/install/leo_msgs/local/lib/python3.10/dist-packages/leo_msgs/leo_msgs_s__rosidl_typesupport_fastrtps_c.cpython-310-x86_64-linux-gnu.so
-- Up-to-date symlink: /home/situjet/Desktop/leo_common-ros2/install/leo_msgs/local/lib/python3.10/dist-packages/leo_msgs/leo_msgs_s__rosidl_typesupport_introspection_c.cpython-310-x86_64-linux-gnu.so
-- Up-to-date symlink: /home/situjet/Desktop/leo_common-ros2/install/leo_msgs/local/lib/python3.10/dist-packages/leo_msgs/leo_msgs_s__rosidl_typesupport_c.cpython-310-x86_64-linux-gnu.so
-- Up-to-date symlink: /home/situjet/Desktop/leo_common-ros2/install/leo_msgs/share/leo_msgs/msg/Imu.idl
-- Up-to-date symlink: /home/situjet/Desktop/leo_common-ros2/install/leo_msgs/share/leo_msgs/msg/WheelOdom.idl
-- Up-to-date symlink: /home/situjet/Desktop/leo_common-ros2/install/leo_msgs/share/leo_msgs/msg/WheelOdomMecanum.idl
-- Up-to-date symlink: /home/situjet/Desktop/leo_common-ros2/install/leo_msgs/share/leo_msgs/msg/WheelStates.idl
-- Up-to-date symlink: /home/situjet/Desktop/leo_common-ros2/install/leo_msgs/share/leo_msgs/srv/SetImuCalibration.idl
-- Up-to-date symlink: /home/situjet/Desktop/leo_common-ros2/install/leo_msgs/share/leo_msgs/msg/Imu.msg
-- Up-to-date symlink: /home/situjet/Desktop/leo_common-ros2/install/leo_msgs/share/leo_msgs/msg/WheelOdom.msg
-- Up-to-date symlink: /home/situjet/Desktop/leo_common-ros2/install/leo_msgs/share/leo_msgs/msg/WheelOdomMecanum.msg
-- Up-to-date symlink: /home/situjet/Desktop/leo_common-ros2/install/leo_msgs/share/leo_msgs/msg/WheelStates.msg
-- Up-to-date symlink: /home/situjet/Desktop/leo_common-ros2/install/leo_msgs/share/leo_msgs/srv/SetImuCalibration.srv
-- Up-to-date symlink: /home/situjet/Desktop/leo_common-ros2/install/leo_msgs/share/leo_msgs/srv/SetImuCalibration_Request.msg
-- Up-to-date symlink: /home/situjet/Desktop/leo_common-ros2/install/leo_msgs/share/leo_msgs/srv/SetImuCalibration_Response.msg
-- Up-to-date symlink: /home/situjet/Desktop/leo_common-ros2/install/leo_msgs/share/ament_index/resource_index/package_run_dependencies/leo_msgs
-- Up-to-date symlink: /home/situjet/Desktop/leo_common-ros2/install/leo_msgs/share/ament_index/resource_index/parent_prefix_path/leo_msgs
-- Up-to-date symlink: /home/situjet/Desktop/leo_common-ros2/install/leo_msgs/share/leo_msgs/environment/ament_prefix_path.sh
-- Up-to-date symlink: /home/situjet/Desktop/leo_common-ros2/install/leo_msgs/share/leo_msgs/environment/ament_prefix_path.dsv
-- Up-to-date symlink: /home/situjet/Desktop/leo_common-ros2/install/leo_msgs/share/leo_msgs/environment/path.sh
-- Up-to-date symlink: /home/situjet/Desktop/leo_common-ros2/install/leo_msgs/share/leo_msgs/environment/path.dsv
-- Up-to-date symlink: /home/situjet/Desktop/leo_common-ros2/install/leo_msgs/share/leo_msgs/local_setup.bash
-- Up-to-date symlink: /home/situjet/Desktop/leo_common-ros2/install/leo_msgs/share/leo_msgs/local_setup.sh
-- Up-to-date symlink: /home/situjet/Desktop/leo_common-ros2/install/leo_msgs/share/leo_msgs/local_setup.zsh
-- Up-to-date symlink: /home/situjet/Desktop/leo_common-ros2/install/leo_msgs/share/leo_msgs/local_setup.dsv
-- Symlinking: /home/situjet/Desktop/leo_common-ros2/install/leo_msgs/share/leo_msgs/package.dsv
-- Up-to-date symlink: /home/situjet/Desktop/leo_common-ros2/install/leo_msgs/share/ament_index/resource_index/packages/leo_msgs
-- Up-to-date symlink: /home/situjet/Desktop/leo_common-ros2/install/leo_msgs/share/leo_msgs/cmake/rosidl_cmake-extras.cmake
-- Up-to-date symlink: /home/situjet/Desktop/leo_common-ros2/install/leo_msgs/share/leo_msgs/cmake/ament_cmake_export_dependencies-extras.cmake
-- Up-to-date symlink: /home/situjet/Desktop/leo_common-ros2/install/leo_msgs/share/leo_msgs/cmake/ament_cmake_export_include_directories-extras.cmake
-- Up-to-date symlink: /home/situjet/Desktop/leo_common-ros2/install/leo_msgs/share/leo_msgs/cmake/ament_cmake_export_libraries-extras.cmake
-- Up-to-date symlink: /home/situjet/Desktop/leo_common-ros2/install/leo_msgs/share/leo_msgs/cmake/ament_cmake_export_targets-extras.cmake
-- Up-to-date symlink: /home/situjet/Desktop/leo_common-ros2/install/leo_msgs/share/leo_msgs/cmake/rosidl_cmake_export_typesupport_targets-extras.cmake
-- Up-to-date symlink: /home/situjet/Desktop/leo_common-ros2/install/leo_msgs/share/leo_msgs/cmake/rosidl_cmake_export_typesupport_libraries-extras.cmake
-- Up-to-date symlink: /home/situjet/Desktop/leo_common-ros2/install/leo_msgs/share/leo_msgs/cmake/leo_msgsConfig.cmake
-- Up-to-date symlink: /home/situjet/Desktop/leo_common-ros2/install/leo_msgs/share/leo_msgs/cmake/leo_msgsConfig-version.cmake
-- Up-to-date symlink: /home/situjet/Desktop/leo_common-ros2/install/leo_msgs/share/leo_msgs/package.xml
-- Up-to-date: /home/situjet/Desktop/leo_common-ros2/install/leo_msgs/lib/libleo_msgs__rosidl_generator_c.so
-- Up-to-date: /home/situjet/Desktop/leo_common-ros2/install/leo_msgs/lib/libleo_msgs__rosidl_typesupport_fastrtps_c.so
-- Up-to-date: /home/situjet/Desktop/leo_common-ros2/install/leo_msgs/lib/libleo_msgs__rosidl_typesupport_introspection_c.so
-- Up-to-date: /home/situjet/Desktop/leo_common-ros2/install/leo_msgs/lib/libleo_msgs__rosidl_typesupport_c.so
-- Up-to-date: /home/situjet/Desktop/leo_common-ros2/install/leo_msgs/lib/libleo_msgs__rosidl_typesupport_fastrtps_cpp.so
-- Up-to-date: /home/situjet/Desktop/leo_common-ros2/install/leo_msgs/lib/libleo_msgs__rosidl_typesupport_introspection_cpp.so
-- Up-to-date: /home/situjet/Desktop/leo_common-ros2/install/leo_msgs/lib/libleo_msgs__rosidl_typesupport_cpp.so
Listing '/home/situjet/Desktop/leo_common-ros2/install/leo_msgs/local/lib/python3.10/dist-packages/leo_msgs'...
Listing '/home/situjet/Desktop/leo_common-ros2/install/leo_msgs/local/lib/python3.10/dist-packages/leo_msgs/msg'...
Listing '/home/situjet/Desktop/leo_common-ros2/install/leo_msgs/local/lib/python3.10/dist-packages/leo_msgs/srv'...
-- Up-to-date: /home/situjet/Desktop/leo_common-ros2/install/leo_msgs/lib/libleo_msgs__rosidl_generator_py.so
-- Up-to-date: /home/situjet/Desktop/leo_common-ros2/install/leo_msgs/share/leo_msgs/cmake/export_leo_msgs__rosidl_generator_cExport.cmake
-- Up-to-date: /home/situjet/Desktop/leo_common-ros2/install/leo_msgs/share/leo_msgs/cmake/export_leo_msgs__rosidl_generator_cExport-noconfig.cmake
-- Up-to-date: /home/situjet/Desktop/leo_common-ros2/install/leo_msgs/share/leo_msgs/cmake/export_leo_msgs__rosidl_typesupport_fastrtps_cExport.cmake
-- Up-to-date: /home/situjet/Desktop/leo_common-ros2/install/leo_msgs/share/leo_msgs/cmake/export_leo_msgs__rosidl_typesupport_fastrtps_cExport-noconfig.cmake
-- Up-to-date: /home/situjet/Desktop/leo_common-ros2/install/leo_msgs/share/leo_msgs/cmake/leo_msgs__rosidl_typesupport_introspection_cExport.cmake
-- Up-to-date: /home/situjet/Desktop/leo_common-ros2/install/leo_msgs/share/leo_msgs/cmake/leo_msgs__rosidl_typesupport_introspection_cExport-noconfig.cmake
-- Up-to-date: /home/situjet/Desktop/leo_common-ros2/install/leo_msgs/share/leo_msgs/cmake/leo_msgs__rosidl_typesupport_cExport.cmake
-- Up-to-date: /home/situjet/Desktop/leo_common-ros2/install/leo_msgs/share/leo_msgs/cmake/leo_msgs__rosidl_typesupport_cExport-noconfig.cmake
-- Up-to-date: /home/situjet/Desktop/leo_common-ros2/install/leo_msgs/share/leo_msgs/cmake/export_leo_msgs__rosidl_generator_cppExport.cmake
-- Up-to-date: /home/situjet/Desktop/leo_common-ros2/install/leo_msgs/share/leo_msgs/cmake/export_leo_msgs__rosidl_typesupport_fastrtps_cppExport.cmake
-- Up-to-date: /home/situjet/Desktop/leo_common-ros2/install/leo_msgs/share/leo_msgs/cmake/export_leo_msgs__rosidl_typesupport_fastrtps_cppExport-noconfig.cmake
-- Up-to-date: /home/situjet/Desktop/leo_common-ros2/install/leo_msgs/share/leo_msgs/cmake/leo_msgs__rosidl_typesupport_introspection_cppExport.cmake
-- Up-to-date: /home/situjet/Desktop/leo_common-ros2/install/leo_msgs/share/leo_msgs/cmake/leo_msgs__rosidl_typesupport_introspection_cppExport-noconfig.cmake
-- Up-to-date: /home/situjet/Desktop/leo_common-ros2/install/leo_msgs/share/leo_msgs/cmake/leo_msgs__rosidl_typesupport_cppExport.cmake
-- Up-to-date: /home/situjet/Desktop/leo_common-ros2/install/leo_msgs/share/leo_msgs/cmake/leo_msgs__rosidl_typesupport_cppExport-noconfig.cmake
-- Up-to-date: /home/situjet/Desktop/leo_common-ros2/install/leo_msgs/share/leo_msgs/cmake/export_leo_msgs__rosidl_generator_pyExport.cmake
-- Up-to-date: /home/situjet/Desktop/leo_common-ros2/install/leo_msgs/share/leo_msgs/cmake/export_leo_msgs__rosidl_generator_pyExport-noconfig.cmake
