[1.078s] DEBUG:colcon:Command line arguments: ['/usr/bin/colcon', 'build', '--packages-select', 'leo_teleop_holonomic']
[1.078s] DEBUG:colcon:Parsed command line arguments: Namespace(log_base=None, log_level=None, verb_name='build', build_base='build', install_base='install', merge_install=False, symlink_install=False, test_result_base=None, continue_on_error=False, executor='parallel', parallel_workers=12, event_handlers=None, ignore_user_meta=False, metas=['./colcon.meta'], base_paths=['.'], packages_ignore=None, packages_ignore_regex=None, paths=None, packages_up_to=None, packages_up_to_regex=None, packages_above=None, packages_above_and_dependencies=None, packages_above_depth=None, packages_select_by_dep=None, packages_skip_by_dep=None, packages_skip_up_to=None, packages_select_build_failed=False, packages_skip_build_finished=False, packages_select_test_failures=False, packages_skip_test_passed=False, packages_select=['leo_teleop_holonomic'], packages_skip=None, packages_select_regex=None, packages_skip_regex=None, packages_start=None, packages_end=None, allow_overriding=[], cmake_args=None, cmake_target=None, cmake_target_skip_unavailable=False, cmake_clean_cache=False, cmake_clean_first=False, cmake_force_configure=False, ament_cmake_args=None, catkin_cmake_args=None, catkin_skip_building_tests=False, verb_parser=<colcon_defaults.argument_parser.defaults.DefaultArgumentsDecorator object at 0x7fdfa48176d0>, verb_extension=<colcon_core.verb.build.BuildVerb object at 0x7fdfa4955900>, main=<bound method BuildVerb.main of <colcon_core.verb.build.BuildVerb object at 0x7fdfa4955900>>)
[1.159s] Level 1:colcon.colcon_core.package_discovery:discover_packages(colcon_meta) check parameters
[1.159s] Level 1:colcon.colcon_core.package_discovery:discover_packages(recursive) check parameters
[1.159s] Level 1:colcon.colcon_core.package_discovery:discover_packages(ignore) check parameters
[1.159s] Level 1:colcon.colcon_core.package_discovery:discover_packages(path) check parameters
[1.159s] Level 1:colcon.colcon_core.package_discovery:discover_packages(colcon_meta) discover
[1.159s] Level 1:colcon.colcon_core.package_discovery:discover_packages(recursive) discover
[1.160s] INFO:colcon.colcon_core.package_discovery:Crawling recursively for packages in '/home/situjet/Desktop/leo_common-ros2/src'
[1.160s] Level 1:colcon.colcon_core.package_identification:_identify(.) by extensions ['ignore', 'ignore_ament_install']
[1.160s] Level 1:colcon.colcon_core.package_identification:_identify(.) by extension 'ignore'
[1.160s] Level 1:colcon.colcon_core.package_identification:_identify(.) by extension 'ignore_ament_install'
[1.160s] Level 1:colcon.colcon_core.package_identification:_identify(.) by extensions ['colcon_pkg']
[1.160s] Level 1:colcon.colcon_core.package_identification:_identify(.) by extension 'colcon_pkg'
[1.160s] Level 1:colcon.colcon_core.package_identification:_identify(.) by extensions ['colcon_meta']
[1.160s] Level 1:colcon.colcon_core.package_identification:_identify(.) by extension 'colcon_meta'
[1.160s] Level 1:colcon.colcon_core.package_identification:_identify(.) by extensions ['ros']
[1.160s] Level 1:colcon.colcon_core.package_identification:_identify(.) by extension 'ros'
[1.174s] Level 1:colcon.colcon_core.package_identification:_identify(.) by extensions ['cmake', 'python']
[1.174s] Level 1:colcon.colcon_core.package_identification:_identify(.) by extension 'cmake'
[1.174s] Level 1:colcon.colcon_core.package_identification:_identify(.) by extension 'python'
[1.174s] Level 1:colcon.colcon_core.package_identification:_identify(.) by extensions ['python_setup_py']
[1.174s] Level 1:colcon.colcon_core.package_identification:_identify(.) by extension 'python_setup_py'
[1.174s] Level 1:colcon.colcon_core.package_identification:_identify(build) by extensions ['ignore', 'ignore_ament_install']
[1.174s] Level 1:colcon.colcon_core.package_identification:_identify(build) by extension 'ignore'
[1.174s] Level 1:colcon.colcon_core.package_identification:_identify(build) ignored
[1.175s] Level 1:colcon.colcon_core.package_identification:_identify(install) by extensions ['ignore', 'ignore_ament_install']
[1.175s] Level 1:colcon.colcon_core.package_identification:_identify(install) by extension 'ignore'
[1.175s] Level 1:colcon.colcon_core.package_identification:_identify(install) ignored
[1.175s] Level 1:colcon.colcon_core.package_identification:_identify(leo) by extensions ['ignore', 'ignore_ament_install']
[1.175s] Level 1:colcon.colcon_core.package_identification:_identify(leo) by extension 'ignore'
[1.175s] Level 1:colcon.colcon_core.package_identification:_identify(leo) by extension 'ignore_ament_install'
[1.175s] Level 1:colcon.colcon_core.package_identification:_identify(leo) by extensions ['colcon_pkg']
[1.175s] Level 1:colcon.colcon_core.package_identification:_identify(leo) by extension 'colcon_pkg'
[1.175s] Level 1:colcon.colcon_core.package_identification:_identify(leo) by extensions ['colcon_meta']
[1.175s] Level 1:colcon.colcon_core.package_identification:_identify(leo) by extension 'colcon_meta'
[1.175s] Level 1:colcon.colcon_core.package_identification:_identify(leo) by extensions ['ros']
[1.175s] Level 1:colcon.colcon_core.package_identification:_identify(leo) by extension 'ros'
[1.178s] DEBUG:colcon.colcon_core.package_identification:Package 'leo' with type 'ros.ament_cmake' and name 'leo'
[1.178s] Level 1:colcon.colcon_core.package_identification:_identify(leo_description) by extensions ['ignore', 'ignore_ament_install']
[1.178s] Level 1:colcon.colcon_core.package_identification:_identify(leo_description) by extension 'ignore'
[1.178s] Level 1:colcon.colcon_core.package_identification:_identify(leo_description) by extension 'ignore_ament_install'
[1.178s] Level 1:colcon.colcon_core.package_identification:_identify(leo_description) by extensions ['colcon_pkg']
[1.178s] Level 1:colcon.colcon_core.package_identification:_identify(leo_description) by extension 'colcon_pkg'
[1.178s] Level 1:colcon.colcon_core.package_identification:_identify(leo_description) by extensions ['colcon_meta']
[1.178s] Level 1:colcon.colcon_core.package_identification:_identify(leo_description) by extension 'colcon_meta'
[1.178s] Level 1:colcon.colcon_core.package_identification:_identify(leo_description) by extensions ['ros']
[1.178s] Level 1:colcon.colcon_core.package_identification:_identify(leo_description) by extension 'ros'
[1.179s] DEBUG:colcon.colcon_core.package_identification:Package 'leo_description' with type 'ros.ament_cmake' and name 'leo_description'
[1.179s] Level 1:colcon.colcon_core.package_identification:_identify(leo_desktop) by extensions ['ignore', 'ignore_ament_install']
[1.179s] Level 1:colcon.colcon_core.package_identification:_identify(leo_desktop) by extension 'ignore'
[1.179s] Level 1:colcon.colcon_core.package_identification:_identify(leo_desktop) by extension 'ignore_ament_install'
[1.179s] Level 1:colcon.colcon_core.package_identification:_identify(leo_desktop) by extensions ['colcon_pkg']
[1.179s] Level 1:colcon.colcon_core.package_identification:_identify(leo_desktop) by extension 'colcon_pkg'
[1.179s] Level 1:colcon.colcon_core.package_identification:_identify(leo_desktop) by extensions ['colcon_meta']
[1.179s] Level 1:colcon.colcon_core.package_identification:_identify(leo_desktop) by extension 'colcon_meta'
[1.179s] Level 1:colcon.colcon_core.package_identification:_identify(leo_desktop) by extensions ['ros']
[1.179s] Level 1:colcon.colcon_core.package_identification:_identify(leo_desktop) by extension 'ros'
[1.180s] DEBUG:colcon.colcon_core.package_identification:Package 'leo_desktop' with type 'ros.ament_cmake' and name 'leo_desktop'
[1.180s] Level 1:colcon.colcon_core.package_identification:_identify(leo_msgs) by extensions ['ignore', 'ignore_ament_install']
[1.180s] Level 1:colcon.colcon_core.package_identification:_identify(leo_msgs) by extension 'ignore'
[1.180s] Level 1:colcon.colcon_core.package_identification:_identify(leo_msgs) by extension 'ignore_ament_install'
[1.180s] Level 1:colcon.colcon_core.package_identification:_identify(leo_msgs) by extensions ['colcon_pkg']
[1.180s] Level 1:colcon.colcon_core.package_identification:_identify(leo_msgs) by extension 'colcon_pkg'
[1.180s] Level 1:colcon.colcon_core.package_identification:_identify(leo_msgs) by extensions ['colcon_meta']
[1.180s] Level 1:colcon.colcon_core.package_identification:_identify(leo_msgs) by extension 'colcon_meta'
[1.180s] Level 1:colcon.colcon_core.package_identification:_identify(leo_msgs) by extensions ['ros']
[1.180s] Level 1:colcon.colcon_core.package_identification:_identify(leo_msgs) by extension 'ros'
[1.180s] DEBUG:colcon.colcon_core.package_identification:Package 'leo_msgs' with type 'ros.ament_cmake' and name 'leo_msgs'
[1.181s] Level 1:colcon.colcon_core.package_identification:_identify(leo_teleop) by extensions ['ignore', 'ignore_ament_install']
[1.181s] Level 1:colcon.colcon_core.package_identification:_identify(leo_teleop) by extension 'ignore'
[1.181s] Level 1:colcon.colcon_core.package_identification:_identify(leo_teleop) by extension 'ignore_ament_install'
[1.181s] Level 1:colcon.colcon_core.package_identification:_identify(leo_teleop) by extensions ['colcon_pkg']
[1.181s] Level 1:colcon.colcon_core.package_identification:_identify(leo_teleop) by extension 'colcon_pkg'
[1.181s] Level 1:colcon.colcon_core.package_identification:_identify(leo_teleop) by extensions ['colcon_meta']
[1.181s] Level 1:colcon.colcon_core.package_identification:_identify(leo_teleop) by extension 'colcon_meta'
[1.181s] Level 1:colcon.colcon_core.package_identification:_identify(leo_teleop) by extensions ['ros']
[1.181s] Level 1:colcon.colcon_core.package_identification:_identify(leo_teleop) by extension 'ros'
[1.181s] DEBUG:colcon.colcon_core.package_identification:Package 'leo_teleop' with type 'ros.ament_cmake' and name 'leo_teleop'
[1.181s] Level 1:colcon.colcon_core.package_identification:_identify(leo_teleop_holonomic) by extensions ['ignore', 'ignore_ament_install']
[1.182s] Level 1:colcon.colcon_core.package_identification:_identify(leo_teleop_holonomic) by extension 'ignore'
[1.182s] Level 1:colcon.colcon_core.package_identification:_identify(leo_teleop_holonomic) by extension 'ignore_ament_install'
[1.182s] Level 1:colcon.colcon_core.package_identification:_identify(leo_teleop_holonomic) by extensions ['colcon_pkg']
[1.182s] Level 1:colcon.colcon_core.package_identification:_identify(leo_teleop_holonomic) by extension 'colcon_pkg'
[1.182s] Level 1:colcon.colcon_core.package_identification:_identify(leo_teleop_holonomic) by extensions ['colcon_meta']
[1.182s] Level 1:colcon.colcon_core.package_identification:_identify(leo_teleop_holonomic) by extension 'colcon_meta'
[1.182s] Level 1:colcon.colcon_core.package_identification:_identify(leo_teleop_holonomic) by extensions ['ros']
[1.182s] Level 1:colcon.colcon_core.package_identification:_identify(leo_teleop_holonomic) by extension 'ros'
[1.182s] DEBUG:colcon.colcon_core.package_identification:Package 'leo_teleop_holonomic' with type 'ros.ament_cmake' and name 'leo_teleop_holonomic'
[1.182s] Level 1:colcon.colcon_core.package_identification:_identify(leo_viz) by extensions ['ignore', 'ignore_ament_install']
[1.182s] Level 1:colcon.colcon_core.package_identification:_identify(leo_viz) by extension 'ignore'
[1.182s] Level 1:colcon.colcon_core.package_identification:_identify(leo_viz) by extension 'ignore_ament_install'
[1.182s] Level 1:colcon.colcon_core.package_identification:_identify(leo_viz) by extensions ['colcon_pkg']
[1.182s] Level 1:colcon.colcon_core.package_identification:_identify(leo_viz) by extension 'colcon_pkg'
[1.183s] Level 1:colcon.colcon_core.package_identification:_identify(leo_viz) by extensions ['colcon_meta']
[1.183s] Level 1:colcon.colcon_core.package_identification:_identify(leo_viz) by extension 'colcon_meta'
[1.183s] Level 1:colcon.colcon_core.package_identification:_identify(leo_viz) by extensions ['ros']
[1.183s] Level 1:colcon.colcon_core.package_identification:_identify(leo_viz) by extension 'ros'
[1.183s] DEBUG:colcon.colcon_core.package_identification:Package 'leo_viz' with type 'ros.ament_cmake' and name 'leo_viz'
[1.183s] Level 1:colcon.colcon_core.package_identification:_identify(log) by extensions ['ignore', 'ignore_ament_install']
[1.183s] Level 1:colcon.colcon_core.package_identification:_identify(log) by extension 'ignore'
[1.183s] Level 1:colcon.colcon_core.package_identification:_identify(log) ignored
[1.183s] Level 1:colcon.colcon_core.package_identification:_identify(programmed_drive) by extensions ['ignore', 'ignore_ament_install']
[1.183s] Level 1:colcon.colcon_core.package_identification:_identify(programmed_drive) by extension 'ignore'
[1.184s] Level 1:colcon.colcon_core.package_identification:_identify(programmed_drive) by extension 'ignore_ament_install'
[1.184s] Level 1:colcon.colcon_core.package_identification:_identify(programmed_drive) by extensions ['colcon_pkg']
[1.184s] Level 1:colcon.colcon_core.package_identification:_identify(programmed_drive) by extension 'colcon_pkg'
[1.184s] Level 1:colcon.colcon_core.package_identification:_identify(programmed_drive) by extensions ['colcon_meta']
[1.184s] Level 1:colcon.colcon_core.package_identification:_identify(programmed_drive) by extension 'colcon_meta'
[1.184s] Level 1:colcon.colcon_core.package_identification:_identify(programmed_drive) by extensions ['ros']
[1.184s] Level 1:colcon.colcon_core.package_identification:_identify(programmed_drive) by extension 'ros'
[1.184s] DEBUG:colcon.colcon_core.package_identification:Package 'programmed_drive' with type 'ros.ament_python' and name 'programmed_drive'
[1.184s] Level 1:colcon.colcon_core.package_discovery:discover_packages(recursive) using defaults
[1.184s] Level 1:colcon.colcon_core.package_discovery:discover_packages(ignore) discover
[1.185s] Level 1:colcon.colcon_core.package_discovery:discover_packages(ignore) using defaults
[1.185s] Level 1:colcon.colcon_core.package_discovery:discover_packages(path) discover
[1.185s] Level 1:colcon.colcon_core.package_discovery:discover_packages(path) using defaults
[1.251s] INFO:colcon.colcon_core.package_selection:Skipping not selected package 'leo_description' in 'leo_description'
[1.251s] INFO:colcon.colcon_core.package_selection:Skipping not selected package 'leo_msgs' in 'leo_msgs'
[1.251s] INFO:colcon.colcon_core.package_selection:Skipping not selected package 'leo_teleop' in 'leo_teleop'
[1.251s] INFO:colcon.colcon_core.package_selection:Skipping not selected package 'programmed_drive' in 'programmed_drive'
[1.251s] INFO:colcon.colcon_core.package_selection:Skipping not selected package 'leo' in 'leo'
[1.251s] INFO:colcon.colcon_core.package_selection:Skipping not selected package 'leo_viz' in 'leo_viz'
[1.251s] INFO:colcon.colcon_core.package_selection:Skipping not selected package 'leo_desktop' in 'leo_desktop'
[1.282s] Level 1:colcon.colcon_core.package_discovery:discover_packages(prefix_path) check parameters
[1.282s] Level 1:colcon.colcon_core.package_discovery:discover_packages(prefix_path) discover
[1.314s] DEBUG:colcon.colcon_installed_package_information.package_discovery:Found 1 installed packages in /home/situjet/Desktop/leo_common-ros2/src/leo_teleop_holonomic/install
[1.328s] DEBUG:colcon.colcon_installed_package_information.package_discovery:Found 7 installed packages in /home/situjet/Desktop/leo_common-ros2/install
[1.344s] DEBUG:colcon.colcon_installed_package_information.package_discovery:Found 408 installed packages in /opt/ros/humble
[1.352s] Level 1:colcon.colcon_core.package_discovery:discover_packages(prefix_path) using defaults
[1.459s] Level 5:colcon.colcon_core.verb:set package 'leo_teleop_holonomic' build argument 'cmake_args' from command line to 'None'
[1.459s] Level 5:colcon.colcon_core.verb:set package 'leo_teleop_holonomic' build argument 'cmake_target' from command line to 'None'
[1.459s] Level 5:colcon.colcon_core.verb:set package 'leo_teleop_holonomic' build argument 'cmake_target_skip_unavailable' from command line to 'False'
[1.459s] Level 5:colcon.colcon_core.verb:set package 'leo_teleop_holonomic' build argument 'cmake_clean_cache' from command line to 'False'
[1.459s] Level 5:colcon.colcon_core.verb:set package 'leo_teleop_holonomic' build argument 'cmake_clean_first' from command line to 'False'
[1.459s] Level 5:colcon.colcon_core.verb:set package 'leo_teleop_holonomic' build argument 'cmake_force_configure' from command line to 'False'
[1.459s] Level 5:colcon.colcon_core.verb:set package 'leo_teleop_holonomic' build argument 'ament_cmake_args' from command line to 'None'
[1.459s] Level 5:colcon.colcon_core.verb:set package 'leo_teleop_holonomic' build argument 'catkin_cmake_args' from command line to 'None'
[1.459s] Level 5:colcon.colcon_core.verb:set package 'leo_teleop_holonomic' build argument 'catkin_skip_building_tests' from command line to 'False'
[1.460s] DEBUG:colcon.colcon_core.verb:Building package 'leo_teleop_holonomic' with the following arguments: {'ament_cmake_args': None, 'build_base': '/home/situjet/Desktop/leo_common-ros2/src/build/leo_teleop_holonomic', 'catkin_cmake_args': None, 'catkin_skip_building_tests': False, 'cmake_args': None, 'cmake_clean_cache': False, 'cmake_clean_first': False, 'cmake_force_configure': False, 'cmake_target': None, 'cmake_target_skip_unavailable': False, 'install_base': '/home/situjet/Desktop/leo_common-ros2/src/install/leo_teleop_holonomic', 'merge_install': False, 'path': '/home/situjet/Desktop/leo_common-ros2/src/leo_teleop_holonomic', 'symlink_install': False, 'test_result_base': None}
[1.475s] INFO:colcon.colcon_core.executor:Executing jobs using 'parallel' executor
[1.490s] DEBUG:colcon.colcon_parallel_executor.executor.parallel:run_until_complete
[1.490s] INFO:colcon.colcon_ros.task.ament_cmake.build:Building ROS package in '/home/situjet/Desktop/leo_common-ros2/src/leo_teleop_holonomic' with build type 'ament_cmake'
[1.490s] INFO:colcon.colcon_cmake.task.cmake.build:Building CMake package in '/home/situjet/Desktop/leo_common-ros2/src/leo_teleop_holonomic'
[1.510s] INFO:colcon.colcon_core.plugin_system:Skipping extension 'colcon_core.shell.bat': Not used on non-Windows systems
[1.510s] INFO:colcon.colcon_core.shell:Skip shell extension 'powershell' for command environment: Not usable outside of PowerShell
[1.510s] DEBUG:colcon.colcon_core.shell:Skip shell extension 'dsv' for command environment
[1.578s] DEBUG:colcon.colcon_core.event_handler.log_command:Invoking command in '/home/situjet/Desktop/leo_common-ros2/src/build/leo_teleop_holonomic': CMAKE_PREFIX_PATH=${CMAKE_PREFIX_PATH}:/opt/ros/humble /home/situjet/.local/bin/cmake /home/situjet/Desktop/leo_common-ros2/src/leo_teleop_holonomic -DCMAKE_INSTALL_PREFIX=/home/situjet/Desktop/leo_common-ros2/src/install/leo_teleop_holonomic
[2.376s] DEBUG:colcon.colcon_core.event_handler.log_command:Invoked command in '/home/situjet/Desktop/leo_common-ros2/src/build/leo_teleop_holonomic' returned '0': CMAKE_PREFIX_PATH=${CMAKE_PREFIX_PATH}:/opt/ros/humble /home/situjet/.local/bin/cmake /home/situjet/Desktop/leo_common-ros2/src/leo_teleop_holonomic -DCMAKE_INSTALL_PREFIX=/home/situjet/Desktop/leo_common-ros2/src/install/leo_teleop_holonomic
[2.378s] DEBUG:colcon.colcon_core.event_handler.log_command:Invoking command in '/home/situjet/Desktop/leo_common-ros2/src/build/leo_teleop_holonomic': CMAKE_PREFIX_PATH=${CMAKE_PREFIX_PATH}:/opt/ros/humble /home/situjet/.local/bin/cmake --build /home/situjet/Desktop/leo_common-ros2/src/build/leo_teleop_holonomic -- -j12 -l12
[2.412s] DEBUG:colcon.colcon_core.event_handler.log_command:Invoked command in '/home/situjet/Desktop/leo_common-ros2/src/build/leo_teleop_holonomic' returned '0': CMAKE_PREFIX_PATH=${CMAKE_PREFIX_PATH}:/opt/ros/humble /home/situjet/.local/bin/cmake --build /home/situjet/Desktop/leo_common-ros2/src/build/leo_teleop_holonomic -- -j12 -l12
[2.473s] DEBUG:colcon.colcon_core.event_handler.log_command:Invoking command in '/home/situjet/Desktop/leo_common-ros2/src/build/leo_teleop_holonomic': CMAKE_PREFIX_PATH=${CMAKE_PREFIX_PATH}:/opt/ros/humble /home/situjet/.local/bin/cmake --install /home/situjet/Desktop/leo_common-ros2/src/build/leo_teleop_holonomic
[2.500s] Level 1:colcon.colcon_core.environment:create_environment_scripts_only(leo_teleop_holonomic)
[2.501s] DEBUG:colcon.colcon_core.event_handler.log_command:Invoked command in '/home/situjet/Desktop/leo_common-ros2/src/build/leo_teleop_holonomic' returned '0': CMAKE_PREFIX_PATH=${CMAKE_PREFIX_PATH}:/opt/ros/humble /home/situjet/.local/bin/cmake --install /home/situjet/Desktop/leo_common-ros2/src/build/leo_teleop_holonomic
[2.521s] Level 1:colcon.colcon_core.environment:checking '/home/situjet/Desktop/leo_common-ros2/src/install/leo_teleop_holonomic' for CMake module files
[2.521s] Level 1:colcon.colcon_core.environment:checking '/home/situjet/Desktop/leo_common-ros2/src/install/leo_teleop_holonomic' for CMake config files
[2.521s] Level 1:colcon.colcon_core.shell:create_environment_hook('leo_teleop_holonomic', 'cmake_prefix_path')
[2.537s] INFO:colcon.colcon_core.shell:Creating environment hook '/home/situjet/Desktop/leo_common-ros2/src/install/leo_teleop_holonomic/share/leo_teleop_holonomic/hook/cmake_prefix_path.ps1'
[2.538s] INFO:colcon.colcon_core.shell:Creating environment descriptor '/home/situjet/Desktop/leo_common-ros2/src/install/leo_teleop_holonomic/share/leo_teleop_holonomic/hook/cmake_prefix_path.dsv'
[2.538s] INFO:colcon.colcon_core.shell:Creating environment hook '/home/situjet/Desktop/leo_common-ros2/src/install/leo_teleop_holonomic/share/leo_teleop_holonomic/hook/cmake_prefix_path.sh'
[2.539s] Level 1:colcon.colcon_core.environment:checking '/home/situjet/Desktop/leo_common-ros2/src/install/leo_teleop_holonomic/bin'
[2.539s] Level 1:colcon.colcon_core.environment:checking '/home/situjet/Desktop/leo_common-ros2/src/install/leo_teleop_holonomic/lib/pkgconfig/leo_teleop_holonomic.pc'
[2.539s] Level 1:colcon.colcon_core.environment:checking '/home/situjet/Desktop/leo_common-ros2/src/install/leo_teleop_holonomic/lib/python3.10/site-packages'
[2.539s] Level 1:colcon.colcon_core.environment:checking '/home/situjet/Desktop/leo_common-ros2/src/install/leo_teleop_holonomic/bin'
[2.555s] INFO:colcon.colcon_core.shell:Creating package script '/home/situjet/Desktop/leo_common-ros2/src/install/leo_teleop_holonomic/share/leo_teleop_holonomic/package.ps1'
[2.556s] INFO:colcon.colcon_core.shell:Creating package descriptor '/home/situjet/Desktop/leo_common-ros2/src/install/leo_teleop_holonomic/share/leo_teleop_holonomic/package.dsv'
[2.556s] INFO:colcon.colcon_core.shell:Creating package script '/home/situjet/Desktop/leo_common-ros2/src/install/leo_teleop_holonomic/share/leo_teleop_holonomic/package.sh'
[2.557s] INFO:colcon.colcon_core.shell:Creating package script '/home/situjet/Desktop/leo_common-ros2/src/install/leo_teleop_holonomic/share/leo_teleop_holonomic/package.bash'
[2.557s] INFO:colcon.colcon_core.shell:Creating package script '/home/situjet/Desktop/leo_common-ros2/src/install/leo_teleop_holonomic/share/leo_teleop_holonomic/package.zsh'
[2.558s] Level 1:colcon.colcon_core.environment:create_file_with_runtime_dependencies(/home/situjet/Desktop/leo_common-ros2/src/install/leo_teleop_holonomic/share/colcon-core/packages/leo_teleop_holonomic)
[2.607s] Level 1:colcon.colcon_core.environment:create_environment_scripts_only(leo_teleop_holonomic)
[2.623s] Level 1:colcon.colcon_core.environment:checking '/home/situjet/Desktop/leo_common-ros2/src/install/leo_teleop_holonomic' for CMake module files
[2.623s] Level 1:colcon.colcon_core.environment:checking '/home/situjet/Desktop/leo_common-ros2/src/install/leo_teleop_holonomic' for CMake config files
[2.623s] Level 1:colcon.colcon_core.shell:create_environment_hook('leo_teleop_holonomic', 'cmake_prefix_path')
[2.639s] INFO:colcon.colcon_core.shell:Creating environment hook '/home/situjet/Desktop/leo_common-ros2/src/install/leo_teleop_holonomic/share/leo_teleop_holonomic/hook/cmake_prefix_path.ps1'
[2.639s] INFO:colcon.colcon_core.shell:Creating environment descriptor '/home/situjet/Desktop/leo_common-ros2/src/install/leo_teleop_holonomic/share/leo_teleop_holonomic/hook/cmake_prefix_path.dsv'
[2.639s] INFO:colcon.colcon_core.shell:Creating environment hook '/home/situjet/Desktop/leo_common-ros2/src/install/leo_teleop_holonomic/share/leo_teleop_holonomic/hook/cmake_prefix_path.sh'
[2.640s] Level 1:colcon.colcon_core.environment:checking '/home/situjet/Desktop/leo_common-ros2/src/install/leo_teleop_holonomic/bin'
[2.640s] Level 1:colcon.colcon_core.environment:checking '/home/situjet/Desktop/leo_common-ros2/src/install/leo_teleop_holonomic/lib/pkgconfig/leo_teleop_holonomic.pc'
[2.640s] Level 1:colcon.colcon_core.environment:checking '/home/situjet/Desktop/leo_common-ros2/src/install/leo_teleop_holonomic/lib/python3.10/site-packages'
[2.640s] Level 1:colcon.colcon_core.environment:checking '/home/situjet/Desktop/leo_common-ros2/src/install/leo_teleop_holonomic/bin'
[2.656s] INFO:colcon.colcon_core.shell:Creating package script '/home/situjet/Desktop/leo_common-ros2/src/install/leo_teleop_holonomic/share/leo_teleop_holonomic/package.ps1'
[2.656s] INFO:colcon.colcon_core.shell:Creating package descriptor '/home/situjet/Desktop/leo_common-ros2/src/install/leo_teleop_holonomic/share/leo_teleop_holonomic/package.dsv'
[2.656s] INFO:colcon.colcon_core.shell:Creating package script '/home/situjet/Desktop/leo_common-ros2/src/install/leo_teleop_holonomic/share/leo_teleop_holonomic/package.sh'
[2.657s] INFO:colcon.colcon_core.shell:Creating package script '/home/situjet/Desktop/leo_common-ros2/src/install/leo_teleop_holonomic/share/leo_teleop_holonomic/package.bash'
[2.657s] INFO:colcon.colcon_core.shell:Creating package script '/home/situjet/Desktop/leo_common-ros2/src/install/leo_teleop_holonomic/share/leo_teleop_holonomic/package.zsh'
[2.657s] Level 1:colcon.colcon_core.environment:create_file_with_runtime_dependencies(/home/situjet/Desktop/leo_common-ros2/src/install/leo_teleop_holonomic/share/colcon-core/packages/leo_teleop_holonomic)
[2.657s] DEBUG:colcon.colcon_parallel_executor.executor.parallel:closing loop
[2.657s] DEBUG:colcon.colcon_parallel_executor.executor.parallel:loop closed
[2.657s] DEBUG:colcon.colcon_parallel_executor.executor.parallel:run_until_complete finished with '0'
[2.658s] DEBUG:colcon.colcon_core.event_reactor:joining thread
[2.680s] INFO:colcon.colcon_core.plugin_system:Skipping extension 'colcon_notification.desktop_notification.terminal_notifier': Not used on non-Darwin systems
[2.680s] INFO:colcon.colcon_core.plugin_system:Skipping extension 'colcon_notification.desktop_notification.win32': Not used on non-Windows systems
[2.680s] INFO:colcon.colcon_notification.desktop_notification:Sending desktop notification using 'notify2'
[2.689s] DEBUG:colcon.colcon_core.event_reactor:joined thread
[2.705s] INFO:colcon.colcon_core.shell:Creating prefix script '/home/situjet/Desktop/leo_common-ros2/src/install/local_setup.ps1'
[2.706s] INFO:colcon.colcon_core.shell:Creating prefix util module '/home/situjet/Desktop/leo_common-ros2/src/install/_local_setup_util_ps1.py'
[2.707s] INFO:colcon.colcon_core.shell:Creating prefix chain script '/home/situjet/Desktop/leo_common-ros2/src/install/setup.ps1'
[2.724s] INFO:colcon.colcon_core.shell:Creating prefix script '/home/situjet/Desktop/leo_common-ros2/src/install/local_setup.sh'
[2.724s] INFO:colcon.colcon_core.shell:Creating prefix util module '/home/situjet/Desktop/leo_common-ros2/src/install/_local_setup_util_sh.py'
[2.725s] INFO:colcon.colcon_core.shell:Creating prefix chain script '/home/situjet/Desktop/leo_common-ros2/src/install/setup.sh'
[2.742s] INFO:colcon.colcon_core.shell:Creating prefix script '/home/situjet/Desktop/leo_common-ros2/src/install/local_setup.bash'
[2.742s] INFO:colcon.colcon_core.shell:Creating prefix chain script '/home/situjet/Desktop/leo_common-ros2/src/install/setup.bash'
[2.759s] INFO:colcon.colcon_core.shell:Creating prefix script '/home/situjet/Desktop/leo_common-ros2/src/install/local_setup.zsh'
[2.759s] INFO:colcon.colcon_core.shell:Creating prefix chain script '/home/situjet/Desktop/leo_common-ros2/src/install/setup.zsh'
