-- Install configuration: ""
-- Up-to-date: /home/pi/LeoRover-SLAM-ROS2/leo_common-ros2/install/leo_viz/share/leo_viz/launch
-- Up-to-date: /home/pi/LeoRover-SLAM-ROS2/leo_common-ros2/install/leo_viz/share/leo_viz/launch/rviz.launch.xml
-- Up-to-date: /home/pi/LeoRover-SLAM-ROS2/leo_common-ros2/install/leo_viz/share/leo_viz/launch/view_model.launch.xml
-- Up-to-date: /home/pi/LeoRover-SLAM-ROS2/leo_common-ros2/install/leo_viz/share/leo_viz/rviz
-- Up-to-date: /home/pi/LeoRover-SLAM-ROS2/leo_common-ros2/install/leo_viz/share/leo_viz/rviz/robot.rviz
-- Up-to-date: /home/pi/LeoRover-SLAM-ROS2/leo_common-ros2/install/leo_viz/share/ament_index/resource_index/package_run_dependencies/leo_viz
-- Up-to-date: /home/pi/LeoRover-SLAM-ROS2/leo_common-ros2/install/leo_viz/share/ament_index/resource_index/parent_prefix_path/leo_viz
-- Up-to-date: /home/pi/LeoRover-SLAM-ROS2/leo_common-ros2/install/leo_viz/share/leo_viz/environment/ament_prefix_path.sh
-- Up-to-date: /home/pi/LeoRover-SLAM-ROS2/leo_common-ros2/install/leo_viz/share/leo_viz/environment/ament_prefix_path.dsv
-- Up-to-date: /home/pi/LeoRover-SLAM-ROS2/leo_common-ros2/install/leo_viz/share/leo_viz/environment/path.sh
-- Up-to-date: /home/pi/LeoRover-SLAM-ROS2/leo_common-ros2/install/leo_viz/share/leo_viz/environment/path.dsv
-- Up-to-date: /home/pi/LeoRover-SLAM-ROS2/leo_common-ros2/install/leo_viz/share/leo_viz/local_setup.bash
-- Up-to-date: /home/pi/LeoRover-SLAM-ROS2/leo_common-ros2/install/leo_viz/share/leo_viz/local_setup.sh
-- Up-to-date: /home/pi/LeoRover-SLAM-ROS2/leo_common-ros2/install/leo_viz/share/leo_viz/local_setup.zsh
-- Up-to-date: /home/pi/LeoRover-SLAM-ROS2/leo_common-ros2/install/leo_viz/share/leo_viz/local_setup.dsv
-- Installing: /home/pi/LeoRover-SLAM-ROS2/leo_common-ros2/install/leo_viz/share/leo_viz/package.dsv
-- Up-to-date: /home/pi/LeoRover-SLAM-ROS2/leo_common-ros2/install/leo_viz/share/ament_index/resource_index/packages/leo_viz
-- Up-to-date: /home/pi/LeoRover-SLAM-ROS2/leo_common-ros2/install/leo_viz/share/leo_viz/cmake/leo_vizConfig.cmake
-- Up-to-date: /home/pi/LeoRover-SLAM-ROS2/leo_common-ros2/install/leo_viz/share/leo_viz/cmake/leo_vizConfig-version.cmake
-- Up-to-date: /home/pi/LeoRover-SLAM-ROS2/leo_common-ros2/install/leo_viz/share/leo_viz/package.xml
