[3.520s] Invoking command in '/home/pi/LeoRover-SLAM-ROS2/leo_common-ros2/build/leo_viz': CMAKE_PREFIX_PATH=/home/pi/LeoRover-SLAM-ROS2/leo_common-ros2/install/leo_description:/home/pi/LeoRover-SLAM-ROS2/leo_common-ros2/install/leo_desktop:/home/pi/LeoRover-SLAM-ROS2/leo_common-ros2/install/leo_viz:/home/pi/LeoRover-SLAM-ROS2/leo_common-ros2/install/leo:/home/pi/LeoRover-SLAM-ROS2/leo_common-ros2/install/leo_teleop:/home/pi/LeoRover-SLAM-ROS2/leo_common-ros2/install/leo_msgs:/home/pi/LeoRover-SLAM-ROS2/aruco_ros/install/aruco_ros:/home/pi/LeoRover-SLAM-ROS2/aruco_ros/install/aruco_msgs:/home/pi/LeoRover-SLAM-ROS2/aruco_ros/install/aruco:/home/pi/LeoRover-SLAM-ROS2/leo_common-ros2/install/programmed_drive:/opt/ros/humble /usr/bin/cmake --build /home/pi/LeoRover-SLAM-ROS2/leo_common-ros2/build/leo_viz -- -j4 -l4
[4.414s] Invoked command in '/home/pi/LeoRover-SLAM-ROS2/leo_common-ros2/build/leo_viz' returned '0': CMAKE_PREFIX_PATH=/home/pi/LeoRover-SLAM-ROS2/leo_common-ros2/install/leo_description:/home/pi/LeoRover-SLAM-ROS2/leo_common-ros2/install/leo_desktop:/home/pi/LeoRover-SLAM-ROS2/leo_common-ros2/install/leo_viz:/home/pi/LeoRover-SLAM-ROS2/leo_common-ros2/install/leo:/home/pi/LeoRover-SLAM-ROS2/leo_common-ros2/install/leo_teleop:/home/pi/LeoRover-SLAM-ROS2/leo_common-ros2/install/leo_msgs:/home/pi/LeoRover-SLAM-ROS2/aruco_ros/install/aruco_ros:/home/pi/LeoRover-SLAM-ROS2/aruco_ros/install/aruco_msgs:/home/pi/LeoRover-SLAM-ROS2/aruco_ros/install/aruco:/home/pi/LeoRover-SLAM-ROS2/leo_common-ros2/install/programmed_drive:/opt/ros/humble /usr/bin/cmake --build /home/pi/LeoRover-SLAM-ROS2/leo_common-ros2/build/leo_viz -- -j4 -l4
[5.131s] Invoking command in '/home/pi/LeoRover-SLAM-ROS2/leo_common-ros2/build/leo_viz': CMAKE_PREFIX_PATH=/home/pi/LeoRover-SLAM-ROS2/leo_common-ros2/install/leo_description:/home/pi/LeoRover-SLAM-ROS2/leo_common-ros2/install/leo_desktop:/home/pi/LeoRover-SLAM-ROS2/leo_common-ros2/install/leo_viz:/home/pi/LeoRover-SLAM-ROS2/leo_common-ros2/install/leo:/home/pi/LeoRover-SLAM-ROS2/leo_common-ros2/install/leo_teleop:/home/pi/LeoRover-SLAM-ROS2/leo_common-ros2/install/leo_msgs:/home/pi/LeoRover-SLAM-ROS2/aruco_ros/install/aruco_ros:/home/pi/LeoRover-SLAM-ROS2/aruco_ros/install/aruco_msgs:/home/pi/LeoRover-SLAM-ROS2/aruco_ros/install/aruco:/home/pi/LeoRover-SLAM-ROS2/leo_common-ros2/install/programmed_drive:/opt/ros/humble /usr/bin/cmake --install /home/pi/LeoRover-SLAM-ROS2/leo_common-ros2/build/leo_viz
[5.290s] -- Install configuration: ""
[5.293s] -- Up-to-date: /home/pi/LeoRover-SLAM-ROS2/leo_common-ros2/install/leo_viz/share/leo_viz/launch
[5.300s] -- Up-to-date: /home/pi/LeoRover-SLAM-ROS2/leo_common-ros2/install/leo_viz/share/leo_viz/launch/rviz.launch.xml
[5.303s] -- Up-to-date: /home/pi/LeoRover-SLAM-ROS2/leo_common-ros2/install/leo_viz/share/leo_viz/launch/view_model.launch.xml
[5.312s] -- Up-to-date: /home/pi/LeoRover-SLAM-ROS2/leo_common-ros2/install/leo_viz/share/leo_viz/rviz
[5.322s] -- Up-to-date: /home/pi/LeoRover-SLAM-ROS2/leo_common-ros2/install/leo_viz/share/leo_viz/rviz/robot.rviz
[5.323s] -- Up-to-date: /home/pi/LeoRover-SLAM-ROS2/leo_common-ros2/install/leo_viz/share/ament_index/resource_index/package_run_dependencies/leo_viz
[5.337s] -- Up-to-date: /home/pi/LeoRover-SLAM-ROS2/leo_common-ros2/install/leo_viz/share/ament_index/resource_index/parent_prefix_path/leo_viz
[5.360s] -- Up-to-date: /home/pi/LeoRover-SLAM-ROS2/leo_common-ros2/install/leo_viz/share/leo_viz/environment/ament_prefix_path.sh
[5.362s] -- Up-to-date: /home/pi/LeoRover-SLAM-ROS2/leo_common-ros2/install/leo_viz/share/leo_viz/environment/ament_prefix_path.dsv
[5.383s] -- Up-to-date: /home/pi/LeoRover-SLAM-ROS2/leo_common-ros2/install/leo_viz/share/leo_viz/environment/path.sh
[5.404s] -- Up-to-date: /home/pi/LeoRover-SLAM-ROS2/leo_common-ros2/install/leo_viz/share/leo_viz/environment/path.dsv
[5.414s] -- Up-to-date: /home/pi/LeoRover-SLAM-ROS2/leo_common-ros2/install/leo_viz/share/leo_viz/local_setup.bash
[5.422s] -- Up-to-date: /home/pi/LeoRover-SLAM-ROS2/leo_common-ros2/install/leo_viz/share/leo_viz/local_setup.sh
[5.462s] -- Up-to-date: /home/pi/LeoRover-SLAM-ROS2/leo_common-ros2/install/leo_viz/share/leo_viz/local_setup.zsh
[5.478s] -- Up-to-date: /home/pi/LeoRover-SLAM-ROS2/leo_common-ros2/install/leo_viz/share/leo_viz/local_setup.dsv
[5.479s] -- Installing: /home/pi/LeoRover-SLAM-ROS2/leo_common-ros2/install/leo_viz/share/leo_viz/package.dsv
[5.480s] -- Up-to-date: /home/pi/LeoRover-SLAM-ROS2/leo_common-ros2/install/leo_viz/share/ament_index/resource_index/packages/leo_viz
[5.481s] -- Up-to-date: /home/pi/LeoRover-SLAM-ROS2/leo_common-ros2/install/leo_viz/share/leo_viz/cmake/leo_vizConfig.cmake
[5.482s] -- Up-to-date: /home/pi/LeoRover-SLAM-ROS2/leo_common-ros2/install/leo_viz/share/leo_viz/cmake/leo_vizConfig-version.cmake
[5.483s] -- Up-to-date: /home/pi/LeoRover-SLAM-ROS2/leo_common-ros2/install/leo_viz/share/leo_viz/package.xml
[5.484s] Invoked command in '/home/pi/LeoRover-SLAM-ROS2/leo_common-ros2/build/leo_viz' returned '0': CMAKE_PREFIX_PATH=/home/pi/LeoRover-SLAM-ROS2/leo_common-ros2/install/leo_description:/home/pi/LeoRover-SLAM-ROS2/leo_common-ros2/install/leo_desktop:/home/pi/LeoRover-SLAM-ROS2/leo_common-ros2/install/leo_viz:/home/pi/LeoRover-SLAM-ROS2/leo_common-ros2/install/leo:/home/pi/LeoRover-SLAM-ROS2/leo_common-ros2/install/leo_teleop:/home/pi/LeoRover-SLAM-ROS2/leo_common-ros2/install/leo_msgs:/home/pi/LeoRover-SLAM-ROS2/aruco_ros/install/aruco_ros:/home/pi/LeoRover-SLAM-ROS2/aruco_ros/install/aruco_msgs:/home/pi/LeoRover-SLAM-ROS2/aruco_ros/install/aruco:/home/pi/LeoRover-SLAM-ROS2/leo_common-ros2/install/programmed_drive:/opt/ros/humble /usr/bin/cmake --install /home/pi/LeoRover-SLAM-ROS2/leo_common-ros2/build/leo_viz
