[1.629s] Invoking command in '/home/pi/LeoRover-SLAM-ROS2/leo_common-ros2/build/leo_desktop': CMAKE_PREFIX_PATH=/home/pi/LeoRover-SLAM-ROS2/leo_common-ros2/install/leo_viz:/home/pi/LeoRover-SLAM-ROS2/leo_common-ros2/install/leo:/home/pi/LeoRover-SLAM-ROS2/leo_common-ros2/install/leo_teleop:/home/pi/LeoRover-SLAM-ROS2/leo_common-ros2/install/leo_msgs:/home/pi/LeoRover-SLAM-ROS2/leo_common-ros2/install/leo_description:/home/pi/LeoRover-SLAM-ROS2/leo_common-ros2/install/leo_desktop:/home/pi/LeoRover-SLAM-ROS2/aruco_ros/install/aruco_ros:/home/pi/LeoRover-SLAM-ROS2/aruco_ros/install/aruco_msgs:/home/pi/LeoRover-SLAM-ROS2/aruco_ros/install/aruco:/home/pi/LeoRover-SLAM-ROS2/leo_common-ros2/install/programmed_drive:/opt/ros/humble /usr/bin/cmake --build /home/pi/LeoRover-SLAM-ROS2/leo_common-ros2/build/leo_desktop -- -j4 -l4
[2.484s] Invoked command in '/home/pi/LeoRover-SLAM-ROS2/leo_common-ros2/build/leo_desktop' returned '0': CMAKE_PREFIX_PATH=/home/pi/LeoRover-SLAM-ROS2/leo_common-ros2/install/leo_viz:/home/pi/LeoRover-SLAM-ROS2/leo_common-ros2/install/leo:/home/pi/LeoRover-SLAM-ROS2/leo_common-ros2/install/leo_teleop:/home/pi/LeoRover-SLAM-ROS2/leo_common-ros2/install/leo_msgs:/home/pi/LeoRover-SLAM-ROS2/leo_common-ros2/install/leo_description:/home/pi/LeoRover-SLAM-ROS2/leo_common-ros2/install/leo_desktop:/home/pi/LeoRover-SLAM-ROS2/aruco_ros/install/aruco_ros:/home/pi/LeoRover-SLAM-ROS2/aruco_ros/install/aruco_msgs:/home/pi/LeoRover-SLAM-ROS2/aruco_ros/install/aruco:/home/pi/LeoRover-SLAM-ROS2/leo_common-ros2/install/programmed_drive:/opt/ros/humble /usr/bin/cmake --build /home/pi/LeoRover-SLAM-ROS2/leo_common-ros2/build/leo_desktop -- -j4 -l4
[2.778s] Invoking command in '/home/pi/LeoRover-SLAM-ROS2/leo_common-ros2/build/leo_desktop': CMAKE_PREFIX_PATH=/home/pi/LeoRover-SLAM-ROS2/leo_common-ros2/install/leo_viz:/home/pi/LeoRover-SLAM-ROS2/leo_common-ros2/install/leo:/home/pi/LeoRover-SLAM-ROS2/leo_common-ros2/install/leo_teleop:/home/pi/LeoRover-SLAM-ROS2/leo_common-ros2/install/leo_msgs:/home/pi/LeoRover-SLAM-ROS2/leo_common-ros2/install/leo_description:/home/pi/LeoRover-SLAM-ROS2/leo_common-ros2/install/leo_desktop:/home/pi/LeoRover-SLAM-ROS2/aruco_ros/install/aruco_ros:/home/pi/LeoRover-SLAM-ROS2/aruco_ros/install/aruco_msgs:/home/pi/LeoRover-SLAM-ROS2/aruco_ros/install/aruco:/home/pi/LeoRover-SLAM-ROS2/leo_common-ros2/install/programmed_drive:/opt/ros/humble /usr/bin/cmake --install /home/pi/LeoRover-SLAM-ROS2/leo_common-ros2/build/leo_desktop
[2.920s] -- Install configuration: ""
[2.921s] -- Up-to-date: /home/pi/LeoRover-SLAM-ROS2/leo_common-ros2/install/leo_desktop/share/ament_index/resource_index/package_run_dependencies/leo_desktop
[2.925s] -- Up-to-date: /home/pi/LeoRover-SLAM-ROS2/leo_common-ros2/install/leo_desktop/share/ament_index/resource_index/parent_prefix_path/leo_desktop
[2.928s] -- Up-to-date: /home/pi/LeoRover-SLAM-ROS2/leo_common-ros2/install/leo_desktop/share/leo_desktop/environment/ament_prefix_path.sh
[2.932s] -- Up-to-date: /home/pi/LeoRover-SLAM-ROS2/leo_common-ros2/install/leo_desktop/share/leo_desktop/environment/ament_prefix_path.dsv
[2.937s] -- Up-to-date: /home/pi/LeoRover-SLAM-ROS2/leo_common-ros2/install/leo_desktop/share/leo_desktop/environment/path.sh
[2.946s] -- Up-to-date: /home/pi/LeoRover-SLAM-ROS2/leo_common-ros2/install/leo_desktop/share/leo_desktop/environment/path.dsv
[2.948s] -- Up-to-date: /home/pi/LeoRover-SLAM-ROS2/leo_common-ros2/install/leo_desktop/share/leo_desktop/local_setup.bash
[2.950s] -- Up-to-date: /home/pi/LeoRover-SLAM-ROS2/leo_common-ros2/install/leo_desktop/share/leo_desktop/local_setup.sh
[2.955s] -- Up-to-date: /home/pi/LeoRover-SLAM-ROS2/leo_common-ros2/install/leo_desktop/share/leo_desktop/local_setup.zsh
[2.956s] -- Up-to-date: /home/pi/LeoRover-SLAM-ROS2/leo_common-ros2/install/leo_desktop/share/leo_desktop/local_setup.dsv
[2.958s] -- Installing: /home/pi/LeoRover-SLAM-ROS2/leo_common-ros2/install/leo_desktop/share/leo_desktop/package.dsv
[2.965s] -- Up-to-date: /home/pi/LeoRover-SLAM-ROS2/leo_common-ros2/install/leo_desktop/share/ament_index/resource_index/packages/leo_desktop
[2.970s] -- Up-to-date: /home/pi/LeoRover-SLAM-ROS2/leo_common-ros2/install/leo_desktop/share/leo_desktop/cmake/leo_desktopConfig.cmake
[2.972s] -- Up-to-date: /home/pi/LeoRover-SLAM-ROS2/leo_common-ros2/install/leo_desktop/share/leo_desktop/cmake/leo_desktopConfig-version.cmake
[2.973s] -- Up-to-date: /home/pi/LeoRover-SLAM-ROS2/leo_common-ros2/install/leo_desktop/share/leo_desktop/package.xml
[3.002s] Invoked command in '/home/pi/LeoRover-SLAM-ROS2/leo_common-ros2/build/leo_desktop' returned '0': CMAKE_PREFIX_PATH=/home/pi/LeoRover-SLAM-ROS2/leo_common-ros2/install/leo_viz:/home/pi/LeoRover-SLAM-ROS2/leo_common-ros2/install/leo:/home/pi/LeoRover-SLAM-ROS2/leo_common-ros2/install/leo_teleop:/home/pi/LeoRover-SLAM-ROS2/leo_common-ros2/install/leo_msgs:/home/pi/LeoRover-SLAM-ROS2/leo_common-ros2/install/leo_description:/home/pi/LeoRover-SLAM-ROS2/leo_common-ros2/install/leo_desktop:/home/pi/LeoRover-SLAM-ROS2/aruco_ros/install/aruco_ros:/home/pi/LeoRover-SLAM-ROS2/aruco_ros/install/aruco_msgs:/home/pi/LeoRover-SLAM-ROS2/aruco_ros/install/aruco:/home/pi/LeoRover-SLAM-ROS2/leo_common-ros2/install/programmed_drive:/opt/ros/humble /usr/bin/cmake --install /home/pi/LeoRover-SLAM-ROS2/leo_common-ros2/build/leo_desktop
