[1.060s] DEBUG:colcon:Command line arguments: ['/usr/bin/colcon', 'build', '--symlink-install']
[1.060s] DEBUG:colcon:Parsed command line arguments: Namespace(log_base=None, log_level=None, verb_name='build', build_base='build', install_base='install', merge_install=False, symlink_install=True, test_result_base=None, continue_on_error=False, executor='parallel', parallel_workers=12, event_handlers=None, ignore_user_meta=False, metas=['./colcon.meta'], base_paths=['.'], packages_ignore=None, packages_ignore_regex=None, paths=None, packages_up_to=None, packages_up_to_regex=None, packages_above=None, packages_above_and_dependencies=None, packages_above_depth=None, packages_select_by_dep=None, packages_skip_by_dep=None, packages_skip_up_to=None, packages_select_build_failed=False, packages_skip_build_finished=False, packages_select_test_failures=False, packages_skip_test_passed=False, packages_select=None, packages_skip=None, packages_select_regex=None, packages_skip_regex=None, packages_start=None, packages_end=None, allow_overriding=[], cmake_args=None, cmake_target=None, cmake_target_skip_unavailable=False, cmake_clean_cache=False, cmake_clean_first=False, cmake_force_configure=False, ament_cmake_args=None, catkin_cmake_args=None, catkin_skip_building_tests=False, verb_parser=<colcon_defaults.argument_parser.defaults.DefaultArgumentsDecorator object at 0x7fe868ca0550>, verb_extension=<colcon_core.verb.build.BuildVerb object at 0x7fe868ca3880>, main=<bound method BuildVerb.main of <colcon_core.verb.build.BuildVerb object at 0x7fe868ca3880>>)
[1.111s] Level 1:colcon.colcon_core.package_discovery:discover_packages(colcon_meta) check parameters
[1.111s] Level 1:colcon.colcon_core.package_discovery:discover_packages(recursive) check parameters
[1.111s] Level 1:colcon.colcon_core.package_discovery:discover_packages(ignore) check parameters
[1.111s] Level 1:colcon.colcon_core.package_discovery:discover_packages(path) check parameters
[1.111s] Level 1:colcon.colcon_core.package_discovery:discover_packages(colcon_meta) discover
[1.111s] Level 1:colcon.colcon_core.package_discovery:discover_packages(recursive) discover
[1.111s] INFO:colcon.colcon_core.package_discovery:Crawling recursively for packages in '/home/situjet/Desktop/leo_common-ros2'
[1.111s] Level 1:colcon.colcon_core.package_identification:_identify(.) by extensions ['ignore', 'ignore_ament_install']
[1.111s] Level 1:colcon.colcon_core.package_identification:_identify(.) by extension 'ignore'
[1.111s] Level 1:colcon.colcon_core.package_identification:_identify(.) by extension 'ignore_ament_install'
[1.112s] Level 1:colcon.colcon_core.package_identification:_identify(.) by extensions ['colcon_pkg']
[1.112s] Level 1:colcon.colcon_core.package_identification:_identify(.) by extension 'colcon_pkg'
[1.112s] Level 1:colcon.colcon_core.package_identification:_identify(.) by extensions ['colcon_meta']
[1.112s] Level 1:colcon.colcon_core.package_identification:_identify(.) by extension 'colcon_meta'
[1.112s] Level 1:colcon.colcon_core.package_identification:_identify(.) by extensions ['ros']
[1.112s] Level 1:colcon.colcon_core.package_identification:_identify(.) by extension 'ros'
[1.125s] Level 1:colcon.colcon_core.package_identification:_identify(.) by extensions ['cmake', 'python']
[1.125s] Level 1:colcon.colcon_core.package_identification:_identify(.) by extension 'cmake'
[1.125s] Level 1:colcon.colcon_core.package_identification:_identify(.) by extension 'python'
[1.125s] Level 1:colcon.colcon_core.package_identification:_identify(.) by extensions ['python_setup_py']
[1.125s] Level 1:colcon.colcon_core.package_identification:_identify(.) by extension 'python_setup_py'
[1.125s] Level 1:colcon.colcon_core.package_identification:_identify(build) by extensions ['ignore', 'ignore_ament_install']
[1.125s] Level 1:colcon.colcon_core.package_identification:_identify(build) by extension 'ignore'
[1.125s] Level 1:colcon.colcon_core.package_identification:_identify(build) ignored
[1.125s] Level 1:colcon.colcon_core.package_identification:_identify(install) by extensions ['ignore', 'ignore_ament_install']
[1.125s] Level 1:colcon.colcon_core.package_identification:_identify(install) by extension 'ignore'
[1.125s] Level 1:colcon.colcon_core.package_identification:_identify(install) ignored
[1.125s] Level 1:colcon.colcon_core.package_identification:_identify(log) by extensions ['ignore', 'ignore_ament_install']
[1.126s] Level 1:colcon.colcon_core.package_identification:_identify(log) by extension 'ignore'
[1.126s] Level 1:colcon.colcon_core.package_identification:_identify(log) ignored
[1.126s] Level 1:colcon.colcon_core.package_identification:_identify(src) by extensions ['ignore', 'ignore_ament_install']
[1.126s] Level 1:colcon.colcon_core.package_identification:_identify(src) by extension 'ignore'
[1.126s] Level 1:colcon.colcon_core.package_identification:_identify(src) by extension 'ignore_ament_install'
[1.126s] Level 1:colcon.colcon_core.package_identification:_identify(src) by extensions ['colcon_pkg']
[1.126s] Level 1:colcon.colcon_core.package_identification:_identify(src) by extension 'colcon_pkg'
[1.126s] Level 1:colcon.colcon_core.package_identification:_identify(src) by extensions ['colcon_meta']
[1.126s] Level 1:colcon.colcon_core.package_identification:_identify(src) by extension 'colcon_meta'
[1.126s] Level 1:colcon.colcon_core.package_identification:_identify(src) by extensions ['ros']
[1.126s] Level 1:colcon.colcon_core.package_identification:_identify(src) by extension 'ros'
[1.126s] Level 1:colcon.colcon_core.package_identification:_identify(src) by extensions ['cmake', 'python']
[1.126s] Level 1:colcon.colcon_core.package_identification:_identify(src) by extension 'cmake'
[1.126s] Level 1:colcon.colcon_core.package_identification:_identify(src) by extension 'python'
[1.126s] Level 1:colcon.colcon_core.package_identification:_identify(src) by extensions ['python_setup_py']
[1.126s] Level 1:colcon.colcon_core.package_identification:_identify(src) by extension 'python_setup_py'
[1.126s] Level 1:colcon.colcon_core.package_identification:_identify(src/leo) by extensions ['ignore', 'ignore_ament_install']
[1.126s] Level 1:colcon.colcon_core.package_identification:_identify(src/leo) by extension 'ignore'
[1.126s] Level 1:colcon.colcon_core.package_identification:_identify(src/leo) by extension 'ignore_ament_install'
[1.126s] Level 1:colcon.colcon_core.package_identification:_identify(src/leo) by extensions ['colcon_pkg']
[1.126s] Level 1:colcon.colcon_core.package_identification:_identify(src/leo) by extension 'colcon_pkg'
[1.126s] Level 1:colcon.colcon_core.package_identification:_identify(src/leo) by extensions ['colcon_meta']
[1.127s] Level 1:colcon.colcon_core.package_identification:_identify(src/leo) by extension 'colcon_meta'
[1.127s] Level 1:colcon.colcon_core.package_identification:_identify(src/leo) by extensions ['ros']
[1.127s] Level 1:colcon.colcon_core.package_identification:_identify(src/leo) by extension 'ros'
[1.129s] DEBUG:colcon.colcon_core.package_identification:Package 'src/leo' with type 'ros.ament_cmake' and name 'leo'
[1.129s] Level 1:colcon.colcon_core.package_identification:_identify(src/leo_description) by extensions ['ignore', 'ignore_ament_install']
[1.129s] Level 1:colcon.colcon_core.package_identification:_identify(src/leo_description) by extension 'ignore'
[1.129s] Level 1:colcon.colcon_core.package_identification:_identify(src/leo_description) by extension 'ignore_ament_install'
[1.129s] Level 1:colcon.colcon_core.package_identification:_identify(src/leo_description) by extensions ['colcon_pkg']
[1.129s] Level 1:colcon.colcon_core.package_identification:_identify(src/leo_description) by extension 'colcon_pkg'
[1.129s] Level 1:colcon.colcon_core.package_identification:_identify(src/leo_description) by extensions ['colcon_meta']
[1.129s] Level 1:colcon.colcon_core.package_identification:_identify(src/leo_description) by extension 'colcon_meta'
[1.129s] Level 1:colcon.colcon_core.package_identification:_identify(src/leo_description) by extensions ['ros']
[1.129s] Level 1:colcon.colcon_core.package_identification:_identify(src/leo_description) by extension 'ros'
[1.130s] DEBUG:colcon.colcon_core.package_identification:Package 'src/leo_description' with type 'ros.ament_cmake' and name 'leo_description'
[1.130s] Level 1:colcon.colcon_core.package_identification:_identify(src/leo_desktop) by extensions ['ignore', 'ignore_ament_install']
[1.130s] Level 1:colcon.colcon_core.package_identification:_identify(src/leo_desktop) by extension 'ignore'
[1.130s] Level 1:colcon.colcon_core.package_identification:_identify(src/leo_desktop) by extension 'ignore_ament_install'
[1.130s] Level 1:colcon.colcon_core.package_identification:_identify(src/leo_desktop) by extensions ['colcon_pkg']
[1.130s] Level 1:colcon.colcon_core.package_identification:_identify(src/leo_desktop) by extension 'colcon_pkg'
[1.130s] Level 1:colcon.colcon_core.package_identification:_identify(src/leo_desktop) by extensions ['colcon_meta']
[1.130s] Level 1:colcon.colcon_core.package_identification:_identify(src/leo_desktop) by extension 'colcon_meta'
[1.130s] Level 1:colcon.colcon_core.package_identification:_identify(src/leo_desktop) by extensions ['ros']
[1.130s] Level 1:colcon.colcon_core.package_identification:_identify(src/leo_desktop) by extension 'ros'
[1.131s] DEBUG:colcon.colcon_core.package_identification:Package 'src/leo_desktop' with type 'ros.ament_cmake' and name 'leo_desktop'
[1.131s] Level 1:colcon.colcon_core.package_identification:_identify(src/leo_msgs) by extensions ['ignore', 'ignore_ament_install']
[1.131s] Level 1:colcon.colcon_core.package_identification:_identify(src/leo_msgs) by extension 'ignore'
[1.131s] Level 1:colcon.colcon_core.package_identification:_identify(src/leo_msgs) by extension 'ignore_ament_install'
[1.131s] Level 1:colcon.colcon_core.package_identification:_identify(src/leo_msgs) by extensions ['colcon_pkg']
[1.131s] Level 1:colcon.colcon_core.package_identification:_identify(src/leo_msgs) by extension 'colcon_pkg'
[1.131s] Level 1:colcon.colcon_core.package_identification:_identify(src/leo_msgs) by extensions ['colcon_meta']
[1.131s] Level 1:colcon.colcon_core.package_identification:_identify(src/leo_msgs) by extension 'colcon_meta'
[1.131s] Level 1:colcon.colcon_core.package_identification:_identify(src/leo_msgs) by extensions ['ros']
[1.131s] Level 1:colcon.colcon_core.package_identification:_identify(src/leo_msgs) by extension 'ros'
[1.132s] DEBUG:colcon.colcon_core.package_identification:Package 'src/leo_msgs' with type 'ros.ament_cmake' and name 'leo_msgs'
[1.132s] Level 1:colcon.colcon_core.package_identification:_identify(src/leo_teleop) by extensions ['ignore', 'ignore_ament_install']
[1.132s] Level 1:colcon.colcon_core.package_identification:_identify(src/leo_teleop) by extension 'ignore'
[1.132s] Level 1:colcon.colcon_core.package_identification:_identify(src/leo_teleop) by extension 'ignore_ament_install'
[1.132s] Level 1:colcon.colcon_core.package_identification:_identify(src/leo_teleop) by extensions ['colcon_pkg']
[1.132s] Level 1:colcon.colcon_core.package_identification:_identify(src/leo_teleop) by extension 'colcon_pkg'
[1.132s] Level 1:colcon.colcon_core.package_identification:_identify(src/leo_teleop) by extensions ['colcon_meta']
[1.132s] Level 1:colcon.colcon_core.package_identification:_identify(src/leo_teleop) by extension 'colcon_meta'
[1.132s] Level 1:colcon.colcon_core.package_identification:_identify(src/leo_teleop) by extensions ['ros']
[1.132s] Level 1:colcon.colcon_core.package_identification:_identify(src/leo_teleop) by extension 'ros'
[1.133s] DEBUG:colcon.colcon_core.package_identification:Package 'src/leo_teleop' with type 'ros.ament_cmake' and name 'leo_teleop'
[1.133s] Level 1:colcon.colcon_core.package_identification:_identify(src/leo_teleop_holonomic) by extensions ['ignore', 'ignore_ament_install']
[1.133s] Level 1:colcon.colcon_core.package_identification:_identify(src/leo_teleop_holonomic) by extension 'ignore'
[1.133s] Level 1:colcon.colcon_core.package_identification:_identify(src/leo_teleop_holonomic) by extension 'ignore_ament_install'
[1.133s] Level 1:colcon.colcon_core.package_identification:_identify(src/leo_teleop_holonomic) by extensions ['colcon_pkg']
[1.133s] Level 1:colcon.colcon_core.package_identification:_identify(src/leo_teleop_holonomic) by extension 'colcon_pkg'
[1.133s] Level 1:colcon.colcon_core.package_identification:_identify(src/leo_teleop_holonomic) by extensions ['colcon_meta']
[1.133s] Level 1:colcon.colcon_core.package_identification:_identify(src/leo_teleop_holonomic) by extension 'colcon_meta'
[1.133s] Level 1:colcon.colcon_core.package_identification:_identify(src/leo_teleop_holonomic) by extensions ['ros']
[1.133s] Level 1:colcon.colcon_core.package_identification:_identify(src/leo_teleop_holonomic) by extension 'ros'
[1.133s] DEBUG:colcon.colcon_core.package_identification:Package 'src/leo_teleop_holonomic' with type 'ros.ament_cmake' and name 'leo_teleop_holonomic'
[1.133s] Level 1:colcon.colcon_core.package_identification:_identify(src/leo_viz) by extensions ['ignore', 'ignore_ament_install']
[1.133s] Level 1:colcon.colcon_core.package_identification:_identify(src/leo_viz) by extension 'ignore'
[1.134s] Level 1:colcon.colcon_core.package_identification:_identify(src/leo_viz) by extension 'ignore_ament_install'
[1.134s] Level 1:colcon.colcon_core.package_identification:_identify(src/leo_viz) by extensions ['colcon_pkg']
[1.134s] Level 1:colcon.colcon_core.package_identification:_identify(src/leo_viz) by extension 'colcon_pkg'
[1.134s] Level 1:colcon.colcon_core.package_identification:_identify(src/leo_viz) by extensions ['colcon_meta']
[1.134s] Level 1:colcon.colcon_core.package_identification:_identify(src/leo_viz) by extension 'colcon_meta'
[1.134s] Level 1:colcon.colcon_core.package_identification:_identify(src/leo_viz) by extensions ['ros']
[1.134s] Level 1:colcon.colcon_core.package_identification:_identify(src/leo_viz) by extension 'ros'
[1.134s] DEBUG:colcon.colcon_core.package_identification:Package 'src/leo_viz' with type 'ros.ament_cmake' and name 'leo_viz'
[1.134s] Level 1:colcon.colcon_core.package_discovery:discover_packages(recursive) using defaults
[1.134s] Level 1:colcon.colcon_core.package_discovery:discover_packages(ignore) discover
[1.134s] Level 1:colcon.colcon_core.package_discovery:discover_packages(ignore) using defaults
[1.134s] Level 1:colcon.colcon_core.package_discovery:discover_packages(path) discover
[1.134s] Level 1:colcon.colcon_core.package_discovery:discover_packages(path) using defaults
[1.231s] Level 1:colcon.colcon_core.package_discovery:discover_packages(prefix_path) check parameters
[1.231s] Level 1:colcon.colcon_core.package_discovery:discover_packages(prefix_path) discover
[1.248s] WARNING:colcon.colcon_ros.prefix_path.ament:The path '/home/situjet/Desktop/leo_common-ros2/install/leo_teleop_holonomic' in the environment variable AMENT_PREFIX_PATH doesn't exist
[1.248s] WARNING:colcon.colcon_ros.prefix_path.ament:The path '/home/situjet/Desktop/leo_common-ros2/install/leo_desktop' in the environment variable AMENT_PREFIX_PATH doesn't exist
[1.248s] WARNING:colcon.colcon_ros.prefix_path.ament:The path '/home/situjet/Desktop/leo_common-ros2/install/leo_viz' in the environment variable AMENT_PREFIX_PATH doesn't exist
[1.248s] WARNING:colcon.colcon_ros.prefix_path.ament:The path '/home/situjet/Desktop/leo_common-ros2/install/leo' in the environment variable AMENT_PREFIX_PATH doesn't exist
[1.248s] WARNING:colcon.colcon_ros.prefix_path.ament:The path '/home/situjet/Desktop/leo_common-ros2/install/leo_teleop' in the environment variable AMENT_PREFIX_PATH doesn't exist
[1.248s] WARNING:colcon.colcon_ros.prefix_path.ament:The path '/home/situjet/Desktop/leo_common-ros2/install/leo_msgs' in the environment variable AMENT_PREFIX_PATH doesn't exist
[1.248s] WARNING:colcon.colcon_ros.prefix_path.ament:The path '/home/situjet/Desktop/leo_common-ros2/install/leo_description' in the environment variable AMENT_PREFIX_PATH doesn't exist
[1.248s] WARNING:colcon.colcon_ros.prefix_path.catkin:The path '/home/situjet/Desktop/leo_common-ros2/install/leo_teleop_holonomic' in the environment variable CMAKE_PREFIX_PATH doesn't exist
[1.248s] WARNING:colcon.colcon_ros.prefix_path.catkin:The path '/home/situjet/Desktop/leo_common-ros2/install/leo_desktop' in the environment variable CMAKE_PREFIX_PATH doesn't exist
[1.248s] WARNING:colcon.colcon_ros.prefix_path.catkin:The path '/home/situjet/Desktop/leo_common-ros2/install/leo_viz' in the environment variable CMAKE_PREFIX_PATH doesn't exist
[1.248s] WARNING:colcon.colcon_ros.prefix_path.catkin:The path '/home/situjet/Desktop/leo_common-ros2/install/leo' in the environment variable CMAKE_PREFIX_PATH doesn't exist
[1.248s] WARNING:colcon.colcon_ros.prefix_path.catkin:The path '/home/situjet/Desktop/leo_common-ros2/install/leo_teleop' in the environment variable CMAKE_PREFIX_PATH doesn't exist
[1.248s] WARNING:colcon.colcon_ros.prefix_path.catkin:The path '/home/situjet/Desktop/leo_common-ros2/install/leo_msgs' in the environment variable CMAKE_PREFIX_PATH doesn't exist
[1.248s] WARNING:colcon.colcon_ros.prefix_path.catkin:The path '/home/situjet/Desktop/leo_common-ros2/install/leo_description' in the environment variable CMAKE_PREFIX_PATH doesn't exist
[1.264s] DEBUG:colcon.colcon_installed_package_information.package_discovery:Found 0 installed packages in /home/situjet/Desktop/leo_common-ros2/install
[1.280s] DEBUG:colcon.colcon_installed_package_information.package_discovery:Found 408 installed packages in /opt/ros/humble
[1.282s] Level 1:colcon.colcon_core.package_discovery:discover_packages(prefix_path) using defaults
[1.394s] Level 5:colcon.colcon_core.verb:set package 'leo_description' build argument 'cmake_args' from command line to 'None'
[1.395s] Level 5:colcon.colcon_core.verb:set package 'leo_description' build argument 'cmake_target' from command line to 'None'
[1.395s] Level 5:colcon.colcon_core.verb:set package 'leo_description' build argument 'cmake_target_skip_unavailable' from command line to 'False'
[1.395s] Level 5:colcon.colcon_core.verb:set package 'leo_description' build argument 'cmake_clean_cache' from command line to 'False'
[1.395s] Level 5:colcon.colcon_core.verb:set package 'leo_description' build argument 'cmake_clean_first' from command line to 'False'
[1.395s] Level 5:colcon.colcon_core.verb:set package 'leo_description' build argument 'cmake_force_configure' from command line to 'False'
[1.395s] Level 5:colcon.colcon_core.verb:set package 'leo_description' build argument 'ament_cmake_args' from command line to 'None'
[1.395s] Level 5:colcon.colcon_core.verb:set package 'leo_description' build argument 'catkin_cmake_args' from command line to 'None'
[1.395s] Level 5:colcon.colcon_core.verb:set package 'leo_description' build argument 'catkin_skip_building_tests' from command line to 'False'
[1.395s] DEBUG:colcon.colcon_core.verb:Building package 'leo_description' with the following arguments: {'ament_cmake_args': None, 'build_base': '/home/situjet/Desktop/leo_common-ros2/build/leo_description', 'catkin_cmake_args': None, 'catkin_skip_building_tests': False, 'cmake_args': None, 'cmake_clean_cache': False, 'cmake_clean_first': False, 'cmake_force_configure': False, 'cmake_target': None, 'cmake_target_skip_unavailable': False, 'install_base': '/home/situjet/Desktop/leo_common-ros2/install/leo_description', 'merge_install': False, 'path': '/home/situjet/Desktop/leo_common-ros2/src/leo_description', 'symlink_install': True, 'test_result_base': None}
[1.410s] Level 5:colcon.colcon_core.verb:set package 'leo_msgs' build argument 'cmake_args' from command line to 'None'
[1.410s] Level 5:colcon.colcon_core.verb:set package 'leo_msgs' build argument 'cmake_target' from command line to 'None'
[1.410s] Level 5:colcon.colcon_core.verb:set package 'leo_msgs' build argument 'cmake_target_skip_unavailable' from command line to 'False'
[1.410s] Level 5:colcon.colcon_core.verb:set package 'leo_msgs' build argument 'cmake_clean_cache' from command line to 'False'
[1.410s] Level 5:colcon.colcon_core.verb:set package 'leo_msgs' build argument 'cmake_clean_first' from command line to 'False'
[1.410s] Level 5:colcon.colcon_core.verb:set package 'leo_msgs' build argument 'cmake_force_configure' from command line to 'False'
[1.410s] Level 5:colcon.colcon_core.verb:set package 'leo_msgs' build argument 'ament_cmake_args' from command line to 'None'
[1.410s] Level 5:colcon.colcon_core.verb:set package 'leo_msgs' build argument 'catkin_cmake_args' from command line to 'None'
[1.410s] Level 5:colcon.colcon_core.verb:set package 'leo_msgs' build argument 'catkin_skip_building_tests' from command line to 'False'
[1.410s] DEBUG:colcon.colcon_core.verb:Building package 'leo_msgs' with the following arguments: {'ament_cmake_args': None, 'build_base': '/home/situjet/Desktop/leo_common-ros2/build/leo_msgs', 'catkin_cmake_args': None, 'catkin_skip_building_tests': False, 'cmake_args': None, 'cmake_clean_cache': False, 'cmake_clean_first': False, 'cmake_force_configure': False, 'cmake_target': None, 'cmake_target_skip_unavailable': False, 'install_base': '/home/situjet/Desktop/leo_common-ros2/install/leo_msgs', 'merge_install': False, 'path': '/home/situjet/Desktop/leo_common-ros2/src/leo_msgs', 'symlink_install': True, 'test_result_base': None}
[1.425s] Level 5:colcon.colcon_core.verb:set package 'leo_teleop' build argument 'cmake_args' from command line to 'None'
[1.425s] Level 5:colcon.colcon_core.verb:set package 'leo_teleop' build argument 'cmake_target' from command line to 'None'
[1.425s] Level 5:colcon.colcon_core.verb:set package 'leo_teleop' build argument 'cmake_target_skip_unavailable' from command line to 'False'
[1.425s] Level 5:colcon.colcon_core.verb:set package 'leo_teleop' build argument 'cmake_clean_cache' from command line to 'False'
[1.425s] Level 5:colcon.colcon_core.verb:set package 'leo_teleop' build argument 'cmake_clean_first' from command line to 'False'
[1.425s] Level 5:colcon.colcon_core.verb:set package 'leo_teleop' build argument 'cmake_force_configure' from command line to 'False'
[1.425s] Level 5:colcon.colcon_core.verb:set package 'leo_teleop' build argument 'ament_cmake_args' from command line to 'None'
[1.425s] Level 5:colcon.colcon_core.verb:set package 'leo_teleop' build argument 'catkin_cmake_args' from command line to 'None'
[1.425s] Level 5:colcon.colcon_core.verb:set package 'leo_teleop' build argument 'catkin_skip_building_tests' from command line to 'False'
[1.425s] DEBUG:colcon.colcon_core.verb:Building package 'leo_teleop' with the following arguments: {'ament_cmake_args': None, 'build_base': '/home/situjet/Desktop/leo_common-ros2/build/leo_teleop', 'catkin_cmake_args': None, 'catkin_skip_building_tests': False, 'cmake_args': None, 'cmake_clean_cache': False, 'cmake_clean_first': False, 'cmake_force_configure': False, 'cmake_target': None, 'cmake_target_skip_unavailable': False, 'install_base': '/home/situjet/Desktop/leo_common-ros2/install/leo_teleop', 'merge_install': False, 'path': '/home/situjet/Desktop/leo_common-ros2/src/leo_teleop', 'symlink_install': True, 'test_result_base': None}
[1.441s] Level 5:colcon.colcon_core.verb:set package 'leo_teleop_holonomic' build argument 'cmake_args' from command line to 'None'
[1.441s] Level 5:colcon.colcon_core.verb:set package 'leo_teleop_holonomic' build argument 'cmake_target' from command line to 'None'
[1.441s] Level 5:colcon.colcon_core.verb:set package 'leo_teleop_holonomic' build argument 'cmake_target_skip_unavailable' from command line to 'False'
[1.441s] Level 5:colcon.colcon_core.verb:set package 'leo_teleop_holonomic' build argument 'cmake_clean_cache' from command line to 'False'
[1.441s] Level 5:colcon.colcon_core.verb:set package 'leo_teleop_holonomic' build argument 'cmake_clean_first' from command line to 'False'
[1.441s] Level 5:colcon.colcon_core.verb:set package 'leo_teleop_holonomic' build argument 'cmake_force_configure' from command line to 'False'
[1.441s] Level 5:colcon.colcon_core.verb:set package 'leo_teleop_holonomic' build argument 'ament_cmake_args' from command line to 'None'
[1.441s] Level 5:colcon.colcon_core.verb:set package 'leo_teleop_holonomic' build argument 'catkin_cmake_args' from command line to 'None'
[1.441s] Level 5:colcon.colcon_core.verb:set package 'leo_teleop_holonomic' build argument 'catkin_skip_building_tests' from command line to 'False'
[1.441s] DEBUG:colcon.colcon_core.verb:Building package 'leo_teleop_holonomic' with the following arguments: {'ament_cmake_args': None, 'build_base': '/home/situjet/Desktop/leo_common-ros2/build/leo_teleop_holonomic', 'catkin_cmake_args': None, 'catkin_skip_building_tests': False, 'cmake_args': None, 'cmake_clean_cache': False, 'cmake_clean_first': False, 'cmake_force_configure': False, 'cmake_target': None, 'cmake_target_skip_unavailable': False, 'install_base': '/home/situjet/Desktop/leo_common-ros2/install/leo_teleop_holonomic', 'merge_install': False, 'path': '/home/situjet/Desktop/leo_common-ros2/src/leo_teleop_holonomic', 'symlink_install': True, 'test_result_base': None}
[1.456s] Level 5:colcon.colcon_core.verb:set package 'leo' build argument 'cmake_args' from command line to 'None'
[1.456s] Level 5:colcon.colcon_core.verb:set package 'leo' build argument 'cmake_target' from command line to 'None'
[1.456s] Level 5:colcon.colcon_core.verb:set package 'leo' build argument 'cmake_target_skip_unavailable' from command line to 'False'
[1.456s] Level 5:colcon.colcon_core.verb:set package 'leo' build argument 'cmake_clean_cache' from command line to 'False'
[1.456s] Level 5:colcon.colcon_core.verb:set package 'leo' build argument 'cmake_clean_first' from command line to 'False'
[1.456s] Level 5:colcon.colcon_core.verb:set package 'leo' build argument 'cmake_force_configure' from command line to 'False'
[1.456s] Level 5:colcon.colcon_core.verb:set package 'leo' build argument 'ament_cmake_args' from command line to 'None'
[1.456s] Level 5:colcon.colcon_core.verb:set package 'leo' build argument 'catkin_cmake_args' from command line to 'None'
[1.456s] Level 5:colcon.colcon_core.verb:set package 'leo' build argument 'catkin_skip_building_tests' from command line to 'False'
[1.456s] DEBUG:colcon.colcon_core.verb:Building package 'leo' with the following arguments: {'ament_cmake_args': None, 'build_base': '/home/situjet/Desktop/leo_common-ros2/build/leo', 'catkin_cmake_args': None, 'catkin_skip_building_tests': False, 'cmake_args': None, 'cmake_clean_cache': False, 'cmake_clean_first': False, 'cmake_force_configure': False, 'cmake_target': None, 'cmake_target_skip_unavailable': False, 'install_base': '/home/situjet/Desktop/leo_common-ros2/install/leo', 'merge_install': False, 'path': '/home/situjet/Desktop/leo_common-ros2/src/leo', 'symlink_install': True, 'test_result_base': None}
[1.470s] Level 5:colcon.colcon_core.verb:set package 'leo_viz' build argument 'cmake_args' from command line to 'None'
[1.470s] Level 5:colcon.colcon_core.verb:set package 'leo_viz' build argument 'cmake_target' from command line to 'None'
[1.470s] Level 5:colcon.colcon_core.verb:set package 'leo_viz' build argument 'cmake_target_skip_unavailable' from command line to 'False'
[1.470s] Level 5:colcon.colcon_core.verb:set package 'leo_viz' build argument 'cmake_clean_cache' from command line to 'False'
[1.470s] Level 5:colcon.colcon_core.verb:set package 'leo_viz' build argument 'cmake_clean_first' from command line to 'False'
[1.470s] Level 5:colcon.colcon_core.verb:set package 'leo_viz' build argument 'cmake_force_configure' from command line to 'False'
[1.470s] Level 5:colcon.colcon_core.verb:set package 'leo_viz' build argument 'ament_cmake_args' from command line to 'None'
[1.470s] Level 5:colcon.colcon_core.verb:set package 'leo_viz' build argument 'catkin_cmake_args' from command line to 'None'
[1.470s] Level 5:colcon.colcon_core.verb:set package 'leo_viz' build argument 'catkin_skip_building_tests' from command line to 'False'
[1.470s] DEBUG:colcon.colcon_core.verb:Building package 'leo_viz' with the following arguments: {'ament_cmake_args': None, 'build_base': '/home/situjet/Desktop/leo_common-ros2/build/leo_viz', 'catkin_cmake_args': None, 'catkin_skip_building_tests': False, 'cmake_args': None, 'cmake_clean_cache': False, 'cmake_clean_first': False, 'cmake_force_configure': False, 'cmake_target': None, 'cmake_target_skip_unavailable': False, 'install_base': '/home/situjet/Desktop/leo_common-ros2/install/leo_viz', 'merge_install': False, 'path': '/home/situjet/Desktop/leo_common-ros2/src/leo_viz', 'symlink_install': True, 'test_result_base': None}
[1.484s] Level 5:colcon.colcon_core.verb:set package 'leo_desktop' build argument 'cmake_args' from command line to 'None'
[1.484s] Level 5:colcon.colcon_core.verb:set package 'leo_desktop' build argument 'cmake_target' from command line to 'None'
[1.484s] Level 5:colcon.colcon_core.verb:set package 'leo_desktop' build argument 'cmake_target_skip_unavailable' from command line to 'False'
[1.484s] Level 5:colcon.colcon_core.verb:set package 'leo_desktop' build argument 'cmake_clean_cache' from command line to 'False'
[1.484s] Level 5:colcon.colcon_core.verb:set package 'leo_desktop' build argument 'cmake_clean_first' from command line to 'False'
[1.484s] Level 5:colcon.colcon_core.verb:set package 'leo_desktop' build argument 'cmake_force_configure' from command line to 'False'
[1.484s] Level 5:colcon.colcon_core.verb:set package 'leo_desktop' build argument 'ament_cmake_args' from command line to 'None'
[1.484s] Level 5:colcon.colcon_core.verb:set package 'leo_desktop' build argument 'catkin_cmake_args' from command line to 'None'
[1.484s] Level 5:colcon.colcon_core.verb:set package 'leo_desktop' build argument 'catkin_skip_building_tests' from command line to 'False'
[1.484s] DEBUG:colcon.colcon_core.verb:Building package 'leo_desktop' with the following arguments: {'ament_cmake_args': None, 'build_base': '/home/situjet/Desktop/leo_common-ros2/build/leo_desktop', 'catkin_cmake_args': None, 'catkin_skip_building_tests': False, 'cmake_args': None, 'cmake_clean_cache': False, 'cmake_clean_first': False, 'cmake_force_configure': False, 'cmake_target': None, 'cmake_target_skip_unavailable': False, 'install_base': '/home/situjet/Desktop/leo_common-ros2/install/leo_desktop', 'merge_install': False, 'path': '/home/situjet/Desktop/leo_common-ros2/src/leo_desktop', 'symlink_install': True, 'test_result_base': None}
[1.497s] INFO:colcon.colcon_core.executor:Executing jobs using 'parallel' executor
[1.511s] DEBUG:colcon.colcon_parallel_executor.executor.parallel:run_until_complete
[1.511s] INFO:colcon.colcon_ros.task.ament_cmake.build:Building ROS package in '/home/situjet/Desktop/leo_common-ros2/src/leo_description' with build type 'ament_cmake'
[1.511s] INFO:colcon.colcon_cmake.task.cmake.build:Building CMake package in '/home/situjet/Desktop/leo_common-ros2/src/leo_description'
[1.528s] INFO:colcon.colcon_core.plugin_system:Skipping extension 'colcon_core.shell.bat': Not used on non-Windows systems
[1.528s] INFO:colcon.colcon_core.shell:Skip shell extension 'powershell' for command environment: Not usable outside of PowerShell
[1.528s] DEBUG:colcon.colcon_core.shell:Skip shell extension 'dsv' for command environment
[1.570s] INFO:colcon.colcon_ros.task.ament_cmake.build:Building ROS package in '/home/situjet/Desktop/leo_common-ros2/src/leo_msgs' with build type 'ament_cmake'
[1.571s] INFO:colcon.colcon_cmake.task.cmake.build:Building CMake package in '/home/situjet/Desktop/leo_common-ros2/src/leo_msgs'
[1.585s] INFO:colcon.colcon_core.shell:Skip shell extension 'powershell' for command environment: Not usable outside of PowerShell
[1.585s] DEBUG:colcon.colcon_core.shell:Skip shell extension 'dsv' for command environment
[1.628s] INFO:colcon.colcon_ros.task.ament_cmake.build:Building ROS package in '/home/situjet/Desktop/leo_common-ros2/src/leo_teleop' with build type 'ament_cmake'
[1.628s] INFO:colcon.colcon_cmake.task.cmake.build:Building CMake package in '/home/situjet/Desktop/leo_common-ros2/src/leo_teleop'
[1.642s] INFO:colcon.colcon_core.shell:Skip shell extension 'powershell' for command environment: Not usable outside of PowerShell
[1.642s] DEBUG:colcon.colcon_core.shell:Skip shell extension 'dsv' for command environment
[1.685s] INFO:colcon.colcon_ros.task.ament_cmake.build:Building ROS package in '/home/situjet/Desktop/leo_common-ros2/src/leo_teleop_holonomic' with build type 'ament_cmake'
[1.685s] INFO:colcon.colcon_cmake.task.cmake.build:Building CMake package in '/home/situjet/Desktop/leo_common-ros2/src/leo_teleop_holonomic'
[1.699s] INFO:colcon.colcon_core.shell:Skip shell extension 'powershell' for command environment: Not usable outside of PowerShell
[1.699s] DEBUG:colcon.colcon_core.shell:Skip shell extension 'dsv' for command environment
[1.745s] DEBUG:colcon.colcon_core.event_handler.log_command:Invoking command in '/home/situjet/Desktop/leo_common-ros2/build/leo_description': CMAKE_PREFIX_PATH=${CMAKE_PREFIX_PATH}:/opt/ros/humble /home/situjet/.local/bin/cmake /home/situjet/Desktop/leo_common-ros2/src/leo_description -DAMENT_CMAKE_SYMLINK_INSTALL=1 -DCMAKE_INSTALL_PREFIX=/home/situjet/Desktop/leo_common-ros2/install/leo_description
[1.747s] DEBUG:colcon.colcon_core.event_handler.log_command:Invoking command in '/home/situjet/Desktop/leo_common-ros2/build/leo_msgs': CMAKE_PREFIX_PATH=${CMAKE_PREFIX_PATH}:/opt/ros/humble /home/situjet/.local/bin/cmake /home/situjet/Desktop/leo_common-ros2/src/leo_msgs -DAMENT_CMAKE_SYMLINK_INSTALL=1 -DCMAKE_INSTALL_PREFIX=/home/situjet/Desktop/leo_common-ros2/install/leo_msgs
[1.748s] DEBUG:colcon.colcon_core.event_handler.log_command:Invoking command in '/home/situjet/Desktop/leo_common-ros2/build/leo_teleop': CMAKE_PREFIX_PATH=${CMAKE_PREFIX_PATH}:/opt/ros/humble /home/situjet/.local/bin/cmake /home/situjet/Desktop/leo_common-ros2/src/leo_teleop -DAMENT_CMAKE_SYMLINK_INSTALL=1 -DCMAKE_INSTALL_PREFIX=/home/situjet/Desktop/leo_common-ros2/install/leo_teleop
[1.750s] DEBUG:colcon.colcon_core.event_handler.log_command:Invoking command in '/home/situjet/Desktop/leo_common-ros2/build/leo_teleop_holonomic': CMAKE_PREFIX_PATH=${CMAKE_PREFIX_PATH}:/opt/ros/humble /home/situjet/.local/bin/cmake /home/situjet/Desktop/leo_common-ros2/src/leo_teleop_holonomic -DAMENT_CMAKE_SYMLINK_INSTALL=1 -DCMAKE_INSTALL_PREFIX=/home/situjet/Desktop/leo_common-ros2/install/leo_teleop_holonomic
[2.450s] DEBUG:colcon.colcon_core.event_handler.log_command:Invoked command in '/home/situjet/Desktop/leo_common-ros2/build/leo_teleop' returned '0': CMAKE_PREFIX_PATH=${CMAKE_PREFIX_PATH}:/opt/ros/humble /home/situjet/.local/bin/cmake /home/situjet/Desktop/leo_common-ros2/src/leo_teleop -DAMENT_CMAKE_SYMLINK_INSTALL=1 -DCMAKE_INSTALL_PREFIX=/home/situjet/Desktop/leo_common-ros2/install/leo_teleop
[2.452s] DEBUG:colcon.colcon_core.event_handler.log_command:Invoking command in '/home/situjet/Desktop/leo_common-ros2/build/leo_teleop': CMAKE_PREFIX_PATH=${CMAKE_PREFIX_PATH}:/opt/ros/humble /home/situjet/.local/bin/cmake --build /home/situjet/Desktop/leo_common-ros2/build/leo_teleop -- -j12 -l12
[2.462s] DEBUG:colcon.colcon_core.event_handler.log_command:Invoked command in '/home/situjet/Desktop/leo_common-ros2/build/leo_description' returned '0': CMAKE_PREFIX_PATH=${CMAKE_PREFIX_PATH}:/opt/ros/humble /home/situjet/.local/bin/cmake /home/situjet/Desktop/leo_common-ros2/src/leo_description -DAMENT_CMAKE_SYMLINK_INSTALL=1 -DCMAKE_INSTALL_PREFIX=/home/situjet/Desktop/leo_common-ros2/install/leo_description
[2.463s] DEBUG:colcon.colcon_core.event_handler.log_command:Invoking command in '/home/situjet/Desktop/leo_common-ros2/build/leo_description': CMAKE_PREFIX_PATH=${CMAKE_PREFIX_PATH}:/opt/ros/humble /home/situjet/.local/bin/cmake --build /home/situjet/Desktop/leo_common-ros2/build/leo_description -- -j12 -l12
[2.469s] DEBUG:colcon.colcon_core.event_handler.log_command:Invoked command in '/home/situjet/Desktop/leo_common-ros2/build/leo_teleop_holonomic' returned '0': CMAKE_PREFIX_PATH=${CMAKE_PREFIX_PATH}:/opt/ros/humble /home/situjet/.local/bin/cmake /home/situjet/Desktop/leo_common-ros2/src/leo_teleop_holonomic -DAMENT_CMAKE_SYMLINK_INSTALL=1 -DCMAKE_INSTALL_PREFIX=/home/situjet/Desktop/leo_common-ros2/install/leo_teleop_holonomic
[2.470s] DEBUG:colcon.colcon_core.event_handler.log_command:Invoking command in '/home/situjet/Desktop/leo_common-ros2/build/leo_teleop_holonomic': CMAKE_PREFIX_PATH=${CMAKE_PREFIX_PATH}:/opt/ros/humble /home/situjet/.local/bin/cmake --build /home/situjet/Desktop/leo_common-ros2/build/leo_teleop_holonomic -- -j12 -l12
[2.482s] DEBUG:colcon.colcon_core.event_handler.log_command:Invoked command in '/home/situjet/Desktop/leo_common-ros2/build/leo_teleop' returned '0': CMAKE_PREFIX_PATH=${CMAKE_PREFIX_PATH}:/opt/ros/humble /home/situjet/.local/bin/cmake --build /home/situjet/Desktop/leo_common-ros2/build/leo_teleop -- -j12 -l12
[2.495s] DEBUG:colcon.colcon_core.event_handler.log_command:Invoked command in '/home/situjet/Desktop/leo_common-ros2/build/leo_description' returned '0': CMAKE_PREFIX_PATH=${CMAKE_PREFIX_PATH}:/opt/ros/humble /home/situjet/.local/bin/cmake --build /home/situjet/Desktop/leo_common-ros2/build/leo_description -- -j12 -l12
[2.500s] DEBUG:colcon.colcon_core.event_handler.log_command:Invoked command in '/home/situjet/Desktop/leo_common-ros2/build/leo_teleop_holonomic' returned '0': CMAKE_PREFIX_PATH=${CMAKE_PREFIX_PATH}:/opt/ros/humble /home/situjet/.local/bin/cmake --build /home/situjet/Desktop/leo_common-ros2/build/leo_teleop_holonomic -- -j12 -l12
[2.535s] DEBUG:colcon.colcon_core.event_handler.log_command:Invoking command in '/home/situjet/Desktop/leo_common-ros2/build/leo_teleop': CMAKE_PREFIX_PATH=${CMAKE_PREFIX_PATH}:/opt/ros/humble /home/situjet/.local/bin/cmake --install /home/situjet/Desktop/leo_common-ros2/build/leo_teleop
[2.537s] DEBUG:colcon.colcon_core.event_handler.log_command:Invoking command in '/home/situjet/Desktop/leo_common-ros2/build/leo_description': CMAKE_PREFIX_PATH=${CMAKE_PREFIX_PATH}:/opt/ros/humble /home/situjet/.local/bin/cmake --install /home/situjet/Desktop/leo_common-ros2/build/leo_description
[2.538s] DEBUG:colcon.colcon_core.event_handler.log_command:Invoking command in '/home/situjet/Desktop/leo_common-ros2/build/leo_teleop_holonomic': CMAKE_PREFIX_PATH=${CMAKE_PREFIX_PATH}:/opt/ros/humble /home/situjet/.local/bin/cmake --install /home/situjet/Desktop/leo_common-ros2/build/leo_teleop_holonomic
[2.591s] Level 1:colcon.colcon_core.environment:create_environment_scripts_only(leo_teleop_holonomic)
[2.591s] DEBUG:colcon.colcon_core.event_handler.log_command:Invoked command in '/home/situjet/Desktop/leo_common-ros2/build/leo_teleop_holonomic' returned '0': CMAKE_PREFIX_PATH=${CMAKE_PREFIX_PATH}:/opt/ros/humble /home/situjet/.local/bin/cmake --install /home/situjet/Desktop/leo_common-ros2/build/leo_teleop_holonomic
[2.613s] Level 1:colcon.colcon_core.environment:checking '/home/situjet/Desktop/leo_common-ros2/install/leo_teleop_holonomic' for CMake module files
[2.613s] Level 1:colcon.colcon_core.environment:checking '/home/situjet/Desktop/leo_common-ros2/install/leo_teleop_holonomic' for CMake config files
[2.613s] Level 1:colcon.colcon_core.shell:create_environment_hook('leo_teleop_holonomic', 'cmake_prefix_path')
[2.628s] INFO:colcon.colcon_core.shell:Creating environment hook '/home/situjet/Desktop/leo_common-ros2/install/leo_teleop_holonomic/share/leo_teleop_holonomic/hook/cmake_prefix_path.ps1'
[2.628s] INFO:colcon.colcon_core.shell:Creating environment descriptor '/home/situjet/Desktop/leo_common-ros2/install/leo_teleop_holonomic/share/leo_teleop_holonomic/hook/cmake_prefix_path.dsv'
[2.628s] INFO:colcon.colcon_core.shell:Creating environment hook '/home/situjet/Desktop/leo_common-ros2/install/leo_teleop_holonomic/share/leo_teleop_holonomic/hook/cmake_prefix_path.sh'
[2.629s] Level 1:colcon.colcon_core.environment:checking '/home/situjet/Desktop/leo_common-ros2/install/leo_teleop_holonomic/bin'
[2.629s] Level 1:colcon.colcon_core.environment:checking '/home/situjet/Desktop/leo_common-ros2/install/leo_teleop_holonomic/lib/pkgconfig/leo_teleop_holonomic.pc'
[2.629s] Level 1:colcon.colcon_core.environment:checking '/home/situjet/Desktop/leo_common-ros2/install/leo_teleop_holonomic/lib/python3.10/site-packages'
[2.629s] Level 1:colcon.colcon_core.environment:checking '/home/situjet/Desktop/leo_common-ros2/install/leo_teleop_holonomic/bin'
[2.644s] INFO:colcon.colcon_core.shell:Creating package script '/home/situjet/Desktop/leo_common-ros2/install/leo_teleop_holonomic/share/leo_teleop_holonomic/package.ps1'
[2.644s] INFO:colcon.colcon_core.shell:Creating package descriptor '/home/situjet/Desktop/leo_common-ros2/install/leo_teleop_holonomic/share/leo_teleop_holonomic/package.dsv'
[2.645s] INFO:colcon.colcon_core.shell:Creating package script '/home/situjet/Desktop/leo_common-ros2/install/leo_teleop_holonomic/share/leo_teleop_holonomic/package.sh'
[2.645s] INFO:colcon.colcon_core.shell:Creating package script '/home/situjet/Desktop/leo_common-ros2/install/leo_teleop_holonomic/share/leo_teleop_holonomic/package.bash'
[2.646s] INFO:colcon.colcon_core.shell:Creating package script '/home/situjet/Desktop/leo_common-ros2/install/leo_teleop_holonomic/share/leo_teleop_holonomic/package.zsh'
[2.646s] Level 1:colcon.colcon_core.environment:create_file_with_runtime_dependencies(/home/situjet/Desktop/leo_common-ros2/install/leo_teleop_holonomic/share/colcon-core/packages/leo_teleop_holonomic)
[2.647s] Level 1:colcon.colcon_core.environment:create_environment_scripts_only(leo_teleop)
[2.648s] DEBUG:colcon.colcon_core.event_handler.log_command:Invoked command in '/home/situjet/Desktop/leo_common-ros2/build/leo_teleop' returned '0': CMAKE_PREFIX_PATH=${CMAKE_PREFIX_PATH}:/opt/ros/humble /home/situjet/.local/bin/cmake --install /home/situjet/Desktop/leo_common-ros2/build/leo_teleop
[2.662s] Level 1:colcon.colcon_core.environment:checking '/home/situjet/Desktop/leo_common-ros2/install/leo_teleop' for CMake module files
[2.662s] Level 1:colcon.colcon_core.environment:checking '/home/situjet/Desktop/leo_common-ros2/install/leo_teleop' for CMake config files
[2.663s] Level 1:colcon.colcon_core.shell:create_environment_hook('leo_teleop', 'cmake_prefix_path')
[2.677s] INFO:colcon.colcon_core.shell:Creating environment hook '/home/situjet/Desktop/leo_common-ros2/install/leo_teleop/share/leo_teleop/hook/cmake_prefix_path.ps1'
[2.677s] INFO:colcon.colcon_core.shell:Creating environment descriptor '/home/situjet/Desktop/leo_common-ros2/install/leo_teleop/share/leo_teleop/hook/cmake_prefix_path.dsv'
[2.677s] INFO:colcon.colcon_core.shell:Creating environment hook '/home/situjet/Desktop/leo_common-ros2/install/leo_teleop/share/leo_teleop/hook/cmake_prefix_path.sh'
[2.678s] Level 1:colcon.colcon_core.environment:checking '/home/situjet/Desktop/leo_common-ros2/install/leo_teleop/bin'
[2.678s] Level 1:colcon.colcon_core.environment:checking '/home/situjet/Desktop/leo_common-ros2/install/leo_teleop/lib/pkgconfig/leo_teleop.pc'
[2.678s] Level 1:colcon.colcon_core.environment:checking '/home/situjet/Desktop/leo_common-ros2/install/leo_teleop/lib/python3.10/site-packages'
[2.678s] Level 1:colcon.colcon_core.environment:checking '/home/situjet/Desktop/leo_common-ros2/install/leo_teleop/bin'
[2.692s] INFO:colcon.colcon_core.shell:Creating package script '/home/situjet/Desktop/leo_common-ros2/install/leo_teleop/share/leo_teleop/package.ps1'
[2.693s] INFO:colcon.colcon_core.shell:Creating package descriptor '/home/situjet/Desktop/leo_common-ros2/install/leo_teleop/share/leo_teleop/package.dsv'
[2.693s] INFO:colcon.colcon_core.shell:Creating package script '/home/situjet/Desktop/leo_common-ros2/install/leo_teleop/share/leo_teleop/package.sh'
[2.693s] INFO:colcon.colcon_core.shell:Creating package script '/home/situjet/Desktop/leo_common-ros2/install/leo_teleop/share/leo_teleop/package.bash'
[2.694s] INFO:colcon.colcon_core.shell:Creating package script '/home/situjet/Desktop/leo_common-ros2/install/leo_teleop/share/leo_teleop/package.zsh'
[2.694s] Level 1:colcon.colcon_core.environment:create_file_with_runtime_dependencies(/home/situjet/Desktop/leo_common-ros2/install/leo_teleop/share/colcon-core/packages/leo_teleop)
[2.694s] Level 1:colcon.colcon_core.environment:create_environment_scripts_only(leo_description)
[2.695s] DEBUG:colcon.colcon_core.event_handler.log_command:Invoked command in '/home/situjet/Desktop/leo_common-ros2/build/leo_description' returned '0': CMAKE_PREFIX_PATH=${CMAKE_PREFIX_PATH}:/opt/ros/humble /home/situjet/.local/bin/cmake --install /home/situjet/Desktop/leo_common-ros2/build/leo_description
[2.709s] Level 1:colcon.colcon_core.environment:checking '/home/situjet/Desktop/leo_common-ros2/install/leo_description' for CMake module files
[2.709s] Level 1:colcon.colcon_core.environment:checking '/home/situjet/Desktop/leo_common-ros2/install/leo_description' for CMake config files
[2.710s] Level 1:colcon.colcon_core.shell:create_environment_hook('leo_description', 'cmake_prefix_path')
[2.724s] INFO:colcon.colcon_core.shell:Creating environment hook '/home/situjet/Desktop/leo_common-ros2/install/leo_description/share/leo_description/hook/cmake_prefix_path.ps1'
[2.724s] INFO:colcon.colcon_core.shell:Creating environment descriptor '/home/situjet/Desktop/leo_common-ros2/install/leo_description/share/leo_description/hook/cmake_prefix_path.dsv'
[2.725s] INFO:colcon.colcon_core.shell:Creating environment hook '/home/situjet/Desktop/leo_common-ros2/install/leo_description/share/leo_description/hook/cmake_prefix_path.sh'
[2.725s] Level 1:colcon.colcon_core.environment:checking '/home/situjet/Desktop/leo_common-ros2/install/leo_description/bin'
[2.725s] Level 1:colcon.colcon_core.environment:checking '/home/situjet/Desktop/leo_common-ros2/install/leo_description/lib/pkgconfig/leo_description.pc'
[2.725s] Level 1:colcon.colcon_core.environment:checking '/home/situjet/Desktop/leo_common-ros2/install/leo_description/lib/python3.10/site-packages'
[2.725s] Level 1:colcon.colcon_core.environment:checking '/home/situjet/Desktop/leo_common-ros2/install/leo_description/bin'
[2.740s] INFO:colcon.colcon_core.shell:Creating package script '/home/situjet/Desktop/leo_common-ros2/install/leo_description/share/leo_description/package.ps1'
[2.740s] INFO:colcon.colcon_core.shell:Creating package descriptor '/home/situjet/Desktop/leo_common-ros2/install/leo_description/share/leo_description/package.dsv'
[2.740s] INFO:colcon.colcon_core.shell:Creating package script '/home/situjet/Desktop/leo_common-ros2/install/leo_description/share/leo_description/package.sh'
[2.741s] INFO:colcon.colcon_core.shell:Creating package script '/home/situjet/Desktop/leo_common-ros2/install/leo_description/share/leo_description/package.bash'
[2.741s] INFO:colcon.colcon_core.shell:Creating package script '/home/situjet/Desktop/leo_common-ros2/install/leo_description/share/leo_description/package.zsh'
[2.741s] Level 1:colcon.colcon_core.environment:create_file_with_runtime_dependencies(/home/situjet/Desktop/leo_common-ros2/install/leo_description/share/colcon-core/packages/leo_description)
[2.756s] Level 1:colcon.colcon_core.environment:create_environment_scripts_only(leo_teleop_holonomic)
[2.771s] Level 1:colcon.colcon_core.environment:checking '/home/situjet/Desktop/leo_common-ros2/install/leo_teleop_holonomic' for CMake module files
[2.771s] Level 1:colcon.colcon_core.environment:checking '/home/situjet/Desktop/leo_common-ros2/install/leo_teleop_holonomic' for CMake config files
[2.771s] Level 1:colcon.colcon_core.shell:create_environment_hook('leo_teleop_holonomic', 'cmake_prefix_path')
[2.785s] INFO:colcon.colcon_core.shell:Creating environment hook '/home/situjet/Desktop/leo_common-ros2/install/leo_teleop_holonomic/share/leo_teleop_holonomic/hook/cmake_prefix_path.ps1'
[2.786s] INFO:colcon.colcon_core.shell:Creating environment descriptor '/home/situjet/Desktop/leo_common-ros2/install/leo_teleop_holonomic/share/leo_teleop_holonomic/hook/cmake_prefix_path.dsv'
[2.786s] INFO:colcon.colcon_core.shell:Creating environment hook '/home/situjet/Desktop/leo_common-ros2/install/leo_teleop_holonomic/share/leo_teleop_holonomic/hook/cmake_prefix_path.sh'
[2.786s] Level 1:colcon.colcon_core.environment:checking '/home/situjet/Desktop/leo_common-ros2/install/leo_teleop_holonomic/bin'
[2.786s] Level 1:colcon.colcon_core.environment:checking '/home/situjet/Desktop/leo_common-ros2/install/leo_teleop_holonomic/lib/pkgconfig/leo_teleop_holonomic.pc'
[2.787s] Level 1:colcon.colcon_core.environment:checking '/home/situjet/Desktop/leo_common-ros2/install/leo_teleop_holonomic/lib/python3.10/site-packages'
[2.787s] Level 1:colcon.colcon_core.environment:checking '/home/situjet/Desktop/leo_common-ros2/install/leo_teleop_holonomic/bin'
[2.801s] INFO:colcon.colcon_core.shell:Creating package script '/home/situjet/Desktop/leo_common-ros2/install/leo_teleop_holonomic/share/leo_teleop_holonomic/package.ps1'
[2.801s] INFO:colcon.colcon_core.shell:Creating package descriptor '/home/situjet/Desktop/leo_common-ros2/install/leo_teleop_holonomic/share/leo_teleop_holonomic/package.dsv'
[2.802s] INFO:colcon.colcon_core.shell:Creating package script '/home/situjet/Desktop/leo_common-ros2/install/leo_teleop_holonomic/share/leo_teleop_holonomic/package.sh'
[2.802s] INFO:colcon.colcon_core.shell:Creating package script '/home/situjet/Desktop/leo_common-ros2/install/leo_teleop_holonomic/share/leo_teleop_holonomic/package.bash'
[2.802s] INFO:colcon.colcon_core.shell:Creating package script '/home/situjet/Desktop/leo_common-ros2/install/leo_teleop_holonomic/share/leo_teleop_holonomic/package.zsh'
[2.803s] Level 1:colcon.colcon_core.environment:create_file_with_runtime_dependencies(/home/situjet/Desktop/leo_common-ros2/install/leo_teleop_holonomic/share/colcon-core/packages/leo_teleop_holonomic)
[2.818s] Level 1:colcon.colcon_core.environment:create_environment_scripts_only(leo_teleop)
[2.832s] Level 1:colcon.colcon_core.environment:checking '/home/situjet/Desktop/leo_common-ros2/install/leo_teleop' for CMake module files
[2.832s] Level 1:colcon.colcon_core.environment:checking '/home/situjet/Desktop/leo_common-ros2/install/leo_teleop' for CMake config files
[2.832s] Level 1:colcon.colcon_core.shell:create_environment_hook('leo_teleop', 'cmake_prefix_path')
[2.847s] INFO:colcon.colcon_core.shell:Creating environment hook '/home/situjet/Desktop/leo_common-ros2/install/leo_teleop/share/leo_teleop/hook/cmake_prefix_path.ps1'
[2.847s] INFO:colcon.colcon_core.shell:Creating environment descriptor '/home/situjet/Desktop/leo_common-ros2/install/leo_teleop/share/leo_teleop/hook/cmake_prefix_path.dsv'
[2.847s] INFO:colcon.colcon_core.shell:Creating environment hook '/home/situjet/Desktop/leo_common-ros2/install/leo_teleop/share/leo_teleop/hook/cmake_prefix_path.sh'
[2.848s] Level 1:colcon.colcon_core.environment:checking '/home/situjet/Desktop/leo_common-ros2/install/leo_teleop/bin'
[2.848s] Level 1:colcon.colcon_core.environment:checking '/home/situjet/Desktop/leo_common-ros2/install/leo_teleop/lib/pkgconfig/leo_teleop.pc'
[2.848s] Level 1:colcon.colcon_core.environment:checking '/home/situjet/Desktop/leo_common-ros2/install/leo_teleop/lib/python3.10/site-packages'
[2.848s] Level 1:colcon.colcon_core.environment:checking '/home/situjet/Desktop/leo_common-ros2/install/leo_teleop/bin'
[2.862s] INFO:colcon.colcon_core.shell:Creating package script '/home/situjet/Desktop/leo_common-ros2/install/leo_teleop/share/leo_teleop/package.ps1'
[2.863s] INFO:colcon.colcon_core.shell:Creating package descriptor '/home/situjet/Desktop/leo_common-ros2/install/leo_teleop/share/leo_teleop/package.dsv'
[2.863s] INFO:colcon.colcon_core.shell:Creating package script '/home/situjet/Desktop/leo_common-ros2/install/leo_teleop/share/leo_teleop/package.sh'
[2.863s] INFO:colcon.colcon_core.shell:Creating package script '/home/situjet/Desktop/leo_common-ros2/install/leo_teleop/share/leo_teleop/package.bash'
[2.864s] INFO:colcon.colcon_core.shell:Creating package script '/home/situjet/Desktop/leo_common-ros2/install/leo_teleop/share/leo_teleop/package.zsh'
[2.864s] Level 1:colcon.colcon_core.environment:create_file_with_runtime_dependencies(/home/situjet/Desktop/leo_common-ros2/install/leo_teleop/share/colcon-core/packages/leo_teleop)
[2.878s] Level 1:colcon.colcon_core.environment:create_environment_scripts_only(leo_description)
[2.893s] Level 1:colcon.colcon_core.environment:checking '/home/situjet/Desktop/leo_common-ros2/install/leo_description' for CMake module files
[2.893s] Level 1:colcon.colcon_core.environment:checking '/home/situjet/Desktop/leo_common-ros2/install/leo_description' for CMake config files
[2.893s] Level 1:colcon.colcon_core.shell:create_environment_hook('leo_description', 'cmake_prefix_path')
[2.908s] INFO:colcon.colcon_core.shell:Creating environment hook '/home/situjet/Desktop/leo_common-ros2/install/leo_description/share/leo_description/hook/cmake_prefix_path.ps1'
[2.908s] INFO:colcon.colcon_core.shell:Creating environment descriptor '/home/situjet/Desktop/leo_common-ros2/install/leo_description/share/leo_description/hook/cmake_prefix_path.dsv'
[2.908s] INFO:colcon.colcon_core.shell:Creating environment hook '/home/situjet/Desktop/leo_common-ros2/install/leo_description/share/leo_description/hook/cmake_prefix_path.sh'
[2.908s] Level 1:colcon.colcon_core.environment:checking '/home/situjet/Desktop/leo_common-ros2/install/leo_description/bin'
[2.909s] Level 1:colcon.colcon_core.environment:checking '/home/situjet/Desktop/leo_common-ros2/install/leo_description/lib/pkgconfig/leo_description.pc'
[2.909s] Level 1:colcon.colcon_core.environment:checking '/home/situjet/Desktop/leo_common-ros2/install/leo_description/lib/python3.10/site-packages'
[2.909s] Level 1:colcon.colcon_core.environment:checking '/home/situjet/Desktop/leo_common-ros2/install/leo_description/bin'
[2.923s] INFO:colcon.colcon_core.shell:Creating package script '/home/situjet/Desktop/leo_common-ros2/install/leo_description/share/leo_description/package.ps1'
[2.924s] INFO:colcon.colcon_core.shell:Creating package descriptor '/home/situjet/Desktop/leo_common-ros2/install/leo_description/share/leo_description/package.dsv'
[2.924s] INFO:colcon.colcon_core.shell:Creating package script '/home/situjet/Desktop/leo_common-ros2/install/leo_description/share/leo_description/package.sh'
[2.924s] INFO:colcon.colcon_core.shell:Creating package script '/home/situjet/Desktop/leo_common-ros2/install/leo_description/share/leo_description/package.bash'
[2.925s] INFO:colcon.colcon_core.shell:Creating package script '/home/situjet/Desktop/leo_common-ros2/install/leo_description/share/leo_description/package.zsh'
[2.925s] Level 1:colcon.colcon_core.environment:create_file_with_runtime_dependencies(/home/situjet/Desktop/leo_common-ros2/install/leo_description/share/colcon-core/packages/leo_description)
[2.925s] INFO:colcon.colcon_ros.task.ament_cmake.build:Building ROS package in '/home/situjet/Desktop/leo_common-ros2/src/leo_viz' with build type 'ament_cmake'
[2.925s] INFO:colcon.colcon_cmake.task.cmake.build:Building CMake package in '/home/situjet/Desktop/leo_common-ros2/src/leo_viz'
[2.940s] INFO:colcon.colcon_core.shell:Skip shell extension 'powershell' for command environment: Not usable outside of PowerShell
[2.940s] DEBUG:colcon.colcon_core.shell:Skip shell extension 'dsv' for command environment
[2.995s] DEBUG:colcon.colcon_core.event_handler.log_command:Invoking command in '/home/situjet/Desktop/leo_common-ros2/build/leo_viz': CMAKE_PREFIX_PATH=/home/situjet/Desktop/leo_common-ros2/install/leo_description:/home/situjet/Desktop/leo_common-ros2/install/leo_teleop_holonomic:/home/situjet/Desktop/leo_common-ros2/install/leo_desktop:/home/situjet/Desktop/leo_common-ros2/install/leo_viz:/home/situjet/Desktop/leo_common-ros2/install/leo:/home/situjet/Desktop/leo_common-ros2/install/leo_teleop:/home/situjet/Desktop/leo_common-ros2/install/leo_msgs:/opt/ros/humble /home/situjet/.local/bin/cmake /home/situjet/Desktop/leo_common-ros2/src/leo_viz -DAMENT_CMAKE_SYMLINK_INSTALL=1 -DCMAKE_INSTALL_PREFIX=/home/situjet/Desktop/leo_common-ros2/install/leo_viz
[3.669s] DEBUG:colcon.colcon_core.event_handler.log_command:Invoked command in '/home/situjet/Desktop/leo_common-ros2/build/leo_msgs' returned '0': CMAKE_PREFIX_PATH=${CMAKE_PREFIX_PATH}:/opt/ros/humble /home/situjet/.local/bin/cmake /home/situjet/Desktop/leo_common-ros2/src/leo_msgs -DAMENT_CMAKE_SYMLINK_INSTALL=1 -DCMAKE_INSTALL_PREFIX=/home/situjet/Desktop/leo_common-ros2/install/leo_msgs
[3.670s] DEBUG:colcon.colcon_core.event_handler.log_command:Invoking command in '/home/situjet/Desktop/leo_common-ros2/build/leo_msgs': CMAKE_PREFIX_PATH=${CMAKE_PREFIX_PATH}:/opt/ros/humble /home/situjet/.local/bin/cmake --build /home/situjet/Desktop/leo_common-ros2/build/leo_msgs -- -j12 -l12
[3.671s] DEBUG:colcon.colcon_core.event_handler.log_command:Invoked command in '/home/situjet/Desktop/leo_common-ros2/build/leo_viz' returned '0': CMAKE_PREFIX_PATH=/home/situjet/Desktop/leo_common-ros2/install/leo_description:/home/situjet/Desktop/leo_common-ros2/install/leo_teleop_holonomic:/home/situjet/Desktop/leo_common-ros2/install/leo_desktop:/home/situjet/Desktop/leo_common-ros2/install/leo_viz:/home/situjet/Desktop/leo_common-ros2/install/leo:/home/situjet/Desktop/leo_common-ros2/install/leo_teleop:/home/situjet/Desktop/leo_common-ros2/install/leo_msgs:/opt/ros/humble /home/situjet/.local/bin/cmake /home/situjet/Desktop/leo_common-ros2/src/leo_viz -DAMENT_CMAKE_SYMLINK_INSTALL=1 -DCMAKE_INSTALL_PREFIX=/home/situjet/Desktop/leo_common-ros2/install/leo_viz
[3.672s] DEBUG:colcon.colcon_core.event_handler.log_command:Invoking command in '/home/situjet/Desktop/leo_common-ros2/build/leo_viz': CMAKE_PREFIX_PATH=/home/situjet/Desktop/leo_common-ros2/install/leo_description:/home/situjet/Desktop/leo_common-ros2/install/leo_teleop_holonomic:/home/situjet/Desktop/leo_common-ros2/install/leo_desktop:/home/situjet/Desktop/leo_common-ros2/install/leo_viz:/home/situjet/Desktop/leo_common-ros2/install/leo:/home/situjet/Desktop/leo_common-ros2/install/leo_teleop:/home/situjet/Desktop/leo_common-ros2/install/leo_msgs:/opt/ros/humble /home/situjet/.local/bin/cmake --build /home/situjet/Desktop/leo_common-ros2/build/leo_viz -- -j12 -l12
[3.701s] DEBUG:colcon.colcon_core.event_handler.log_command:Invoked command in '/home/situjet/Desktop/leo_common-ros2/build/leo_viz' returned '0': CMAKE_PREFIX_PATH=/home/situjet/Desktop/leo_common-ros2/install/leo_description:/home/situjet/Desktop/leo_common-ros2/install/leo_teleop_holonomic:/home/situjet/Desktop/leo_common-ros2/install/leo_desktop:/home/situjet/Desktop/leo_common-ros2/install/leo_viz:/home/situjet/Desktop/leo_common-ros2/install/leo:/home/situjet/Desktop/leo_common-ros2/install/leo_teleop:/home/situjet/Desktop/leo_common-ros2/install/leo_msgs:/opt/ros/humble /home/situjet/.local/bin/cmake --build /home/situjet/Desktop/leo_common-ros2/build/leo_viz -- -j12 -l12
[3.732s] DEBUG:colcon.colcon_core.event_handler.log_command:Invoking command in '/home/situjet/Desktop/leo_common-ros2/build/leo_viz': CMAKE_PREFIX_PATH=/home/situjet/Desktop/leo_common-ros2/install/leo_description:/home/situjet/Desktop/leo_common-ros2/install/leo_teleop_holonomic:/home/situjet/Desktop/leo_common-ros2/install/leo_desktop:/home/situjet/Desktop/leo_common-ros2/install/leo_viz:/home/situjet/Desktop/leo_common-ros2/install/leo:/home/situjet/Desktop/leo_common-ros2/install/leo_teleop:/home/situjet/Desktop/leo_common-ros2/install/leo_msgs:/opt/ros/humble /home/situjet/.local/bin/cmake --install /home/situjet/Desktop/leo_common-ros2/build/leo_viz
[3.789s] Level 1:colcon.colcon_core.environment:create_environment_scripts_only(leo_viz)
[3.789s] DEBUG:colcon.colcon_core.event_handler.log_command:Invoked command in '/home/situjet/Desktop/leo_common-ros2/build/leo_viz' returned '0': CMAKE_PREFIX_PATH=/home/situjet/Desktop/leo_common-ros2/install/leo_description:/home/situjet/Desktop/leo_common-ros2/install/leo_teleop_holonomic:/home/situjet/Desktop/leo_common-ros2/install/leo_desktop:/home/situjet/Desktop/leo_common-ros2/install/leo_viz:/home/situjet/Desktop/leo_common-ros2/install/leo:/home/situjet/Desktop/leo_common-ros2/install/leo_teleop:/home/situjet/Desktop/leo_common-ros2/install/leo_msgs:/opt/ros/humble /home/situjet/.local/bin/cmake --install /home/situjet/Desktop/leo_common-ros2/build/leo_viz
[3.803s] Level 1:colcon.colcon_core.environment:checking '/home/situjet/Desktop/leo_common-ros2/install/leo_viz' for CMake module files
[3.804s] Level 1:colcon.colcon_core.environment:checking '/home/situjet/Desktop/leo_common-ros2/install/leo_viz' for CMake config files
[3.804s] Level 1:colcon.colcon_core.shell:create_environment_hook('leo_viz', 'cmake_prefix_path')
[3.818s] INFO:colcon.colcon_core.shell:Creating environment hook '/home/situjet/Desktop/leo_common-ros2/install/leo_viz/share/leo_viz/hook/cmake_prefix_path.ps1'
[3.819s] INFO:colcon.colcon_core.shell:Creating environment descriptor '/home/situjet/Desktop/leo_common-ros2/install/leo_viz/share/leo_viz/hook/cmake_prefix_path.dsv'
[3.819s] INFO:colcon.colcon_core.shell:Creating environment hook '/home/situjet/Desktop/leo_common-ros2/install/leo_viz/share/leo_viz/hook/cmake_prefix_path.sh'
[3.819s] Level 1:colcon.colcon_core.environment:checking '/home/situjet/Desktop/leo_common-ros2/install/leo_viz/bin'
[3.819s] Level 1:colcon.colcon_core.environment:checking '/home/situjet/Desktop/leo_common-ros2/install/leo_viz/lib/pkgconfig/leo_viz.pc'
[3.819s] Level 1:colcon.colcon_core.environment:checking '/home/situjet/Desktop/leo_common-ros2/install/leo_viz/lib/python3.10/site-packages'
[3.819s] Level 1:colcon.colcon_core.environment:checking '/home/situjet/Desktop/leo_common-ros2/install/leo_viz/bin'
[3.834s] INFO:colcon.colcon_core.shell:Creating package script '/home/situjet/Desktop/leo_common-ros2/install/leo_viz/share/leo_viz/package.ps1'
[3.834s] INFO:colcon.colcon_core.shell:Creating package descriptor '/home/situjet/Desktop/leo_common-ros2/install/leo_viz/share/leo_viz/package.dsv'
[3.834s] INFO:colcon.colcon_core.shell:Creating package script '/home/situjet/Desktop/leo_common-ros2/install/leo_viz/share/leo_viz/package.sh'
[3.834s] INFO:colcon.colcon_core.shell:Creating package script '/home/situjet/Desktop/leo_common-ros2/install/leo_viz/share/leo_viz/package.bash'
[3.835s] INFO:colcon.colcon_core.shell:Creating package script '/home/situjet/Desktop/leo_common-ros2/install/leo_viz/share/leo_viz/package.zsh'
[3.835s] Level 1:colcon.colcon_core.environment:create_file_with_runtime_dependencies(/home/situjet/Desktop/leo_common-ros2/install/leo_viz/share/colcon-core/packages/leo_viz)
[3.879s] Level 1:colcon.colcon_core.environment:create_environment_scripts_only(leo_viz)
[3.893s] Level 1:colcon.colcon_core.environment:checking '/home/situjet/Desktop/leo_common-ros2/install/leo_viz' for CMake module files
[3.893s] Level 1:colcon.colcon_core.environment:checking '/home/situjet/Desktop/leo_common-ros2/install/leo_viz' for CMake config files
[3.893s] Level 1:colcon.colcon_core.shell:create_environment_hook('leo_viz', 'cmake_prefix_path')
[3.909s] INFO:colcon.colcon_core.shell:Creating environment hook '/home/situjet/Desktop/leo_common-ros2/install/leo_viz/share/leo_viz/hook/cmake_prefix_path.ps1'
[3.909s] INFO:colcon.colcon_core.shell:Creating environment descriptor '/home/situjet/Desktop/leo_common-ros2/install/leo_viz/share/leo_viz/hook/cmake_prefix_path.dsv'
[3.909s] INFO:colcon.colcon_core.shell:Creating environment hook '/home/situjet/Desktop/leo_common-ros2/install/leo_viz/share/leo_viz/hook/cmake_prefix_path.sh'
[3.910s] Level 1:colcon.colcon_core.environment:checking '/home/situjet/Desktop/leo_common-ros2/install/leo_viz/bin'
[3.910s] Level 1:colcon.colcon_core.environment:checking '/home/situjet/Desktop/leo_common-ros2/install/leo_viz/lib/pkgconfig/leo_viz.pc'
[3.910s] Level 1:colcon.colcon_core.environment:checking '/home/situjet/Desktop/leo_common-ros2/install/leo_viz/lib/python3.10/site-packages'
[3.910s] Level 1:colcon.colcon_core.environment:checking '/home/situjet/Desktop/leo_common-ros2/install/leo_viz/bin'
[3.925s] INFO:colcon.colcon_core.shell:Creating package script '/home/situjet/Desktop/leo_common-ros2/install/leo_viz/share/leo_viz/package.ps1'
[3.925s] INFO:colcon.colcon_core.shell:Creating package descriptor '/home/situjet/Desktop/leo_common-ros2/install/leo_viz/share/leo_viz/package.dsv'
[3.925s] INFO:colcon.colcon_core.shell:Creating package script '/home/situjet/Desktop/leo_common-ros2/install/leo_viz/share/leo_viz/package.sh'
[3.926s] INFO:colcon.colcon_core.shell:Creating package script '/home/situjet/Desktop/leo_common-ros2/install/leo_viz/share/leo_viz/package.bash'
[3.926s] INFO:colcon.colcon_core.shell:Creating package script '/home/situjet/Desktop/leo_common-ros2/install/leo_viz/share/leo_viz/package.zsh'
[3.926s] Level 1:colcon.colcon_core.environment:create_file_with_runtime_dependencies(/home/situjet/Desktop/leo_common-ros2/install/leo_viz/share/colcon-core/packages/leo_viz)
[6.678s] DEBUG:colcon.colcon_core.event_handler.log_command:Invoked command in '/home/situjet/Desktop/leo_common-ros2/build/leo_msgs' returned '0': CMAKE_PREFIX_PATH=${CMAKE_PREFIX_PATH}:/opt/ros/humble /home/situjet/.local/bin/cmake --build /home/situjet/Desktop/leo_common-ros2/build/leo_msgs -- -j12 -l12
[6.780s] DEBUG:colcon.colcon_core.event_handler.log_command:Invoking command in '/home/situjet/Desktop/leo_common-ros2/build/leo_msgs': CMAKE_PREFIX_PATH=${CMAKE_PREFIX_PATH}:/opt/ros/humble /home/situjet/.local/bin/cmake --install /home/situjet/Desktop/leo_common-ros2/build/leo_msgs
[7.341s] Level 1:colcon.colcon_core.environment:create_environment_scripts_only(leo_msgs)
[7.341s] DEBUG:colcon.colcon_core.event_handler.log_command:Invoked command in '/home/situjet/Desktop/leo_common-ros2/build/leo_msgs' returned '0': CMAKE_PREFIX_PATH=${CMAKE_PREFIX_PATH}:/opt/ros/humble /home/situjet/.local/bin/cmake --install /home/situjet/Desktop/leo_common-ros2/build/leo_msgs
[7.358s] Level 1:colcon.colcon_core.environment:checking '/home/situjet/Desktop/leo_common-ros2/install/leo_msgs' for CMake module files
[7.358s] Level 1:colcon.colcon_core.environment:checking '/home/situjet/Desktop/leo_common-ros2/install/leo_msgs' for CMake config files
[7.360s] Level 1:colcon.colcon_core.shell:create_environment_hook('leo_msgs', 'cmake_prefix_path')
[7.376s] INFO:colcon.colcon_core.shell:Creating environment hook '/home/situjet/Desktop/leo_common-ros2/install/leo_msgs/share/leo_msgs/hook/cmake_prefix_path.ps1'
[7.376s] INFO:colcon.colcon_core.shell:Creating environment descriptor '/home/situjet/Desktop/leo_common-ros2/install/leo_msgs/share/leo_msgs/hook/cmake_prefix_path.dsv'
[7.376s] INFO:colcon.colcon_core.shell:Creating environment hook '/home/situjet/Desktop/leo_common-ros2/install/leo_msgs/share/leo_msgs/hook/cmake_prefix_path.sh'
[7.377s] Level 1:colcon.colcon_core.environment:checking '/home/situjet/Desktop/leo_common-ros2/install/leo_msgs/lib'
[7.377s] Level 1:colcon.colcon_core.shell:create_environment_hook('leo_msgs', 'ld_library_path_lib')
[7.393s] INFO:colcon.colcon_core.shell:Creating environment hook '/home/situjet/Desktop/leo_common-ros2/install/leo_msgs/share/leo_msgs/hook/ld_library_path_lib.ps1'
[7.393s] INFO:colcon.colcon_core.shell:Creating environment descriptor '/home/situjet/Desktop/leo_common-ros2/install/leo_msgs/share/leo_msgs/hook/ld_library_path_lib.dsv'
[7.394s] INFO:colcon.colcon_core.shell:Creating environment hook '/home/situjet/Desktop/leo_common-ros2/install/leo_msgs/share/leo_msgs/hook/ld_library_path_lib.sh'
[7.394s] Level 1:colcon.colcon_core.environment:checking '/home/situjet/Desktop/leo_common-ros2/install/leo_msgs/bin'
[7.394s] Level 1:colcon.colcon_core.environment:checking '/home/situjet/Desktop/leo_common-ros2/install/leo_msgs/lib/pkgconfig/leo_msgs.pc'
[7.394s] Level 1:colcon.colcon_core.environment:checking '/home/situjet/Desktop/leo_common-ros2/install/leo_msgs/lib/python3.10/site-packages'
[7.394s] Level 1:colcon.colcon_core.environment:checking '/home/situjet/Desktop/leo_common-ros2/install/leo_msgs/bin'
[7.411s] INFO:colcon.colcon_core.shell:Creating package script '/home/situjet/Desktop/leo_common-ros2/install/leo_msgs/share/leo_msgs/package.ps1'
[7.411s] INFO:colcon.colcon_core.shell:Creating package descriptor '/home/situjet/Desktop/leo_common-ros2/install/leo_msgs/share/leo_msgs/package.dsv'
[7.412s] INFO:colcon.colcon_core.shell:Creating package script '/home/situjet/Desktop/leo_common-ros2/install/leo_msgs/share/leo_msgs/package.sh'
[7.412s] INFO:colcon.colcon_core.shell:Creating package script '/home/situjet/Desktop/leo_common-ros2/install/leo_msgs/share/leo_msgs/package.bash'
[7.412s] INFO:colcon.colcon_core.shell:Creating package script '/home/situjet/Desktop/leo_common-ros2/install/leo_msgs/share/leo_msgs/package.zsh'
[7.412s] Level 1:colcon.colcon_core.environment:create_file_with_runtime_dependencies(/home/situjet/Desktop/leo_common-ros2/install/leo_msgs/share/colcon-core/packages/leo_msgs)
[7.531s] Level 1:colcon.colcon_core.environment:create_environment_scripts_only(leo_msgs)
[7.547s] Level 1:colcon.colcon_core.environment:checking '/home/situjet/Desktop/leo_common-ros2/install/leo_msgs' for CMake module files
[7.548s] Level 1:colcon.colcon_core.environment:checking '/home/situjet/Desktop/leo_common-ros2/install/leo_msgs' for CMake config files
[7.549s] Level 1:colcon.colcon_core.shell:create_environment_hook('leo_msgs', 'cmake_prefix_path')
[7.564s] INFO:colcon.colcon_core.shell:Creating environment hook '/home/situjet/Desktop/leo_common-ros2/install/leo_msgs/share/leo_msgs/hook/cmake_prefix_path.ps1'
[7.565s] INFO:colcon.colcon_core.shell:Creating environment descriptor '/home/situjet/Desktop/leo_common-ros2/install/leo_msgs/share/leo_msgs/hook/cmake_prefix_path.dsv'
[7.565s] INFO:colcon.colcon_core.shell:Creating environment hook '/home/situjet/Desktop/leo_common-ros2/install/leo_msgs/share/leo_msgs/hook/cmake_prefix_path.sh'
[7.565s] Level 1:colcon.colcon_core.environment:checking '/home/situjet/Desktop/leo_common-ros2/install/leo_msgs/lib'
[7.566s] Level 1:colcon.colcon_core.shell:create_environment_hook('leo_msgs', 'ld_library_path_lib')
[7.582s] INFO:colcon.colcon_core.shell:Creating environment hook '/home/situjet/Desktop/leo_common-ros2/install/leo_msgs/share/leo_msgs/hook/ld_library_path_lib.ps1'
[7.582s] INFO:colcon.colcon_core.shell:Creating environment descriptor '/home/situjet/Desktop/leo_common-ros2/install/leo_msgs/share/leo_msgs/hook/ld_library_path_lib.dsv'
[7.582s] INFO:colcon.colcon_core.shell:Creating environment hook '/home/situjet/Desktop/leo_common-ros2/install/leo_msgs/share/leo_msgs/hook/ld_library_path_lib.sh'
[7.582s] Level 1:colcon.colcon_core.environment:checking '/home/situjet/Desktop/leo_common-ros2/install/leo_msgs/bin'
[7.583s] Level 1:colcon.colcon_core.environment:checking '/home/situjet/Desktop/leo_common-ros2/install/leo_msgs/lib/pkgconfig/leo_msgs.pc'
[7.583s] Level 1:colcon.colcon_core.environment:checking '/home/situjet/Desktop/leo_common-ros2/install/leo_msgs/lib/python3.10/site-packages'
[7.583s] Level 1:colcon.colcon_core.environment:checking '/home/situjet/Desktop/leo_common-ros2/install/leo_msgs/bin'
[7.599s] INFO:colcon.colcon_core.shell:Creating package script '/home/situjet/Desktop/leo_common-ros2/install/leo_msgs/share/leo_msgs/package.ps1'
[7.599s] INFO:colcon.colcon_core.shell:Creating package descriptor '/home/situjet/Desktop/leo_common-ros2/install/leo_msgs/share/leo_msgs/package.dsv'
[7.600s] INFO:colcon.colcon_core.shell:Creating package script '/home/situjet/Desktop/leo_common-ros2/install/leo_msgs/share/leo_msgs/package.sh'
[7.600s] INFO:colcon.colcon_core.shell:Creating package script '/home/situjet/Desktop/leo_common-ros2/install/leo_msgs/share/leo_msgs/package.bash'
[7.601s] INFO:colcon.colcon_core.shell:Creating package script '/home/situjet/Desktop/leo_common-ros2/install/leo_msgs/share/leo_msgs/package.zsh'
[7.601s] Level 1:colcon.colcon_core.environment:create_file_with_runtime_dependencies(/home/situjet/Desktop/leo_common-ros2/install/leo_msgs/share/colcon-core/packages/leo_msgs)
[7.601s] INFO:colcon.colcon_ros.task.ament_cmake.build:Building ROS package in '/home/situjet/Desktop/leo_common-ros2/src/leo' with build type 'ament_cmake'
[7.601s] INFO:colcon.colcon_cmake.task.cmake.build:Building CMake package in '/home/situjet/Desktop/leo_common-ros2/src/leo'
[7.618s] INFO:colcon.colcon_core.shell:Skip shell extension 'powershell' for command environment: Not usable outside of PowerShell
[7.618s] DEBUG:colcon.colcon_core.shell:Skip shell extension 'dsv' for command environment
[7.674s] DEBUG:colcon.colcon_core.event_handler.log_command:Invoking command in '/home/situjet/Desktop/leo_common-ros2/build/leo': CMAKE_PREFIX_PATH=/home/situjet/Desktop/leo_common-ros2/install/leo_teleop:/home/situjet/Desktop/leo_common-ros2/install/leo_msgs:/home/situjet/Desktop/leo_common-ros2/install/leo_description:/home/situjet/Desktop/leo_common-ros2/install/leo_teleop_holonomic:/home/situjet/Desktop/leo_common-ros2/install/leo_desktop:/home/situjet/Desktop/leo_common-ros2/install/leo_viz:/home/situjet/Desktop/leo_common-ros2/install/leo:/opt/ros/humble /home/situjet/.local/bin/cmake /home/situjet/Desktop/leo_common-ros2/src/leo -DAMENT_CMAKE_SYMLINK_INSTALL=1 -DCMAKE_INSTALL_PREFIX=/home/situjet/Desktop/leo_common-ros2/install/leo
[8.244s] DEBUG:colcon.colcon_core.event_handler.log_command:Invoked command in '/home/situjet/Desktop/leo_common-ros2/build/leo' returned '0': CMAKE_PREFIX_PATH=/home/situjet/Desktop/leo_common-ros2/install/leo_teleop:/home/situjet/Desktop/leo_common-ros2/install/leo_msgs:/home/situjet/Desktop/leo_common-ros2/install/leo_description:/home/situjet/Desktop/leo_common-ros2/install/leo_teleop_holonomic:/home/situjet/Desktop/leo_common-ros2/install/leo_desktop:/home/situjet/Desktop/leo_common-ros2/install/leo_viz:/home/situjet/Desktop/leo_common-ros2/install/leo:/opt/ros/humble /home/situjet/.local/bin/cmake /home/situjet/Desktop/leo_common-ros2/src/leo -DAMENT_CMAKE_SYMLINK_INSTALL=1 -DCMAKE_INSTALL_PREFIX=/home/situjet/Desktop/leo_common-ros2/install/leo
[8.244s] DEBUG:colcon.colcon_core.event_handler.log_command:Invoking command in '/home/situjet/Desktop/leo_common-ros2/build/leo': CMAKE_PREFIX_PATH=/home/situjet/Desktop/leo_common-ros2/install/leo_teleop:/home/situjet/Desktop/leo_common-ros2/install/leo_msgs:/home/situjet/Desktop/leo_common-ros2/install/leo_description:/home/situjet/Desktop/leo_common-ros2/install/leo_teleop_holonomic:/home/situjet/Desktop/leo_common-ros2/install/leo_desktop:/home/situjet/Desktop/leo_common-ros2/install/leo_viz:/home/situjet/Desktop/leo_common-ros2/install/leo:/opt/ros/humble /home/situjet/.local/bin/cmake --build /home/situjet/Desktop/leo_common-ros2/build/leo -- -j12 -l12
[8.279s] DEBUG:colcon.colcon_core.event_handler.log_command:Invoked command in '/home/situjet/Desktop/leo_common-ros2/build/leo' returned '0': CMAKE_PREFIX_PATH=/home/situjet/Desktop/leo_common-ros2/install/leo_teleop:/home/situjet/Desktop/leo_common-ros2/install/leo_msgs:/home/situjet/Desktop/leo_common-ros2/install/leo_description:/home/situjet/Desktop/leo_common-ros2/install/leo_teleop_holonomic:/home/situjet/Desktop/leo_common-ros2/install/leo_desktop:/home/situjet/Desktop/leo_common-ros2/install/leo_viz:/home/situjet/Desktop/leo_common-ros2/install/leo:/opt/ros/humble /home/situjet/.local/bin/cmake --build /home/situjet/Desktop/leo_common-ros2/build/leo -- -j12 -l12
[8.312s] DEBUG:colcon.colcon_core.event_handler.log_command:Invoking command in '/home/situjet/Desktop/leo_common-ros2/build/leo': CMAKE_PREFIX_PATH=/home/situjet/Desktop/leo_common-ros2/install/leo_teleop:/home/situjet/Desktop/leo_common-ros2/install/leo_msgs:/home/situjet/Desktop/leo_common-ros2/install/leo_description:/home/situjet/Desktop/leo_common-ros2/install/leo_teleop_holonomic:/home/situjet/Desktop/leo_common-ros2/install/leo_desktop:/home/situjet/Desktop/leo_common-ros2/install/leo_viz:/home/situjet/Desktop/leo_common-ros2/install/leo:/opt/ros/humble /home/situjet/.local/bin/cmake --install /home/situjet/Desktop/leo_common-ros2/build/leo
[8.368s] Level 1:colcon.colcon_core.environment:create_environment_scripts_only(leo)
[8.369s] DEBUG:colcon.colcon_core.event_handler.log_command:Invoked command in '/home/situjet/Desktop/leo_common-ros2/build/leo' returned '0': CMAKE_PREFIX_PATH=/home/situjet/Desktop/leo_common-ros2/install/leo_teleop:/home/situjet/Desktop/leo_common-ros2/install/leo_msgs:/home/situjet/Desktop/leo_common-ros2/install/leo_description:/home/situjet/Desktop/leo_common-ros2/install/leo_teleop_holonomic:/home/situjet/Desktop/leo_common-ros2/install/leo_desktop:/home/situjet/Desktop/leo_common-ros2/install/leo_viz:/home/situjet/Desktop/leo_common-ros2/install/leo:/opt/ros/humble /home/situjet/.local/bin/cmake --install /home/situjet/Desktop/leo_common-ros2/build/leo
[8.385s] Level 1:colcon.colcon_core.environment:checking '/home/situjet/Desktop/leo_common-ros2/install/leo' for CMake module files
[8.386s] Level 1:colcon.colcon_core.environment:checking '/home/situjet/Desktop/leo_common-ros2/install/leo' for CMake config files
[8.386s] Level 1:colcon.colcon_core.shell:create_environment_hook('leo', 'cmake_prefix_path')
[8.402s] INFO:colcon.colcon_core.shell:Creating environment hook '/home/situjet/Desktop/leo_common-ros2/install/leo/share/leo/hook/cmake_prefix_path.ps1'
[8.402s] INFO:colcon.colcon_core.shell:Creating environment descriptor '/home/situjet/Desktop/leo_common-ros2/install/leo/share/leo/hook/cmake_prefix_path.dsv'
[8.402s] INFO:colcon.colcon_core.shell:Creating environment hook '/home/situjet/Desktop/leo_common-ros2/install/leo/share/leo/hook/cmake_prefix_path.sh'
[8.403s] Level 1:colcon.colcon_core.environment:checking '/home/situjet/Desktop/leo_common-ros2/install/leo/bin'
[8.403s] Level 1:colcon.colcon_core.environment:checking '/home/situjet/Desktop/leo_common-ros2/install/leo/lib/pkgconfig/leo.pc'
[8.403s] Level 1:colcon.colcon_core.environment:checking '/home/situjet/Desktop/leo_common-ros2/install/leo/lib/python3.10/site-packages'
[8.403s] Level 1:colcon.colcon_core.environment:checking '/home/situjet/Desktop/leo_common-ros2/install/leo/bin'
[8.419s] INFO:colcon.colcon_core.shell:Creating package script '/home/situjet/Desktop/leo_common-ros2/install/leo/share/leo/package.ps1'
[8.420s] INFO:colcon.colcon_core.shell:Creating package descriptor '/home/situjet/Desktop/leo_common-ros2/install/leo/share/leo/package.dsv'
[8.420s] INFO:colcon.colcon_core.shell:Creating package script '/home/situjet/Desktop/leo_common-ros2/install/leo/share/leo/package.sh'
[8.420s] INFO:colcon.colcon_core.shell:Creating package script '/home/situjet/Desktop/leo_common-ros2/install/leo/share/leo/package.bash'
[8.421s] INFO:colcon.colcon_core.shell:Creating package script '/home/situjet/Desktop/leo_common-ros2/install/leo/share/leo/package.zsh'
[8.421s] Level 1:colcon.colcon_core.environment:create_file_with_runtime_dependencies(/home/situjet/Desktop/leo_common-ros2/install/leo/share/colcon-core/packages/leo)
[8.472s] Level 1:colcon.colcon_core.environment:create_environment_scripts_only(leo)
[8.488s] Level 1:colcon.colcon_core.environment:checking '/home/situjet/Desktop/leo_common-ros2/install/leo' for CMake module files
[8.488s] Level 1:colcon.colcon_core.environment:checking '/home/situjet/Desktop/leo_common-ros2/install/leo' for CMake config files
[8.489s] Level 1:colcon.colcon_core.shell:create_environment_hook('leo', 'cmake_prefix_path')
[8.505s] INFO:colcon.colcon_core.shell:Creating environment hook '/home/situjet/Desktop/leo_common-ros2/install/leo/share/leo/hook/cmake_prefix_path.ps1'
[8.505s] INFO:colcon.colcon_core.shell:Creating environment descriptor '/home/situjet/Desktop/leo_common-ros2/install/leo/share/leo/hook/cmake_prefix_path.dsv'
[8.505s] INFO:colcon.colcon_core.shell:Creating environment hook '/home/situjet/Desktop/leo_common-ros2/install/leo/share/leo/hook/cmake_prefix_path.sh'
[8.506s] Level 1:colcon.colcon_core.environment:checking '/home/situjet/Desktop/leo_common-ros2/install/leo/bin'
[8.506s] Level 1:colcon.colcon_core.environment:checking '/home/situjet/Desktop/leo_common-ros2/install/leo/lib/pkgconfig/leo.pc'
[8.506s] Level 1:colcon.colcon_core.environment:checking '/home/situjet/Desktop/leo_common-ros2/install/leo/lib/python3.10/site-packages'
[8.506s] Level 1:colcon.colcon_core.environment:checking '/home/situjet/Desktop/leo_common-ros2/install/leo/bin'
[8.522s] INFO:colcon.colcon_core.shell:Creating package script '/home/situjet/Desktop/leo_common-ros2/install/leo/share/leo/package.ps1'
[8.523s] INFO:colcon.colcon_core.shell:Creating package descriptor '/home/situjet/Desktop/leo_common-ros2/install/leo/share/leo/package.dsv'
[8.523s] INFO:colcon.colcon_core.shell:Creating package script '/home/situjet/Desktop/leo_common-ros2/install/leo/share/leo/package.sh'
[8.524s] INFO:colcon.colcon_core.shell:Creating package script '/home/situjet/Desktop/leo_common-ros2/install/leo/share/leo/package.bash'
[8.524s] INFO:colcon.colcon_core.shell:Creating package script '/home/situjet/Desktop/leo_common-ros2/install/leo/share/leo/package.zsh'
[8.524s] Level 1:colcon.colcon_core.environment:create_file_with_runtime_dependencies(/home/situjet/Desktop/leo_common-ros2/install/leo/share/colcon-core/packages/leo)
[8.525s] INFO:colcon.colcon_ros.task.ament_cmake.build:Building ROS package in '/home/situjet/Desktop/leo_common-ros2/src/leo_desktop' with build type 'ament_cmake'
[8.525s] INFO:colcon.colcon_cmake.task.cmake.build:Building CMake package in '/home/situjet/Desktop/leo_common-ros2/src/leo_desktop'
[8.542s] INFO:colcon.colcon_core.shell:Skip shell extension 'powershell' for command environment: Not usable outside of PowerShell
[8.542s] DEBUG:colcon.colcon_core.shell:Skip shell extension 'dsv' for command environment
[8.601s] DEBUG:colcon.colcon_core.event_handler.log_command:Invoking command in '/home/situjet/Desktop/leo_common-ros2/build/leo_desktop': CMAKE_PREFIX_PATH=/home/situjet/Desktop/leo_common-ros2/install/leo_viz:/home/situjet/Desktop/leo_common-ros2/install/leo:/home/situjet/Desktop/leo_common-ros2/install/leo_teleop:/home/situjet/Desktop/leo_common-ros2/install/leo_msgs:/home/situjet/Desktop/leo_common-ros2/install/leo_description:/home/situjet/Desktop/leo_common-ros2/install/leo_teleop_holonomic:/home/situjet/Desktop/leo_common-ros2/install/leo_desktop:/opt/ros/humble /home/situjet/.local/bin/cmake /home/situjet/Desktop/leo_common-ros2/src/leo_desktop -DAMENT_CMAKE_SYMLINK_INSTALL=1 -DCMAKE_INSTALL_PREFIX=/home/situjet/Desktop/leo_common-ros2/install/leo_desktop
[9.173s] DEBUG:colcon.colcon_core.event_handler.log_command:Invoked command in '/home/situjet/Desktop/leo_common-ros2/build/leo_desktop' returned '0': CMAKE_PREFIX_PATH=/home/situjet/Desktop/leo_common-ros2/install/leo_viz:/home/situjet/Desktop/leo_common-ros2/install/leo:/home/situjet/Desktop/leo_common-ros2/install/leo_teleop:/home/situjet/Desktop/leo_common-ros2/install/leo_msgs:/home/situjet/Desktop/leo_common-ros2/install/leo_description:/home/situjet/Desktop/leo_common-ros2/install/leo_teleop_holonomic:/home/situjet/Desktop/leo_common-ros2/install/leo_desktop:/opt/ros/humble /home/situjet/.local/bin/cmake /home/situjet/Desktop/leo_common-ros2/src/leo_desktop -DAMENT_CMAKE_SYMLINK_INSTALL=1 -DCMAKE_INSTALL_PREFIX=/home/situjet/Desktop/leo_common-ros2/install/leo_desktop
[9.173s] DEBUG:colcon.colcon_core.event_handler.log_command:Invoking command in '/home/situjet/Desktop/leo_common-ros2/build/leo_desktop': CMAKE_PREFIX_PATH=/home/situjet/Desktop/leo_common-ros2/install/leo_viz:/home/situjet/Desktop/leo_common-ros2/install/leo:/home/situjet/Desktop/leo_common-ros2/install/leo_teleop:/home/situjet/Desktop/leo_common-ros2/install/leo_msgs:/home/situjet/Desktop/leo_common-ros2/install/leo_description:/home/situjet/Desktop/leo_common-ros2/install/leo_teleop_holonomic:/home/situjet/Desktop/leo_common-ros2/install/leo_desktop:/opt/ros/humble /home/situjet/.local/bin/cmake --build /home/situjet/Desktop/leo_common-ros2/build/leo_desktop -- -j12 -l12
[9.208s] DEBUG:colcon.colcon_core.event_handler.log_command:Invoked command in '/home/situjet/Desktop/leo_common-ros2/build/leo_desktop' returned '0': CMAKE_PREFIX_PATH=/home/situjet/Desktop/leo_common-ros2/install/leo_viz:/home/situjet/Desktop/leo_common-ros2/install/leo:/home/situjet/Desktop/leo_common-ros2/install/leo_teleop:/home/situjet/Desktop/leo_common-ros2/install/leo_msgs:/home/situjet/Desktop/leo_common-ros2/install/leo_description:/home/situjet/Desktop/leo_common-ros2/install/leo_teleop_holonomic:/home/situjet/Desktop/leo_common-ros2/install/leo_desktop:/opt/ros/humble /home/situjet/.local/bin/cmake --build /home/situjet/Desktop/leo_common-ros2/build/leo_desktop -- -j12 -l12
[9.241s] DEBUG:colcon.colcon_core.event_handler.log_command:Invoking command in '/home/situjet/Desktop/leo_common-ros2/build/leo_desktop': CMAKE_PREFIX_PATH=/home/situjet/Desktop/leo_common-ros2/install/leo_viz:/home/situjet/Desktop/leo_common-ros2/install/leo:/home/situjet/Desktop/leo_common-ros2/install/leo_teleop:/home/situjet/Desktop/leo_common-ros2/install/leo_msgs:/home/situjet/Desktop/leo_common-ros2/install/leo_description:/home/situjet/Desktop/leo_common-ros2/install/leo_teleop_holonomic:/home/situjet/Desktop/leo_common-ros2/install/leo_desktop:/opt/ros/humble /home/situjet/.local/bin/cmake --install /home/situjet/Desktop/leo_common-ros2/build/leo_desktop
[9.300s] Level 1:colcon.colcon_core.environment:create_environment_scripts_only(leo_desktop)
[9.300s] DEBUG:colcon.colcon_core.event_handler.log_command:Invoked command in '/home/situjet/Desktop/leo_common-ros2/build/leo_desktop' returned '0': CMAKE_PREFIX_PATH=/home/situjet/Desktop/leo_common-ros2/install/leo_viz:/home/situjet/Desktop/leo_common-ros2/install/leo:/home/situjet/Desktop/leo_common-ros2/install/leo_teleop:/home/situjet/Desktop/leo_common-ros2/install/leo_msgs:/home/situjet/Desktop/leo_common-ros2/install/leo_description:/home/situjet/Desktop/leo_common-ros2/install/leo_teleop_holonomic:/home/situjet/Desktop/leo_common-ros2/install/leo_desktop:/opt/ros/humble /home/situjet/.local/bin/cmake --install /home/situjet/Desktop/leo_common-ros2/build/leo_desktop
[9.320s] Level 1:colcon.colcon_core.environment:checking '/home/situjet/Desktop/leo_common-ros2/install/leo_desktop' for CMake module files
[9.320s] Level 1:colcon.colcon_core.environment:checking '/home/situjet/Desktop/leo_common-ros2/install/leo_desktop' for CMake config files
[9.320s] Level 1:colcon.colcon_core.shell:create_environment_hook('leo_desktop', 'cmake_prefix_path')
[9.338s] INFO:colcon.colcon_core.shell:Creating environment hook '/home/situjet/Desktop/leo_common-ros2/install/leo_desktop/share/leo_desktop/hook/cmake_prefix_path.ps1'
[9.339s] INFO:colcon.colcon_core.shell:Creating environment descriptor '/home/situjet/Desktop/leo_common-ros2/install/leo_desktop/share/leo_desktop/hook/cmake_prefix_path.dsv'
[9.339s] INFO:colcon.colcon_core.shell:Creating environment hook '/home/situjet/Desktop/leo_common-ros2/install/leo_desktop/share/leo_desktop/hook/cmake_prefix_path.sh'
[9.339s] Level 1:colcon.colcon_core.environment:checking '/home/situjet/Desktop/leo_common-ros2/install/leo_desktop/bin'
[9.340s] Level 1:colcon.colcon_core.environment:checking '/home/situjet/Desktop/leo_common-ros2/install/leo_desktop/lib/pkgconfig/leo_desktop.pc'
[9.340s] Level 1:colcon.colcon_core.environment:checking '/home/situjet/Desktop/leo_common-ros2/install/leo_desktop/lib/python3.10/site-packages'
[9.340s] Level 1:colcon.colcon_core.environment:checking '/home/situjet/Desktop/leo_common-ros2/install/leo_desktop/bin'
[9.356s] INFO:colcon.colcon_core.shell:Creating package script '/home/situjet/Desktop/leo_common-ros2/install/leo_desktop/share/leo_desktop/package.ps1'
[9.357s] INFO:colcon.colcon_core.shell:Creating package descriptor '/home/situjet/Desktop/leo_common-ros2/install/leo_desktop/share/leo_desktop/package.dsv'
[9.357s] INFO:colcon.colcon_core.shell:Creating package script '/home/situjet/Desktop/leo_common-ros2/install/leo_desktop/share/leo_desktop/package.sh'
[9.357s] INFO:colcon.colcon_core.shell:Creating package script '/home/situjet/Desktop/leo_common-ros2/install/leo_desktop/share/leo_desktop/package.bash'
[9.358s] INFO:colcon.colcon_core.shell:Creating package script '/home/situjet/Desktop/leo_common-ros2/install/leo_desktop/share/leo_desktop/package.zsh'
[9.358s] Level 1:colcon.colcon_core.environment:create_file_with_runtime_dependencies(/home/situjet/Desktop/leo_common-ros2/install/leo_desktop/share/colcon-core/packages/leo_desktop)
[9.407s] Level 1:colcon.colcon_core.environment:create_environment_scripts_only(leo_desktop)
[9.423s] Level 1:colcon.colcon_core.environment:checking '/home/situjet/Desktop/leo_common-ros2/install/leo_desktop' for CMake module files
[9.424s] Level 1:colcon.colcon_core.environment:checking '/home/situjet/Desktop/leo_common-ros2/install/leo_desktop' for CMake config files
[9.424s] Level 1:colcon.colcon_core.shell:create_environment_hook('leo_desktop', 'cmake_prefix_path')
[9.440s] INFO:colcon.colcon_core.shell:Creating environment hook '/home/situjet/Desktop/leo_common-ros2/install/leo_desktop/share/leo_desktop/hook/cmake_prefix_path.ps1'
[9.440s] INFO:colcon.colcon_core.shell:Creating environment descriptor '/home/situjet/Desktop/leo_common-ros2/install/leo_desktop/share/leo_desktop/hook/cmake_prefix_path.dsv'
[9.440s] INFO:colcon.colcon_core.shell:Creating environment hook '/home/situjet/Desktop/leo_common-ros2/install/leo_desktop/share/leo_desktop/hook/cmake_prefix_path.sh'
[9.441s] Level 1:colcon.colcon_core.environment:checking '/home/situjet/Desktop/leo_common-ros2/install/leo_desktop/bin'
[9.441s] Level 1:colcon.colcon_core.environment:checking '/home/situjet/Desktop/leo_common-ros2/install/leo_desktop/lib/pkgconfig/leo_desktop.pc'
[9.441s] Level 1:colcon.colcon_core.environment:checking '/home/situjet/Desktop/leo_common-ros2/install/leo_desktop/lib/python3.10/site-packages'
[9.441s] Level 1:colcon.colcon_core.environment:checking '/home/situjet/Desktop/leo_common-ros2/install/leo_desktop/bin'
[9.457s] INFO:colcon.colcon_core.shell:Creating package script '/home/situjet/Desktop/leo_common-ros2/install/leo_desktop/share/leo_desktop/package.ps1'
[9.458s] INFO:colcon.colcon_core.shell:Creating package descriptor '/home/situjet/Desktop/leo_common-ros2/install/leo_desktop/share/leo_desktop/package.dsv'
[9.458s] INFO:colcon.colcon_core.shell:Creating package script '/home/situjet/Desktop/leo_common-ros2/install/leo_desktop/share/leo_desktop/package.sh'
[9.458s] INFO:colcon.colcon_core.shell:Creating package script '/home/situjet/Desktop/leo_common-ros2/install/leo_desktop/share/leo_desktop/package.bash'
[9.459s] INFO:colcon.colcon_core.shell:Creating package script '/home/situjet/Desktop/leo_common-ros2/install/leo_desktop/share/leo_desktop/package.zsh'
[9.459s] Level 1:colcon.colcon_core.environment:create_file_with_runtime_dependencies(/home/situjet/Desktop/leo_common-ros2/install/leo_desktop/share/colcon-core/packages/leo_desktop)
[9.459s] DEBUG:colcon.colcon_parallel_executor.executor.parallel:closing loop
[9.459s] DEBUG:colcon.colcon_parallel_executor.executor.parallel:loop closed
[9.459s] DEBUG:colcon.colcon_parallel_executor.executor.parallel:run_until_complete finished with '0'
[9.460s] DEBUG:colcon.colcon_core.event_reactor:joining thread
[9.483s] INFO:colcon.colcon_core.plugin_system:Skipping extension 'colcon_notification.desktop_notification.terminal_notifier': Not used on non-Darwin systems
[9.483s] INFO:colcon.colcon_core.plugin_system:Skipping extension 'colcon_notification.desktop_notification.win32': Not used on non-Windows systems
[9.483s] INFO:colcon.colcon_notification.desktop_notification:Sending desktop notification using 'notify2'
[9.493s] DEBUG:colcon.colcon_core.event_reactor:joined thread
[9.509s] INFO:colcon.colcon_core.shell:Creating prefix script '/home/situjet/Desktop/leo_common-ros2/install/local_setup.ps1'
[9.510s] INFO:colcon.colcon_core.shell:Creating prefix util module '/home/situjet/Desktop/leo_common-ros2/install/_local_setup_util_ps1.py'
[9.511s] INFO:colcon.colcon_core.shell:Creating prefix chain script '/home/situjet/Desktop/leo_common-ros2/install/setup.ps1'
[9.528s] INFO:colcon.colcon_core.shell:Creating prefix script '/home/situjet/Desktop/leo_common-ros2/install/local_setup.sh'
[9.529s] INFO:colcon.colcon_core.shell:Creating prefix util module '/home/situjet/Desktop/leo_common-ros2/install/_local_setup_util_sh.py'
[9.529s] INFO:colcon.colcon_core.shell:Creating prefix chain script '/home/situjet/Desktop/leo_common-ros2/install/setup.sh'
[9.546s] INFO:colcon.colcon_core.shell:Creating prefix script '/home/situjet/Desktop/leo_common-ros2/install/local_setup.bash'
[9.547s] INFO:colcon.colcon_core.shell:Creating prefix chain script '/home/situjet/Desktop/leo_common-ros2/install/setup.bash'
[9.564s] INFO:colcon.colcon_core.shell:Creating prefix script '/home/situjet/Desktop/leo_common-ros2/install/local_setup.zsh'
[9.564s] INFO:colcon.colcon_core.shell:Creating prefix chain script '/home/situjet/Desktop/leo_common-ros2/install/setup.zsh'
