[2.017s] Invoking command in '/home/pi/LeoRover-SLAM-ROS2/leo_common-ros2/build/leo_viz': AMENT_PREFIX_PATH=/home/pi/LeoRover-SLAM-ROS2/leo_common-ros2/install/leo_description:${AMENT_PREFIX_PATH} CMAKE_PREFIX_PATH=/home/pi/LeoRover-SLAM-ROS2/leo_common-ros2/install/leo_description:/home/pi/LeoRover-SLAM-ROS2/aruco_ros/install/aruco_ros:/home/pi/LeoRover-SLAM-ROS2/aruco_ros/install/aruco_msgs:/home/pi/LeoRover-SLAM-ROS2/aruco_ros/install/aruco:/opt/ros/humble /usr/bin/cmake /home/pi/LeoRover-SLAM-ROS2/leo_common-ros2/src/leo_viz -DCMAKE_INSTALL_PREFIX=/home/pi/LeoRover-SLAM-ROS2/leo_common-ros2/install/leo_viz
[2.653s] -- The C compiler identification is GNU 11.4.0
[3.390s] -- The CXX compiler identification is GNU 11.4.0
[3.485s] -- Detecting C compiler ABI info
[4.182s] -- Detecting C compiler ABI info - done
[4.233s] -- Check for working C compiler: /usr/bin/cc - skipped
[4.236s] -- Detecting C compile features
[4.242s] -- Detecting C compile features - done
[4.290s] -- Detecting CXX compiler ABI info
[5.244s] -- Detecting CXX compiler ABI info - done
[5.315s] -- Check for working CXX compiler: /usr/bin/c++ - skipped
[5.318s] -- Detecting CXX compile features
[5.323s] -- Detecting CXX compile features - done
[5.400s] -- Found ament_cmake: 1.3.5 (/opt/ros/humble/share/ament_cmake/cmake)
[7.507s] -- Found Python3: /usr/bin/python3.10 (found version "3.10.12") found components: Interpreter 
[10.092s] -- Configuring done
[10.140s] -- Generating done
[10.153s] -- Build files have been written to: /home/pi/LeoRover-SLAM-ROS2/leo_common-ros2/build/leo_viz
[10.200s] Invoked command in '/home/pi/LeoRover-SLAM-ROS2/leo_common-ros2/build/leo_viz' returned '0': AMENT_PREFIX_PATH=/home/pi/LeoRover-SLAM-ROS2/leo_common-ros2/install/leo_description:${AMENT_PREFIX_PATH} CMAKE_PREFIX_PATH=/home/pi/LeoRover-SLAM-ROS2/leo_common-ros2/install/leo_description:/home/pi/LeoRover-SLAM-ROS2/aruco_ros/install/aruco_ros:/home/pi/LeoRover-SLAM-ROS2/aruco_ros/install/aruco_msgs:/home/pi/LeoRover-SLAM-ROS2/aruco_ros/install/aruco:/opt/ros/humble /usr/bin/cmake /home/pi/LeoRover-SLAM-ROS2/leo_common-ros2/src/leo_viz -DCMAKE_INSTALL_PREFIX=/home/pi/LeoRover-SLAM-ROS2/leo_common-ros2/install/leo_viz
[10.204s] Invoking command in '/home/pi/LeoRover-SLAM-ROS2/leo_common-ros2/build/leo_viz': AMENT_PREFIX_PATH=/home/pi/LeoRover-SLAM-ROS2/leo_common-ros2/install/leo_description:${AMENT_PREFIX_PATH} CMAKE_PREFIX_PATH=/home/pi/LeoRover-SLAM-ROS2/leo_common-ros2/install/leo_description:/home/pi/LeoRover-SLAM-ROS2/aruco_ros/install/aruco_ros:/home/pi/LeoRover-SLAM-ROS2/aruco_ros/install/aruco_msgs:/home/pi/LeoRover-SLAM-ROS2/aruco_ros/install/aruco:/opt/ros/humble /usr/bin/cmake --build /home/pi/LeoRover-SLAM-ROS2/leo_common-ros2/build/leo_viz -- -j4 -l4
[10.661s] Invoked command in '/home/pi/LeoRover-SLAM-ROS2/leo_common-ros2/build/leo_viz' returned '0': AMENT_PREFIX_PATH=/home/pi/LeoRover-SLAM-ROS2/leo_common-ros2/install/leo_description:${AMENT_PREFIX_PATH} CMAKE_PREFIX_PATH=/home/pi/LeoRover-SLAM-ROS2/leo_common-ros2/install/leo_description:/home/pi/LeoRover-SLAM-ROS2/aruco_ros/install/aruco_ros:/home/pi/LeoRover-SLAM-ROS2/aruco_ros/install/aruco_msgs:/home/pi/LeoRover-SLAM-ROS2/aruco_ros/install/aruco:/opt/ros/humble /usr/bin/cmake --build /home/pi/LeoRover-SLAM-ROS2/leo_common-ros2/build/leo_viz -- -j4 -l4
[10.921s] Invoking command in '/home/pi/LeoRover-SLAM-ROS2/leo_common-ros2/build/leo_viz': AMENT_PREFIX_PATH=/home/pi/LeoRover-SLAM-ROS2/leo_common-ros2/install/leo_description:${AMENT_PREFIX_PATH} CMAKE_PREFIX_PATH=/home/pi/LeoRover-SLAM-ROS2/leo_common-ros2/install/leo_description:/home/pi/LeoRover-SLAM-ROS2/aruco_ros/install/aruco_ros:/home/pi/LeoRover-SLAM-ROS2/aruco_ros/install/aruco_msgs:/home/pi/LeoRover-SLAM-ROS2/aruco_ros/install/aruco:/opt/ros/humble /usr/bin/cmake --install /home/pi/LeoRover-SLAM-ROS2/leo_common-ros2/build/leo_viz
[11.003s] -- Install configuration: ""
[11.005s] -- Installing: /home/pi/LeoRover-SLAM-ROS2/leo_common-ros2/install/leo_viz/share/leo_viz/launch
[11.012s] -- Installing: /home/pi/LeoRover-SLAM-ROS2/leo_common-ros2/install/leo_viz/share/leo_viz/launch/rviz.launch.xml
[11.016s] -- Installing: /home/pi/LeoRover-SLAM-ROS2/leo_common-ros2/install/leo_viz/share/leo_viz/launch/view_model.launch.xml
[11.020s] -- Installing: /home/pi/LeoRover-SLAM-ROS2/leo_common-ros2/install/leo_viz/share/leo_viz/rviz
[11.026s] -- Installing: /home/pi/LeoRover-SLAM-ROS2/leo_common-ros2/install/leo_viz/share/leo_viz/rviz/robot.rviz
[11.037s] -- Installing: /home/pi/LeoRover-SLAM-ROS2/leo_common-ros2/install/leo_viz/share/ament_index/resource_index/package_run_dependencies/leo_viz
[11.044s] -- Installing: /home/pi/LeoRover-SLAM-ROS2/leo_common-ros2/install/leo_viz/share/ament_index/resource_index/parent_prefix_path/leo_viz
[11.054s] -- Installing: /home/pi/LeoRover-SLAM-ROS2/leo_common-ros2/install/leo_viz/share/leo_viz/environment/ament_prefix_path.sh
[11.066s] -- Installing: /home/pi/LeoRover-SLAM-ROS2/leo_common-ros2/install/leo_viz/share/leo_viz/environment/ament_prefix_path.dsv
[11.077s] -- Installing: /home/pi/LeoRover-SLAM-ROS2/leo_common-ros2/install/leo_viz/share/leo_viz/environment/path.sh
[11.080s] -- Installing: /home/pi/LeoRover-SLAM-ROS2/leo_common-ros2/install/leo_viz/share/leo_viz/environment/path.dsv
[11.090s] -- Installing: /home/pi/LeoRover-SLAM-ROS2/leo_common-ros2/install/leo_viz/share/leo_viz/local_setup.bash
[11.094s] -- Installing: /home/pi/LeoRover-SLAM-ROS2/leo_common-ros2/install/leo_viz/share/leo_viz/local_setup.sh
[11.104s] -- Installing: /home/pi/LeoRover-SLAM-ROS2/leo_common-ros2/install/leo_viz/share/leo_viz/local_setup.zsh
[11.116s] -- Installing: /home/pi/LeoRover-SLAM-ROS2/leo_common-ros2/install/leo_viz/share/leo_viz/local_setup.dsv
[11.121s] -- Installing: /home/pi/LeoRover-SLAM-ROS2/leo_common-ros2/install/leo_viz/share/leo_viz/package.dsv
[11.125s] -- Installing: /home/pi/LeoRover-SLAM-ROS2/leo_common-ros2/install/leo_viz/share/ament_index/resource_index/packages/leo_viz
[11.130s] -- Installing: /home/pi/LeoRover-SLAM-ROS2/leo_common-ros2/install/leo_viz/share/leo_viz/cmake/leo_vizConfig.cmake
[11.132s] -- Installing: /home/pi/LeoRover-SLAM-ROS2/leo_common-ros2/install/leo_viz/share/leo_viz/cmake/leo_vizConfig-version.cmake
[11.137s] -- Installing: /home/pi/LeoRover-SLAM-ROS2/leo_common-ros2/install/leo_viz/share/leo_viz/package.xml
[11.162s] Invoked command in '/home/pi/LeoRover-SLAM-ROS2/leo_common-ros2/build/leo_viz' returned '0': AMENT_PREFIX_PATH=/home/pi/LeoRover-SLAM-ROS2/leo_common-ros2/install/leo_description:${AMENT_PREFIX_PATH} CMAKE_PREFIX_PATH=/home/pi/LeoRover-SLAM-ROS2/leo_common-ros2/install/leo_description:/home/pi/LeoRover-SLAM-ROS2/aruco_ros/install/aruco_ros:/home/pi/LeoRover-SLAM-ROS2/aruco_ros/install/aruco_msgs:/home/pi/LeoRover-SLAM-ROS2/aruco_ros/install/aruco:/opt/ros/humble /usr/bin/cmake --install /home/pi/LeoRover-SLAM-ROS2/leo_common-ros2/build/leo_viz
