[1.061s] DEBUG:colcon:Command line arguments: ['/usr/bin/colcon', 'build']
[1.061s] DEBUG:colcon:Parsed command line arguments: Namespace(log_base=None, log_level=None, verb_name='build', build_base='build', install_base='install', merge_install=False, symlink_install=False, test_result_base=None, continue_on_error=False, executor='parallel', parallel_workers=12, event_handlers=None, ignore_user_meta=False, metas=['./colcon.meta'], base_paths=['.'], packages_ignore=None, packages_ignore_regex=None, paths=None, packages_up_to=None, packages_up_to_regex=None, packages_above=None, packages_above_and_dependencies=None, packages_above_depth=None, packages_select_by_dep=None, packages_skip_by_dep=None, packages_skip_up_to=None, packages_select_build_failed=False, packages_skip_build_finished=False, packages_select_test_failures=False, packages_skip_test_passed=False, packages_select=None, packages_skip=None, packages_select_regex=None, packages_skip_regex=None, packages_start=None, packages_end=None, allow_overriding=[], cmake_args=None, cmake_target=None, cmake_target_skip_unavailable=False, cmake_clean_cache=False, cmake_clean_first=False, cmake_force_configure=False, ament_cmake_args=None, catkin_cmake_args=None, catkin_skip_building_tests=False, verb_parser=<colcon_defaults.argument_parser.defaults.DefaultArgumentsDecorator object at 0x7fbf37db2b60>, verb_extension=<colcon_core.verb.build.BuildVerb object at 0x7fbf37db0b20>, main=<bound method BuildVerb.main of <colcon_core.verb.build.BuildVerb object at 0x7fbf37db0b20>>)
[1.110s] Level 1:colcon.colcon_core.package_discovery:discover_packages(colcon_meta) check parameters
[1.110s] Level 1:colcon.colcon_core.package_discovery:discover_packages(recursive) check parameters
[1.110s] Level 1:colcon.colcon_core.package_discovery:discover_packages(ignore) check parameters
[1.110s] Level 1:colcon.colcon_core.package_discovery:discover_packages(path) check parameters
[1.110s] Level 1:colcon.colcon_core.package_discovery:discover_packages(colcon_meta) discover
[1.111s] Level 1:colcon.colcon_core.package_discovery:discover_packages(recursive) discover
[1.111s] INFO:colcon.colcon_core.package_discovery:Crawling recursively for packages in '/home/situjet/Desktop/aruco_ros/aruco_ros'
[1.111s] Level 1:colcon.colcon_core.package_identification:_identify(.) by extensions ['ignore', 'ignore_ament_install']
[1.111s] Level 1:colcon.colcon_core.package_identification:_identify(.) by extension 'ignore'
[1.111s] Level 1:colcon.colcon_core.package_identification:_identify(.) by extension 'ignore_ament_install'
[1.111s] Level 1:colcon.colcon_core.package_identification:_identify(.) by extensions ['colcon_pkg']
[1.111s] Level 1:colcon.colcon_core.package_identification:_identify(.) by extension 'colcon_pkg'
[1.111s] Level 1:colcon.colcon_core.package_identification:_identify(.) by extensions ['colcon_meta']
[1.111s] Level 1:colcon.colcon_core.package_identification:_identify(.) by extension 'colcon_meta'
[1.111s] Level 1:colcon.colcon_core.package_identification:_identify(.) by extensions ['ros']
[1.111s] Level 1:colcon.colcon_core.package_identification:_identify(.) by extension 'ros'
[1.126s] Level 1:colcon.colcon_core.package_identification:_identify(.) by extensions ['cmake', 'python']
[1.126s] Level 1:colcon.colcon_core.package_identification:_identify(.) by extension 'cmake'
[1.126s] Level 1:colcon.colcon_core.package_identification:_identify(.) by extension 'python'
[1.126s] Level 1:colcon.colcon_core.package_identification:_identify(.) by extensions ['python_setup_py']
[1.126s] Level 1:colcon.colcon_core.package_identification:_identify(.) by extension 'python_setup_py'
[1.126s] Level 1:colcon.colcon_core.package_identification:_identify(aruco) by extensions ['ignore', 'ignore_ament_install']
[1.126s] Level 1:colcon.colcon_core.package_identification:_identify(aruco) by extension 'ignore'
[1.126s] Level 1:colcon.colcon_core.package_identification:_identify(aruco) by extension 'ignore_ament_install'
[1.126s] Level 1:colcon.colcon_core.package_identification:_identify(aruco) by extensions ['colcon_pkg']
[1.126s] Level 1:colcon.colcon_core.package_identification:_identify(aruco) by extension 'colcon_pkg'
[1.126s] Level 1:colcon.colcon_core.package_identification:_identify(aruco) by extensions ['colcon_meta']
[1.126s] Level 1:colcon.colcon_core.package_identification:_identify(aruco) by extension 'colcon_meta'
[1.126s] Level 1:colcon.colcon_core.package_identification:_identify(aruco) by extensions ['ros']
[1.126s] Level 1:colcon.colcon_core.package_identification:_identify(aruco) by extension 'ros'
[1.129s] DEBUG:colcon.colcon_core.package_identification:Package 'aruco' with type 'ros.ament_cmake' and name 'aruco'
[1.129s] Level 1:colcon.colcon_core.package_identification:_identify(aruco_msgs) by extensions ['ignore', 'ignore_ament_install']
[1.129s] Level 1:colcon.colcon_core.package_identification:_identify(aruco_msgs) by extension 'ignore'
[1.129s] Level 1:colcon.colcon_core.package_identification:_identify(aruco_msgs) by extension 'ignore_ament_install'
[1.129s] Level 1:colcon.colcon_core.package_identification:_identify(aruco_msgs) by extensions ['colcon_pkg']
[1.129s] Level 1:colcon.colcon_core.package_identification:_identify(aruco_msgs) by extension 'colcon_pkg'
[1.129s] Level 1:colcon.colcon_core.package_identification:_identify(aruco_msgs) by extensions ['colcon_meta']
[1.129s] Level 1:colcon.colcon_core.package_identification:_identify(aruco_msgs) by extension 'colcon_meta'
[1.129s] Level 1:colcon.colcon_core.package_identification:_identify(aruco_msgs) by extensions ['ros']
[1.129s] Level 1:colcon.colcon_core.package_identification:_identify(aruco_msgs) by extension 'ros'
[1.130s] DEBUG:colcon.colcon_core.package_identification:Package 'aruco_msgs' with type 'ros.ament_cmake' and name 'aruco_msgs'
[1.130s] Level 1:colcon.colcon_core.package_identification:_identify(aruco_ros) by extensions ['ignore', 'ignore_ament_install']
[1.130s] Level 1:colcon.colcon_core.package_identification:_identify(aruco_ros) by extension 'ignore'
[1.130s] Level 1:colcon.colcon_core.package_identification:_identify(aruco_ros) by extension 'ignore_ament_install'
[1.130s] Level 1:colcon.colcon_core.package_identification:_identify(aruco_ros) by extensions ['colcon_pkg']
[1.130s] Level 1:colcon.colcon_core.package_identification:_identify(aruco_ros) by extension 'colcon_pkg'
[1.130s] Level 1:colcon.colcon_core.package_identification:_identify(aruco_ros) by extensions ['colcon_meta']
[1.130s] Level 1:colcon.colcon_core.package_identification:_identify(aruco_ros) by extension 'colcon_meta'
[1.130s] Level 1:colcon.colcon_core.package_identification:_identify(aruco_ros) by extensions ['ros']
[1.130s] Level 1:colcon.colcon_core.package_identification:_identify(aruco_ros) by extension 'ros'
[1.132s] DEBUG:colcon.colcon_core.package_identification:Package 'aruco_ros' with type 'ros.ament_cmake' and name 'aruco_ros'
[1.132s] Level 1:colcon.colcon_core.package_identification:_identify(build) by extensions ['ignore', 'ignore_ament_install']
[1.132s] Level 1:colcon.colcon_core.package_identification:_identify(build) by extension 'ignore'
[1.132s] Level 1:colcon.colcon_core.package_identification:_identify(build) ignored
[1.132s] Level 1:colcon.colcon_core.package_identification:_identify(install) by extensions ['ignore', 'ignore_ament_install']
[1.132s] Level 1:colcon.colcon_core.package_identification:_identify(install) by extension 'ignore'
[1.132s] Level 1:colcon.colcon_core.package_identification:_identify(install) ignored
[1.132s] Level 1:colcon.colcon_core.package_identification:_identify(log) by extensions ['ignore', 'ignore_ament_install']
[1.132s] Level 1:colcon.colcon_core.package_identification:_identify(log) by extension 'ignore'
[1.132s] Level 1:colcon.colcon_core.package_identification:_identify(log) ignored
[1.132s] Level 1:colcon.colcon_core.package_discovery:discover_packages(recursive) using defaults
[1.132s] Level 1:colcon.colcon_core.package_discovery:discover_packages(ignore) discover
[1.132s] Level 1:colcon.colcon_core.package_discovery:discover_packages(ignore) using defaults
[1.132s] Level 1:colcon.colcon_core.package_discovery:discover_packages(path) discover
[1.132s] Level 1:colcon.colcon_core.package_discovery:discover_packages(path) using defaults
[1.227s] Level 1:colcon.colcon_core.package_discovery:discover_packages(prefix_path) check parameters
[1.227s] Level 1:colcon.colcon_core.package_discovery:discover_packages(prefix_path) discover
[1.259s] DEBUG:colcon.colcon_installed_package_information.package_discovery:Found 3 installed packages in /home/situjet/Desktop/aruco_ros/aruco_ros/install
[1.275s] DEBUG:colcon.colcon_installed_package_information.package_discovery:Found 351 installed packages in /opt/ros/humble
[1.277s] Level 1:colcon.colcon_core.package_discovery:discover_packages(prefix_path) using defaults
[1.386s] Level 5:colcon.colcon_core.verb:set package 'aruco' build argument 'cmake_args' from command line to 'None'
[1.386s] Level 5:colcon.colcon_core.verb:set package 'aruco' build argument 'cmake_target' from command line to 'None'
[1.386s] Level 5:colcon.colcon_core.verb:set package 'aruco' build argument 'cmake_target_skip_unavailable' from command line to 'False'
[1.386s] Level 5:colcon.colcon_core.verb:set package 'aruco' build argument 'cmake_clean_cache' from command line to 'False'
[1.386s] Level 5:colcon.colcon_core.verb:set package 'aruco' build argument 'cmake_clean_first' from command line to 'False'
[1.386s] Level 5:colcon.colcon_core.verb:set package 'aruco' build argument 'cmake_force_configure' from command line to 'False'
[1.386s] Level 5:colcon.colcon_core.verb:set package 'aruco' build argument 'ament_cmake_args' from command line to 'None'
[1.386s] Level 5:colcon.colcon_core.verb:set package 'aruco' build argument 'catkin_cmake_args' from command line to 'None'
[1.386s] Level 5:colcon.colcon_core.verb:set package 'aruco' build argument 'catkin_skip_building_tests' from command line to 'False'
[1.386s] DEBUG:colcon.colcon_core.verb:Building package 'aruco' with the following arguments: {'ament_cmake_args': None, 'build_base': '/home/situjet/Desktop/aruco_ros/aruco_ros/build/aruco', 'catkin_cmake_args': None, 'catkin_skip_building_tests': False, 'cmake_args': None, 'cmake_clean_cache': False, 'cmake_clean_first': False, 'cmake_force_configure': False, 'cmake_target': None, 'cmake_target_skip_unavailable': False, 'install_base': '/home/situjet/Desktop/aruco_ros/aruco_ros/install/aruco', 'merge_install': False, 'path': '/home/situjet/Desktop/aruco_ros/aruco_ros/aruco', 'symlink_install': False, 'test_result_base': None}
[1.401s] Level 5:colcon.colcon_core.verb:set package 'aruco_msgs' build argument 'cmake_args' from command line to 'None'
[1.401s] Level 5:colcon.colcon_core.verb:set package 'aruco_msgs' build argument 'cmake_target' from command line to 'None'
[1.401s] Level 5:colcon.colcon_core.verb:set package 'aruco_msgs' build argument 'cmake_target_skip_unavailable' from command line to 'False'
[1.401s] Level 5:colcon.colcon_core.verb:set package 'aruco_msgs' build argument 'cmake_clean_cache' from command line to 'False'
[1.401s] Level 5:colcon.colcon_core.verb:set package 'aruco_msgs' build argument 'cmake_clean_first' from command line to 'False'
[1.402s] Level 5:colcon.colcon_core.verb:set package 'aruco_msgs' build argument 'cmake_force_configure' from command line to 'False'
[1.402s] Level 5:colcon.colcon_core.verb:set package 'aruco_msgs' build argument 'ament_cmake_args' from command line to 'None'
[1.402s] Level 5:colcon.colcon_core.verb:set package 'aruco_msgs' build argument 'catkin_cmake_args' from command line to 'None'
[1.402s] Level 5:colcon.colcon_core.verb:set package 'aruco_msgs' build argument 'catkin_skip_building_tests' from command line to 'False'
[1.402s] DEBUG:colcon.colcon_core.verb:Building package 'aruco_msgs' with the following arguments: {'ament_cmake_args': None, 'build_base': '/home/situjet/Desktop/aruco_ros/aruco_ros/build/aruco_msgs', 'catkin_cmake_args': None, 'catkin_skip_building_tests': False, 'cmake_args': None, 'cmake_clean_cache': False, 'cmake_clean_first': False, 'cmake_force_configure': False, 'cmake_target': None, 'cmake_target_skip_unavailable': False, 'install_base': '/home/situjet/Desktop/aruco_ros/aruco_ros/install/aruco_msgs', 'merge_install': False, 'path': '/home/situjet/Desktop/aruco_ros/aruco_ros/aruco_msgs', 'symlink_install': False, 'test_result_base': None}
[1.417s] Level 5:colcon.colcon_core.verb:set package 'aruco_ros' build argument 'cmake_args' from command line to 'None'
[1.417s] Level 5:colcon.colcon_core.verb:set package 'aruco_ros' build argument 'cmake_target' from command line to 'None'
[1.417s] Level 5:colcon.colcon_core.verb:set package 'aruco_ros' build argument 'cmake_target_skip_unavailable' from command line to 'False'
[1.417s] Level 5:colcon.colcon_core.verb:set package 'aruco_ros' build argument 'cmake_clean_cache' from command line to 'False'
[1.417s] Level 5:colcon.colcon_core.verb:set package 'aruco_ros' build argument 'cmake_clean_first' from command line to 'False'
[1.417s] Level 5:colcon.colcon_core.verb:set package 'aruco_ros' build argument 'cmake_force_configure' from command line to 'False'
[1.417s] Level 5:colcon.colcon_core.verb:set package 'aruco_ros' build argument 'ament_cmake_args' from command line to 'None'
[1.417s] Level 5:colcon.colcon_core.verb:set package 'aruco_ros' build argument 'catkin_cmake_args' from command line to 'None'
[1.417s] Level 5:colcon.colcon_core.verb:set package 'aruco_ros' build argument 'catkin_skip_building_tests' from command line to 'False'
[1.417s] DEBUG:colcon.colcon_core.verb:Building package 'aruco_ros' with the following arguments: {'ament_cmake_args': None, 'build_base': '/home/situjet/Desktop/aruco_ros/aruco_ros/build/aruco_ros', 'catkin_cmake_args': None, 'catkin_skip_building_tests': False, 'cmake_args': None, 'cmake_clean_cache': False, 'cmake_clean_first': False, 'cmake_force_configure': False, 'cmake_target': None, 'cmake_target_skip_unavailable': False, 'install_base': '/home/situjet/Desktop/aruco_ros/aruco_ros/install/aruco_ros', 'merge_install': False, 'path': '/home/situjet/Desktop/aruco_ros/aruco_ros/aruco_ros', 'symlink_install': False, 'test_result_base': None}
[1.432s] INFO:colcon.colcon_core.executor:Executing jobs using 'parallel' executor
[1.447s] DEBUG:colcon.colcon_parallel_executor.executor.parallel:run_until_complete
[1.448s] INFO:colcon.colcon_ros.task.ament_cmake.build:Building ROS package in '/home/situjet/Desktop/aruco_ros/aruco_ros/aruco' with build type 'ament_cmake'
[1.448s] INFO:colcon.colcon_cmake.task.cmake.build:Building CMake package in '/home/situjet/Desktop/aruco_ros/aruco_ros/aruco'
[1.467s] INFO:colcon.colcon_core.plugin_system:Skipping extension 'colcon_core.shell.bat': Not used on non-Windows systems
[1.467s] INFO:colcon.colcon_core.shell:Skip shell extension 'powershell' for command environment: Not usable outside of PowerShell
[1.467s] DEBUG:colcon.colcon_core.shell:Skip shell extension 'dsv' for command environment
[1.516s] INFO:colcon.colcon_ros.task.ament_cmake.build:Building ROS package in '/home/situjet/Desktop/aruco_ros/aruco_ros/aruco_msgs' with build type 'ament_cmake'
[1.516s] INFO:colcon.colcon_cmake.task.cmake.build:Building CMake package in '/home/situjet/Desktop/aruco_ros/aruco_ros/aruco_msgs'
[1.532s] INFO:colcon.colcon_core.shell:Skip shell extension 'powershell' for command environment: Not usable outside of PowerShell
[1.532s] DEBUG:colcon.colcon_core.shell:Skip shell extension 'dsv' for command environment
[1.585s] DEBUG:colcon.colcon_core.event_handler.log_command:Invoking command in '/home/situjet/Desktop/aruco_ros/aruco_ros/build/aruco': CMAKE_PREFIX_PATH=${CMAKE_PREFIX_PATH}:/opt/ros/humble /home/situjet/.local/bin/cmake /home/situjet/Desktop/aruco_ros/aruco_ros/aruco -DCMAKE_INSTALL_PREFIX=/home/situjet/Desktop/aruco_ros/aruco_ros/install/aruco
[1.587s] DEBUG:colcon.colcon_core.event_handler.log_command:Invoking command in '/home/situjet/Desktop/aruco_ros/aruco_ros/build/aruco_msgs': CMAKE_PREFIX_PATH=${CMAKE_PREFIX_PATH}:/opt/ros/humble /home/situjet/.local/bin/cmake /home/situjet/Desktop/aruco_ros/aruco_ros/aruco_msgs -DCMAKE_INSTALL_PREFIX=/home/situjet/Desktop/aruco_ros/aruco_ros/install/aruco_msgs
[1.890s] DEBUG:colcon.colcon_core.event_handler.log_command:Invoked command in '/home/situjet/Desktop/aruco_ros/aruco_ros/build/aruco' returned '0': CMAKE_PREFIX_PATH=${CMAKE_PREFIX_PATH}:/opt/ros/humble /home/situjet/.local/bin/cmake /home/situjet/Desktop/aruco_ros/aruco_ros/aruco -DCMAKE_INSTALL_PREFIX=/home/situjet/Desktop/aruco_ros/aruco_ros/install/aruco
[1.890s] DEBUG:colcon.colcon_core.event_handler.log_command:Invoking command in '/home/situjet/Desktop/aruco_ros/aruco_ros/build/aruco': CMAKE_PREFIX_PATH=${CMAKE_PREFIX_PATH}:/opt/ros/humble /home/situjet/.local/bin/cmake --build /home/situjet/Desktop/aruco_ros/aruco_ros/build/aruco -- -j12 -l12
[1.952s] DEBUG:colcon.colcon_core.event_handler.log_command:Invoked command in '/home/situjet/Desktop/aruco_ros/aruco_ros/build/aruco' returned '0': CMAKE_PREFIX_PATH=${CMAKE_PREFIX_PATH}:/opt/ros/humble /home/situjet/.local/bin/cmake --build /home/situjet/Desktop/aruco_ros/aruco_ros/build/aruco -- -j12 -l12
[2.036s] DEBUG:colcon.colcon_core.event_handler.log_command:Invoking command in '/home/situjet/Desktop/aruco_ros/aruco_ros/build/aruco': CMAKE_PREFIX_PATH=${CMAKE_PREFIX_PATH}:/opt/ros/humble /home/situjet/.local/bin/cmake --install /home/situjet/Desktop/aruco_ros/aruco_ros/build/aruco
[2.070s] Level 1:colcon.colcon_core.environment:create_environment_scripts_only(aruco)
[2.071s] DEBUG:colcon.colcon_core.event_handler.log_command:Invoked command in '/home/situjet/Desktop/aruco_ros/aruco_ros/build/aruco' returned '0': CMAKE_PREFIX_PATH=${CMAKE_PREFIX_PATH}:/opt/ros/humble /home/situjet/.local/bin/cmake --install /home/situjet/Desktop/aruco_ros/aruco_ros/build/aruco
[2.090s] Level 1:colcon.colcon_core.environment:checking '/home/situjet/Desktop/aruco_ros/aruco_ros/install/aruco' for CMake module files
[2.090s] Level 1:colcon.colcon_core.environment:checking '/home/situjet/Desktop/aruco_ros/aruco_ros/install/aruco' for CMake config files
[2.091s] Level 1:colcon.colcon_core.shell:create_environment_hook('aruco', 'cmake_prefix_path')
[2.107s] INFO:colcon.colcon_core.shell:Creating environment hook '/home/situjet/Desktop/aruco_ros/aruco_ros/install/aruco/share/aruco/hook/cmake_prefix_path.ps1'
[2.107s] INFO:colcon.colcon_core.shell:Creating environment descriptor '/home/situjet/Desktop/aruco_ros/aruco_ros/install/aruco/share/aruco/hook/cmake_prefix_path.dsv'
[2.108s] INFO:colcon.colcon_core.shell:Creating environment hook '/home/situjet/Desktop/aruco_ros/aruco_ros/install/aruco/share/aruco/hook/cmake_prefix_path.sh'
[2.108s] Level 1:colcon.colcon_core.environment:checking '/home/situjet/Desktop/aruco_ros/aruco_ros/install/aruco/lib'
[2.109s] Level 1:colcon.colcon_core.shell:create_environment_hook('aruco', 'ld_library_path_lib')
[2.124s] INFO:colcon.colcon_core.shell:Creating environment hook '/home/situjet/Desktop/aruco_ros/aruco_ros/install/aruco/share/aruco/hook/ld_library_path_lib.ps1'
[2.124s] INFO:colcon.colcon_core.shell:Creating environment descriptor '/home/situjet/Desktop/aruco_ros/aruco_ros/install/aruco/share/aruco/hook/ld_library_path_lib.dsv'
[2.124s] INFO:colcon.colcon_core.shell:Creating environment hook '/home/situjet/Desktop/aruco_ros/aruco_ros/install/aruco/share/aruco/hook/ld_library_path_lib.sh'
[2.125s] Level 1:colcon.colcon_core.environment:checking '/home/situjet/Desktop/aruco_ros/aruco_ros/install/aruco/bin'
[2.125s] Level 1:colcon.colcon_core.environment:checking '/home/situjet/Desktop/aruco_ros/aruco_ros/install/aruco/lib/pkgconfig/aruco.pc'
[2.125s] Level 1:colcon.colcon_core.environment:checking '/home/situjet/Desktop/aruco_ros/aruco_ros/install/aruco/lib/python3.10/site-packages'
[2.125s] Level 1:colcon.colcon_core.environment:checking '/home/situjet/Desktop/aruco_ros/aruco_ros/install/aruco/bin'
[2.141s] INFO:colcon.colcon_core.shell:Creating package script '/home/situjet/Desktop/aruco_ros/aruco_ros/install/aruco/share/aruco/package.ps1'
[2.142s] INFO:colcon.colcon_core.shell:Creating package descriptor '/home/situjet/Desktop/aruco_ros/aruco_ros/install/aruco/share/aruco/package.dsv'
[2.142s] INFO:colcon.colcon_core.shell:Creating package script '/home/situjet/Desktop/aruco_ros/aruco_ros/install/aruco/share/aruco/package.sh'
[2.143s] INFO:colcon.colcon_core.shell:Creating package script '/home/situjet/Desktop/aruco_ros/aruco_ros/install/aruco/share/aruco/package.bash'
[2.143s] INFO:colcon.colcon_core.shell:Creating package script '/home/situjet/Desktop/aruco_ros/aruco_ros/install/aruco/share/aruco/package.zsh'
[2.144s] Level 1:colcon.colcon_core.environment:create_file_with_runtime_dependencies(/home/situjet/Desktop/aruco_ros/aruco_ros/install/aruco/share/colcon-core/packages/aruco)
[2.215s] Level 1:colcon.colcon_core.environment:create_environment_scripts_only(aruco)
[2.230s] Level 1:colcon.colcon_core.environment:checking '/home/situjet/Desktop/aruco_ros/aruco_ros/install/aruco' for CMake module files
[2.231s] Level 1:colcon.colcon_core.environment:checking '/home/situjet/Desktop/aruco_ros/aruco_ros/install/aruco' for CMake config files
[2.231s] Level 1:colcon.colcon_core.shell:create_environment_hook('aruco', 'cmake_prefix_path')
[2.246s] INFO:colcon.colcon_core.shell:Creating environment hook '/home/situjet/Desktop/aruco_ros/aruco_ros/install/aruco/share/aruco/hook/cmake_prefix_path.ps1'
[2.246s] INFO:colcon.colcon_core.shell:Creating environment descriptor '/home/situjet/Desktop/aruco_ros/aruco_ros/install/aruco/share/aruco/hook/cmake_prefix_path.dsv'
[2.247s] INFO:colcon.colcon_core.shell:Creating environment hook '/home/situjet/Desktop/aruco_ros/aruco_ros/install/aruco/share/aruco/hook/cmake_prefix_path.sh'
[2.247s] Level 1:colcon.colcon_core.environment:checking '/home/situjet/Desktop/aruco_ros/aruco_ros/install/aruco/lib'
[2.247s] Level 1:colcon.colcon_core.shell:create_environment_hook('aruco', 'ld_library_path_lib')
[2.263s] INFO:colcon.colcon_core.shell:Creating environment hook '/home/situjet/Desktop/aruco_ros/aruco_ros/install/aruco/share/aruco/hook/ld_library_path_lib.ps1'
[2.263s] INFO:colcon.colcon_core.shell:Creating environment descriptor '/home/situjet/Desktop/aruco_ros/aruco_ros/install/aruco/share/aruco/hook/ld_library_path_lib.dsv'
[2.264s] INFO:colcon.colcon_core.shell:Creating environment hook '/home/situjet/Desktop/aruco_ros/aruco_ros/install/aruco/share/aruco/hook/ld_library_path_lib.sh'
[2.264s] Level 1:colcon.colcon_core.environment:checking '/home/situjet/Desktop/aruco_ros/aruco_ros/install/aruco/bin'
[2.264s] Level 1:colcon.colcon_core.environment:checking '/home/situjet/Desktop/aruco_ros/aruco_ros/install/aruco/lib/pkgconfig/aruco.pc'
[2.264s] Level 1:colcon.colcon_core.environment:checking '/home/situjet/Desktop/aruco_ros/aruco_ros/install/aruco/lib/python3.10/site-packages'
[2.264s] Level 1:colcon.colcon_core.environment:checking '/home/situjet/Desktop/aruco_ros/aruco_ros/install/aruco/bin'
[2.279s] INFO:colcon.colcon_core.shell:Creating package script '/home/situjet/Desktop/aruco_ros/aruco_ros/install/aruco/share/aruco/package.ps1'
[2.280s] INFO:colcon.colcon_core.shell:Creating package descriptor '/home/situjet/Desktop/aruco_ros/aruco_ros/install/aruco/share/aruco/package.dsv'
[2.280s] INFO:colcon.colcon_core.shell:Creating package script '/home/situjet/Desktop/aruco_ros/aruco_ros/install/aruco/share/aruco/package.sh'
[2.281s] INFO:colcon.colcon_core.shell:Creating package script '/home/situjet/Desktop/aruco_ros/aruco_ros/install/aruco/share/aruco/package.bash'
[2.281s] INFO:colcon.colcon_core.shell:Creating package script '/home/situjet/Desktop/aruco_ros/aruco_ros/install/aruco/share/aruco/package.zsh'
[2.281s] Level 1:colcon.colcon_core.environment:create_file_with_runtime_dependencies(/home/situjet/Desktop/aruco_ros/aruco_ros/install/aruco/share/colcon-core/packages/aruco)
[3.579s] DEBUG:colcon.colcon_core.event_handler.log_command:Invoked command in '/home/situjet/Desktop/aruco_ros/aruco_ros/build/aruco_msgs' returned '0': CMAKE_PREFIX_PATH=${CMAKE_PREFIX_PATH}:/opt/ros/humble /home/situjet/.local/bin/cmake /home/situjet/Desktop/aruco_ros/aruco_ros/aruco_msgs -DCMAKE_INSTALL_PREFIX=/home/situjet/Desktop/aruco_ros/aruco_ros/install/aruco_msgs
[3.580s] DEBUG:colcon.colcon_core.event_handler.log_command:Invoking command in '/home/situjet/Desktop/aruco_ros/aruco_ros/build/aruco_msgs': CMAKE_PREFIX_PATH=${CMAKE_PREFIX_PATH}:/opt/ros/humble /home/situjet/.local/bin/cmake --build /home/situjet/Desktop/aruco_ros/aruco_ros/build/aruco_msgs -- -j12 -l12
[3.865s] DEBUG:colcon.colcon_core.event_handler.log_command:Invoked command in '/home/situjet/Desktop/aruco_ros/aruco_ros/build/aruco_msgs' returned '0': CMAKE_PREFIX_PATH=${CMAKE_PREFIX_PATH}:/opt/ros/humble /home/situjet/.local/bin/cmake --build /home/situjet/Desktop/aruco_ros/aruco_ros/build/aruco_msgs -- -j12 -l12
[3.932s] DEBUG:colcon.colcon_core.event_handler.log_command:Invoking command in '/home/situjet/Desktop/aruco_ros/aruco_ros/build/aruco_msgs': CMAKE_PREFIX_PATH=${CMAKE_PREFIX_PATH}:/opt/ros/humble /home/situjet/.local/bin/cmake --install /home/situjet/Desktop/aruco_ros/aruco_ros/build/aruco_msgs
[4.007s] Level 1:colcon.colcon_core.environment:create_environment_scripts_only(aruco_msgs)
[4.008s] DEBUG:colcon.colcon_core.event_handler.log_command:Invoked command in '/home/situjet/Desktop/aruco_ros/aruco_ros/build/aruco_msgs' returned '0': CMAKE_PREFIX_PATH=${CMAKE_PREFIX_PATH}:/opt/ros/humble /home/situjet/.local/bin/cmake --install /home/situjet/Desktop/aruco_ros/aruco_ros/build/aruco_msgs
[4.024s] Level 1:colcon.colcon_core.environment:checking '/home/situjet/Desktop/aruco_ros/aruco_ros/install/aruco_msgs' for CMake module files
[4.024s] Level 1:colcon.colcon_core.environment:checking '/home/situjet/Desktop/aruco_ros/aruco_ros/install/aruco_msgs' for CMake config files
[4.025s] Level 1:colcon.colcon_core.shell:create_environment_hook('aruco_msgs', 'cmake_prefix_path')
[4.040s] INFO:colcon.colcon_core.shell:Creating environment hook '/home/situjet/Desktop/aruco_ros/aruco_ros/install/aruco_msgs/share/aruco_msgs/hook/cmake_prefix_path.ps1'
[4.040s] INFO:colcon.colcon_core.shell:Creating environment descriptor '/home/situjet/Desktop/aruco_ros/aruco_ros/install/aruco_msgs/share/aruco_msgs/hook/cmake_prefix_path.dsv'
[4.041s] INFO:colcon.colcon_core.shell:Creating environment hook '/home/situjet/Desktop/aruco_ros/aruco_ros/install/aruco_msgs/share/aruco_msgs/hook/cmake_prefix_path.sh'
[4.041s] Level 1:colcon.colcon_core.environment:checking '/home/situjet/Desktop/aruco_ros/aruco_ros/install/aruco_msgs/lib'
[4.041s] Level 1:colcon.colcon_core.shell:create_environment_hook('aruco_msgs', 'ld_library_path_lib')
[4.057s] INFO:colcon.colcon_core.shell:Creating environment hook '/home/situjet/Desktop/aruco_ros/aruco_ros/install/aruco_msgs/share/aruco_msgs/hook/ld_library_path_lib.ps1'
[4.057s] INFO:colcon.colcon_core.shell:Creating environment descriptor '/home/situjet/Desktop/aruco_ros/aruco_ros/install/aruco_msgs/share/aruco_msgs/hook/ld_library_path_lib.dsv'
[4.057s] INFO:colcon.colcon_core.shell:Creating environment hook '/home/situjet/Desktop/aruco_ros/aruco_ros/install/aruco_msgs/share/aruco_msgs/hook/ld_library_path_lib.sh'
[4.058s] Level 1:colcon.colcon_core.environment:checking '/home/situjet/Desktop/aruco_ros/aruco_ros/install/aruco_msgs/bin'
[4.058s] Level 1:colcon.colcon_core.environment:checking '/home/situjet/Desktop/aruco_ros/aruco_ros/install/aruco_msgs/lib/pkgconfig/aruco_msgs.pc'
[4.058s] Level 1:colcon.colcon_core.environment:checking '/home/situjet/Desktop/aruco_ros/aruco_ros/install/aruco_msgs/lib/python3.10/site-packages'
[4.058s] Level 1:colcon.colcon_core.environment:checking '/home/situjet/Desktop/aruco_ros/aruco_ros/install/aruco_msgs/bin'
[4.073s] INFO:colcon.colcon_core.shell:Creating package script '/home/situjet/Desktop/aruco_ros/aruco_ros/install/aruco_msgs/share/aruco_msgs/package.ps1'
[4.074s] INFO:colcon.colcon_core.shell:Creating package descriptor '/home/situjet/Desktop/aruco_ros/aruco_ros/install/aruco_msgs/share/aruco_msgs/package.dsv'
[4.074s] INFO:colcon.colcon_core.shell:Creating package script '/home/situjet/Desktop/aruco_ros/aruco_ros/install/aruco_msgs/share/aruco_msgs/package.sh'
[4.074s] INFO:colcon.colcon_core.shell:Creating package script '/home/situjet/Desktop/aruco_ros/aruco_ros/install/aruco_msgs/share/aruco_msgs/package.bash'
[4.075s] INFO:colcon.colcon_core.shell:Creating package script '/home/situjet/Desktop/aruco_ros/aruco_ros/install/aruco_msgs/share/aruco_msgs/package.zsh'
[4.075s] Level 1:colcon.colcon_core.environment:create_file_with_runtime_dependencies(/home/situjet/Desktop/aruco_ros/aruco_ros/install/aruco_msgs/share/colcon-core/packages/aruco_msgs)
[4.157s] Level 1:colcon.colcon_core.environment:create_environment_scripts_only(aruco_msgs)
[4.171s] Level 1:colcon.colcon_core.environment:checking '/home/situjet/Desktop/aruco_ros/aruco_ros/install/aruco_msgs' for CMake module files
[4.172s] Level 1:colcon.colcon_core.environment:checking '/home/situjet/Desktop/aruco_ros/aruco_ros/install/aruco_msgs' for CMake config files
[4.173s] Level 1:colcon.colcon_core.shell:create_environment_hook('aruco_msgs', 'cmake_prefix_path')
[4.189s] INFO:colcon.colcon_core.shell:Creating environment hook '/home/situjet/Desktop/aruco_ros/aruco_ros/install/aruco_msgs/share/aruco_msgs/hook/cmake_prefix_path.ps1'
[4.189s] INFO:colcon.colcon_core.shell:Creating environment descriptor '/home/situjet/Desktop/aruco_ros/aruco_ros/install/aruco_msgs/share/aruco_msgs/hook/cmake_prefix_path.dsv'
[4.189s] INFO:colcon.colcon_core.shell:Creating environment hook '/home/situjet/Desktop/aruco_ros/aruco_ros/install/aruco_msgs/share/aruco_msgs/hook/cmake_prefix_path.sh'
[4.190s] Level 1:colcon.colcon_core.environment:checking '/home/situjet/Desktop/aruco_ros/aruco_ros/install/aruco_msgs/lib'
[4.190s] Level 1:colcon.colcon_core.shell:create_environment_hook('aruco_msgs', 'ld_library_path_lib')
[4.206s] INFO:colcon.colcon_core.shell:Creating environment hook '/home/situjet/Desktop/aruco_ros/aruco_ros/install/aruco_msgs/share/aruco_msgs/hook/ld_library_path_lib.ps1'
[4.206s] INFO:colcon.colcon_core.shell:Creating environment descriptor '/home/situjet/Desktop/aruco_ros/aruco_ros/install/aruco_msgs/share/aruco_msgs/hook/ld_library_path_lib.dsv'
[4.206s] INFO:colcon.colcon_core.shell:Creating environment hook '/home/situjet/Desktop/aruco_ros/aruco_ros/install/aruco_msgs/share/aruco_msgs/hook/ld_library_path_lib.sh'
[4.207s] Level 1:colcon.colcon_core.environment:checking '/home/situjet/Desktop/aruco_ros/aruco_ros/install/aruco_msgs/bin'
[4.207s] Level 1:colcon.colcon_core.environment:checking '/home/situjet/Desktop/aruco_ros/aruco_ros/install/aruco_msgs/lib/pkgconfig/aruco_msgs.pc'
[4.207s] Level 1:colcon.colcon_core.environment:checking '/home/situjet/Desktop/aruco_ros/aruco_ros/install/aruco_msgs/lib/python3.10/site-packages'
[4.207s] Level 1:colcon.colcon_core.environment:checking '/home/situjet/Desktop/aruco_ros/aruco_ros/install/aruco_msgs/bin'
[4.222s] INFO:colcon.colcon_core.shell:Creating package script '/home/situjet/Desktop/aruco_ros/aruco_ros/install/aruco_msgs/share/aruco_msgs/package.ps1'
[4.223s] INFO:colcon.colcon_core.shell:Creating package descriptor '/home/situjet/Desktop/aruco_ros/aruco_ros/install/aruco_msgs/share/aruco_msgs/package.dsv'
[4.223s] INFO:colcon.colcon_core.shell:Creating package script '/home/situjet/Desktop/aruco_ros/aruco_ros/install/aruco_msgs/share/aruco_msgs/package.sh'
[4.224s] INFO:colcon.colcon_core.shell:Creating package script '/home/situjet/Desktop/aruco_ros/aruco_ros/install/aruco_msgs/share/aruco_msgs/package.bash'
[4.224s] INFO:colcon.colcon_core.shell:Creating package script '/home/situjet/Desktop/aruco_ros/aruco_ros/install/aruco_msgs/share/aruco_msgs/package.zsh'
[4.224s] Level 1:colcon.colcon_core.environment:create_file_with_runtime_dependencies(/home/situjet/Desktop/aruco_ros/aruco_ros/install/aruco_msgs/share/colcon-core/packages/aruco_msgs)
[4.224s] INFO:colcon.colcon_ros.task.ament_cmake.build:Building ROS package in '/home/situjet/Desktop/aruco_ros/aruco_ros/aruco_ros' with build type 'ament_cmake'
[4.225s] INFO:colcon.colcon_cmake.task.cmake.build:Building CMake package in '/home/situjet/Desktop/aruco_ros/aruco_ros/aruco_ros'
[4.242s] INFO:colcon.colcon_core.shell:Skip shell extension 'powershell' for command environment: Not usable outside of PowerShell
[4.242s] DEBUG:colcon.colcon_core.shell:Skip shell extension 'dsv' for command environment
[4.296s] DEBUG:colcon.colcon_core.event_handler.log_command:Invoking command in '/home/situjet/Desktop/aruco_ros/aruco_ros/build/aruco_ros': CMAKE_PREFIX_PATH=/home/situjet/Desktop/aruco_ros/aruco_ros/install/aruco_msgs:/home/situjet/Desktop/aruco_ros/aruco_ros/install/aruco:/home/situjet/Desktop/aruco_ros/aruco_ros/install/aruco_ros:/opt/ros/humble LD_LIBRARY_PATH=/home/situjet/Desktop/aruco_ros/aruco_ros/install/aruco_msgs/lib:/home/situjet/Desktop/aruco_ros/aruco_ros/install/aruco/lib:/home/situjet/Desktop/aruco_ros/aruco_ros/install/aruco_ros/lib:/opt/ros/humble/opt/rviz_ogre_vendor/lib:/opt/ros/humble/lib/x86_64-linux-gnu:/opt/ros/humble/lib /home/situjet/.local/bin/cmake /home/situjet/Desktop/aruco_ros/aruco_ros/aruco_ros -DCMAKE_INSTALL_PREFIX=/home/situjet/Desktop/aruco_ros/aruco_ros/install/aruco_ros
[5.811s] DEBUG:colcon.colcon_core.event_handler.log_command:Invoked command in '/home/situjet/Desktop/aruco_ros/aruco_ros/build/aruco_ros' returned '0': CMAKE_PREFIX_PATH=/home/situjet/Desktop/aruco_ros/aruco_ros/install/aruco_msgs:/home/situjet/Desktop/aruco_ros/aruco_ros/install/aruco:/home/situjet/Desktop/aruco_ros/aruco_ros/install/aruco_ros:/opt/ros/humble LD_LIBRARY_PATH=/home/situjet/Desktop/aruco_ros/aruco_ros/install/aruco_msgs/lib:/home/situjet/Desktop/aruco_ros/aruco_ros/install/aruco/lib:/home/situjet/Desktop/aruco_ros/aruco_ros/install/aruco_ros/lib:/opt/ros/humble/opt/rviz_ogre_vendor/lib:/opt/ros/humble/lib/x86_64-linux-gnu:/opt/ros/humble/lib /home/situjet/.local/bin/cmake /home/situjet/Desktop/aruco_ros/aruco_ros/aruco_ros -DCMAKE_INSTALL_PREFIX=/home/situjet/Desktop/aruco_ros/aruco_ros/install/aruco_ros
[5.812s] DEBUG:colcon.colcon_core.event_handler.log_command:Invoking command in '/home/situjet/Desktop/aruco_ros/aruco_ros/build/aruco_ros': CMAKE_PREFIX_PATH=/home/situjet/Desktop/aruco_ros/aruco_ros/install/aruco_msgs:/home/situjet/Desktop/aruco_ros/aruco_ros/install/aruco:/home/situjet/Desktop/aruco_ros/aruco_ros/install/aruco_ros:/opt/ros/humble LD_LIBRARY_PATH=/home/situjet/Desktop/aruco_ros/aruco_ros/install/aruco_msgs/lib:/home/situjet/Desktop/aruco_ros/aruco_ros/install/aruco/lib:/home/situjet/Desktop/aruco_ros/aruco_ros/install/aruco_ros/lib:/opt/ros/humble/opt/rviz_ogre_vendor/lib:/opt/ros/humble/lib/x86_64-linux-gnu:/opt/ros/humble/lib /home/situjet/.local/bin/cmake --build /home/situjet/Desktop/aruco_ros/aruco_ros/build/aruco_ros -- -j12 -l12
[5.859s] DEBUG:colcon.colcon_core.event_handler.log_command:Invoked command in '/home/situjet/Desktop/aruco_ros/aruco_ros/build/aruco_ros' returned '0': CMAKE_PREFIX_PATH=/home/situjet/Desktop/aruco_ros/aruco_ros/install/aruco_msgs:/home/situjet/Desktop/aruco_ros/aruco_ros/install/aruco:/home/situjet/Desktop/aruco_ros/aruco_ros/install/aruco_ros:/opt/ros/humble LD_LIBRARY_PATH=/home/situjet/Desktop/aruco_ros/aruco_ros/install/aruco_msgs/lib:/home/situjet/Desktop/aruco_ros/aruco_ros/install/aruco/lib:/home/situjet/Desktop/aruco_ros/aruco_ros/install/aruco_ros/lib:/opt/ros/humble/opt/rviz_ogre_vendor/lib:/opt/ros/humble/lib/x86_64-linux-gnu:/opt/ros/humble/lib /home/situjet/.local/bin/cmake --build /home/situjet/Desktop/aruco_ros/aruco_ros/build/aruco_ros -- -j12 -l12
[5.895s] DEBUG:colcon.colcon_core.event_handler.log_command:Invoking command in '/home/situjet/Desktop/aruco_ros/aruco_ros/build/aruco_ros': CMAKE_PREFIX_PATH=/home/situjet/Desktop/aruco_ros/aruco_ros/install/aruco_msgs:/home/situjet/Desktop/aruco_ros/aruco_ros/install/aruco:/home/situjet/Desktop/aruco_ros/aruco_ros/install/aruco_ros:/opt/ros/humble LD_LIBRARY_PATH=/home/situjet/Desktop/aruco_ros/aruco_ros/install/aruco_msgs/lib:/home/situjet/Desktop/aruco_ros/aruco_ros/install/aruco/lib:/home/situjet/Desktop/aruco_ros/aruco_ros/install/aruco_ros/lib:/opt/ros/humble/opt/rviz_ogre_vendor/lib:/opt/ros/humble/lib/x86_64-linux-gnu:/opt/ros/humble/lib /home/situjet/.local/bin/cmake --install /home/situjet/Desktop/aruco_ros/aruco_ros/build/aruco_ros
[5.924s] Level 1:colcon.colcon_core.environment:create_environment_scripts_only(aruco_ros)
[5.925s] DEBUG:colcon.colcon_core.event_handler.log_command:Invoked command in '/home/situjet/Desktop/aruco_ros/aruco_ros/build/aruco_ros' returned '0': CMAKE_PREFIX_PATH=/home/situjet/Desktop/aruco_ros/aruco_ros/install/aruco_msgs:/home/situjet/Desktop/aruco_ros/aruco_ros/install/aruco:/home/situjet/Desktop/aruco_ros/aruco_ros/install/aruco_ros:/opt/ros/humble LD_LIBRARY_PATH=/home/situjet/Desktop/aruco_ros/aruco_ros/install/aruco_msgs/lib:/home/situjet/Desktop/aruco_ros/aruco_ros/install/aruco/lib:/home/situjet/Desktop/aruco_ros/aruco_ros/install/aruco_ros/lib:/opt/ros/humble/opt/rviz_ogre_vendor/lib:/opt/ros/humble/lib/x86_64-linux-gnu:/opt/ros/humble/lib /home/situjet/.local/bin/cmake --install /home/situjet/Desktop/aruco_ros/aruco_ros/build/aruco_ros
[5.938s] Level 1:colcon.colcon_core.environment:checking '/home/situjet/Desktop/aruco_ros/aruco_ros/install/aruco_ros' for CMake module files
[5.939s] Level 1:colcon.colcon_core.environment:checking '/home/situjet/Desktop/aruco_ros/aruco_ros/install/aruco_ros' for CMake config files
[5.939s] Level 1:colcon.colcon_core.shell:create_environment_hook('aruco_ros', 'cmake_prefix_path')
[5.952s] INFO:colcon.colcon_core.shell:Creating environment hook '/home/situjet/Desktop/aruco_ros/aruco_ros/install/aruco_ros/share/aruco_ros/hook/cmake_prefix_path.ps1'
[5.952s] INFO:colcon.colcon_core.shell:Creating environment descriptor '/home/situjet/Desktop/aruco_ros/aruco_ros/install/aruco_ros/share/aruco_ros/hook/cmake_prefix_path.dsv'
[5.952s] INFO:colcon.colcon_core.shell:Creating environment hook '/home/situjet/Desktop/aruco_ros/aruco_ros/install/aruco_ros/share/aruco_ros/hook/cmake_prefix_path.sh'
[5.953s] Level 1:colcon.colcon_core.environment:checking '/home/situjet/Desktop/aruco_ros/aruco_ros/install/aruco_ros/lib'
[5.953s] Level 1:colcon.colcon_core.shell:create_environment_hook('aruco_ros', 'ld_library_path_lib')
[5.966s] INFO:colcon.colcon_core.shell:Creating environment hook '/home/situjet/Desktop/aruco_ros/aruco_ros/install/aruco_ros/share/aruco_ros/hook/ld_library_path_lib.ps1'
[5.966s] INFO:colcon.colcon_core.shell:Creating environment descriptor '/home/situjet/Desktop/aruco_ros/aruco_ros/install/aruco_ros/share/aruco_ros/hook/ld_library_path_lib.dsv'
[5.966s] INFO:colcon.colcon_core.shell:Creating environment hook '/home/situjet/Desktop/aruco_ros/aruco_ros/install/aruco_ros/share/aruco_ros/hook/ld_library_path_lib.sh'
[5.966s] Level 1:colcon.colcon_core.environment:checking '/home/situjet/Desktop/aruco_ros/aruco_ros/install/aruco_ros/bin'
[5.966s] Level 1:colcon.colcon_core.environment:checking '/home/situjet/Desktop/aruco_ros/aruco_ros/install/aruco_ros/lib/pkgconfig/aruco_ros.pc'
[5.967s] Level 1:colcon.colcon_core.environment:checking '/home/situjet/Desktop/aruco_ros/aruco_ros/install/aruco_ros/lib/python3.10/site-packages'
[5.967s] Level 1:colcon.colcon_core.environment:checking '/home/situjet/Desktop/aruco_ros/aruco_ros/install/aruco_ros/bin'
[5.980s] INFO:colcon.colcon_core.shell:Creating package script '/home/situjet/Desktop/aruco_ros/aruco_ros/install/aruco_ros/share/aruco_ros/package.ps1'
[5.981s] INFO:colcon.colcon_core.shell:Creating package descriptor '/home/situjet/Desktop/aruco_ros/aruco_ros/install/aruco_ros/share/aruco_ros/package.dsv'
[5.981s] INFO:colcon.colcon_core.shell:Creating package script '/home/situjet/Desktop/aruco_ros/aruco_ros/install/aruco_ros/share/aruco_ros/package.sh'
[5.981s] INFO:colcon.colcon_core.shell:Creating package script '/home/situjet/Desktop/aruco_ros/aruco_ros/install/aruco_ros/share/aruco_ros/package.bash'
[5.982s] INFO:colcon.colcon_core.shell:Creating package script '/home/situjet/Desktop/aruco_ros/aruco_ros/install/aruco_ros/share/aruco_ros/package.zsh'
[5.982s] Level 1:colcon.colcon_core.environment:create_file_with_runtime_dependencies(/home/situjet/Desktop/aruco_ros/aruco_ros/install/aruco_ros/share/colcon-core/packages/aruco_ros)
[6.030s] Level 1:colcon.colcon_core.environment:create_environment_scripts_only(aruco_ros)
[6.043s] Level 1:colcon.colcon_core.environment:checking '/home/situjet/Desktop/aruco_ros/aruco_ros/install/aruco_ros' for CMake module files
[6.043s] Level 1:colcon.colcon_core.environment:checking '/home/situjet/Desktop/aruco_ros/aruco_ros/install/aruco_ros' for CMake config files
[6.044s] Level 1:colcon.colcon_core.shell:create_environment_hook('aruco_ros', 'cmake_prefix_path')
[6.057s] INFO:colcon.colcon_core.shell:Creating environment hook '/home/situjet/Desktop/aruco_ros/aruco_ros/install/aruco_ros/share/aruco_ros/hook/cmake_prefix_path.ps1'
[6.057s] INFO:colcon.colcon_core.shell:Creating environment descriptor '/home/situjet/Desktop/aruco_ros/aruco_ros/install/aruco_ros/share/aruco_ros/hook/cmake_prefix_path.dsv'
[6.057s] INFO:colcon.colcon_core.shell:Creating environment hook '/home/situjet/Desktop/aruco_ros/aruco_ros/install/aruco_ros/share/aruco_ros/hook/cmake_prefix_path.sh'
[6.057s] Level 1:colcon.colcon_core.environment:checking '/home/situjet/Desktop/aruco_ros/aruco_ros/install/aruco_ros/lib'
[6.057s] Level 1:colcon.colcon_core.shell:create_environment_hook('aruco_ros', 'ld_library_path_lib')
[6.070s] INFO:colcon.colcon_core.shell:Creating environment hook '/home/situjet/Desktop/aruco_ros/aruco_ros/install/aruco_ros/share/aruco_ros/hook/ld_library_path_lib.ps1'
[6.071s] INFO:colcon.colcon_core.shell:Creating environment descriptor '/home/situjet/Desktop/aruco_ros/aruco_ros/install/aruco_ros/share/aruco_ros/hook/ld_library_path_lib.dsv'
[6.071s] INFO:colcon.colcon_core.shell:Creating environment hook '/home/situjet/Desktop/aruco_ros/aruco_ros/install/aruco_ros/share/aruco_ros/hook/ld_library_path_lib.sh'
[6.071s] Level 1:colcon.colcon_core.environment:checking '/home/situjet/Desktop/aruco_ros/aruco_ros/install/aruco_ros/bin'
[6.071s] Level 1:colcon.colcon_core.environment:checking '/home/situjet/Desktop/aruco_ros/aruco_ros/install/aruco_ros/lib/pkgconfig/aruco_ros.pc'
[6.071s] Level 1:colcon.colcon_core.environment:checking '/home/situjet/Desktop/aruco_ros/aruco_ros/install/aruco_ros/lib/python3.10/site-packages'
[6.072s] Level 1:colcon.colcon_core.environment:checking '/home/situjet/Desktop/aruco_ros/aruco_ros/install/aruco_ros/bin'
[6.084s] INFO:colcon.colcon_core.shell:Creating package script '/home/situjet/Desktop/aruco_ros/aruco_ros/install/aruco_ros/share/aruco_ros/package.ps1'
[6.085s] INFO:colcon.colcon_core.shell:Creating package descriptor '/home/situjet/Desktop/aruco_ros/aruco_ros/install/aruco_ros/share/aruco_ros/package.dsv'
[6.085s] INFO:colcon.colcon_core.shell:Creating package script '/home/situjet/Desktop/aruco_ros/aruco_ros/install/aruco_ros/share/aruco_ros/package.sh'
[6.086s] INFO:colcon.colcon_core.shell:Creating package script '/home/situjet/Desktop/aruco_ros/aruco_ros/install/aruco_ros/share/aruco_ros/package.bash'
[6.086s] INFO:colcon.colcon_core.shell:Creating package script '/home/situjet/Desktop/aruco_ros/aruco_ros/install/aruco_ros/share/aruco_ros/package.zsh'
[6.086s] Level 1:colcon.colcon_core.environment:create_file_with_runtime_dependencies(/home/situjet/Desktop/aruco_ros/aruco_ros/install/aruco_ros/share/colcon-core/packages/aruco_ros)
[6.086s] DEBUG:colcon.colcon_parallel_executor.executor.parallel:closing loop
[6.086s] DEBUG:colcon.colcon_parallel_executor.executor.parallel:loop closed
[6.087s] DEBUG:colcon.colcon_parallel_executor.executor.parallel:run_until_complete finished with '0'
[6.087s] DEBUG:colcon.colcon_core.event_reactor:joining thread
[6.106s] INFO:colcon.colcon_core.plugin_system:Skipping extension 'colcon_notification.desktop_notification.terminal_notifier': Not used on non-Darwin systems
[6.106s] INFO:colcon.colcon_core.plugin_system:Skipping extension 'colcon_notification.desktop_notification.win32': Not used on non-Windows systems
[6.106s] INFO:colcon.colcon_notification.desktop_notification:Sending desktop notification using 'notify2'
[6.114s] DEBUG:colcon.colcon_core.event_reactor:joined thread
[6.127s] INFO:colcon.colcon_core.shell:Creating prefix script '/home/situjet/Desktop/aruco_ros/aruco_ros/install/local_setup.ps1'
[6.128s] INFO:colcon.colcon_core.shell:Creating prefix util module '/home/situjet/Desktop/aruco_ros/aruco_ros/install/_local_setup_util_ps1.py'
[6.129s] INFO:colcon.colcon_core.shell:Creating prefix chain script '/home/situjet/Desktop/aruco_ros/aruco_ros/install/setup.ps1'
[6.142s] INFO:colcon.colcon_core.shell:Creating prefix script '/home/situjet/Desktop/aruco_ros/aruco_ros/install/local_setup.sh'
[6.143s] INFO:colcon.colcon_core.shell:Creating prefix util module '/home/situjet/Desktop/aruco_ros/aruco_ros/install/_local_setup_util_sh.py'
[6.143s] INFO:colcon.colcon_core.shell:Creating prefix chain script '/home/situjet/Desktop/aruco_ros/aruco_ros/install/setup.sh'
[6.157s] INFO:colcon.colcon_core.shell:Creating prefix script '/home/situjet/Desktop/aruco_ros/aruco_ros/install/local_setup.bash'
[6.157s] INFO:colcon.colcon_core.shell:Creating prefix chain script '/home/situjet/Desktop/aruco_ros/aruco_ros/install/setup.bash'
[6.170s] INFO:colcon.colcon_core.shell:Creating prefix script '/home/situjet/Desktop/aruco_ros/aruco_ros/install/local_setup.zsh'
[6.171s] INFO:colcon.colcon_core.shell:Creating prefix chain script '/home/situjet/Desktop/aruco_ros/aruco_ros/install/setup.zsh'
