[0.201s] Invoking command in '/home/situjet/Desktop/leo_common-ros2/build/leo_msgs': CMAKE_PREFIX_PATH=${CMAKE_PREFIX_PATH}:/home/situjet/Desktop/leo_common-ros2/install/programmed_drive:/opt/ros/humble /home/situjet/.local/bin/cmake --build /home/situjet/Desktop/leo_common-ros2/build/leo_msgs -- -j12 -l12
[0.235s] [  1%] Built target leo_msgs__cpp
[0.236s] [ 12%] Built target leo_msgs__rosidl_generator_c
[0.237s] [ 12%] Built target ament_cmake_python_symlink_leo_msgs
[0.244s] [ 23%] Built target leo_msgs__rosidl_typesupport_c
[0.244s] [ 34%] Built target leo_msgs__rosidl_typesupport_cpp
[0.244s] [ 55%] Built target leo_msgs__rosidl_typesupport_fastrtps_cpp
[0.244s] [ 57%] Built target leo_msgs__rosidl_typesupport_introspection_c
[0.245s] [ 68%] Built target leo_msgs__rosidl_typesupport_introspection_cpp
[0.247s] [ 79%] Built target leo_msgs__rosidl_typesupport_fastrtps_c
[0.252s] [ 79%] Built target leo_msgs
[0.258s] [ 80%] Built target leo_msgs__py
[0.266s] [ 90%] Built target leo_msgs__rosidl_generator_py
[0.273s] [ 96%] Built target leo_msgs__rosidl_typesupport_fastrtps_c__pyext
[0.274s] [ 96%] Built target leo_msgs__rosidl_typesupport_introspection_c__pyext
[0.274s] [100%] Built target leo_msgs__rosidl_typesupport_c__pyext
[0.436s] running egg_info
[0.436s] writing leo_msgs.egg-info/PKG-INFO
[0.436s] writing dependency_links to leo_msgs.egg-info/dependency_links.txt
[0.436s] writing top-level names to leo_msgs.egg-info/top_level.txt
[0.438s] reading manifest file 'leo_msgs.egg-info/SOURCES.txt'
[0.439s] writing manifest file 'leo_msgs.egg-info/SOURCES.txt'
[0.453s] [100%] Built target ament_cmake_python_build_leo_msgs_egg
[0.483s] Invoked command in '/home/situjet/Desktop/leo_common-ros2/build/leo_msgs' returned '0': CMAKE_PREFIX_PATH=${CMAKE_PREFIX_PATH}:/home/situjet/Desktop/leo_common-ros2/install/programmed_drive:/opt/ros/humble /home/situjet/.local/bin/cmake --build /home/situjet/Desktop/leo_common-ros2/build/leo_msgs -- -j12 -l12
[0.619s] Invoking command in '/home/situjet/Desktop/leo_common-ros2/build/leo_msgs': CMAKE_PREFIX_PATH=${CMAKE_PREFIX_PATH}:/home/situjet/Desktop/leo_common-ros2/install/programmed_drive:/opt/ros/humble /home/situjet/.local/bin/cmake --install /home/situjet/Desktop/leo_common-ros2/build/leo_msgs
[0.649s] -- Install configuration: ""
[0.649s] -- Execute custom install script
[0.650s] -- Up-to-date symlink: /home/situjet/Desktop/leo_common-ros2/install/leo_msgs/share/ament_index/resource_index/rosidl_interfaces/leo_msgs
[0.650s] -- Up-to-date symlink: /home/situjet/Desktop/leo_common-ros2/install/leo_msgs/include/leo_msgs/leo_msgs/msg/detail/imu__functions.h
[0.650s] -- Up-to-date symlink: /home/situjet/Desktop/leo_common-ros2/install/leo_msgs/include/leo_msgs/leo_msgs/msg/detail/imu__struct.h
[0.650s] -- Up-to-date symlink: /home/situjet/Desktop/leo_common-ros2/install/leo_msgs/include/leo_msgs/leo_msgs/msg/detail/imu__type_support.h
[0.651s] -- Up-to-date symlink: /home/situjet/Desktop/leo_common-ros2/install/leo_msgs/include/leo_msgs/leo_msgs/msg/detail/wheel_odom__functions.h
[0.651s] -- Up-to-date symlink: /home/situjet/Desktop/leo_common-ros2/install/leo_msgs/include/leo_msgs/leo_msgs/msg/detail/wheel_odom__struct.h
[0.651s] -- Up-to-date symlink: /home/situjet/Desktop/leo_common-ros2/install/leo_msgs/include/leo_msgs/leo_msgs/msg/detail/wheel_odom__type_support.h
[0.651s] -- Up-to-date symlink: /home/situjet/Desktop/leo_common-ros2/install/leo_msgs/include/leo_msgs/leo_msgs/msg/detail/wheel_odom_mecanum__functions.h
[0.651s] -- Up-to-date symlink: /home/situjet/Desktop/leo_common-ros2/install/leo_msgs/include/leo_msgs/leo_msgs/msg/detail/wheel_odom_mecanum__struct.h
[0.651s] -- Up-to-date symlink: /home/situjet/Desktop/leo_common-ros2/install/leo_msgs/include/leo_msgs/leo_msgs/msg/detail/wheel_odom_mecanum__type_support.h
[0.652s] -- Up-to-date symlink: /home/situjet/Desktop/leo_common-ros2/install/leo_msgs/include/leo_msgs/leo_msgs/msg/detail/wheel_states__functions.h
[0.652s] -- Up-to-date symlink: /home/situjet/Desktop/leo_common-ros2/install/leo_msgs/include/leo_msgs/leo_msgs/msg/detail/wheel_states__struct.h
[0.652s] -- Up-to-date symlink: /home/situjet/Desktop/leo_common-ros2/install/leo_msgs/include/leo_msgs/leo_msgs/msg/detail/wheel_states__type_support.h
[0.652s] -- Up-to-date symlink: /home/situjet/Desktop/leo_common-ros2/install/leo_msgs/include/leo_msgs/leo_msgs/msg/imu.h
[0.652s] -- Up-to-date symlink: /home/situjet/Desktop/leo_common-ros2/install/leo_msgs/include/leo_msgs/leo_msgs/msg/rosidl_generator_c__visibility_control.h
[0.652s] -- Up-to-date symlink: /home/situjet/Desktop/leo_common-ros2/install/leo_msgs/include/leo_msgs/leo_msgs/msg/wheel_odom.h
[0.652s] -- Up-to-date symlink: /home/situjet/Desktop/leo_common-ros2/install/leo_msgs/include/leo_msgs/leo_msgs/msg/wheel_odom_mecanum.h
[0.652s] -- Up-to-date symlink: /home/situjet/Desktop/leo_common-ros2/install/leo_msgs/include/leo_msgs/leo_msgs/msg/wheel_states.h
[0.653s] -- Up-to-date symlink: /home/situjet/Desktop/leo_common-ros2/install/leo_msgs/include/leo_msgs/leo_msgs/srv/detail/set_imu_calibration__functions.h
[0.653s] -- Up-to-date symlink: /home/situjet/Desktop/leo_common-ros2/install/leo_msgs/include/leo_msgs/leo_msgs/srv/detail/set_imu_calibration__struct.h
[0.653s] -- Up-to-date symlink: /home/situjet/Desktop/leo_common-ros2/install/leo_msgs/include/leo_msgs/leo_msgs/srv/detail/set_imu_calibration__type_support.h
[0.653s] -- Up-to-date symlink: /home/situjet/Desktop/leo_common-ros2/install/leo_msgs/include/leo_msgs/leo_msgs/srv/set_imu_calibration.h
[0.654s] -- Up-to-date symlink: /home/situjet/Desktop/leo_common-ros2/install/leo_msgs/share/leo_msgs/environment/library_path.sh
[0.654s] -- Up-to-date symlink: /home/situjet/Desktop/leo_common-ros2/install/leo_msgs/share/leo_msgs/environment/library_path.dsv
[0.654s] -- Up-to-date symlink: /home/situjet/Desktop/leo_common-ros2/install/leo_msgs/include/leo_msgs/leo_msgs/msg/detail/imu__rosidl_typesupport_fastrtps_c.h
[0.654s] -- Up-to-date symlink: /home/situjet/Desktop/leo_common-ros2/install/leo_msgs/include/leo_msgs/leo_msgs/msg/detail/wheel_odom__rosidl_typesupport_fastrtps_c.h
[0.654s] -- Up-to-date symlink: /home/situjet/Desktop/leo_common-ros2/install/leo_msgs/include/leo_msgs/leo_msgs/msg/detail/wheel_odom_mecanum__rosidl_typesupport_fastrtps_c.h
[0.654s] -- Up-to-date symlink: /home/situjet/Desktop/leo_common-ros2/install/leo_msgs/include/leo_msgs/leo_msgs/msg/detail/wheel_states__rosidl_typesupport_fastrtps_c.h
[0.654s] -- Up-to-date symlink: /home/situjet/Desktop/leo_common-ros2/install/leo_msgs/include/leo_msgs/leo_msgs/msg/rosidl_typesupport_fastrtps_c__visibility_control.h
[0.654s] -- Up-to-date symlink: /home/situjet/Desktop/leo_common-ros2/install/leo_msgs/include/leo_msgs/leo_msgs/srv/detail/set_imu_calibration__rosidl_typesupport_fastrtps_c.h
[0.654s] -- Up-to-date symlink: /home/situjet/Desktop/leo_common-ros2/install/leo_msgs/include/leo_msgs/leo_msgs/msg/detail/imu__rosidl_typesupport_introspection_c.h
[0.655s] -- Up-to-date symlink: /home/situjet/Desktop/leo_common-ros2/install/leo_msgs/include/leo_msgs/leo_msgs/msg/detail/wheel_odom__rosidl_typesupport_introspection_c.h
[0.655s] -- Up-to-date symlink: /home/situjet/Desktop/leo_common-ros2/install/leo_msgs/include/leo_msgs/leo_msgs/msg/detail/wheel_odom_mecanum__rosidl_typesupport_introspection_c.h
[0.655s] -- Up-to-date symlink: /home/situjet/Desktop/leo_common-ros2/install/leo_msgs/include/leo_msgs/leo_msgs/msg/detail/wheel_states__rosidl_typesupport_introspection_c.h
[0.655s] -- Up-to-date symlink: /home/situjet/Desktop/leo_common-ros2/install/leo_msgs/include/leo_msgs/leo_msgs/msg/rosidl_typesupport_introspection_c__visibility_control.h
[0.655s] -- Up-to-date symlink: /home/situjet/Desktop/leo_common-ros2/install/leo_msgs/include/leo_msgs/leo_msgs/srv/detail/set_imu_calibration__rosidl_typesupport_introspection_c.h
[0.655s] -- Up-to-date symlink: /home/situjet/Desktop/leo_common-ros2/install/leo_msgs/include/leo_msgs/leo_msgs/msg/detail/imu__builder.hpp
[0.656s] -- Up-to-date symlink: /home/situjet/Desktop/leo_common-ros2/install/leo_msgs/include/leo_msgs/leo_msgs/msg/detail/imu__struct.hpp
[0.656s] -- Up-to-date symlink: /home/situjet/Desktop/leo_common-ros2/install/leo_msgs/include/leo_msgs/leo_msgs/msg/detail/imu__traits.hpp
[0.656s] -- Up-to-date symlink: /home/situjet/Desktop/leo_common-ros2/install/leo_msgs/include/leo_msgs/leo_msgs/msg/detail/wheel_odom__builder.hpp
[0.656s] -- Up-to-date symlink: /home/situjet/Desktop/leo_common-ros2/install/leo_msgs/include/leo_msgs/leo_msgs/msg/detail/wheel_odom__struct.hpp
[0.656s] -- Up-to-date symlink: /home/situjet/Desktop/leo_common-ros2/install/leo_msgs/include/leo_msgs/leo_msgs/msg/detail/wheel_odom__traits.hpp
[0.656s] -- Up-to-date symlink: /home/situjet/Desktop/leo_common-ros2/install/leo_msgs/include/leo_msgs/leo_msgs/msg/detail/wheel_odom_mecanum__builder.hpp
[0.656s] -- Up-to-date symlink: /home/situjet/Desktop/leo_common-ros2/install/leo_msgs/include/leo_msgs/leo_msgs/msg/detail/wheel_odom_mecanum__struct.hpp
[0.656s] -- Up-to-date symlink: /home/situjet/Desktop/leo_common-ros2/install/leo_msgs/include/leo_msgs/leo_msgs/msg/detail/wheel_odom_mecanum__traits.hpp
[0.657s] -- Up-to-date symlink: /home/situjet/Desktop/leo_common-ros2/install/leo_msgs/include/leo_msgs/leo_msgs/msg/detail/wheel_states__builder.hpp
[0.657s] -- Up-to-date symlink: /home/situjet/Desktop/leo_common-ros2/install/leo_msgs/include/leo_msgs/leo_msgs/msg/detail/wheel_states__struct.hpp
[0.657s] -- Up-to-date symlink: /home/situjet/Desktop/leo_common-ros2/install/leo_msgs/include/leo_msgs/leo_msgs/msg/detail/wheel_states__traits.hpp
[0.657s] -- Up-to-date symlink: /home/situjet/Desktop/leo_common-ros2/install/leo_msgs/include/leo_msgs/leo_msgs/msg/imu.hpp
[0.657s] -- Up-to-date symlink: /home/situjet/Desktop/leo_common-ros2/install/leo_msgs/include/leo_msgs/leo_msgs/msg/wheel_odom.hpp
[0.657s] -- Up-to-date symlink: /home/situjet/Desktop/leo_common-ros2/install/leo_msgs/include/leo_msgs/leo_msgs/msg/wheel_odom_mecanum.hpp
[0.657s] -- Up-to-date symlink: /home/situjet/Desktop/leo_common-ros2/install/leo_msgs/include/leo_msgs/leo_msgs/msg/wheel_states.hpp
[0.658s] -- Up-to-date symlink: /home/situjet/Desktop/leo_common-ros2/install/leo_msgs/include/leo_msgs/leo_msgs/srv/detail/set_imu_calibration__builder.hpp
[0.658s] -- Up-to-date symlink: /home/situjet/Desktop/leo_common-ros2/install/leo_msgs/include/leo_msgs/leo_msgs/srv/detail/set_imu_calibration__struct.hpp
[0.658s] -- Up-to-date symlink: /home/situjet/Desktop/leo_common-ros2/install/leo_msgs/include/leo_msgs/leo_msgs/srv/detail/set_imu_calibration__traits.hpp
[0.658s] -- Up-to-date symlink: /home/situjet/Desktop/leo_common-ros2/install/leo_msgs/include/leo_msgs/leo_msgs/srv/set_imu_calibration.hpp
[0.658s] -- Up-to-date symlink: /home/situjet/Desktop/leo_common-ros2/install/leo_msgs/include/leo_msgs/leo_msgs/msg/detail/imu__rosidl_typesupport_fastrtps_cpp.hpp
[0.658s] -- Up-to-date symlink: /home/situjet/Desktop/leo_common-ros2/install/leo_msgs/include/leo_msgs/leo_msgs/msg/detail/wheel_odom__rosidl_typesupport_fastrtps_cpp.hpp
[0.658s] -- Up-to-date symlink: /home/situjet/Desktop/leo_common-ros2/install/leo_msgs/include/leo_msgs/leo_msgs/msg/detail/wheel_odom_mecanum__rosidl_typesupport_fastrtps_cpp.hpp
[0.659s] -- Up-to-date symlink: /home/situjet/Desktop/leo_common-ros2/install/leo_msgs/include/leo_msgs/leo_msgs/msg/detail/wheel_states__rosidl_typesupport_fastrtps_cpp.hpp
[0.659s] -- Up-to-date symlink: /home/situjet/Desktop/leo_common-ros2/install/leo_msgs/include/leo_msgs/leo_msgs/msg/rosidl_typesupport_fastrtps_cpp__visibility_control.h
[0.659s] -- Up-to-date symlink: /home/situjet/Desktop/leo_common-ros2/install/leo_msgs/include/leo_msgs/leo_msgs/srv/detail/set_imu_calibration__rosidl_typesupport_fastrtps_cpp.hpp
[0.659s] -- Up-to-date symlink: /home/situjet/Desktop/leo_common-ros2/install/leo_msgs/include/leo_msgs/leo_msgs/msg/detail/imu__rosidl_typesupport_introspection_cpp.hpp
[0.659s] -- Up-to-date symlink: /home/situjet/Desktop/leo_common-ros2/install/leo_msgs/include/leo_msgs/leo_msgs/msg/detail/wheel_odom__rosidl_typesupport_introspection_cpp.hpp
[0.659s] -- Up-to-date symlink: /home/situjet/Desktop/leo_common-ros2/install/leo_msgs/include/leo_msgs/leo_msgs/msg/detail/wheel_odom_mecanum__rosidl_typesupport_introspection_cpp.hpp
[0.660s] -- Up-to-date symlink: /home/situjet/Desktop/leo_common-ros2/install/leo_msgs/include/leo_msgs/leo_msgs/msg/detail/wheel_states__rosidl_typesupport_introspection_cpp.hpp
[0.660s] -- Up-to-date symlink: /home/situjet/Desktop/leo_common-ros2/install/leo_msgs/include/leo_msgs/leo_msgs/srv/detail/set_imu_calibration__rosidl_typesupport_introspection_cpp.hpp
[0.660s] -- Up-to-date symlink: /home/situjet/Desktop/leo_common-ros2/install/leo_msgs/share/leo_msgs/environment/pythonpath.sh
[0.660s] -- Up-to-date symlink: /home/situjet/Desktop/leo_common-ros2/install/leo_msgs/share/leo_msgs/environment/pythonpath.dsv
[0.660s] -- Up-to-date symlink: /home/situjet/Desktop/leo_common-ros2/install/leo_msgs/local/lib/python3.10/dist-packages/leo_msgs-1.1.0-py3.10.egg-info/PKG-INFO
[0.660s] -- Up-to-date symlink: /home/situjet/Desktop/leo_common-ros2/install/leo_msgs/local/lib/python3.10/dist-packages/leo_msgs-1.1.0-py3.10.egg-info/SOURCES.txt
[0.660s] -- Up-to-date symlink: /home/situjet/Desktop/leo_common-ros2/install/leo_msgs/local/lib/python3.10/dist-packages/leo_msgs-1.1.0-py3.10.egg-info/dependency_links.txt
[0.660s] -- Up-to-date symlink: /home/situjet/Desktop/leo_common-ros2/install/leo_msgs/local/lib/python3.10/dist-packages/leo_msgs-1.1.0-py3.10.egg-info/top_level.txt
[0.661s] -- Up-to-date symlink: /home/situjet/Desktop/leo_common-ros2/install/leo_msgs/local/lib/python3.10/dist-packages/leo_msgs/__init__.py
[0.661s] -- Up-to-date symlink: /home/situjet/Desktop/leo_common-ros2/install/leo_msgs/local/lib/python3.10/dist-packages/leo_msgs/_leo_msgs_s.ep.rosidl_typesupport_c.c
[0.661s] -- Up-to-date symlink: /home/situjet/Desktop/leo_common-ros2/install/leo_msgs/local/lib/python3.10/dist-packages/leo_msgs/_leo_msgs_s.ep.rosidl_typesupport_fastrtps_c.c
[0.661s] -- Up-to-date symlink: /home/situjet/Desktop/leo_common-ros2/install/leo_msgs/local/lib/python3.10/dist-packages/leo_msgs/_leo_msgs_s.ep.rosidl_typesupport_introspection_c.c
[0.661s] -- Up-to-date symlink: /home/situjet/Desktop/leo_common-ros2/install/leo_msgs/local/lib/python3.10/dist-packages/leo_msgs/leo_msgs_s__rosidl_typesupport_c.cpython-310-x86_64-linux-gnu.so
[0.661s] -- Up-to-date symlink: /home/situjet/Desktop/leo_common-ros2/install/leo_msgs/local/lib/python3.10/dist-packages/leo_msgs/leo_msgs_s__rosidl_typesupport_fastrtps_c.cpython-310-x86_64-linux-gnu.so
[0.662s] -- Up-to-date symlink: /home/situjet/Desktop/leo_common-ros2/install/leo_msgs/local/lib/python3.10/dist-packages/leo_msgs/leo_msgs_s__rosidl_typesupport_introspection_c.cpython-310-x86_64-linux-gnu.so
[0.662s] -- Up-to-date symlink: /home/situjet/Desktop/leo_common-ros2/install/leo_msgs/local/lib/python3.10/dist-packages/leo_msgs/libleo_msgs__rosidl_generator_py.so
[0.662s] -- Up-to-date symlink: /home/situjet/Desktop/leo_common-ros2/install/leo_msgs/local/lib/python3.10/dist-packages/leo_msgs/msg/__init__.py
[0.662s] -- Up-to-date symlink: /home/situjet/Desktop/leo_common-ros2/install/leo_msgs/local/lib/python3.10/dist-packages/leo_msgs/msg/_imu.py
[0.662s] -- Up-to-date symlink: /home/situjet/Desktop/leo_common-ros2/install/leo_msgs/local/lib/python3.10/dist-packages/leo_msgs/msg/_imu_s.c
[0.662s] -- Up-to-date symlink: /home/situjet/Desktop/leo_common-ros2/install/leo_msgs/local/lib/python3.10/dist-packages/leo_msgs/msg/_wheel_odom.py
[0.662s] -- Up-to-date symlink: /home/situjet/Desktop/leo_common-ros2/install/leo_msgs/local/lib/python3.10/dist-packages/leo_msgs/msg/_wheel_odom_mecanum.py
[0.662s] -- Up-to-date symlink: /home/situjet/Desktop/leo_common-ros2/install/leo_msgs/local/lib/python3.10/dist-packages/leo_msgs/msg/_wheel_odom_mecanum_s.c
[0.663s] -- Up-to-date symlink: /home/situjet/Desktop/leo_common-ros2/install/leo_msgs/local/lib/python3.10/dist-packages/leo_msgs/msg/_wheel_odom_s.c
[0.663s] -- Up-to-date symlink: /home/situjet/Desktop/leo_common-ros2/install/leo_msgs/local/lib/python3.10/dist-packages/leo_msgs/msg/_wheel_states.py
[0.663s] -- Up-to-date symlink: /home/situjet/Desktop/leo_common-ros2/install/leo_msgs/local/lib/python3.10/dist-packages/leo_msgs/msg/_wheel_states_s.c
[0.663s] -- Up-to-date symlink: /home/situjet/Desktop/leo_common-ros2/install/leo_msgs/local/lib/python3.10/dist-packages/leo_msgs/srv/__init__.py
[0.663s] -- Up-to-date symlink: /home/situjet/Desktop/leo_common-ros2/install/leo_msgs/local/lib/python3.10/dist-packages/leo_msgs/srv/_set_imu_calibration.py
[0.663s] -- Up-to-date symlink: /home/situjet/Desktop/leo_common-ros2/install/leo_msgs/local/lib/python3.10/dist-packages/leo_msgs/srv/_set_imu_calibration_s.c
[0.663s] -- Up-to-date symlink: /home/situjet/Desktop/leo_common-ros2/install/leo_msgs/local/lib/python3.10/dist-packages/leo_msgs/leo_msgs_s__rosidl_typesupport_fastrtps_c.cpython-310-x86_64-linux-gnu.so
[0.664s] -- Up-to-date symlink: /home/situjet/Desktop/leo_common-ros2/install/leo_msgs/local/lib/python3.10/dist-packages/leo_msgs/leo_msgs_s__rosidl_typesupport_introspection_c.cpython-310-x86_64-linux-gnu.so
[0.664s] -- Up-to-date symlink: /home/situjet/Desktop/leo_common-ros2/install/leo_msgs/local/lib/python3.10/dist-packages/leo_msgs/leo_msgs_s__rosidl_typesupport_c.cpython-310-x86_64-linux-gnu.so
[0.664s] -- Up-to-date symlink: /home/situjet/Desktop/leo_common-ros2/install/leo_msgs/share/leo_msgs/msg/Imu.idl
[0.664s] -- Up-to-date symlink: /home/situjet/Desktop/leo_common-ros2/install/leo_msgs/share/leo_msgs/msg/WheelOdom.idl
[0.664s] -- Up-to-date symlink: /home/situjet/Desktop/leo_common-ros2/install/leo_msgs/share/leo_msgs/msg/WheelOdomMecanum.idl
[0.664s] -- Up-to-date symlink: /home/situjet/Desktop/leo_common-ros2/install/leo_msgs/share/leo_msgs/msg/WheelStates.idl
[0.664s] -- Up-to-date symlink: /home/situjet/Desktop/leo_common-ros2/install/leo_msgs/share/leo_msgs/srv/SetImuCalibration.idl
[0.665s] -- Up-to-date symlink: /home/situjet/Desktop/leo_common-ros2/install/leo_msgs/share/leo_msgs/msg/Imu.msg
[0.665s] -- Up-to-date symlink: /home/situjet/Desktop/leo_common-ros2/install/leo_msgs/share/leo_msgs/msg/WheelOdom.msg
[0.665s] -- Up-to-date symlink: /home/situjet/Desktop/leo_common-ros2/install/leo_msgs/share/leo_msgs/msg/WheelOdomMecanum.msg
[0.665s] -- Up-to-date symlink: /home/situjet/Desktop/leo_common-ros2/install/leo_msgs/share/leo_msgs/msg/WheelStates.msg
[0.665s] -- Up-to-date symlink: /home/situjet/Desktop/leo_common-ros2/install/leo_msgs/share/leo_msgs/srv/SetImuCalibration.srv
[0.665s] -- Up-to-date symlink: /home/situjet/Desktop/leo_common-ros2/install/leo_msgs/share/leo_msgs/srv/SetImuCalibration_Request.msg
[0.666s] -- Up-to-date symlink: /home/situjet/Desktop/leo_common-ros2/install/leo_msgs/share/leo_msgs/srv/SetImuCalibration_Response.msg
[0.666s] -- Up-to-date symlink: /home/situjet/Desktop/leo_common-ros2/install/leo_msgs/share/ament_index/resource_index/package_run_dependencies/leo_msgs
[0.666s] -- Up-to-date symlink: /home/situjet/Desktop/leo_common-ros2/install/leo_msgs/share/ament_index/resource_index/parent_prefix_path/leo_msgs
[0.666s] -- Up-to-date symlink: /home/situjet/Desktop/leo_common-ros2/install/leo_msgs/share/leo_msgs/environment/ament_prefix_path.sh
[0.666s] -- Up-to-date symlink: /home/situjet/Desktop/leo_common-ros2/install/leo_msgs/share/leo_msgs/environment/ament_prefix_path.dsv
[0.667s] -- Up-to-date symlink: /home/situjet/Desktop/leo_common-ros2/install/leo_msgs/share/leo_msgs/environment/path.sh
[0.667s] -- Up-to-date symlink: /home/situjet/Desktop/leo_common-ros2/install/leo_msgs/share/leo_msgs/environment/path.dsv
[0.667s] -- Up-to-date symlink: /home/situjet/Desktop/leo_common-ros2/install/leo_msgs/share/leo_msgs/local_setup.bash
[0.667s] -- Up-to-date symlink: /home/situjet/Desktop/leo_common-ros2/install/leo_msgs/share/leo_msgs/local_setup.sh
[0.667s] -- Up-to-date symlink: /home/situjet/Desktop/leo_common-ros2/install/leo_msgs/share/leo_msgs/local_setup.zsh
[0.667s] -- Up-to-date symlink: /home/situjet/Desktop/leo_common-ros2/install/leo_msgs/share/leo_msgs/local_setup.dsv
[0.667s] -- Symlinking: /home/situjet/Desktop/leo_common-ros2/install/leo_msgs/share/leo_msgs/package.dsv
[0.669s] -- Up-to-date symlink: /home/situjet/Desktop/leo_common-ros2/install/leo_msgs/share/ament_index/resource_index/packages/leo_msgs
[0.669s] -- Up-to-date symlink: /home/situjet/Desktop/leo_common-ros2/install/leo_msgs/share/leo_msgs/cmake/rosidl_cmake-extras.cmake
[0.669s] -- Up-to-date symlink: /home/situjet/Desktop/leo_common-ros2/install/leo_msgs/share/leo_msgs/cmake/ament_cmake_export_dependencies-extras.cmake
[0.670s] -- Up-to-date symlink: /home/situjet/Desktop/leo_common-ros2/install/leo_msgs/share/leo_msgs/cmake/ament_cmake_export_include_directories-extras.cmake
[0.670s] -- Up-to-date symlink: /home/situjet/Desktop/leo_common-ros2/install/leo_msgs/share/leo_msgs/cmake/ament_cmake_export_libraries-extras.cmake
[0.671s] -- Up-to-date symlink: /home/situjet/Desktop/leo_common-ros2/install/leo_msgs/share/leo_msgs/cmake/ament_cmake_export_targets-extras.cmake
[0.672s] -- Up-to-date symlink: /home/situjet/Desktop/leo_common-ros2/install/leo_msgs/share/leo_msgs/cmake/rosidl_cmake_export_typesupport_targets-extras.cmake
[0.672s] -- Up-to-date symlink: /home/situjet/Desktop/leo_common-ros2/install/leo_msgs/share/leo_msgs/cmake/rosidl_cmake_export_typesupport_libraries-extras.cmake
[0.672s] -- Up-to-date symlink: /home/situjet/Desktop/leo_common-ros2/install/leo_msgs/share/leo_msgs/cmake/leo_msgsConfig.cmake
[0.673s] -- Up-to-date symlink: /home/situjet/Desktop/leo_common-ros2/install/leo_msgs/share/leo_msgs/cmake/leo_msgsConfig-version.cmake
[0.673s] -- Up-to-date symlink: /home/situjet/Desktop/leo_common-ros2/install/leo_msgs/share/leo_msgs/package.xml
[0.673s] -- Up-to-date: /home/situjet/Desktop/leo_common-ros2/install/leo_msgs/lib/libleo_msgs__rosidl_generator_c.so
[0.673s] -- Up-to-date: /home/situjet/Desktop/leo_common-ros2/install/leo_msgs/lib/libleo_msgs__rosidl_typesupport_fastrtps_c.so
[0.673s] -- Up-to-date: /home/situjet/Desktop/leo_common-ros2/install/leo_msgs/lib/libleo_msgs__rosidl_typesupport_introspection_c.so
[0.673s] -- Up-to-date: /home/situjet/Desktop/leo_common-ros2/install/leo_msgs/lib/libleo_msgs__rosidl_typesupport_c.so
[0.673s] -- Up-to-date: /home/situjet/Desktop/leo_common-ros2/install/leo_msgs/lib/libleo_msgs__rosidl_typesupport_fastrtps_cpp.so
[0.674s] -- Up-to-date: /home/situjet/Desktop/leo_common-ros2/install/leo_msgs/lib/libleo_msgs__rosidl_typesupport_introspection_cpp.so
[0.674s] -- Up-to-date: /home/situjet/Desktop/leo_common-ros2/install/leo_msgs/lib/libleo_msgs__rosidl_typesupport_cpp.so
[0.696s] Listing '/home/situjet/Desktop/leo_common-ros2/install/leo_msgs/local/lib/python3.10/dist-packages/leo_msgs'...
[0.696s] Listing '/home/situjet/Desktop/leo_common-ros2/install/leo_msgs/local/lib/python3.10/dist-packages/leo_msgs/msg'...
[0.697s] Listing '/home/situjet/Desktop/leo_common-ros2/install/leo_msgs/local/lib/python3.10/dist-packages/leo_msgs/srv'...
[0.699s] -- Up-to-date: /home/situjet/Desktop/leo_common-ros2/install/leo_msgs/lib/libleo_msgs__rosidl_generator_py.so
[0.699s] -- Up-to-date: /home/situjet/Desktop/leo_common-ros2/install/leo_msgs/share/leo_msgs/cmake/export_leo_msgs__rosidl_generator_cExport.cmake
[0.699s] -- Up-to-date: /home/situjet/Desktop/leo_common-ros2/install/leo_msgs/share/leo_msgs/cmake/export_leo_msgs__rosidl_generator_cExport-noconfig.cmake
[0.699s] -- Up-to-date: /home/situjet/Desktop/leo_common-ros2/install/leo_msgs/share/leo_msgs/cmake/export_leo_msgs__rosidl_typesupport_fastrtps_cExport.cmake
[0.699s] -- Up-to-date: /home/situjet/Desktop/leo_common-ros2/install/leo_msgs/share/leo_msgs/cmake/export_leo_msgs__rosidl_typesupport_fastrtps_cExport-noconfig.cmake
[0.699s] -- Up-to-date: /home/situjet/Desktop/leo_common-ros2/install/leo_msgs/share/leo_msgs/cmake/leo_msgs__rosidl_typesupport_introspection_cExport.cmake
[0.699s] -- Up-to-date: /home/situjet/Desktop/leo_common-ros2/install/leo_msgs/share/leo_msgs/cmake/leo_msgs__rosidl_typesupport_introspection_cExport-noconfig.cmake
[0.700s] -- Up-to-date: /home/situjet/Desktop/leo_common-ros2/install/leo_msgs/share/leo_msgs/cmake/leo_msgs__rosidl_typesupport_cExport.cmake
[0.700s] -- Up-to-date: /home/situjet/Desktop/leo_common-ros2/install/leo_msgs/share/leo_msgs/cmake/leo_msgs__rosidl_typesupport_cExport-noconfig.cmake
[0.700s] -- Up-to-date: /home/situjet/Desktop/leo_common-ros2/install/leo_msgs/share/leo_msgs/cmake/export_leo_msgs__rosidl_generator_cppExport.cmake
[0.700s] -- Up-to-date: /home/situjet/Desktop/leo_common-ros2/install/leo_msgs/share/leo_msgs/cmake/export_leo_msgs__rosidl_typesupport_fastrtps_cppExport.cmake
[0.700s] -- Up-to-date: /home/situjet/Desktop/leo_common-ros2/install/leo_msgs/share/leo_msgs/cmake/export_leo_msgs__rosidl_typesupport_fastrtps_cppExport-noconfig.cmake
[0.700s] -- Up-to-date: /home/situjet/Desktop/leo_common-ros2/install/leo_msgs/share/leo_msgs/cmake/leo_msgs__rosidl_typesupport_introspection_cppExport.cmake
[0.700s] -- Up-to-date: /home/situjet/Desktop/leo_common-ros2/install/leo_msgs/share/leo_msgs/cmake/leo_msgs__rosidl_typesupport_introspection_cppExport-noconfig.cmake
[0.700s] -- Up-to-date: /home/situjet/Desktop/leo_common-ros2/install/leo_msgs/share/leo_msgs/cmake/leo_msgs__rosidl_typesupport_cppExport.cmake
[0.701s] -- Up-to-date: /home/situjet/Desktop/leo_common-ros2/install/leo_msgs/share/leo_msgs/cmake/leo_msgs__rosidl_typesupport_cppExport-noconfig.cmake
[0.701s] -- Up-to-date: /home/situjet/Desktop/leo_common-ros2/install/leo_msgs/share/leo_msgs/cmake/export_leo_msgs__rosidl_generator_pyExport.cmake
[0.701s] -- Up-to-date: /home/situjet/Desktop/leo_common-ros2/install/leo_msgs/share/leo_msgs/cmake/export_leo_msgs__rosidl_generator_pyExport-noconfig.cmake
[0.898s] Invoked command in '/home/situjet/Desktop/leo_common-ros2/build/leo_msgs' returned '0': CMAKE_PREFIX_PATH=${CMAKE_PREFIX_PATH}:/home/situjet/Desktop/leo_common-ros2/install/programmed_drive:/opt/ros/humble /home/situjet/.local/bin/cmake --install /home/situjet/Desktop/leo_common-ros2/build/leo_msgs
