-- The C compiler identification is GNU 11.4.0
-- The CXX compiler identification is GNU 11.4.0
-- Detecting C compiler ABI info
-- Detecting C compiler ABI info - done
-- Check for working C compiler: /usr/bin/cc - skipped
-- Detecting C compile features
-- Detecting C compile features - done
-- Detecting CXX compiler ABI info
-- Detecting CXX compiler ABI info - done
-- Check for working CXX compiler: /usr/bin/c++ - skipped
-- Detecting CXX compile features
-- Detecting CXX compile features - done
-- Found ament_cmake: 1.3.5 (/opt/ros/humble/share/ament_cmake/cmake)
-- Found Python3: /usr/bin/python3.10 (found version "3.10.12") found components: Interpreter 
-- Found rosidl_default_generators: 1.2.0 (/opt/ros/humble/share/rosidl_default_generators/cmake)
-- Using all available rosidl_typesupport_c: rosidl_typesupport_fastrtps_c;rosidl_typesupport_introspection_c
-- Found rosidl_adapter: 3.1.5 (/opt/ros/humble/share/rosidl_adapter/cmake)
-- Using all available rosidl_typesupport_cpp: rosidl_typesupport_fastrtps_cpp;rosidl_typesupport_introspection_cpp
-- Found builtin_interfaces: 1.2.1 (/opt/ros/humble/share/builtin_interfaces/cmake)
-- Found ament_cmake_ros: 0.10.0 (/opt/ros/humble/share/ament_cmake_ros/cmake)
-- Using all available rosidl_typesupport_c: rosidl_typesupport_fastrtps_c;rosidl_typesupport_introspection_c
-- Using all available rosidl_typesupport_cpp: rosidl_typesupport_fastrtps_cpp;rosidl_typesupport_introspection_cpp
-- Found PythonInterp: /usr/bin/python3 (found suitable version "3.10.12", minimum required is "3.6") 
-- Found python_cmake_module: 0.10.0 (/opt/ros/humble/share/python_cmake_module/cmake)
-- Found PythonLibs: /usr/lib/aarch64-linux-gnu/libpython3.10.so (found suitable version "3.10.12", minimum required is "3.5") 
-- Using PYTHON_EXECUTABLE: /usr/bin/python3
-- Using PYTHON_INCLUDE_DIRS: /usr/include/python3.10
-- Using PYTHON_LIBRARIES: /usr/lib/aarch64-linux-gnu/libpython3.10.so
-- Found PythonExtra: .so  
-- Configuring done
-- Generating done
-- Build files have been written to: /home/pi/LeoRover-SLAM-ROS2/leo_common-ros2/build/leo_msgs
[  1%] [34m[1mGenerating C code for ROS interfaces[0m
[  3%] [32mBuilding C object CMakeFiles/leo_msgs__rosidl_generator_c.dir/rosidl_generator_c/leo_msgs/msg/detail/imu__functions.c.o[0m
[  4%] [32mBuilding C object CMakeFiles/leo_msgs__rosidl_generator_c.dir/rosidl_generator_c/leo_msgs/msg/detail/wheel_odom__functions.c.o[0m
[  6%] [32mBuilding C object CMakeFiles/leo_msgs__rosidl_generator_c.dir/rosidl_generator_c/leo_msgs/msg/detail/wheel_odom_mecanum__functions.c.o[0m
[  7%] [32mBuilding C object CMakeFiles/leo_msgs__rosidl_generator_c.dir/rosidl_generator_c/leo_msgs/msg/detail/wheel_states__functions.c.o[0m
[  9%] [32mBuilding C object CMakeFiles/leo_msgs__rosidl_generator_c.dir/rosidl_generator_c/leo_msgs/srv/detail/set_imu_calibration__functions.c.o[0m
[ 11%] [32m[1mLinking C shared library libleo_msgs__rosidl_generator_c.so[0m
[ 11%] Built target leo_msgs__rosidl_generator_c
[ 11%] Built target ament_cmake_python_copy_leo_msgs
[ 12%] [34m[1mGenerating C introspection for ROS interfaces[0m
[ 14%] [32mBuilding C object CMakeFiles/leo_msgs__rosidl_typesupport_introspection_c.dir/rosidl_typesupport_introspection_c/leo_msgs/msg/detail/imu__type_support.c.o[0m
[ 15%] [32mBuilding C object CMakeFiles/leo_msgs__rosidl_typesupport_introspection_c.dir/rosidl_typesupport_introspection_c/leo_msgs/msg/detail/wheel_odom__type_support.c.o[0m
[ 17%] [32mBuilding C object CMakeFiles/leo_msgs__rosidl_typesupport_introspection_c.dir/rosidl_typesupport_introspection_c/leo_msgs/msg/detail/wheel_odom_mecanum__type_support.c.o[0m
[ 19%] [32mBuilding C object CMakeFiles/leo_msgs__rosidl_typesupport_introspection_c.dir/rosidl_typesupport_introspection_c/leo_msgs/msg/detail/wheel_states__type_support.c.o[0m
[ 20%] [32mBuilding C object CMakeFiles/leo_msgs__rosidl_typesupport_introspection_c.dir/rosidl_typesupport_introspection_c/leo_msgs/srv/detail/set_imu_calibration__type_support.c.o[0m
[ 22%] [32m[1mLinking C shared library libleo_msgs__rosidl_typesupport_introspection_c.so[0m
[ 22%] Built target leo_msgs__rosidl_typesupport_introspection_c
[ 23%] [34m[1mGenerating C type support dispatch for ROS interfaces[0m
[ 25%] [32mBuilding CXX object CMakeFiles/leo_msgs__rosidl_typesupport_c.dir/rosidl_typesupport_c/leo_msgs/msg/imu__type_support.cpp.o[0m
[ 26%] [32mBuilding CXX object CMakeFiles/leo_msgs__rosidl_typesupport_c.dir/rosidl_typesupport_c/leo_msgs/msg/wheel_odom__type_support.cpp.o[0m
[ 28%] [32mBuilding CXX object CMakeFiles/leo_msgs__rosidl_typesupport_c.dir/rosidl_typesupport_c/leo_msgs/msg/wheel_odom_mecanum__type_support.cpp.o[0m
[ 30%] [32mBuilding CXX object CMakeFiles/leo_msgs__rosidl_typesupport_c.dir/rosidl_typesupport_c/leo_msgs/msg/wheel_states__type_support.cpp.o[0m
[ 31%] [32mBuilding CXX object CMakeFiles/leo_msgs__rosidl_typesupport_c.dir/rosidl_typesupport_c/leo_msgs/srv/set_imu_calibration__type_support.cpp.o[0m
[ 33%] [32m[1mLinking CXX shared library libleo_msgs__rosidl_typesupport_c.so[0m
[ 33%] Built target leo_msgs__rosidl_typesupport_c
running egg_info
creating leo_msgs.egg-info
writing leo_msgs.egg-info/PKG-INFO
writing dependency_links to leo_msgs.egg-info/dependency_links.txt
writing top-level names to leo_msgs.egg-info/top_level.txt
writing manifest file 'leo_msgs.egg-info/SOURCES.txt'
reading manifest file 'leo_msgs.egg-info/SOURCES.txt'
writing manifest file 'leo_msgs.egg-info/SOURCES.txt'
[ 33%] Built target ament_cmake_python_build_leo_msgs_egg
[ 34%] [34m[1mGenerating C type support for eProsima Fast-RTPS[0m
[ 36%] [32mBuilding CXX object CMakeFiles/leo_msgs__rosidl_typesupport_fastrtps_c.dir/rosidl_typesupport_fastrtps_c/leo_msgs/msg/detail/imu__type_support_c.cpp.o[0m
[ 38%] [32mBuilding CXX object CMakeFiles/leo_msgs__rosidl_typesupport_fastrtps_c.dir/rosidl_typesupport_fastrtps_c/leo_msgs/msg/detail/wheel_odom_mecanum__type_support_c.cpp.o[0m
[ 39%] [32mBuilding CXX object CMakeFiles/leo_msgs__rosidl_typesupport_fastrtps_c.dir/rosidl_typesupport_fastrtps_c/leo_msgs/msg/detail/wheel_states__type_support_c.cpp.o[0m
[ 41%] [32mBuilding CXX object CMakeFiles/leo_msgs__rosidl_typesupport_fastrtps_c.dir/rosidl_typesupport_fastrtps_c/leo_msgs/srv/detail/set_imu_calibration__type_support_c.cpp.o[0m
[ 42%] [32mBuilding CXX object CMakeFiles/leo_msgs__rosidl_typesupport_fastrtps_c.dir/rosidl_typesupport_fastrtps_c/leo_msgs/msg/detail/wheel_odom__type_support_c.cpp.o[0m
[ 44%] [32m[1mLinking CXX shared library libleo_msgs__rosidl_typesupport_fastrtps_c.so[0m
[ 44%] Built target leo_msgs__rosidl_typesupport_fastrtps_c
[ 46%] [34m[1mGenerating C++ code for ROS interfaces[0m
[ 46%] Built target leo_msgs__cpp
[ 47%] [34m[1mGenerating C++ type support for eProsima Fast-RTPS[0m
[ 49%] [32mBuilding CXX object CMakeFiles/leo_msgs__rosidl_typesupport_fastrtps_cpp.dir/rosidl_typesupport_fastrtps_cpp/leo_msgs/msg/detail/dds_fastrtps/imu__type_support.cpp.o[0m
[ 50%] [32mBuilding CXX object CMakeFiles/leo_msgs__rosidl_typesupport_fastrtps_cpp.dir/rosidl_typesupport_fastrtps_cpp/leo_msgs/msg/detail/dds_fastrtps/wheel_odom__type_support.cpp.o[0m
[ 52%] [32mBuilding CXX object CMakeFiles/leo_msgs__rosidl_typesupport_fastrtps_cpp.dir/rosidl_typesupport_fastrtps_cpp/leo_msgs/msg/detail/dds_fastrtps/wheel_odom_mecanum__type_support.cpp.o[0m
[ 53%] [32mBuilding CXX object CMakeFiles/leo_msgs__rosidl_typesupport_fastrtps_cpp.dir/rosidl_typesupport_fastrtps_cpp/leo_msgs/msg/detail/dds_fastrtps/wheel_states__type_support.cpp.o[0m
[ 55%] [32mBuilding CXX object CMakeFiles/leo_msgs__rosidl_typesupport_fastrtps_cpp.dir/rosidl_typesupport_fastrtps_cpp/leo_msgs/srv/detail/dds_fastrtps/set_imu_calibration__type_support.cpp.o[0m
[ 57%] [32m[1mLinking CXX shared library libleo_msgs__rosidl_typesupport_fastrtps_cpp.so[0m
[ 57%] Built target leo_msgs__rosidl_typesupport_fastrtps_cpp
[ 58%] [34m[1mGenerating C++ type support dispatch for ROS interfaces[0m
[ 60%] [32mBuilding CXX object CMakeFiles/leo_msgs__rosidl_typesupport_cpp.dir/rosidl_typesupport_cpp/leo_msgs/msg/imu__type_support.cpp.o[0m
[ 61%] [32mBuilding CXX object CMakeFiles/leo_msgs__rosidl_typesupport_cpp.dir/rosidl_typesupport_cpp/leo_msgs/msg/wheel_odom_mecanum__type_support.cpp.o[0m
[ 63%] [32mBuilding CXX object CMakeFiles/leo_msgs__rosidl_typesupport_cpp.dir/rosidl_typesupport_cpp/leo_msgs/msg/wheel_states__type_support.cpp.o[0m
[ 65%] [32mBuilding CXX object CMakeFiles/leo_msgs__rosidl_typesupport_cpp.dir/rosidl_typesupport_cpp/leo_msgs/srv/set_imu_calibration__type_support.cpp.o[0m
[ 66%] [32mBuilding CXX object CMakeFiles/leo_msgs__rosidl_typesupport_cpp.dir/rosidl_typesupport_cpp/leo_msgs/msg/wheel_odom__type_support.cpp.o[0m
[ 68%] [32m[1mLinking CXX shared library libleo_msgs__rosidl_typesupport_cpp.so[0m
[ 68%] Built target leo_msgs__rosidl_typesupport_cpp
[ 69%] [34m[1mGenerating C++ introspection for ROS interfaces[0m
[ 71%] [32mBuilding CXX object CMakeFiles/leo_msgs__rosidl_typesupport_introspection_cpp.dir/rosidl_typesupport_introspection_cpp/leo_msgs/msg/detail/imu__type_support.cpp.o[0m
[ 73%] [32mBuilding CXX object CMakeFiles/leo_msgs__rosidl_typesupport_introspection_cpp.dir/rosidl_typesupport_introspection_cpp/leo_msgs/msg/detail/wheel_states__type_support.cpp.o[0m
[ 74%] [32mBuilding CXX object CMakeFiles/leo_msgs__rosidl_typesupport_introspection_cpp.dir/rosidl_typesupport_introspection_cpp/leo_msgs/srv/detail/set_imu_calibration__type_support.cpp.o[0m
[ 76%] [32mBuilding CXX object CMakeFiles/leo_msgs__rosidl_typesupport_introspection_cpp.dir/rosidl_typesupport_introspection_cpp/leo_msgs/msg/detail/wheel_odom_mecanum__type_support.cpp.o[0m
[ 77%] [32mBuilding CXX object CMakeFiles/leo_msgs__rosidl_typesupport_introspection_cpp.dir/rosidl_typesupport_introspection_cpp/leo_msgs/msg/detail/wheel_odom__type_support.cpp.o[0m
[ 79%] [32m[1mLinking CXX shared library libleo_msgs__rosidl_typesupport_introspection_cpp.so[0m
[ 79%] Built target leo_msgs__rosidl_typesupport_introspection_cpp
[ 79%] Built target leo_msgs
[ 80%] [34m[1mGenerating Python code for ROS interfaces[0m
[ 80%] Built target leo_msgs__py
[ 82%] [32mBuilding C object CMakeFiles/leo_msgs__rosidl_generator_py.dir/rosidl_generator_py/leo_msgs/msg/_imu_s.c.o[0m
[ 84%] [32mBuilding C object CMakeFiles/leo_msgs__rosidl_generator_py.dir/rosidl_generator_py/leo_msgs/msg/_wheel_states_s.c.o[0m
[ 85%] [32mBuilding C object CMakeFiles/leo_msgs__rosidl_generator_py.dir/rosidl_generator_py/leo_msgs/srv/_set_imu_calibration_s.c.o[0m
[ 87%] [32mBuilding C object CMakeFiles/leo_msgs__rosidl_generator_py.dir/rosidl_generator_py/leo_msgs/msg/_wheel_odom_mecanum_s.c.o[0m
[ 88%] [32mBuilding C object CMakeFiles/leo_msgs__rosidl_generator_py.dir/rosidl_generator_py/leo_msgs/msg/_wheel_odom_s.c.o[0m
[ 90%] [32m[1mLinking C shared library rosidl_generator_py/leo_msgs/libleo_msgs__rosidl_generator_py.so[0m
[ 90%] Built target leo_msgs__rosidl_generator_py
[ 92%] [32mBuilding C object CMakeFiles/leo_msgs__rosidl_typesupport_fastrtps_c__pyext.dir/rosidl_generator_py/leo_msgs/_leo_msgs_s.ep.rosidl_typesupport_fastrtps_c.c.o[0m
[ 93%] [32m[1mLinking C shared library rosidl_generator_py/leo_msgs/leo_msgs_s__rosidl_typesupport_fastrtps_c.cpython-310-aarch64-linux-gnu.so[0m
[ 93%] Built target leo_msgs__rosidl_typesupport_fastrtps_c__pyext
[ 95%] [32mBuilding C object CMakeFiles/leo_msgs__rosidl_typesupport_c__pyext.dir/rosidl_generator_py/leo_msgs/_leo_msgs_s.ep.rosidl_typesupport_c.c.o[0m
[ 96%] [32m[1mLinking C shared library rosidl_generator_py/leo_msgs/leo_msgs_s__rosidl_typesupport_c.cpython-310-aarch64-linux-gnu.so[0m
[ 96%] Built target leo_msgs__rosidl_typesupport_c__pyext
[ 98%] [32mBuilding C object CMakeFiles/leo_msgs__rosidl_typesupport_introspection_c__pyext.dir/rosidl_generator_py/leo_msgs/_leo_msgs_s.ep.rosidl_typesupport_introspection_c.c.o[0m
[100%] [32m[1mLinking C shared library rosidl_generator_py/leo_msgs/leo_msgs_s__rosidl_typesupport_introspection_c.cpython-310-aarch64-linux-gnu.so[0m
[100%] Built target leo_msgs__rosidl_typesupport_introspection_c__pyext
-- Install configuration: ""
-- Installing: /home/pi/LeoRover-SLAM-ROS2/leo_common-ros2/install/leo_msgs/share/ament_index/resource_index/rosidl_interfaces/leo_msgs
-- Installing: /home/pi/LeoRover-SLAM-ROS2/leo_common-ros2/install/leo_msgs/include/leo_msgs/leo_msgs
-- Installing: /home/pi/LeoRover-SLAM-ROS2/leo_common-ros2/install/leo_msgs/include/leo_msgs/leo_msgs/msg
-- Installing: /home/pi/LeoRover-SLAM-ROS2/leo_common-ros2/install/leo_msgs/include/leo_msgs/leo_msgs/msg/imu.h
-- Installing: /home/pi/LeoRover-SLAM-ROS2/leo_common-ros2/install/leo_msgs/include/leo_msgs/leo_msgs/msg/detail
-- Installing: /home/pi/LeoRover-SLAM-ROS2/leo_common-ros2/install/leo_msgs/include/leo_msgs/leo_msgs/msg/detail/wheel_states__type_support.h
-- Installing: /home/pi/LeoRover-SLAM-ROS2/leo_common-ros2/install/leo_msgs/include/leo_msgs/leo_msgs/msg/detail/wheel_states__functions.c
-- Installing: /home/pi/LeoRover-SLAM-ROS2/leo_common-ros2/install/leo_msgs/include/leo_msgs/leo_msgs/msg/detail/wheel_states__functions.h
-- Installing: /home/pi/LeoRover-SLAM-ROS2/leo_common-ros2/install/leo_msgs/include/leo_msgs/leo_msgs/msg/detail/wheel_odom__functions.c
-- Installing: /home/pi/LeoRover-SLAM-ROS2/leo_common-ros2/install/leo_msgs/include/leo_msgs/leo_msgs/msg/detail/wheel_odom_mecanum__struct.h
-- Installing: /home/pi/LeoRover-SLAM-ROS2/leo_common-ros2/install/leo_msgs/include/leo_msgs/leo_msgs/msg/detail/wheel_odom__struct.h
-- Installing: /home/pi/LeoRover-SLAM-ROS2/leo_common-ros2/install/leo_msgs/include/leo_msgs/leo_msgs/msg/detail/wheel_odom__functions.h
-- Installing: /home/pi/LeoRover-SLAM-ROS2/leo_common-ros2/install/leo_msgs/include/leo_msgs/leo_msgs/msg/detail/imu__functions.c
-- Installing: /home/pi/LeoRover-SLAM-ROS2/leo_common-ros2/install/leo_msgs/include/leo_msgs/leo_msgs/msg/detail/imu__type_support.h
-- Installing: /home/pi/LeoRover-SLAM-ROS2/leo_common-ros2/install/leo_msgs/include/leo_msgs/leo_msgs/msg/detail/wheel_odom__type_support.h
-- Installing: /home/pi/LeoRover-SLAM-ROS2/leo_common-ros2/install/leo_msgs/include/leo_msgs/leo_msgs/msg/detail/wheel_odom_mecanum__functions.c
-- Installing: /home/pi/LeoRover-SLAM-ROS2/leo_common-ros2/install/leo_msgs/include/leo_msgs/leo_msgs/msg/detail/imu__struct.h
-- Installing: /home/pi/LeoRover-SLAM-ROS2/leo_common-ros2/install/leo_msgs/include/leo_msgs/leo_msgs/msg/detail/wheel_odom_mecanum__type_support.h
-- Installing: /home/pi/LeoRover-SLAM-ROS2/leo_common-ros2/install/leo_msgs/include/leo_msgs/leo_msgs/msg/detail/imu__functions.h
-- Installing: /home/pi/LeoRover-SLAM-ROS2/leo_common-ros2/install/leo_msgs/include/leo_msgs/leo_msgs/msg/detail/wheel_odom_mecanum__functions.h
-- Installing: /home/pi/LeoRover-SLAM-ROS2/leo_common-ros2/install/leo_msgs/include/leo_msgs/leo_msgs/msg/detail/wheel_states__struct.h
-- Installing: /home/pi/LeoRover-SLAM-ROS2/leo_common-ros2/install/leo_msgs/include/leo_msgs/leo_msgs/msg/wheel_odom.h
-- Installing: /home/pi/LeoRover-SLAM-ROS2/leo_common-ros2/install/leo_msgs/include/leo_msgs/leo_msgs/msg/wheel_states.h
-- Installing: /home/pi/LeoRover-SLAM-ROS2/leo_common-ros2/install/leo_msgs/include/leo_msgs/leo_msgs/msg/rosidl_generator_c__visibility_control.h
-- Installing: /home/pi/LeoRover-SLAM-ROS2/leo_common-ros2/install/leo_msgs/include/leo_msgs/leo_msgs/msg/wheel_odom_mecanum.h
-- Installing: /home/pi/LeoRover-SLAM-ROS2/leo_common-ros2/install/leo_msgs/include/leo_msgs/leo_msgs/srv
-- Installing: /home/pi/LeoRover-SLAM-ROS2/leo_common-ros2/install/leo_msgs/include/leo_msgs/leo_msgs/srv/detail
-- Installing: /home/pi/LeoRover-SLAM-ROS2/leo_common-ros2/install/leo_msgs/include/leo_msgs/leo_msgs/srv/detail/set_imu_calibration__functions.c
-- Installing: /home/pi/LeoRover-SLAM-ROS2/leo_common-ros2/install/leo_msgs/include/leo_msgs/leo_msgs/srv/detail/set_imu_calibration__struct.h
-- Installing: /home/pi/LeoRover-SLAM-ROS2/leo_common-ros2/install/leo_msgs/include/leo_msgs/leo_msgs/srv/detail/set_imu_calibration__functions.h
-- Installing: /home/pi/LeoRover-SLAM-ROS2/leo_common-ros2/install/leo_msgs/include/leo_msgs/leo_msgs/srv/detail/set_imu_calibration__type_support.h
-- Installing: /home/pi/LeoRover-SLAM-ROS2/leo_common-ros2/install/leo_msgs/include/leo_msgs/leo_msgs/srv/set_imu_calibration.h
-- Installing: /home/pi/LeoRover-SLAM-ROS2/leo_common-ros2/install/leo_msgs/share/leo_msgs/environment/library_path.sh
-- Installing: /home/pi/LeoRover-SLAM-ROS2/leo_common-ros2/install/leo_msgs/share/leo_msgs/environment/library_path.dsv
-- Installing: /home/pi/LeoRover-SLAM-ROS2/leo_common-ros2/install/leo_msgs/lib/libleo_msgs__rosidl_generator_c.so
-- Set runtime path of "/home/pi/LeoRover-SLAM-ROS2/leo_common-ros2/install/leo_msgs/lib/libleo_msgs__rosidl_generator_c.so" to ""
-- Up-to-date: /home/pi/LeoRover-SLAM-ROS2/leo_common-ros2/install/leo_msgs/include/leo_msgs/leo_msgs
-- Up-to-date: /home/pi/LeoRover-SLAM-ROS2/leo_common-ros2/install/leo_msgs/include/leo_msgs/leo_msgs/msg
-- Up-to-date: /home/pi/LeoRover-SLAM-ROS2/leo_common-ros2/install/leo_msgs/include/leo_msgs/leo_msgs/msg/detail
-- Installing: /home/pi/LeoRover-SLAM-ROS2/leo_common-ros2/install/leo_msgs/include/leo_msgs/leo_msgs/msg/detail/wheel_odom__rosidl_typesupport_fastrtps_c.h
-- Installing: /home/pi/LeoRover-SLAM-ROS2/leo_common-ros2/install/leo_msgs/include/leo_msgs/leo_msgs/msg/detail/wheel_odom_mecanum__rosidl_typesupport_fastrtps_c.h
-- Installing: /home/pi/LeoRover-SLAM-ROS2/leo_common-ros2/install/leo_msgs/include/leo_msgs/leo_msgs/msg/detail/wheel_states__rosidl_typesupport_fastrtps_c.h
-- Installing: /home/pi/LeoRover-SLAM-ROS2/leo_common-ros2/install/leo_msgs/include/leo_msgs/leo_msgs/msg/detail/imu__rosidl_typesupport_fastrtps_c.h
-- Installing: /home/pi/LeoRover-SLAM-ROS2/leo_common-ros2/install/leo_msgs/include/leo_msgs/leo_msgs/msg/rosidl_typesupport_fastrtps_c__visibility_control.h
-- Up-to-date: /home/pi/LeoRover-SLAM-ROS2/leo_common-ros2/install/leo_msgs/include/leo_msgs/leo_msgs/srv
-- Up-to-date: /home/pi/LeoRover-SLAM-ROS2/leo_common-ros2/install/leo_msgs/include/leo_msgs/leo_msgs/srv/detail
-- Installing: /home/pi/LeoRover-SLAM-ROS2/leo_common-ros2/install/leo_msgs/include/leo_msgs/leo_msgs/srv/detail/set_imu_calibration__rosidl_typesupport_fastrtps_c.h
-- Installing: /home/pi/LeoRover-SLAM-ROS2/leo_common-ros2/install/leo_msgs/lib/libleo_msgs__rosidl_typesupport_fastrtps_c.so
-- Set runtime path of "/home/pi/LeoRover-SLAM-ROS2/leo_common-ros2/install/leo_msgs/lib/libleo_msgs__rosidl_typesupport_fastrtps_c.so" to ""
-- Up-to-date: /home/pi/LeoRover-SLAM-ROS2/leo_common-ros2/install/leo_msgs/include/leo_msgs/leo_msgs
-- Up-to-date: /home/pi/LeoRover-SLAM-ROS2/leo_common-ros2/install/leo_msgs/include/leo_msgs/leo_msgs/msg
-- Up-to-date: /home/pi/LeoRover-SLAM-ROS2/leo_common-ros2/install/leo_msgs/include/leo_msgs/leo_msgs/msg/detail
-- Installing: /home/pi/LeoRover-SLAM-ROS2/leo_common-ros2/install/leo_msgs/include/leo_msgs/leo_msgs/msg/detail/wheel_states__rosidl_typesupport_introspection_c.h
-- Installing: /home/pi/LeoRover-SLAM-ROS2/leo_common-ros2/install/leo_msgs/include/leo_msgs/leo_msgs/msg/detail/imu__type_support.c
-- Installing: /home/pi/LeoRover-SLAM-ROS2/leo_common-ros2/install/leo_msgs/include/leo_msgs/leo_msgs/msg/detail/wheel_odom__type_support.c
-- Installing: /home/pi/LeoRover-SLAM-ROS2/leo_common-ros2/install/leo_msgs/include/leo_msgs/leo_msgs/msg/detail/wheel_odom_mecanum__rosidl_typesupport_introspection_c.h
-- Installing: /home/pi/LeoRover-SLAM-ROS2/leo_common-ros2/install/leo_msgs/include/leo_msgs/leo_msgs/msg/detail/wheel_odom_mecanum__type_support.c
-- Installing: /home/pi/LeoRover-SLAM-ROS2/leo_common-ros2/install/leo_msgs/include/leo_msgs/leo_msgs/msg/detail/wheel_odom__rosidl_typesupport_introspection_c.h
-- Installing: /home/pi/LeoRover-SLAM-ROS2/leo_common-ros2/install/leo_msgs/include/leo_msgs/leo_msgs/msg/detail/imu__rosidl_typesupport_introspection_c.h
-- Installing: /home/pi/LeoRover-SLAM-ROS2/leo_common-ros2/install/leo_msgs/include/leo_msgs/leo_msgs/msg/detail/wheel_states__type_support.c
-- Installing: /home/pi/LeoRover-SLAM-ROS2/leo_common-ros2/install/leo_msgs/include/leo_msgs/leo_msgs/msg/rosidl_typesupport_introspection_c__visibility_control.h
-- Up-to-date: /home/pi/LeoRover-SLAM-ROS2/leo_common-ros2/install/leo_msgs/include/leo_msgs/leo_msgs/srv
-- Up-to-date: /home/pi/LeoRover-SLAM-ROS2/leo_common-ros2/install/leo_msgs/include/leo_msgs/leo_msgs/srv/detail
-- Installing: /home/pi/LeoRover-SLAM-ROS2/leo_common-ros2/install/leo_msgs/include/leo_msgs/leo_msgs/srv/detail/set_imu_calibration__rosidl_typesupport_introspection_c.h
-- Installing: /home/pi/LeoRover-SLAM-ROS2/leo_common-ros2/install/leo_msgs/include/leo_msgs/leo_msgs/srv/detail/set_imu_calibration__type_support.c
-- Installing: /home/pi/LeoRover-SLAM-ROS2/leo_common-ros2/install/leo_msgs/lib/libleo_msgs__rosidl_typesupport_introspection_c.so
-- Set runtime path of "/home/pi/LeoRover-SLAM-ROS2/leo_common-ros2/install/leo_msgs/lib/libleo_msgs__rosidl_typesupport_introspection_c.so" to ""
-- Installing: /home/pi/LeoRover-SLAM-ROS2/leo_common-ros2/install/leo_msgs/lib/libleo_msgs__rosidl_typesupport_c.so
-- Set runtime path of "/home/pi/LeoRover-SLAM-ROS2/leo_common-ros2/install/leo_msgs/lib/libleo_msgs__rosidl_typesupport_c.so" to ""
-- Up-to-date: /home/pi/LeoRover-SLAM-ROS2/leo_common-ros2/install/leo_msgs/include/leo_msgs/leo_msgs
-- Up-to-date: /home/pi/LeoRover-SLAM-ROS2/leo_common-ros2/install/leo_msgs/include/leo_msgs/leo_msgs/msg
-- Installing: /home/pi/LeoRover-SLAM-ROS2/leo_common-ros2/install/leo_msgs/include/leo_msgs/leo_msgs/msg/wheel_odom_mecanum.hpp
-- Up-to-date: /home/pi/LeoRover-SLAM-ROS2/leo_common-ros2/install/leo_msgs/include/leo_msgs/leo_msgs/msg/detail
-- Installing: /home/pi/LeoRover-SLAM-ROS2/leo_common-ros2/install/leo_msgs/include/leo_msgs/leo_msgs/msg/detail/wheel_odom_mecanum__builder.hpp
-- Installing: /home/pi/LeoRover-SLAM-ROS2/leo_common-ros2/install/leo_msgs/include/leo_msgs/leo_msgs/msg/detail/wheel_odom_mecanum__traits.hpp
-- Installing: /home/pi/LeoRover-SLAM-ROS2/leo_common-ros2/install/leo_msgs/include/leo_msgs/leo_msgs/msg/detail/wheel_odom__builder.hpp
-- Installing: /home/pi/LeoRover-SLAM-ROS2/leo_common-ros2/install/leo_msgs/include/leo_msgs/leo_msgs/msg/detail/wheel_odom_mecanum__struct.hpp
-- Installing: /home/pi/LeoRover-SLAM-ROS2/leo_common-ros2/install/leo_msgs/include/leo_msgs/leo_msgs/msg/detail/wheel_odom__struct.hpp
-- Installing: /home/pi/LeoRover-SLAM-ROS2/leo_common-ros2/install/leo_msgs/include/leo_msgs/leo_msgs/msg/detail/imu__struct.hpp
-- Installing: /home/pi/LeoRover-SLAM-ROS2/leo_common-ros2/install/leo_msgs/include/leo_msgs/leo_msgs/msg/detail/wheel_odom__traits.hpp
-- Installing: /home/pi/LeoRover-SLAM-ROS2/leo_common-ros2/install/leo_msgs/include/leo_msgs/leo_msgs/msg/detail/imu__builder.hpp
-- Installing: /home/pi/LeoRover-SLAM-ROS2/leo_common-ros2/install/leo_msgs/include/leo_msgs/leo_msgs/msg/detail/wheel_states__traits.hpp
-- Installing: /home/pi/LeoRover-SLAM-ROS2/leo_common-ros2/install/leo_msgs/include/leo_msgs/leo_msgs/msg/detail/wheel_states__builder.hpp
-- Installing: /home/pi/LeoRover-SLAM-ROS2/leo_common-ros2/install/leo_msgs/include/leo_msgs/leo_msgs/msg/detail/wheel_states__struct.hpp
-- Installing: /home/pi/LeoRover-SLAM-ROS2/leo_common-ros2/install/leo_msgs/include/leo_msgs/leo_msgs/msg/detail/imu__traits.hpp
-- Installing: /home/pi/LeoRover-SLAM-ROS2/leo_common-ros2/install/leo_msgs/include/leo_msgs/leo_msgs/msg/wheel_states.hpp
-- Installing: /home/pi/LeoRover-SLAM-ROS2/leo_common-ros2/install/leo_msgs/include/leo_msgs/leo_msgs/msg/wheel_odom.hpp
-- Installing: /home/pi/LeoRover-SLAM-ROS2/leo_common-ros2/install/leo_msgs/include/leo_msgs/leo_msgs/msg/imu.hpp
-- Up-to-date: /home/pi/LeoRover-SLAM-ROS2/leo_common-ros2/install/leo_msgs/include/leo_msgs/leo_msgs/srv
-- Up-to-date: /home/pi/LeoRover-SLAM-ROS2/leo_common-ros2/install/leo_msgs/include/leo_msgs/leo_msgs/srv/detail
-- Installing: /home/pi/LeoRover-SLAM-ROS2/leo_common-ros2/install/leo_msgs/include/leo_msgs/leo_msgs/srv/detail/set_imu_calibration__builder.hpp
-- Installing: /home/pi/LeoRover-SLAM-ROS2/leo_common-ros2/install/leo_msgs/include/leo_msgs/leo_msgs/srv/detail/set_imu_calibration__traits.hpp
-- Installing: /home/pi/LeoRover-SLAM-ROS2/leo_common-ros2/install/leo_msgs/include/leo_msgs/leo_msgs/srv/detail/set_imu_calibration__struct.hpp
-- Installing: /home/pi/LeoRover-SLAM-ROS2/leo_common-ros2/install/leo_msgs/include/leo_msgs/leo_msgs/srv/set_imu_calibration.hpp
-- Up-to-date: /home/pi/LeoRover-SLAM-ROS2/leo_common-ros2/install/leo_msgs/include/leo_msgs/leo_msgs
-- Up-to-date: /home/pi/LeoRover-SLAM-ROS2/leo_common-ros2/install/leo_msgs/include/leo_msgs/leo_msgs/msg
-- Up-to-date: /home/pi/LeoRover-SLAM-ROS2/leo_common-ros2/install/leo_msgs/include/leo_msgs/leo_msgs/msg/detail
-- Installing: /home/pi/LeoRover-SLAM-ROS2/leo_common-ros2/install/leo_msgs/include/leo_msgs/leo_msgs/msg/detail/wheel_odom_mecanum__rosidl_typesupport_fastrtps_cpp.hpp
-- Installing: /home/pi/LeoRover-SLAM-ROS2/leo_common-ros2/install/leo_msgs/include/leo_msgs/leo_msgs/msg/detail/dds_fastrtps
-- Installing: /home/pi/LeoRover-SLAM-ROS2/leo_common-ros2/install/leo_msgs/include/leo_msgs/leo_msgs/msg/detail/wheel_states__rosidl_typesupport_fastrtps_cpp.hpp
-- Installing: /home/pi/LeoRover-SLAM-ROS2/leo_common-ros2/install/leo_msgs/include/leo_msgs/leo_msgs/msg/detail/wheel_odom__rosidl_typesupport_fastrtps_cpp.hpp
-- Installing: /home/pi/LeoRover-SLAM-ROS2/leo_common-ros2/install/leo_msgs/include/leo_msgs/leo_msgs/msg/detail/imu__rosidl_typesupport_fastrtps_cpp.hpp
-- Installing: /home/pi/LeoRover-SLAM-ROS2/leo_common-ros2/install/leo_msgs/include/leo_msgs/leo_msgs/msg/rosidl_typesupport_fastrtps_cpp__visibility_control.h
-- Up-to-date: /home/pi/LeoRover-SLAM-ROS2/leo_common-ros2/install/leo_msgs/include/leo_msgs/leo_msgs/srv
-- Up-to-date: /home/pi/LeoRover-SLAM-ROS2/leo_common-ros2/install/leo_msgs/include/leo_msgs/leo_msgs/srv/detail
-- Installing: /home/pi/LeoRover-SLAM-ROS2/leo_common-ros2/install/leo_msgs/include/leo_msgs/leo_msgs/srv/detail/set_imu_calibration__rosidl_typesupport_fastrtps_cpp.hpp
-- Installing: /home/pi/LeoRover-SLAM-ROS2/leo_common-ros2/install/leo_msgs/include/leo_msgs/leo_msgs/srv/detail/dds_fastrtps
-- Installing: /home/pi/LeoRover-SLAM-ROS2/leo_common-ros2/install/leo_msgs/lib/libleo_msgs__rosidl_typesupport_fastrtps_cpp.so
-- Set runtime path of "/home/pi/LeoRover-SLAM-ROS2/leo_common-ros2/install/leo_msgs/lib/libleo_msgs__rosidl_typesupport_fastrtps_cpp.so" to ""
-- Up-to-date: /home/pi/LeoRover-SLAM-ROS2/leo_common-ros2/install/leo_msgs/include/leo_msgs/leo_msgs
-- Up-to-date: /home/pi/LeoRover-SLAM-ROS2/leo_common-ros2/install/leo_msgs/include/leo_msgs/leo_msgs/msg
-- Up-to-date: /home/pi/LeoRover-SLAM-ROS2/leo_common-ros2/install/leo_msgs/include/leo_msgs/leo_msgs/msg/detail
-- Installing: /home/pi/LeoRover-SLAM-ROS2/leo_common-ros2/install/leo_msgs/include/leo_msgs/leo_msgs/msg/detail/wheel_odom__type_support.cpp
-- Installing: /home/pi/LeoRover-SLAM-ROS2/leo_common-ros2/install/leo_msgs/include/leo_msgs/leo_msgs/msg/detail/wheel_odom_mecanum__rosidl_typesupport_introspection_cpp.hpp
-- Installing: /home/pi/LeoRover-SLAM-ROS2/leo_common-ros2/install/leo_msgs/include/leo_msgs/leo_msgs/msg/detail/wheel_odom__rosidl_typesupport_introspection_cpp.hpp
-- Installing: /home/pi/LeoRover-SLAM-ROS2/leo_common-ros2/install/leo_msgs/include/leo_msgs/leo_msgs/msg/detail/wheel_states__type_support.cpp
-- Installing: /home/pi/LeoRover-SLAM-ROS2/leo_common-ros2/install/leo_msgs/include/leo_msgs/leo_msgs/msg/detail/wheel_odom_mecanum__type_support.cpp
-- Installing: /home/pi/LeoRover-SLAM-ROS2/leo_common-ros2/install/leo_msgs/include/leo_msgs/leo_msgs/msg/detail/wheel_states__rosidl_typesupport_introspection_cpp.hpp
-- Installing: /home/pi/LeoRover-SLAM-ROS2/leo_common-ros2/install/leo_msgs/include/leo_msgs/leo_msgs/msg/detail/imu__rosidl_typesupport_introspection_cpp.hpp
-- Installing: /home/pi/LeoRover-SLAM-ROS2/leo_common-ros2/install/leo_msgs/include/leo_msgs/leo_msgs/msg/detail/imu__type_support.cpp
-- Up-to-date: /home/pi/LeoRover-SLAM-ROS2/leo_common-ros2/install/leo_msgs/include/leo_msgs/leo_msgs/srv
-- Up-to-date: /home/pi/LeoRover-SLAM-ROS2/leo_common-ros2/install/leo_msgs/include/leo_msgs/leo_msgs/srv/detail
-- Installing: /home/pi/LeoRover-SLAM-ROS2/leo_common-ros2/install/leo_msgs/include/leo_msgs/leo_msgs/srv/detail/set_imu_calibration__type_support.cpp
-- Installing: /home/pi/LeoRover-SLAM-ROS2/leo_common-ros2/install/leo_msgs/include/leo_msgs/leo_msgs/srv/detail/set_imu_calibration__rosidl_typesupport_introspection_cpp.hpp
-- Installing: /home/pi/LeoRover-SLAM-ROS2/leo_common-ros2/install/leo_msgs/lib/libleo_msgs__rosidl_typesupport_introspection_cpp.so
-- Set runtime path of "/home/pi/LeoRover-SLAM-ROS2/leo_common-ros2/install/leo_msgs/lib/libleo_msgs__rosidl_typesupport_introspection_cpp.so" to ""
-- Installing: /home/pi/LeoRover-SLAM-ROS2/leo_common-ros2/install/leo_msgs/lib/libleo_msgs__rosidl_typesupport_cpp.so
-- Set runtime path of "/home/pi/LeoRover-SLAM-ROS2/leo_common-ros2/install/leo_msgs/lib/libleo_msgs__rosidl_typesupport_cpp.so" to ""
-- Installing: /home/pi/LeoRover-SLAM-ROS2/leo_common-ros2/install/leo_msgs/share/leo_msgs/environment/pythonpath.sh
-- Installing: /home/pi/LeoRover-SLAM-ROS2/leo_common-ros2/install/leo_msgs/share/leo_msgs/environment/pythonpath.dsv
-- Installing: /home/pi/LeoRover-SLAM-ROS2/leo_common-ros2/install/leo_msgs/local/lib/python3.10/dist-packages/leo_msgs-1.1.0-py3.10.egg-info
-- Installing: /home/pi/LeoRover-SLAM-ROS2/leo_common-ros2/install/leo_msgs/local/lib/python3.10/dist-packages/leo_msgs-1.1.0-py3.10.egg-info/dependency_links.txt
-- Installing: /home/pi/LeoRover-SLAM-ROS2/leo_common-ros2/install/leo_msgs/local/lib/python3.10/dist-packages/leo_msgs-1.1.0-py3.10.egg-info/SOURCES.txt
-- Installing: /home/pi/LeoRover-SLAM-ROS2/leo_common-ros2/install/leo_msgs/local/lib/python3.10/dist-packages/leo_msgs-1.1.0-py3.10.egg-info/top_level.txt
-- Installing: /home/pi/LeoRover-SLAM-ROS2/leo_common-ros2/install/leo_msgs/local/lib/python3.10/dist-packages/leo_msgs-1.1.0-py3.10.egg-info/PKG-INFO
-- Installing: /home/pi/LeoRover-SLAM-ROS2/leo_common-ros2/install/leo_msgs/local/lib/python3.10/dist-packages/leo_msgs
-- Installing: /home/pi/LeoRover-SLAM-ROS2/leo_common-ros2/install/leo_msgs/local/lib/python3.10/dist-packages/leo_msgs/_leo_msgs_s.ep.rosidl_typesupport_fastrtps_c.c
-- Installing: /home/pi/LeoRover-SLAM-ROS2/leo_common-ros2/install/leo_msgs/local/lib/python3.10/dist-packages/leo_msgs/msg
-- Installing: /home/pi/LeoRover-SLAM-ROS2/leo_common-ros2/install/leo_msgs/local/lib/python3.10/dist-packages/leo_msgs/msg/_wheel_states_s.c
-- Installing: /home/pi/LeoRover-SLAM-ROS2/leo_common-ros2/install/leo_msgs/local/lib/python3.10/dist-packages/leo_msgs/msg/_wheel_odom_s.c
-- Installing: /home/pi/LeoRover-SLAM-ROS2/leo_common-ros2/install/leo_msgs/local/lib/python3.10/dist-packages/leo_msgs/msg/_imu_s.c
-- Installing: /home/pi/LeoRover-SLAM-ROS2/leo_common-ros2/install/leo_msgs/local/lib/python3.10/dist-packages/leo_msgs/msg/_wheel_odom_mecanum_s.c
-- Installing: /home/pi/LeoRover-SLAM-ROS2/leo_common-ros2/install/leo_msgs/local/lib/python3.10/dist-packages/leo_msgs/msg/_imu.py
-- Installing: /home/pi/LeoRover-SLAM-ROS2/leo_common-ros2/install/leo_msgs/local/lib/python3.10/dist-packages/leo_msgs/msg/_wheel_states.py
-- Installing: /home/pi/LeoRover-SLAM-ROS2/leo_common-ros2/install/leo_msgs/local/lib/python3.10/dist-packages/leo_msgs/msg/_wheel_odom_mecanum.py
-- Installing: /home/pi/LeoRover-SLAM-ROS2/leo_common-ros2/install/leo_msgs/local/lib/python3.10/dist-packages/leo_msgs/msg/__init__.py
-- Installing: /home/pi/LeoRover-SLAM-ROS2/leo_common-ros2/install/leo_msgs/local/lib/python3.10/dist-packages/leo_msgs/msg/_wheel_odom.py
-- Installing: /home/pi/LeoRover-SLAM-ROS2/leo_common-ros2/install/leo_msgs/local/lib/python3.10/dist-packages/leo_msgs/_leo_msgs_s.ep.rosidl_typesupport_introspection_c.c
-- Installing: /home/pi/LeoRover-SLAM-ROS2/leo_common-ros2/install/leo_msgs/local/lib/python3.10/dist-packages/leo_msgs/leo_msgs_s__rosidl_typesupport_c.cpython-310-aarch64-linux-gnu.so
-- Installing: /home/pi/LeoRover-SLAM-ROS2/leo_common-ros2/install/leo_msgs/local/lib/python3.10/dist-packages/leo_msgs/__init__.py
-- Installing: /home/pi/LeoRover-SLAM-ROS2/leo_common-ros2/install/leo_msgs/local/lib/python3.10/dist-packages/leo_msgs/leo_msgs_s__rosidl_typesupport_introspection_c.cpython-310-aarch64-linux-gnu.so
-- Installing: /home/pi/LeoRover-SLAM-ROS2/leo_common-ros2/install/leo_msgs/local/lib/python3.10/dist-packages/leo_msgs/leo_msgs_s__rosidl_typesupport_fastrtps_c.cpython-310-aarch64-linux-gnu.so
-- Installing: /home/pi/LeoRover-SLAM-ROS2/leo_common-ros2/install/leo_msgs/local/lib/python3.10/dist-packages/leo_msgs/srv
-- Installing: /home/pi/LeoRover-SLAM-ROS2/leo_common-ros2/install/leo_msgs/local/lib/python3.10/dist-packages/leo_msgs/srv/_set_imu_calibration.py
-- Installing: /home/pi/LeoRover-SLAM-ROS2/leo_common-ros2/install/leo_msgs/local/lib/python3.10/dist-packages/leo_msgs/srv/_set_imu_calibration_s.c
-- Installing: /home/pi/LeoRover-SLAM-ROS2/leo_common-ros2/install/leo_msgs/local/lib/python3.10/dist-packages/leo_msgs/srv/__init__.py
-- Installing: /home/pi/LeoRover-SLAM-ROS2/leo_common-ros2/install/leo_msgs/local/lib/python3.10/dist-packages/leo_msgs/libleo_msgs__rosidl_generator_py.so
-- Installing: /home/pi/LeoRover-SLAM-ROS2/leo_common-ros2/install/leo_msgs/local/lib/python3.10/dist-packages/leo_msgs/_leo_msgs_s.ep.rosidl_typesupport_c.c
Listing '/home/pi/LeoRover-SLAM-ROS2/leo_common-ros2/install/leo_msgs/local/lib/python3.10/dist-packages/leo_msgs'...
Compiling '/home/pi/LeoRover-SLAM-ROS2/leo_common-ros2/install/leo_msgs/local/lib/python3.10/dist-packages/leo_msgs/__init__.py'...
Listing '/home/pi/LeoRover-SLAM-ROS2/leo_common-ros2/install/leo_msgs/local/lib/python3.10/dist-packages/leo_msgs/msg'...
Compiling '/home/pi/LeoRover-SLAM-ROS2/leo_common-ros2/install/leo_msgs/local/lib/python3.10/dist-packages/leo_msgs/msg/__init__.py'...
Compiling '/home/pi/LeoRover-SLAM-ROS2/leo_common-ros2/install/leo_msgs/local/lib/python3.10/dist-packages/leo_msgs/msg/_imu.py'...
Compiling '/home/pi/LeoRover-SLAM-ROS2/leo_common-ros2/install/leo_msgs/local/lib/python3.10/dist-packages/leo_msgs/msg/_wheel_odom.py'...
Compiling '/home/pi/LeoRover-SLAM-ROS2/leo_common-ros2/install/leo_msgs/local/lib/python3.10/dist-packages/leo_msgs/msg/_wheel_odom_mecanum.py'...
Compiling '/home/pi/LeoRover-SLAM-ROS2/leo_common-ros2/install/leo_msgs/local/lib/python3.10/dist-packages/leo_msgs/msg/_wheel_states.py'...
Listing '/home/pi/LeoRover-SLAM-ROS2/leo_common-ros2/install/leo_msgs/local/lib/python3.10/dist-packages/leo_msgs/srv'...
Compiling '/home/pi/LeoRover-SLAM-ROS2/leo_common-ros2/install/leo_msgs/local/lib/python3.10/dist-packages/leo_msgs/srv/__init__.py'...
Compiling '/home/pi/LeoRover-SLAM-ROS2/leo_common-ros2/install/leo_msgs/local/lib/python3.10/dist-packages/leo_msgs/srv/_set_imu_calibration.py'...
-- Installing: /home/pi/LeoRover-SLAM-ROS2/leo_common-ros2/install/leo_msgs/local/lib/python3.10/dist-packages/leo_msgs/leo_msgs_s__rosidl_typesupport_fastrtps_c.cpython-310-aarch64-linux-gnu.so
-- Set runtime path of "/home/pi/LeoRover-SLAM-ROS2/leo_common-ros2/install/leo_msgs/local/lib/python3.10/dist-packages/leo_msgs/leo_msgs_s__rosidl_typesupport_fastrtps_c.cpython-310-aarch64-linux-gnu.so" to ""
-- Installing: /home/pi/LeoRover-SLAM-ROS2/leo_common-ros2/install/leo_msgs/local/lib/python3.10/dist-packages/leo_msgs/leo_msgs_s__rosidl_typesupport_introspection_c.cpython-310-aarch64-linux-gnu.so
-- Set runtime path of "/home/pi/LeoRover-SLAM-ROS2/leo_common-ros2/install/leo_msgs/local/lib/python3.10/dist-packages/leo_msgs/leo_msgs_s__rosidl_typesupport_introspection_c.cpython-310-aarch64-linux-gnu.so" to ""
-- Installing: /home/pi/LeoRover-SLAM-ROS2/leo_common-ros2/install/leo_msgs/local/lib/python3.10/dist-packages/leo_msgs/leo_msgs_s__rosidl_typesupport_c.cpython-310-aarch64-linux-gnu.so
-- Set runtime path of "/home/pi/LeoRover-SLAM-ROS2/leo_common-ros2/install/leo_msgs/local/lib/python3.10/dist-packages/leo_msgs/leo_msgs_s__rosidl_typesupport_c.cpython-310-aarch64-linux-gnu.so" to ""
-- Installing: /home/pi/LeoRover-SLAM-ROS2/leo_common-ros2/install/leo_msgs/lib/libleo_msgs__rosidl_generator_py.so
-- Set runtime path of "/home/pi/LeoRover-SLAM-ROS2/leo_common-ros2/install/leo_msgs/lib/libleo_msgs__rosidl_generator_py.so" to ""
-- Installing: /home/pi/LeoRover-SLAM-ROS2/leo_common-ros2/install/leo_msgs/share/leo_msgs/msg/Imu.idl
-- Installing: /home/pi/LeoRover-SLAM-ROS2/leo_common-ros2/install/leo_msgs/share/leo_msgs/msg/WheelOdom.idl
-- Installing: /home/pi/LeoRover-SLAM-ROS2/leo_common-ros2/install/leo_msgs/share/leo_msgs/msg/WheelOdomMecanum.idl
-- Installing: /home/pi/LeoRover-SLAM-ROS2/leo_common-ros2/install/leo_msgs/share/leo_msgs/msg/WheelStates.idl
-- Installing: /home/pi/LeoRover-SLAM-ROS2/leo_common-ros2/install/leo_msgs/share/leo_msgs/srv/SetImuCalibration.idl
-- Installing: /home/pi/LeoRover-SLAM-ROS2/leo_common-ros2/install/leo_msgs/share/leo_msgs/msg/Imu.msg
-- Installing: /home/pi/LeoRover-SLAM-ROS2/leo_common-ros2/install/leo_msgs/share/leo_msgs/msg/WheelOdom.msg
-- Installing: /home/pi/LeoRover-SLAM-ROS2/leo_common-ros2/install/leo_msgs/share/leo_msgs/msg/WheelOdomMecanum.msg
-- Installing: /home/pi/LeoRover-SLAM-ROS2/leo_common-ros2/install/leo_msgs/share/leo_msgs/msg/WheelStates.msg
-- Installing: /home/pi/LeoRover-SLAM-ROS2/leo_common-ros2/install/leo_msgs/share/leo_msgs/srv/SetImuCalibration.srv
-- Installing: /home/pi/LeoRover-SLAM-ROS2/leo_common-ros2/install/leo_msgs/share/leo_msgs/srv/SetImuCalibration_Request.msg
-- Installing: /home/pi/LeoRover-SLAM-ROS2/leo_common-ros2/install/leo_msgs/share/leo_msgs/srv/SetImuCalibration_Response.msg
-- Installing: /home/pi/LeoRover-SLAM-ROS2/leo_common-ros2/install/leo_msgs/share/ament_index/resource_index/package_run_dependencies/leo_msgs
-- Installing: /home/pi/LeoRover-SLAM-ROS2/leo_common-ros2/install/leo_msgs/share/ament_index/resource_index/parent_prefix_path/leo_msgs
-- Installing: /home/pi/LeoRover-SLAM-ROS2/leo_common-ros2/install/leo_msgs/share/leo_msgs/environment/ament_prefix_path.sh
-- Installing: /home/pi/LeoRover-SLAM-ROS2/leo_common-ros2/install/leo_msgs/share/leo_msgs/environment/ament_prefix_path.dsv
-- Installing: /home/pi/LeoRover-SLAM-ROS2/leo_common-ros2/install/leo_msgs/share/leo_msgs/environment/path.sh
-- Installing: /home/pi/LeoRover-SLAM-ROS2/leo_common-ros2/install/leo_msgs/share/leo_msgs/environment/path.dsv
-- Installing: /home/pi/LeoRover-SLAM-ROS2/leo_common-ros2/install/leo_msgs/share/leo_msgs/local_setup.bash
-- Installing: /home/pi/LeoRover-SLAM-ROS2/leo_common-ros2/install/leo_msgs/share/leo_msgs/local_setup.sh
-- Installing: /home/pi/LeoRover-SLAM-ROS2/leo_common-ros2/install/leo_msgs/share/leo_msgs/local_setup.zsh
-- Installing: /home/pi/LeoRover-SLAM-ROS2/leo_common-ros2/install/leo_msgs/share/leo_msgs/local_setup.dsv
-- Installing: /home/pi/LeoRover-SLAM-ROS2/leo_common-ros2/install/leo_msgs/share/leo_msgs/package.dsv
-- Installing: /home/pi/LeoRover-SLAM-ROS2/leo_common-ros2/install/leo_msgs/share/ament_index/resource_index/packages/leo_msgs
-- Installing: /home/pi/LeoRover-SLAM-ROS2/leo_common-ros2/install/leo_msgs/share/leo_msgs/cmake/export_leo_msgs__rosidl_generator_cExport.cmake
-- Installing: /home/pi/LeoRover-SLAM-ROS2/leo_common-ros2/install/leo_msgs/share/leo_msgs/cmake/export_leo_msgs__rosidl_generator_cExport-noconfig.cmake
-- Installing: /home/pi/LeoRover-SLAM-ROS2/leo_common-ros2/install/leo_msgs/share/leo_msgs/cmake/export_leo_msgs__rosidl_typesupport_fastrtps_cExport.cmake
-- Installing: /home/pi/LeoRover-SLAM-ROS2/leo_common-ros2/install/leo_msgs/share/leo_msgs/cmake/export_leo_msgs__rosidl_typesupport_fastrtps_cExport-noconfig.cmake
-- Installing: /home/pi/LeoRover-SLAM-ROS2/leo_common-ros2/install/leo_msgs/share/leo_msgs/cmake/leo_msgs__rosidl_typesupport_introspection_cExport.cmake
-- Installing: /home/pi/LeoRover-SLAM-ROS2/leo_common-ros2/install/leo_msgs/share/leo_msgs/cmake/leo_msgs__rosidl_typesupport_introspection_cExport-noconfig.cmake
-- Installing: /home/pi/LeoRover-SLAM-ROS2/leo_common-ros2/install/leo_msgs/share/leo_msgs/cmake/leo_msgs__rosidl_typesupport_cExport.cmake
-- Installing: /home/pi/LeoRover-SLAM-ROS2/leo_common-ros2/install/leo_msgs/share/leo_msgs/cmake/leo_msgs__rosidl_typesupport_cExport-noconfig.cmake
-- Installing: /home/pi/LeoRover-SLAM-ROS2/leo_common-ros2/install/leo_msgs/share/leo_msgs/cmake/export_leo_msgs__rosidl_generator_cppExport.cmake
-- Installing: /home/pi/LeoRover-SLAM-ROS2/leo_common-ros2/install/leo_msgs/share/leo_msgs/cmake/export_leo_msgs__rosidl_typesupport_fastrtps_cppExport.cmake
-- Installing: /home/pi/LeoRover-SLAM-ROS2/leo_common-ros2/install/leo_msgs/share/leo_msgs/cmake/export_leo_msgs__rosidl_typesupport_fastrtps_cppExport-noconfig.cmake
-- Installing: /home/pi/LeoRover-SLAM-ROS2/leo_common-ros2/install/leo_msgs/share/leo_msgs/cmake/leo_msgs__rosidl_typesupport_introspection_cppExport.cmake
-- Installing: /home/pi/LeoRover-SLAM-ROS2/leo_common-ros2/install/leo_msgs/share/leo_msgs/cmake/leo_msgs__rosidl_typesupport_introspection_cppExport-noconfig.cmake
-- Installing: /home/pi/LeoRover-SLAM-ROS2/leo_common-ros2/install/leo_msgs/share/leo_msgs/cmake/leo_msgs__rosidl_typesupport_cppExport.cmake
-- Installing: /home/pi/LeoRover-SLAM-ROS2/leo_common-ros2/install/leo_msgs/share/leo_msgs/cmake/leo_msgs__rosidl_typesupport_cppExport-noconfig.cmake
-- Installing: /home/pi/LeoRover-SLAM-ROS2/leo_common-ros2/install/leo_msgs/share/leo_msgs/cmake/export_leo_msgs__rosidl_generator_pyExport.cmake
-- Installing: /home/pi/LeoRover-SLAM-ROS2/leo_common-ros2/install/leo_msgs/share/leo_msgs/cmake/export_leo_msgs__rosidl_generator_pyExport-noconfig.cmake
-- Installing: /home/pi/LeoRover-SLAM-ROS2/leo_common-ros2/install/leo_msgs/share/leo_msgs/cmake/rosidl_cmake-extras.cmake
-- Installing: /home/pi/LeoRover-SLAM-ROS2/leo_common-ros2/install/leo_msgs/share/leo_msgs/cmake/ament_cmake_export_dependencies-extras.cmake
-- Installing: /home/pi/LeoRover-SLAM-ROS2/leo_common-ros2/install/leo_msgs/share/leo_msgs/cmake/ament_cmake_export_include_directories-extras.cmake
-- Installing: /home/pi/LeoRover-SLAM-ROS2/leo_common-ros2/install/leo_msgs/share/leo_msgs/cmake/ament_cmake_export_libraries-extras.cmake
-- Installing: /home/pi/LeoRover-SLAM-ROS2/leo_common-ros2/install/leo_msgs/share/leo_msgs/cmake/ament_cmake_export_targets-extras.cmake
-- Installing: /home/pi/LeoRover-SLAM-ROS2/leo_common-ros2/install/leo_msgs/share/leo_msgs/cmake/rosidl_cmake_export_typesupport_targets-extras.cmake
-- Installing: /home/pi/LeoRover-SLAM-ROS2/leo_common-ros2/install/leo_msgs/share/leo_msgs/cmake/rosidl_cmake_export_typesupport_libraries-extras.cmake
-- Installing: /home/pi/LeoRover-SLAM-ROS2/leo_common-ros2/install/leo_msgs/share/leo_msgs/cmake/leo_msgsConfig.cmake
-- Installing: /home/pi/LeoRover-SLAM-ROS2/leo_common-ros2/install/leo_msgs/share/leo_msgs/cmake/leo_msgsConfig-version.cmake
-- Installing: /home/pi/LeoRover-SLAM-ROS2/leo_common-ros2/install/leo_msgs/share/leo_msgs/package.xml
