[1.999s] Invoking command in '/home/pi/LeoRover-SLAM-ROS2/leo_common-ros2/build/leo_msgs': CMAKE_PREFIX_PATH=${CMAKE_PREFIX_PATH}:/opt/ros/humble /usr/bin/cmake /home/pi/LeoRover-SLAM-ROS2/leo_common-ros2/src/leo_msgs -DCMAKE_INSTALL_PREFIX=/home/pi/LeoRover-SLAM-ROS2/leo_common-ros2/install/leo_msgs
[3.412s] -- The C compiler identification is GNU 11.4.0
[4.266s] -- The CXX compiler identification is GNU 11.4.0
[4.434s] -- Detecting C compiler ABI info
[5.564s] -- Detecting C compiler ABI info - done
[5.643s] -- Check for working C compiler: /usr/bin/cc - skipped
[5.664s] -- Detecting C compile features
[5.678s] -- Detecting C compile features - done
[5.742s] -- Detecting CXX compiler ABI info
[6.965s] -- Detecting CXX compiler ABI info - done
[7.144s] -- Check for working CXX compiler: /usr/bin/c++ - skipped
[7.159s] -- Detecting CXX compile features
[7.160s] -- Detecting CXX compile features - done
[7.451s] -- Found ament_cmake: 1.3.5 (/opt/ros/humble/share/ament_cmake/cmake)
[10.740s] -- Found Python3: /usr/bin/python3.10 (found version "3.10.12") found components: Interpreter 
[13.143s] -- Found rosidl_default_generators: 1.2.0 (/opt/ros/humble/share/rosidl_default_generators/cmake)
[13.262s] -- Using all available rosidl_typesupport_c: rosidl_typesupport_fastrtps_c;rosidl_typesupport_introspection_c
[13.651s] -- Found rosidl_adapter: 3.1.5 (/opt/ros/humble/share/rosidl_adapter/cmake)
[15.575s] -- Using all available rosidl_typesupport_cpp: rosidl_typesupport_fastrtps_cpp;rosidl_typesupport_introspection_cpp
[16.864s] -- Found builtin_interfaces: 1.2.1 (/opt/ros/humble/share/builtin_interfaces/cmake)
[21.436s] -- Found ament_cmake_ros: 0.10.0 (/opt/ros/humble/share/ament_cmake_ros/cmake)
[23.790s] -- Using all available rosidl_typesupport_c: rosidl_typesupport_fastrtps_c;rosidl_typesupport_introspection_c
[26.962s] -- Using all available rosidl_typesupport_cpp: rosidl_typesupport_fastrtps_cpp;rosidl_typesupport_introspection_cpp
[27.307s] -- Found PythonInterp: /usr/bin/python3 (found suitable version "3.10.12", minimum required is "3.6") 
[27.344s] -- Found python_cmake_module: 0.10.0 (/opt/ros/humble/share/python_cmake_module/cmake)
[27.682s] -- Found PythonLibs: /usr/lib/aarch64-linux-gnu/libpython3.10.so (found suitable version "3.10.12", minimum required is "3.5") 
[27.693s] -- Using PYTHON_EXECUTABLE: /usr/bin/python3
[27.695s] -- Using PYTHON_INCLUDE_DIRS: /usr/include/python3.10
[27.696s] -- Using PYTHON_LIBRARIES: /usr/lib/aarch64-linux-gnu/libpython3.10.so
[27.945s] -- Found PythonExtra: .so  
[28.551s] -- Configuring done
[29.156s] -- Generating done
[29.200s] -- Build files have been written to: /home/pi/LeoRover-SLAM-ROS2/leo_common-ros2/build/leo_msgs
[29.286s] Invoked command in '/home/pi/LeoRover-SLAM-ROS2/leo_common-ros2/build/leo_msgs' returned '0': CMAKE_PREFIX_PATH=${CMAKE_PREFIX_PATH}:/opt/ros/humble /usr/bin/cmake /home/pi/LeoRover-SLAM-ROS2/leo_common-ros2/src/leo_msgs -DCMAKE_INSTALL_PREFIX=/home/pi/LeoRover-SLAM-ROS2/leo_common-ros2/install/leo_msgs
[29.289s] Invoking command in '/home/pi/LeoRover-SLAM-ROS2/leo_common-ros2/build/leo_msgs': CMAKE_PREFIX_PATH=${CMAKE_PREFIX_PATH}:/opt/ros/humble /usr/bin/cmake --build /home/pi/LeoRover-SLAM-ROS2/leo_common-ros2/build/leo_msgs -- -j4 -l4
[29.866s] [  1%] [34m[1mGenerating C code for ROS interfaces[0m
[37.465s] [  3%] [32mBuilding C object CMakeFiles/leo_msgs__rosidl_generator_c.dir/rosidl_generator_c/leo_msgs/msg/detail/imu__functions.c.o[0m
[38.073s] [  4%] [32mBuilding C object CMakeFiles/leo_msgs__rosidl_generator_c.dir/rosidl_generator_c/leo_msgs/msg/detail/wheel_odom__functions.c.o[0m
[38.472s] [  6%] [32mBuilding C object CMakeFiles/leo_msgs__rosidl_generator_c.dir/rosidl_generator_c/leo_msgs/msg/detail/wheel_odom_mecanum__functions.c.o[0m
[38.893s] [  7%] [32mBuilding C object CMakeFiles/leo_msgs__rosidl_generator_c.dir/rosidl_generator_c/leo_msgs/msg/detail/wheel_states__functions.c.o[0m
[40.172s] [  9%] [32mBuilding C object CMakeFiles/leo_msgs__rosidl_generator_c.dir/rosidl_generator_c/leo_msgs/srv/detail/set_imu_calibration__functions.c.o[0m
[40.663s] [ 11%] [32m[1mLinking C shared library libleo_msgs__rosidl_generator_c.so[0m
[40.968s] [ 11%] Built target leo_msgs__rosidl_generator_c
[41.192s] [ 11%] Built target ament_cmake_python_copy_leo_msgs
[41.270s] [ 12%] [34m[1mGenerating C introspection for ROS interfaces[0m
[45.319s] [ 14%] [32mBuilding C object CMakeFiles/leo_msgs__rosidl_typesupport_introspection_c.dir/rosidl_typesupport_introspection_c/leo_msgs/msg/detail/imu__type_support.c.o[0m
[45.641s] [ 15%] [32mBuilding C object CMakeFiles/leo_msgs__rosidl_typesupport_introspection_c.dir/rosidl_typesupport_introspection_c/leo_msgs/msg/detail/wheel_odom__type_support.c.o[0m
[46.001s] [ 17%] [32mBuilding C object CMakeFiles/leo_msgs__rosidl_typesupport_introspection_c.dir/rosidl_typesupport_introspection_c/leo_msgs/msg/detail/wheel_odom_mecanum__type_support.c.o[0m
[46.357s] [ 19%] [32mBuilding C object CMakeFiles/leo_msgs__rosidl_typesupport_introspection_c.dir/rosidl_typesupport_introspection_c/leo_msgs/msg/detail/wheel_states__type_support.c.o[0m
[46.748s] [ 20%] [32mBuilding C object CMakeFiles/leo_msgs__rosidl_typesupport_introspection_c.dir/rosidl_typesupport_introspection_c/leo_msgs/srv/detail/set_imu_calibration__type_support.c.o[0m
[47.103s] [ 22%] [32m[1mLinking C shared library libleo_msgs__rosidl_typesupport_introspection_c.so[0m
[47.463s] [ 22%] Built target leo_msgs__rosidl_typesupport_introspection_c
[47.560s] [ 23%] [34m[1mGenerating C type support dispatch for ROS interfaces[0m
[51.136s] [ 25%] [32mBuilding CXX object CMakeFiles/leo_msgs__rosidl_typesupport_c.dir/rosidl_typesupport_c/leo_msgs/msg/imu__type_support.cpp.o[0m
[51.402s] [ 26%] [32mBuilding CXX object CMakeFiles/leo_msgs__rosidl_typesupport_c.dir/rosidl_typesupport_c/leo_msgs/msg/wheel_odom__type_support.cpp.o[0m
[51.647s] [ 28%] [32mBuilding CXX object CMakeFiles/leo_msgs__rosidl_typesupport_c.dir/rosidl_typesupport_c/leo_msgs/msg/wheel_odom_mecanum__type_support.cpp.o[0m
[51.904s] [ 30%] [32mBuilding CXX object CMakeFiles/leo_msgs__rosidl_typesupport_c.dir/rosidl_typesupport_c/leo_msgs/msg/wheel_states__type_support.cpp.o[0m
[52.159s] [ 31%] [32mBuilding CXX object CMakeFiles/leo_msgs__rosidl_typesupport_c.dir/rosidl_typesupport_c/leo_msgs/srv/set_imu_calibration__type_support.cpp.o[0m
[52.497s] [ 33%] [32m[1mLinking CXX shared library libleo_msgs__rosidl_typesupport_c.so[0m
[52.798s] [ 33%] Built target leo_msgs__rosidl_typesupport_c
[55.393s] running egg_info
[55.398s] creating leo_msgs.egg-info
[55.399s] writing leo_msgs.egg-info/PKG-INFO
[55.400s] writing dependency_links to leo_msgs.egg-info/dependency_links.txt
[55.401s] writing top-level names to leo_msgs.egg-info/top_level.txt
[55.403s] writing manifest file 'leo_msgs.egg-info/SOURCES.txt'
[55.418s] reading manifest file 'leo_msgs.egg-info/SOURCES.txt'
[55.423s] writing manifest file 'leo_msgs.egg-info/SOURCES.txt'
[55.675s] [ 33%] Built target ament_cmake_python_build_leo_msgs_egg
[55.766s] [ 34%] [34m[1mGenerating C type support for eProsima Fast-RTPS[0m
[60.072s] [ 36%] [32mBuilding CXX object CMakeFiles/leo_msgs__rosidl_typesupport_fastrtps_c.dir/rosidl_typesupport_fastrtps_c/leo_msgs/msg/detail/imu__type_support_c.cpp.o[0m
[63.283s] [ 38%] [32mBuilding CXX object CMakeFiles/leo_msgs__rosidl_typesupport_fastrtps_c.dir/rosidl_typesupport_fastrtps_c/leo_msgs/msg/detail/wheel_odom_mecanum__type_support_c.cpp.o[0m
[66.325s] [ 39%] [32mBuilding CXX object CMakeFiles/leo_msgs__rosidl_typesupport_fastrtps_c.dir/rosidl_typesupport_fastrtps_c/leo_msgs/msg/detail/wheel_states__type_support_c.cpp.o[0m
[69.275s] [ 41%] [32mBuilding CXX object CMakeFiles/leo_msgs__rosidl_typesupport_fastrtps_c.dir/rosidl_typesupport_fastrtps_c/leo_msgs/srv/detail/set_imu_calibration__type_support_c.cpp.o[0m
[72.317s] [ 42%] [32mBuilding CXX object CMakeFiles/leo_msgs__rosidl_typesupport_fastrtps_c.dir/rosidl_typesupport_fastrtps_c/leo_msgs/msg/detail/wheel_odom__type_support_c.cpp.o[0m
[75.107s] [ 44%] [32m[1mLinking CXX shared library libleo_msgs__rosidl_typesupport_fastrtps_c.so[0m
[75.755s] [ 44%] Built target leo_msgs__rosidl_typesupport_fastrtps_c
[75.993s] [ 46%] [34m[1mGenerating C++ code for ROS interfaces[0m
[81.365s] [ 46%] Built target leo_msgs__cpp
[81.448s] [ 47%] [34m[1mGenerating C++ type support for eProsima Fast-RTPS[0m
[85.916s] [ 49%] [32mBuilding CXX object CMakeFiles/leo_msgs__rosidl_typesupport_fastrtps_cpp.dir/rosidl_typesupport_fastrtps_cpp/leo_msgs/msg/detail/dds_fastrtps/imu__type_support.cpp.o[0m
[89.571s] [ 50%] [32mBuilding CXX object CMakeFiles/leo_msgs__rosidl_typesupport_fastrtps_cpp.dir/rosidl_typesupport_fastrtps_cpp/leo_msgs/msg/detail/dds_fastrtps/wheel_odom__type_support.cpp.o[0m
[93.192s] [ 52%] [32mBuilding CXX object CMakeFiles/leo_msgs__rosidl_typesupport_fastrtps_cpp.dir/rosidl_typesupport_fastrtps_cpp/leo_msgs/msg/detail/dds_fastrtps/wheel_odom_mecanum__type_support.cpp.o[0m
[96.680s] [ 53%] [32mBuilding CXX object CMakeFiles/leo_msgs__rosidl_typesupport_fastrtps_cpp.dir/rosidl_typesupport_fastrtps_cpp/leo_msgs/msg/detail/dds_fastrtps/wheel_states__type_support.cpp.o[0m
[100.209s] [ 55%] [32mBuilding CXX object CMakeFiles/leo_msgs__rosidl_typesupport_fastrtps_cpp.dir/rosidl_typesupport_fastrtps_cpp/leo_msgs/srv/detail/dds_fastrtps/set_imu_calibration__type_support.cpp.o[0m
[103.835s] [ 57%] [32m[1mLinking CXX shared library libleo_msgs__rosidl_typesupport_fastrtps_cpp.so[0m
[104.500s] [ 57%] Built target leo_msgs__rosidl_typesupport_fastrtps_cpp
[104.592s] [ 58%] [34m[1mGenerating C++ type support dispatch for ROS interfaces[0m
[108.423s] [ 60%] [32mBuilding CXX object CMakeFiles/leo_msgs__rosidl_typesupport_cpp.dir/rosidl_typesupport_cpp/leo_msgs/msg/imu__type_support.cpp.o[0m
[111.010s] [ 61%] [32mBuilding CXX object CMakeFiles/leo_msgs__rosidl_typesupport_cpp.dir/rosidl_typesupport_cpp/leo_msgs/msg/wheel_odom_mecanum__type_support.cpp.o[0m
[113.369s] [ 63%] [32mBuilding CXX object CMakeFiles/leo_msgs__rosidl_typesupport_cpp.dir/rosidl_typesupport_cpp/leo_msgs/msg/wheel_states__type_support.cpp.o[0m
[115.814s] [ 65%] [32mBuilding CXX object CMakeFiles/leo_msgs__rosidl_typesupport_cpp.dir/rosidl_typesupport_cpp/leo_msgs/srv/set_imu_calibration__type_support.cpp.o[0m
[118.215s] [ 66%] [32mBuilding CXX object CMakeFiles/leo_msgs__rosidl_typesupport_cpp.dir/rosidl_typesupport_cpp/leo_msgs/msg/wheel_odom__type_support.cpp.o[0m
[120.619s] [ 68%] [32m[1mLinking CXX shared library libleo_msgs__rosidl_typesupport_cpp.so[0m
[120.958s] [ 68%] Built target leo_msgs__rosidl_typesupport_cpp
[121.068s] [ 69%] [34m[1mGenerating C++ introspection for ROS interfaces[0m
[125.583s] [ 71%] [32mBuilding CXX object CMakeFiles/leo_msgs__rosidl_typesupport_introspection_cpp.dir/rosidl_typesupport_introspection_cpp/leo_msgs/msg/detail/imu__type_support.cpp.o[0m
[129.216s] [ 73%] [32mBuilding CXX object CMakeFiles/leo_msgs__rosidl_typesupport_introspection_cpp.dir/rosidl_typesupport_introspection_cpp/leo_msgs/msg/detail/wheel_states__type_support.cpp.o[0m
[132.872s] [ 74%] [32mBuilding CXX object CMakeFiles/leo_msgs__rosidl_typesupport_introspection_cpp.dir/rosidl_typesupport_introspection_cpp/leo_msgs/srv/detail/set_imu_calibration__type_support.cpp.o[0m
[136.368s] [ 76%] [32mBuilding CXX object CMakeFiles/leo_msgs__rosidl_typesupport_introspection_cpp.dir/rosidl_typesupport_introspection_cpp/leo_msgs/msg/detail/wheel_odom_mecanum__type_support.cpp.o[0m
[139.970s] [ 77%] [32mBuilding CXX object CMakeFiles/leo_msgs__rosidl_typesupport_introspection_cpp.dir/rosidl_typesupport_introspection_cpp/leo_msgs/msg/detail/wheel_odom__type_support.cpp.o[0m
[143.761s] [ 79%] [32m[1mLinking CXX shared library libleo_msgs__rosidl_typesupport_introspection_cpp.so[0m
[144.374s] [ 79%] Built target leo_msgs__rosidl_typesupport_introspection_cpp
[144.579s] [ 79%] Built target leo_msgs
[144.771s] [ 80%] [34m[1mGenerating Python code for ROS interfaces[0m
[154.028s] [ 80%] Built target leo_msgs__py
[154.218s] [ 82%] [32mBuilding C object CMakeFiles/leo_msgs__rosidl_generator_py.dir/rosidl_generator_py/leo_msgs/msg/_imu_s.c.o[0m
[155.450s] [ 84%] [32mBuilding C object CMakeFiles/leo_msgs__rosidl_generator_py.dir/rosidl_generator_py/leo_msgs/msg/_wheel_states_s.c.o[0m
[156.522s] [ 85%] [32mBuilding C object CMakeFiles/leo_msgs__rosidl_generator_py.dir/rosidl_generator_py/leo_msgs/srv/_set_imu_calibration_s.c.o[0m
[157.470s] [ 87%] [32mBuilding C object CMakeFiles/leo_msgs__rosidl_generator_py.dir/rosidl_generator_py/leo_msgs/msg/_wheel_odom_mecanum_s.c.o[0m
[158.439s] [ 88%] [32mBuilding C object CMakeFiles/leo_msgs__rosidl_generator_py.dir/rosidl_generator_py/leo_msgs/msg/_wheel_odom_s.c.o[0m
[159.422s] [ 90%] [32m[1mLinking C shared library rosidl_generator_py/leo_msgs/libleo_msgs__rosidl_generator_py.so[0m
[159.766s] [ 90%] Built target leo_msgs__rosidl_generator_py
[159.977s] [ 92%] [32mBuilding C object CMakeFiles/leo_msgs__rosidl_typesupport_fastrtps_c__pyext.dir/rosidl_generator_py/leo_msgs/_leo_msgs_s.ep.rosidl_typesupport_fastrtps_c.c.o[0m
[161.079s] [ 93%] [32m[1mLinking C shared library rosidl_generator_py/leo_msgs/leo_msgs_s__rosidl_typesupport_fastrtps_c.cpython-310-aarch64-linux-gnu.so[0m
[161.435s] [ 93%] Built target leo_msgs__rosidl_typesupport_fastrtps_c__pyext
[161.622s] [ 95%] [32mBuilding C object CMakeFiles/leo_msgs__rosidl_typesupport_c__pyext.dir/rosidl_generator_py/leo_msgs/_leo_msgs_s.ep.rosidl_typesupport_c.c.o[0m
[162.932s] [ 96%] [32m[1mLinking C shared library rosidl_generator_py/leo_msgs/leo_msgs_s__rosidl_typesupport_c.cpython-310-aarch64-linux-gnu.so[0m
[163.323s] [ 96%] Built target leo_msgs__rosidl_typesupport_c__pyext
[163.548s] [ 98%] [32mBuilding C object CMakeFiles/leo_msgs__rosidl_typesupport_introspection_c__pyext.dir/rosidl_generator_py/leo_msgs/_leo_msgs_s.ep.rosidl_typesupport_introspection_c.c.o[0m
[164.631s] [100%] [32m[1mLinking C shared library rosidl_generator_py/leo_msgs/leo_msgs_s__rosidl_typesupport_introspection_c.cpython-310-aarch64-linux-gnu.so[0m
[165.117s] [100%] Built target leo_msgs__rosidl_typesupport_introspection_c__pyext
[165.262s] Invoked command in '/home/pi/LeoRover-SLAM-ROS2/leo_common-ros2/build/leo_msgs' returned '0': CMAKE_PREFIX_PATH=${CMAKE_PREFIX_PATH}:/opt/ros/humble /usr/bin/cmake --build /home/pi/LeoRover-SLAM-ROS2/leo_common-ros2/build/leo_msgs -- -j4 -l4
[167.092s] Invoking command in '/home/pi/LeoRover-SLAM-ROS2/leo_common-ros2/build/leo_msgs': CMAKE_PREFIX_PATH=${CMAKE_PREFIX_PATH}:/opt/ros/humble /usr/bin/cmake --install /home/pi/LeoRover-SLAM-ROS2/leo_common-ros2/build/leo_msgs
[167.151s] -- Install configuration: ""
[167.154s] -- Installing: /home/pi/LeoRover-SLAM-ROS2/leo_common-ros2/install/leo_msgs/share/ament_index/resource_index/rosidl_interfaces/leo_msgs
[167.157s] -- Installing: /home/pi/LeoRover-SLAM-ROS2/leo_common-ros2/install/leo_msgs/include/leo_msgs/leo_msgs
[167.159s] -- Installing: /home/pi/LeoRover-SLAM-ROS2/leo_common-ros2/install/leo_msgs/include/leo_msgs/leo_msgs/msg
[167.160s] -- Installing: /home/pi/LeoRover-SLAM-ROS2/leo_common-ros2/install/leo_msgs/include/leo_msgs/leo_msgs/msg/imu.h
[167.163s] -- Installing: /home/pi/LeoRover-SLAM-ROS2/leo_common-ros2/install/leo_msgs/include/leo_msgs/leo_msgs/msg/detail
[167.165s] -- Installing: /home/pi/LeoRover-SLAM-ROS2/leo_common-ros2/install/leo_msgs/include/leo_msgs/leo_msgs/msg/detail/wheel_states__type_support.h
[167.167s] -- Installing: /home/pi/LeoRover-SLAM-ROS2/leo_common-ros2/install/leo_msgs/include/leo_msgs/leo_msgs/msg/detail/wheel_states__functions.c
[167.171s] -- Installing: /home/pi/LeoRover-SLAM-ROS2/leo_common-ros2/install/leo_msgs/include/leo_msgs/leo_msgs/msg/detail/wheel_states__functions.h
[167.173s] -- Installing: /home/pi/LeoRover-SLAM-ROS2/leo_common-ros2/install/leo_msgs/include/leo_msgs/leo_msgs/msg/detail/wheel_odom__functions.c
[167.176s] -- Installing: /home/pi/LeoRover-SLAM-ROS2/leo_common-ros2/install/leo_msgs/include/leo_msgs/leo_msgs/msg/detail/wheel_odom_mecanum__struct.h
[167.178s] -- Installing: /home/pi/LeoRover-SLAM-ROS2/leo_common-ros2/install/leo_msgs/include/leo_msgs/leo_msgs/msg/detail/wheel_odom__struct.h
[167.180s] -- Installing: /home/pi/LeoRover-SLAM-ROS2/leo_common-ros2/install/leo_msgs/include/leo_msgs/leo_msgs/msg/detail/wheel_odom__functions.h
[167.183s] -- Installing: /home/pi/LeoRover-SLAM-ROS2/leo_common-ros2/install/leo_msgs/include/leo_msgs/leo_msgs/msg/detail/imu__functions.c
[167.187s] -- Installing: /home/pi/LeoRover-SLAM-ROS2/leo_common-ros2/install/leo_msgs/include/leo_msgs/leo_msgs/msg/detail/imu__type_support.h
[167.190s] -- Installing: /home/pi/LeoRover-SLAM-ROS2/leo_common-ros2/install/leo_msgs/include/leo_msgs/leo_msgs/msg/detail/wheel_odom__type_support.h
[167.192s] -- Installing: /home/pi/LeoRover-SLAM-ROS2/leo_common-ros2/install/leo_msgs/include/leo_msgs/leo_msgs/msg/detail/wheel_odom_mecanum__functions.c
[167.193s] -- Installing: /home/pi/LeoRover-SLAM-ROS2/leo_common-ros2/install/leo_msgs/include/leo_msgs/leo_msgs/msg/detail/imu__struct.h
[167.196s] -- Installing: /home/pi/LeoRover-SLAM-ROS2/leo_common-ros2/install/leo_msgs/include/leo_msgs/leo_msgs/msg/detail/wheel_odom_mecanum__type_support.h
[167.197s] -- Installing: /home/pi/LeoRover-SLAM-ROS2/leo_common-ros2/install/leo_msgs/include/leo_msgs/leo_msgs/msg/detail/imu__functions.h
[167.200s] -- Installing: /home/pi/LeoRover-SLAM-ROS2/leo_common-ros2/install/leo_msgs/include/leo_msgs/leo_msgs/msg/detail/wheel_odom_mecanum__functions.h
[167.204s] -- Installing: /home/pi/LeoRover-SLAM-ROS2/leo_common-ros2/install/leo_msgs/include/leo_msgs/leo_msgs/msg/detail/wheel_states__struct.h
[167.206s] -- Installing: /home/pi/LeoRover-SLAM-ROS2/leo_common-ros2/install/leo_msgs/include/leo_msgs/leo_msgs/msg/wheel_odom.h
[167.208s] -- Installing: /home/pi/LeoRover-SLAM-ROS2/leo_common-ros2/install/leo_msgs/include/leo_msgs/leo_msgs/msg/wheel_states.h
[167.210s] -- Installing: /home/pi/LeoRover-SLAM-ROS2/leo_common-ros2/install/leo_msgs/include/leo_msgs/leo_msgs/msg/rosidl_generator_c__visibility_control.h
[167.215s] -- Installing: /home/pi/LeoRover-SLAM-ROS2/leo_common-ros2/install/leo_msgs/include/leo_msgs/leo_msgs/msg/wheel_odom_mecanum.h
[167.219s] -- Installing: /home/pi/LeoRover-SLAM-ROS2/leo_common-ros2/install/leo_msgs/include/leo_msgs/leo_msgs/srv
[167.220s] -- Installing: /home/pi/LeoRover-SLAM-ROS2/leo_common-ros2/install/leo_msgs/include/leo_msgs/leo_msgs/srv/detail
[167.224s] -- Installing: /home/pi/LeoRover-SLAM-ROS2/leo_common-ros2/install/leo_msgs/include/leo_msgs/leo_msgs/srv/detail/set_imu_calibration__functions.c
[167.225s] -- Installing: /home/pi/LeoRover-SLAM-ROS2/leo_common-ros2/install/leo_msgs/include/leo_msgs/leo_msgs/srv/detail/set_imu_calibration__struct.h
[167.229s] -- Installing: /home/pi/LeoRover-SLAM-ROS2/leo_common-ros2/install/leo_msgs/include/leo_msgs/leo_msgs/srv/detail/set_imu_calibration__functions.h
[167.231s] -- Installing: /home/pi/LeoRover-SLAM-ROS2/leo_common-ros2/install/leo_msgs/include/leo_msgs/leo_msgs/srv/detail/set_imu_calibration__type_support.h
[167.234s] -- Installing: /home/pi/LeoRover-SLAM-ROS2/leo_common-ros2/install/leo_msgs/include/leo_msgs/leo_msgs/srv/set_imu_calibration.h
[167.237s] -- Installing: /home/pi/LeoRover-SLAM-ROS2/leo_common-ros2/install/leo_msgs/share/leo_msgs/environment/library_path.sh
[167.240s] -- Installing: /home/pi/LeoRover-SLAM-ROS2/leo_common-ros2/install/leo_msgs/share/leo_msgs/environment/library_path.dsv
[167.244s] -- Installing: /home/pi/LeoRover-SLAM-ROS2/leo_common-ros2/install/leo_msgs/lib/libleo_msgs__rosidl_generator_c.so
[167.248s] -- Set runtime path of "/home/pi/LeoRover-SLAM-ROS2/leo_common-ros2/install/leo_msgs/lib/libleo_msgs__rosidl_generator_c.so" to ""
[167.252s] -- Up-to-date: /home/pi/LeoRover-SLAM-ROS2/leo_common-ros2/install/leo_msgs/include/leo_msgs/leo_msgs
[167.253s] -- Up-to-date: /home/pi/LeoRover-SLAM-ROS2/leo_common-ros2/install/leo_msgs/include/leo_msgs/leo_msgs/msg
[167.254s] -- Up-to-date: /home/pi/LeoRover-SLAM-ROS2/leo_common-ros2/install/leo_msgs/include/leo_msgs/leo_msgs/msg/detail
[167.254s] -- Installing: /home/pi/LeoRover-SLAM-ROS2/leo_common-ros2/install/leo_msgs/include/leo_msgs/leo_msgs/msg/detail/wheel_odom__rosidl_typesupport_fastrtps_c.h
[167.255s] -- Installing: /home/pi/LeoRover-SLAM-ROS2/leo_common-ros2/install/leo_msgs/include/leo_msgs/leo_msgs/msg/detail/wheel_odom_mecanum__rosidl_typesupport_fastrtps_c.h
[167.262s] -- Installing: /home/pi/LeoRover-SLAM-ROS2/leo_common-ros2/install/leo_msgs/include/leo_msgs/leo_msgs/msg/detail/wheel_states__rosidl_typesupport_fastrtps_c.h
[167.263s] -- Installing: /home/pi/LeoRover-SLAM-ROS2/leo_common-ros2/install/leo_msgs/include/leo_msgs/leo_msgs/msg/detail/imu__rosidl_typesupport_fastrtps_c.h
[167.264s] -- Installing: /home/pi/LeoRover-SLAM-ROS2/leo_common-ros2/install/leo_msgs/include/leo_msgs/leo_msgs/msg/rosidl_typesupport_fastrtps_c__visibility_control.h
[167.265s] -- Up-to-date: /home/pi/LeoRover-SLAM-ROS2/leo_common-ros2/install/leo_msgs/include/leo_msgs/leo_msgs/srv
[167.266s] -- Up-to-date: /home/pi/LeoRover-SLAM-ROS2/leo_common-ros2/install/leo_msgs/include/leo_msgs/leo_msgs/srv/detail
[167.267s] -- Installing: /home/pi/LeoRover-SLAM-ROS2/leo_common-ros2/install/leo_msgs/include/leo_msgs/leo_msgs/srv/detail/set_imu_calibration__rosidl_typesupport_fastrtps_c.h
[167.271s] -- Installing: /home/pi/LeoRover-SLAM-ROS2/leo_common-ros2/install/leo_msgs/lib/libleo_msgs__rosidl_typesupport_fastrtps_c.so
[167.276s] -- Set runtime path of "/home/pi/LeoRover-SLAM-ROS2/leo_common-ros2/install/leo_msgs/lib/libleo_msgs__rosidl_typesupport_fastrtps_c.so" to ""
[167.278s] -- Up-to-date: /home/pi/LeoRover-SLAM-ROS2/leo_common-ros2/install/leo_msgs/include/leo_msgs/leo_msgs
[167.279s] -- Up-to-date: /home/pi/LeoRover-SLAM-ROS2/leo_common-ros2/install/leo_msgs/include/leo_msgs/leo_msgs/msg
[167.280s] -- Up-to-date: /home/pi/LeoRover-SLAM-ROS2/leo_common-ros2/install/leo_msgs/include/leo_msgs/leo_msgs/msg/detail
[167.281s] -- Installing: /home/pi/LeoRover-SLAM-ROS2/leo_common-ros2/install/leo_msgs/include/leo_msgs/leo_msgs/msg/detail/wheel_states__rosidl_typesupport_introspection_c.h
[167.282s] -- Installing: /home/pi/LeoRover-SLAM-ROS2/leo_common-ros2/install/leo_msgs/include/leo_msgs/leo_msgs/msg/detail/imu__type_support.c
[167.287s] -- Installing: /home/pi/LeoRover-SLAM-ROS2/leo_common-ros2/install/leo_msgs/include/leo_msgs/leo_msgs/msg/detail/wheel_odom__type_support.c
[167.293s] -- Installing: /home/pi/LeoRover-SLAM-ROS2/leo_common-ros2/install/leo_msgs/include/leo_msgs/leo_msgs/msg/detail/wheel_odom_mecanum__rosidl_typesupport_introspection_c.h
[167.294s] -- Installing: /home/pi/LeoRover-SLAM-ROS2/leo_common-ros2/install/leo_msgs/include/leo_msgs/leo_msgs/msg/detail/wheel_odom_mecanum__type_support.c
[167.297s] -- Installing: /home/pi/LeoRover-SLAM-ROS2/leo_common-ros2/install/leo_msgs/include/leo_msgs/leo_msgs/msg/detail/wheel_odom__rosidl_typesupport_introspection_c.h
[167.298s] -- Installing: /home/pi/LeoRover-SLAM-ROS2/leo_common-ros2/install/leo_msgs/include/leo_msgs/leo_msgs/msg/detail/imu__rosidl_typesupport_introspection_c.h
[167.298s] -- Installing: /home/pi/LeoRover-SLAM-ROS2/leo_common-ros2/install/leo_msgs/include/leo_msgs/leo_msgs/msg/detail/wheel_states__type_support.c
[167.300s] -- Installing: /home/pi/LeoRover-SLAM-ROS2/leo_common-ros2/install/leo_msgs/include/leo_msgs/leo_msgs/msg/rosidl_typesupport_introspection_c__visibility_control.h
[167.302s] -- Up-to-date: /home/pi/LeoRover-SLAM-ROS2/leo_common-ros2/install/leo_msgs/include/leo_msgs/leo_msgs/srv
[167.303s] -- Up-to-date: /home/pi/LeoRover-SLAM-ROS2/leo_common-ros2/install/leo_msgs/include/leo_msgs/leo_msgs/srv/detail
[167.304s] -- Installing: /home/pi/LeoRover-SLAM-ROS2/leo_common-ros2/install/leo_msgs/include/leo_msgs/leo_msgs/srv/detail/set_imu_calibration__rosidl_typesupport_introspection_c.h
[167.305s] -- Installing: /home/pi/LeoRover-SLAM-ROS2/leo_common-ros2/install/leo_msgs/include/leo_msgs/leo_msgs/srv/detail/set_imu_calibration__type_support.c
[167.308s] -- Installing: /home/pi/LeoRover-SLAM-ROS2/leo_common-ros2/install/leo_msgs/lib/libleo_msgs__rosidl_typesupport_introspection_c.so
[167.321s] -- Set runtime path of "/home/pi/LeoRover-SLAM-ROS2/leo_common-ros2/install/leo_msgs/lib/libleo_msgs__rosidl_typesupport_introspection_c.so" to ""
[167.324s] -- Installing: /home/pi/LeoRover-SLAM-ROS2/leo_common-ros2/install/leo_msgs/lib/libleo_msgs__rosidl_typesupport_c.so
[167.325s] -- Set runtime path of "/home/pi/LeoRover-SLAM-ROS2/leo_common-ros2/install/leo_msgs/lib/libleo_msgs__rosidl_typesupport_c.so" to ""
[167.326s] -- Up-to-date: /home/pi/LeoRover-SLAM-ROS2/leo_common-ros2/install/leo_msgs/include/leo_msgs/leo_msgs
[167.326s] -- Up-to-date: /home/pi/LeoRover-SLAM-ROS2/leo_common-ros2/install/leo_msgs/include/leo_msgs/leo_msgs/msg
[167.327s] -- Installing: /home/pi/LeoRover-SLAM-ROS2/leo_common-ros2/install/leo_msgs/include/leo_msgs/leo_msgs/msg/wheel_odom_mecanum.hpp
[167.327s] -- Up-to-date: /home/pi/LeoRover-SLAM-ROS2/leo_common-ros2/install/leo_msgs/include/leo_msgs/leo_msgs/msg/detail
[167.328s] -- Installing: /home/pi/LeoRover-SLAM-ROS2/leo_common-ros2/install/leo_msgs/include/leo_msgs/leo_msgs/msg/detail/wheel_odom_mecanum__builder.hpp
[167.329s] -- Installing: /home/pi/LeoRover-SLAM-ROS2/leo_common-ros2/install/leo_msgs/include/leo_msgs/leo_msgs/msg/detail/wheel_odom_mecanum__traits.hpp
[167.331s] -- Installing: /home/pi/LeoRover-SLAM-ROS2/leo_common-ros2/install/leo_msgs/include/leo_msgs/leo_msgs/msg/detail/wheel_odom__builder.hpp
[167.332s] -- Installing: /home/pi/LeoRover-SLAM-ROS2/leo_common-ros2/install/leo_msgs/include/leo_msgs/leo_msgs/msg/detail/wheel_odom_mecanum__struct.hpp
[167.335s] -- Installing: /home/pi/LeoRover-SLAM-ROS2/leo_common-ros2/install/leo_msgs/include/leo_msgs/leo_msgs/msg/detail/wheel_odom__struct.hpp
[167.336s] -- Installing: /home/pi/LeoRover-SLAM-ROS2/leo_common-ros2/install/leo_msgs/include/leo_msgs/leo_msgs/msg/detail/imu__struct.hpp
[167.339s] -- Installing: /home/pi/LeoRover-SLAM-ROS2/leo_common-ros2/install/leo_msgs/include/leo_msgs/leo_msgs/msg/detail/wheel_odom__traits.hpp
[167.340s] -- Installing: /home/pi/LeoRover-SLAM-ROS2/leo_common-ros2/install/leo_msgs/include/leo_msgs/leo_msgs/msg/detail/imu__builder.hpp
[167.341s] -- Installing: /home/pi/LeoRover-SLAM-ROS2/leo_common-ros2/install/leo_msgs/include/leo_msgs/leo_msgs/msg/detail/wheel_states__traits.hpp
[167.343s] -- Installing: /home/pi/LeoRover-SLAM-ROS2/leo_common-ros2/install/leo_msgs/include/leo_msgs/leo_msgs/msg/detail/wheel_states__builder.hpp
[167.346s] -- Installing: /home/pi/LeoRover-SLAM-ROS2/leo_common-ros2/install/leo_msgs/include/leo_msgs/leo_msgs/msg/detail/wheel_states__struct.hpp
[167.350s] -- Installing: /home/pi/LeoRover-SLAM-ROS2/leo_common-ros2/install/leo_msgs/include/leo_msgs/leo_msgs/msg/detail/imu__traits.hpp
[167.350s] -- Installing: /home/pi/LeoRover-SLAM-ROS2/leo_common-ros2/install/leo_msgs/include/leo_msgs/leo_msgs/msg/wheel_states.hpp
[167.356s] -- Installing: /home/pi/LeoRover-SLAM-ROS2/leo_common-ros2/install/leo_msgs/include/leo_msgs/leo_msgs/msg/wheel_odom.hpp
[167.356s] -- Installing: /home/pi/LeoRover-SLAM-ROS2/leo_common-ros2/install/leo_msgs/include/leo_msgs/leo_msgs/msg/imu.hpp
[167.357s] -- Up-to-date: /home/pi/LeoRover-SLAM-ROS2/leo_common-ros2/install/leo_msgs/include/leo_msgs/leo_msgs/srv
[167.358s] -- Up-to-date: /home/pi/LeoRover-SLAM-ROS2/leo_common-ros2/install/leo_msgs/include/leo_msgs/leo_msgs/srv/detail
[167.358s] -- Installing: /home/pi/LeoRover-SLAM-ROS2/leo_common-ros2/install/leo_msgs/include/leo_msgs/leo_msgs/srv/detail/set_imu_calibration__builder.hpp
[167.362s] -- Installing: /home/pi/LeoRover-SLAM-ROS2/leo_common-ros2/install/leo_msgs/include/leo_msgs/leo_msgs/srv/detail/set_imu_calibration__traits.hpp
[167.364s] -- Installing: /home/pi/LeoRover-SLAM-ROS2/leo_common-ros2/install/leo_msgs/include/leo_msgs/leo_msgs/srv/detail/set_imu_calibration__struct.hpp
[167.368s] -- Installing: /home/pi/LeoRover-SLAM-ROS2/leo_common-ros2/install/leo_msgs/include/leo_msgs/leo_msgs/srv/set_imu_calibration.hpp
[167.369s] -- Up-to-date: /home/pi/LeoRover-SLAM-ROS2/leo_common-ros2/install/leo_msgs/include/leo_msgs/leo_msgs
[167.371s] -- Up-to-date: /home/pi/LeoRover-SLAM-ROS2/leo_common-ros2/install/leo_msgs/include/leo_msgs/leo_msgs/msg
[167.374s] -- Up-to-date: /home/pi/LeoRover-SLAM-ROS2/leo_common-ros2/install/leo_msgs/include/leo_msgs/leo_msgs/msg/detail
[167.374s] -- Installing: /home/pi/LeoRover-SLAM-ROS2/leo_common-ros2/install/leo_msgs/include/leo_msgs/leo_msgs/msg/detail/wheel_odom_mecanum__rosidl_typesupport_fastrtps_cpp.hpp
[167.375s] -- Installing: /home/pi/LeoRover-SLAM-ROS2/leo_common-ros2/install/leo_msgs/include/leo_msgs/leo_msgs/msg/detail/dds_fastrtps
[167.378s] -- Installing: /home/pi/LeoRover-SLAM-ROS2/leo_common-ros2/install/leo_msgs/include/leo_msgs/leo_msgs/msg/detail/wheel_states__rosidl_typesupport_fastrtps_cpp.hpp
[167.379s] -- Installing: /home/pi/LeoRover-SLAM-ROS2/leo_common-ros2/install/leo_msgs/include/leo_msgs/leo_msgs/msg/detail/wheel_odom__rosidl_typesupport_fastrtps_cpp.hpp
[167.384s] -- Installing: /home/pi/LeoRover-SLAM-ROS2/leo_common-ros2/install/leo_msgs/include/leo_msgs/leo_msgs/msg/detail/imu__rosidl_typesupport_fastrtps_cpp.hpp
[167.386s] -- Installing: /home/pi/LeoRover-SLAM-ROS2/leo_common-ros2/install/leo_msgs/include/leo_msgs/leo_msgs/msg/rosidl_typesupport_fastrtps_cpp__visibility_control.h
[167.390s] -- Up-to-date: /home/pi/LeoRover-SLAM-ROS2/leo_common-ros2/install/leo_msgs/include/leo_msgs/leo_msgs/srv
[167.391s] -- Up-to-date: /home/pi/LeoRover-SLAM-ROS2/leo_common-ros2/install/leo_msgs/include/leo_msgs/leo_msgs/srv/detail
[167.392s] -- Installing: /home/pi/LeoRover-SLAM-ROS2/leo_common-ros2/install/leo_msgs/include/leo_msgs/leo_msgs/srv/detail/set_imu_calibration__rosidl_typesupport_fastrtps_cpp.hpp
[167.395s] -- Installing: /home/pi/LeoRover-SLAM-ROS2/leo_common-ros2/install/leo_msgs/include/leo_msgs/leo_msgs/srv/detail/dds_fastrtps
[167.396s] -- Installing: /home/pi/LeoRover-SLAM-ROS2/leo_common-ros2/install/leo_msgs/lib/libleo_msgs__rosidl_typesupport_fastrtps_cpp.so
[167.400s] -- Set runtime path of "/home/pi/LeoRover-SLAM-ROS2/leo_common-ros2/install/leo_msgs/lib/libleo_msgs__rosidl_typesupport_fastrtps_cpp.so" to ""
[167.400s] -- Up-to-date: /home/pi/LeoRover-SLAM-ROS2/leo_common-ros2/install/leo_msgs/include/leo_msgs/leo_msgs
[167.401s] -- Up-to-date: /home/pi/LeoRover-SLAM-ROS2/leo_common-ros2/install/leo_msgs/include/leo_msgs/leo_msgs/msg
[167.402s] -- Up-to-date: /home/pi/LeoRover-SLAM-ROS2/leo_common-ros2/install/leo_msgs/include/leo_msgs/leo_msgs/msg/detail
[167.402s] -- Installing: /home/pi/LeoRover-SLAM-ROS2/leo_common-ros2/install/leo_msgs/include/leo_msgs/leo_msgs/msg/detail/wheel_odom__type_support.cpp
[167.404s] -- Installing: /home/pi/LeoRover-SLAM-ROS2/leo_common-ros2/install/leo_msgs/include/leo_msgs/leo_msgs/msg/detail/wheel_odom_mecanum__rosidl_typesupport_introspection_cpp.hpp
[167.407s] -- Installing: /home/pi/LeoRover-SLAM-ROS2/leo_common-ros2/install/leo_msgs/include/leo_msgs/leo_msgs/msg/detail/wheel_odom__rosidl_typesupport_introspection_cpp.hpp
[167.408s] -- Installing: /home/pi/LeoRover-SLAM-ROS2/leo_common-ros2/install/leo_msgs/include/leo_msgs/leo_msgs/msg/detail/wheel_states__type_support.cpp
[167.412s] -- Installing: /home/pi/LeoRover-SLAM-ROS2/leo_common-ros2/install/leo_msgs/include/leo_msgs/leo_msgs/msg/detail/wheel_odom_mecanum__type_support.cpp
[167.418s] -- Installing: /home/pi/LeoRover-SLAM-ROS2/leo_common-ros2/install/leo_msgs/include/leo_msgs/leo_msgs/msg/detail/wheel_states__rosidl_typesupport_introspection_cpp.hpp
[167.419s] -- Installing: /home/pi/LeoRover-SLAM-ROS2/leo_common-ros2/install/leo_msgs/include/leo_msgs/leo_msgs/msg/detail/imu__rosidl_typesupport_introspection_cpp.hpp
[167.423s] -- Installing: /home/pi/LeoRover-SLAM-ROS2/leo_common-ros2/install/leo_msgs/include/leo_msgs/leo_msgs/msg/detail/imu__type_support.cpp
[167.428s] -- Up-to-date: /home/pi/LeoRover-SLAM-ROS2/leo_common-ros2/install/leo_msgs/include/leo_msgs/leo_msgs/srv
[167.430s] -- Up-to-date: /home/pi/LeoRover-SLAM-ROS2/leo_common-ros2/install/leo_msgs/include/leo_msgs/leo_msgs/srv/detail
[167.430s] -- Installing: /home/pi/LeoRover-SLAM-ROS2/leo_common-ros2/install/leo_msgs/include/leo_msgs/leo_msgs/srv/detail/set_imu_calibration__type_support.cpp
[167.432s] -- Installing: /home/pi/LeoRover-SLAM-ROS2/leo_common-ros2/install/leo_msgs/include/leo_msgs/leo_msgs/srv/detail/set_imu_calibration__rosidl_typesupport_introspection_cpp.hpp
[167.433s] -- Installing: /home/pi/LeoRover-SLAM-ROS2/leo_common-ros2/install/leo_msgs/lib/libleo_msgs__rosidl_typesupport_introspection_cpp.so
[167.438s] -- Set runtime path of "/home/pi/LeoRover-SLAM-ROS2/leo_common-ros2/install/leo_msgs/lib/libleo_msgs__rosidl_typesupport_introspection_cpp.so" to ""
[167.439s] -- Installing: /home/pi/LeoRover-SLAM-ROS2/leo_common-ros2/install/leo_msgs/lib/libleo_msgs__rosidl_typesupport_cpp.so
[167.443s] -- Set runtime path of "/home/pi/LeoRover-SLAM-ROS2/leo_common-ros2/install/leo_msgs/lib/libleo_msgs__rosidl_typesupport_cpp.so" to ""
[167.444s] -- Installing: /home/pi/LeoRover-SLAM-ROS2/leo_common-ros2/install/leo_msgs/share/leo_msgs/environment/pythonpath.sh
[167.446s] -- Installing: /home/pi/LeoRover-SLAM-ROS2/leo_common-ros2/install/leo_msgs/share/leo_msgs/environment/pythonpath.dsv
[167.448s] -- Installing: /home/pi/LeoRover-SLAM-ROS2/leo_common-ros2/install/leo_msgs/local/lib/python3.10/dist-packages/leo_msgs-1.1.0-py3.10.egg-info
[167.452s] -- Installing: /home/pi/LeoRover-SLAM-ROS2/leo_common-ros2/install/leo_msgs/local/lib/python3.10/dist-packages/leo_msgs-1.1.0-py3.10.egg-info/dependency_links.txt
[167.458s] -- Installing: /home/pi/LeoRover-SLAM-ROS2/leo_common-ros2/install/leo_msgs/local/lib/python3.10/dist-packages/leo_msgs-1.1.0-py3.10.egg-info/SOURCES.txt
[167.459s] -- Installing: /home/pi/LeoRover-SLAM-ROS2/leo_common-ros2/install/leo_msgs/local/lib/python3.10/dist-packages/leo_msgs-1.1.0-py3.10.egg-info/top_level.txt
[167.460s] -- Installing: /home/pi/LeoRover-SLAM-ROS2/leo_common-ros2/install/leo_msgs/local/lib/python3.10/dist-packages/leo_msgs-1.1.0-py3.10.egg-info/PKG-INFO
[167.464s] -- Installing: /home/pi/LeoRover-SLAM-ROS2/leo_common-ros2/install/leo_msgs/local/lib/python3.10/dist-packages/leo_msgs
[167.467s] -- Installing: /home/pi/LeoRover-SLAM-ROS2/leo_common-ros2/install/leo_msgs/local/lib/python3.10/dist-packages/leo_msgs/_leo_msgs_s.ep.rosidl_typesupport_fastrtps_c.c
[167.470s] -- Installing: /home/pi/LeoRover-SLAM-ROS2/leo_common-ros2/install/leo_msgs/local/lib/python3.10/dist-packages/leo_msgs/msg
[167.473s] -- Installing: /home/pi/LeoRover-SLAM-ROS2/leo_common-ros2/install/leo_msgs/local/lib/python3.10/dist-packages/leo_msgs/msg/_wheel_states_s.c
[167.475s] -- Installing: /home/pi/LeoRover-SLAM-ROS2/leo_common-ros2/install/leo_msgs/local/lib/python3.10/dist-packages/leo_msgs/msg/_wheel_odom_s.c
[167.478s] -- Installing: /home/pi/LeoRover-SLAM-ROS2/leo_common-ros2/install/leo_msgs/local/lib/python3.10/dist-packages/leo_msgs/msg/_imu_s.c
[167.480s] -- Installing: /home/pi/LeoRover-SLAM-ROS2/leo_common-ros2/install/leo_msgs/local/lib/python3.10/dist-packages/leo_msgs/msg/_wheel_odom_mecanum_s.c
[167.486s] -- Installing: /home/pi/LeoRover-SLAM-ROS2/leo_common-ros2/install/leo_msgs/local/lib/python3.10/dist-packages/leo_msgs/msg/_imu.py
[167.488s] -- Installing: /home/pi/LeoRover-SLAM-ROS2/leo_common-ros2/install/leo_msgs/local/lib/python3.10/dist-packages/leo_msgs/msg/_wheel_states.py
[167.489s] -- Installing: /home/pi/LeoRover-SLAM-ROS2/leo_common-ros2/install/leo_msgs/local/lib/python3.10/dist-packages/leo_msgs/msg/_wheel_odom_mecanum.py
[167.494s] -- Installing: /home/pi/LeoRover-SLAM-ROS2/leo_common-ros2/install/leo_msgs/local/lib/python3.10/dist-packages/leo_msgs/msg/__init__.py
[167.496s] -- Installing: /home/pi/LeoRover-SLAM-ROS2/leo_common-ros2/install/leo_msgs/local/lib/python3.10/dist-packages/leo_msgs/msg/_wheel_odom.py
[167.499s] -- Installing: /home/pi/LeoRover-SLAM-ROS2/leo_common-ros2/install/leo_msgs/local/lib/python3.10/dist-packages/leo_msgs/_leo_msgs_s.ep.rosidl_typesupport_introspection_c.c
[167.503s] -- Installing: /home/pi/LeoRover-SLAM-ROS2/leo_common-ros2/install/leo_msgs/local/lib/python3.10/dist-packages/leo_msgs/leo_msgs_s__rosidl_typesupport_c.cpython-310-aarch64-linux-gnu.so
[167.506s] -- Installing: /home/pi/LeoRover-SLAM-ROS2/leo_common-ros2/install/leo_msgs/local/lib/python3.10/dist-packages/leo_msgs/__init__.py
[167.507s] -- Installing: /home/pi/LeoRover-SLAM-ROS2/leo_common-ros2/install/leo_msgs/local/lib/python3.10/dist-packages/leo_msgs/leo_msgs_s__rosidl_typesupport_introspection_c.cpython-310-aarch64-linux-gnu.so
[167.510s] -- Installing: /home/pi/LeoRover-SLAM-ROS2/leo_common-ros2/install/leo_msgs/local/lib/python3.10/dist-packages/leo_msgs/leo_msgs_s__rosidl_typesupport_fastrtps_c.cpython-310-aarch64-linux-gnu.so
[167.518s] -- Installing: /home/pi/LeoRover-SLAM-ROS2/leo_common-ros2/install/leo_msgs/local/lib/python3.10/dist-packages/leo_msgs/srv
[167.519s] -- Installing: /home/pi/LeoRover-SLAM-ROS2/leo_common-ros2/install/leo_msgs/local/lib/python3.10/dist-packages/leo_msgs/srv/_set_imu_calibration.py
[167.524s] -- Installing: /home/pi/LeoRover-SLAM-ROS2/leo_common-ros2/install/leo_msgs/local/lib/python3.10/dist-packages/leo_msgs/srv/_set_imu_calibration_s.c
[167.526s] -- Installing: /home/pi/LeoRover-SLAM-ROS2/leo_common-ros2/install/leo_msgs/local/lib/python3.10/dist-packages/leo_msgs/srv/__init__.py
[167.532s] -- Installing: /home/pi/LeoRover-SLAM-ROS2/leo_common-ros2/install/leo_msgs/local/lib/python3.10/dist-packages/leo_msgs/libleo_msgs__rosidl_generator_py.so
[167.532s] -- Installing: /home/pi/LeoRover-SLAM-ROS2/leo_common-ros2/install/leo_msgs/local/lib/python3.10/dist-packages/leo_msgs/_leo_msgs_s.ep.rosidl_typesupport_c.c
[167.875s] Listing '/home/pi/LeoRover-SLAM-ROS2/leo_common-ros2/install/leo_msgs/local/lib/python3.10/dist-packages/leo_msgs'...
[167.876s] Compiling '/home/pi/LeoRover-SLAM-ROS2/leo_common-ros2/install/leo_msgs/local/lib/python3.10/dist-packages/leo_msgs/__init__.py'...
[167.881s] Listing '/home/pi/LeoRover-SLAM-ROS2/leo_common-ros2/install/leo_msgs/local/lib/python3.10/dist-packages/leo_msgs/msg'...
[167.883s] Compiling '/home/pi/LeoRover-SLAM-ROS2/leo_common-ros2/install/leo_msgs/local/lib/python3.10/dist-packages/leo_msgs/msg/__init__.py'...
[167.884s] Compiling '/home/pi/LeoRover-SLAM-ROS2/leo_common-ros2/install/leo_msgs/local/lib/python3.10/dist-packages/leo_msgs/msg/_imu.py'...
[167.886s] Compiling '/home/pi/LeoRover-SLAM-ROS2/leo_common-ros2/install/leo_msgs/local/lib/python3.10/dist-packages/leo_msgs/msg/_wheel_odom.py'...
[167.890s] Compiling '/home/pi/LeoRover-SLAM-ROS2/leo_common-ros2/install/leo_msgs/local/lib/python3.10/dist-packages/leo_msgs/msg/_wheel_odom_mecanum.py'...
[167.892s] Compiling '/home/pi/LeoRover-SLAM-ROS2/leo_common-ros2/install/leo_msgs/local/lib/python3.10/dist-packages/leo_msgs/msg/_wheel_states.py'...
[167.899s] Listing '/home/pi/LeoRover-SLAM-ROS2/leo_common-ros2/install/leo_msgs/local/lib/python3.10/dist-packages/leo_msgs/srv'...
[167.901s] Compiling '/home/pi/LeoRover-SLAM-ROS2/leo_common-ros2/install/leo_msgs/local/lib/python3.10/dist-packages/leo_msgs/srv/__init__.py'...
[167.903s] Compiling '/home/pi/LeoRover-SLAM-ROS2/leo_common-ros2/install/leo_msgs/local/lib/python3.10/dist-packages/leo_msgs/srv/_set_imu_calibration.py'...
[167.927s] -- Installing: /home/pi/LeoRover-SLAM-ROS2/leo_common-ros2/install/leo_msgs/local/lib/python3.10/dist-packages/leo_msgs/leo_msgs_s__rosidl_typesupport_fastrtps_c.cpython-310-aarch64-linux-gnu.so
[167.933s] -- Set runtime path of "/home/pi/LeoRover-SLAM-ROS2/leo_common-ros2/install/leo_msgs/local/lib/python3.10/dist-packages/leo_msgs/leo_msgs_s__rosidl_typesupport_fastrtps_c.cpython-310-aarch64-linux-gnu.so" to ""
[167.941s] -- Installing: /home/pi/LeoRover-SLAM-ROS2/leo_common-ros2/install/leo_msgs/local/lib/python3.10/dist-packages/leo_msgs/leo_msgs_s__rosidl_typesupport_introspection_c.cpython-310-aarch64-linux-gnu.so
[167.947s] -- Set runtime path of "/home/pi/LeoRover-SLAM-ROS2/leo_common-ros2/install/leo_msgs/local/lib/python3.10/dist-packages/leo_msgs/leo_msgs_s__rosidl_typesupport_introspection_c.cpython-310-aarch64-linux-gnu.so" to ""
[167.950s] -- Installing: /home/pi/LeoRover-SLAM-ROS2/leo_common-ros2/install/leo_msgs/local/lib/python3.10/dist-packages/leo_msgs/leo_msgs_s__rosidl_typesupport_c.cpython-310-aarch64-linux-gnu.so
[167.960s] -- Set runtime path of "/home/pi/LeoRover-SLAM-ROS2/leo_common-ros2/install/leo_msgs/local/lib/python3.10/dist-packages/leo_msgs/leo_msgs_s__rosidl_typesupport_c.cpython-310-aarch64-linux-gnu.so" to ""
[167.961s] -- Installing: /home/pi/LeoRover-SLAM-ROS2/leo_common-ros2/install/leo_msgs/lib/libleo_msgs__rosidl_generator_py.so
[167.970s] -- Set runtime path of "/home/pi/LeoRover-SLAM-ROS2/leo_common-ros2/install/leo_msgs/lib/libleo_msgs__rosidl_generator_py.so" to ""
[167.971s] -- Installing: /home/pi/LeoRover-SLAM-ROS2/leo_common-ros2/install/leo_msgs/share/leo_msgs/msg/Imu.idl
[167.975s] -- Installing: /home/pi/LeoRover-SLAM-ROS2/leo_common-ros2/install/leo_msgs/share/leo_msgs/msg/WheelOdom.idl
[167.979s] -- Installing: /home/pi/LeoRover-SLAM-ROS2/leo_common-ros2/install/leo_msgs/share/leo_msgs/msg/WheelOdomMecanum.idl
[167.984s] -- Installing: /home/pi/LeoRover-SLAM-ROS2/leo_common-ros2/install/leo_msgs/share/leo_msgs/msg/WheelStates.idl
[167.989s] -- Installing: /home/pi/LeoRover-SLAM-ROS2/leo_common-ros2/install/leo_msgs/share/leo_msgs/srv/SetImuCalibration.idl
[167.993s] -- Installing: /home/pi/LeoRover-SLAM-ROS2/leo_common-ros2/install/leo_msgs/share/leo_msgs/msg/Imu.msg
[167.997s] -- Installing: /home/pi/LeoRover-SLAM-ROS2/leo_common-ros2/install/leo_msgs/share/leo_msgs/msg/WheelOdom.msg
[168.001s] -- Installing: /home/pi/LeoRover-SLAM-ROS2/leo_common-ros2/install/leo_msgs/share/leo_msgs/msg/WheelOdomMecanum.msg
[168.005s] -- Installing: /home/pi/LeoRover-SLAM-ROS2/leo_common-ros2/install/leo_msgs/share/leo_msgs/msg/WheelStates.msg
[168.012s] -- Installing: /home/pi/LeoRover-SLAM-ROS2/leo_common-ros2/install/leo_msgs/share/leo_msgs/srv/SetImuCalibration.srv
[168.015s] -- Installing: /home/pi/LeoRover-SLAM-ROS2/leo_common-ros2/install/leo_msgs/share/leo_msgs/srv/SetImuCalibration_Request.msg
[168.021s] -- Installing: /home/pi/LeoRover-SLAM-ROS2/leo_common-ros2/install/leo_msgs/share/leo_msgs/srv/SetImuCalibration_Response.msg
[168.025s] -- Installing: /home/pi/LeoRover-SLAM-ROS2/leo_common-ros2/install/leo_msgs/share/ament_index/resource_index/package_run_dependencies/leo_msgs
[168.031s] -- Installing: /home/pi/LeoRover-SLAM-ROS2/leo_common-ros2/install/leo_msgs/share/ament_index/resource_index/parent_prefix_path/leo_msgs
[168.037s] -- Installing: /home/pi/LeoRover-SLAM-ROS2/leo_common-ros2/install/leo_msgs/share/leo_msgs/environment/ament_prefix_path.sh
[168.044s] -- Installing: /home/pi/LeoRover-SLAM-ROS2/leo_common-ros2/install/leo_msgs/share/leo_msgs/environment/ament_prefix_path.dsv
[168.049s] -- Installing: /home/pi/LeoRover-SLAM-ROS2/leo_common-ros2/install/leo_msgs/share/leo_msgs/environment/path.sh
[168.054s] -- Installing: /home/pi/LeoRover-SLAM-ROS2/leo_common-ros2/install/leo_msgs/share/leo_msgs/environment/path.dsv
[168.059s] -- Installing: /home/pi/LeoRover-SLAM-ROS2/leo_common-ros2/install/leo_msgs/share/leo_msgs/local_setup.bash
[168.065s] -- Installing: /home/pi/LeoRover-SLAM-ROS2/leo_common-ros2/install/leo_msgs/share/leo_msgs/local_setup.sh
[168.068s] -- Installing: /home/pi/LeoRover-SLAM-ROS2/leo_common-ros2/install/leo_msgs/share/leo_msgs/local_setup.zsh
[168.073s] -- Installing: /home/pi/LeoRover-SLAM-ROS2/leo_common-ros2/install/leo_msgs/share/leo_msgs/local_setup.dsv
[168.076s] -- Installing: /home/pi/LeoRover-SLAM-ROS2/leo_common-ros2/install/leo_msgs/share/leo_msgs/package.dsv
[168.080s] -- Installing: /home/pi/LeoRover-SLAM-ROS2/leo_common-ros2/install/leo_msgs/share/ament_index/resource_index/packages/leo_msgs
[168.085s] -- Installing: /home/pi/LeoRover-SLAM-ROS2/leo_common-ros2/install/leo_msgs/share/leo_msgs/cmake/export_leo_msgs__rosidl_generator_cExport.cmake
[168.088s] -- Installing: /home/pi/LeoRover-SLAM-ROS2/leo_common-ros2/install/leo_msgs/share/leo_msgs/cmake/export_leo_msgs__rosidl_generator_cExport-noconfig.cmake
[168.091s] -- Installing: /home/pi/LeoRover-SLAM-ROS2/leo_common-ros2/install/leo_msgs/share/leo_msgs/cmake/export_leo_msgs__rosidl_typesupport_fastrtps_cExport.cmake
[168.093s] -- Installing: /home/pi/LeoRover-SLAM-ROS2/leo_common-ros2/install/leo_msgs/share/leo_msgs/cmake/export_leo_msgs__rosidl_typesupport_fastrtps_cExport-noconfig.cmake
[168.097s] -- Installing: /home/pi/LeoRover-SLAM-ROS2/leo_common-ros2/install/leo_msgs/share/leo_msgs/cmake/leo_msgs__rosidl_typesupport_introspection_cExport.cmake
[168.100s] -- Installing: /home/pi/LeoRover-SLAM-ROS2/leo_common-ros2/install/leo_msgs/share/leo_msgs/cmake/leo_msgs__rosidl_typesupport_introspection_cExport-noconfig.cmake
[168.106s] -- Installing: /home/pi/LeoRover-SLAM-ROS2/leo_common-ros2/install/leo_msgs/share/leo_msgs/cmake/leo_msgs__rosidl_typesupport_cExport.cmake
[168.108s] -- Installing: /home/pi/LeoRover-SLAM-ROS2/leo_common-ros2/install/leo_msgs/share/leo_msgs/cmake/leo_msgs__rosidl_typesupport_cExport-noconfig.cmake
[168.111s] -- Installing: /home/pi/LeoRover-SLAM-ROS2/leo_common-ros2/install/leo_msgs/share/leo_msgs/cmake/export_leo_msgs__rosidl_generator_cppExport.cmake
[168.115s] -- Installing: /home/pi/LeoRover-SLAM-ROS2/leo_common-ros2/install/leo_msgs/share/leo_msgs/cmake/export_leo_msgs__rosidl_typesupport_fastrtps_cppExport.cmake
[168.118s] -- Installing: /home/pi/LeoRover-SLAM-ROS2/leo_common-ros2/install/leo_msgs/share/leo_msgs/cmake/export_leo_msgs__rosidl_typesupport_fastrtps_cppExport-noconfig.cmake
[168.122s] -- Installing: /home/pi/LeoRover-SLAM-ROS2/leo_common-ros2/install/leo_msgs/share/leo_msgs/cmake/leo_msgs__rosidl_typesupport_introspection_cppExport.cmake
[168.126s] -- Installing: /home/pi/LeoRover-SLAM-ROS2/leo_common-ros2/install/leo_msgs/share/leo_msgs/cmake/leo_msgs__rosidl_typesupport_introspection_cppExport-noconfig.cmake
[168.129s] -- Installing: /home/pi/LeoRover-SLAM-ROS2/leo_common-ros2/install/leo_msgs/share/leo_msgs/cmake/leo_msgs__rosidl_typesupport_cppExport.cmake
[168.134s] -- Installing: /home/pi/LeoRover-SLAM-ROS2/leo_common-ros2/install/leo_msgs/share/leo_msgs/cmake/leo_msgs__rosidl_typesupport_cppExport-noconfig.cmake
[168.140s] -- Installing: /home/pi/LeoRover-SLAM-ROS2/leo_common-ros2/install/leo_msgs/share/leo_msgs/cmake/export_leo_msgs__rosidl_generator_pyExport.cmake
[168.144s] -- Installing: /home/pi/LeoRover-SLAM-ROS2/leo_common-ros2/install/leo_msgs/share/leo_msgs/cmake/export_leo_msgs__rosidl_generator_pyExport-noconfig.cmake
[168.146s] -- Installing: /home/pi/LeoRover-SLAM-ROS2/leo_common-ros2/install/leo_msgs/share/leo_msgs/cmake/rosidl_cmake-extras.cmake
[168.149s] -- Installing: /home/pi/LeoRover-SLAM-ROS2/leo_common-ros2/install/leo_msgs/share/leo_msgs/cmake/ament_cmake_export_dependencies-extras.cmake
[168.151s] -- Installing: /home/pi/LeoRover-SLAM-ROS2/leo_common-ros2/install/leo_msgs/share/leo_msgs/cmake/ament_cmake_export_include_directories-extras.cmake
[168.154s] -- Installing: /home/pi/LeoRover-SLAM-ROS2/leo_common-ros2/install/leo_msgs/share/leo_msgs/cmake/ament_cmake_export_libraries-extras.cmake
[168.157s] -- Installing: /home/pi/LeoRover-SLAM-ROS2/leo_common-ros2/install/leo_msgs/share/leo_msgs/cmake/ament_cmake_export_targets-extras.cmake
[168.159s] -- Installing: /home/pi/LeoRover-SLAM-ROS2/leo_common-ros2/install/leo_msgs/share/leo_msgs/cmake/rosidl_cmake_export_typesupport_targets-extras.cmake
[168.162s] -- Installing: /home/pi/LeoRover-SLAM-ROS2/leo_common-ros2/install/leo_msgs/share/leo_msgs/cmake/rosidl_cmake_export_typesupport_libraries-extras.cmake
[168.165s] -- Installing: /home/pi/LeoRover-SLAM-ROS2/leo_common-ros2/install/leo_msgs/share/leo_msgs/cmake/leo_msgsConfig.cmake
[168.168s] -- Installing: /home/pi/LeoRover-SLAM-ROS2/leo_common-ros2/install/leo_msgs/share/leo_msgs/cmake/leo_msgsConfig-version.cmake
[168.172s] -- Installing: /home/pi/LeoRover-SLAM-ROS2/leo_common-ros2/install/leo_msgs/share/leo_msgs/package.xml
[168.188s] Invoked command in '/home/pi/LeoRover-SLAM-ROS2/leo_common-ros2/build/leo_msgs' returned '0': CMAKE_PREFIX_PATH=${CMAKE_PREFIX_PATH}:/opt/ros/humble /usr/bin/cmake --install /home/pi/LeoRover-SLAM-ROS2/leo_common-ros2/build/leo_msgs
