[0.070s] Invoking command in '/home/situjet/Desktop/aruco_ros/aruco_ros/build/aruco_ros': CMAKE_PREFIX_PATH=/home/situjet/Desktop/aruco_ros/aruco_ros/install/aruco_msgs:/home/situjet/Desktop/aruco_ros/aruco_ros/install/aruco:/home/situjet/Desktop/aruco_ros/aruco_ros/install/aruco_ros:/opt/ros/humble LD_LIBRARY_PATH=/home/situjet/Desktop/aruco_ros/aruco_ros/install/aruco_msgs/lib:/home/situjet/Desktop/aruco_ros/aruco_ros/install/aruco/lib:/home/situjet/Desktop/aruco_ros/aruco_ros/install/aruco_ros/lib:/opt/ros/humble/opt/rviz_ogre_vendor/lib:/opt/ros/humble/lib/x86_64-linux-gnu:/opt/ros/humble/lib /home/situjet/.local/bin/cmake /home/situjet/Desktop/aruco_ros/aruco_ros/aruco_ros -DCMAKE_INSTALL_PREFIX=/home/situjet/Desktop/aruco_ros/aruco_ros/install/aruco_ros
[0.098s] -- Found ament_cmake: 1.3.5 (/opt/ros/humble/share/ament_cmake/cmake)
[0.278s] -- Override CMake install command with custom implementation using symlinks instead of copying resources
[0.293s] -- Found cv_bridge: 3.2.1 (/opt/ros/humble/share/cv_bridge/cmake)
[0.323s] -- Found rosidl_generator_c: 3.1.5 (/opt/ros/humble/share/rosidl_generator_c/cmake)
[0.326s] -- Found rosidl_adapter: 3.1.5 (/opt/ros/humble/share/rosidl_adapter/cmake)
[0.332s] -- Found rosidl_generator_cpp: 3.1.5 (/opt/ros/humble/share/rosidl_generator_cpp/cmake)
[0.346s] -- Using all available rosidl_typesupport_c: rosidl_typesupport_fastrtps_c;rosidl_typesupport_introspection_c
[0.365s] -- Using all available rosidl_typesupport_cpp: rosidl_typesupport_fastrtps_cpp;rosidl_typesupport_introspection_cpp
[0.594s] -- Found image_transport: 3.1.7 (/opt/ros/humble/share/image_transport/cmake)
[0.646s] -- Found rmw_implementation_cmake: 6.1.1 (/opt/ros/humble/share/rmw_implementation_cmake/cmake)
[0.648s] -- Found rmw_fastrtps_cpp: 6.2.4 (/opt/ros/humble/share/rmw_fastrtps_cpp/cmake)
[0.751s] -- Using RMW implementation 'rmw_fastrtps_cpp' as default
[0.925s] -- Found rclpy: 3.3.10 (/opt/ros/humble/share/rclpy/cmake)
[0.925s] -- Found tf2: 0.25.4 (/opt/ros/humble/share/tf2/cmake)
[0.933s] -- Found tf2_ros: 0.25.4 (/opt/ros/humble/share/tf2_ros/cmake)
[1.251s] -- Found tf2_geometry_msgs: 0.25.4 (/opt/ros/humble/share/tf2_geometry_msgs/cmake)
[1.255s] -- Found eigen3_cmake_module: 0.1.1 (/opt/ros/humble/share/eigen3_cmake_module/cmake)
[1.256s] -- Ensuring Eigen3 include directory is part of orocos-kdl CMake target
[1.265s] -- Found aruco: 5.0.3 (/home/situjet/Desktop/aruco_ros/aruco_ros/install/aruco/share/aruco/cmake)
[1.266s] -- Found aruco_msgs: 5.0.3 (/home/situjet/Desktop/aruco_ros/aruco_ros/install/aruco_msgs/share/aruco_msgs/cmake)
[1.332s] -- Found visualization_msgs: 4.2.3 (/opt/ros/humble/share/visualization_msgs/cmake)
[1.467s] -- Found ament_lint_auto: 0.12.8 (/opt/ros/humble/share/ament_lint_auto/cmake)
[1.528s] -- Added test 'cppcheck' to perform static code analysis on C / C++ code
[1.528s] -- Configured cppcheck include dirs: /home/situjet/Desktop/aruco_ros/aruco_ros/aruco_ros/include
[1.528s] -- Configured cppcheck exclude dirs and/or files: 
[1.529s] -- Added test 'cpplint' to check C / C++ code against the Google style
[1.529s] -- Configured cpplint exclude dirs and/or files: 
[1.529s] -- Added test 'flake8' to check Python code syntax and style conventions
[1.530s] -- Added test 'lint_cmake' to check CMake code style
[1.530s] -- Added test 'pep257' to check Python code against some of the docstring style conventions in PEP 257
[1.531s] -- Added test 'uncrustify' to check C / C++ code style
[1.531s] -- Configured uncrustify additional arguments: 
[1.531s] -- Added test 'xmllint' to check XML markup files
[1.532s] -- Configuring done (1.4s)
[1.573s] -- Generating done (0.0s)
[1.575s] -- Build files have been written to: /home/situjet/Desktop/aruco_ros/aruco_ros/build/aruco_ros
[1.586s] Invoked command in '/home/situjet/Desktop/aruco_ros/aruco_ros/build/aruco_ros' returned '0': CMAKE_PREFIX_PATH=/home/situjet/Desktop/aruco_ros/aruco_ros/install/aruco_msgs:/home/situjet/Desktop/aruco_ros/aruco_ros/install/aruco:/home/situjet/Desktop/aruco_ros/aruco_ros/install/aruco_ros:/opt/ros/humble LD_LIBRARY_PATH=/home/situjet/Desktop/aruco_ros/aruco_ros/install/aruco_msgs/lib:/home/situjet/Desktop/aruco_ros/aruco_ros/install/aruco/lib:/home/situjet/Desktop/aruco_ros/aruco_ros/install/aruco_ros/lib:/opt/ros/humble/opt/rviz_ogre_vendor/lib:/opt/ros/humble/lib/x86_64-linux-gnu:/opt/ros/humble/lib /home/situjet/.local/bin/cmake /home/situjet/Desktop/aruco_ros/aruco_ros/aruco_ros -DCMAKE_INSTALL_PREFIX=/home/situjet/Desktop/aruco_ros/aruco_ros/install/aruco_ros
[1.587s] Invoking command in '/home/situjet/Desktop/aruco_ros/aruco_ros/build/aruco_ros': CMAKE_PREFIX_PATH=/home/situjet/Desktop/aruco_ros/aruco_ros/install/aruco_msgs:/home/situjet/Desktop/aruco_ros/aruco_ros/install/aruco:/home/situjet/Desktop/aruco_ros/aruco_ros/install/aruco_ros:/opt/ros/humble LD_LIBRARY_PATH=/home/situjet/Desktop/aruco_ros/aruco_ros/install/aruco_msgs/lib:/home/situjet/Desktop/aruco_ros/aruco_ros/install/aruco/lib:/home/situjet/Desktop/aruco_ros/aruco_ros/install/aruco_ros/lib:/opt/ros/humble/opt/rviz_ogre_vendor/lib:/opt/ros/humble/lib/x86_64-linux-gnu:/opt/ros/humble/lib /home/situjet/.local/bin/cmake --build /home/situjet/Desktop/aruco_ros/aruco_ros/build/aruco_ros -- -j12 -l12
[1.623s] [ 18%] Built target aruco_ros_utils
[1.628s] [ 45%] Built target double
[1.628s] [ 72%] Built target single
[1.628s] [100%] Built target marker_publisher
[1.634s] Invoked command in '/home/situjet/Desktop/aruco_ros/aruco_ros/build/aruco_ros' returned '0': CMAKE_PREFIX_PATH=/home/situjet/Desktop/aruco_ros/aruco_ros/install/aruco_msgs:/home/situjet/Desktop/aruco_ros/aruco_ros/install/aruco:/home/situjet/Desktop/aruco_ros/aruco_ros/install/aruco_ros:/opt/ros/humble LD_LIBRARY_PATH=/home/situjet/Desktop/aruco_ros/aruco_ros/install/aruco_msgs/lib:/home/situjet/Desktop/aruco_ros/aruco_ros/install/aruco/lib:/home/situjet/Desktop/aruco_ros/aruco_ros/install/aruco_ros/lib:/opt/ros/humble/opt/rviz_ogre_vendor/lib:/opt/ros/humble/lib/x86_64-linux-gnu:/opt/ros/humble/lib /home/situjet/.local/bin/cmake --build /home/situjet/Desktop/aruco_ros/aruco_ros/build/aruco_ros -- -j12 -l12
[1.669s] Invoking command in '/home/situjet/Desktop/aruco_ros/aruco_ros/build/aruco_ros': CMAKE_PREFIX_PATH=/home/situjet/Desktop/aruco_ros/aruco_ros/install/aruco_msgs:/home/situjet/Desktop/aruco_ros/aruco_ros/install/aruco:/home/situjet/Desktop/aruco_ros/aruco_ros/install/aruco_ros:/opt/ros/humble LD_LIBRARY_PATH=/home/situjet/Desktop/aruco_ros/aruco_ros/install/aruco_msgs/lib:/home/situjet/Desktop/aruco_ros/aruco_ros/install/aruco/lib:/home/situjet/Desktop/aruco_ros/aruco_ros/install/aruco_ros/lib:/opt/ros/humble/opt/rviz_ogre_vendor/lib:/opt/ros/humble/lib/x86_64-linux-gnu:/opt/ros/humble/lib /home/situjet/.local/bin/cmake --install /home/situjet/Desktop/aruco_ros/aruco_ros/build/aruco_ros
[1.689s] -- Install configuration: ""
[1.690s] -- Execute custom install script
[1.690s] -- Up-to-date symlink: /home/situjet/Desktop/aruco_ros/aruco_ros/install/aruco_ros/lib/libaruco_ros_utils.so
[1.690s] -- Up-to-date symlink: /home/situjet/Desktop/aruco_ros/aruco_ros/install/aruco_ros/lib/aruco_ros/marker_publisher
[1.690s] -- Up-to-date symlink: /home/situjet/Desktop/aruco_ros/aruco_ros/install/aruco_ros/lib/aruco_ros/single
[1.690s] -- Up-to-date symlink: /home/situjet/Desktop/aruco_ros/aruco_ros/install/aruco_ros/lib/aruco_ros/double
[1.691s] -- Up-to-date symlink: /home/situjet/Desktop/aruco_ros/aruco_ros/install/aruco_ros/share/aruco_ros/etc/marker26_5cm.jpg
[1.691s] -- Up-to-date symlink: /home/situjet/Desktop/aruco_ros/aruco_ros/install/aruco_ros/share/aruco_ros/etc/marker26_5cm_margin_1cm.jpg
[1.691s] -- Up-to-date symlink: /home/situjet/Desktop/aruco_ros/aruco_ros/install/aruco_ros/share/aruco_ros/etc/marker26_5cm_margin_2cm.jpg
[1.691s] -- Up-to-date symlink: /home/situjet/Desktop/aruco_ros/aruco_ros/install/aruco_ros/share/aruco_ros/etc/marker582_5cm.jpg
[1.691s] -- Up-to-date symlink: /home/situjet/Desktop/aruco_ros/aruco_ros/install/aruco_ros/share/aruco_ros/etc/marker582_5cm_margin_2cm.jpg
[1.691s] -- Up-to-date symlink: /home/situjet/Desktop/aruco_ros/aruco_ros/install/aruco_ros/share/aruco_ros/etc/marker_in_hand.jpg
[1.691s] -- Up-to-date symlink: /home/situjet/Desktop/aruco_ros/aruco_ros/install/aruco_ros/share/aruco_ros/etc/marker_in_object.jpg
[1.691s] -- Up-to-date symlink: /home/situjet/Desktop/aruco_ros/aruco_ros/install/aruco_ros/share/aruco_ros/etc/new_coordinates.png
[1.691s] -- Up-to-date symlink: /home/situjet/Desktop/aruco_ros/aruco_ros/install/aruco_ros/share/aruco_ros/etc/reem_gazebo_floating_marker.png
[1.691s] -- Up-to-date symlink: /home/situjet/Desktop/aruco_ros/aruco_ros/install/aruco_ros/share/aruco_ros/etc/reem_gazebo_floating_marker_world.png
[1.691s] -- Up-to-date symlink: /home/situjet/Desktop/aruco_ros/aruco_ros/install/aruco_ros/share/aruco_ros/launch/double.launch.py
[1.692s] -- Up-to-date symlink: /home/situjet/Desktop/aruco_ros/aruco_ros/install/aruco_ros/share/aruco_ros/launch/marker_publisher.launch.py
[1.692s] -- Up-to-date symlink: /home/situjet/Desktop/aruco_ros/aruco_ros/install/aruco_ros/share/aruco_ros/launch/single.launch.py
[1.692s] -- Up-to-date symlink: /home/situjet/Desktop/aruco_ros/aruco_ros/install/aruco_ros/share/ament_index/resource_index/package_run_dependencies/aruco_ros
[1.692s] -- Up-to-date symlink: /home/situjet/Desktop/aruco_ros/aruco_ros/install/aruco_ros/share/ament_index/resource_index/parent_prefix_path/aruco_ros
[1.692s] -- Up-to-date symlink: /home/situjet/Desktop/aruco_ros/aruco_ros/install/aruco_ros/share/aruco_ros/environment/ament_prefix_path.sh
[1.692s] -- Up-to-date symlink: /home/situjet/Desktop/aruco_ros/aruco_ros/install/aruco_ros/share/aruco_ros/environment/ament_prefix_path.dsv
[1.692s] -- Up-to-date symlink: /home/situjet/Desktop/aruco_ros/aruco_ros/install/aruco_ros/share/aruco_ros/environment/path.sh
[1.692s] -- Up-to-date symlink: /home/situjet/Desktop/aruco_ros/aruco_ros/install/aruco_ros/share/aruco_ros/environment/path.dsv
[1.693s] -- Up-to-date symlink: /home/situjet/Desktop/aruco_ros/aruco_ros/install/aruco_ros/share/aruco_ros/local_setup.bash
[1.693s] -- Up-to-date symlink: /home/situjet/Desktop/aruco_ros/aruco_ros/install/aruco_ros/share/aruco_ros/local_setup.sh
[1.693s] -- Up-to-date symlink: /home/situjet/Desktop/aruco_ros/aruco_ros/install/aruco_ros/share/aruco_ros/local_setup.zsh
[1.693s] -- Up-to-date symlink: /home/situjet/Desktop/aruco_ros/aruco_ros/install/aruco_ros/share/aruco_ros/local_setup.dsv
[1.693s] -- Symlinking: /home/situjet/Desktop/aruco_ros/aruco_ros/install/aruco_ros/share/aruco_ros/package.dsv
[1.695s] -- Up-to-date symlink: /home/situjet/Desktop/aruco_ros/aruco_ros/install/aruco_ros/share/ament_index/resource_index/packages/aruco_ros
[1.695s] -- Up-to-date symlink: /home/situjet/Desktop/aruco_ros/aruco_ros/install/aruco_ros/share/aruco_ros/cmake/aruco_rosConfig.cmake
[1.695s] -- Up-to-date symlink: /home/situjet/Desktop/aruco_ros/aruco_ros/install/aruco_ros/share/aruco_ros/cmake/aruco_rosConfig-version.cmake
[1.695s] -- Up-to-date symlink: /home/situjet/Desktop/aruco_ros/aruco_ros/install/aruco_ros/share/aruco_ros/package.xml
[1.695s] -- Up-to-date: /home/situjet/Desktop/aruco_ros/aruco_ros/install/aruco_ros/include
[1.695s] -- Up-to-date: /home/situjet/Desktop/aruco_ros/aruco_ros/install/aruco_ros/include/aruco_ros
[1.699s] Invoked command in '/home/situjet/Desktop/aruco_ros/aruco_ros/build/aruco_ros' returned '0': CMAKE_PREFIX_PATH=/home/situjet/Desktop/aruco_ros/aruco_ros/install/aruco_msgs:/home/situjet/Desktop/aruco_ros/aruco_ros/install/aruco:/home/situjet/Desktop/aruco_ros/aruco_ros/install/aruco_ros:/opt/ros/humble LD_LIBRARY_PATH=/home/situjet/Desktop/aruco_ros/aruco_ros/install/aruco_msgs/lib:/home/situjet/Desktop/aruco_ros/aruco_ros/install/aruco/lib:/home/situjet/Desktop/aruco_ros/aruco_ros/install/aruco_ros/lib:/opt/ros/humble/opt/rviz_ogre_vendor/lib:/opt/ros/humble/lib/x86_64-linux-gnu:/opt/ros/humble/lib /home/situjet/.local/bin/cmake --install /home/situjet/Desktop/aruco_ros/aruco_ros/build/aruco_ros
