[1.051s] DEBUG:colcon:Command line arguments: ['/usr/bin/colcon', 'build', '--symlink-install']
[1.051s] DEBUG:colcon:Parsed command line arguments: Namespace(log_base=None, log_level=None, verb_name='build', build_base='build', install_base='install', merge_install=False, symlink_install=True, test_result_base=None, continue_on_error=False, executor='parallel', parallel_workers=12, event_handlers=None, ignore_user_meta=False, metas=['./colcon.meta'], base_paths=['.'], packages_ignore=None, packages_ignore_regex=None, paths=None, packages_up_to=None, packages_up_to_regex=None, packages_above=None, packages_above_and_dependencies=None, packages_above_depth=None, packages_select_by_dep=None, packages_skip_by_dep=None, packages_skip_up_to=None, packages_select_build_failed=False, packages_skip_build_finished=False, packages_select_test_failures=False, packages_skip_test_passed=False, packages_select=None, packages_skip=None, packages_select_regex=None, packages_skip_regex=None, packages_start=None, packages_end=None, allow_overriding=[], cmake_args=None, cmake_target=None, cmake_target_skip_unavailable=False, cmake_clean_cache=False, cmake_clean_first=False, cmake_force_configure=False, ament_cmake_args=None, catkin_cmake_args=None, catkin_skip_building_tests=False, verb_parser=<colcon_defaults.argument_parser.defaults.DefaultArgumentsDecorator object at 0x7f104f24e980>, verb_extension=<colcon_core.verb.build.BuildVerb object at 0x7f104f24e5c0>, main=<bound method BuildVerb.main of <colcon_core.verb.build.BuildVerb object at 0x7f104f24e5c0>>)
[1.095s] Level 1:colcon.colcon_core.package_discovery:discover_packages(colcon_meta) check parameters
[1.095s] Level 1:colcon.colcon_core.package_discovery:discover_packages(recursive) check parameters
[1.095s] Level 1:colcon.colcon_core.package_discovery:discover_packages(ignore) check parameters
[1.095s] Level 1:colcon.colcon_core.package_discovery:discover_packages(path) check parameters
[1.095s] Level 1:colcon.colcon_core.package_discovery:discover_packages(colcon_meta) discover
[1.095s] Level 1:colcon.colcon_core.package_discovery:discover_packages(recursive) discover
[1.095s] INFO:colcon.colcon_core.package_discovery:Crawling recursively for packages in '/home/situjet/Desktop/leo_common-ros2'
[1.095s] Level 1:colcon.colcon_core.package_identification:_identify(.) by extensions ['ignore', 'ignore_ament_install']
[1.095s] Level 1:colcon.colcon_core.package_identification:_identify(.) by extension 'ignore'
[1.096s] Level 1:colcon.colcon_core.package_identification:_identify(.) by extension 'ignore_ament_install'
[1.096s] Level 1:colcon.colcon_core.package_identification:_identify(.) by extensions ['colcon_pkg']
[1.096s] Level 1:colcon.colcon_core.package_identification:_identify(.) by extension 'colcon_pkg'
[1.096s] Level 1:colcon.colcon_core.package_identification:_identify(.) by extensions ['colcon_meta']
[1.096s] Level 1:colcon.colcon_core.package_identification:_identify(.) by extension 'colcon_meta'
[1.096s] Level 1:colcon.colcon_core.package_identification:_identify(.) by extensions ['ros']
[1.096s] Level 1:colcon.colcon_core.package_identification:_identify(.) by extension 'ros'
[1.108s] Level 1:colcon.colcon_core.package_identification:_identify(.) by extensions ['cmake', 'python']
[1.108s] Level 1:colcon.colcon_core.package_identification:_identify(.) by extension 'cmake'
[1.108s] Level 1:colcon.colcon_core.package_identification:_identify(.) by extension 'python'
[1.108s] Level 1:colcon.colcon_core.package_identification:_identify(.) by extensions ['python_setup_py']
[1.108s] Level 1:colcon.colcon_core.package_identification:_identify(.) by extension 'python_setup_py'
[1.108s] Level 1:colcon.colcon_core.package_identification:_identify(build) by extensions ['ignore', 'ignore_ament_install']
[1.108s] Level 1:colcon.colcon_core.package_identification:_identify(build) by extension 'ignore'
[1.108s] Level 1:colcon.colcon_core.package_identification:_identify(build) ignored
[1.108s] Level 1:colcon.colcon_core.package_identification:_identify(install) by extensions ['ignore', 'ignore_ament_install']
[1.108s] Level 1:colcon.colcon_core.package_identification:_identify(install) by extension 'ignore'
[1.108s] Level 1:colcon.colcon_core.package_identification:_identify(install) ignored
[1.108s] Level 1:colcon.colcon_core.package_identification:_identify(log) by extensions ['ignore', 'ignore_ament_install']
[1.108s] Level 1:colcon.colcon_core.package_identification:_identify(log) by extension 'ignore'
[1.108s] Level 1:colcon.colcon_core.package_identification:_identify(log) ignored
[1.108s] Level 1:colcon.colcon_core.package_identification:_identify(src) by extensions ['ignore', 'ignore_ament_install']
[1.109s] Level 1:colcon.colcon_core.package_identification:_identify(src) by extension 'ignore'
[1.109s] Level 1:colcon.colcon_core.package_identification:_identify(src) by extension 'ignore_ament_install'
[1.109s] Level 1:colcon.colcon_core.package_identification:_identify(src) by extensions ['colcon_pkg']
[1.109s] Level 1:colcon.colcon_core.package_identification:_identify(src) by extension 'colcon_pkg'
[1.109s] Level 1:colcon.colcon_core.package_identification:_identify(src) by extensions ['colcon_meta']
[1.109s] Level 1:colcon.colcon_core.package_identification:_identify(src) by extension 'colcon_meta'
[1.109s] Level 1:colcon.colcon_core.package_identification:_identify(src) by extensions ['ros']
[1.109s] Level 1:colcon.colcon_core.package_identification:_identify(src) by extension 'ros'
[1.109s] Level 1:colcon.colcon_core.package_identification:_identify(src) by extensions ['cmake', 'python']
[1.109s] Level 1:colcon.colcon_core.package_identification:_identify(src) by extension 'cmake'
[1.109s] Level 1:colcon.colcon_core.package_identification:_identify(src) by extension 'python'
[1.109s] Level 1:colcon.colcon_core.package_identification:_identify(src) by extensions ['python_setup_py']
[1.109s] Level 1:colcon.colcon_core.package_identification:_identify(src) by extension 'python_setup_py'
[1.109s] Level 1:colcon.colcon_core.package_identification:_identify(src/build) by extensions ['ignore', 'ignore_ament_install']
[1.109s] Level 1:colcon.colcon_core.package_identification:_identify(src/build) by extension 'ignore'
[1.109s] Level 1:colcon.colcon_core.package_identification:_identify(src/build) ignored
[1.109s] Level 1:colcon.colcon_core.package_identification:_identify(src/install) by extensions ['ignore', 'ignore_ament_install']
[1.109s] Level 1:colcon.colcon_core.package_identification:_identify(src/install) by extension 'ignore'
[1.109s] Level 1:colcon.colcon_core.package_identification:_identify(src/install) ignored
[1.109s] Level 1:colcon.colcon_core.package_identification:_identify(src/leo) by extensions ['ignore', 'ignore_ament_install']
[1.109s] Level 1:colcon.colcon_core.package_identification:_identify(src/leo) by extension 'ignore'
[1.110s] Level 1:colcon.colcon_core.package_identification:_identify(src/leo) by extension 'ignore_ament_install'
[1.110s] Level 1:colcon.colcon_core.package_identification:_identify(src/leo) by extensions ['colcon_pkg']
[1.110s] Level 1:colcon.colcon_core.package_identification:_identify(src/leo) by extension 'colcon_pkg'
[1.110s] Level 1:colcon.colcon_core.package_identification:_identify(src/leo) by extensions ['colcon_meta']
[1.110s] Level 1:colcon.colcon_core.package_identification:_identify(src/leo) by extension 'colcon_meta'
[1.110s] Level 1:colcon.colcon_core.package_identification:_identify(src/leo) by extensions ['ros']
[1.110s] Level 1:colcon.colcon_core.package_identification:_identify(src/leo) by extension 'ros'
[1.112s] DEBUG:colcon.colcon_core.package_identification:Package 'src/leo' with type 'ros.ament_cmake' and name 'leo'
[1.112s] Level 1:colcon.colcon_core.package_identification:_identify(src/leo_description) by extensions ['ignore', 'ignore_ament_install']
[1.112s] Level 1:colcon.colcon_core.package_identification:_identify(src/leo_description) by extension 'ignore'
[1.112s] Level 1:colcon.colcon_core.package_identification:_identify(src/leo_description) by extension 'ignore_ament_install'
[1.112s] Level 1:colcon.colcon_core.package_identification:_identify(src/leo_description) by extensions ['colcon_pkg']
[1.112s] Level 1:colcon.colcon_core.package_identification:_identify(src/leo_description) by extension 'colcon_pkg'
[1.112s] Level 1:colcon.colcon_core.package_identification:_identify(src/leo_description) by extensions ['colcon_meta']
[1.112s] Level 1:colcon.colcon_core.package_identification:_identify(src/leo_description) by extension 'colcon_meta'
[1.112s] Level 1:colcon.colcon_core.package_identification:_identify(src/leo_description) by extensions ['ros']
[1.112s] Level 1:colcon.colcon_core.package_identification:_identify(src/leo_description) by extension 'ros'
[1.113s] DEBUG:colcon.colcon_core.package_identification:Package 'src/leo_description' with type 'ros.ament_cmake' and name 'leo_description'
[1.113s] Level 1:colcon.colcon_core.package_identification:_identify(src/leo_desktop) by extensions ['ignore', 'ignore_ament_install']
[1.113s] Level 1:colcon.colcon_core.package_identification:_identify(src/leo_desktop) by extension 'ignore'
[1.113s] Level 1:colcon.colcon_core.package_identification:_identify(src/leo_desktop) by extension 'ignore_ament_install'
[1.113s] Level 1:colcon.colcon_core.package_identification:_identify(src/leo_desktop) by extensions ['colcon_pkg']
[1.113s] Level 1:colcon.colcon_core.package_identification:_identify(src/leo_desktop) by extension 'colcon_pkg'
[1.113s] Level 1:colcon.colcon_core.package_identification:_identify(src/leo_desktop) by extensions ['colcon_meta']
[1.113s] Level 1:colcon.colcon_core.package_identification:_identify(src/leo_desktop) by extension 'colcon_meta'
[1.113s] Level 1:colcon.colcon_core.package_identification:_identify(src/leo_desktop) by extensions ['ros']
[1.113s] Level 1:colcon.colcon_core.package_identification:_identify(src/leo_desktop) by extension 'ros'
[1.114s] DEBUG:colcon.colcon_core.package_identification:Package 'src/leo_desktop' with type 'ros.ament_cmake' and name 'leo_desktop'
[1.114s] Level 1:colcon.colcon_core.package_identification:_identify(src/leo_msgs) by extensions ['ignore', 'ignore_ament_install']
[1.114s] Level 1:colcon.colcon_core.package_identification:_identify(src/leo_msgs) by extension 'ignore'
[1.114s] Level 1:colcon.colcon_core.package_identification:_identify(src/leo_msgs) by extension 'ignore_ament_install'
[1.114s] Level 1:colcon.colcon_core.package_identification:_identify(src/leo_msgs) by extensions ['colcon_pkg']
[1.114s] Level 1:colcon.colcon_core.package_identification:_identify(src/leo_msgs) by extension 'colcon_pkg'
[1.114s] Level 1:colcon.colcon_core.package_identification:_identify(src/leo_msgs) by extensions ['colcon_meta']
[1.114s] Level 1:colcon.colcon_core.package_identification:_identify(src/leo_msgs) by extension 'colcon_meta'
[1.114s] Level 1:colcon.colcon_core.package_identification:_identify(src/leo_msgs) by extensions ['ros']
[1.114s] Level 1:colcon.colcon_core.package_identification:_identify(src/leo_msgs) by extension 'ros'
[1.114s] DEBUG:colcon.colcon_core.package_identification:Package 'src/leo_msgs' with type 'ros.ament_cmake' and name 'leo_msgs'
[1.114s] Level 1:colcon.colcon_core.package_identification:_identify(src/leo_teleop) by extensions ['ignore', 'ignore_ament_install']
[1.115s] Level 1:colcon.colcon_core.package_identification:_identify(src/leo_teleop) by extension 'ignore'
[1.115s] Level 1:colcon.colcon_core.package_identification:_identify(src/leo_teleop) by extension 'ignore_ament_install'
[1.115s] Level 1:colcon.colcon_core.package_identification:_identify(src/leo_teleop) by extensions ['colcon_pkg']
[1.115s] Level 1:colcon.colcon_core.package_identification:_identify(src/leo_teleop) by extension 'colcon_pkg'
[1.115s] Level 1:colcon.colcon_core.package_identification:_identify(src/leo_teleop) by extensions ['colcon_meta']
[1.115s] Level 1:colcon.colcon_core.package_identification:_identify(src/leo_teleop) by extension 'colcon_meta'
[1.115s] Level 1:colcon.colcon_core.package_identification:_identify(src/leo_teleop) by extensions ['ros']
[1.115s] Level 1:colcon.colcon_core.package_identification:_identify(src/leo_teleop) by extension 'ros'
[1.115s] DEBUG:colcon.colcon_core.package_identification:Package 'src/leo_teleop' with type 'ros.ament_cmake' and name 'leo_teleop'
[1.115s] Level 1:colcon.colcon_core.package_identification:_identify(src/leo_viz) by extensions ['ignore', 'ignore_ament_install']
[1.115s] Level 1:colcon.colcon_core.package_identification:_identify(src/leo_viz) by extension 'ignore'
[1.115s] Level 1:colcon.colcon_core.package_identification:_identify(src/leo_viz) by extension 'ignore_ament_install'
[1.115s] Level 1:colcon.colcon_core.package_identification:_identify(src/leo_viz) by extensions ['colcon_pkg']
[1.116s] Level 1:colcon.colcon_core.package_identification:_identify(src/leo_viz) by extension 'colcon_pkg'
[1.116s] Level 1:colcon.colcon_core.package_identification:_identify(src/leo_viz) by extensions ['colcon_meta']
[1.116s] Level 1:colcon.colcon_core.package_identification:_identify(src/leo_viz) by extension 'colcon_meta'
[1.116s] Level 1:colcon.colcon_core.package_identification:_identify(src/leo_viz) by extensions ['ros']
[1.116s] Level 1:colcon.colcon_core.package_identification:_identify(src/leo_viz) by extension 'ros'
[1.116s] DEBUG:colcon.colcon_core.package_identification:Package 'src/leo_viz' with type 'ros.ament_cmake' and name 'leo_viz'
[1.116s] Level 1:colcon.colcon_core.package_identification:_identify(src/log) by extensions ['ignore', 'ignore_ament_install']
[1.116s] Level 1:colcon.colcon_core.package_identification:_identify(src/log) by extension 'ignore'
[1.116s] Level 1:colcon.colcon_core.package_identification:_identify(src/log) ignored
[1.116s] Level 1:colcon.colcon_core.package_identification:_identify(src/programmed_drive) by extensions ['ignore', 'ignore_ament_install']
[1.116s] Level 1:colcon.colcon_core.package_identification:_identify(src/programmed_drive) by extension 'ignore'
[1.116s] Level 1:colcon.colcon_core.package_identification:_identify(src/programmed_drive) by extension 'ignore_ament_install'
[1.116s] Level 1:colcon.colcon_core.package_identification:_identify(src/programmed_drive) by extensions ['colcon_pkg']
[1.117s] Level 1:colcon.colcon_core.package_identification:_identify(src/programmed_drive) by extension 'colcon_pkg'
[1.117s] Level 1:colcon.colcon_core.package_identification:_identify(src/programmed_drive) by extensions ['colcon_meta']
[1.117s] Level 1:colcon.colcon_core.package_identification:_identify(src/programmed_drive) by extension 'colcon_meta'
[1.117s] Level 1:colcon.colcon_core.package_identification:_identify(src/programmed_drive) by extensions ['ros']
[1.117s] Level 1:colcon.colcon_core.package_identification:_identify(src/programmed_drive) by extension 'ros'
[1.117s] DEBUG:colcon.colcon_core.package_identification:Package 'src/programmed_drive' with type 'ros.ament_python' and name 'programmed_drive'
[1.117s] Level 1:colcon.colcon_core.package_discovery:discover_packages(recursive) using defaults
[1.117s] Level 1:colcon.colcon_core.package_discovery:discover_packages(ignore) discover
[1.117s] Level 1:colcon.colcon_core.package_discovery:discover_packages(ignore) using defaults
[1.117s] Level 1:colcon.colcon_core.package_discovery:discover_packages(path) discover
[1.117s] Level 1:colcon.colcon_core.package_discovery:discover_packages(path) using defaults
[1.201s] Level 1:colcon.colcon_core.package_discovery:discover_packages(prefix_path) check parameters
[1.201s] Level 1:colcon.colcon_core.package_discovery:discover_packages(prefix_path) discover
[1.216s] WARNING:colcon.colcon_core.prefix_path.colcon:The path '/home/situjet/Desktop/leo_common-ros2/src/leo_teleop_holonomic/install' in the environment variable COLCON_PREFIX_PATH doesn't exist
[1.216s] WARNING:colcon.colcon_ros.prefix_path.ament:The path '/home/situjet/Desktop/leo_common-ros2/src/leo_teleop_holonomic/install/leo_teleop_holonomic' in the environment variable AMENT_PREFIX_PATH doesn't exist
[1.216s] WARNING:colcon.colcon_ros.prefix_path.catkin:The path '/home/situjet/Desktop/leo_common-ros2/src/leo_teleop_holonomic/install/leo_teleop_holonomic' in the environment variable CMAKE_PREFIX_PATH doesn't exist
[1.230s] DEBUG:colcon.colcon_installed_package_information.package_discovery:Found 8 installed packages in /home/situjet/Desktop/leo_common-ros2/install
[1.245s] DEBUG:colcon.colcon_installed_package_information.package_discovery:Found 408 installed packages in /opt/ros/humble
[1.247s] Level 1:colcon.colcon_core.package_discovery:discover_packages(prefix_path) using defaults
[1.357s] Level 5:colcon.colcon_core.verb:set package 'leo_description' build argument 'cmake_args' from command line to 'None'
[1.357s] Level 5:colcon.colcon_core.verb:set package 'leo_description' build argument 'cmake_target' from command line to 'None'
[1.357s] Level 5:colcon.colcon_core.verb:set package 'leo_description' build argument 'cmake_target_skip_unavailable' from command line to 'False'
[1.357s] Level 5:colcon.colcon_core.verb:set package 'leo_description' build argument 'cmake_clean_cache' from command line to 'False'
[1.357s] Level 5:colcon.colcon_core.verb:set package 'leo_description' build argument 'cmake_clean_first' from command line to 'False'
[1.357s] Level 5:colcon.colcon_core.verb:set package 'leo_description' build argument 'cmake_force_configure' from command line to 'False'
[1.357s] Level 5:colcon.colcon_core.verb:set package 'leo_description' build argument 'ament_cmake_args' from command line to 'None'
[1.357s] Level 5:colcon.colcon_core.verb:set package 'leo_description' build argument 'catkin_cmake_args' from command line to 'None'
[1.357s] Level 5:colcon.colcon_core.verb:set package 'leo_description' build argument 'catkin_skip_building_tests' from command line to 'False'
[1.357s] DEBUG:colcon.colcon_core.verb:Building package 'leo_description' with the following arguments: {'ament_cmake_args': None, 'build_base': '/home/situjet/Desktop/leo_common-ros2/build/leo_description', 'catkin_cmake_args': None, 'catkin_skip_building_tests': False, 'cmake_args': None, 'cmake_clean_cache': False, 'cmake_clean_first': False, 'cmake_force_configure': False, 'cmake_target': None, 'cmake_target_skip_unavailable': False, 'install_base': '/home/situjet/Desktop/leo_common-ros2/install/leo_description', 'merge_install': False, 'path': '/home/situjet/Desktop/leo_common-ros2/src/leo_description', 'symlink_install': True, 'test_result_base': None}
[1.372s] Level 5:colcon.colcon_core.verb:set package 'leo_msgs' build argument 'cmake_args' from command line to 'None'
[1.372s] Level 5:colcon.colcon_core.verb:set package 'leo_msgs' build argument 'cmake_target' from command line to 'None'
[1.372s] Level 5:colcon.colcon_core.verb:set package 'leo_msgs' build argument 'cmake_target_skip_unavailable' from command line to 'False'
[1.372s] Level 5:colcon.colcon_core.verb:set package 'leo_msgs' build argument 'cmake_clean_cache' from command line to 'False'
[1.372s] Level 5:colcon.colcon_core.verb:set package 'leo_msgs' build argument 'cmake_clean_first' from command line to 'False'
[1.372s] Level 5:colcon.colcon_core.verb:set package 'leo_msgs' build argument 'cmake_force_configure' from command line to 'False'
[1.372s] Level 5:colcon.colcon_core.verb:set package 'leo_msgs' build argument 'ament_cmake_args' from command line to 'None'
[1.372s] Level 5:colcon.colcon_core.verb:set package 'leo_msgs' build argument 'catkin_cmake_args' from command line to 'None'
[1.372s] Level 5:colcon.colcon_core.verb:set package 'leo_msgs' build argument 'catkin_skip_building_tests' from command line to 'False'
[1.372s] DEBUG:colcon.colcon_core.verb:Building package 'leo_msgs' with the following arguments: {'ament_cmake_args': None, 'build_base': '/home/situjet/Desktop/leo_common-ros2/build/leo_msgs', 'catkin_cmake_args': None, 'catkin_skip_building_tests': False, 'cmake_args': None, 'cmake_clean_cache': False, 'cmake_clean_first': False, 'cmake_force_configure': False, 'cmake_target': None, 'cmake_target_skip_unavailable': False, 'install_base': '/home/situjet/Desktop/leo_common-ros2/install/leo_msgs', 'merge_install': False, 'path': '/home/situjet/Desktop/leo_common-ros2/src/leo_msgs', 'symlink_install': True, 'test_result_base': None}
[1.387s] Level 5:colcon.colcon_core.verb:set package 'leo_teleop' build argument 'cmake_args' from command line to 'None'
[1.387s] Level 5:colcon.colcon_core.verb:set package 'leo_teleop' build argument 'cmake_target' from command line to 'None'
[1.387s] Level 5:colcon.colcon_core.verb:set package 'leo_teleop' build argument 'cmake_target_skip_unavailable' from command line to 'False'
[1.387s] Level 5:colcon.colcon_core.verb:set package 'leo_teleop' build argument 'cmake_clean_cache' from command line to 'False'
[1.387s] Level 5:colcon.colcon_core.verb:set package 'leo_teleop' build argument 'cmake_clean_first' from command line to 'False'
[1.387s] Level 5:colcon.colcon_core.verb:set package 'leo_teleop' build argument 'cmake_force_configure' from command line to 'False'
[1.387s] Level 5:colcon.colcon_core.verb:set package 'leo_teleop' build argument 'ament_cmake_args' from command line to 'None'
[1.387s] Level 5:colcon.colcon_core.verb:set package 'leo_teleop' build argument 'catkin_cmake_args' from command line to 'None'
[1.387s] Level 5:colcon.colcon_core.verb:set package 'leo_teleop' build argument 'catkin_skip_building_tests' from command line to 'False'
[1.387s] DEBUG:colcon.colcon_core.verb:Building package 'leo_teleop' with the following arguments: {'ament_cmake_args': None, 'build_base': '/home/situjet/Desktop/leo_common-ros2/build/leo_teleop', 'catkin_cmake_args': None, 'catkin_skip_building_tests': False, 'cmake_args': None, 'cmake_clean_cache': False, 'cmake_clean_first': False, 'cmake_force_configure': False, 'cmake_target': None, 'cmake_target_skip_unavailable': False, 'install_base': '/home/situjet/Desktop/leo_common-ros2/install/leo_teleop', 'merge_install': False, 'path': '/home/situjet/Desktop/leo_common-ros2/src/leo_teleop', 'symlink_install': True, 'test_result_base': None}
[1.402s] Level 5:colcon.colcon_core.verb:set package 'programmed_drive' build argument 'cmake_args' from command line to 'None'
[1.402s] Level 5:colcon.colcon_core.verb:set package 'programmed_drive' build argument 'cmake_target' from command line to 'None'
[1.402s] Level 5:colcon.colcon_core.verb:set package 'programmed_drive' build argument 'cmake_target_skip_unavailable' from command line to 'False'
[1.402s] Level 5:colcon.colcon_core.verb:set package 'programmed_drive' build argument 'cmake_clean_cache' from command line to 'False'
[1.402s] Level 5:colcon.colcon_core.verb:set package 'programmed_drive' build argument 'cmake_clean_first' from command line to 'False'
[1.402s] Level 5:colcon.colcon_core.verb:set package 'programmed_drive' build argument 'cmake_force_configure' from command line to 'False'
[1.402s] Level 5:colcon.colcon_core.verb:set package 'programmed_drive' build argument 'ament_cmake_args' from command line to 'None'
[1.402s] Level 5:colcon.colcon_core.verb:set package 'programmed_drive' build argument 'catkin_cmake_args' from command line to 'None'
[1.402s] Level 5:colcon.colcon_core.verb:set package 'programmed_drive' build argument 'catkin_skip_building_tests' from command line to 'False'
[1.402s] DEBUG:colcon.colcon_core.verb:Building package 'programmed_drive' with the following arguments: {'ament_cmake_args': None, 'build_base': '/home/situjet/Desktop/leo_common-ros2/build/programmed_drive', 'catkin_cmake_args': None, 'catkin_skip_building_tests': False, 'cmake_args': None, 'cmake_clean_cache': False, 'cmake_clean_first': False, 'cmake_force_configure': False, 'cmake_target': None, 'cmake_target_skip_unavailable': False, 'install_base': '/home/situjet/Desktop/leo_common-ros2/install/programmed_drive', 'merge_install': False, 'path': '/home/situjet/Desktop/leo_common-ros2/src/programmed_drive', 'symlink_install': True, 'test_result_base': None}
[1.416s] Level 5:colcon.colcon_core.verb:set package 'leo' build argument 'cmake_args' from command line to 'None'
[1.417s] Level 5:colcon.colcon_core.verb:set package 'leo' build argument 'cmake_target' from command line to 'None'
[1.417s] Level 5:colcon.colcon_core.verb:set package 'leo' build argument 'cmake_target_skip_unavailable' from command line to 'False'
[1.417s] Level 5:colcon.colcon_core.verb:set package 'leo' build argument 'cmake_clean_cache' from command line to 'False'
[1.417s] Level 5:colcon.colcon_core.verb:set package 'leo' build argument 'cmake_clean_first' from command line to 'False'
[1.417s] Level 5:colcon.colcon_core.verb:set package 'leo' build argument 'cmake_force_configure' from command line to 'False'
[1.417s] Level 5:colcon.colcon_core.verb:set package 'leo' build argument 'ament_cmake_args' from command line to 'None'
[1.417s] Level 5:colcon.colcon_core.verb:set package 'leo' build argument 'catkin_cmake_args' from command line to 'None'
[1.417s] Level 5:colcon.colcon_core.verb:set package 'leo' build argument 'catkin_skip_building_tests' from command line to 'False'
[1.417s] DEBUG:colcon.colcon_core.verb:Building package 'leo' with the following arguments: {'ament_cmake_args': None, 'build_base': '/home/situjet/Desktop/leo_common-ros2/build/leo', 'catkin_cmake_args': None, 'catkin_skip_building_tests': False, 'cmake_args': None, 'cmake_clean_cache': False, 'cmake_clean_first': False, 'cmake_force_configure': False, 'cmake_target': None, 'cmake_target_skip_unavailable': False, 'install_base': '/home/situjet/Desktop/leo_common-ros2/install/leo', 'merge_install': False, 'path': '/home/situjet/Desktop/leo_common-ros2/src/leo', 'symlink_install': True, 'test_result_base': None}
[1.432s] Level 5:colcon.colcon_core.verb:set package 'leo_viz' build argument 'cmake_args' from command line to 'None'
[1.432s] Level 5:colcon.colcon_core.verb:set package 'leo_viz' build argument 'cmake_target' from command line to 'None'
[1.432s] Level 5:colcon.colcon_core.verb:set package 'leo_viz' build argument 'cmake_target_skip_unavailable' from command line to 'False'
[1.432s] Level 5:colcon.colcon_core.verb:set package 'leo_viz' build argument 'cmake_clean_cache' from command line to 'False'
[1.432s] Level 5:colcon.colcon_core.verb:set package 'leo_viz' build argument 'cmake_clean_first' from command line to 'False'
[1.432s] Level 5:colcon.colcon_core.verb:set package 'leo_viz' build argument 'cmake_force_configure' from command line to 'False'
[1.432s] Level 5:colcon.colcon_core.verb:set package 'leo_viz' build argument 'ament_cmake_args' from command line to 'None'
[1.432s] Level 5:colcon.colcon_core.verb:set package 'leo_viz' build argument 'catkin_cmake_args' from command line to 'None'
[1.432s] Level 5:colcon.colcon_core.verb:set package 'leo_viz' build argument 'catkin_skip_building_tests' from command line to 'False'
[1.432s] DEBUG:colcon.colcon_core.verb:Building package 'leo_viz' with the following arguments: {'ament_cmake_args': None, 'build_base': '/home/situjet/Desktop/leo_common-ros2/build/leo_viz', 'catkin_cmake_args': None, 'catkin_skip_building_tests': False, 'cmake_args': None, 'cmake_clean_cache': False, 'cmake_clean_first': False, 'cmake_force_configure': False, 'cmake_target': None, 'cmake_target_skip_unavailable': False, 'install_base': '/home/situjet/Desktop/leo_common-ros2/install/leo_viz', 'merge_install': False, 'path': '/home/situjet/Desktop/leo_common-ros2/src/leo_viz', 'symlink_install': True, 'test_result_base': None}
[1.445s] Level 5:colcon.colcon_core.verb:set package 'leo_desktop' build argument 'cmake_args' from command line to 'None'
[1.445s] Level 5:colcon.colcon_core.verb:set package 'leo_desktop' build argument 'cmake_target' from command line to 'None'
[1.445s] Level 5:colcon.colcon_core.verb:set package 'leo_desktop' build argument 'cmake_target_skip_unavailable' from command line to 'False'
[1.445s] Level 5:colcon.colcon_core.verb:set package 'leo_desktop' build argument 'cmake_clean_cache' from command line to 'False'
[1.445s] Level 5:colcon.colcon_core.verb:set package 'leo_desktop' build argument 'cmake_clean_first' from command line to 'False'
[1.445s] Level 5:colcon.colcon_core.verb:set package 'leo_desktop' build argument 'cmake_force_configure' from command line to 'False'
[1.445s] Level 5:colcon.colcon_core.verb:set package 'leo_desktop' build argument 'ament_cmake_args' from command line to 'None'
[1.445s] Level 5:colcon.colcon_core.verb:set package 'leo_desktop' build argument 'catkin_cmake_args' from command line to 'None'
[1.445s] Level 5:colcon.colcon_core.verb:set package 'leo_desktop' build argument 'catkin_skip_building_tests' from command line to 'False'
[1.445s] DEBUG:colcon.colcon_core.verb:Building package 'leo_desktop' with the following arguments: {'ament_cmake_args': None, 'build_base': '/home/situjet/Desktop/leo_common-ros2/build/leo_desktop', 'catkin_cmake_args': None, 'catkin_skip_building_tests': False, 'cmake_args': None, 'cmake_clean_cache': False, 'cmake_clean_first': False, 'cmake_force_configure': False, 'cmake_target': None, 'cmake_target_skip_unavailable': False, 'install_base': '/home/situjet/Desktop/leo_common-ros2/install/leo_desktop', 'merge_install': False, 'path': '/home/situjet/Desktop/leo_common-ros2/src/leo_desktop', 'symlink_install': True, 'test_result_base': None}
[1.458s] INFO:colcon.colcon_core.executor:Executing jobs using 'parallel' executor
[1.472s] DEBUG:colcon.colcon_parallel_executor.executor.parallel:run_until_complete
[1.472s] INFO:colcon.colcon_ros.task.ament_cmake.build:Building ROS package in '/home/situjet/Desktop/leo_common-ros2/src/leo_description' with build type 'ament_cmake'
[1.472s] INFO:colcon.colcon_cmake.task.cmake.build:Building CMake package in '/home/situjet/Desktop/leo_common-ros2/src/leo_description'
[1.488s] INFO:colcon.colcon_core.plugin_system:Skipping extension 'colcon_core.shell.bat': Not used on non-Windows systems
[1.489s] INFO:colcon.colcon_core.shell:Skip shell extension 'powershell' for command environment: Not usable outside of PowerShell
[1.489s] DEBUG:colcon.colcon_core.shell:Skip shell extension 'dsv' for command environment
[1.530s] INFO:colcon.colcon_ros.task.ament_cmake.build:Building ROS package in '/home/situjet/Desktop/leo_common-ros2/src/leo_msgs' with build type 'ament_cmake'
[1.531s] INFO:colcon.colcon_cmake.task.cmake.build:Building CMake package in '/home/situjet/Desktop/leo_common-ros2/src/leo_msgs'
[1.544s] INFO:colcon.colcon_core.shell:Skip shell extension 'powershell' for command environment: Not usable outside of PowerShell
[1.544s] DEBUG:colcon.colcon_core.shell:Skip shell extension 'dsv' for command environment
[1.586s] INFO:colcon.colcon_ros.task.ament_cmake.build:Building ROS package in '/home/situjet/Desktop/leo_common-ros2/src/leo_teleop' with build type 'ament_cmake'
[1.586s] INFO:colcon.colcon_cmake.task.cmake.build:Building CMake package in '/home/situjet/Desktop/leo_common-ros2/src/leo_teleop'
[1.600s] INFO:colcon.colcon_core.shell:Skip shell extension 'powershell' for command environment: Not usable outside of PowerShell
[1.600s] DEBUG:colcon.colcon_core.shell:Skip shell extension 'dsv' for command environment
[1.642s] INFO:colcon.colcon_ros.task.ament_python.build:Building ROS package in '/home/situjet/Desktop/leo_common-ros2/src/programmed_drive' with build type 'ament_python'
[1.642s] Level 1:colcon.colcon_core.shell:create_environment_hook('programmed_drive', 'ament_prefix_path')
[1.656s] INFO:colcon.colcon_core.shell:Creating environment hook '/home/situjet/Desktop/leo_common-ros2/install/programmed_drive/share/programmed_drive/hook/ament_prefix_path.ps1'
[1.656s] INFO:colcon.colcon_core.shell:Creating environment descriptor '/home/situjet/Desktop/leo_common-ros2/install/programmed_drive/share/programmed_drive/hook/ament_prefix_path.dsv'
[1.657s] INFO:colcon.colcon_core.shell:Creating environment hook '/home/situjet/Desktop/leo_common-ros2/install/programmed_drive/share/programmed_drive/hook/ament_prefix_path.sh'
[1.671s] INFO:colcon.colcon_core.shell:Skip shell extension 'powershell' for command environment: Not usable outside of PowerShell
[1.671s] DEBUG:colcon.colcon_core.shell:Skip shell extension 'dsv' for command environment
[1.720s] DEBUG:colcon.colcon_core.event_handler.log_command:Invoking command in '/home/situjet/Desktop/leo_common-ros2/build/leo_description': CMAKE_PREFIX_PATH=${CMAKE_PREFIX_PATH}:/home/situjet/Desktop/leo_common-ros2/install/programmed_drive:/opt/ros/humble /home/situjet/.local/bin/cmake --build /home/situjet/Desktop/leo_common-ros2/build/leo_description -- -j12 -l12
[1.723s] DEBUG:colcon.colcon_core.event_handler.log_command:Invoking command in '/home/situjet/Desktop/leo_common-ros2/build/leo_msgs': CMAKE_PREFIX_PATH=${CMAKE_PREFIX_PATH}:/home/situjet/Desktop/leo_common-ros2/install/programmed_drive:/opt/ros/humble /home/situjet/.local/bin/cmake --build /home/situjet/Desktop/leo_common-ros2/build/leo_msgs -- -j12 -l12
[1.726s] DEBUG:colcon.colcon_core.event_handler.log_command:Invoking command in '/home/situjet/Desktop/leo_common-ros2/build/leo_teleop': CMAKE_PREFIX_PATH=${CMAKE_PREFIX_PATH}:/home/situjet/Desktop/leo_common-ros2/install/programmed_drive:/opt/ros/humble /home/situjet/.local/bin/cmake --build /home/situjet/Desktop/leo_common-ros2/build/leo_teleop -- -j12 -l12
[1.977s] INFO:colcon.colcon_core.task.python.build:Building Python package in '/home/situjet/Desktop/leo_common-ros2/src/programmed_drive'
[1.993s] INFO:colcon.colcon_core.shell:Skip shell extension 'powershell' for command environment: Not usable outside of PowerShell
[1.993s] DEBUG:colcon.colcon_core.shell:Skip shell extension 'dsv' for command environment
[2.046s] DEBUG:colcon.colcon_core.event_handler.log_command:Invoked command in '/home/situjet/Desktop/leo_common-ros2/build/leo_description' returned '0': CMAKE_PREFIX_PATH=${CMAKE_PREFIX_PATH}:/home/situjet/Desktop/leo_common-ros2/install/programmed_drive:/opt/ros/humble /home/situjet/.local/bin/cmake --build /home/situjet/Desktop/leo_common-ros2/build/leo_description -- -j12 -l12
[2.047s] DEBUG:colcon.colcon_core.event_handler.log_command:Invoked command in '/home/situjet/Desktop/leo_common-ros2/build/leo_teleop' returned '0': CMAKE_PREFIX_PATH=${CMAKE_PREFIX_PATH}:/home/situjet/Desktop/leo_common-ros2/install/programmed_drive:/opt/ros/humble /home/situjet/.local/bin/cmake --build /home/situjet/Desktop/leo_common-ros2/build/leo_teleop -- -j12 -l12
[2.048s] DEBUG:colcon.colcon_core.event_handler.log_command:Invoked command in '/home/situjet/Desktop/leo_common-ros2/build/leo_msgs' returned '0': CMAKE_PREFIX_PATH=${CMAKE_PREFIX_PATH}:/home/situjet/Desktop/leo_common-ros2/install/programmed_drive:/opt/ros/humble /home/situjet/.local/bin/cmake --build /home/situjet/Desktop/leo_common-ros2/build/leo_msgs -- -j12 -l12
[2.109s] DEBUG:colcon.colcon_core.event_handler.log_command:Invoking command in '/home/situjet/Desktop/leo_common-ros2/build/leo_description': CMAKE_PREFIX_PATH=${CMAKE_PREFIX_PATH}:/home/situjet/Desktop/leo_common-ros2/install/programmed_drive:/opt/ros/humble /home/situjet/.local/bin/cmake --install /home/situjet/Desktop/leo_common-ros2/build/leo_description
[2.111s] DEBUG:colcon.colcon_core.event_handler.log_command:Invoking command in '/home/situjet/Desktop/leo_common-ros2/build/leo_teleop': CMAKE_PREFIX_PATH=${CMAKE_PREFIX_PATH}:/home/situjet/Desktop/leo_common-ros2/install/programmed_drive:/opt/ros/humble /home/situjet/.local/bin/cmake --install /home/situjet/Desktop/leo_common-ros2/build/leo_teleop
[2.144s] Level 1:colcon.colcon_core.environment:create_environment_scripts_only(leo_teleop)
[2.145s] DEBUG:colcon.colcon_core.event_handler.log_command:Invoked command in '/home/situjet/Desktop/leo_common-ros2/build/leo_teleop' returned '0': CMAKE_PREFIX_PATH=${CMAKE_PREFIX_PATH}:/home/situjet/Desktop/leo_common-ros2/install/programmed_drive:/opt/ros/humble /home/situjet/.local/bin/cmake --install /home/situjet/Desktop/leo_common-ros2/build/leo_teleop
[2.164s] Level 1:colcon.colcon_core.environment:checking '/home/situjet/Desktop/leo_common-ros2/install/leo_teleop' for CMake module files
[2.165s] Level 1:colcon.colcon_core.environment:checking '/home/situjet/Desktop/leo_common-ros2/install/leo_teleop' for CMake config files
[2.165s] Level 1:colcon.colcon_core.shell:create_environment_hook('leo_teleop', 'cmake_prefix_path')
[2.181s] INFO:colcon.colcon_core.shell:Creating environment hook '/home/situjet/Desktop/leo_common-ros2/install/leo_teleop/share/leo_teleop/hook/cmake_prefix_path.ps1'
[2.181s] INFO:colcon.colcon_core.shell:Creating environment descriptor '/home/situjet/Desktop/leo_common-ros2/install/leo_teleop/share/leo_teleop/hook/cmake_prefix_path.dsv'
[2.182s] INFO:colcon.colcon_core.shell:Creating environment hook '/home/situjet/Desktop/leo_common-ros2/install/leo_teleop/share/leo_teleop/hook/cmake_prefix_path.sh'
[2.182s] Level 1:colcon.colcon_core.environment:checking '/home/situjet/Desktop/leo_common-ros2/install/leo_teleop/bin'
[2.182s] Level 1:colcon.colcon_core.environment:checking '/home/situjet/Desktop/leo_common-ros2/install/leo_teleop/lib/pkgconfig/leo_teleop.pc'
[2.182s] Level 1:colcon.colcon_core.environment:checking '/home/situjet/Desktop/leo_common-ros2/install/leo_teleop/lib/python3.10/site-packages'
[2.183s] Level 1:colcon.colcon_core.environment:checking '/home/situjet/Desktop/leo_common-ros2/install/leo_teleop/bin'
[2.198s] INFO:colcon.colcon_core.shell:Creating package script '/home/situjet/Desktop/leo_common-ros2/install/leo_teleop/share/leo_teleop/package.ps1'
[2.199s] INFO:colcon.colcon_core.shell:Creating package descriptor '/home/situjet/Desktop/leo_common-ros2/install/leo_teleop/share/leo_teleop/package.dsv'
[2.199s] INFO:colcon.colcon_core.shell:Creating package script '/home/situjet/Desktop/leo_common-ros2/install/leo_teleop/share/leo_teleop/package.sh'
[2.200s] INFO:colcon.colcon_core.shell:Creating package script '/home/situjet/Desktop/leo_common-ros2/install/leo_teleop/share/leo_teleop/package.bash'
[2.201s] INFO:colcon.colcon_core.shell:Creating package script '/home/situjet/Desktop/leo_common-ros2/install/leo_teleop/share/leo_teleop/package.zsh'
[2.201s] Level 1:colcon.colcon_core.environment:create_file_with_runtime_dependencies(/home/situjet/Desktop/leo_common-ros2/install/leo_teleop/share/colcon-core/packages/leo_teleop)
[2.202s] Level 1:colcon.colcon_core.environment:create_environment_scripts_only(leo_description)
[2.203s] DEBUG:colcon.colcon_core.event_handler.log_command:Invoked command in '/home/situjet/Desktop/leo_common-ros2/build/leo_description' returned '0': CMAKE_PREFIX_PATH=${CMAKE_PREFIX_PATH}:/home/situjet/Desktop/leo_common-ros2/install/programmed_drive:/opt/ros/humble /home/situjet/.local/bin/cmake --install /home/situjet/Desktop/leo_common-ros2/build/leo_description
[2.218s] Level 1:colcon.colcon_core.environment:checking '/home/situjet/Desktop/leo_common-ros2/install/leo_description' for CMake module files
[2.219s] Level 1:colcon.colcon_core.environment:checking '/home/situjet/Desktop/leo_common-ros2/install/leo_description' for CMake config files
[2.219s] Level 1:colcon.colcon_core.shell:create_environment_hook('leo_description', 'cmake_prefix_path')
[2.235s] INFO:colcon.colcon_core.shell:Creating environment hook '/home/situjet/Desktop/leo_common-ros2/install/leo_description/share/leo_description/hook/cmake_prefix_path.ps1'
[2.235s] INFO:colcon.colcon_core.shell:Creating environment descriptor '/home/situjet/Desktop/leo_common-ros2/install/leo_description/share/leo_description/hook/cmake_prefix_path.dsv'
[2.236s] INFO:colcon.colcon_core.shell:Creating environment hook '/home/situjet/Desktop/leo_common-ros2/install/leo_description/share/leo_description/hook/cmake_prefix_path.sh'
[2.236s] Level 1:colcon.colcon_core.environment:checking '/home/situjet/Desktop/leo_common-ros2/install/leo_description/bin'
[2.236s] Level 1:colcon.colcon_core.environment:checking '/home/situjet/Desktop/leo_common-ros2/install/leo_description/lib/pkgconfig/leo_description.pc'
[2.236s] Level 1:colcon.colcon_core.environment:checking '/home/situjet/Desktop/leo_common-ros2/install/leo_description/lib/python3.10/site-packages'
[2.237s] Level 1:colcon.colcon_core.environment:checking '/home/situjet/Desktop/leo_common-ros2/install/leo_description/bin'
[2.253s] INFO:colcon.colcon_core.shell:Creating package script '/home/situjet/Desktop/leo_common-ros2/install/leo_description/share/leo_description/package.ps1'
[2.253s] INFO:colcon.colcon_core.shell:Creating package descriptor '/home/situjet/Desktop/leo_common-ros2/install/leo_description/share/leo_description/package.dsv'
[2.253s] INFO:colcon.colcon_core.shell:Creating package script '/home/situjet/Desktop/leo_common-ros2/install/leo_description/share/leo_description/package.sh'
[2.254s] INFO:colcon.colcon_core.shell:Creating package script '/home/situjet/Desktop/leo_common-ros2/install/leo_description/share/leo_description/package.bash'
[2.254s] INFO:colcon.colcon_core.shell:Creating package script '/home/situjet/Desktop/leo_common-ros2/install/leo_description/share/leo_description/package.zsh'
[2.254s] Level 1:colcon.colcon_core.environment:create_file_with_runtime_dependencies(/home/situjet/Desktop/leo_common-ros2/install/leo_description/share/colcon-core/packages/leo_description)
[2.257s] DEBUG:colcon.colcon_core.event_handler.log_command:Invoking command in '/home/situjet/Desktop/leo_common-ros2/build/leo_msgs': CMAKE_PREFIX_PATH=${CMAKE_PREFIX_PATH}:/home/situjet/Desktop/leo_common-ros2/install/programmed_drive:/opt/ros/humble /home/situjet/.local/bin/cmake --install /home/situjet/Desktop/leo_common-ros2/build/leo_msgs
[2.273s] Level 1:colcon.colcon_core.environment:create_environment_scripts_only(leo_teleop)
[2.290s] Level 1:colcon.colcon_core.environment:checking '/home/situjet/Desktop/leo_common-ros2/install/leo_teleop' for CMake module files
[2.290s] Level 1:colcon.colcon_core.environment:checking '/home/situjet/Desktop/leo_common-ros2/install/leo_teleop' for CMake config files
[2.291s] Level 1:colcon.colcon_core.shell:create_environment_hook('leo_teleop', 'cmake_prefix_path')
[2.307s] INFO:colcon.colcon_core.shell:Creating environment hook '/home/situjet/Desktop/leo_common-ros2/install/leo_teleop/share/leo_teleop/hook/cmake_prefix_path.ps1'
[2.307s] INFO:colcon.colcon_core.shell:Creating environment descriptor '/home/situjet/Desktop/leo_common-ros2/install/leo_teleop/share/leo_teleop/hook/cmake_prefix_path.dsv'
[2.308s] INFO:colcon.colcon_core.shell:Creating environment hook '/home/situjet/Desktop/leo_common-ros2/install/leo_teleop/share/leo_teleop/hook/cmake_prefix_path.sh'
[2.308s] Level 1:colcon.colcon_core.environment:checking '/home/situjet/Desktop/leo_common-ros2/install/leo_teleop/bin'
[2.308s] Level 1:colcon.colcon_core.environment:checking '/home/situjet/Desktop/leo_common-ros2/install/leo_teleop/lib/pkgconfig/leo_teleop.pc'
[2.308s] Level 1:colcon.colcon_core.environment:checking '/home/situjet/Desktop/leo_common-ros2/install/leo_teleop/lib/python3.10/site-packages'
[2.308s] Level 1:colcon.colcon_core.environment:checking '/home/situjet/Desktop/leo_common-ros2/install/leo_teleop/bin'
[2.325s] INFO:colcon.colcon_core.shell:Creating package script '/home/situjet/Desktop/leo_common-ros2/install/leo_teleop/share/leo_teleop/package.ps1'
[2.325s] INFO:colcon.colcon_core.shell:Creating package descriptor '/home/situjet/Desktop/leo_common-ros2/install/leo_teleop/share/leo_teleop/package.dsv'
[2.326s] INFO:colcon.colcon_core.shell:Creating package script '/home/situjet/Desktop/leo_common-ros2/install/leo_teleop/share/leo_teleop/package.sh'
[2.326s] INFO:colcon.colcon_core.shell:Creating package script '/home/situjet/Desktop/leo_common-ros2/install/leo_teleop/share/leo_teleop/package.bash'
[2.326s] INFO:colcon.colcon_core.shell:Creating package script '/home/situjet/Desktop/leo_common-ros2/install/leo_teleop/share/leo_teleop/package.zsh'
[2.327s] Level 1:colcon.colcon_core.environment:create_file_with_runtime_dependencies(/home/situjet/Desktop/leo_common-ros2/install/leo_teleop/share/colcon-core/packages/leo_teleop)
[2.356s] Level 1:colcon.colcon_core.environment:create_environment_scripts_only(leo_description)
[2.376s] Level 1:colcon.colcon_core.environment:checking '/home/situjet/Desktop/leo_common-ros2/install/leo_description' for CMake module files
[2.376s] Level 1:colcon.colcon_core.environment:checking '/home/situjet/Desktop/leo_common-ros2/install/leo_description' for CMake config files
[2.377s] Level 1:colcon.colcon_core.shell:create_environment_hook('leo_description', 'cmake_prefix_path')
[2.393s] INFO:colcon.colcon_core.shell:Creating environment hook '/home/situjet/Desktop/leo_common-ros2/install/leo_description/share/leo_description/hook/cmake_prefix_path.ps1'
[2.393s] INFO:colcon.colcon_core.shell:Creating environment descriptor '/home/situjet/Desktop/leo_common-ros2/install/leo_description/share/leo_description/hook/cmake_prefix_path.dsv'
[2.394s] INFO:colcon.colcon_core.shell:Creating environment hook '/home/situjet/Desktop/leo_common-ros2/install/leo_description/share/leo_description/hook/cmake_prefix_path.sh'
[2.394s] Level 1:colcon.colcon_core.environment:checking '/home/situjet/Desktop/leo_common-ros2/install/leo_description/bin'
[2.394s] Level 1:colcon.colcon_core.environment:checking '/home/situjet/Desktop/leo_common-ros2/install/leo_description/lib/pkgconfig/leo_description.pc'
[2.394s] Level 1:colcon.colcon_core.environment:checking '/home/situjet/Desktop/leo_common-ros2/install/leo_description/lib/python3.10/site-packages'
[2.395s] Level 1:colcon.colcon_core.environment:checking '/home/situjet/Desktop/leo_common-ros2/install/leo_description/bin'
[2.411s] INFO:colcon.colcon_core.shell:Creating package script '/home/situjet/Desktop/leo_common-ros2/install/leo_description/share/leo_description/package.ps1'
[2.412s] INFO:colcon.colcon_core.shell:Creating package descriptor '/home/situjet/Desktop/leo_common-ros2/install/leo_description/share/leo_description/package.dsv'
[2.412s] INFO:colcon.colcon_core.shell:Creating package script '/home/situjet/Desktop/leo_common-ros2/install/leo_description/share/leo_description/package.sh'
[2.413s] INFO:colcon.colcon_core.shell:Creating package script '/home/situjet/Desktop/leo_common-ros2/install/leo_description/share/leo_description/package.bash'
[2.413s] INFO:colcon.colcon_core.shell:Creating package script '/home/situjet/Desktop/leo_common-ros2/install/leo_description/share/leo_description/package.zsh'
[2.413s] Level 1:colcon.colcon_core.environment:create_file_with_runtime_dependencies(/home/situjet/Desktop/leo_common-ros2/install/leo_description/share/colcon-core/packages/leo_description)
[2.414s] INFO:colcon.colcon_ros.task.ament_cmake.build:Building ROS package in '/home/situjet/Desktop/leo_common-ros2/src/leo_viz' with build type 'ament_cmake'
[2.414s] INFO:colcon.colcon_cmake.task.cmake.build:Building CMake package in '/home/situjet/Desktop/leo_common-ros2/src/leo_viz'
[2.431s] INFO:colcon.colcon_core.shell:Skip shell extension 'powershell' for command environment: Not usable outside of PowerShell
[2.431s] DEBUG:colcon.colcon_core.shell:Skip shell extension 'dsv' for command environment
[2.485s] Level 1:colcon.colcon_core.environment:create_environment_scripts_only(leo_msgs)
[2.485s] DEBUG:colcon.colcon_core.event_handler.log_command:Invoking command in '/home/situjet/Desktop/leo_common-ros2/build/programmed_drive': PYTHONPATH=/home/situjet/Desktop/leo_common-ros2/build/programmed_drive/prefix_override:/home/situjet/Desktop/leo_common-ros2/install/programmed_drive/lib/python3.10/site-packages:${PYTHONPATH} /usr/bin/python3 setup.py develop --editable --build-directory /home/situjet/Desktop/leo_common-ros2/build/programmed_drive/build --no-deps install_data
[2.486s] DEBUG:colcon.colcon_core.event_handler.log_command:Invoked command in '/home/situjet/Desktop/leo_common-ros2/build/leo_msgs' returned '0': CMAKE_PREFIX_PATH=${CMAKE_PREFIX_PATH}:/home/situjet/Desktop/leo_common-ros2/install/programmed_drive:/opt/ros/humble /home/situjet/.local/bin/cmake --install /home/situjet/Desktop/leo_common-ros2/build/leo_msgs
[2.514s] Level 1:colcon.colcon_core.environment:checking '/home/situjet/Desktop/leo_common-ros2/install/leo_msgs' for CMake module files
[2.514s] Level 1:colcon.colcon_core.environment:checking '/home/situjet/Desktop/leo_common-ros2/install/leo_msgs' for CMake config files
[2.515s] Level 1:colcon.colcon_core.shell:create_environment_hook('leo_msgs', 'cmake_prefix_path')
[2.532s] INFO:colcon.colcon_core.shell:Creating environment hook '/home/situjet/Desktop/leo_common-ros2/install/leo_msgs/share/leo_msgs/hook/cmake_prefix_path.ps1'
[2.532s] INFO:colcon.colcon_core.shell:Creating environment descriptor '/home/situjet/Desktop/leo_common-ros2/install/leo_msgs/share/leo_msgs/hook/cmake_prefix_path.dsv'
[2.533s] INFO:colcon.colcon_core.shell:Creating environment hook '/home/situjet/Desktop/leo_common-ros2/install/leo_msgs/share/leo_msgs/hook/cmake_prefix_path.sh'
[2.533s] Level 1:colcon.colcon_core.environment:checking '/home/situjet/Desktop/leo_common-ros2/install/leo_msgs/lib'
[2.533s] Level 1:colcon.colcon_core.shell:create_environment_hook('leo_msgs', 'ld_library_path_lib')
[2.549s] INFO:colcon.colcon_core.shell:Creating environment hook '/home/situjet/Desktop/leo_common-ros2/install/leo_msgs/share/leo_msgs/hook/ld_library_path_lib.ps1'
[2.550s] INFO:colcon.colcon_core.shell:Creating environment descriptor '/home/situjet/Desktop/leo_common-ros2/install/leo_msgs/share/leo_msgs/hook/ld_library_path_lib.dsv'
[2.550s] INFO:colcon.colcon_core.shell:Creating environment hook '/home/situjet/Desktop/leo_common-ros2/install/leo_msgs/share/leo_msgs/hook/ld_library_path_lib.sh'
[2.550s] Level 1:colcon.colcon_core.environment:checking '/home/situjet/Desktop/leo_common-ros2/install/leo_msgs/bin'
[2.550s] Level 1:colcon.colcon_core.environment:checking '/home/situjet/Desktop/leo_common-ros2/install/leo_msgs/lib/pkgconfig/leo_msgs.pc'
[2.550s] Level 1:colcon.colcon_core.environment:checking '/home/situjet/Desktop/leo_common-ros2/install/leo_msgs/lib/python3.10/site-packages'
[2.551s] Level 1:colcon.colcon_core.environment:checking '/home/situjet/Desktop/leo_common-ros2/install/leo_msgs/bin'
[2.567s] INFO:colcon.colcon_core.shell:Creating package script '/home/situjet/Desktop/leo_common-ros2/install/leo_msgs/share/leo_msgs/package.ps1'
[2.567s] INFO:colcon.colcon_core.shell:Creating package descriptor '/home/situjet/Desktop/leo_common-ros2/install/leo_msgs/share/leo_msgs/package.dsv'
[2.568s] INFO:colcon.colcon_core.shell:Creating package script '/home/situjet/Desktop/leo_common-ros2/install/leo_msgs/share/leo_msgs/package.sh'
[2.568s] INFO:colcon.colcon_core.shell:Creating package script '/home/situjet/Desktop/leo_common-ros2/install/leo_msgs/share/leo_msgs/package.bash'
[2.568s] INFO:colcon.colcon_core.shell:Creating package script '/home/situjet/Desktop/leo_common-ros2/install/leo_msgs/share/leo_msgs/package.zsh'
[2.569s] Level 1:colcon.colcon_core.environment:create_file_with_runtime_dependencies(/home/situjet/Desktop/leo_common-ros2/install/leo_msgs/share/colcon-core/packages/leo_msgs)
[2.572s] DEBUG:colcon.colcon_core.event_handler.log_command:Invoking command in '/home/situjet/Desktop/leo_common-ros2/build/leo_viz': CMAKE_PREFIX_PATH=/home/situjet/Desktop/leo_common-ros2/install/leo_description:/home/situjet/Desktop/leo_common-ros2/src/leo_teleop_holonomic/install/leo_teleop_holonomic:/home/situjet/Desktop/leo_common-ros2/install/leo_teleop_holonomic:/home/situjet/Desktop/leo_common-ros2/install/leo_desktop:/home/situjet/Desktop/leo_common-ros2/install/leo_viz:/home/situjet/Desktop/leo_common-ros2/install/leo:/home/situjet/Desktop/leo_common-ros2/install/leo_teleop:/home/situjet/Desktop/leo_common-ros2/install/leo_msgs:/home/situjet/Desktop/leo_common-ros2/install/programmed_drive:/opt/ros/humble /home/situjet/.local/bin/cmake --build /home/situjet/Desktop/leo_common-ros2/build/leo_viz -- -j12 -l12
[2.615s] DEBUG:colcon.colcon_core.event_handler.log_command:Invoked command in '/home/situjet/Desktop/leo_common-ros2/build/leo_viz' returned '0': CMAKE_PREFIX_PATH=/home/situjet/Desktop/leo_common-ros2/install/leo_description:/home/situjet/Desktop/leo_common-ros2/src/leo_teleop_holonomic/install/leo_teleop_holonomic:/home/situjet/Desktop/leo_common-ros2/install/leo_teleop_holonomic:/home/situjet/Desktop/leo_common-ros2/install/leo_desktop:/home/situjet/Desktop/leo_common-ros2/install/leo_viz:/home/situjet/Desktop/leo_common-ros2/install/leo:/home/situjet/Desktop/leo_common-ros2/install/leo_teleop:/home/situjet/Desktop/leo_common-ros2/install/leo_msgs:/home/situjet/Desktop/leo_common-ros2/install/programmed_drive:/opt/ros/humble /home/situjet/.local/bin/cmake --build /home/situjet/Desktop/leo_common-ros2/build/leo_viz -- -j12 -l12
[2.653s] DEBUG:colcon.colcon_core.event_handler.log_command:Invoking command in '/home/situjet/Desktop/leo_common-ros2/build/leo_viz': CMAKE_PREFIX_PATH=/home/situjet/Desktop/leo_common-ros2/install/leo_description:/home/situjet/Desktop/leo_common-ros2/src/leo_teleop_holonomic/install/leo_teleop_holonomic:/home/situjet/Desktop/leo_common-ros2/install/leo_teleop_holonomic:/home/situjet/Desktop/leo_common-ros2/install/leo_desktop:/home/situjet/Desktop/leo_common-ros2/install/leo_viz:/home/situjet/Desktop/leo_common-ros2/install/leo:/home/situjet/Desktop/leo_common-ros2/install/leo_teleop:/home/situjet/Desktop/leo_common-ros2/install/leo_msgs:/home/situjet/Desktop/leo_common-ros2/install/programmed_drive:/opt/ros/humble /home/situjet/.local/bin/cmake --install /home/situjet/Desktop/leo_common-ros2/build/leo_viz
[2.705s] Level 1:colcon.colcon_core.environment:create_environment_scripts_only(leo_msgs)
[2.731s] Level 1:colcon.colcon_core.environment:checking '/home/situjet/Desktop/leo_common-ros2/install/leo_msgs' for CMake module files
[2.732s] Level 1:colcon.colcon_core.environment:checking '/home/situjet/Desktop/leo_common-ros2/install/leo_msgs' for CMake config files
[2.733s] Level 1:colcon.colcon_core.shell:create_environment_hook('leo_msgs', 'cmake_prefix_path')
[2.749s] INFO:colcon.colcon_core.shell:Creating environment hook '/home/situjet/Desktop/leo_common-ros2/install/leo_msgs/share/leo_msgs/hook/cmake_prefix_path.ps1'
[2.749s] INFO:colcon.colcon_core.shell:Creating environment descriptor '/home/situjet/Desktop/leo_common-ros2/install/leo_msgs/share/leo_msgs/hook/cmake_prefix_path.dsv'
[2.750s] INFO:colcon.colcon_core.shell:Creating environment hook '/home/situjet/Desktop/leo_common-ros2/install/leo_msgs/share/leo_msgs/hook/cmake_prefix_path.sh'
[2.750s] Level 1:colcon.colcon_core.environment:checking '/home/situjet/Desktop/leo_common-ros2/install/leo_msgs/lib'
[2.750s] Level 1:colcon.colcon_core.shell:create_environment_hook('leo_msgs', 'ld_library_path_lib')
[2.768s] INFO:colcon.colcon_core.shell:Creating environment hook '/home/situjet/Desktop/leo_common-ros2/install/leo_msgs/share/leo_msgs/hook/ld_library_path_lib.ps1'
[2.769s] INFO:colcon.colcon_core.shell:Creating environment descriptor '/home/situjet/Desktop/leo_common-ros2/install/leo_msgs/share/leo_msgs/hook/ld_library_path_lib.dsv'
[2.769s] INFO:colcon.colcon_core.shell:Creating environment hook '/home/situjet/Desktop/leo_common-ros2/install/leo_msgs/share/leo_msgs/hook/ld_library_path_lib.sh'
[2.769s] Level 1:colcon.colcon_core.environment:checking '/home/situjet/Desktop/leo_common-ros2/install/leo_msgs/bin'
[2.769s] Level 1:colcon.colcon_core.environment:checking '/home/situjet/Desktop/leo_common-ros2/install/leo_msgs/lib/pkgconfig/leo_msgs.pc'
[2.769s] Level 1:colcon.colcon_core.environment:checking '/home/situjet/Desktop/leo_common-ros2/install/leo_msgs/lib/python3.10/site-packages'
[2.770s] Level 1:colcon.colcon_core.environment:checking '/home/situjet/Desktop/leo_common-ros2/install/leo_msgs/bin'
[2.786s] INFO:colcon.colcon_core.shell:Creating package script '/home/situjet/Desktop/leo_common-ros2/install/leo_msgs/share/leo_msgs/package.ps1'
[2.787s] INFO:colcon.colcon_core.shell:Creating package descriptor '/home/situjet/Desktop/leo_common-ros2/install/leo_msgs/share/leo_msgs/package.dsv'
[2.787s] INFO:colcon.colcon_core.shell:Creating package script '/home/situjet/Desktop/leo_common-ros2/install/leo_msgs/share/leo_msgs/package.sh'
[2.788s] INFO:colcon.colcon_core.shell:Creating package script '/home/situjet/Desktop/leo_common-ros2/install/leo_msgs/share/leo_msgs/package.bash'
[2.788s] INFO:colcon.colcon_core.shell:Creating package script '/home/situjet/Desktop/leo_common-ros2/install/leo_msgs/share/leo_msgs/package.zsh'
[2.788s] Level 1:colcon.colcon_core.environment:create_file_with_runtime_dependencies(/home/situjet/Desktop/leo_common-ros2/install/leo_msgs/share/colcon-core/packages/leo_msgs)
[2.789s] INFO:colcon.colcon_ros.task.ament_cmake.build:Building ROS package in '/home/situjet/Desktop/leo_common-ros2/src/leo' with build type 'ament_cmake'
[2.789s] INFO:colcon.colcon_cmake.task.cmake.build:Building CMake package in '/home/situjet/Desktop/leo_common-ros2/src/leo'
[2.807s] INFO:colcon.colcon_core.shell:Skip shell extension 'powershell' for command environment: Not usable outside of PowerShell
[2.807s] DEBUG:colcon.colcon_core.shell:Skip shell extension 'dsv' for command environment
[2.861s] Level 1:colcon.colcon_core.environment:create_environment_scripts_only(leo_viz)
[2.862s] DEBUG:colcon.colcon_core.event_handler.log_command:Invoked command in '/home/situjet/Desktop/leo_common-ros2/build/leo_viz' returned '0': CMAKE_PREFIX_PATH=/home/situjet/Desktop/leo_common-ros2/install/leo_description:/home/situjet/Desktop/leo_common-ros2/src/leo_teleop_holonomic/install/leo_teleop_holonomic:/home/situjet/Desktop/leo_common-ros2/install/leo_teleop_holonomic:/home/situjet/Desktop/leo_common-ros2/install/leo_desktop:/home/situjet/Desktop/leo_common-ros2/install/leo_viz:/home/situjet/Desktop/leo_common-ros2/install/leo:/home/situjet/Desktop/leo_common-ros2/install/leo_teleop:/home/situjet/Desktop/leo_common-ros2/install/leo_msgs:/home/situjet/Desktop/leo_common-ros2/install/programmed_drive:/opt/ros/humble /home/situjet/.local/bin/cmake --install /home/situjet/Desktop/leo_common-ros2/build/leo_viz
[2.879s] Level 1:colcon.colcon_core.environment:checking '/home/situjet/Desktop/leo_common-ros2/install/leo_viz' for CMake module files
[2.879s] Level 1:colcon.colcon_core.environment:checking '/home/situjet/Desktop/leo_common-ros2/install/leo_viz' for CMake config files
[2.879s] Level 1:colcon.colcon_core.shell:create_environment_hook('leo_viz', 'cmake_prefix_path')
[2.895s] INFO:colcon.colcon_core.shell:Creating environment hook '/home/situjet/Desktop/leo_common-ros2/install/leo_viz/share/leo_viz/hook/cmake_prefix_path.ps1'
[2.896s] INFO:colcon.colcon_core.shell:Creating environment descriptor '/home/situjet/Desktop/leo_common-ros2/install/leo_viz/share/leo_viz/hook/cmake_prefix_path.dsv'
[2.896s] INFO:colcon.colcon_core.shell:Creating environment hook '/home/situjet/Desktop/leo_common-ros2/install/leo_viz/share/leo_viz/hook/cmake_prefix_path.sh'
[2.896s] Level 1:colcon.colcon_core.environment:checking '/home/situjet/Desktop/leo_common-ros2/install/leo_viz/bin'
[2.896s] Level 1:colcon.colcon_core.environment:checking '/home/situjet/Desktop/leo_common-ros2/install/leo_viz/lib/pkgconfig/leo_viz.pc'
[2.897s] Level 1:colcon.colcon_core.environment:checking '/home/situjet/Desktop/leo_common-ros2/install/leo_viz/lib/python3.10/site-packages'
[2.897s] Level 1:colcon.colcon_core.environment:checking '/home/situjet/Desktop/leo_common-ros2/install/leo_viz/bin'
[2.913s] INFO:colcon.colcon_core.shell:Creating package script '/home/situjet/Desktop/leo_common-ros2/install/leo_viz/share/leo_viz/package.ps1'
[2.913s] INFO:colcon.colcon_core.shell:Creating package descriptor '/home/situjet/Desktop/leo_common-ros2/install/leo_viz/share/leo_viz/package.dsv'
[2.914s] INFO:colcon.colcon_core.shell:Creating package script '/home/situjet/Desktop/leo_common-ros2/install/leo_viz/share/leo_viz/package.sh'
[2.914s] INFO:colcon.colcon_core.shell:Creating package script '/home/situjet/Desktop/leo_common-ros2/install/leo_viz/share/leo_viz/package.bash'
[2.914s] INFO:colcon.colcon_core.shell:Creating package script '/home/situjet/Desktop/leo_common-ros2/install/leo_viz/share/leo_viz/package.zsh'
[2.915s] Level 1:colcon.colcon_core.environment:create_file_with_runtime_dependencies(/home/situjet/Desktop/leo_common-ros2/install/leo_viz/share/colcon-core/packages/leo_viz)
[2.918s] DEBUG:colcon.colcon_core.event_handler.log_command:Invoking command in '/home/situjet/Desktop/leo_common-ros2/build/leo': CMAKE_PREFIX_PATH=/home/situjet/Desktop/leo_common-ros2/install/leo_teleop:/home/situjet/Desktop/leo_common-ros2/install/leo_msgs:/home/situjet/Desktop/leo_common-ros2/install/leo_description:/home/situjet/Desktop/leo_common-ros2/src/leo_teleop_holonomic/install/leo_teleop_holonomic:/home/situjet/Desktop/leo_common-ros2/install/leo_teleop_holonomic:/home/situjet/Desktop/leo_common-ros2/install/leo_desktop:/home/situjet/Desktop/leo_common-ros2/install/leo_viz:/home/situjet/Desktop/leo_common-ros2/install/leo:/home/situjet/Desktop/leo_common-ros2/install/programmed_drive:/opt/ros/humble /home/situjet/.local/bin/cmake --build /home/situjet/Desktop/leo_common-ros2/build/leo -- -j12 -l12
[2.979s] Level 1:colcon.colcon_core.environment:create_environment_scripts_only(leo_viz)
[2.996s] Level 1:colcon.colcon_core.environment:checking '/home/situjet/Desktop/leo_common-ros2/install/leo_viz' for CMake module files
[2.996s] Level 1:colcon.colcon_core.environment:checking '/home/situjet/Desktop/leo_common-ros2/install/leo_viz' for CMake config files
[2.996s] Level 1:colcon.colcon_core.shell:create_environment_hook('leo_viz', 'cmake_prefix_path')
[3.012s] INFO:colcon.colcon_core.shell:Creating environment hook '/home/situjet/Desktop/leo_common-ros2/install/leo_viz/share/leo_viz/hook/cmake_prefix_path.ps1'
[3.012s] INFO:colcon.colcon_core.shell:Creating environment descriptor '/home/situjet/Desktop/leo_common-ros2/install/leo_viz/share/leo_viz/hook/cmake_prefix_path.dsv'
[3.013s] INFO:colcon.colcon_core.shell:Creating environment hook '/home/situjet/Desktop/leo_common-ros2/install/leo_viz/share/leo_viz/hook/cmake_prefix_path.sh'
[3.013s] Level 1:colcon.colcon_core.environment:checking '/home/situjet/Desktop/leo_common-ros2/install/leo_viz/bin'
[3.013s] Level 1:colcon.colcon_core.environment:checking '/home/situjet/Desktop/leo_common-ros2/install/leo_viz/lib/pkgconfig/leo_viz.pc'
[3.013s] Level 1:colcon.colcon_core.environment:checking '/home/situjet/Desktop/leo_common-ros2/install/leo_viz/lib/python3.10/site-packages'
[3.013s] Level 1:colcon.colcon_core.environment:checking '/home/situjet/Desktop/leo_common-ros2/install/leo_viz/bin'
[3.029s] INFO:colcon.colcon_core.shell:Creating package script '/home/situjet/Desktop/leo_common-ros2/install/leo_viz/share/leo_viz/package.ps1'
[3.029s] INFO:colcon.colcon_core.shell:Creating package descriptor '/home/situjet/Desktop/leo_common-ros2/install/leo_viz/share/leo_viz/package.dsv'
[3.030s] INFO:colcon.colcon_core.shell:Creating package script '/home/situjet/Desktop/leo_common-ros2/install/leo_viz/share/leo_viz/package.sh'
[3.030s] INFO:colcon.colcon_core.shell:Creating package script '/home/situjet/Desktop/leo_common-ros2/install/leo_viz/share/leo_viz/package.bash'
[3.030s] INFO:colcon.colcon_core.shell:Creating package script '/home/situjet/Desktop/leo_common-ros2/install/leo_viz/share/leo_viz/package.zsh'
[3.031s] Level 1:colcon.colcon_core.environment:create_file_with_runtime_dependencies(/home/situjet/Desktop/leo_common-ros2/install/leo_viz/share/colcon-core/packages/leo_viz)
[3.032s] DEBUG:colcon.colcon_core.event_handler.log_command:Invoked command in '/home/situjet/Desktop/leo_common-ros2/build/leo' returned '0': CMAKE_PREFIX_PATH=/home/situjet/Desktop/leo_common-ros2/install/leo_teleop:/home/situjet/Desktop/leo_common-ros2/install/leo_msgs:/home/situjet/Desktop/leo_common-ros2/install/leo_description:/home/situjet/Desktop/leo_common-ros2/src/leo_teleop_holonomic/install/leo_teleop_holonomic:/home/situjet/Desktop/leo_common-ros2/install/leo_teleop_holonomic:/home/situjet/Desktop/leo_common-ros2/install/leo_desktop:/home/situjet/Desktop/leo_common-ros2/install/leo_viz:/home/situjet/Desktop/leo_common-ros2/install/leo:/home/situjet/Desktop/leo_common-ros2/install/programmed_drive:/opt/ros/humble /home/situjet/.local/bin/cmake --build /home/situjet/Desktop/leo_common-ros2/build/leo -- -j12 -l12
[3.033s] Level 1:colcon.colcon_core.shell:create_environment_hook('programmed_drive', 'pythonpath_develop')
[3.033s] DEBUG:colcon.colcon_core.event_handler.log_command:Invoked command in '/home/situjet/Desktop/leo_common-ros2/build/programmed_drive' returned '0': PYTHONPATH=/home/situjet/Desktop/leo_common-ros2/build/programmed_drive/prefix_override:/home/situjet/Desktop/leo_common-ros2/install/programmed_drive/lib/python3.10/site-packages:${PYTHONPATH} /usr/bin/python3 setup.py develop --editable --build-directory /home/situjet/Desktop/leo_common-ros2/build/programmed_drive/build --no-deps install_data
[3.049s] INFO:colcon.colcon_core.shell:Creating environment hook '/home/situjet/Desktop/leo_common-ros2/build/programmed_drive/share/programmed_drive/hook/pythonpath_develop.ps1'
[3.050s] INFO:colcon.colcon_core.shell:Creating environment descriptor '/home/situjet/Desktop/leo_common-ros2/build/programmed_drive/share/programmed_drive/hook/pythonpath_develop.dsv'
[3.050s] INFO:colcon.colcon_core.shell:Creating environment hook '/home/situjet/Desktop/leo_common-ros2/build/programmed_drive/share/programmed_drive/hook/pythonpath_develop.sh'
[3.066s] Level 1:colcon.colcon_core.environment:checking '/home/situjet/Desktop/leo_common-ros2/install/programmed_drive' for CMake module files
[3.067s] Level 1:colcon.colcon_core.environment:checking '/home/situjet/Desktop/leo_common-ros2/install/programmed_drive' for CMake config files
[3.067s] Level 1:colcon.colcon_core.environment:checking '/home/situjet/Desktop/leo_common-ros2/install/programmed_drive/lib'
[3.067s] Level 1:colcon.colcon_core.environment:checking '/home/situjet/Desktop/leo_common-ros2/install/programmed_drive/bin'
[3.067s] Level 1:colcon.colcon_core.environment:checking '/home/situjet/Desktop/leo_common-ros2/install/programmed_drive/lib/pkgconfig/programmed_drive.pc'
[3.067s] Level 1:colcon.colcon_core.environment:checking '/home/situjet/Desktop/leo_common-ros2/install/programmed_drive/lib/python3.10/site-packages'
[3.067s] Level 1:colcon.colcon_core.shell:create_environment_hook('programmed_drive', 'pythonpath')
[3.084s] INFO:colcon.colcon_core.shell:Creating environment hook '/home/situjet/Desktop/leo_common-ros2/install/programmed_drive/share/programmed_drive/hook/pythonpath.ps1'
[3.084s] INFO:colcon.colcon_core.shell:Creating environment descriptor '/home/situjet/Desktop/leo_common-ros2/install/programmed_drive/share/programmed_drive/hook/pythonpath.dsv'
[3.084s] INFO:colcon.colcon_core.shell:Creating environment hook '/home/situjet/Desktop/leo_common-ros2/install/programmed_drive/share/programmed_drive/hook/pythonpath.sh'
[3.085s] Level 1:colcon.colcon_core.environment:checking '/home/situjet/Desktop/leo_common-ros2/install/programmed_drive/bin'
[3.085s] Level 1:colcon.colcon_core.environment:create_environment_scripts_only(programmed_drive)
[3.101s] INFO:colcon.colcon_core.shell:Creating package script '/home/situjet/Desktop/leo_common-ros2/install/programmed_drive/share/programmed_drive/package.ps1'
[3.102s] INFO:colcon.colcon_core.shell:Creating package descriptor '/home/situjet/Desktop/leo_common-ros2/install/programmed_drive/share/programmed_drive/package.dsv'
[3.102s] INFO:colcon.colcon_core.shell:Creating package script '/home/situjet/Desktop/leo_common-ros2/install/programmed_drive/share/programmed_drive/package.sh'
[3.102s] INFO:colcon.colcon_core.shell:Creating package script '/home/situjet/Desktop/leo_common-ros2/install/programmed_drive/share/programmed_drive/package.bash'
[3.103s] INFO:colcon.colcon_core.shell:Creating package script '/home/situjet/Desktop/leo_common-ros2/install/programmed_drive/share/programmed_drive/package.zsh'
[3.103s] Level 1:colcon.colcon_core.environment:create_file_with_runtime_dependencies(/home/situjet/Desktop/leo_common-ros2/install/programmed_drive/share/colcon-core/packages/programmed_drive)
[3.105s] DEBUG:colcon.colcon_core.event_handler.log_command:Invoking command in '/home/situjet/Desktop/leo_common-ros2/build/leo': CMAKE_PREFIX_PATH=/home/situjet/Desktop/leo_common-ros2/install/leo_teleop:/home/situjet/Desktop/leo_common-ros2/install/leo_msgs:/home/situjet/Desktop/leo_common-ros2/install/leo_description:/home/situjet/Desktop/leo_common-ros2/src/leo_teleop_holonomic/install/leo_teleop_holonomic:/home/situjet/Desktop/leo_common-ros2/install/leo_teleop_holonomic:/home/situjet/Desktop/leo_common-ros2/install/leo_desktop:/home/situjet/Desktop/leo_common-ros2/install/leo_viz:/home/situjet/Desktop/leo_common-ros2/install/leo:/home/situjet/Desktop/leo_common-ros2/install/programmed_drive:/opt/ros/humble /home/situjet/.local/bin/cmake --install /home/situjet/Desktop/leo_common-ros2/build/leo
[3.137s] Level 1:colcon.colcon_core.environment:create_environment_scripts_only(leo)
[3.138s] DEBUG:colcon.colcon_core.event_handler.log_command:Invoked command in '/home/situjet/Desktop/leo_common-ros2/build/leo' returned '0': CMAKE_PREFIX_PATH=/home/situjet/Desktop/leo_common-ros2/install/leo_teleop:/home/situjet/Desktop/leo_common-ros2/install/leo_msgs:/home/situjet/Desktop/leo_common-ros2/install/leo_description:/home/situjet/Desktop/leo_common-ros2/src/leo_teleop_holonomic/install/leo_teleop_holonomic:/home/situjet/Desktop/leo_common-ros2/install/leo_teleop_holonomic:/home/situjet/Desktop/leo_common-ros2/install/leo_desktop:/home/situjet/Desktop/leo_common-ros2/install/leo_viz:/home/situjet/Desktop/leo_common-ros2/install/leo:/home/situjet/Desktop/leo_common-ros2/install/programmed_drive:/opt/ros/humble /home/situjet/.local/bin/cmake --install /home/situjet/Desktop/leo_common-ros2/build/leo
[3.154s] Level 1:colcon.colcon_core.environment:checking '/home/situjet/Desktop/leo_common-ros2/install/leo' for CMake module files
[3.154s] Level 1:colcon.colcon_core.environment:checking '/home/situjet/Desktop/leo_common-ros2/install/leo' for CMake config files
[3.154s] Level 1:colcon.colcon_core.shell:create_environment_hook('leo', 'cmake_prefix_path')
[3.170s] INFO:colcon.colcon_core.shell:Creating environment hook '/home/situjet/Desktop/leo_common-ros2/install/leo/share/leo/hook/cmake_prefix_path.ps1'
[3.171s] INFO:colcon.colcon_core.shell:Creating environment descriptor '/home/situjet/Desktop/leo_common-ros2/install/leo/share/leo/hook/cmake_prefix_path.dsv'
[3.171s] INFO:colcon.colcon_core.shell:Creating environment hook '/home/situjet/Desktop/leo_common-ros2/install/leo/share/leo/hook/cmake_prefix_path.sh'
[3.171s] Level 1:colcon.colcon_core.environment:checking '/home/situjet/Desktop/leo_common-ros2/install/leo/bin'
[3.171s] Level 1:colcon.colcon_core.environment:checking '/home/situjet/Desktop/leo_common-ros2/install/leo/lib/pkgconfig/leo.pc'
[3.172s] Level 1:colcon.colcon_core.environment:checking '/home/situjet/Desktop/leo_common-ros2/install/leo/lib/python3.10/site-packages'
[3.172s] Level 1:colcon.colcon_core.environment:checking '/home/situjet/Desktop/leo_common-ros2/install/leo/bin'
[3.188s] INFO:colcon.colcon_core.shell:Creating package script '/home/situjet/Desktop/leo_common-ros2/install/leo/share/leo/package.ps1'
[3.188s] INFO:colcon.colcon_core.shell:Creating package descriptor '/home/situjet/Desktop/leo_common-ros2/install/leo/share/leo/package.dsv'
[3.189s] INFO:colcon.colcon_core.shell:Creating package script '/home/situjet/Desktop/leo_common-ros2/install/leo/share/leo/package.sh'
[3.189s] INFO:colcon.colcon_core.shell:Creating package script '/home/situjet/Desktop/leo_common-ros2/install/leo/share/leo/package.bash'
[3.189s] INFO:colcon.colcon_core.shell:Creating package script '/home/situjet/Desktop/leo_common-ros2/install/leo/share/leo/package.zsh'
[3.190s] Level 1:colcon.colcon_core.environment:create_file_with_runtime_dependencies(/home/situjet/Desktop/leo_common-ros2/install/leo/share/colcon-core/packages/leo)
[3.240s] Level 1:colcon.colcon_core.environment:create_environment_scripts_only(leo)
[3.255s] Level 1:colcon.colcon_core.environment:checking '/home/situjet/Desktop/leo_common-ros2/install/leo' for CMake module files
[3.255s] Level 1:colcon.colcon_core.environment:checking '/home/situjet/Desktop/leo_common-ros2/install/leo' for CMake config files
[3.255s] Level 1:colcon.colcon_core.shell:create_environment_hook('leo', 'cmake_prefix_path')
[3.271s] INFO:colcon.colcon_core.shell:Creating environment hook '/home/situjet/Desktop/leo_common-ros2/install/leo/share/leo/hook/cmake_prefix_path.ps1'
[3.271s] INFO:colcon.colcon_core.shell:Creating environment descriptor '/home/situjet/Desktop/leo_common-ros2/install/leo/share/leo/hook/cmake_prefix_path.dsv'
[3.272s] INFO:colcon.colcon_core.shell:Creating environment hook '/home/situjet/Desktop/leo_common-ros2/install/leo/share/leo/hook/cmake_prefix_path.sh'
[3.272s] Level 1:colcon.colcon_core.environment:checking '/home/situjet/Desktop/leo_common-ros2/install/leo/bin'
[3.272s] Level 1:colcon.colcon_core.environment:checking '/home/situjet/Desktop/leo_common-ros2/install/leo/lib/pkgconfig/leo.pc'
[3.272s] Level 1:colcon.colcon_core.environment:checking '/home/situjet/Desktop/leo_common-ros2/install/leo/lib/python3.10/site-packages'
[3.272s] Level 1:colcon.colcon_core.environment:checking '/home/situjet/Desktop/leo_common-ros2/install/leo/bin'
[3.287s] INFO:colcon.colcon_core.shell:Creating package script '/home/situjet/Desktop/leo_common-ros2/install/leo/share/leo/package.ps1'
[3.288s] INFO:colcon.colcon_core.shell:Creating package descriptor '/home/situjet/Desktop/leo_common-ros2/install/leo/share/leo/package.dsv'
[3.288s] INFO:colcon.colcon_core.shell:Creating package script '/home/situjet/Desktop/leo_common-ros2/install/leo/share/leo/package.sh'
[3.288s] INFO:colcon.colcon_core.shell:Creating package script '/home/situjet/Desktop/leo_common-ros2/install/leo/share/leo/package.bash'
[3.289s] INFO:colcon.colcon_core.shell:Creating package script '/home/situjet/Desktop/leo_common-ros2/install/leo/share/leo/package.zsh'
[3.289s] Level 1:colcon.colcon_core.environment:create_file_with_runtime_dependencies(/home/situjet/Desktop/leo_common-ros2/install/leo/share/colcon-core/packages/leo)
[3.289s] INFO:colcon.colcon_ros.task.ament_cmake.build:Building ROS package in '/home/situjet/Desktop/leo_common-ros2/src/leo_desktop' with build type 'ament_cmake'
[3.289s] INFO:colcon.colcon_cmake.task.cmake.build:Building CMake package in '/home/situjet/Desktop/leo_common-ros2/src/leo_desktop'
[3.304s] INFO:colcon.colcon_core.shell:Skip shell extension 'powershell' for command environment: Not usable outside of PowerShell
[3.304s] DEBUG:colcon.colcon_core.shell:Skip shell extension 'dsv' for command environment
[3.359s] DEBUG:colcon.colcon_core.event_handler.log_command:Invoking command in '/home/situjet/Desktop/leo_common-ros2/build/leo_desktop': CMAKE_PREFIX_PATH=/home/situjet/Desktop/leo_common-ros2/install/leo_viz:/home/situjet/Desktop/leo_common-ros2/install/leo:/home/situjet/Desktop/leo_common-ros2/install/leo_teleop:/home/situjet/Desktop/leo_common-ros2/install/leo_msgs:/home/situjet/Desktop/leo_common-ros2/install/leo_description:/home/situjet/Desktop/leo_common-ros2/src/leo_teleop_holonomic/install/leo_teleop_holonomic:/home/situjet/Desktop/leo_common-ros2/install/leo_teleop_holonomic:/home/situjet/Desktop/leo_common-ros2/install/leo_desktop:/home/situjet/Desktop/leo_common-ros2/install/programmed_drive:/opt/ros/humble /home/situjet/.local/bin/cmake --build /home/situjet/Desktop/leo_common-ros2/build/leo_desktop -- -j12 -l12
[3.394s] DEBUG:colcon.colcon_core.event_handler.log_command:Invoked command in '/home/situjet/Desktop/leo_common-ros2/build/leo_desktop' returned '0': CMAKE_PREFIX_PATH=/home/situjet/Desktop/leo_common-ros2/install/leo_viz:/home/situjet/Desktop/leo_common-ros2/install/leo:/home/situjet/Desktop/leo_common-ros2/install/leo_teleop:/home/situjet/Desktop/leo_common-ros2/install/leo_msgs:/home/situjet/Desktop/leo_common-ros2/install/leo_description:/home/situjet/Desktop/leo_common-ros2/src/leo_teleop_holonomic/install/leo_teleop_holonomic:/home/situjet/Desktop/leo_common-ros2/install/leo_teleop_holonomic:/home/situjet/Desktop/leo_common-ros2/install/leo_desktop:/home/situjet/Desktop/leo_common-ros2/install/programmed_drive:/opt/ros/humble /home/situjet/.local/bin/cmake --build /home/situjet/Desktop/leo_common-ros2/build/leo_desktop -- -j12 -l12
[3.429s] DEBUG:colcon.colcon_core.event_handler.log_command:Invoking command in '/home/situjet/Desktop/leo_common-ros2/build/leo_desktop': CMAKE_PREFIX_PATH=/home/situjet/Desktop/leo_common-ros2/install/leo_viz:/home/situjet/Desktop/leo_common-ros2/install/leo:/home/situjet/Desktop/leo_common-ros2/install/leo_teleop:/home/situjet/Desktop/leo_common-ros2/install/leo_msgs:/home/situjet/Desktop/leo_common-ros2/install/leo_description:/home/situjet/Desktop/leo_common-ros2/src/leo_teleop_holonomic/install/leo_teleop_holonomic:/home/situjet/Desktop/leo_common-ros2/install/leo_teleop_holonomic:/home/situjet/Desktop/leo_common-ros2/install/leo_desktop:/home/situjet/Desktop/leo_common-ros2/install/programmed_drive:/opt/ros/humble /home/situjet/.local/bin/cmake --install /home/situjet/Desktop/leo_common-ros2/build/leo_desktop
[3.460s] Level 1:colcon.colcon_core.environment:create_environment_scripts_only(leo_desktop)
[3.461s] DEBUG:colcon.colcon_core.event_handler.log_command:Invoked command in '/home/situjet/Desktop/leo_common-ros2/build/leo_desktop' returned '0': CMAKE_PREFIX_PATH=/home/situjet/Desktop/leo_common-ros2/install/leo_viz:/home/situjet/Desktop/leo_common-ros2/install/leo:/home/situjet/Desktop/leo_common-ros2/install/leo_teleop:/home/situjet/Desktop/leo_common-ros2/install/leo_msgs:/home/situjet/Desktop/leo_common-ros2/install/leo_description:/home/situjet/Desktop/leo_common-ros2/src/leo_teleop_holonomic/install/leo_teleop_holonomic:/home/situjet/Desktop/leo_common-ros2/install/leo_teleop_holonomic:/home/situjet/Desktop/leo_common-ros2/install/leo_desktop:/home/situjet/Desktop/leo_common-ros2/install/programmed_drive:/opt/ros/humble /home/situjet/.local/bin/cmake --install /home/situjet/Desktop/leo_common-ros2/build/leo_desktop
[3.477s] Level 1:colcon.colcon_core.environment:checking '/home/situjet/Desktop/leo_common-ros2/install/leo_desktop' for CMake module files
[3.477s] Level 1:colcon.colcon_core.environment:checking '/home/situjet/Desktop/leo_common-ros2/install/leo_desktop' for CMake config files
[3.478s] Level 1:colcon.colcon_core.shell:create_environment_hook('leo_desktop', 'cmake_prefix_path')
[3.493s] INFO:colcon.colcon_core.shell:Creating environment hook '/home/situjet/Desktop/leo_common-ros2/install/leo_desktop/share/leo_desktop/hook/cmake_prefix_path.ps1'
[3.494s] INFO:colcon.colcon_core.shell:Creating environment descriptor '/home/situjet/Desktop/leo_common-ros2/install/leo_desktop/share/leo_desktop/hook/cmake_prefix_path.dsv'
[3.494s] INFO:colcon.colcon_core.shell:Creating environment hook '/home/situjet/Desktop/leo_common-ros2/install/leo_desktop/share/leo_desktop/hook/cmake_prefix_path.sh'
[3.494s] Level 1:colcon.colcon_core.environment:checking '/home/situjet/Desktop/leo_common-ros2/install/leo_desktop/bin'
[3.495s] Level 1:colcon.colcon_core.environment:checking '/home/situjet/Desktop/leo_common-ros2/install/leo_desktop/lib/pkgconfig/leo_desktop.pc'
[3.495s] Level 1:colcon.colcon_core.environment:checking '/home/situjet/Desktop/leo_common-ros2/install/leo_desktop/lib/python3.10/site-packages'
[3.495s] Level 1:colcon.colcon_core.environment:checking '/home/situjet/Desktop/leo_common-ros2/install/leo_desktop/bin'
[3.511s] INFO:colcon.colcon_core.shell:Creating package script '/home/situjet/Desktop/leo_common-ros2/install/leo_desktop/share/leo_desktop/package.ps1'
[3.511s] INFO:colcon.colcon_core.shell:Creating package descriptor '/home/situjet/Desktop/leo_common-ros2/install/leo_desktop/share/leo_desktop/package.dsv'
[3.512s] INFO:colcon.colcon_core.shell:Creating package script '/home/situjet/Desktop/leo_common-ros2/install/leo_desktop/share/leo_desktop/package.sh'
[3.512s] INFO:colcon.colcon_core.shell:Creating package script '/home/situjet/Desktop/leo_common-ros2/install/leo_desktop/share/leo_desktop/package.bash'
[3.512s] INFO:colcon.colcon_core.shell:Creating package script '/home/situjet/Desktop/leo_common-ros2/install/leo_desktop/share/leo_desktop/package.zsh'
[3.512s] Level 1:colcon.colcon_core.environment:create_file_with_runtime_dependencies(/home/situjet/Desktop/leo_common-ros2/install/leo_desktop/share/colcon-core/packages/leo_desktop)
[3.563s] Level 1:colcon.colcon_core.environment:create_environment_scripts_only(leo_desktop)
[3.579s] Level 1:colcon.colcon_core.environment:checking '/home/situjet/Desktop/leo_common-ros2/install/leo_desktop' for CMake module files
[3.579s] Level 1:colcon.colcon_core.environment:checking '/home/situjet/Desktop/leo_common-ros2/install/leo_desktop' for CMake config files
[3.579s] Level 1:colcon.colcon_core.shell:create_environment_hook('leo_desktop', 'cmake_prefix_path')
[3.594s] INFO:colcon.colcon_core.shell:Creating environment hook '/home/situjet/Desktop/leo_common-ros2/install/leo_desktop/share/leo_desktop/hook/cmake_prefix_path.ps1'
[3.595s] INFO:colcon.colcon_core.shell:Creating environment descriptor '/home/situjet/Desktop/leo_common-ros2/install/leo_desktop/share/leo_desktop/hook/cmake_prefix_path.dsv'
[3.595s] INFO:colcon.colcon_core.shell:Creating environment hook '/home/situjet/Desktop/leo_common-ros2/install/leo_desktop/share/leo_desktop/hook/cmake_prefix_path.sh'
[3.595s] Level 1:colcon.colcon_core.environment:checking '/home/situjet/Desktop/leo_common-ros2/install/leo_desktop/bin'
[3.596s] Level 1:colcon.colcon_core.environment:checking '/home/situjet/Desktop/leo_common-ros2/install/leo_desktop/lib/pkgconfig/leo_desktop.pc'
[3.596s] Level 1:colcon.colcon_core.environment:checking '/home/situjet/Desktop/leo_common-ros2/install/leo_desktop/lib/python3.10/site-packages'
[3.596s] Level 1:colcon.colcon_core.environment:checking '/home/situjet/Desktop/leo_common-ros2/install/leo_desktop/bin'
[3.612s] INFO:colcon.colcon_core.shell:Creating package script '/home/situjet/Desktop/leo_common-ros2/install/leo_desktop/share/leo_desktop/package.ps1'
[3.612s] INFO:colcon.colcon_core.shell:Creating package descriptor '/home/situjet/Desktop/leo_common-ros2/install/leo_desktop/share/leo_desktop/package.dsv'
[3.612s] INFO:colcon.colcon_core.shell:Creating package script '/home/situjet/Desktop/leo_common-ros2/install/leo_desktop/share/leo_desktop/package.sh'
[3.613s] INFO:colcon.colcon_core.shell:Creating package script '/home/situjet/Desktop/leo_common-ros2/install/leo_desktop/share/leo_desktop/package.bash'
[3.613s] INFO:colcon.colcon_core.shell:Creating package script '/home/situjet/Desktop/leo_common-ros2/install/leo_desktop/share/leo_desktop/package.zsh'
[3.613s] Level 1:colcon.colcon_core.environment:create_file_with_runtime_dependencies(/home/situjet/Desktop/leo_common-ros2/install/leo_desktop/share/colcon-core/packages/leo_desktop)
[3.613s] DEBUG:colcon.colcon_parallel_executor.executor.parallel:closing loop
[3.614s] DEBUG:colcon.colcon_parallel_executor.executor.parallel:loop closed
[3.614s] DEBUG:colcon.colcon_parallel_executor.executor.parallel:run_until_complete finished with '0'
[3.614s] DEBUG:colcon.colcon_core.event_reactor:joining thread
[3.636s] INFO:colcon.colcon_core.plugin_system:Skipping extension 'colcon_notification.desktop_notification.terminal_notifier': Not used on non-Darwin systems
[3.636s] INFO:colcon.colcon_core.plugin_system:Skipping extension 'colcon_notification.desktop_notification.win32': Not used on non-Windows systems
[3.637s] INFO:colcon.colcon_notification.desktop_notification:Sending desktop notification using 'notify2'
[3.646s] DEBUG:colcon.colcon_core.event_reactor:joined thread
[3.662s] INFO:colcon.colcon_core.shell:Creating prefix script '/home/situjet/Desktop/leo_common-ros2/install/local_setup.ps1'
[3.663s] INFO:colcon.colcon_core.shell:Creating prefix util module '/home/situjet/Desktop/leo_common-ros2/install/_local_setup_util_ps1.py'
[3.664s] INFO:colcon.colcon_core.shell:Creating prefix chain script '/home/situjet/Desktop/leo_common-ros2/install/setup.ps1'
[3.681s] INFO:colcon.colcon_core.shell:Creating prefix script '/home/situjet/Desktop/leo_common-ros2/install/local_setup.sh'
[3.681s] INFO:colcon.colcon_core.shell:Creating prefix util module '/home/situjet/Desktop/leo_common-ros2/install/_local_setup_util_sh.py'
[3.681s] INFO:colcon.colcon_core.shell:Creating prefix chain script '/home/situjet/Desktop/leo_common-ros2/install/setup.sh'
[3.698s] INFO:colcon.colcon_core.shell:Creating prefix script '/home/situjet/Desktop/leo_common-ros2/install/local_setup.bash'
[3.698s] INFO:colcon.colcon_core.shell:Creating prefix chain script '/home/situjet/Desktop/leo_common-ros2/install/setup.bash'
[3.715s] INFO:colcon.colcon_core.shell:Creating prefix script '/home/situjet/Desktop/leo_common-ros2/install/local_setup.zsh'
[3.715s] INFO:colcon.colcon_core.shell:Creating prefix chain script '/home/situjet/Desktop/leo_common-ros2/install/setup.zsh'
