-- Found ament_cmake: 1.3.5 (/opt/ros/humble/share/ament_cmake/cmake)
-- Found Python3: /usr/bin/python3.10 (found version "3.10.12") found components: Interpreter 
-- Override CMake install command with custom implementation using symlinks instead of copying resources
-- Configuring done (0.6s)
-- Generating done (0.0s)
-- Build files have been written to: /home/situjet/Desktop/leo_common-ros2/src/build/leo_desktop
-- Install configuration: ""
-- Execute custom install script
-- Symlinking: /home/situjet/Desktop/leo_common-ros2/src/install/leo_desktop/share/ament_index/resource_index/package_run_dependencies/leo_desktop
-- Symlinking: /home/situjet/Desktop/leo_common-ros2/src/install/leo_desktop/share/ament_index/resource_index/parent_prefix_path/leo_desktop
-- Symlinking: /home/situjet/Desktop/leo_common-ros2/src/install/leo_desktop/share/leo_desktop/environment/ament_prefix_path.sh
-- Symlinking: /home/situjet/Desktop/leo_common-ros2/src/install/leo_desktop/share/leo_desktop/environment/ament_prefix_path.dsv
-- Symlinking: /home/situjet/Desktop/leo_common-ros2/src/install/leo_desktop/share/leo_desktop/environment/path.sh
-- Symlinking: /home/situjet/Desktop/leo_common-ros2/src/install/leo_desktop/share/leo_desktop/environment/path.dsv
-- Symlinking: /home/situjet/Desktop/leo_common-ros2/src/install/leo_desktop/share/leo_desktop/local_setup.bash
-- Symlinking: /home/situjet/Desktop/leo_common-ros2/src/install/leo_desktop/share/leo_desktop/local_setup.sh
-- Symlinking: /home/situjet/Desktop/leo_common-ros2/src/install/leo_desktop/share/leo_desktop/local_setup.zsh
-- Symlinking: /home/situjet/Desktop/leo_common-ros2/src/install/leo_desktop/share/leo_desktop/local_setup.dsv
-- Symlinking: /home/situjet/Desktop/leo_common-ros2/src/install/leo_desktop/share/leo_desktop/package.dsv
-- Symlinking: /home/situjet/Desktop/leo_common-ros2/src/install/leo_desktop/share/ament_index/resource_index/packages/leo_desktop
-- Symlinking: /home/situjet/Desktop/leo_common-ros2/src/install/leo_desktop/share/leo_desktop/cmake/leo_desktopConfig.cmake
-- Symlinking: /home/situjet/Desktop/leo_common-ros2/src/install/leo_desktop/share/leo_desktop/cmake/leo_desktopConfig-version.cmake
-- Symlinking: /home/situjet/Desktop/leo_common-ros2/src/install/leo_desktop/share/leo_desktop/package.xml
