[0.054s] Invoking command in '/home/situjet/Desktop/aruco_ros/aruco_ros/build/aruco_ros': AMENT_PREFIX_PATH=/home/situjet/Desktop/aruco_ros/aruco_ros/install/aruco_msgs:/home/situjet/Desktop/aruco_ros/aruco_ros/install/aruco:${AMENT_PREFIX_PATH} CMAKE_PREFIX_PATH=/home/situjet/Desktop/aruco_ros/aruco_ros/install/aruco_msgs:/home/situjet/Desktop/aruco_ros/aruco_ros/install/aruco:/opt/ros/humble LD_LIBRARY_PATH=/home/situjet/Desktop/aruco_ros/aruco_ros/install/aruco_msgs/lib:/home/situjet/Desktop/aruco_ros/aruco_ros/install/aruco/lib:${LD_LIBRARY_PATH} PYTHONPATH=/home/situjet/Desktop/aruco_ros/aruco_ros/install/aruco_msgs/local/lib/python3.10/dist-packages:${PYTHONPATH} /home/situjet/.local/bin/cmake /home/situjet/Desktop/aruco_ros/aruco_ros/aruco_ros -DAMENT_CMAKE_SYMLINK_INSTALL=1 -DCMAKE_INSTALL_PREFIX=/home/situjet/Desktop/aruco_ros/aruco_ros/install/aruco_ros
[0.111s] -- The C compiler identification is GNU 11.4.0
[0.155s] -- The CXX compiler identification is GNU 11.4.0
[0.166s] -- Detecting C compiler ABI info
[0.215s] -- Detecting C compiler ABI info - done
[0.231s] -- Check for working C compiler: /usr/bin/cc - skipped
[0.232s] -- Detecting C compile features
[0.232s] -- Detecting C compile features - done
[0.242s] -- Detecting CXX compiler ABI info
[0.317s] -- Detecting CXX compiler ABI info - done
[0.330s] -- Check for working CXX compiler: /usr/bin/c++ - skipped
[0.330s] -- Detecting CXX compile features
[0.331s] -- Detecting CXX compile features - done
[0.333s] -- Found ament_cmake: 1.3.5 (/opt/ros/humble/share/ament_cmake/cmake)
[0.700s] -- Found Python3: /usr/bin/python3.10 (found version "3.10.12") found components: Interpreter 
[0.752s] -- Override CMake install command with custom implementation using symlinks instead of copying resources
[0.784s] -- Found OpenCV: /usr (found version "4.5.4") 
[0.786s] -- Found cv_bridge: 3.2.1 (/opt/ros/humble/share/cv_bridge/cmake)
[0.827s] -- Found rosidl_generator_c: 3.1.5 (/opt/ros/humble/share/rosidl_generator_c/cmake)
[0.832s] -- Found rosidl_adapter: 3.1.5 (/opt/ros/humble/share/rosidl_adapter/cmake)
[0.841s] -- Found rosidl_generator_cpp: 3.1.5 (/opt/ros/humble/share/rosidl_generator_cpp/cmake)
[0.858s] -- Using all available rosidl_typesupport_c: rosidl_typesupport_fastrtps_c;rosidl_typesupport_introspection_c
[0.881s] -- Using all available rosidl_typesupport_cpp: rosidl_typesupport_fastrtps_cpp;rosidl_typesupport_introspection_cpp
[1.128s] -- Found image_transport: 3.1.7 (/opt/ros/humble/share/image_transport/cmake)
[1.199s] -- Found rmw_implementation_cmake: 6.1.1 (/opt/ros/humble/share/rmw_implementation_cmake/cmake)
[1.202s] -- Found rmw_fastrtps_cpp: 6.2.4 (/opt/ros/humble/share/rmw_fastrtps_cpp/cmake)
[1.283s] -- Found OpenSSL: /usr/lib/x86_64-linux-gnu/libcrypto.so (found version "3.0.2")  
[1.308s] -- Found FastRTPS: /opt/ros/humble/include  
[1.352s] -- Using RMW implementation 'rmw_fastrtps_cpp' as default
[1.362s] -- Performing Test CMAKE_HAVE_LIBC_PTHREAD
[1.407s] -- Performing Test CMAKE_HAVE_LIBC_PTHREAD - Success
[1.408s] -- Found Threads: TRUE  
[1.610s] -- Found rclpy: 3.3.10 (/opt/ros/humble/share/rclpy/cmake)
[1.620s] -- Found tf2: 0.25.4 (/opt/ros/humble/share/tf2/cmake)
[1.637s] -- Found tf2_ros: 0.25.4 (/opt/ros/humble/share/tf2_ros/cmake)
[2.044s] -- Found tf2_geometry_msgs: 0.25.4 (/opt/ros/humble/share/tf2_geometry_msgs/cmake)
[2.067s] -- Found eigen3_cmake_module: 0.1.1 (/opt/ros/humble/share/eigen3_cmake_module/cmake)
[2.069s] -- Found Eigen3: TRUE (found version "3.4.0") 
[2.069s] -- Ensuring Eigen3 include directory is part of orocos-kdl CMake target
[2.079s] -- Found aruco: 5.0.3 (/home/situjet/Desktop/aruco_ros/aruco_ros/install/aruco/share/aruco/cmake)
[2.081s] -- Found aruco_msgs: 5.0.3 (/home/situjet/Desktop/aruco_ros/aruco_ros/install/aruco_msgs/share/aruco_msgs/cmake)
[2.160s] -- Found visualization_msgs: 4.2.3 (/opt/ros/humble/share/visualization_msgs/cmake)
[2.315s] -- Found ament_lint_auto: 0.12.8 (/opt/ros/humble/share/ament_lint_auto/cmake)
[2.399s] -- Added test 'cppcheck' to perform static code analysis on C / C++ code
[2.400s] -- Configured cppcheck include dirs: /home/situjet/Desktop/aruco_ros/aruco_ros/aruco_ros/include
[2.400s] -- Configured cppcheck exclude dirs and/or files: 
[2.401s] -- Added test 'cpplint' to check C / C++ code against the Google style
[2.401s] -- Configured cpplint exclude dirs and/or files: 
[2.401s] -- Added test 'flake8' to check Python code syntax and style conventions
[2.402s] -- Added test 'lint_cmake' to check CMake code style
[2.403s] -- Added test 'pep257' to check Python code against some of the docstring style conventions in PEP 257
[2.404s] -- Added test 'uncrustify' to check C / C++ code style
[2.404s] -- Configured uncrustify additional arguments: 
[2.404s] -- Added test 'xmllint' to check XML markup files
[2.406s] -- Configuring done (2.3s)
[2.452s] -- Generating done (0.0s)
[2.454s] -- Build files have been written to: /home/situjet/Desktop/aruco_ros/aruco_ros/build/aruco_ros
[2.469s] Invoked command in '/home/situjet/Desktop/aruco_ros/aruco_ros/build/aruco_ros' returned '0': AMENT_PREFIX_PATH=/home/situjet/Desktop/aruco_ros/aruco_ros/install/aruco_msgs:/home/situjet/Desktop/aruco_ros/aruco_ros/install/aruco:${AMENT_PREFIX_PATH} CMAKE_PREFIX_PATH=/home/situjet/Desktop/aruco_ros/aruco_ros/install/aruco_msgs:/home/situjet/Desktop/aruco_ros/aruco_ros/install/aruco:/opt/ros/humble LD_LIBRARY_PATH=/home/situjet/Desktop/aruco_ros/aruco_ros/install/aruco_msgs/lib:/home/situjet/Desktop/aruco_ros/aruco_ros/install/aruco/lib:${LD_LIBRARY_PATH} PYTHONPATH=/home/situjet/Desktop/aruco_ros/aruco_ros/install/aruco_msgs/local/lib/python3.10/dist-packages:${PYTHONPATH} /home/situjet/.local/bin/cmake /home/situjet/Desktop/aruco_ros/aruco_ros/aruco_ros -DAMENT_CMAKE_SYMLINK_INSTALL=1 -DCMAKE_INSTALL_PREFIX=/home/situjet/Desktop/aruco_ros/aruco_ros/install/aruco_ros
[2.469s] Invoking command in '/home/situjet/Desktop/aruco_ros/aruco_ros/build/aruco_ros': AMENT_PREFIX_PATH=/home/situjet/Desktop/aruco_ros/aruco_ros/install/aruco_msgs:/home/situjet/Desktop/aruco_ros/aruco_ros/install/aruco:${AMENT_PREFIX_PATH} CMAKE_PREFIX_PATH=/home/situjet/Desktop/aruco_ros/aruco_ros/install/aruco_msgs:/home/situjet/Desktop/aruco_ros/aruco_ros/install/aruco:/opt/ros/humble LD_LIBRARY_PATH=/home/situjet/Desktop/aruco_ros/aruco_ros/install/aruco_msgs/lib:/home/situjet/Desktop/aruco_ros/aruco_ros/install/aruco/lib:${LD_LIBRARY_PATH} PYTHONPATH=/home/situjet/Desktop/aruco_ros/aruco_ros/install/aruco_msgs/local/lib/python3.10/dist-packages:${PYTHONPATH} /home/situjet/.local/bin/cmake --build /home/situjet/Desktop/aruco_ros/aruco_ros/build/aruco_ros -- -j12 -l12
[2.506s] [  9%] [32mBuilding CXX object CMakeFiles/single.dir/src/simple_single.cpp.o[0m
[2.506s] [ 18%] [32mBuilding CXX object CMakeFiles/aruco_ros_utils.dir/src/aruco_ros_utils.cpp.o[0m
[2.506s] [ 27%] [32mBuilding CXX object CMakeFiles/double.dir/src/simple_double.cpp.o[0m
[2.506s] [ 36%] [32mBuilding CXX object CMakeFiles/single.dir/src/aruco_ros_utils.cpp.o[0m
[2.506s] [ 45%] [32mBuilding CXX object CMakeFiles/marker_publisher.dir/src/marker_publish.cpp.o[0m
[2.506s] [ 54%] [32mBuilding CXX object CMakeFiles/double.dir/src/aruco_ros_utils.cpp.o[0m
[2.507s] [ 63%] [32mBuilding CXX object CMakeFiles/marker_publisher.dir/src/aruco_ros_utils.cpp.o[0m
[4.043s] [ 72%] [32m[1mLinking CXX shared library libaruco_ros_utils.so[0m
[4.314s] [ 72%] Built target aruco_ros_utils
[12.433s] [ 81%] [32m[1mLinking CXX executable double[0m
[13.281s] [ 81%] Built target double
[13.921s] [ 90%] [32m[1mLinking CXX executable single[0m
[14.030s] [100%] [32m[1mLinking CXX executable marker_publisher[0m
[14.985s] [100%] Built target single
[15.119s] [100%] Built target marker_publisher
[15.130s] Invoked command in '/home/situjet/Desktop/aruco_ros/aruco_ros/build/aruco_ros' returned '0': AMENT_PREFIX_PATH=/home/situjet/Desktop/aruco_ros/aruco_ros/install/aruco_msgs:/home/situjet/Desktop/aruco_ros/aruco_ros/install/aruco:${AMENT_PREFIX_PATH} CMAKE_PREFIX_PATH=/home/situjet/Desktop/aruco_ros/aruco_ros/install/aruco_msgs:/home/situjet/Desktop/aruco_ros/aruco_ros/install/aruco:/opt/ros/humble LD_LIBRARY_PATH=/home/situjet/Desktop/aruco_ros/aruco_ros/install/aruco_msgs/lib:/home/situjet/Desktop/aruco_ros/aruco_ros/install/aruco/lib:${LD_LIBRARY_PATH} PYTHONPATH=/home/situjet/Desktop/aruco_ros/aruco_ros/install/aruco_msgs/local/lib/python3.10/dist-packages:${PYTHONPATH} /home/situjet/.local/bin/cmake --build /home/situjet/Desktop/aruco_ros/aruco_ros/build/aruco_ros -- -j12 -l12
[15.171s] Invoking command in '/home/situjet/Desktop/aruco_ros/aruco_ros/build/aruco_ros': AMENT_PREFIX_PATH=/home/situjet/Desktop/aruco_ros/aruco_ros/install/aruco_msgs:/home/situjet/Desktop/aruco_ros/aruco_ros/install/aruco:${AMENT_PREFIX_PATH} CMAKE_PREFIX_PATH=/home/situjet/Desktop/aruco_ros/aruco_ros/install/aruco_msgs:/home/situjet/Desktop/aruco_ros/aruco_ros/install/aruco:/opt/ros/humble LD_LIBRARY_PATH=/home/situjet/Desktop/aruco_ros/aruco_ros/install/aruco_msgs/lib:/home/situjet/Desktop/aruco_ros/aruco_ros/install/aruco/lib:${LD_LIBRARY_PATH} PYTHONPATH=/home/situjet/Desktop/aruco_ros/aruco_ros/install/aruco_msgs/local/lib/python3.10/dist-packages:${PYTHONPATH} /home/situjet/.local/bin/cmake --install /home/situjet/Desktop/aruco_ros/aruco_ros/build/aruco_ros
[15.193s] -- Install configuration: ""
[15.193s] -- Execute custom install script
[15.194s] -- Symlinking: /home/situjet/Desktop/aruco_ros/aruco_ros/install/aruco_ros/lib/libaruco_ros_utils.so
[15.196s] -- Symlinking: /home/situjet/Desktop/aruco_ros/aruco_ros/install/aruco_ros/lib/aruco_ros/marker_publisher
[15.197s] -- Symlinking: /home/situjet/Desktop/aruco_ros/aruco_ros/install/aruco_ros/lib/aruco_ros/single
[15.199s] -- Symlinking: /home/situjet/Desktop/aruco_ros/aruco_ros/install/aruco_ros/lib/aruco_ros/double
[15.201s] -- Symlinking: /home/situjet/Desktop/aruco_ros/aruco_ros/install/aruco_ros/share/aruco_ros/etc/marker26_5cm.jpg
[15.203s] -- Symlinking: /home/situjet/Desktop/aruco_ros/aruco_ros/install/aruco_ros/share/aruco_ros/etc/marker26_5cm_margin_1cm.jpg
[15.205s] -- Symlinking: /home/situjet/Desktop/aruco_ros/aruco_ros/install/aruco_ros/share/aruco_ros/etc/marker26_5cm_margin_2cm.jpg
[15.207s] -- Symlinking: /home/situjet/Desktop/aruco_ros/aruco_ros/install/aruco_ros/share/aruco_ros/etc/marker582_5cm.jpg
[15.209s] -- Symlinking: /home/situjet/Desktop/aruco_ros/aruco_ros/install/aruco_ros/share/aruco_ros/etc/marker582_5cm_margin_2cm.jpg
[15.210s] -- Symlinking: /home/situjet/Desktop/aruco_ros/aruco_ros/install/aruco_ros/share/aruco_ros/etc/marker_in_hand.jpg
[15.212s] -- Symlinking: /home/situjet/Desktop/aruco_ros/aruco_ros/install/aruco_ros/share/aruco_ros/etc/marker_in_object.jpg
[15.214s] -- Symlinking: /home/situjet/Desktop/aruco_ros/aruco_ros/install/aruco_ros/share/aruco_ros/etc/new_coordinates.png
[15.216s] -- Symlinking: /home/situjet/Desktop/aruco_ros/aruco_ros/install/aruco_ros/share/aruco_ros/etc/reem_gazebo_floating_marker.png
[15.217s] -- Symlinking: /home/situjet/Desktop/aruco_ros/aruco_ros/install/aruco_ros/share/aruco_ros/etc/reem_gazebo_floating_marker_world.png
[15.219s] -- Symlinking: /home/situjet/Desktop/aruco_ros/aruco_ros/install/aruco_ros/share/aruco_ros/launch/double.launch.py
[15.221s] -- Symlinking: /home/situjet/Desktop/aruco_ros/aruco_ros/install/aruco_ros/share/aruco_ros/launch/marker_publisher.launch.py
[15.223s] -- Symlinking: /home/situjet/Desktop/aruco_ros/aruco_ros/install/aruco_ros/share/aruco_ros/launch/single.launch.py
[15.225s] -- Symlinking: /home/situjet/Desktop/aruco_ros/aruco_ros/install/aruco_ros/share/ament_index/resource_index/package_run_dependencies/aruco_ros
[15.227s] -- Symlinking: /home/situjet/Desktop/aruco_ros/aruco_ros/install/aruco_ros/share/ament_index/resource_index/parent_prefix_path/aruco_ros
[15.229s] -- Symlinking: /home/situjet/Desktop/aruco_ros/aruco_ros/install/aruco_ros/share/aruco_ros/environment/ament_prefix_path.sh
[15.230s] -- Symlinking: /home/situjet/Desktop/aruco_ros/aruco_ros/install/aruco_ros/share/aruco_ros/environment/ament_prefix_path.dsv
[15.233s] -- Symlinking: /home/situjet/Desktop/aruco_ros/aruco_ros/install/aruco_ros/share/aruco_ros/environment/path.sh
[15.235s] -- Symlinking: /home/situjet/Desktop/aruco_ros/aruco_ros/install/aruco_ros/share/aruco_ros/environment/path.dsv
[15.237s] -- Symlinking: /home/situjet/Desktop/aruco_ros/aruco_ros/install/aruco_ros/share/aruco_ros/local_setup.bash
[15.240s] -- Symlinking: /home/situjet/Desktop/aruco_ros/aruco_ros/install/aruco_ros/share/aruco_ros/local_setup.sh
[15.242s] -- Symlinking: /home/situjet/Desktop/aruco_ros/aruco_ros/install/aruco_ros/share/aruco_ros/local_setup.zsh
[15.244s] -- Symlinking: /home/situjet/Desktop/aruco_ros/aruco_ros/install/aruco_ros/share/aruco_ros/local_setup.dsv
[15.247s] -- Symlinking: /home/situjet/Desktop/aruco_ros/aruco_ros/install/aruco_ros/share/aruco_ros/package.dsv
[15.249s] -- Symlinking: /home/situjet/Desktop/aruco_ros/aruco_ros/install/aruco_ros/share/ament_index/resource_index/packages/aruco_ros
[15.252s] -- Symlinking: /home/situjet/Desktop/aruco_ros/aruco_ros/install/aruco_ros/share/aruco_ros/cmake/aruco_rosConfig.cmake
[15.254s] -- Symlinking: /home/situjet/Desktop/aruco_ros/aruco_ros/install/aruco_ros/share/aruco_ros/cmake/aruco_rosConfig-version.cmake
[15.256s] -- Symlinking: /home/situjet/Desktop/aruco_ros/aruco_ros/install/aruco_ros/share/aruco_ros/package.xml
[15.259s] -- Installing: /home/situjet/Desktop/aruco_ros/aruco_ros/install/aruco_ros/include
[15.259s] -- Installing: /home/situjet/Desktop/aruco_ros/aruco_ros/install/aruco_ros/include/aruco_ros
[15.265s] Invoked command in '/home/situjet/Desktop/aruco_ros/aruco_ros/build/aruco_ros' returned '0': AMENT_PREFIX_PATH=/home/situjet/Desktop/aruco_ros/aruco_ros/install/aruco_msgs:/home/situjet/Desktop/aruco_ros/aruco_ros/install/aruco:${AMENT_PREFIX_PATH} CMAKE_PREFIX_PATH=/home/situjet/Desktop/aruco_ros/aruco_ros/install/aruco_msgs:/home/situjet/Desktop/aruco_ros/aruco_ros/install/aruco:/opt/ros/humble LD_LIBRARY_PATH=/home/situjet/Desktop/aruco_ros/aruco_ros/install/aruco_msgs/lib:/home/situjet/Desktop/aruco_ros/aruco_ros/install/aruco/lib:${LD_LIBRARY_PATH} PYTHONPATH=/home/situjet/Desktop/aruco_ros/aruco_ros/install/aruco_msgs/local/lib/python3.10/dist-packages:${PYTHONPATH} /home/situjet/.local/bin/cmake --install /home/situjet/Desktop/aruco_ros/aruco_ros/build/aruco_ros
