-- Install configuration: ""
-- Execute custom install script
-- Up-to-date symlink: /home/situjet/Desktop/leo_common-ros2/install/leo_teleop_holonomic/share/leo_teleop_holonomic/launch/key_teleop.launch.xml
-- Up-to-date symlink: /home/situjet/Desktop/leo_common-ros2/install/leo_teleop_holonomic/share/leo_teleop_holonomic/src/commands.txt
-- Up-to-date symlink: /home/situjet/Desktop/leo_common-ros2/install/leo_teleop_holonomic/share/leo_teleop_holonomic/src/programmedDrive.py
-- Up-to-date symlink: /home/situjet/Desktop/leo_common-ros2/install/leo_teleop_holonomic/share/ament_index/resource_index/package_run_dependencies/leo_teleop_holonomic
-- Up-to-date symlink: /home/situjet/Desktop/leo_common-ros2/install/leo_teleop_holonomic/share/ament_index/resource_index/parent_prefix_path/leo_teleop_holonomic
-- Up-to-date symlink: /home/situjet/Desktop/leo_common-ros2/install/leo_teleop_holonomic/share/leo_teleop_holonomic/environment/ament_prefix_path.sh
-- Up-to-date symlink: /home/situjet/Desktop/leo_common-ros2/install/leo_teleop_holonomic/share/leo_teleop_holonomic/environment/ament_prefix_path.dsv
-- Up-to-date symlink: /home/situjet/Desktop/leo_common-ros2/install/leo_teleop_holonomic/share/leo_teleop_holonomic/environment/path.sh
-- Up-to-date symlink: /home/situjet/Desktop/leo_common-ros2/install/leo_teleop_holonomic/share/leo_teleop_holonomic/environment/path.dsv
-- Up-to-date symlink: /home/situjet/Desktop/leo_common-ros2/install/leo_teleop_holonomic/share/leo_teleop_holonomic/local_setup.bash
-- Up-to-date symlink: /home/situjet/Desktop/leo_common-ros2/install/leo_teleop_holonomic/share/leo_teleop_holonomic/local_setup.sh
-- Up-to-date symlink: /home/situjet/Desktop/leo_common-ros2/install/leo_teleop_holonomic/share/leo_teleop_holonomic/local_setup.zsh
-- Up-to-date symlink: /home/situjet/Desktop/leo_common-ros2/install/leo_teleop_holonomic/share/leo_teleop_holonomic/local_setup.dsv
-- Symlinking: /home/situjet/Desktop/leo_common-ros2/install/leo_teleop_holonomic/share/leo_teleop_holonomic/package.dsv
-- Up-to-date symlink: /home/situjet/Desktop/leo_common-ros2/install/leo_teleop_holonomic/share/ament_index/resource_index/packages/leo_teleop_holonomic
-- Up-to-date symlink: /home/situjet/Desktop/leo_common-ros2/install/leo_teleop_holonomic/share/leo_teleop_holonomic/cmake/leo_teleop_holonomicConfig.cmake
-- Up-to-date symlink: /home/situjet/Desktop/leo_common-ros2/install/leo_teleop_holonomic/share/leo_teleop_holonomic/cmake/leo_teleop_holonomicConfig-version.cmake
-- Up-to-date symlink: /home/situjet/Desktop/leo_common-ros2/install/leo_teleop_holonomic/share/leo_teleop_holonomic/package.xml
