[1.142s] DEBUG:colcon:Command line arguments: ['/usr/bin/colcon', 'build', '--symlink-install']
[1.142s] DEBUG:colcon:Parsed command line arguments: Namespace(log_base=None, log_level=None, verb_name='build', build_base='build', install_base='install', merge_install=False, symlink_install=True, test_result_base=None, continue_on_error=False, executor='parallel', parallel_workers=12, event_handlers=None, ignore_user_meta=False, metas=['./colcon.meta'], base_paths=['.'], packages_ignore=None, packages_ignore_regex=None, paths=None, packages_up_to=None, packages_up_to_regex=None, packages_above=None, packages_above_and_dependencies=None, packages_above_depth=None, packages_select_by_dep=None, packages_skip_by_dep=None, packages_skip_up_to=None, packages_select_build_failed=False, packages_skip_build_finished=False, packages_select_test_failures=False, packages_skip_test_passed=False, packages_select=None, packages_skip=None, packages_select_regex=None, packages_skip_regex=None, packages_start=None, packages_end=None, allow_overriding=[], cmake_args=None, cmake_target=None, cmake_target_skip_unavailable=False, cmake_clean_cache=False, cmake_clean_first=False, cmake_force_configure=False, ament_cmake_args=None, catkin_cmake_args=None, catkin_skip_building_tests=False, verb_parser=<colcon_defaults.argument_parser.defaults.DefaultArgumentsDecorator object at 0x7f55263136a0>, verb_extension=<colcon_core.verb.build.BuildVerb object at 0x7f55264486d0>, main=<bound method BuildVerb.main of <colcon_core.verb.build.BuildVerb object at 0x7f55264486d0>>)
[1.201s] Level 1:colcon.colcon_core.package_discovery:discover_packages(colcon_meta) check parameters
[1.201s] Level 1:colcon.colcon_core.package_discovery:discover_packages(recursive) check parameters
[1.201s] Level 1:colcon.colcon_core.package_discovery:discover_packages(ignore) check parameters
[1.201s] Level 1:colcon.colcon_core.package_discovery:discover_packages(path) check parameters
[1.201s] Level 1:colcon.colcon_core.package_discovery:discover_packages(colcon_meta) discover
[1.201s] Level 1:colcon.colcon_core.package_discovery:discover_packages(recursive) discover
[1.201s] INFO:colcon.colcon_core.package_discovery:Crawling recursively for packages in '/home/situjet/Desktop/aruco_ros/aruco_ros'
[1.202s] Level 1:colcon.colcon_core.package_identification:_identify(.) by extensions ['ignore', 'ignore_ament_install']
[1.202s] Level 1:colcon.colcon_core.package_identification:_identify(.) by extension 'ignore'
[1.202s] Level 1:colcon.colcon_core.package_identification:_identify(.) by extension 'ignore_ament_install'
[1.202s] Level 1:colcon.colcon_core.package_identification:_identify(.) by extensions ['colcon_pkg']
[1.202s] Level 1:colcon.colcon_core.package_identification:_identify(.) by extension 'colcon_pkg'
[1.202s] Level 1:colcon.colcon_core.package_identification:_identify(.) by extensions ['colcon_meta']
[1.202s] Level 1:colcon.colcon_core.package_identification:_identify(.) by extension 'colcon_meta'
[1.202s] Level 1:colcon.colcon_core.package_identification:_identify(.) by extensions ['ros']
[1.202s] Level 1:colcon.colcon_core.package_identification:_identify(.) by extension 'ros'
[1.216s] Level 1:colcon.colcon_core.package_identification:_identify(.) by extensions ['cmake', 'python']
[1.216s] Level 1:colcon.colcon_core.package_identification:_identify(.) by extension 'cmake'
[1.216s] Level 1:colcon.colcon_core.package_identification:_identify(.) by extension 'python'
[1.216s] Level 1:colcon.colcon_core.package_identification:_identify(.) by extensions ['python_setup_py']
[1.216s] Level 1:colcon.colcon_core.package_identification:_identify(.) by extension 'python_setup_py'
[1.216s] Level 1:colcon.colcon_core.package_identification:_identify(aruco) by extensions ['ignore', 'ignore_ament_install']
[1.216s] Level 1:colcon.colcon_core.package_identification:_identify(aruco) by extension 'ignore'
[1.216s] Level 1:colcon.colcon_core.package_identification:_identify(aruco) by extension 'ignore_ament_install'
[1.216s] Level 1:colcon.colcon_core.package_identification:_identify(aruco) by extensions ['colcon_pkg']
[1.216s] Level 1:colcon.colcon_core.package_identification:_identify(aruco) by extension 'colcon_pkg'
[1.216s] Level 1:colcon.colcon_core.package_identification:_identify(aruco) by extensions ['colcon_meta']
[1.216s] Level 1:colcon.colcon_core.package_identification:_identify(aruco) by extension 'colcon_meta'
[1.216s] Level 1:colcon.colcon_core.package_identification:_identify(aruco) by extensions ['ros']
[1.216s] Level 1:colcon.colcon_core.package_identification:_identify(aruco) by extension 'ros'
[1.219s] DEBUG:colcon.colcon_core.package_identification:Package 'aruco' with type 'ros.ament_cmake' and name 'aruco'
[1.219s] Level 1:colcon.colcon_core.package_identification:_identify(aruco_msgs) by extensions ['ignore', 'ignore_ament_install']
[1.220s] Level 1:colcon.colcon_core.package_identification:_identify(aruco_msgs) by extension 'ignore'
[1.220s] Level 1:colcon.colcon_core.package_identification:_identify(aruco_msgs) by extension 'ignore_ament_install'
[1.220s] Level 1:colcon.colcon_core.package_identification:_identify(aruco_msgs) by extensions ['colcon_pkg']
[1.220s] Level 1:colcon.colcon_core.package_identification:_identify(aruco_msgs) by extension 'colcon_pkg'
[1.220s] Level 1:colcon.colcon_core.package_identification:_identify(aruco_msgs) by extensions ['colcon_meta']
[1.220s] Level 1:colcon.colcon_core.package_identification:_identify(aruco_msgs) by extension 'colcon_meta'
[1.220s] Level 1:colcon.colcon_core.package_identification:_identify(aruco_msgs) by extensions ['ros']
[1.220s] Level 1:colcon.colcon_core.package_identification:_identify(aruco_msgs) by extension 'ros'
[1.221s] DEBUG:colcon.colcon_core.package_identification:Package 'aruco_msgs' with type 'ros.ament_cmake' and name 'aruco_msgs'
[1.221s] Level 1:colcon.colcon_core.package_identification:_identify(aruco_ros) by extensions ['ignore', 'ignore_ament_install']
[1.221s] Level 1:colcon.colcon_core.package_identification:_identify(aruco_ros) by extension 'ignore'
[1.221s] Level 1:colcon.colcon_core.package_identification:_identify(aruco_ros) by extension 'ignore_ament_install'
[1.221s] Level 1:colcon.colcon_core.package_identification:_identify(aruco_ros) by extensions ['colcon_pkg']
[1.221s] Level 1:colcon.colcon_core.package_identification:_identify(aruco_ros) by extension 'colcon_pkg'
[1.221s] Level 1:colcon.colcon_core.package_identification:_identify(aruco_ros) by extensions ['colcon_meta']
[1.221s] Level 1:colcon.colcon_core.package_identification:_identify(aruco_ros) by extension 'colcon_meta'
[1.221s] Level 1:colcon.colcon_core.package_identification:_identify(aruco_ros) by extensions ['ros']
[1.221s] Level 1:colcon.colcon_core.package_identification:_identify(aruco_ros) by extension 'ros'
[1.223s] DEBUG:colcon.colcon_core.package_identification:Package 'aruco_ros' with type 'ros.ament_cmake' and name 'aruco_ros'
[1.223s] Level 1:colcon.colcon_core.package_identification:_identify(build) by extensions ['ignore', 'ignore_ament_install']
[1.223s] Level 1:colcon.colcon_core.package_identification:_identify(build) by extension 'ignore'
[1.223s] Level 1:colcon.colcon_core.package_identification:_identify(build) ignored
[1.223s] Level 1:colcon.colcon_core.package_identification:_identify(install) by extensions ['ignore', 'ignore_ament_install']
[1.223s] Level 1:colcon.colcon_core.package_identification:_identify(install) by extension 'ignore'
[1.223s] Level 1:colcon.colcon_core.package_identification:_identify(install) ignored
[1.223s] Level 1:colcon.colcon_core.package_identification:_identify(log) by extensions ['ignore', 'ignore_ament_install']
[1.223s] Level 1:colcon.colcon_core.package_identification:_identify(log) by extension 'ignore'
[1.223s] Level 1:colcon.colcon_core.package_identification:_identify(log) ignored
[1.223s] Level 1:colcon.colcon_core.package_discovery:discover_packages(recursive) using defaults
[1.223s] Level 1:colcon.colcon_core.package_discovery:discover_packages(ignore) discover
[1.223s] Level 1:colcon.colcon_core.package_discovery:discover_packages(ignore) using defaults
[1.223s] Level 1:colcon.colcon_core.package_discovery:discover_packages(path) discover
[1.224s] Level 1:colcon.colcon_core.package_discovery:discover_packages(path) using defaults
[1.323s] Level 1:colcon.colcon_core.package_discovery:discover_packages(prefix_path) check parameters
[1.323s] Level 1:colcon.colcon_core.package_discovery:discover_packages(prefix_path) discover
[1.364s] DEBUG:colcon.colcon_installed_package_information.package_discovery:Found 3 installed packages in /home/situjet/Desktop/aruco_ros/aruco_ros/install
[1.391s] DEBUG:colcon.colcon_installed_package_information.package_discovery:Found 407 installed packages in /opt/ros/humble
[1.393s] Level 1:colcon.colcon_core.package_discovery:discover_packages(prefix_path) using defaults
[1.516s] Level 5:colcon.colcon_core.verb:set package 'aruco' build argument 'cmake_args' from command line to 'None'
[1.516s] Level 5:colcon.colcon_core.verb:set package 'aruco' build argument 'cmake_target' from command line to 'None'
[1.516s] Level 5:colcon.colcon_core.verb:set package 'aruco' build argument 'cmake_target_skip_unavailable' from command line to 'False'
[1.516s] Level 5:colcon.colcon_core.verb:set package 'aruco' build argument 'cmake_clean_cache' from command line to 'False'
[1.516s] Level 5:colcon.colcon_core.verb:set package 'aruco' build argument 'cmake_clean_first' from command line to 'False'
[1.516s] Level 5:colcon.colcon_core.verb:set package 'aruco' build argument 'cmake_force_configure' from command line to 'False'
[1.516s] Level 5:colcon.colcon_core.verb:set package 'aruco' build argument 'ament_cmake_args' from command line to 'None'
[1.516s] Level 5:colcon.colcon_core.verb:set package 'aruco' build argument 'catkin_cmake_args' from command line to 'None'
[1.517s] Level 5:colcon.colcon_core.verb:set package 'aruco' build argument 'catkin_skip_building_tests' from command line to 'False'
[1.517s] DEBUG:colcon.colcon_core.verb:Building package 'aruco' with the following arguments: {'ament_cmake_args': None, 'build_base': '/home/situjet/Desktop/aruco_ros/aruco_ros/build/aruco', 'catkin_cmake_args': None, 'catkin_skip_building_tests': False, 'cmake_args': None, 'cmake_clean_cache': False, 'cmake_clean_first': False, 'cmake_force_configure': False, 'cmake_target': None, 'cmake_target_skip_unavailable': False, 'install_base': '/home/situjet/Desktop/aruco_ros/aruco_ros/install/aruco', 'merge_install': False, 'path': '/home/situjet/Desktop/aruco_ros/aruco_ros/aruco', 'symlink_install': True, 'test_result_base': None}
[1.533s] Level 5:colcon.colcon_core.verb:set package 'aruco_msgs' build argument 'cmake_args' from command line to 'None'
[1.533s] Level 5:colcon.colcon_core.verb:set package 'aruco_msgs' build argument 'cmake_target' from command line to 'None'
[1.533s] Level 5:colcon.colcon_core.verb:set package 'aruco_msgs' build argument 'cmake_target_skip_unavailable' from command line to 'False'
[1.533s] Level 5:colcon.colcon_core.verb:set package 'aruco_msgs' build argument 'cmake_clean_cache' from command line to 'False'
[1.533s] Level 5:colcon.colcon_core.verb:set package 'aruco_msgs' build argument 'cmake_clean_first' from command line to 'False'
[1.533s] Level 5:colcon.colcon_core.verb:set package 'aruco_msgs' build argument 'cmake_force_configure' from command line to 'False'
[1.533s] Level 5:colcon.colcon_core.verb:set package 'aruco_msgs' build argument 'ament_cmake_args' from command line to 'None'
[1.533s] Level 5:colcon.colcon_core.verb:set package 'aruco_msgs' build argument 'catkin_cmake_args' from command line to 'None'
[1.533s] Level 5:colcon.colcon_core.verb:set package 'aruco_msgs' build argument 'catkin_skip_building_tests' from command line to 'False'
[1.533s] DEBUG:colcon.colcon_core.verb:Building package 'aruco_msgs' with the following arguments: {'ament_cmake_args': None, 'build_base': '/home/situjet/Desktop/aruco_ros/aruco_ros/build/aruco_msgs', 'catkin_cmake_args': None, 'catkin_skip_building_tests': False, 'cmake_args': None, 'cmake_clean_cache': False, 'cmake_clean_first': False, 'cmake_force_configure': False, 'cmake_target': None, 'cmake_target_skip_unavailable': False, 'install_base': '/home/situjet/Desktop/aruco_ros/aruco_ros/install/aruco_msgs', 'merge_install': False, 'path': '/home/situjet/Desktop/aruco_ros/aruco_ros/aruco_msgs', 'symlink_install': True, 'test_result_base': None}
[1.549s] Level 5:colcon.colcon_core.verb:set package 'aruco_ros' build argument 'cmake_args' from command line to 'None'
[1.549s] Level 5:colcon.colcon_core.verb:set package 'aruco_ros' build argument 'cmake_target' from command line to 'None'
[1.549s] Level 5:colcon.colcon_core.verb:set package 'aruco_ros' build argument 'cmake_target_skip_unavailable' from command line to 'False'
[1.549s] Level 5:colcon.colcon_core.verb:set package 'aruco_ros' build argument 'cmake_clean_cache' from command line to 'False'
[1.549s] Level 5:colcon.colcon_core.verb:set package 'aruco_ros' build argument 'cmake_clean_first' from command line to 'False'
[1.549s] Level 5:colcon.colcon_core.verb:set package 'aruco_ros' build argument 'cmake_force_configure' from command line to 'False'
[1.549s] Level 5:colcon.colcon_core.verb:set package 'aruco_ros' build argument 'ament_cmake_args' from command line to 'None'
[1.550s] Level 5:colcon.colcon_core.verb:set package 'aruco_ros' build argument 'catkin_cmake_args' from command line to 'None'
[1.550s] Level 5:colcon.colcon_core.verb:set package 'aruco_ros' build argument 'catkin_skip_building_tests' from command line to 'False'
[1.550s] DEBUG:colcon.colcon_core.verb:Building package 'aruco_ros' with the following arguments: {'ament_cmake_args': None, 'build_base': '/home/situjet/Desktop/aruco_ros/aruco_ros/build/aruco_ros', 'catkin_cmake_args': None, 'catkin_skip_building_tests': False, 'cmake_args': None, 'cmake_clean_cache': False, 'cmake_clean_first': False, 'cmake_force_configure': False, 'cmake_target': None, 'cmake_target_skip_unavailable': False, 'install_base': '/home/situjet/Desktop/aruco_ros/aruco_ros/install/aruco_ros', 'merge_install': False, 'path': '/home/situjet/Desktop/aruco_ros/aruco_ros/aruco_ros', 'symlink_install': True, 'test_result_base': None}
[1.565s] INFO:colcon.colcon_core.executor:Executing jobs using 'parallel' executor
[1.582s] DEBUG:colcon.colcon_parallel_executor.executor.parallel:run_until_complete
[1.582s] INFO:colcon.colcon_ros.task.ament_cmake.build:Building ROS package in '/home/situjet/Desktop/aruco_ros/aruco_ros/aruco' with build type 'ament_cmake'
[1.583s] INFO:colcon.colcon_cmake.task.cmake.build:Building CMake package in '/home/situjet/Desktop/aruco_ros/aruco_ros/aruco'
[1.602s] INFO:colcon.colcon_core.plugin_system:Skipping extension 'colcon_core.shell.bat': Not used on non-Windows systems
[1.603s] INFO:colcon.colcon_core.shell:Skip shell extension 'powershell' for command environment: Not usable outside of PowerShell
[1.603s] DEBUG:colcon.colcon_core.shell:Skip shell extension 'dsv' for command environment
[1.654s] INFO:colcon.colcon_ros.task.ament_cmake.build:Building ROS package in '/home/situjet/Desktop/aruco_ros/aruco_ros/aruco_msgs' with build type 'ament_cmake'
[1.654s] INFO:colcon.colcon_cmake.task.cmake.build:Building CMake package in '/home/situjet/Desktop/aruco_ros/aruco_ros/aruco_msgs'
[1.670s] INFO:colcon.colcon_core.shell:Skip shell extension 'powershell' for command environment: Not usable outside of PowerShell
[1.670s] DEBUG:colcon.colcon_core.shell:Skip shell extension 'dsv' for command environment
[1.725s] DEBUG:colcon.colcon_core.event_handler.log_command:Invoking command in '/home/situjet/Desktop/aruco_ros/aruco_ros/build/aruco': CMAKE_PREFIX_PATH=${CMAKE_PREFIX_PATH}:/opt/ros/humble /home/situjet/.local/bin/cmake /home/situjet/Desktop/aruco_ros/aruco_ros/aruco -DAMENT_CMAKE_SYMLINK_INSTALL=1 -DCMAKE_INSTALL_PREFIX=/home/situjet/Desktop/aruco_ros/aruco_ros/install/aruco
[1.728s] DEBUG:colcon.colcon_core.event_handler.log_command:Invoking command in '/home/situjet/Desktop/aruco_ros/aruco_ros/build/aruco_msgs': CMAKE_PREFIX_PATH=${CMAKE_PREFIX_PATH}:/opt/ros/humble /home/situjet/.local/bin/cmake /home/situjet/Desktop/aruco_ros/aruco_ros/aruco_msgs -DAMENT_CMAKE_SYMLINK_INSTALL=1 -DCMAKE_INSTALL_PREFIX=/home/situjet/Desktop/aruco_ros/aruco_ros/install/aruco_msgs
[2.064s] DEBUG:colcon.colcon_core.event_handler.log_command:Invoked command in '/home/situjet/Desktop/aruco_ros/aruco_ros/build/aruco' returned '0': CMAKE_PREFIX_PATH=${CMAKE_PREFIX_PATH}:/opt/ros/humble /home/situjet/.local/bin/cmake /home/situjet/Desktop/aruco_ros/aruco_ros/aruco -DAMENT_CMAKE_SYMLINK_INSTALL=1 -DCMAKE_INSTALL_PREFIX=/home/situjet/Desktop/aruco_ros/aruco_ros/install/aruco
[2.065s] DEBUG:colcon.colcon_core.event_handler.log_command:Invoking command in '/home/situjet/Desktop/aruco_ros/aruco_ros/build/aruco': CMAKE_PREFIX_PATH=${CMAKE_PREFIX_PATH}:/opt/ros/humble /home/situjet/.local/bin/cmake --build /home/situjet/Desktop/aruco_ros/aruco_ros/build/aruco -- -j12 -l12
[2.140s] DEBUG:colcon.colcon_core.event_handler.log_command:Invoked command in '/home/situjet/Desktop/aruco_ros/aruco_ros/build/aruco' returned '0': CMAKE_PREFIX_PATH=${CMAKE_PREFIX_PATH}:/opt/ros/humble /home/situjet/.local/bin/cmake --build /home/situjet/Desktop/aruco_ros/aruco_ros/build/aruco -- -j12 -l12
[2.226s] DEBUG:colcon.colcon_core.event_handler.log_command:Invoking command in '/home/situjet/Desktop/aruco_ros/aruco_ros/build/aruco': CMAKE_PREFIX_PATH=${CMAKE_PREFIX_PATH}:/opt/ros/humble /home/situjet/.local/bin/cmake --install /home/situjet/Desktop/aruco_ros/aruco_ros/build/aruco
[2.263s] Level 1:colcon.colcon_core.environment:create_environment_scripts_only(aruco)
[2.264s] DEBUG:colcon.colcon_core.event_handler.log_command:Invoked command in '/home/situjet/Desktop/aruco_ros/aruco_ros/build/aruco' returned '0': CMAKE_PREFIX_PATH=${CMAKE_PREFIX_PATH}:/opt/ros/humble /home/situjet/.local/bin/cmake --install /home/situjet/Desktop/aruco_ros/aruco_ros/build/aruco
[2.287s] Level 1:colcon.colcon_core.environment:checking '/home/situjet/Desktop/aruco_ros/aruco_ros/install/aruco' for CMake module files
[2.287s] Level 1:colcon.colcon_core.environment:checking '/home/situjet/Desktop/aruco_ros/aruco_ros/install/aruco' for CMake config files
[2.288s] Level 1:colcon.colcon_core.shell:create_environment_hook('aruco', 'cmake_prefix_path')
[2.303s] INFO:colcon.colcon_core.shell:Creating environment hook '/home/situjet/Desktop/aruco_ros/aruco_ros/install/aruco/share/aruco/hook/cmake_prefix_path.ps1'
[2.304s] INFO:colcon.colcon_core.shell:Creating environment descriptor '/home/situjet/Desktop/aruco_ros/aruco_ros/install/aruco/share/aruco/hook/cmake_prefix_path.dsv'
[2.305s] INFO:colcon.colcon_core.shell:Creating environment hook '/home/situjet/Desktop/aruco_ros/aruco_ros/install/aruco/share/aruco/hook/cmake_prefix_path.sh'
[2.306s] Level 1:colcon.colcon_core.environment:checking '/home/situjet/Desktop/aruco_ros/aruco_ros/install/aruco/lib'
[2.307s] Level 1:colcon.colcon_core.shell:create_environment_hook('aruco', 'ld_library_path_lib')
[2.325s] INFO:colcon.colcon_core.shell:Creating environment hook '/home/situjet/Desktop/aruco_ros/aruco_ros/install/aruco/share/aruco/hook/ld_library_path_lib.ps1'
[2.325s] INFO:colcon.colcon_core.shell:Creating environment descriptor '/home/situjet/Desktop/aruco_ros/aruco_ros/install/aruco/share/aruco/hook/ld_library_path_lib.dsv'
[2.325s] INFO:colcon.colcon_core.shell:Creating environment hook '/home/situjet/Desktop/aruco_ros/aruco_ros/install/aruco/share/aruco/hook/ld_library_path_lib.sh'
[2.326s] Level 1:colcon.colcon_core.environment:checking '/home/situjet/Desktop/aruco_ros/aruco_ros/install/aruco/bin'
[2.326s] Level 1:colcon.colcon_core.environment:checking '/home/situjet/Desktop/aruco_ros/aruco_ros/install/aruco/lib/pkgconfig/aruco.pc'
[2.326s] Level 1:colcon.colcon_core.environment:checking '/home/situjet/Desktop/aruco_ros/aruco_ros/install/aruco/lib/python3.10/site-packages'
[2.326s] Level 1:colcon.colcon_core.environment:checking '/home/situjet/Desktop/aruco_ros/aruco_ros/install/aruco/bin'
[2.345s] INFO:colcon.colcon_core.shell:Creating package script '/home/situjet/Desktop/aruco_ros/aruco_ros/install/aruco/share/aruco/package.ps1'
[2.346s] INFO:colcon.colcon_core.shell:Creating package descriptor '/home/situjet/Desktop/aruco_ros/aruco_ros/install/aruco/share/aruco/package.dsv'
[2.346s] INFO:colcon.colcon_core.shell:Creating package script '/home/situjet/Desktop/aruco_ros/aruco_ros/install/aruco/share/aruco/package.sh'
[2.347s] INFO:colcon.colcon_core.shell:Creating package script '/home/situjet/Desktop/aruco_ros/aruco_ros/install/aruco/share/aruco/package.bash'
[2.348s] INFO:colcon.colcon_core.shell:Creating package script '/home/situjet/Desktop/aruco_ros/aruco_ros/install/aruco/share/aruco/package.zsh'
[2.348s] Level 1:colcon.colcon_core.environment:create_file_with_runtime_dependencies(/home/situjet/Desktop/aruco_ros/aruco_ros/install/aruco/share/colcon-core/packages/aruco)
[2.422s] Level 1:colcon.colcon_core.environment:create_environment_scripts_only(aruco)
[2.439s] Level 1:colcon.colcon_core.environment:checking '/home/situjet/Desktop/aruco_ros/aruco_ros/install/aruco' for CMake module files
[2.440s] Level 1:colcon.colcon_core.environment:checking '/home/situjet/Desktop/aruco_ros/aruco_ros/install/aruco' for CMake config files
[2.440s] Level 1:colcon.colcon_core.shell:create_environment_hook('aruco', 'cmake_prefix_path')
[2.457s] INFO:colcon.colcon_core.shell:Creating environment hook '/home/situjet/Desktop/aruco_ros/aruco_ros/install/aruco/share/aruco/hook/cmake_prefix_path.ps1'
[2.457s] INFO:colcon.colcon_core.shell:Creating environment descriptor '/home/situjet/Desktop/aruco_ros/aruco_ros/install/aruco/share/aruco/hook/cmake_prefix_path.dsv'
[2.457s] INFO:colcon.colcon_core.shell:Creating environment hook '/home/situjet/Desktop/aruco_ros/aruco_ros/install/aruco/share/aruco/hook/cmake_prefix_path.sh'
[2.458s] Level 1:colcon.colcon_core.environment:checking '/home/situjet/Desktop/aruco_ros/aruco_ros/install/aruco/lib'
[2.458s] Level 1:colcon.colcon_core.shell:create_environment_hook('aruco', 'ld_library_path_lib')
[2.475s] INFO:colcon.colcon_core.shell:Creating environment hook '/home/situjet/Desktop/aruco_ros/aruco_ros/install/aruco/share/aruco/hook/ld_library_path_lib.ps1'
[2.475s] INFO:colcon.colcon_core.shell:Creating environment descriptor '/home/situjet/Desktop/aruco_ros/aruco_ros/install/aruco/share/aruco/hook/ld_library_path_lib.dsv'
[2.475s] INFO:colcon.colcon_core.shell:Creating environment hook '/home/situjet/Desktop/aruco_ros/aruco_ros/install/aruco/share/aruco/hook/ld_library_path_lib.sh'
[2.476s] Level 1:colcon.colcon_core.environment:checking '/home/situjet/Desktop/aruco_ros/aruco_ros/install/aruco/bin'
[2.476s] Level 1:colcon.colcon_core.environment:checking '/home/situjet/Desktop/aruco_ros/aruco_ros/install/aruco/lib/pkgconfig/aruco.pc'
[2.476s] Level 1:colcon.colcon_core.environment:checking '/home/situjet/Desktop/aruco_ros/aruco_ros/install/aruco/lib/python3.10/site-packages'
[2.476s] Level 1:colcon.colcon_core.environment:checking '/home/situjet/Desktop/aruco_ros/aruco_ros/install/aruco/bin'
[2.492s] INFO:colcon.colcon_core.shell:Creating package script '/home/situjet/Desktop/aruco_ros/aruco_ros/install/aruco/share/aruco/package.ps1'
[2.493s] INFO:colcon.colcon_core.shell:Creating package descriptor '/home/situjet/Desktop/aruco_ros/aruco_ros/install/aruco/share/aruco/package.dsv'
[2.493s] INFO:colcon.colcon_core.shell:Creating package script '/home/situjet/Desktop/aruco_ros/aruco_ros/install/aruco/share/aruco/package.sh'
[2.494s] INFO:colcon.colcon_core.shell:Creating package script '/home/situjet/Desktop/aruco_ros/aruco_ros/install/aruco/share/aruco/package.bash'
[2.494s] INFO:colcon.colcon_core.shell:Creating package script '/home/situjet/Desktop/aruco_ros/aruco_ros/install/aruco/share/aruco/package.zsh'
[2.494s] Level 1:colcon.colcon_core.environment:create_file_with_runtime_dependencies(/home/situjet/Desktop/aruco_ros/aruco_ros/install/aruco/share/colcon-core/packages/aruco)
[3.839s] DEBUG:colcon.colcon_core.event_handler.log_command:Invoked command in '/home/situjet/Desktop/aruco_ros/aruco_ros/build/aruco_msgs' returned '0': CMAKE_PREFIX_PATH=${CMAKE_PREFIX_PATH}:/opt/ros/humble /home/situjet/.local/bin/cmake /home/situjet/Desktop/aruco_ros/aruco_ros/aruco_msgs -DAMENT_CMAKE_SYMLINK_INSTALL=1 -DCMAKE_INSTALL_PREFIX=/home/situjet/Desktop/aruco_ros/aruco_ros/install/aruco_msgs
[3.841s] DEBUG:colcon.colcon_core.event_handler.log_command:Invoking command in '/home/situjet/Desktop/aruco_ros/aruco_ros/build/aruco_msgs': CMAKE_PREFIX_PATH=${CMAKE_PREFIX_PATH}:/opt/ros/humble /home/situjet/.local/bin/cmake --build /home/situjet/Desktop/aruco_ros/aruco_ros/build/aruco_msgs -- -j12 -l12
[4.145s] DEBUG:colcon.colcon_core.event_handler.log_command:Invoked command in '/home/situjet/Desktop/aruco_ros/aruco_ros/build/aruco_msgs' returned '0': CMAKE_PREFIX_PATH=${CMAKE_PREFIX_PATH}:/opt/ros/humble /home/situjet/.local/bin/cmake --build /home/situjet/Desktop/aruco_ros/aruco_ros/build/aruco_msgs -- -j12 -l12
[4.213s] DEBUG:colcon.colcon_core.event_handler.log_command:Invoking command in '/home/situjet/Desktop/aruco_ros/aruco_ros/build/aruco_msgs': CMAKE_PREFIX_PATH=${CMAKE_PREFIX_PATH}:/opt/ros/humble /home/situjet/.local/bin/cmake --install /home/situjet/Desktop/aruco_ros/aruco_ros/build/aruco_msgs
[4.296s] Level 1:colcon.colcon_core.environment:create_environment_scripts_only(aruco_msgs)
[4.296s] DEBUG:colcon.colcon_core.event_handler.log_command:Invoked command in '/home/situjet/Desktop/aruco_ros/aruco_ros/build/aruco_msgs' returned '0': CMAKE_PREFIX_PATH=${CMAKE_PREFIX_PATH}:/opt/ros/humble /home/situjet/.local/bin/cmake --install /home/situjet/Desktop/aruco_ros/aruco_ros/build/aruco_msgs
[4.312s] Level 1:colcon.colcon_core.environment:checking '/home/situjet/Desktop/aruco_ros/aruco_ros/install/aruco_msgs' for CMake module files
[4.313s] Level 1:colcon.colcon_core.environment:checking '/home/situjet/Desktop/aruco_ros/aruco_ros/install/aruco_msgs' for CMake config files
[4.313s] Level 1:colcon.colcon_core.shell:create_environment_hook('aruco_msgs', 'cmake_prefix_path')
[4.330s] INFO:colcon.colcon_core.shell:Creating environment hook '/home/situjet/Desktop/aruco_ros/aruco_ros/install/aruco_msgs/share/aruco_msgs/hook/cmake_prefix_path.ps1'
[4.330s] INFO:colcon.colcon_core.shell:Creating environment descriptor '/home/situjet/Desktop/aruco_ros/aruco_ros/install/aruco_msgs/share/aruco_msgs/hook/cmake_prefix_path.dsv'
[4.330s] INFO:colcon.colcon_core.shell:Creating environment hook '/home/situjet/Desktop/aruco_ros/aruco_ros/install/aruco_msgs/share/aruco_msgs/hook/cmake_prefix_path.sh'
[4.331s] Level 1:colcon.colcon_core.environment:checking '/home/situjet/Desktop/aruco_ros/aruco_ros/install/aruco_msgs/lib'
[4.331s] Level 1:colcon.colcon_core.shell:create_environment_hook('aruco_msgs', 'ld_library_path_lib')
[4.347s] INFO:colcon.colcon_core.shell:Creating environment hook '/home/situjet/Desktop/aruco_ros/aruco_ros/install/aruco_msgs/share/aruco_msgs/hook/ld_library_path_lib.ps1'
[4.347s] INFO:colcon.colcon_core.shell:Creating environment descriptor '/home/situjet/Desktop/aruco_ros/aruco_ros/install/aruco_msgs/share/aruco_msgs/hook/ld_library_path_lib.dsv'
[4.347s] INFO:colcon.colcon_core.shell:Creating environment hook '/home/situjet/Desktop/aruco_ros/aruco_ros/install/aruco_msgs/share/aruco_msgs/hook/ld_library_path_lib.sh'
[4.347s] Level 1:colcon.colcon_core.environment:checking '/home/situjet/Desktop/aruco_ros/aruco_ros/install/aruco_msgs/bin'
[4.347s] Level 1:colcon.colcon_core.environment:checking '/home/situjet/Desktop/aruco_ros/aruco_ros/install/aruco_msgs/lib/pkgconfig/aruco_msgs.pc'
[4.348s] Level 1:colcon.colcon_core.environment:checking '/home/situjet/Desktop/aruco_ros/aruco_ros/install/aruco_msgs/lib/python3.10/site-packages'
[4.348s] Level 1:colcon.colcon_core.environment:checking '/home/situjet/Desktop/aruco_ros/aruco_ros/install/aruco_msgs/bin'
[4.364s] INFO:colcon.colcon_core.shell:Creating package script '/home/situjet/Desktop/aruco_ros/aruco_ros/install/aruco_msgs/share/aruco_msgs/package.ps1'
[4.365s] INFO:colcon.colcon_core.shell:Creating package descriptor '/home/situjet/Desktop/aruco_ros/aruco_ros/install/aruco_msgs/share/aruco_msgs/package.dsv'
[4.365s] INFO:colcon.colcon_core.shell:Creating package script '/home/situjet/Desktop/aruco_ros/aruco_ros/install/aruco_msgs/share/aruco_msgs/package.sh'
[4.365s] INFO:colcon.colcon_core.shell:Creating package script '/home/situjet/Desktop/aruco_ros/aruco_ros/install/aruco_msgs/share/aruco_msgs/package.bash'
[4.366s] INFO:colcon.colcon_core.shell:Creating package script '/home/situjet/Desktop/aruco_ros/aruco_ros/install/aruco_msgs/share/aruco_msgs/package.zsh'
[4.366s] Level 1:colcon.colcon_core.environment:create_file_with_runtime_dependencies(/home/situjet/Desktop/aruco_ros/aruco_ros/install/aruco_msgs/share/colcon-core/packages/aruco_msgs)
[4.448s] Level 1:colcon.colcon_core.environment:create_environment_scripts_only(aruco_msgs)
[4.464s] Level 1:colcon.colcon_core.environment:checking '/home/situjet/Desktop/aruco_ros/aruco_ros/install/aruco_msgs' for CMake module files
[4.464s] Level 1:colcon.colcon_core.environment:checking '/home/situjet/Desktop/aruco_ros/aruco_ros/install/aruco_msgs' for CMake config files
[4.465s] Level 1:colcon.colcon_core.shell:create_environment_hook('aruco_msgs', 'cmake_prefix_path')
[4.481s] INFO:colcon.colcon_core.shell:Creating environment hook '/home/situjet/Desktop/aruco_ros/aruco_ros/install/aruco_msgs/share/aruco_msgs/hook/cmake_prefix_path.ps1'
[4.481s] INFO:colcon.colcon_core.shell:Creating environment descriptor '/home/situjet/Desktop/aruco_ros/aruco_ros/install/aruco_msgs/share/aruco_msgs/hook/cmake_prefix_path.dsv'
[4.481s] INFO:colcon.colcon_core.shell:Creating environment hook '/home/situjet/Desktop/aruco_ros/aruco_ros/install/aruco_msgs/share/aruco_msgs/hook/cmake_prefix_path.sh'
[4.482s] Level 1:colcon.colcon_core.environment:checking '/home/situjet/Desktop/aruco_ros/aruco_ros/install/aruco_msgs/lib'
[4.482s] Level 1:colcon.colcon_core.shell:create_environment_hook('aruco_msgs', 'ld_library_path_lib')
[4.498s] INFO:colcon.colcon_core.shell:Creating environment hook '/home/situjet/Desktop/aruco_ros/aruco_ros/install/aruco_msgs/share/aruco_msgs/hook/ld_library_path_lib.ps1'
[4.499s] INFO:colcon.colcon_core.shell:Creating environment descriptor '/home/situjet/Desktop/aruco_ros/aruco_ros/install/aruco_msgs/share/aruco_msgs/hook/ld_library_path_lib.dsv'
[4.499s] INFO:colcon.colcon_core.shell:Creating environment hook '/home/situjet/Desktop/aruco_ros/aruco_ros/install/aruco_msgs/share/aruco_msgs/hook/ld_library_path_lib.sh'
[4.499s] Level 1:colcon.colcon_core.environment:checking '/home/situjet/Desktop/aruco_ros/aruco_ros/install/aruco_msgs/bin'
[4.499s] Level 1:colcon.colcon_core.environment:checking '/home/situjet/Desktop/aruco_ros/aruco_ros/install/aruco_msgs/lib/pkgconfig/aruco_msgs.pc'
[4.500s] Level 1:colcon.colcon_core.environment:checking '/home/situjet/Desktop/aruco_ros/aruco_ros/install/aruco_msgs/lib/python3.10/site-packages'
[4.500s] Level 1:colcon.colcon_core.environment:checking '/home/situjet/Desktop/aruco_ros/aruco_ros/install/aruco_msgs/bin'
[4.516s] INFO:colcon.colcon_core.shell:Creating package script '/home/situjet/Desktop/aruco_ros/aruco_ros/install/aruco_msgs/share/aruco_msgs/package.ps1'
[4.516s] INFO:colcon.colcon_core.shell:Creating package descriptor '/home/situjet/Desktop/aruco_ros/aruco_ros/install/aruco_msgs/share/aruco_msgs/package.dsv'
[4.517s] INFO:colcon.colcon_core.shell:Creating package script '/home/situjet/Desktop/aruco_ros/aruco_ros/install/aruco_msgs/share/aruco_msgs/package.sh'
[4.517s] INFO:colcon.colcon_core.shell:Creating package script '/home/situjet/Desktop/aruco_ros/aruco_ros/install/aruco_msgs/share/aruco_msgs/package.bash'
[4.517s] INFO:colcon.colcon_core.shell:Creating package script '/home/situjet/Desktop/aruco_ros/aruco_ros/install/aruco_msgs/share/aruco_msgs/package.zsh'
[4.518s] Level 1:colcon.colcon_core.environment:create_file_with_runtime_dependencies(/home/situjet/Desktop/aruco_ros/aruco_ros/install/aruco_msgs/share/colcon-core/packages/aruco_msgs)
[4.518s] INFO:colcon.colcon_ros.task.ament_cmake.build:Building ROS package in '/home/situjet/Desktop/aruco_ros/aruco_ros/aruco_ros' with build type 'ament_cmake'
[4.518s] INFO:colcon.colcon_cmake.task.cmake.build:Building CMake package in '/home/situjet/Desktop/aruco_ros/aruco_ros/aruco_ros'
[4.535s] INFO:colcon.colcon_core.shell:Skip shell extension 'powershell' for command environment: Not usable outside of PowerShell
[4.535s] DEBUG:colcon.colcon_core.shell:Skip shell extension 'dsv' for command environment
[4.592s] DEBUG:colcon.colcon_core.event_handler.log_command:Invoking command in '/home/situjet/Desktop/aruco_ros/aruco_ros/build/aruco_ros': CMAKE_PREFIX_PATH=/home/situjet/Desktop/aruco_ros/aruco_ros/install/aruco_msgs:/home/situjet/Desktop/aruco_ros/aruco_ros/install/aruco:/home/situjet/Desktop/aruco_ros/aruco_ros/install/aruco_ros:/opt/ros/humble LD_LIBRARY_PATH=/home/situjet/Desktop/aruco_ros/aruco_ros/install/aruco_msgs/lib:/home/situjet/Desktop/aruco_ros/aruco_ros/install/aruco/lib:/home/situjet/Desktop/aruco_ros/aruco_ros/install/aruco_ros/lib:/opt/ros/humble/opt/rviz_ogre_vendor/lib:/opt/ros/humble/lib/x86_64-linux-gnu:/opt/ros/humble/lib /home/situjet/.local/bin/cmake /home/situjet/Desktop/aruco_ros/aruco_ros/aruco_ros -DAMENT_CMAKE_SYMLINK_INSTALL=1 -DCMAKE_INSTALL_PREFIX=/home/situjet/Desktop/aruco_ros/aruco_ros/install/aruco_ros
[6.408s] DEBUG:colcon.colcon_core.event_handler.log_command:Invoked command in '/home/situjet/Desktop/aruco_ros/aruco_ros/build/aruco_ros' returned '0': CMAKE_PREFIX_PATH=/home/situjet/Desktop/aruco_ros/aruco_ros/install/aruco_msgs:/home/situjet/Desktop/aruco_ros/aruco_ros/install/aruco:/home/situjet/Desktop/aruco_ros/aruco_ros/install/aruco_ros:/opt/ros/humble LD_LIBRARY_PATH=/home/situjet/Desktop/aruco_ros/aruco_ros/install/aruco_msgs/lib:/home/situjet/Desktop/aruco_ros/aruco_ros/install/aruco/lib:/home/situjet/Desktop/aruco_ros/aruco_ros/install/aruco_ros/lib:/opt/ros/humble/opt/rviz_ogre_vendor/lib:/opt/ros/humble/lib/x86_64-linux-gnu:/opt/ros/humble/lib /home/situjet/.local/bin/cmake /home/situjet/Desktop/aruco_ros/aruco_ros/aruco_ros -DAMENT_CMAKE_SYMLINK_INSTALL=1 -DCMAKE_INSTALL_PREFIX=/home/situjet/Desktop/aruco_ros/aruco_ros/install/aruco_ros
[6.409s] DEBUG:colcon.colcon_core.event_handler.log_command:Invoking command in '/home/situjet/Desktop/aruco_ros/aruco_ros/build/aruco_ros': CMAKE_PREFIX_PATH=/home/situjet/Desktop/aruco_ros/aruco_ros/install/aruco_msgs:/home/situjet/Desktop/aruco_ros/aruco_ros/install/aruco:/home/situjet/Desktop/aruco_ros/aruco_ros/install/aruco_ros:/opt/ros/humble LD_LIBRARY_PATH=/home/situjet/Desktop/aruco_ros/aruco_ros/install/aruco_msgs/lib:/home/situjet/Desktop/aruco_ros/aruco_ros/install/aruco/lib:/home/situjet/Desktop/aruco_ros/aruco_ros/install/aruco_ros/lib:/opt/ros/humble/opt/rviz_ogre_vendor/lib:/opt/ros/humble/lib/x86_64-linux-gnu:/opt/ros/humble/lib /home/situjet/.local/bin/cmake --build /home/situjet/Desktop/aruco_ros/aruco_ros/build/aruco_ros -- -j12 -l12
[19.020s] DEBUG:colcon.colcon_core.event_handler.log_command:Invoked command in '/home/situjet/Desktop/aruco_ros/aruco_ros/build/aruco_ros' returned '0': CMAKE_PREFIX_PATH=/home/situjet/Desktop/aruco_ros/aruco_ros/install/aruco_msgs:/home/situjet/Desktop/aruco_ros/aruco_ros/install/aruco:/home/situjet/Desktop/aruco_ros/aruco_ros/install/aruco_ros:/opt/ros/humble LD_LIBRARY_PATH=/home/situjet/Desktop/aruco_ros/aruco_ros/install/aruco_msgs/lib:/home/situjet/Desktop/aruco_ros/aruco_ros/install/aruco/lib:/home/situjet/Desktop/aruco_ros/aruco_ros/install/aruco_ros/lib:/opt/ros/humble/opt/rviz_ogre_vendor/lib:/opt/ros/humble/lib/x86_64-linux-gnu:/opt/ros/humble/lib /home/situjet/.local/bin/cmake --build /home/situjet/Desktop/aruco_ros/aruco_ros/build/aruco_ros -- -j12 -l12
[19.064s] DEBUG:colcon.colcon_core.event_handler.log_command:Invoking command in '/home/situjet/Desktop/aruco_ros/aruco_ros/build/aruco_ros': CMAKE_PREFIX_PATH=/home/situjet/Desktop/aruco_ros/aruco_ros/install/aruco_msgs:/home/situjet/Desktop/aruco_ros/aruco_ros/install/aruco:/home/situjet/Desktop/aruco_ros/aruco_ros/install/aruco_ros:/opt/ros/humble LD_LIBRARY_PATH=/home/situjet/Desktop/aruco_ros/aruco_ros/install/aruco_msgs/lib:/home/situjet/Desktop/aruco_ros/aruco_ros/install/aruco/lib:/home/situjet/Desktop/aruco_ros/aruco_ros/install/aruco_ros/lib:/opt/ros/humble/opt/rviz_ogre_vendor/lib:/opt/ros/humble/lib/x86_64-linux-gnu:/opt/ros/humble/lib /home/situjet/.local/bin/cmake --install /home/situjet/Desktop/aruco_ros/aruco_ros/build/aruco_ros
[19.099s] Level 1:colcon.colcon_core.environment:create_environment_scripts_only(aruco_ros)
[19.100s] DEBUG:colcon.colcon_core.event_handler.log_command:Invoked command in '/home/situjet/Desktop/aruco_ros/aruco_ros/build/aruco_ros' returned '0': CMAKE_PREFIX_PATH=/home/situjet/Desktop/aruco_ros/aruco_ros/install/aruco_msgs:/home/situjet/Desktop/aruco_ros/aruco_ros/install/aruco:/home/situjet/Desktop/aruco_ros/aruco_ros/install/aruco_ros:/opt/ros/humble LD_LIBRARY_PATH=/home/situjet/Desktop/aruco_ros/aruco_ros/install/aruco_msgs/lib:/home/situjet/Desktop/aruco_ros/aruco_ros/install/aruco/lib:/home/situjet/Desktop/aruco_ros/aruco_ros/install/aruco_ros/lib:/opt/ros/humble/opt/rviz_ogre_vendor/lib:/opt/ros/humble/lib/x86_64-linux-gnu:/opt/ros/humble/lib /home/situjet/.local/bin/cmake --install /home/situjet/Desktop/aruco_ros/aruco_ros/build/aruco_ros
[19.116s] Level 1:colcon.colcon_core.environment:checking '/home/situjet/Desktop/aruco_ros/aruco_ros/install/aruco_ros' for CMake module files
[19.117s] Level 1:colcon.colcon_core.environment:checking '/home/situjet/Desktop/aruco_ros/aruco_ros/install/aruco_ros' for CMake config files
[19.117s] Level 1:colcon.colcon_core.shell:create_environment_hook('aruco_ros', 'cmake_prefix_path')
[19.133s] INFO:colcon.colcon_core.shell:Creating environment hook '/home/situjet/Desktop/aruco_ros/aruco_ros/install/aruco_ros/share/aruco_ros/hook/cmake_prefix_path.ps1'
[19.133s] INFO:colcon.colcon_core.shell:Creating environment descriptor '/home/situjet/Desktop/aruco_ros/aruco_ros/install/aruco_ros/share/aruco_ros/hook/cmake_prefix_path.dsv'
[19.133s] INFO:colcon.colcon_core.shell:Creating environment hook '/home/situjet/Desktop/aruco_ros/aruco_ros/install/aruco_ros/share/aruco_ros/hook/cmake_prefix_path.sh'
[19.134s] Level 1:colcon.colcon_core.environment:checking '/home/situjet/Desktop/aruco_ros/aruco_ros/install/aruco_ros/lib'
[19.134s] Level 1:colcon.colcon_core.shell:create_environment_hook('aruco_ros', 'ld_library_path_lib')
[19.151s] INFO:colcon.colcon_core.shell:Creating environment hook '/home/situjet/Desktop/aruco_ros/aruco_ros/install/aruco_ros/share/aruco_ros/hook/ld_library_path_lib.ps1'
[19.151s] INFO:colcon.colcon_core.shell:Creating environment descriptor '/home/situjet/Desktop/aruco_ros/aruco_ros/install/aruco_ros/share/aruco_ros/hook/ld_library_path_lib.dsv'
[19.151s] INFO:colcon.colcon_core.shell:Creating environment hook '/home/situjet/Desktop/aruco_ros/aruco_ros/install/aruco_ros/share/aruco_ros/hook/ld_library_path_lib.sh'
[19.152s] Level 1:colcon.colcon_core.environment:checking '/home/situjet/Desktop/aruco_ros/aruco_ros/install/aruco_ros/bin'
[19.152s] Level 1:colcon.colcon_core.environment:checking '/home/situjet/Desktop/aruco_ros/aruco_ros/install/aruco_ros/lib/pkgconfig/aruco_ros.pc'
[19.152s] Level 1:colcon.colcon_core.environment:checking '/home/situjet/Desktop/aruco_ros/aruco_ros/install/aruco_ros/lib/python3.10/site-packages'
[19.152s] Level 1:colcon.colcon_core.environment:checking '/home/situjet/Desktop/aruco_ros/aruco_ros/install/aruco_ros/bin'
[19.168s] INFO:colcon.colcon_core.shell:Creating package script '/home/situjet/Desktop/aruco_ros/aruco_ros/install/aruco_ros/share/aruco_ros/package.ps1'
[19.169s] INFO:colcon.colcon_core.shell:Creating package descriptor '/home/situjet/Desktop/aruco_ros/aruco_ros/install/aruco_ros/share/aruco_ros/package.dsv'
[19.169s] INFO:colcon.colcon_core.shell:Creating package script '/home/situjet/Desktop/aruco_ros/aruco_ros/install/aruco_ros/share/aruco_ros/package.sh'
[19.169s] INFO:colcon.colcon_core.shell:Creating package script '/home/situjet/Desktop/aruco_ros/aruco_ros/install/aruco_ros/share/aruco_ros/package.bash'
[19.170s] INFO:colcon.colcon_core.shell:Creating package script '/home/situjet/Desktop/aruco_ros/aruco_ros/install/aruco_ros/share/aruco_ros/package.zsh'
[19.170s] Level 1:colcon.colcon_core.environment:create_file_with_runtime_dependencies(/home/situjet/Desktop/aruco_ros/aruco_ros/install/aruco_ros/share/colcon-core/packages/aruco_ros)
[19.228s] Level 1:colcon.colcon_core.environment:create_environment_scripts_only(aruco_ros)
[19.244s] Level 1:colcon.colcon_core.environment:checking '/home/situjet/Desktop/aruco_ros/aruco_ros/install/aruco_ros' for CMake module files
[19.245s] Level 1:colcon.colcon_core.environment:checking '/home/situjet/Desktop/aruco_ros/aruco_ros/install/aruco_ros' for CMake config files
[19.245s] Level 1:colcon.colcon_core.shell:create_environment_hook('aruco_ros', 'cmake_prefix_path')
[19.261s] INFO:colcon.colcon_core.shell:Creating environment hook '/home/situjet/Desktop/aruco_ros/aruco_ros/install/aruco_ros/share/aruco_ros/hook/cmake_prefix_path.ps1'
[19.261s] INFO:colcon.colcon_core.shell:Creating environment descriptor '/home/situjet/Desktop/aruco_ros/aruco_ros/install/aruco_ros/share/aruco_ros/hook/cmake_prefix_path.dsv'
[19.261s] INFO:colcon.colcon_core.shell:Creating environment hook '/home/situjet/Desktop/aruco_ros/aruco_ros/install/aruco_ros/share/aruco_ros/hook/cmake_prefix_path.sh'
[19.262s] Level 1:colcon.colcon_core.environment:checking '/home/situjet/Desktop/aruco_ros/aruco_ros/install/aruco_ros/lib'
[19.262s] Level 1:colcon.colcon_core.shell:create_environment_hook('aruco_ros', 'ld_library_path_lib')
[19.278s] INFO:colcon.colcon_core.shell:Creating environment hook '/home/situjet/Desktop/aruco_ros/aruco_ros/install/aruco_ros/share/aruco_ros/hook/ld_library_path_lib.ps1'
[19.279s] INFO:colcon.colcon_core.shell:Creating environment descriptor '/home/situjet/Desktop/aruco_ros/aruco_ros/install/aruco_ros/share/aruco_ros/hook/ld_library_path_lib.dsv'
[19.279s] INFO:colcon.colcon_core.shell:Creating environment hook '/home/situjet/Desktop/aruco_ros/aruco_ros/install/aruco_ros/share/aruco_ros/hook/ld_library_path_lib.sh'
[19.279s] Level 1:colcon.colcon_core.environment:checking '/home/situjet/Desktop/aruco_ros/aruco_ros/install/aruco_ros/bin'
[19.279s] Level 1:colcon.colcon_core.environment:checking '/home/situjet/Desktop/aruco_ros/aruco_ros/install/aruco_ros/lib/pkgconfig/aruco_ros.pc'
[19.279s] Level 1:colcon.colcon_core.environment:checking '/home/situjet/Desktop/aruco_ros/aruco_ros/install/aruco_ros/lib/python3.10/site-packages'
[19.280s] Level 1:colcon.colcon_core.environment:checking '/home/situjet/Desktop/aruco_ros/aruco_ros/install/aruco_ros/bin'
[19.296s] INFO:colcon.colcon_core.shell:Creating package script '/home/situjet/Desktop/aruco_ros/aruco_ros/install/aruco_ros/share/aruco_ros/package.ps1'
[19.296s] INFO:colcon.colcon_core.shell:Creating package descriptor '/home/situjet/Desktop/aruco_ros/aruco_ros/install/aruco_ros/share/aruco_ros/package.dsv'
[19.296s] INFO:colcon.colcon_core.shell:Creating package script '/home/situjet/Desktop/aruco_ros/aruco_ros/install/aruco_ros/share/aruco_ros/package.sh'
[19.297s] INFO:colcon.colcon_core.shell:Creating package script '/home/situjet/Desktop/aruco_ros/aruco_ros/install/aruco_ros/share/aruco_ros/package.bash'
[19.297s] INFO:colcon.colcon_core.shell:Creating package script '/home/situjet/Desktop/aruco_ros/aruco_ros/install/aruco_ros/share/aruco_ros/package.zsh'
[19.297s] Level 1:colcon.colcon_core.environment:create_file_with_runtime_dependencies(/home/situjet/Desktop/aruco_ros/aruco_ros/install/aruco_ros/share/colcon-core/packages/aruco_ros)
[19.298s] DEBUG:colcon.colcon_parallel_executor.executor.parallel:closing loop
[19.298s] DEBUG:colcon.colcon_parallel_executor.executor.parallel:loop closed
[19.298s] DEBUG:colcon.colcon_parallel_executor.executor.parallel:run_until_complete finished with '0'
[19.298s] DEBUG:colcon.colcon_core.event_reactor:joining thread
[19.321s] INFO:colcon.colcon_core.plugin_system:Skipping extension 'colcon_notification.desktop_notification.terminal_notifier': Not used on non-Darwin systems
[19.321s] INFO:colcon.colcon_core.plugin_system:Skipping extension 'colcon_notification.desktop_notification.win32': Not used on non-Windows systems
[19.321s] INFO:colcon.colcon_notification.desktop_notification:Sending desktop notification using 'notify2'
[19.331s] DEBUG:colcon.colcon_core.event_reactor:joined thread
[19.348s] INFO:colcon.colcon_core.shell:Creating prefix script '/home/situjet/Desktop/aruco_ros/aruco_ros/install/local_setup.ps1'
[19.349s] INFO:colcon.colcon_core.shell:Creating prefix util module '/home/situjet/Desktop/aruco_ros/aruco_ros/install/_local_setup_util_ps1.py'
[19.350s] INFO:colcon.colcon_core.shell:Creating prefix chain script '/home/situjet/Desktop/aruco_ros/aruco_ros/install/setup.ps1'
[19.367s] INFO:colcon.colcon_core.shell:Creating prefix script '/home/situjet/Desktop/aruco_ros/aruco_ros/install/local_setup.sh'
[19.368s] INFO:colcon.colcon_core.shell:Creating prefix util module '/home/situjet/Desktop/aruco_ros/aruco_ros/install/_local_setup_util_sh.py'
[19.368s] INFO:colcon.colcon_core.shell:Creating prefix chain script '/home/situjet/Desktop/aruco_ros/aruco_ros/install/setup.sh'
[19.385s] INFO:colcon.colcon_core.shell:Creating prefix script '/home/situjet/Desktop/aruco_ros/aruco_ros/install/local_setup.bash'
[19.385s] INFO:colcon.colcon_core.shell:Creating prefix chain script '/home/situjet/Desktop/aruco_ros/aruco_ros/install/setup.bash'
[19.402s] INFO:colcon.colcon_core.shell:Creating prefix script '/home/situjet/Desktop/aruco_ros/aruco_ros/install/local_setup.zsh'
[19.403s] INFO:colcon.colcon_core.shell:Creating prefix chain script '/home/situjet/Desktop/aruco_ros/aruco_ros/install/setup.zsh'
