[1.036s] DEBUG:colcon:Command line arguments: ['/usr/bin/colcon', 'build', '--symlink-install']
[1.036s] DEBUG:colcon:Parsed command line arguments: Namespace(log_base=None, log_level=None, verb_name='build', build_base='build', install_base='install', merge_install=False, symlink_install=True, test_result_base=None, continue_on_error=False, executor='parallel', parallel_workers=12, event_handlers=None, ignore_user_meta=False, metas=['./colcon.meta'], base_paths=['.'], packages_ignore=None, packages_ignore_regex=None, paths=None, packages_up_to=None, packages_up_to_regex=None, packages_above=None, packages_above_and_dependencies=None, packages_above_depth=None, packages_select_by_dep=None, packages_skip_by_dep=None, packages_skip_up_to=None, packages_select_build_failed=False, packages_skip_build_finished=False, packages_select_test_failures=False, packages_skip_test_passed=False, packages_select=None, packages_skip=None, packages_select_regex=None, packages_skip_regex=None, packages_start=None, packages_end=None, allow_overriding=[], cmake_args=None, cmake_target=None, cmake_target_skip_unavailable=False, cmake_clean_cache=False, cmake_clean_first=False, cmake_force_configure=False, ament_cmake_args=None, catkin_cmake_args=None, catkin_skip_building_tests=False, verb_parser=<colcon_defaults.argument_parser.defaults.DefaultArgumentsDecorator object at 0x7f23e72a0760>, verb_extension=<colcon_core.verb.build.BuildVerb object at 0x7f23e72a11b0>, main=<bound method BuildVerb.main of <colcon_core.verb.build.BuildVerb object at 0x7f23e72a11b0>>)
[1.080s] Level 1:colcon.colcon_core.package_discovery:discover_packages(colcon_meta) check parameters
[1.080s] Level 1:colcon.colcon_core.package_discovery:discover_packages(recursive) check parameters
[1.080s] Level 1:colcon.colcon_core.package_discovery:discover_packages(ignore) check parameters
[1.080s] Level 1:colcon.colcon_core.package_discovery:discover_packages(path) check parameters
[1.080s] Level 1:colcon.colcon_core.package_discovery:discover_packages(colcon_meta) discover
[1.080s] Level 1:colcon.colcon_core.package_discovery:discover_packages(recursive) discover
[1.080s] INFO:colcon.colcon_core.package_discovery:Crawling recursively for packages in '/home/situjet/Desktop/leo_common-ros2'
[1.080s] Level 1:colcon.colcon_core.package_identification:_identify(.) by extensions ['ignore', 'ignore_ament_install']
[1.080s] Level 1:colcon.colcon_core.package_identification:_identify(.) by extension 'ignore'
[1.080s] Level 1:colcon.colcon_core.package_identification:_identify(.) by extension 'ignore_ament_install'
[1.080s] Level 1:colcon.colcon_core.package_identification:_identify(.) by extensions ['colcon_pkg']
[1.080s] Level 1:colcon.colcon_core.package_identification:_identify(.) by extension 'colcon_pkg'
[1.080s] Level 1:colcon.colcon_core.package_identification:_identify(.) by extensions ['colcon_meta']
[1.080s] Level 1:colcon.colcon_core.package_identification:_identify(.) by extension 'colcon_meta'
[1.080s] Level 1:colcon.colcon_core.package_identification:_identify(.) by extensions ['ros']
[1.080s] Level 1:colcon.colcon_core.package_identification:_identify(.) by extension 'ros'
[1.092s] Level 1:colcon.colcon_core.package_identification:_identify(.) by extensions ['cmake', 'python']
[1.092s] Level 1:colcon.colcon_core.package_identification:_identify(.) by extension 'cmake'
[1.092s] Level 1:colcon.colcon_core.package_identification:_identify(.) by extension 'python'
[1.092s] Level 1:colcon.colcon_core.package_identification:_identify(.) by extensions ['python_setup_py']
[1.092s] Level 1:colcon.colcon_core.package_identification:_identify(.) by extension 'python_setup_py'
[1.092s] Level 1:colcon.colcon_core.package_identification:_identify(build) by extensions ['ignore', 'ignore_ament_install']
[1.092s] Level 1:colcon.colcon_core.package_identification:_identify(build) by extension 'ignore'
[1.092s] Level 1:colcon.colcon_core.package_identification:_identify(build) ignored
[1.092s] Level 1:colcon.colcon_core.package_identification:_identify(install) by extensions ['ignore', 'ignore_ament_install']
[1.092s] Level 1:colcon.colcon_core.package_identification:_identify(install) by extension 'ignore'
[1.092s] Level 1:colcon.colcon_core.package_identification:_identify(install) ignored
[1.092s] Level 1:colcon.colcon_core.package_identification:_identify(log) by extensions ['ignore', 'ignore_ament_install']
[1.093s] Level 1:colcon.colcon_core.package_identification:_identify(log) by extension 'ignore'
[1.093s] Level 1:colcon.colcon_core.package_identification:_identify(log) ignored
[1.093s] Level 1:colcon.colcon_core.package_identification:_identify(src) by extensions ['ignore', 'ignore_ament_install']
[1.093s] Level 1:colcon.colcon_core.package_identification:_identify(src) by extension 'ignore'
[1.093s] Level 1:colcon.colcon_core.package_identification:_identify(src) by extension 'ignore_ament_install'
[1.093s] Level 1:colcon.colcon_core.package_identification:_identify(src) by extensions ['colcon_pkg']
[1.093s] Level 1:colcon.colcon_core.package_identification:_identify(src) by extension 'colcon_pkg'
[1.093s] Level 1:colcon.colcon_core.package_identification:_identify(src) by extensions ['colcon_meta']
[1.093s] Level 1:colcon.colcon_core.package_identification:_identify(src) by extension 'colcon_meta'
[1.093s] Level 1:colcon.colcon_core.package_identification:_identify(src) by extensions ['ros']
[1.093s] Level 1:colcon.colcon_core.package_identification:_identify(src) by extension 'ros'
[1.093s] Level 1:colcon.colcon_core.package_identification:_identify(src) by extensions ['cmake', 'python']
[1.093s] Level 1:colcon.colcon_core.package_identification:_identify(src) by extension 'cmake'
[1.093s] Level 1:colcon.colcon_core.package_identification:_identify(src) by extension 'python'
[1.093s] Level 1:colcon.colcon_core.package_identification:_identify(src) by extensions ['python_setup_py']
[1.093s] Level 1:colcon.colcon_core.package_identification:_identify(src) by extension 'python_setup_py'
[1.093s] Level 1:colcon.colcon_core.package_identification:_identify(src/leo) by extensions ['ignore', 'ignore_ament_install']
[1.093s] Level 1:colcon.colcon_core.package_identification:_identify(src/leo) by extension 'ignore'
[1.093s] Level 1:colcon.colcon_core.package_identification:_identify(src/leo) by extension 'ignore_ament_install'
[1.093s] Level 1:colcon.colcon_core.package_identification:_identify(src/leo) by extensions ['colcon_pkg']
[1.093s] Level 1:colcon.colcon_core.package_identification:_identify(src/leo) by extension 'colcon_pkg'
[1.093s] Level 1:colcon.colcon_core.package_identification:_identify(src/leo) by extensions ['colcon_meta']
[1.093s] Level 1:colcon.colcon_core.package_identification:_identify(src/leo) by extension 'colcon_meta'
[1.093s] Level 1:colcon.colcon_core.package_identification:_identify(src/leo) by extensions ['ros']
[1.093s] Level 1:colcon.colcon_core.package_identification:_identify(src/leo) by extension 'ros'
[1.096s] DEBUG:colcon.colcon_core.package_identification:Package 'src/leo' with type 'ros.ament_cmake' and name 'leo'
[1.096s] Level 1:colcon.colcon_core.package_identification:_identify(src/leo_description) by extensions ['ignore', 'ignore_ament_install']
[1.096s] Level 1:colcon.colcon_core.package_identification:_identify(src/leo_description) by extension 'ignore'
[1.096s] Level 1:colcon.colcon_core.package_identification:_identify(src/leo_description) by extension 'ignore_ament_install'
[1.096s] Level 1:colcon.colcon_core.package_identification:_identify(src/leo_description) by extensions ['colcon_pkg']
[1.096s] Level 1:colcon.colcon_core.package_identification:_identify(src/leo_description) by extension 'colcon_pkg'
[1.096s] Level 1:colcon.colcon_core.package_identification:_identify(src/leo_description) by extensions ['colcon_meta']
[1.096s] Level 1:colcon.colcon_core.package_identification:_identify(src/leo_description) by extension 'colcon_meta'
[1.096s] Level 1:colcon.colcon_core.package_identification:_identify(src/leo_description) by extensions ['ros']
[1.096s] Level 1:colcon.colcon_core.package_identification:_identify(src/leo_description) by extension 'ros'
[1.096s] DEBUG:colcon.colcon_core.package_identification:Package 'src/leo_description' with type 'ros.ament_cmake' and name 'leo_description'
[1.096s] Level 1:colcon.colcon_core.package_identification:_identify(src/leo_desktop) by extensions ['ignore', 'ignore_ament_install']
[1.097s] Level 1:colcon.colcon_core.package_identification:_identify(src/leo_desktop) by extension 'ignore'
[1.097s] Level 1:colcon.colcon_core.package_identification:_identify(src/leo_desktop) by extension 'ignore_ament_install'
[1.097s] Level 1:colcon.colcon_core.package_identification:_identify(src/leo_desktop) by extensions ['colcon_pkg']
[1.097s] Level 1:colcon.colcon_core.package_identification:_identify(src/leo_desktop) by extension 'colcon_pkg'
[1.097s] Level 1:colcon.colcon_core.package_identification:_identify(src/leo_desktop) by extensions ['colcon_meta']
[1.097s] Level 1:colcon.colcon_core.package_identification:_identify(src/leo_desktop) by extension 'colcon_meta'
[1.097s] Level 1:colcon.colcon_core.package_identification:_identify(src/leo_desktop) by extensions ['ros']
[1.097s] Level 1:colcon.colcon_core.package_identification:_identify(src/leo_desktop) by extension 'ros'
[1.097s] DEBUG:colcon.colcon_core.package_identification:Package 'src/leo_desktop' with type 'ros.ament_cmake' and name 'leo_desktop'
[1.097s] Level 1:colcon.colcon_core.package_identification:_identify(src/leo_msgs) by extensions ['ignore', 'ignore_ament_install']
[1.097s] Level 1:colcon.colcon_core.package_identification:_identify(src/leo_msgs) by extension 'ignore'
[1.097s] Level 1:colcon.colcon_core.package_identification:_identify(src/leo_msgs) by extension 'ignore_ament_install'
[1.097s] Level 1:colcon.colcon_core.package_identification:_identify(src/leo_msgs) by extensions ['colcon_pkg']
[1.097s] Level 1:colcon.colcon_core.package_identification:_identify(src/leo_msgs) by extension 'colcon_pkg'
[1.097s] Level 1:colcon.colcon_core.package_identification:_identify(src/leo_msgs) by extensions ['colcon_meta']
[1.097s] Level 1:colcon.colcon_core.package_identification:_identify(src/leo_msgs) by extension 'colcon_meta'
[1.098s] Level 1:colcon.colcon_core.package_identification:_identify(src/leo_msgs) by extensions ['ros']
[1.098s] Level 1:colcon.colcon_core.package_identification:_identify(src/leo_msgs) by extension 'ros'
[1.098s] DEBUG:colcon.colcon_core.package_identification:Package 'src/leo_msgs' with type 'ros.ament_cmake' and name 'leo_msgs'
[1.098s] Level 1:colcon.colcon_core.package_identification:_identify(src/leo_teleop) by extensions ['ignore', 'ignore_ament_install']
[1.098s] Level 1:colcon.colcon_core.package_identification:_identify(src/leo_teleop) by extension 'ignore'
[1.098s] Level 1:colcon.colcon_core.package_identification:_identify(src/leo_teleop) by extension 'ignore_ament_install'
[1.098s] Level 1:colcon.colcon_core.package_identification:_identify(src/leo_teleop) by extensions ['colcon_pkg']
[1.098s] Level 1:colcon.colcon_core.package_identification:_identify(src/leo_teleop) by extension 'colcon_pkg'
[1.098s] Level 1:colcon.colcon_core.package_identification:_identify(src/leo_teleop) by extensions ['colcon_meta']
[1.098s] Level 1:colcon.colcon_core.package_identification:_identify(src/leo_teleop) by extension 'colcon_meta'
[1.098s] Level 1:colcon.colcon_core.package_identification:_identify(src/leo_teleop) by extensions ['ros']
[1.098s] Level 1:colcon.colcon_core.package_identification:_identify(src/leo_teleop) by extension 'ros'
[1.099s] DEBUG:colcon.colcon_core.package_identification:Package 'src/leo_teleop' with type 'ros.ament_cmake' and name 'leo_teleop'
[1.099s] Level 1:colcon.colcon_core.package_identification:_identify(src/leo_teleop_holonomic) by extensions ['ignore', 'ignore_ament_install']
[1.099s] Level 1:colcon.colcon_core.package_identification:_identify(src/leo_teleop_holonomic) by extension 'ignore'
[1.099s] Level 1:colcon.colcon_core.package_identification:_identify(src/leo_teleop_holonomic) by extension 'ignore_ament_install'
[1.099s] Level 1:colcon.colcon_core.package_identification:_identify(src/leo_teleop_holonomic) by extensions ['colcon_pkg']
[1.099s] Level 1:colcon.colcon_core.package_identification:_identify(src/leo_teleop_holonomic) by extension 'colcon_pkg'
[1.099s] Level 1:colcon.colcon_core.package_identification:_identify(src/leo_teleop_holonomic) by extensions ['colcon_meta']
[1.099s] Level 1:colcon.colcon_core.package_identification:_identify(src/leo_teleop_holonomic) by extension 'colcon_meta'
[1.099s] Level 1:colcon.colcon_core.package_identification:_identify(src/leo_teleop_holonomic) by extensions ['ros']
[1.099s] Level 1:colcon.colcon_core.package_identification:_identify(src/leo_teleop_holonomic) by extension 'ros'
[1.099s] DEBUG:colcon.colcon_core.package_identification:Package 'src/leo_teleop_holonomic' with type 'ros.ament_cmake' and name 'leo_teleop_holonomic'
[1.100s] Level 1:colcon.colcon_core.package_identification:_identify(src/leo_viz) by extensions ['ignore', 'ignore_ament_install']
[1.100s] Level 1:colcon.colcon_core.package_identification:_identify(src/leo_viz) by extension 'ignore'
[1.100s] Level 1:colcon.colcon_core.package_identification:_identify(src/leo_viz) by extension 'ignore_ament_install'
[1.100s] Level 1:colcon.colcon_core.package_identification:_identify(src/leo_viz) by extensions ['colcon_pkg']
[1.100s] Level 1:colcon.colcon_core.package_identification:_identify(src/leo_viz) by extension 'colcon_pkg'
[1.100s] Level 1:colcon.colcon_core.package_identification:_identify(src/leo_viz) by extensions ['colcon_meta']
[1.100s] Level 1:colcon.colcon_core.package_identification:_identify(src/leo_viz) by extension 'colcon_meta'
[1.100s] Level 1:colcon.colcon_core.package_identification:_identify(src/leo_viz) by extensions ['ros']
[1.100s] Level 1:colcon.colcon_core.package_identification:_identify(src/leo_viz) by extension 'ros'
[1.100s] DEBUG:colcon.colcon_core.package_identification:Package 'src/leo_viz' with type 'ros.ament_cmake' and name 'leo_viz'
[1.100s] Level 1:colcon.colcon_core.package_discovery:discover_packages(recursive) using defaults
[1.100s] Level 1:colcon.colcon_core.package_discovery:discover_packages(ignore) discover
[1.100s] Level 1:colcon.colcon_core.package_discovery:discover_packages(ignore) using defaults
[1.100s] Level 1:colcon.colcon_core.package_discovery:discover_packages(path) discover
[1.100s] Level 1:colcon.colcon_core.package_discovery:discover_packages(path) using defaults
[1.182s] Level 1:colcon.colcon_core.package_discovery:discover_packages(prefix_path) check parameters
[1.182s] Level 1:colcon.colcon_core.package_discovery:discover_packages(prefix_path) discover
[1.210s] DEBUG:colcon.colcon_installed_package_information.package_discovery:Found 7 installed packages in /home/situjet/Desktop/leo_common-ros2/install
[1.224s] DEBUG:colcon.colcon_installed_package_information.package_discovery:Found 408 installed packages in /opt/ros/humble
[1.225s] Level 1:colcon.colcon_core.package_discovery:discover_packages(prefix_path) using defaults
[1.324s] Level 5:colcon.colcon_core.verb:set package 'leo_description' build argument 'cmake_args' from command line to 'None'
[1.324s] Level 5:colcon.colcon_core.verb:set package 'leo_description' build argument 'cmake_target' from command line to 'None'
[1.324s] Level 5:colcon.colcon_core.verb:set package 'leo_description' build argument 'cmake_target_skip_unavailable' from command line to 'False'
[1.324s] Level 5:colcon.colcon_core.verb:set package 'leo_description' build argument 'cmake_clean_cache' from command line to 'False'
[1.324s] Level 5:colcon.colcon_core.verb:set package 'leo_description' build argument 'cmake_clean_first' from command line to 'False'
[1.324s] Level 5:colcon.colcon_core.verb:set package 'leo_description' build argument 'cmake_force_configure' from command line to 'False'
[1.324s] Level 5:colcon.colcon_core.verb:set package 'leo_description' build argument 'ament_cmake_args' from command line to 'None'
[1.324s] Level 5:colcon.colcon_core.verb:set package 'leo_description' build argument 'catkin_cmake_args' from command line to 'None'
[1.324s] Level 5:colcon.colcon_core.verb:set package 'leo_description' build argument 'catkin_skip_building_tests' from command line to 'False'
[1.324s] DEBUG:colcon.colcon_core.verb:Building package 'leo_description' with the following arguments: {'ament_cmake_args': None, 'build_base': '/home/situjet/Desktop/leo_common-ros2/build/leo_description', 'catkin_cmake_args': None, 'catkin_skip_building_tests': False, 'cmake_args': None, 'cmake_clean_cache': False, 'cmake_clean_first': False, 'cmake_force_configure': False, 'cmake_target': None, 'cmake_target_skip_unavailable': False, 'install_base': '/home/situjet/Desktop/leo_common-ros2/install/leo_description', 'merge_install': False, 'path': '/home/situjet/Desktop/leo_common-ros2/src/leo_description', 'symlink_install': True, 'test_result_base': None}
[1.338s] Level 5:colcon.colcon_core.verb:set package 'leo_msgs' build argument 'cmake_args' from command line to 'None'
[1.338s] Level 5:colcon.colcon_core.verb:set package 'leo_msgs' build argument 'cmake_target' from command line to 'None'
[1.338s] Level 5:colcon.colcon_core.verb:set package 'leo_msgs' build argument 'cmake_target_skip_unavailable' from command line to 'False'
[1.338s] Level 5:colcon.colcon_core.verb:set package 'leo_msgs' build argument 'cmake_clean_cache' from command line to 'False'
[1.338s] Level 5:colcon.colcon_core.verb:set package 'leo_msgs' build argument 'cmake_clean_first' from command line to 'False'
[1.338s] Level 5:colcon.colcon_core.verb:set package 'leo_msgs' build argument 'cmake_force_configure' from command line to 'False'
[1.338s] Level 5:colcon.colcon_core.verb:set package 'leo_msgs' build argument 'ament_cmake_args' from command line to 'None'
[1.338s] Level 5:colcon.colcon_core.verb:set package 'leo_msgs' build argument 'catkin_cmake_args' from command line to 'None'
[1.338s] Level 5:colcon.colcon_core.verb:set package 'leo_msgs' build argument 'catkin_skip_building_tests' from command line to 'False'
[1.338s] DEBUG:colcon.colcon_core.verb:Building package 'leo_msgs' with the following arguments: {'ament_cmake_args': None, 'build_base': '/home/situjet/Desktop/leo_common-ros2/build/leo_msgs', 'catkin_cmake_args': None, 'catkin_skip_building_tests': False, 'cmake_args': None, 'cmake_clean_cache': False, 'cmake_clean_first': False, 'cmake_force_configure': False, 'cmake_target': None, 'cmake_target_skip_unavailable': False, 'install_base': '/home/situjet/Desktop/leo_common-ros2/install/leo_msgs', 'merge_install': False, 'path': '/home/situjet/Desktop/leo_common-ros2/src/leo_msgs', 'symlink_install': True, 'test_result_base': None}
[1.351s] Level 5:colcon.colcon_core.verb:set package 'leo_teleop' build argument 'cmake_args' from command line to 'None'
[1.351s] Level 5:colcon.colcon_core.verb:set package 'leo_teleop' build argument 'cmake_target' from command line to 'None'
[1.351s] Level 5:colcon.colcon_core.verb:set package 'leo_teleop' build argument 'cmake_target_skip_unavailable' from command line to 'False'
[1.351s] Level 5:colcon.colcon_core.verb:set package 'leo_teleop' build argument 'cmake_clean_cache' from command line to 'False'
[1.351s] Level 5:colcon.colcon_core.verb:set package 'leo_teleop' build argument 'cmake_clean_first' from command line to 'False'
[1.351s] Level 5:colcon.colcon_core.verb:set package 'leo_teleop' build argument 'cmake_force_configure' from command line to 'False'
[1.351s] Level 5:colcon.colcon_core.verb:set package 'leo_teleop' build argument 'ament_cmake_args' from command line to 'None'
[1.351s] Level 5:colcon.colcon_core.verb:set package 'leo_teleop' build argument 'catkin_cmake_args' from command line to 'None'
[1.351s] Level 5:colcon.colcon_core.verb:set package 'leo_teleop' build argument 'catkin_skip_building_tests' from command line to 'False'
[1.351s] DEBUG:colcon.colcon_core.verb:Building package 'leo_teleop' with the following arguments: {'ament_cmake_args': None, 'build_base': '/home/situjet/Desktop/leo_common-ros2/build/leo_teleop', 'catkin_cmake_args': None, 'catkin_skip_building_tests': False, 'cmake_args': None, 'cmake_clean_cache': False, 'cmake_clean_first': False, 'cmake_force_configure': False, 'cmake_target': None, 'cmake_target_skip_unavailable': False, 'install_base': '/home/situjet/Desktop/leo_common-ros2/install/leo_teleop', 'merge_install': False, 'path': '/home/situjet/Desktop/leo_common-ros2/src/leo_teleop', 'symlink_install': True, 'test_result_base': None}
[1.365s] Level 5:colcon.colcon_core.verb:set package 'leo_teleop_holonomic' build argument 'cmake_args' from command line to 'None'
[1.365s] Level 5:colcon.colcon_core.verb:set package 'leo_teleop_holonomic' build argument 'cmake_target' from command line to 'None'
[1.365s] Level 5:colcon.colcon_core.verb:set package 'leo_teleop_holonomic' build argument 'cmake_target_skip_unavailable' from command line to 'False'
[1.365s] Level 5:colcon.colcon_core.verb:set package 'leo_teleop_holonomic' build argument 'cmake_clean_cache' from command line to 'False'
[1.365s] Level 5:colcon.colcon_core.verb:set package 'leo_teleop_holonomic' build argument 'cmake_clean_first' from command line to 'False'
[1.365s] Level 5:colcon.colcon_core.verb:set package 'leo_teleop_holonomic' build argument 'cmake_force_configure' from command line to 'False'
[1.365s] Level 5:colcon.colcon_core.verb:set package 'leo_teleop_holonomic' build argument 'ament_cmake_args' from command line to 'None'
[1.365s] Level 5:colcon.colcon_core.verb:set package 'leo_teleop_holonomic' build argument 'catkin_cmake_args' from command line to 'None'
[1.365s] Level 5:colcon.colcon_core.verb:set package 'leo_teleop_holonomic' build argument 'catkin_skip_building_tests' from command line to 'False'
[1.365s] DEBUG:colcon.colcon_core.verb:Building package 'leo_teleop_holonomic' with the following arguments: {'ament_cmake_args': None, 'build_base': '/home/situjet/Desktop/leo_common-ros2/build/leo_teleop_holonomic', 'catkin_cmake_args': None, 'catkin_skip_building_tests': False, 'cmake_args': None, 'cmake_clean_cache': False, 'cmake_clean_first': False, 'cmake_force_configure': False, 'cmake_target': None, 'cmake_target_skip_unavailable': False, 'install_base': '/home/situjet/Desktop/leo_common-ros2/install/leo_teleop_holonomic', 'merge_install': False, 'path': '/home/situjet/Desktop/leo_common-ros2/src/leo_teleop_holonomic', 'symlink_install': True, 'test_result_base': None}
[1.378s] Level 5:colcon.colcon_core.verb:set package 'leo' build argument 'cmake_args' from command line to 'None'
[1.379s] Level 5:colcon.colcon_core.verb:set package 'leo' build argument 'cmake_target' from command line to 'None'
[1.379s] Level 5:colcon.colcon_core.verb:set package 'leo' build argument 'cmake_target_skip_unavailable' from command line to 'False'
[1.379s] Level 5:colcon.colcon_core.verb:set package 'leo' build argument 'cmake_clean_cache' from command line to 'False'
[1.379s] Level 5:colcon.colcon_core.verb:set package 'leo' build argument 'cmake_clean_first' from command line to 'False'
[1.379s] Level 5:colcon.colcon_core.verb:set package 'leo' build argument 'cmake_force_configure' from command line to 'False'
[1.379s] Level 5:colcon.colcon_core.verb:set package 'leo' build argument 'ament_cmake_args' from command line to 'None'
[1.379s] Level 5:colcon.colcon_core.verb:set package 'leo' build argument 'catkin_cmake_args' from command line to 'None'
[1.379s] Level 5:colcon.colcon_core.verb:set package 'leo' build argument 'catkin_skip_building_tests' from command line to 'False'
[1.379s] DEBUG:colcon.colcon_core.verb:Building package 'leo' with the following arguments: {'ament_cmake_args': None, 'build_base': '/home/situjet/Desktop/leo_common-ros2/build/leo', 'catkin_cmake_args': None, 'catkin_skip_building_tests': False, 'cmake_args': None, 'cmake_clean_cache': False, 'cmake_clean_first': False, 'cmake_force_configure': False, 'cmake_target': None, 'cmake_target_skip_unavailable': False, 'install_base': '/home/situjet/Desktop/leo_common-ros2/install/leo', 'merge_install': False, 'path': '/home/situjet/Desktop/leo_common-ros2/src/leo', 'symlink_install': True, 'test_result_base': None}
[1.392s] Level 5:colcon.colcon_core.verb:set package 'leo_viz' build argument 'cmake_args' from command line to 'None'
[1.392s] Level 5:colcon.colcon_core.verb:set package 'leo_viz' build argument 'cmake_target' from command line to 'None'
[1.392s] Level 5:colcon.colcon_core.verb:set package 'leo_viz' build argument 'cmake_target_skip_unavailable' from command line to 'False'
[1.392s] Level 5:colcon.colcon_core.verb:set package 'leo_viz' build argument 'cmake_clean_cache' from command line to 'False'
[1.392s] Level 5:colcon.colcon_core.verb:set package 'leo_viz' build argument 'cmake_clean_first' from command line to 'False'
[1.392s] Level 5:colcon.colcon_core.verb:set package 'leo_viz' build argument 'cmake_force_configure' from command line to 'False'
[1.392s] Level 5:colcon.colcon_core.verb:set package 'leo_viz' build argument 'ament_cmake_args' from command line to 'None'
[1.392s] Level 5:colcon.colcon_core.verb:set package 'leo_viz' build argument 'catkin_cmake_args' from command line to 'None'
[1.392s] Level 5:colcon.colcon_core.verb:set package 'leo_viz' build argument 'catkin_skip_building_tests' from command line to 'False'
[1.392s] DEBUG:colcon.colcon_core.verb:Building package 'leo_viz' with the following arguments: {'ament_cmake_args': None, 'build_base': '/home/situjet/Desktop/leo_common-ros2/build/leo_viz', 'catkin_cmake_args': None, 'catkin_skip_building_tests': False, 'cmake_args': None, 'cmake_clean_cache': False, 'cmake_clean_first': False, 'cmake_force_configure': False, 'cmake_target': None, 'cmake_target_skip_unavailable': False, 'install_base': '/home/situjet/Desktop/leo_common-ros2/install/leo_viz', 'merge_install': False, 'path': '/home/situjet/Desktop/leo_common-ros2/src/leo_viz', 'symlink_install': True, 'test_result_base': None}
[1.406s] Level 5:colcon.colcon_core.verb:set package 'leo_desktop' build argument 'cmake_args' from command line to 'None'
[1.406s] Level 5:colcon.colcon_core.verb:set package 'leo_desktop' build argument 'cmake_target' from command line to 'None'
[1.406s] Level 5:colcon.colcon_core.verb:set package 'leo_desktop' build argument 'cmake_target_skip_unavailable' from command line to 'False'
[1.406s] Level 5:colcon.colcon_core.verb:set package 'leo_desktop' build argument 'cmake_clean_cache' from command line to 'False'
[1.406s] Level 5:colcon.colcon_core.verb:set package 'leo_desktop' build argument 'cmake_clean_first' from command line to 'False'
[1.406s] Level 5:colcon.colcon_core.verb:set package 'leo_desktop' build argument 'cmake_force_configure' from command line to 'False'
[1.406s] Level 5:colcon.colcon_core.verb:set package 'leo_desktop' build argument 'ament_cmake_args' from command line to 'None'
[1.406s] Level 5:colcon.colcon_core.verb:set package 'leo_desktop' build argument 'catkin_cmake_args' from command line to 'None'
[1.406s] Level 5:colcon.colcon_core.verb:set package 'leo_desktop' build argument 'catkin_skip_building_tests' from command line to 'False'
[1.406s] DEBUG:colcon.colcon_core.verb:Building package 'leo_desktop' with the following arguments: {'ament_cmake_args': None, 'build_base': '/home/situjet/Desktop/leo_common-ros2/build/leo_desktop', 'catkin_cmake_args': None, 'catkin_skip_building_tests': False, 'cmake_args': None, 'cmake_clean_cache': False, 'cmake_clean_first': False, 'cmake_force_configure': False, 'cmake_target': None, 'cmake_target_skip_unavailable': False, 'install_base': '/home/situjet/Desktop/leo_common-ros2/install/leo_desktop', 'merge_install': False, 'path': '/home/situjet/Desktop/leo_common-ros2/src/leo_desktop', 'symlink_install': True, 'test_result_base': None}
[1.419s] INFO:colcon.colcon_core.executor:Executing jobs using 'parallel' executor
[1.433s] DEBUG:colcon.colcon_parallel_executor.executor.parallel:run_until_complete
[1.433s] INFO:colcon.colcon_ros.task.ament_cmake.build:Building ROS package in '/home/situjet/Desktop/leo_common-ros2/src/leo_description' with build type 'ament_cmake'
[1.433s] INFO:colcon.colcon_cmake.task.cmake.build:Building CMake package in '/home/situjet/Desktop/leo_common-ros2/src/leo_description'
[1.450s] INFO:colcon.colcon_core.plugin_system:Skipping extension 'colcon_core.shell.bat': Not used on non-Windows systems
[1.450s] INFO:colcon.colcon_core.shell:Skip shell extension 'powershell' for command environment: Not usable outside of PowerShell
[1.450s] DEBUG:colcon.colcon_core.shell:Skip shell extension 'dsv' for command environment
[1.492s] INFO:colcon.colcon_ros.task.ament_cmake.build:Building ROS package in '/home/situjet/Desktop/leo_common-ros2/src/leo_msgs' with build type 'ament_cmake'
[1.492s] INFO:colcon.colcon_cmake.task.cmake.build:Building CMake package in '/home/situjet/Desktop/leo_common-ros2/src/leo_msgs'
[1.506s] INFO:colcon.colcon_core.shell:Skip shell extension 'powershell' for command environment: Not usable outside of PowerShell
[1.506s] DEBUG:colcon.colcon_core.shell:Skip shell extension 'dsv' for command environment
[1.549s] INFO:colcon.colcon_ros.task.ament_cmake.build:Building ROS package in '/home/situjet/Desktop/leo_common-ros2/src/leo_teleop' with build type 'ament_cmake'
[1.549s] INFO:colcon.colcon_cmake.task.cmake.build:Building CMake package in '/home/situjet/Desktop/leo_common-ros2/src/leo_teleop'
[1.563s] INFO:colcon.colcon_core.shell:Skip shell extension 'powershell' for command environment: Not usable outside of PowerShell
[1.563s] DEBUG:colcon.colcon_core.shell:Skip shell extension 'dsv' for command environment
[1.605s] INFO:colcon.colcon_ros.task.ament_cmake.build:Building ROS package in '/home/situjet/Desktop/leo_common-ros2/src/leo_teleop_holonomic' with build type 'ament_cmake'
[1.605s] INFO:colcon.colcon_cmake.task.cmake.build:Building CMake package in '/home/situjet/Desktop/leo_common-ros2/src/leo_teleop_holonomic'
[1.619s] INFO:colcon.colcon_core.shell:Skip shell extension 'powershell' for command environment: Not usable outside of PowerShell
[1.619s] DEBUG:colcon.colcon_core.shell:Skip shell extension 'dsv' for command environment
[1.666s] DEBUG:colcon.colcon_core.event_handler.log_command:Invoking command in '/home/situjet/Desktop/leo_common-ros2/build/leo_description': CMAKE_PREFIX_PATH=${CMAKE_PREFIX_PATH}:/opt/ros/humble /home/situjet/.local/bin/cmake --build /home/situjet/Desktop/leo_common-ros2/build/leo_description -- -j12 -l12
[1.668s] DEBUG:colcon.colcon_core.event_handler.log_command:Invoking command in '/home/situjet/Desktop/leo_common-ros2/build/leo_msgs': CMAKE_PREFIX_PATH=${CMAKE_PREFIX_PATH}:/opt/ros/humble /home/situjet/.local/bin/cmake --build /home/situjet/Desktop/leo_common-ros2/build/leo_msgs -- -j12 -l12
[1.670s] DEBUG:colcon.colcon_core.event_handler.log_command:Invoking command in '/home/situjet/Desktop/leo_common-ros2/build/leo_teleop': CMAKE_PREFIX_PATH=${CMAKE_PREFIX_PATH}:/opt/ros/humble /home/situjet/.local/bin/cmake --build /home/situjet/Desktop/leo_common-ros2/build/leo_teleop -- -j12 -l12
[1.673s] DEBUG:colcon.colcon_core.event_handler.log_command:Invoking command in '/home/situjet/Desktop/leo_common-ros2/build/leo_teleop_holonomic': CMAKE_PREFIX_PATH=${CMAKE_PREFIX_PATH}:/opt/ros/humble /home/situjet/.local/bin/cmake --build /home/situjet/Desktop/leo_common-ros2/build/leo_teleop_holonomic -- -j12 -l12
[1.698s] DEBUG:colcon.colcon_core.event_handler.log_command:Invoked command in '/home/situjet/Desktop/leo_common-ros2/build/leo_description' returned '0': CMAKE_PREFIX_PATH=${CMAKE_PREFIX_PATH}:/opt/ros/humble /home/situjet/.local/bin/cmake --build /home/situjet/Desktop/leo_common-ros2/build/leo_description -- -j12 -l12
[1.700s] DEBUG:colcon.colcon_core.event_handler.log_command:Invoked command in '/home/situjet/Desktop/leo_common-ros2/build/leo_teleop' returned '0': CMAKE_PREFIX_PATH=${CMAKE_PREFIX_PATH}:/opt/ros/humble /home/situjet/.local/bin/cmake --build /home/situjet/Desktop/leo_common-ros2/build/leo_teleop -- -j12 -l12
[1.759s] DEBUG:colcon.colcon_core.event_handler.log_command:Invoking command in '/home/situjet/Desktop/leo_common-ros2/build/leo_teleop': CMAKE_PREFIX_PATH=${CMAKE_PREFIX_PATH}:/opt/ros/humble /home/situjet/.local/bin/cmake --install /home/situjet/Desktop/leo_common-ros2/build/leo_teleop
[1.760s] DEBUG:colcon.colcon_core.event_handler.log_command:Invoking command in '/home/situjet/Desktop/leo_common-ros2/build/leo_description': CMAKE_PREFIX_PATH=${CMAKE_PREFIX_PATH}:/opt/ros/humble /home/situjet/.local/bin/cmake --install /home/situjet/Desktop/leo_common-ros2/build/leo_description
[1.787s] Level 1:colcon.colcon_core.environment:create_environment_scripts_only(leo_teleop)
[1.787s] DEBUG:colcon.colcon_core.event_handler.log_command:Invoked command in '/home/situjet/Desktop/leo_common-ros2/build/leo_teleop' returned '0': CMAKE_PREFIX_PATH=${CMAKE_PREFIX_PATH}:/opt/ros/humble /home/situjet/.local/bin/cmake --install /home/situjet/Desktop/leo_common-ros2/build/leo_teleop
[1.805s] Level 1:colcon.colcon_core.environment:checking '/home/situjet/Desktop/leo_common-ros2/install/leo_teleop' for CMake module files
[1.805s] Level 1:colcon.colcon_core.environment:checking '/home/situjet/Desktop/leo_common-ros2/install/leo_teleop' for CMake config files
[1.805s] Level 1:colcon.colcon_core.shell:create_environment_hook('leo_teleop', 'cmake_prefix_path')
[1.819s] INFO:colcon.colcon_core.shell:Creating environment hook '/home/situjet/Desktop/leo_common-ros2/install/leo_teleop/share/leo_teleop/hook/cmake_prefix_path.ps1'
[1.820s] INFO:colcon.colcon_core.shell:Creating environment descriptor '/home/situjet/Desktop/leo_common-ros2/install/leo_teleop/share/leo_teleop/hook/cmake_prefix_path.dsv'
[1.820s] INFO:colcon.colcon_core.shell:Creating environment hook '/home/situjet/Desktop/leo_common-ros2/install/leo_teleop/share/leo_teleop/hook/cmake_prefix_path.sh'
[1.821s] Level 1:colcon.colcon_core.environment:checking '/home/situjet/Desktop/leo_common-ros2/install/leo_teleop/bin'
[1.821s] Level 1:colcon.colcon_core.environment:checking '/home/situjet/Desktop/leo_common-ros2/install/leo_teleop/lib/pkgconfig/leo_teleop.pc'
[1.821s] Level 1:colcon.colcon_core.environment:checking '/home/situjet/Desktop/leo_common-ros2/install/leo_teleop/lib/python3.10/site-packages'
[1.821s] Level 1:colcon.colcon_core.environment:checking '/home/situjet/Desktop/leo_common-ros2/install/leo_teleop/bin'
[1.835s] INFO:colcon.colcon_core.shell:Creating package script '/home/situjet/Desktop/leo_common-ros2/install/leo_teleop/share/leo_teleop/package.ps1'
[1.835s] INFO:colcon.colcon_core.shell:Creating package descriptor '/home/situjet/Desktop/leo_common-ros2/install/leo_teleop/share/leo_teleop/package.dsv'
[1.836s] INFO:colcon.colcon_core.shell:Creating package script '/home/situjet/Desktop/leo_common-ros2/install/leo_teleop/share/leo_teleop/package.sh'
[1.836s] INFO:colcon.colcon_core.shell:Creating package script '/home/situjet/Desktop/leo_common-ros2/install/leo_teleop/share/leo_teleop/package.bash'
[1.837s] INFO:colcon.colcon_core.shell:Creating package script '/home/situjet/Desktop/leo_common-ros2/install/leo_teleop/share/leo_teleop/package.zsh'
[1.837s] Level 1:colcon.colcon_core.environment:create_file_with_runtime_dependencies(/home/situjet/Desktop/leo_common-ros2/install/leo_teleop/share/colcon-core/packages/leo_teleop)
[1.838s] Level 1:colcon.colcon_core.environment:create_environment_scripts_only(leo_description)
[1.839s] DEBUG:colcon.colcon_core.event_handler.log_command:Invoked command in '/home/situjet/Desktop/leo_common-ros2/build/leo_description' returned '0': CMAKE_PREFIX_PATH=${CMAKE_PREFIX_PATH}:/opt/ros/humble /home/situjet/.local/bin/cmake --install /home/situjet/Desktop/leo_common-ros2/build/leo_description
[1.853s] Level 1:colcon.colcon_core.environment:checking '/home/situjet/Desktop/leo_common-ros2/install/leo_description' for CMake module files
[1.853s] Level 1:colcon.colcon_core.environment:checking '/home/situjet/Desktop/leo_common-ros2/install/leo_description' for CMake config files
[1.853s] Level 1:colcon.colcon_core.shell:create_environment_hook('leo_description', 'cmake_prefix_path')
[1.867s] INFO:colcon.colcon_core.shell:Creating environment hook '/home/situjet/Desktop/leo_common-ros2/install/leo_description/share/leo_description/hook/cmake_prefix_path.ps1'
[1.868s] INFO:colcon.colcon_core.shell:Creating environment descriptor '/home/situjet/Desktop/leo_common-ros2/install/leo_description/share/leo_description/hook/cmake_prefix_path.dsv'
[1.868s] INFO:colcon.colcon_core.shell:Creating environment hook '/home/situjet/Desktop/leo_common-ros2/install/leo_description/share/leo_description/hook/cmake_prefix_path.sh'
[1.869s] Level 1:colcon.colcon_core.environment:checking '/home/situjet/Desktop/leo_common-ros2/install/leo_description/bin'
[1.869s] Level 1:colcon.colcon_core.environment:checking '/home/situjet/Desktop/leo_common-ros2/install/leo_description/lib/pkgconfig/leo_description.pc'
[1.869s] Level 1:colcon.colcon_core.environment:checking '/home/situjet/Desktop/leo_common-ros2/install/leo_description/lib/python3.10/site-packages'
[1.869s] Level 1:colcon.colcon_core.environment:checking '/home/situjet/Desktop/leo_common-ros2/install/leo_description/bin'
[1.883s] INFO:colcon.colcon_core.shell:Creating package script '/home/situjet/Desktop/leo_common-ros2/install/leo_description/share/leo_description/package.ps1'
[1.883s] INFO:colcon.colcon_core.shell:Creating package descriptor '/home/situjet/Desktop/leo_common-ros2/install/leo_description/share/leo_description/package.dsv'
[1.884s] INFO:colcon.colcon_core.shell:Creating package script '/home/situjet/Desktop/leo_common-ros2/install/leo_description/share/leo_description/package.sh'
[1.884s] INFO:colcon.colcon_core.shell:Creating package script '/home/situjet/Desktop/leo_common-ros2/install/leo_description/share/leo_description/package.bash'
[1.884s] INFO:colcon.colcon_core.shell:Creating package script '/home/situjet/Desktop/leo_common-ros2/install/leo_description/share/leo_description/package.zsh'
[1.884s] Level 1:colcon.colcon_core.environment:create_file_with_runtime_dependencies(/home/situjet/Desktop/leo_common-ros2/install/leo_description/share/colcon-core/packages/leo_description)
[1.899s] Level 1:colcon.colcon_core.environment:create_environment_scripts_only(leo_teleop)
[1.914s] Level 1:colcon.colcon_core.environment:checking '/home/situjet/Desktop/leo_common-ros2/install/leo_teleop' for CMake module files
[1.914s] Level 1:colcon.colcon_core.environment:checking '/home/situjet/Desktop/leo_common-ros2/install/leo_teleop' for CMake config files
[1.914s] Level 1:colcon.colcon_core.shell:create_environment_hook('leo_teleop', 'cmake_prefix_path')
[1.929s] INFO:colcon.colcon_core.shell:Creating environment hook '/home/situjet/Desktop/leo_common-ros2/install/leo_teleop/share/leo_teleop/hook/cmake_prefix_path.ps1'
[1.930s] INFO:colcon.colcon_core.shell:Creating environment descriptor '/home/situjet/Desktop/leo_common-ros2/install/leo_teleop/share/leo_teleop/hook/cmake_prefix_path.dsv'
[1.930s] INFO:colcon.colcon_core.shell:Creating environment hook '/home/situjet/Desktop/leo_common-ros2/install/leo_teleop/share/leo_teleop/hook/cmake_prefix_path.sh'
[1.930s] Level 1:colcon.colcon_core.environment:checking '/home/situjet/Desktop/leo_common-ros2/install/leo_teleop/bin'
[1.930s] Level 1:colcon.colcon_core.environment:checking '/home/situjet/Desktop/leo_common-ros2/install/leo_teleop/lib/pkgconfig/leo_teleop.pc'
[1.930s] Level 1:colcon.colcon_core.environment:checking '/home/situjet/Desktop/leo_common-ros2/install/leo_teleop/lib/python3.10/site-packages'
[1.931s] Level 1:colcon.colcon_core.environment:checking '/home/situjet/Desktop/leo_common-ros2/install/leo_teleop/bin'
[1.948s] INFO:colcon.colcon_core.shell:Creating package script '/home/situjet/Desktop/leo_common-ros2/install/leo_teleop/share/leo_teleop/package.ps1'
[1.949s] INFO:colcon.colcon_core.shell:Creating package descriptor '/home/situjet/Desktop/leo_common-ros2/install/leo_teleop/share/leo_teleop/package.dsv'
[1.949s] INFO:colcon.colcon_core.shell:Creating package script '/home/situjet/Desktop/leo_common-ros2/install/leo_teleop/share/leo_teleop/package.sh'
[1.949s] INFO:colcon.colcon_core.shell:Creating package script '/home/situjet/Desktop/leo_common-ros2/install/leo_teleop/share/leo_teleop/package.bash'
[1.950s] INFO:colcon.colcon_core.shell:Creating package script '/home/situjet/Desktop/leo_common-ros2/install/leo_teleop/share/leo_teleop/package.zsh'
[1.950s] Level 1:colcon.colcon_core.environment:create_file_with_runtime_dependencies(/home/situjet/Desktop/leo_common-ros2/install/leo_teleop/share/colcon-core/packages/leo_teleop)
[1.967s] Level 1:colcon.colcon_core.environment:create_environment_scripts_only(leo_description)
[1.983s] Level 1:colcon.colcon_core.environment:checking '/home/situjet/Desktop/leo_common-ros2/install/leo_description' for CMake module files
[1.984s] Level 1:colcon.colcon_core.environment:checking '/home/situjet/Desktop/leo_common-ros2/install/leo_description' for CMake config files
[1.984s] Level 1:colcon.colcon_core.shell:create_environment_hook('leo_description', 'cmake_prefix_path')
[2.000s] INFO:colcon.colcon_core.shell:Creating environment hook '/home/situjet/Desktop/leo_common-ros2/install/leo_description/share/leo_description/hook/cmake_prefix_path.ps1'
[2.000s] INFO:colcon.colcon_core.shell:Creating environment descriptor '/home/situjet/Desktop/leo_common-ros2/install/leo_description/share/leo_description/hook/cmake_prefix_path.dsv'
[2.001s] INFO:colcon.colcon_core.shell:Creating environment hook '/home/situjet/Desktop/leo_common-ros2/install/leo_description/share/leo_description/hook/cmake_prefix_path.sh'
[2.001s] Level 1:colcon.colcon_core.environment:checking '/home/situjet/Desktop/leo_common-ros2/install/leo_description/bin'
[2.001s] Level 1:colcon.colcon_core.environment:checking '/home/situjet/Desktop/leo_common-ros2/install/leo_description/lib/pkgconfig/leo_description.pc'
[2.001s] Level 1:colcon.colcon_core.environment:checking '/home/situjet/Desktop/leo_common-ros2/install/leo_description/lib/python3.10/site-packages'
[2.002s] Level 1:colcon.colcon_core.environment:checking '/home/situjet/Desktop/leo_common-ros2/install/leo_description/bin'
[2.018s] INFO:colcon.colcon_core.shell:Creating package script '/home/situjet/Desktop/leo_common-ros2/install/leo_description/share/leo_description/package.ps1'
[2.018s] INFO:colcon.colcon_core.shell:Creating package descriptor '/home/situjet/Desktop/leo_common-ros2/install/leo_description/share/leo_description/package.dsv'
[2.018s] INFO:colcon.colcon_core.shell:Creating package script '/home/situjet/Desktop/leo_common-ros2/install/leo_description/share/leo_description/package.sh'
[2.019s] INFO:colcon.colcon_core.shell:Creating package script '/home/situjet/Desktop/leo_common-ros2/install/leo_description/share/leo_description/package.bash'
[2.019s] INFO:colcon.colcon_core.shell:Creating package script '/home/situjet/Desktop/leo_common-ros2/install/leo_description/share/leo_description/package.zsh'
[2.019s] Level 1:colcon.colcon_core.environment:create_file_with_runtime_dependencies(/home/situjet/Desktop/leo_common-ros2/install/leo_description/share/colcon-core/packages/leo_description)
[2.020s] INFO:colcon.colcon_ros.task.ament_cmake.build:Building ROS package in '/home/situjet/Desktop/leo_common-ros2/src/leo_viz' with build type 'ament_cmake'
[2.020s] INFO:colcon.colcon_cmake.task.cmake.build:Building CMake package in '/home/situjet/Desktop/leo_common-ros2/src/leo_viz'
[2.036s] INFO:colcon.colcon_core.shell:Skip shell extension 'powershell' for command environment: Not usable outside of PowerShell
[2.036s] DEBUG:colcon.colcon_core.shell:Skip shell extension 'dsv' for command environment
[2.088s] DEBUG:colcon.colcon_core.event_handler.log_command:Invoked command in '/home/situjet/Desktop/leo_common-ros2/build/leo_msgs' returned '0': CMAKE_PREFIX_PATH=${CMAKE_PREFIX_PATH}:/opt/ros/humble /home/situjet/.local/bin/cmake --build /home/situjet/Desktop/leo_common-ros2/build/leo_msgs -- -j12 -l12
[2.089s] DEBUG:colcon.colcon_core.event_handler.log_command:Invoked command in '/home/situjet/Desktop/leo_common-ros2/build/leo_teleop_holonomic' returned '0': CMAKE_PREFIX_PATH=${CMAKE_PREFIX_PATH}:/opt/ros/humble /home/situjet/.local/bin/cmake --build /home/situjet/Desktop/leo_common-ros2/build/leo_teleop_holonomic -- -j12 -l12
[2.091s] DEBUG:colcon.colcon_core.event_handler.log_command:Invoking command in '/home/situjet/Desktop/leo_common-ros2/build/leo_viz': CMAKE_PREFIX_PATH=/home/situjet/Desktop/leo_common-ros2/install/leo_description:/home/situjet/Desktop/leo_common-ros2/install/leo_teleop_holonomic:/home/situjet/Desktop/leo_common-ros2/install/leo_desktop:/home/situjet/Desktop/leo_common-ros2/install/leo_viz:/home/situjet/Desktop/leo_common-ros2/install/leo:/home/situjet/Desktop/leo_common-ros2/install/leo_teleop:/home/situjet/Desktop/leo_common-ros2/install/leo_msgs:/opt/ros/humble /home/situjet/.local/bin/cmake --build /home/situjet/Desktop/leo_common-ros2/build/leo_viz -- -j12 -l12
[2.122s] DEBUG:colcon.colcon_core.event_handler.log_command:Invoking command in '/home/situjet/Desktop/leo_common-ros2/build/leo_teleop_holonomic': CMAKE_PREFIX_PATH=${CMAKE_PREFIX_PATH}:/opt/ros/humble /home/situjet/.local/bin/cmake --install /home/situjet/Desktop/leo_common-ros2/build/leo_teleop_holonomic
[2.126s] DEBUG:colcon.colcon_core.event_handler.log_command:Invoked command in '/home/situjet/Desktop/leo_common-ros2/build/leo_viz' returned '0': CMAKE_PREFIX_PATH=/home/situjet/Desktop/leo_common-ros2/install/leo_description:/home/situjet/Desktop/leo_common-ros2/install/leo_teleop_holonomic:/home/situjet/Desktop/leo_common-ros2/install/leo_desktop:/home/situjet/Desktop/leo_common-ros2/install/leo_viz:/home/situjet/Desktop/leo_common-ros2/install/leo:/home/situjet/Desktop/leo_common-ros2/install/leo_teleop:/home/situjet/Desktop/leo_common-ros2/install/leo_msgs:/opt/ros/humble /home/situjet/.local/bin/cmake --build /home/situjet/Desktop/leo_common-ros2/build/leo_viz -- -j12 -l12
[2.154s] Level 1:colcon.colcon_core.environment:create_environment_scripts_only(leo_teleop_holonomic)
[2.154s] DEBUG:colcon.colcon_core.event_handler.log_command:Invoked command in '/home/situjet/Desktop/leo_common-ros2/build/leo_teleop_holonomic' returned '0': CMAKE_PREFIX_PATH=${CMAKE_PREFIX_PATH}:/opt/ros/humble /home/situjet/.local/bin/cmake --install /home/situjet/Desktop/leo_common-ros2/build/leo_teleop_holonomic
[2.171s] Level 1:colcon.colcon_core.environment:checking '/home/situjet/Desktop/leo_common-ros2/install/leo_teleop_holonomic' for CMake module files
[2.171s] Level 1:colcon.colcon_core.environment:checking '/home/situjet/Desktop/leo_common-ros2/install/leo_teleop_holonomic' for CMake config files
[2.171s] Level 1:colcon.colcon_core.shell:create_environment_hook('leo_teleop_holonomic', 'cmake_prefix_path')
[2.188s] INFO:colcon.colcon_core.shell:Creating environment hook '/home/situjet/Desktop/leo_common-ros2/install/leo_teleop_holonomic/share/leo_teleop_holonomic/hook/cmake_prefix_path.ps1'
[2.188s] INFO:colcon.colcon_core.shell:Creating environment descriptor '/home/situjet/Desktop/leo_common-ros2/install/leo_teleop_holonomic/share/leo_teleop_holonomic/hook/cmake_prefix_path.dsv'
[2.188s] INFO:colcon.colcon_core.shell:Creating environment hook '/home/situjet/Desktop/leo_common-ros2/install/leo_teleop_holonomic/share/leo_teleop_holonomic/hook/cmake_prefix_path.sh'
[2.189s] Level 1:colcon.colcon_core.environment:checking '/home/situjet/Desktop/leo_common-ros2/install/leo_teleop_holonomic/bin'
[2.189s] Level 1:colcon.colcon_core.environment:checking '/home/situjet/Desktop/leo_common-ros2/install/leo_teleop_holonomic/lib/pkgconfig/leo_teleop_holonomic.pc'
[2.189s] Level 1:colcon.colcon_core.environment:checking '/home/situjet/Desktop/leo_common-ros2/install/leo_teleop_holonomic/lib/python3.10/site-packages'
[2.189s] Level 1:colcon.colcon_core.environment:checking '/home/situjet/Desktop/leo_common-ros2/install/leo_teleop_holonomic/bin'
[2.205s] INFO:colcon.colcon_core.shell:Creating package script '/home/situjet/Desktop/leo_common-ros2/install/leo_teleop_holonomic/share/leo_teleop_holonomic/package.ps1'
[2.206s] INFO:colcon.colcon_core.shell:Creating package descriptor '/home/situjet/Desktop/leo_common-ros2/install/leo_teleop_holonomic/share/leo_teleop_holonomic/package.dsv'
[2.206s] INFO:colcon.colcon_core.shell:Creating package script '/home/situjet/Desktop/leo_common-ros2/install/leo_teleop_holonomic/share/leo_teleop_holonomic/package.sh'
[2.206s] INFO:colcon.colcon_core.shell:Creating package script '/home/situjet/Desktop/leo_common-ros2/install/leo_teleop_holonomic/share/leo_teleop_holonomic/package.bash'
[2.206s] INFO:colcon.colcon_core.shell:Creating package script '/home/situjet/Desktop/leo_common-ros2/install/leo_teleop_holonomic/share/leo_teleop_holonomic/package.zsh'
[2.207s] Level 1:colcon.colcon_core.environment:create_file_with_runtime_dependencies(/home/situjet/Desktop/leo_common-ros2/install/leo_teleop_holonomic/share/colcon-core/packages/leo_teleop_holonomic)
[2.210s] DEBUG:colcon.colcon_core.event_handler.log_command:Invoking command in '/home/situjet/Desktop/leo_common-ros2/build/leo_msgs': CMAKE_PREFIX_PATH=${CMAKE_PREFIX_PATH}:/opt/ros/humble /home/situjet/.local/bin/cmake --install /home/situjet/Desktop/leo_common-ros2/build/leo_msgs
[2.210s] DEBUG:colcon.colcon_core.event_handler.log_command:Invoking command in '/home/situjet/Desktop/leo_common-ros2/build/leo_viz': CMAKE_PREFIX_PATH=/home/situjet/Desktop/leo_common-ros2/install/leo_description:/home/situjet/Desktop/leo_common-ros2/install/leo_teleop_holonomic:/home/situjet/Desktop/leo_common-ros2/install/leo_desktop:/home/situjet/Desktop/leo_common-ros2/install/leo_viz:/home/situjet/Desktop/leo_common-ros2/install/leo:/home/situjet/Desktop/leo_common-ros2/install/leo_teleop:/home/situjet/Desktop/leo_common-ros2/install/leo_msgs:/opt/ros/humble /home/situjet/.local/bin/cmake --install /home/situjet/Desktop/leo_common-ros2/build/leo_viz
[2.241s] Level 1:colcon.colcon_core.environment:create_environment_scripts_only(leo_viz)
[2.241s] DEBUG:colcon.colcon_core.event_handler.log_command:Invoked command in '/home/situjet/Desktop/leo_common-ros2/build/leo_viz' returned '0': CMAKE_PREFIX_PATH=/home/situjet/Desktop/leo_common-ros2/install/leo_description:/home/situjet/Desktop/leo_common-ros2/install/leo_teleop_holonomic:/home/situjet/Desktop/leo_common-ros2/install/leo_desktop:/home/situjet/Desktop/leo_common-ros2/install/leo_viz:/home/situjet/Desktop/leo_common-ros2/install/leo:/home/situjet/Desktop/leo_common-ros2/install/leo_teleop:/home/situjet/Desktop/leo_common-ros2/install/leo_msgs:/opt/ros/humble /home/situjet/.local/bin/cmake --install /home/situjet/Desktop/leo_common-ros2/build/leo_viz
[2.264s] Level 1:colcon.colcon_core.environment:checking '/home/situjet/Desktop/leo_common-ros2/install/leo_viz' for CMake module files
[2.264s] Level 1:colcon.colcon_core.environment:checking '/home/situjet/Desktop/leo_common-ros2/install/leo_viz' for CMake config files
[2.264s] Level 1:colcon.colcon_core.shell:create_environment_hook('leo_viz', 'cmake_prefix_path')
[2.281s] INFO:colcon.colcon_core.shell:Creating environment hook '/home/situjet/Desktop/leo_common-ros2/install/leo_viz/share/leo_viz/hook/cmake_prefix_path.ps1'
[2.281s] INFO:colcon.colcon_core.shell:Creating environment descriptor '/home/situjet/Desktop/leo_common-ros2/install/leo_viz/share/leo_viz/hook/cmake_prefix_path.dsv'
[2.282s] INFO:colcon.colcon_core.shell:Creating environment hook '/home/situjet/Desktop/leo_common-ros2/install/leo_viz/share/leo_viz/hook/cmake_prefix_path.sh'
[2.282s] Level 1:colcon.colcon_core.environment:checking '/home/situjet/Desktop/leo_common-ros2/install/leo_viz/bin'
[2.282s] Level 1:colcon.colcon_core.environment:checking '/home/situjet/Desktop/leo_common-ros2/install/leo_viz/lib/pkgconfig/leo_viz.pc'
[2.282s] Level 1:colcon.colcon_core.environment:checking '/home/situjet/Desktop/leo_common-ros2/install/leo_viz/lib/python3.10/site-packages'
[2.283s] Level 1:colcon.colcon_core.environment:checking '/home/situjet/Desktop/leo_common-ros2/install/leo_viz/bin'
[2.308s] INFO:colcon.colcon_core.shell:Creating package script '/home/situjet/Desktop/leo_common-ros2/install/leo_viz/share/leo_viz/package.ps1'
[2.308s] INFO:colcon.colcon_core.shell:Creating package descriptor '/home/situjet/Desktop/leo_common-ros2/install/leo_viz/share/leo_viz/package.dsv'
[2.308s] INFO:colcon.colcon_core.shell:Creating package script '/home/situjet/Desktop/leo_common-ros2/install/leo_viz/share/leo_viz/package.sh'
[2.309s] INFO:colcon.colcon_core.shell:Creating package script '/home/situjet/Desktop/leo_common-ros2/install/leo_viz/share/leo_viz/package.bash'
[2.309s] INFO:colcon.colcon_core.shell:Creating package script '/home/situjet/Desktop/leo_common-ros2/install/leo_viz/share/leo_viz/package.zsh'
[2.309s] Level 1:colcon.colcon_core.environment:create_file_with_runtime_dependencies(/home/situjet/Desktop/leo_common-ros2/install/leo_viz/share/colcon-core/packages/leo_viz)
[2.327s] Level 1:colcon.colcon_core.environment:create_environment_scripts_only(leo_teleop_holonomic)
[2.343s] Level 1:colcon.colcon_core.environment:checking '/home/situjet/Desktop/leo_common-ros2/install/leo_teleop_holonomic' for CMake module files
[2.343s] Level 1:colcon.colcon_core.environment:checking '/home/situjet/Desktop/leo_common-ros2/install/leo_teleop_holonomic' for CMake config files
[2.343s] Level 1:colcon.colcon_core.shell:create_environment_hook('leo_teleop_holonomic', 'cmake_prefix_path')
[2.360s] INFO:colcon.colcon_core.shell:Creating environment hook '/home/situjet/Desktop/leo_common-ros2/install/leo_teleop_holonomic/share/leo_teleop_holonomic/hook/cmake_prefix_path.ps1'
[2.360s] INFO:colcon.colcon_core.shell:Creating environment descriptor '/home/situjet/Desktop/leo_common-ros2/install/leo_teleop_holonomic/share/leo_teleop_holonomic/hook/cmake_prefix_path.dsv'
[2.361s] INFO:colcon.colcon_core.shell:Creating environment hook '/home/situjet/Desktop/leo_common-ros2/install/leo_teleop_holonomic/share/leo_teleop_holonomic/hook/cmake_prefix_path.sh'
[2.361s] Level 1:colcon.colcon_core.environment:checking '/home/situjet/Desktop/leo_common-ros2/install/leo_teleop_holonomic/bin'
[2.361s] Level 1:colcon.colcon_core.environment:checking '/home/situjet/Desktop/leo_common-ros2/install/leo_teleop_holonomic/lib/pkgconfig/leo_teleop_holonomic.pc'
[2.361s] Level 1:colcon.colcon_core.environment:checking '/home/situjet/Desktop/leo_common-ros2/install/leo_teleop_holonomic/lib/python3.10/site-packages'
[2.362s] Level 1:colcon.colcon_core.environment:checking '/home/situjet/Desktop/leo_common-ros2/install/leo_teleop_holonomic/bin'
[2.378s] INFO:colcon.colcon_core.shell:Creating package script '/home/situjet/Desktop/leo_common-ros2/install/leo_teleop_holonomic/share/leo_teleop_holonomic/package.ps1'
[2.378s] INFO:colcon.colcon_core.shell:Creating package descriptor '/home/situjet/Desktop/leo_common-ros2/install/leo_teleop_holonomic/share/leo_teleop_holonomic/package.dsv'
[2.378s] INFO:colcon.colcon_core.shell:Creating package script '/home/situjet/Desktop/leo_common-ros2/install/leo_teleop_holonomic/share/leo_teleop_holonomic/package.sh'
[2.379s] INFO:colcon.colcon_core.shell:Creating package script '/home/situjet/Desktop/leo_common-ros2/install/leo_teleop_holonomic/share/leo_teleop_holonomic/package.bash'
[2.379s] INFO:colcon.colcon_core.shell:Creating package script '/home/situjet/Desktop/leo_common-ros2/install/leo_teleop_holonomic/share/leo_teleop_holonomic/package.zsh'
[2.379s] Level 1:colcon.colcon_core.environment:create_file_with_runtime_dependencies(/home/situjet/Desktop/leo_common-ros2/install/leo_teleop_holonomic/share/colcon-core/packages/leo_teleop_holonomic)
[2.380s] Level 1:colcon.colcon_core.environment:create_environment_scripts_only(leo_msgs)
[2.380s] DEBUG:colcon.colcon_core.event_handler.log_command:Invoked command in '/home/situjet/Desktop/leo_common-ros2/build/leo_msgs' returned '0': CMAKE_PREFIX_PATH=${CMAKE_PREFIX_PATH}:/opt/ros/humble /home/situjet/.local/bin/cmake --install /home/situjet/Desktop/leo_common-ros2/build/leo_msgs
[2.396s] Level 1:colcon.colcon_core.environment:checking '/home/situjet/Desktop/leo_common-ros2/install/leo_msgs' for CMake module files
[2.397s] Level 1:colcon.colcon_core.environment:checking '/home/situjet/Desktop/leo_common-ros2/install/leo_msgs' for CMake config files
[2.398s] Level 1:colcon.colcon_core.shell:create_environment_hook('leo_msgs', 'cmake_prefix_path')
[2.413s] INFO:colcon.colcon_core.shell:Creating environment hook '/home/situjet/Desktop/leo_common-ros2/install/leo_msgs/share/leo_msgs/hook/cmake_prefix_path.ps1'
[2.414s] INFO:colcon.colcon_core.shell:Creating environment descriptor '/home/situjet/Desktop/leo_common-ros2/install/leo_msgs/share/leo_msgs/hook/cmake_prefix_path.dsv'
[2.414s] INFO:colcon.colcon_core.shell:Creating environment hook '/home/situjet/Desktop/leo_common-ros2/install/leo_msgs/share/leo_msgs/hook/cmake_prefix_path.sh'
[2.414s] Level 1:colcon.colcon_core.environment:checking '/home/situjet/Desktop/leo_common-ros2/install/leo_msgs/lib'
[2.415s] Level 1:colcon.colcon_core.shell:create_environment_hook('leo_msgs', 'ld_library_path_lib')
[2.430s] INFO:colcon.colcon_core.shell:Creating environment hook '/home/situjet/Desktop/leo_common-ros2/install/leo_msgs/share/leo_msgs/hook/ld_library_path_lib.ps1'
[2.430s] INFO:colcon.colcon_core.shell:Creating environment descriptor '/home/situjet/Desktop/leo_common-ros2/install/leo_msgs/share/leo_msgs/hook/ld_library_path_lib.dsv'
[2.430s] INFO:colcon.colcon_core.shell:Creating environment hook '/home/situjet/Desktop/leo_common-ros2/install/leo_msgs/share/leo_msgs/hook/ld_library_path_lib.sh'
[2.431s] Level 1:colcon.colcon_core.environment:checking '/home/situjet/Desktop/leo_common-ros2/install/leo_msgs/bin'
[2.431s] Level 1:colcon.colcon_core.environment:checking '/home/situjet/Desktop/leo_common-ros2/install/leo_msgs/lib/pkgconfig/leo_msgs.pc'
[2.431s] Level 1:colcon.colcon_core.environment:checking '/home/situjet/Desktop/leo_common-ros2/install/leo_msgs/lib/python3.10/site-packages'
[2.431s] Level 1:colcon.colcon_core.environment:checking '/home/situjet/Desktop/leo_common-ros2/install/leo_msgs/bin'
[2.446s] INFO:colcon.colcon_core.shell:Creating package script '/home/situjet/Desktop/leo_common-ros2/install/leo_msgs/share/leo_msgs/package.ps1'
[2.447s] INFO:colcon.colcon_core.shell:Creating package descriptor '/home/situjet/Desktop/leo_common-ros2/install/leo_msgs/share/leo_msgs/package.dsv'
[2.447s] INFO:colcon.colcon_core.shell:Creating package script '/home/situjet/Desktop/leo_common-ros2/install/leo_msgs/share/leo_msgs/package.sh'
[2.447s] INFO:colcon.colcon_core.shell:Creating package script '/home/situjet/Desktop/leo_common-ros2/install/leo_msgs/share/leo_msgs/package.bash'
[2.447s] INFO:colcon.colcon_core.shell:Creating package script '/home/situjet/Desktop/leo_common-ros2/install/leo_msgs/share/leo_msgs/package.zsh'
[2.448s] Level 1:colcon.colcon_core.environment:create_file_with_runtime_dependencies(/home/situjet/Desktop/leo_common-ros2/install/leo_msgs/share/colcon-core/packages/leo_msgs)
[2.465s] Level 1:colcon.colcon_core.environment:create_environment_scripts_only(leo_viz)
[2.481s] Level 1:colcon.colcon_core.environment:checking '/home/situjet/Desktop/leo_common-ros2/install/leo_viz' for CMake module files
[2.481s] Level 1:colcon.colcon_core.environment:checking '/home/situjet/Desktop/leo_common-ros2/install/leo_viz' for CMake config files
[2.481s] Level 1:colcon.colcon_core.shell:create_environment_hook('leo_viz', 'cmake_prefix_path')
[2.497s] INFO:colcon.colcon_core.shell:Creating environment hook '/home/situjet/Desktop/leo_common-ros2/install/leo_viz/share/leo_viz/hook/cmake_prefix_path.ps1'
[2.498s] INFO:colcon.colcon_core.shell:Creating environment descriptor '/home/situjet/Desktop/leo_common-ros2/install/leo_viz/share/leo_viz/hook/cmake_prefix_path.dsv'
[2.498s] INFO:colcon.colcon_core.shell:Creating environment hook '/home/situjet/Desktop/leo_common-ros2/install/leo_viz/share/leo_viz/hook/cmake_prefix_path.sh'
[2.498s] Level 1:colcon.colcon_core.environment:checking '/home/situjet/Desktop/leo_common-ros2/install/leo_viz/bin'
[2.498s] Level 1:colcon.colcon_core.environment:checking '/home/situjet/Desktop/leo_common-ros2/install/leo_viz/lib/pkgconfig/leo_viz.pc'
[2.499s] Level 1:colcon.colcon_core.environment:checking '/home/situjet/Desktop/leo_common-ros2/install/leo_viz/lib/python3.10/site-packages'
[2.499s] Level 1:colcon.colcon_core.environment:checking '/home/situjet/Desktop/leo_common-ros2/install/leo_viz/bin'
[2.515s] INFO:colcon.colcon_core.shell:Creating package script '/home/situjet/Desktop/leo_common-ros2/install/leo_viz/share/leo_viz/package.ps1'
[2.515s] INFO:colcon.colcon_core.shell:Creating package descriptor '/home/situjet/Desktop/leo_common-ros2/install/leo_viz/share/leo_viz/package.dsv'
[2.515s] INFO:colcon.colcon_core.shell:Creating package script '/home/situjet/Desktop/leo_common-ros2/install/leo_viz/share/leo_viz/package.sh'
[2.516s] INFO:colcon.colcon_core.shell:Creating package script '/home/situjet/Desktop/leo_common-ros2/install/leo_viz/share/leo_viz/package.bash'
[2.516s] INFO:colcon.colcon_core.shell:Creating package script '/home/situjet/Desktop/leo_common-ros2/install/leo_viz/share/leo_viz/package.zsh'
[2.516s] Level 1:colcon.colcon_core.environment:create_file_with_runtime_dependencies(/home/situjet/Desktop/leo_common-ros2/install/leo_viz/share/colcon-core/packages/leo_viz)
[2.566s] Level 1:colcon.colcon_core.environment:create_environment_scripts_only(leo_msgs)
[2.582s] Level 1:colcon.colcon_core.environment:checking '/home/situjet/Desktop/leo_common-ros2/install/leo_msgs' for CMake module files
[2.583s] Level 1:colcon.colcon_core.environment:checking '/home/situjet/Desktop/leo_common-ros2/install/leo_msgs' for CMake config files
[2.584s] Level 1:colcon.colcon_core.shell:create_environment_hook('leo_msgs', 'cmake_prefix_path')
[2.599s] INFO:colcon.colcon_core.shell:Creating environment hook '/home/situjet/Desktop/leo_common-ros2/install/leo_msgs/share/leo_msgs/hook/cmake_prefix_path.ps1'
[2.600s] INFO:colcon.colcon_core.shell:Creating environment descriptor '/home/situjet/Desktop/leo_common-ros2/install/leo_msgs/share/leo_msgs/hook/cmake_prefix_path.dsv'
[2.600s] INFO:colcon.colcon_core.shell:Creating environment hook '/home/situjet/Desktop/leo_common-ros2/install/leo_msgs/share/leo_msgs/hook/cmake_prefix_path.sh'
[2.601s] Level 1:colcon.colcon_core.environment:checking '/home/situjet/Desktop/leo_common-ros2/install/leo_msgs/lib'
[2.601s] Level 1:colcon.colcon_core.shell:create_environment_hook('leo_msgs', 'ld_library_path_lib')
[2.616s] INFO:colcon.colcon_core.shell:Creating environment hook '/home/situjet/Desktop/leo_common-ros2/install/leo_msgs/share/leo_msgs/hook/ld_library_path_lib.ps1'
[2.616s] INFO:colcon.colcon_core.shell:Creating environment descriptor '/home/situjet/Desktop/leo_common-ros2/install/leo_msgs/share/leo_msgs/hook/ld_library_path_lib.dsv'
[2.617s] INFO:colcon.colcon_core.shell:Creating environment hook '/home/situjet/Desktop/leo_common-ros2/install/leo_msgs/share/leo_msgs/hook/ld_library_path_lib.sh'
[2.617s] Level 1:colcon.colcon_core.environment:checking '/home/situjet/Desktop/leo_common-ros2/install/leo_msgs/bin'
[2.617s] Level 1:colcon.colcon_core.environment:checking '/home/situjet/Desktop/leo_common-ros2/install/leo_msgs/lib/pkgconfig/leo_msgs.pc'
[2.617s] Level 1:colcon.colcon_core.environment:checking '/home/situjet/Desktop/leo_common-ros2/install/leo_msgs/lib/python3.10/site-packages'
[2.617s] Level 1:colcon.colcon_core.environment:checking '/home/situjet/Desktop/leo_common-ros2/install/leo_msgs/bin'
[2.633s] INFO:colcon.colcon_core.shell:Creating package script '/home/situjet/Desktop/leo_common-ros2/install/leo_msgs/share/leo_msgs/package.ps1'
[2.634s] INFO:colcon.colcon_core.shell:Creating package descriptor '/home/situjet/Desktop/leo_common-ros2/install/leo_msgs/share/leo_msgs/package.dsv'
[2.634s] INFO:colcon.colcon_core.shell:Creating package script '/home/situjet/Desktop/leo_common-ros2/install/leo_msgs/share/leo_msgs/package.sh'
[2.634s] INFO:colcon.colcon_core.shell:Creating package script '/home/situjet/Desktop/leo_common-ros2/install/leo_msgs/share/leo_msgs/package.bash'
[2.635s] INFO:colcon.colcon_core.shell:Creating package script '/home/situjet/Desktop/leo_common-ros2/install/leo_msgs/share/leo_msgs/package.zsh'
[2.635s] Level 1:colcon.colcon_core.environment:create_file_with_runtime_dependencies(/home/situjet/Desktop/leo_common-ros2/install/leo_msgs/share/colcon-core/packages/leo_msgs)
[2.635s] INFO:colcon.colcon_ros.task.ament_cmake.build:Building ROS package in '/home/situjet/Desktop/leo_common-ros2/src/leo' with build type 'ament_cmake'
[2.635s] INFO:colcon.colcon_cmake.task.cmake.build:Building CMake package in '/home/situjet/Desktop/leo_common-ros2/src/leo'
[2.651s] INFO:colcon.colcon_core.shell:Skip shell extension 'powershell' for command environment: Not usable outside of PowerShell
[2.651s] DEBUG:colcon.colcon_core.shell:Skip shell extension 'dsv' for command environment
[2.707s] DEBUG:colcon.colcon_core.event_handler.log_command:Invoking command in '/home/situjet/Desktop/leo_common-ros2/build/leo': CMAKE_PREFIX_PATH=/home/situjet/Desktop/leo_common-ros2/install/leo_teleop:/home/situjet/Desktop/leo_common-ros2/install/leo_msgs:/home/situjet/Desktop/leo_common-ros2/install/leo_description:/home/situjet/Desktop/leo_common-ros2/install/leo_teleop_holonomic:/home/situjet/Desktop/leo_common-ros2/install/leo_desktop:/home/situjet/Desktop/leo_common-ros2/install/leo_viz:/home/situjet/Desktop/leo_common-ros2/install/leo:/opt/ros/humble /home/situjet/.local/bin/cmake --build /home/situjet/Desktop/leo_common-ros2/build/leo -- -j12 -l12
[2.741s] DEBUG:colcon.colcon_core.event_handler.log_command:Invoked command in '/home/situjet/Desktop/leo_common-ros2/build/leo' returned '0': CMAKE_PREFIX_PATH=/home/situjet/Desktop/leo_common-ros2/install/leo_teleop:/home/situjet/Desktop/leo_common-ros2/install/leo_msgs:/home/situjet/Desktop/leo_common-ros2/install/leo_description:/home/situjet/Desktop/leo_common-ros2/install/leo_teleop_holonomic:/home/situjet/Desktop/leo_common-ros2/install/leo_desktop:/home/situjet/Desktop/leo_common-ros2/install/leo_viz:/home/situjet/Desktop/leo_common-ros2/install/leo:/opt/ros/humble /home/situjet/.local/bin/cmake --build /home/situjet/Desktop/leo_common-ros2/build/leo -- -j12 -l12
[2.775s] DEBUG:colcon.colcon_core.event_handler.log_command:Invoking command in '/home/situjet/Desktop/leo_common-ros2/build/leo': CMAKE_PREFIX_PATH=/home/situjet/Desktop/leo_common-ros2/install/leo_teleop:/home/situjet/Desktop/leo_common-ros2/install/leo_msgs:/home/situjet/Desktop/leo_common-ros2/install/leo_description:/home/situjet/Desktop/leo_common-ros2/install/leo_teleop_holonomic:/home/situjet/Desktop/leo_common-ros2/install/leo_desktop:/home/situjet/Desktop/leo_common-ros2/install/leo_viz:/home/situjet/Desktop/leo_common-ros2/install/leo:/opt/ros/humble /home/situjet/.local/bin/cmake --install /home/situjet/Desktop/leo_common-ros2/build/leo
[2.806s] Level 1:colcon.colcon_core.environment:create_environment_scripts_only(leo)
[2.806s] DEBUG:colcon.colcon_core.event_handler.log_command:Invoked command in '/home/situjet/Desktop/leo_common-ros2/build/leo' returned '0': CMAKE_PREFIX_PATH=/home/situjet/Desktop/leo_common-ros2/install/leo_teleop:/home/situjet/Desktop/leo_common-ros2/install/leo_msgs:/home/situjet/Desktop/leo_common-ros2/install/leo_description:/home/situjet/Desktop/leo_common-ros2/install/leo_teleop_holonomic:/home/situjet/Desktop/leo_common-ros2/install/leo_desktop:/home/situjet/Desktop/leo_common-ros2/install/leo_viz:/home/situjet/Desktop/leo_common-ros2/install/leo:/opt/ros/humble /home/situjet/.local/bin/cmake --install /home/situjet/Desktop/leo_common-ros2/build/leo
[2.823s] Level 1:colcon.colcon_core.environment:checking '/home/situjet/Desktop/leo_common-ros2/install/leo' for CMake module files
[2.823s] Level 1:colcon.colcon_core.environment:checking '/home/situjet/Desktop/leo_common-ros2/install/leo' for CMake config files
[2.823s] Level 1:colcon.colcon_core.shell:create_environment_hook('leo', 'cmake_prefix_path')
[2.839s] INFO:colcon.colcon_core.shell:Creating environment hook '/home/situjet/Desktop/leo_common-ros2/install/leo/share/leo/hook/cmake_prefix_path.ps1'
[2.840s] INFO:colcon.colcon_core.shell:Creating environment descriptor '/home/situjet/Desktop/leo_common-ros2/install/leo/share/leo/hook/cmake_prefix_path.dsv'
[2.840s] INFO:colcon.colcon_core.shell:Creating environment hook '/home/situjet/Desktop/leo_common-ros2/install/leo/share/leo/hook/cmake_prefix_path.sh'
[2.841s] Level 1:colcon.colcon_core.environment:checking '/home/situjet/Desktop/leo_common-ros2/install/leo/bin'
[2.841s] Level 1:colcon.colcon_core.environment:checking '/home/situjet/Desktop/leo_common-ros2/install/leo/lib/pkgconfig/leo.pc'
[2.841s] Level 1:colcon.colcon_core.environment:checking '/home/situjet/Desktop/leo_common-ros2/install/leo/lib/python3.10/site-packages'
[2.841s] Level 1:colcon.colcon_core.environment:checking '/home/situjet/Desktop/leo_common-ros2/install/leo/bin'
[2.857s] INFO:colcon.colcon_core.shell:Creating package script '/home/situjet/Desktop/leo_common-ros2/install/leo/share/leo/package.ps1'
[2.858s] INFO:colcon.colcon_core.shell:Creating package descriptor '/home/situjet/Desktop/leo_common-ros2/install/leo/share/leo/package.dsv'
[2.858s] INFO:colcon.colcon_core.shell:Creating package script '/home/situjet/Desktop/leo_common-ros2/install/leo/share/leo/package.sh'
[2.858s] INFO:colcon.colcon_core.shell:Creating package script '/home/situjet/Desktop/leo_common-ros2/install/leo/share/leo/package.bash'
[2.858s] INFO:colcon.colcon_core.shell:Creating package script '/home/situjet/Desktop/leo_common-ros2/install/leo/share/leo/package.zsh'
[2.859s] Level 1:colcon.colcon_core.environment:create_file_with_runtime_dependencies(/home/situjet/Desktop/leo_common-ros2/install/leo/share/colcon-core/packages/leo)
[2.909s] Level 1:colcon.colcon_core.environment:create_environment_scripts_only(leo)
[2.924s] Level 1:colcon.colcon_core.environment:checking '/home/situjet/Desktop/leo_common-ros2/install/leo' for CMake module files
[2.925s] Level 1:colcon.colcon_core.environment:checking '/home/situjet/Desktop/leo_common-ros2/install/leo' for CMake config files
[2.925s] Level 1:colcon.colcon_core.shell:create_environment_hook('leo', 'cmake_prefix_path')
[2.941s] INFO:colcon.colcon_core.shell:Creating environment hook '/home/situjet/Desktop/leo_common-ros2/install/leo/share/leo/hook/cmake_prefix_path.ps1'
[2.941s] INFO:colcon.colcon_core.shell:Creating environment descriptor '/home/situjet/Desktop/leo_common-ros2/install/leo/share/leo/hook/cmake_prefix_path.dsv'
[2.941s] INFO:colcon.colcon_core.shell:Creating environment hook '/home/situjet/Desktop/leo_common-ros2/install/leo/share/leo/hook/cmake_prefix_path.sh'
[2.942s] Level 1:colcon.colcon_core.environment:checking '/home/situjet/Desktop/leo_common-ros2/install/leo/bin'
[2.942s] Level 1:colcon.colcon_core.environment:checking '/home/situjet/Desktop/leo_common-ros2/install/leo/lib/pkgconfig/leo.pc'
[2.942s] Level 1:colcon.colcon_core.environment:checking '/home/situjet/Desktop/leo_common-ros2/install/leo/lib/python3.10/site-packages'
[2.942s] Level 1:colcon.colcon_core.environment:checking '/home/situjet/Desktop/leo_common-ros2/install/leo/bin'
[2.958s] INFO:colcon.colcon_core.shell:Creating package script '/home/situjet/Desktop/leo_common-ros2/install/leo/share/leo/package.ps1'
[2.958s] INFO:colcon.colcon_core.shell:Creating package descriptor '/home/situjet/Desktop/leo_common-ros2/install/leo/share/leo/package.dsv'
[2.958s] INFO:colcon.colcon_core.shell:Creating package script '/home/situjet/Desktop/leo_common-ros2/install/leo/share/leo/package.sh'
[2.959s] INFO:colcon.colcon_core.shell:Creating package script '/home/situjet/Desktop/leo_common-ros2/install/leo/share/leo/package.bash'
[2.959s] INFO:colcon.colcon_core.shell:Creating package script '/home/situjet/Desktop/leo_common-ros2/install/leo/share/leo/package.zsh'
[2.959s] Level 1:colcon.colcon_core.environment:create_file_with_runtime_dependencies(/home/situjet/Desktop/leo_common-ros2/install/leo/share/colcon-core/packages/leo)
[2.960s] INFO:colcon.colcon_ros.task.ament_cmake.build:Building ROS package in '/home/situjet/Desktop/leo_common-ros2/src/leo_desktop' with build type 'ament_cmake'
[2.960s] INFO:colcon.colcon_cmake.task.cmake.build:Building CMake package in '/home/situjet/Desktop/leo_common-ros2/src/leo_desktop'
[2.976s] INFO:colcon.colcon_core.shell:Skip shell extension 'powershell' for command environment: Not usable outside of PowerShell
[2.976s] DEBUG:colcon.colcon_core.shell:Skip shell extension 'dsv' for command environment
[3.033s] DEBUG:colcon.colcon_core.event_handler.log_command:Invoking command in '/home/situjet/Desktop/leo_common-ros2/build/leo_desktop': CMAKE_PREFIX_PATH=/home/situjet/Desktop/leo_common-ros2/install/leo_viz:/home/situjet/Desktop/leo_common-ros2/install/leo:/home/situjet/Desktop/leo_common-ros2/install/leo_teleop:/home/situjet/Desktop/leo_common-ros2/install/leo_msgs:/home/situjet/Desktop/leo_common-ros2/install/leo_description:/home/situjet/Desktop/leo_common-ros2/install/leo_teleop_holonomic:/home/situjet/Desktop/leo_common-ros2/install/leo_desktop:/opt/ros/humble /home/situjet/.local/bin/cmake --build /home/situjet/Desktop/leo_common-ros2/build/leo_desktop -- -j12 -l12
[3.068s] DEBUG:colcon.colcon_core.event_handler.log_command:Invoked command in '/home/situjet/Desktop/leo_common-ros2/build/leo_desktop' returned '0': CMAKE_PREFIX_PATH=/home/situjet/Desktop/leo_common-ros2/install/leo_viz:/home/situjet/Desktop/leo_common-ros2/install/leo:/home/situjet/Desktop/leo_common-ros2/install/leo_teleop:/home/situjet/Desktop/leo_common-ros2/install/leo_msgs:/home/situjet/Desktop/leo_common-ros2/install/leo_description:/home/situjet/Desktop/leo_common-ros2/install/leo_teleop_holonomic:/home/situjet/Desktop/leo_common-ros2/install/leo_desktop:/opt/ros/humble /home/situjet/.local/bin/cmake --build /home/situjet/Desktop/leo_common-ros2/build/leo_desktop -- -j12 -l12
[3.101s] DEBUG:colcon.colcon_core.event_handler.log_command:Invoking command in '/home/situjet/Desktop/leo_common-ros2/build/leo_desktop': CMAKE_PREFIX_PATH=/home/situjet/Desktop/leo_common-ros2/install/leo_viz:/home/situjet/Desktop/leo_common-ros2/install/leo:/home/situjet/Desktop/leo_common-ros2/install/leo_teleop:/home/situjet/Desktop/leo_common-ros2/install/leo_msgs:/home/situjet/Desktop/leo_common-ros2/install/leo_description:/home/situjet/Desktop/leo_common-ros2/install/leo_teleop_holonomic:/home/situjet/Desktop/leo_common-ros2/install/leo_desktop:/opt/ros/humble /home/situjet/.local/bin/cmake --install /home/situjet/Desktop/leo_common-ros2/build/leo_desktop
[3.131s] Level 1:colcon.colcon_core.environment:create_environment_scripts_only(leo_desktop)
[3.131s] DEBUG:colcon.colcon_core.event_handler.log_command:Invoked command in '/home/situjet/Desktop/leo_common-ros2/build/leo_desktop' returned '0': CMAKE_PREFIX_PATH=/home/situjet/Desktop/leo_common-ros2/install/leo_viz:/home/situjet/Desktop/leo_common-ros2/install/leo:/home/situjet/Desktop/leo_common-ros2/install/leo_teleop:/home/situjet/Desktop/leo_common-ros2/install/leo_msgs:/home/situjet/Desktop/leo_common-ros2/install/leo_description:/home/situjet/Desktop/leo_common-ros2/install/leo_teleop_holonomic:/home/situjet/Desktop/leo_common-ros2/install/leo_desktop:/opt/ros/humble /home/situjet/.local/bin/cmake --install /home/situjet/Desktop/leo_common-ros2/build/leo_desktop
[3.147s] Level 1:colcon.colcon_core.environment:checking '/home/situjet/Desktop/leo_common-ros2/install/leo_desktop' for CMake module files
[3.148s] Level 1:colcon.colcon_core.environment:checking '/home/situjet/Desktop/leo_common-ros2/install/leo_desktop' for CMake config files
[3.148s] Level 1:colcon.colcon_core.shell:create_environment_hook('leo_desktop', 'cmake_prefix_path')
[3.163s] INFO:colcon.colcon_core.shell:Creating environment hook '/home/situjet/Desktop/leo_common-ros2/install/leo_desktop/share/leo_desktop/hook/cmake_prefix_path.ps1'
[3.164s] INFO:colcon.colcon_core.shell:Creating environment descriptor '/home/situjet/Desktop/leo_common-ros2/install/leo_desktop/share/leo_desktop/hook/cmake_prefix_path.dsv'
[3.164s] INFO:colcon.colcon_core.shell:Creating environment hook '/home/situjet/Desktop/leo_common-ros2/install/leo_desktop/share/leo_desktop/hook/cmake_prefix_path.sh'
[3.164s] Level 1:colcon.colcon_core.environment:checking '/home/situjet/Desktop/leo_common-ros2/install/leo_desktop/bin'
[3.165s] Level 1:colcon.colcon_core.environment:checking '/home/situjet/Desktop/leo_common-ros2/install/leo_desktop/lib/pkgconfig/leo_desktop.pc'
[3.165s] Level 1:colcon.colcon_core.environment:checking '/home/situjet/Desktop/leo_common-ros2/install/leo_desktop/lib/python3.10/site-packages'
[3.165s] Level 1:colcon.colcon_core.environment:checking '/home/situjet/Desktop/leo_common-ros2/install/leo_desktop/bin'
[3.181s] INFO:colcon.colcon_core.shell:Creating package script '/home/situjet/Desktop/leo_common-ros2/install/leo_desktop/share/leo_desktop/package.ps1'
[3.181s] INFO:colcon.colcon_core.shell:Creating package descriptor '/home/situjet/Desktop/leo_common-ros2/install/leo_desktop/share/leo_desktop/package.dsv'
[3.182s] INFO:colcon.colcon_core.shell:Creating package script '/home/situjet/Desktop/leo_common-ros2/install/leo_desktop/share/leo_desktop/package.sh'
[3.182s] INFO:colcon.colcon_core.shell:Creating package script '/home/situjet/Desktop/leo_common-ros2/install/leo_desktop/share/leo_desktop/package.bash'
[3.182s] INFO:colcon.colcon_core.shell:Creating package script '/home/situjet/Desktop/leo_common-ros2/install/leo_desktop/share/leo_desktop/package.zsh'
[3.182s] Level 1:colcon.colcon_core.environment:create_file_with_runtime_dependencies(/home/situjet/Desktop/leo_common-ros2/install/leo_desktop/share/colcon-core/packages/leo_desktop)
[3.232s] Level 1:colcon.colcon_core.environment:create_environment_scripts_only(leo_desktop)
[3.248s] Level 1:colcon.colcon_core.environment:checking '/home/situjet/Desktop/leo_common-ros2/install/leo_desktop' for CMake module files
[3.248s] Level 1:colcon.colcon_core.environment:checking '/home/situjet/Desktop/leo_common-ros2/install/leo_desktop' for CMake config files
[3.248s] Level 1:colcon.colcon_core.shell:create_environment_hook('leo_desktop', 'cmake_prefix_path')
[3.264s] INFO:colcon.colcon_core.shell:Creating environment hook '/home/situjet/Desktop/leo_common-ros2/install/leo_desktop/share/leo_desktop/hook/cmake_prefix_path.ps1'
[3.265s] INFO:colcon.colcon_core.shell:Creating environment descriptor '/home/situjet/Desktop/leo_common-ros2/install/leo_desktop/share/leo_desktop/hook/cmake_prefix_path.dsv'
[3.265s] INFO:colcon.colcon_core.shell:Creating environment hook '/home/situjet/Desktop/leo_common-ros2/install/leo_desktop/share/leo_desktop/hook/cmake_prefix_path.sh'
[3.265s] Level 1:colcon.colcon_core.environment:checking '/home/situjet/Desktop/leo_common-ros2/install/leo_desktop/bin'
[3.265s] Level 1:colcon.colcon_core.environment:checking '/home/situjet/Desktop/leo_common-ros2/install/leo_desktop/lib/pkgconfig/leo_desktop.pc'
[3.266s] Level 1:colcon.colcon_core.environment:checking '/home/situjet/Desktop/leo_common-ros2/install/leo_desktop/lib/python3.10/site-packages'
[3.266s] Level 1:colcon.colcon_core.environment:checking '/home/situjet/Desktop/leo_common-ros2/install/leo_desktop/bin'
[3.282s] INFO:colcon.colcon_core.shell:Creating package script '/home/situjet/Desktop/leo_common-ros2/install/leo_desktop/share/leo_desktop/package.ps1'
[3.282s] INFO:colcon.colcon_core.shell:Creating package descriptor '/home/situjet/Desktop/leo_common-ros2/install/leo_desktop/share/leo_desktop/package.dsv'
[3.283s] INFO:colcon.colcon_core.shell:Creating package script '/home/situjet/Desktop/leo_common-ros2/install/leo_desktop/share/leo_desktop/package.sh'
[3.283s] INFO:colcon.colcon_core.shell:Creating package script '/home/situjet/Desktop/leo_common-ros2/install/leo_desktop/share/leo_desktop/package.bash'
[3.283s] INFO:colcon.colcon_core.shell:Creating package script '/home/situjet/Desktop/leo_common-ros2/install/leo_desktop/share/leo_desktop/package.zsh'
[3.284s] Level 1:colcon.colcon_core.environment:create_file_with_runtime_dependencies(/home/situjet/Desktop/leo_common-ros2/install/leo_desktop/share/colcon-core/packages/leo_desktop)
[3.284s] DEBUG:colcon.colcon_parallel_executor.executor.parallel:closing loop
[3.284s] DEBUG:colcon.colcon_parallel_executor.executor.parallel:loop closed
[3.284s] DEBUG:colcon.colcon_parallel_executor.executor.parallel:run_until_complete finished with '0'
[3.284s] DEBUG:colcon.colcon_core.event_reactor:joining thread
[3.308s] INFO:colcon.colcon_core.plugin_system:Skipping extension 'colcon_notification.desktop_notification.terminal_notifier': Not used on non-Darwin systems
[3.308s] INFO:colcon.colcon_core.plugin_system:Skipping extension 'colcon_notification.desktop_notification.win32': Not used on non-Windows systems
[3.308s] INFO:colcon.colcon_notification.desktop_notification:Sending desktop notification using 'notify2'
[3.317s] DEBUG:colcon.colcon_core.event_reactor:joined thread
[3.334s] INFO:colcon.colcon_core.shell:Creating prefix script '/home/situjet/Desktop/leo_common-ros2/install/local_setup.ps1'
[3.335s] INFO:colcon.colcon_core.shell:Creating prefix util module '/home/situjet/Desktop/leo_common-ros2/install/_local_setup_util_ps1.py'
[3.336s] INFO:colcon.colcon_core.shell:Creating prefix chain script '/home/situjet/Desktop/leo_common-ros2/install/setup.ps1'
[3.353s] INFO:colcon.colcon_core.shell:Creating prefix script '/home/situjet/Desktop/leo_common-ros2/install/local_setup.sh'
[3.353s] INFO:colcon.colcon_core.shell:Creating prefix util module '/home/situjet/Desktop/leo_common-ros2/install/_local_setup_util_sh.py'
[3.353s] INFO:colcon.colcon_core.shell:Creating prefix chain script '/home/situjet/Desktop/leo_common-ros2/install/setup.sh'
[3.370s] INFO:colcon.colcon_core.shell:Creating prefix script '/home/situjet/Desktop/leo_common-ros2/install/local_setup.bash'
[3.371s] INFO:colcon.colcon_core.shell:Creating prefix chain script '/home/situjet/Desktop/leo_common-ros2/install/setup.bash'
[3.387s] INFO:colcon.colcon_core.shell:Creating prefix script '/home/situjet/Desktop/leo_common-ros2/install/local_setup.zsh'
[3.388s] INFO:colcon.colcon_core.shell:Creating prefix chain script '/home/situjet/Desktop/leo_common-ros2/install/setup.zsh'
