[4.953s] Invoking command in '/home/pi/LeoRover-SLAM-ROS2/leo_common-ros2/build/leo_msgs': CMAKE_PREFIX_PATH=${CMAKE_PREFIX_PATH}:/home/pi/LeoRover-SLAM-ROS2/leo_common-ros2/install/programmed_drive:/opt/ros/humble /usr/bin/cmake --build /home/pi/LeoRover-SLAM-ROS2/leo_common-ros2/build/leo_msgs -- -j4 -l4
[5.874s] [35m[1mConsolidate compiler generated dependencies of target leo_msgs__rosidl_generator_c[0m
[6.135s] [ 11%] Built target leo_msgs__rosidl_generator_c
[6.984s] [ 11%] Built target ament_cmake_python_copy_leo_msgs
[7.416s] [35m[1mConsolidate compiler generated dependencies of target leo_msgs__rosidl_typesupport_introspection_c[0m
[7.863s] [ 22%] Built target leo_msgs__rosidl_typesupport_introspection_c
[8.019s] [35m[1mConsolidate compiler generated dependencies of target leo_msgs__rosidl_typesupport_c[0m
[8.248s] [ 33%] Built target leo_msgs__rosidl_typesupport_c
[15.455s] running egg_info
[15.481s] writing leo_msgs.egg-info/PKG-INFO
[15.489s] writing dependency_links to leo_msgs.egg-info/dependency_links.txt
[15.496s] writing top-level names to leo_msgs.egg-info/top_level.txt
[15.562s] reading manifest file 'leo_msgs.egg-info/SOURCES.txt'
[15.591s] writing manifest file 'leo_msgs.egg-info/SOURCES.txt'
[16.399s] [ 33%] Built target ament_cmake_python_build_leo_msgs_egg
[16.835s] [35m[1mConsolidate compiler generated dependencies of target leo_msgs__rosidl_typesupport_fastrtps_c[0m
[17.184s] [ 44%] Built target leo_msgs__rosidl_typesupport_fastrtps_c
[17.607s] [ 46%] Built target leo_msgs__cpp
[17.861s] [35m[1mConsolidate compiler generated dependencies of target leo_msgs__rosidl_typesupport_fastrtps_cpp[0m
[18.356s] [ 57%] Built target leo_msgs__rosidl_typesupport_fastrtps_cpp
[18.707s] [35m[1mConsolidate compiler generated dependencies of target leo_msgs__rosidl_typesupport_cpp[0m
[18.996s] [ 68%] Built target leo_msgs__rosidl_typesupport_cpp
[19.169s] [35m[1mConsolidate compiler generated dependencies of target leo_msgs__rosidl_typesupport_introspection_cpp[0m
[19.677s] [ 79%] Built target leo_msgs__rosidl_typesupport_introspection_cpp
[20.267s] [ 79%] Built target leo_msgs
[20.698s] [ 80%] Built target leo_msgs__py
[20.884s] [35m[1mConsolidate compiler generated dependencies of target leo_msgs__rosidl_generator_py[0m
[21.592s] [ 90%] Built target leo_msgs__rosidl_generator_py
[21.907s] [35m[1mConsolidate compiler generated dependencies of target leo_msgs__rosidl_typesupport_fastrtps_c__pyext[0m
[22.184s] [ 93%] Built target leo_msgs__rosidl_typesupport_fastrtps_c__pyext
[22.323s] [35m[1mConsolidate compiler generated dependencies of target leo_msgs__rosidl_typesupport_c__pyext[0m
[22.557s] [ 96%] Built target leo_msgs__rosidl_typesupport_c__pyext
[22.843s] [35m[1mConsolidate compiler generated dependencies of target leo_msgs__rosidl_typesupport_introspection_c__pyext[0m
[23.187s] [100%] Built target leo_msgs__rosidl_typesupport_introspection_c__pyext
[25.374s] Invoked command in '/home/pi/LeoRover-SLAM-ROS2/leo_common-ros2/build/leo_msgs' returned '0': CMAKE_PREFIX_PATH=${CMAKE_PREFIX_PATH}:/home/pi/LeoRover-SLAM-ROS2/leo_common-ros2/install/programmed_drive:/opt/ros/humble /usr/bin/cmake --build /home/pi/LeoRover-SLAM-ROS2/leo_common-ros2/build/leo_msgs -- -j4 -l4
[31.640s] Invoking command in '/home/pi/LeoRover-SLAM-ROS2/leo_common-ros2/build/leo_msgs': CMAKE_PREFIX_PATH=${CMAKE_PREFIX_PATH}:/home/pi/LeoRover-SLAM-ROS2/leo_common-ros2/install/programmed_drive:/opt/ros/humble /usr/bin/cmake --install /home/pi/LeoRover-SLAM-ROS2/leo_common-ros2/build/leo_msgs
[31.698s] -- Install configuration: ""
[31.699s] -- Up-to-date: /home/pi/LeoRover-SLAM-ROS2/leo_common-ros2/install/leo_msgs/share/ament_index/resource_index/rosidl_interfaces/leo_msgs
[31.701s] -- Up-to-date: /home/pi/LeoRover-SLAM-ROS2/leo_common-ros2/install/leo_msgs/include/leo_msgs/leo_msgs
[31.703s] -- Up-to-date: /home/pi/LeoRover-SLAM-ROS2/leo_common-ros2/install/leo_msgs/include/leo_msgs/leo_msgs/msg
[31.705s] -- Up-to-date: /home/pi/LeoRover-SLAM-ROS2/leo_common-ros2/install/leo_msgs/include/leo_msgs/leo_msgs/msg/imu.h
[31.706s] -- Up-to-date: /home/pi/LeoRover-SLAM-ROS2/leo_common-ros2/install/leo_msgs/include/leo_msgs/leo_msgs/msg/detail
[31.706s] -- Up-to-date: /home/pi/LeoRover-SLAM-ROS2/leo_common-ros2/install/leo_msgs/include/leo_msgs/leo_msgs/msg/detail/wheel_states__type_support.h
[31.707s] -- Up-to-date: /home/pi/LeoRover-SLAM-ROS2/leo_common-ros2/install/leo_msgs/include/leo_msgs/leo_msgs/msg/detail/wheel_states__functions.c
[31.712s] -- Up-to-date: /home/pi/LeoRover-SLAM-ROS2/leo_common-ros2/install/leo_msgs/include/leo_msgs/leo_msgs/msg/detail/wheel_states__functions.h
[31.719s] -- Up-to-date: /home/pi/LeoRover-SLAM-ROS2/leo_common-ros2/install/leo_msgs/include/leo_msgs/leo_msgs/msg/detail/wheel_odom__functions.c
[31.728s] -- Up-to-date: /home/pi/LeoRover-SLAM-ROS2/leo_common-ros2/install/leo_msgs/include/leo_msgs/leo_msgs/msg/detail/wheel_odom_mecanum__struct.h
[31.730s] -- Up-to-date: /home/pi/LeoRover-SLAM-ROS2/leo_common-ros2/install/leo_msgs/include/leo_msgs/leo_msgs/msg/detail/wheel_odom__struct.h
[31.736s] -- Up-to-date: /home/pi/LeoRover-SLAM-ROS2/leo_common-ros2/install/leo_msgs/include/leo_msgs/leo_msgs/msg/detail/wheel_odom__functions.h
[31.738s] -- Up-to-date: /home/pi/LeoRover-SLAM-ROS2/leo_common-ros2/install/leo_msgs/include/leo_msgs/leo_msgs/msg/detail/imu__functions.c
[31.740s] -- Up-to-date: /home/pi/LeoRover-SLAM-ROS2/leo_common-ros2/install/leo_msgs/include/leo_msgs/leo_msgs/msg/detail/imu__type_support.h
[31.741s] -- Up-to-date: /home/pi/LeoRover-SLAM-ROS2/leo_common-ros2/install/leo_msgs/include/leo_msgs/leo_msgs/msg/detail/wheel_odom__type_support.h
[31.759s] -- Up-to-date: /home/pi/LeoRover-SLAM-ROS2/leo_common-ros2/install/leo_msgs/include/leo_msgs/leo_msgs/msg/detail/wheel_odom_mecanum__functions.c
[31.760s] -- Up-to-date: /home/pi/LeoRover-SLAM-ROS2/leo_common-ros2/install/leo_msgs/include/leo_msgs/leo_msgs/msg/detail/imu__struct.h
[31.762s] -- Up-to-date: /home/pi/LeoRover-SLAM-ROS2/leo_common-ros2/install/leo_msgs/include/leo_msgs/leo_msgs/msg/detail/wheel_odom_mecanum__type_support.h
[31.774s] -- Up-to-date: /home/pi/LeoRover-SLAM-ROS2/leo_common-ros2/install/leo_msgs/include/leo_msgs/leo_msgs/msg/detail/imu__functions.h
[31.782s] -- Up-to-date: /home/pi/LeoRover-SLAM-ROS2/leo_common-ros2/install/leo_msgs/include/leo_msgs/leo_msgs/msg/detail/wheel_odom_mecanum__functions.h
[31.794s] -- Up-to-date: /home/pi/LeoRover-SLAM-ROS2/leo_common-ros2/install/leo_msgs/include/leo_msgs/leo_msgs/msg/detail/wheel_states__struct.h
[31.798s] -- Up-to-date: /home/pi/LeoRover-SLAM-ROS2/leo_common-ros2/install/leo_msgs/include/leo_msgs/leo_msgs/msg/wheel_odom.h
[31.799s] -- Up-to-date: /home/pi/LeoRover-SLAM-ROS2/leo_common-ros2/install/leo_msgs/include/leo_msgs/leo_msgs/msg/wheel_states.h
[31.807s] -- Up-to-date: /home/pi/LeoRover-SLAM-ROS2/leo_common-ros2/install/leo_msgs/include/leo_msgs/leo_msgs/msg/rosidl_generator_c__visibility_control.h
[31.808s] -- Up-to-date: /home/pi/LeoRover-SLAM-ROS2/leo_common-ros2/install/leo_msgs/include/leo_msgs/leo_msgs/msg/wheel_odom_mecanum.h
[31.825s] -- Up-to-date: /home/pi/LeoRover-SLAM-ROS2/leo_common-ros2/install/leo_msgs/include/leo_msgs/leo_msgs/srv
[31.829s] -- Up-to-date: /home/pi/LeoRover-SLAM-ROS2/leo_common-ros2/install/leo_msgs/include/leo_msgs/leo_msgs/srv/detail
[31.841s] -- Up-to-date: /home/pi/LeoRover-SLAM-ROS2/leo_common-ros2/install/leo_msgs/include/leo_msgs/leo_msgs/srv/detail/set_imu_calibration__functions.c
[31.843s] -- Up-to-date: /home/pi/LeoRover-SLAM-ROS2/leo_common-ros2/install/leo_msgs/include/leo_msgs/leo_msgs/srv/detail/set_imu_calibration__struct.h
[31.844s] -- Up-to-date: /home/pi/LeoRover-SLAM-ROS2/leo_common-ros2/install/leo_msgs/include/leo_msgs/leo_msgs/srv/detail/set_imu_calibration__functions.h
[31.845s] -- Up-to-date: /home/pi/LeoRover-SLAM-ROS2/leo_common-ros2/install/leo_msgs/include/leo_msgs/leo_msgs/srv/detail/set_imu_calibration__type_support.h
[31.847s] -- Up-to-date: /home/pi/LeoRover-SLAM-ROS2/leo_common-ros2/install/leo_msgs/include/leo_msgs/leo_msgs/srv/set_imu_calibration.h
[31.853s] -- Up-to-date: /home/pi/LeoRover-SLAM-ROS2/leo_common-ros2/install/leo_msgs/share/leo_msgs/environment/library_path.sh
[31.854s] -- Up-to-date: /home/pi/LeoRover-SLAM-ROS2/leo_common-ros2/install/leo_msgs/share/leo_msgs/environment/library_path.dsv
[31.868s] -- Up-to-date: /home/pi/LeoRover-SLAM-ROS2/leo_common-ros2/install/leo_msgs/lib/libleo_msgs__rosidl_generator_c.so
[31.869s] -- Up-to-date: /home/pi/LeoRover-SLAM-ROS2/leo_common-ros2/install/leo_msgs/include/leo_msgs/leo_msgs
[31.871s] -- Up-to-date: /home/pi/LeoRover-SLAM-ROS2/leo_common-ros2/install/leo_msgs/include/leo_msgs/leo_msgs/msg
[31.872s] -- Up-to-date: /home/pi/LeoRover-SLAM-ROS2/leo_common-ros2/install/leo_msgs/include/leo_msgs/leo_msgs/msg/detail
[31.873s] -- Up-to-date: /home/pi/LeoRover-SLAM-ROS2/leo_common-ros2/install/leo_msgs/include/leo_msgs/leo_msgs/msg/detail/wheel_odom__rosidl_typesupport_fastrtps_c.h
[31.874s] -- Up-to-date: /home/pi/LeoRover-SLAM-ROS2/leo_common-ros2/install/leo_msgs/include/leo_msgs/leo_msgs/msg/detail/wheel_odom_mecanum__rosidl_typesupport_fastrtps_c.h
[31.877s] -- Up-to-date: /home/pi/LeoRover-SLAM-ROS2/leo_common-ros2/install/leo_msgs/include/leo_msgs/leo_msgs/msg/detail/wheel_states__rosidl_typesupport_fastrtps_c.h
[31.889s] -- Up-to-date: /home/pi/LeoRover-SLAM-ROS2/leo_common-ros2/install/leo_msgs/include/leo_msgs/leo_msgs/msg/detail/imu__rosidl_typesupport_fastrtps_c.h
[31.893s] -- Up-to-date: /home/pi/LeoRover-SLAM-ROS2/leo_common-ros2/install/leo_msgs/include/leo_msgs/leo_msgs/msg/rosidl_typesupport_fastrtps_c__visibility_control.h
[31.894s] -- Up-to-date: /home/pi/LeoRover-SLAM-ROS2/leo_common-ros2/install/leo_msgs/include/leo_msgs/leo_msgs/srv
[31.896s] -- Up-to-date: /home/pi/LeoRover-SLAM-ROS2/leo_common-ros2/install/leo_msgs/include/leo_msgs/leo_msgs/srv/detail
[31.906s] -- Up-to-date: /home/pi/LeoRover-SLAM-ROS2/leo_common-ros2/install/leo_msgs/include/leo_msgs/leo_msgs/srv/detail/set_imu_calibration__rosidl_typesupport_fastrtps_c.h
[31.908s] -- Up-to-date: /home/pi/LeoRover-SLAM-ROS2/leo_common-ros2/install/leo_msgs/lib/libleo_msgs__rosidl_typesupport_fastrtps_c.so
[31.910s] -- Up-to-date: /home/pi/LeoRover-SLAM-ROS2/leo_common-ros2/install/leo_msgs/include/leo_msgs/leo_msgs
[31.911s] -- Up-to-date: /home/pi/LeoRover-SLAM-ROS2/leo_common-ros2/install/leo_msgs/include/leo_msgs/leo_msgs/msg
[31.912s] -- Up-to-date: /home/pi/LeoRover-SLAM-ROS2/leo_common-ros2/install/leo_msgs/include/leo_msgs/leo_msgs/msg/detail
[31.913s] -- Up-to-date: /home/pi/LeoRover-SLAM-ROS2/leo_common-ros2/install/leo_msgs/include/leo_msgs/leo_msgs/msg/detail/wheel_states__rosidl_typesupport_introspection_c.h
[31.921s] -- Up-to-date: /home/pi/LeoRover-SLAM-ROS2/leo_common-ros2/install/leo_msgs/include/leo_msgs/leo_msgs/msg/detail/imu__type_support.c
[31.923s] -- Up-to-date: /home/pi/LeoRover-SLAM-ROS2/leo_common-ros2/install/leo_msgs/include/leo_msgs/leo_msgs/msg/detail/wheel_odom__type_support.c
[31.924s] -- Up-to-date: /home/pi/LeoRover-SLAM-ROS2/leo_common-ros2/install/leo_msgs/include/leo_msgs/leo_msgs/msg/detail/wheel_odom_mecanum__rosidl_typesupport_introspection_c.h
[31.934s] -- Up-to-date: /home/pi/LeoRover-SLAM-ROS2/leo_common-ros2/install/leo_msgs/include/leo_msgs/leo_msgs/msg/detail/wheel_odom_mecanum__type_support.c
[31.936s] -- Up-to-date: /home/pi/LeoRover-SLAM-ROS2/leo_common-ros2/install/leo_msgs/include/leo_msgs/leo_msgs/msg/detail/wheel_odom__rosidl_typesupport_introspection_c.h
[31.939s] -- Up-to-date: /home/pi/LeoRover-SLAM-ROS2/leo_common-ros2/install/leo_msgs/include/leo_msgs/leo_msgs/msg/detail/imu__rosidl_typesupport_introspection_c.h
[31.950s] -- Up-to-date: /home/pi/LeoRover-SLAM-ROS2/leo_common-ros2/install/leo_msgs/include/leo_msgs/leo_msgs/msg/detail/wheel_states__type_support.c
[31.951s] -- Up-to-date: /home/pi/LeoRover-SLAM-ROS2/leo_common-ros2/install/leo_msgs/include/leo_msgs/leo_msgs/msg/rosidl_typesupport_introspection_c__visibility_control.h
[31.952s] -- Up-to-date: /home/pi/LeoRover-SLAM-ROS2/leo_common-ros2/install/leo_msgs/include/leo_msgs/leo_msgs/srv
[31.954s] -- Up-to-date: /home/pi/LeoRover-SLAM-ROS2/leo_common-ros2/install/leo_msgs/include/leo_msgs/leo_msgs/srv/detail
[31.961s] -- Up-to-date: /home/pi/LeoRover-SLAM-ROS2/leo_common-ros2/install/leo_msgs/include/leo_msgs/leo_msgs/srv/detail/set_imu_calibration__rosidl_typesupport_introspection_c.h
[31.963s] -- Up-to-date: /home/pi/LeoRover-SLAM-ROS2/leo_common-ros2/install/leo_msgs/include/leo_msgs/leo_msgs/srv/detail/set_imu_calibration__type_support.c
[31.966s] -- Up-to-date: /home/pi/LeoRover-SLAM-ROS2/leo_common-ros2/install/leo_msgs/lib/libleo_msgs__rosidl_typesupport_introspection_c.so
[31.978s] -- Up-to-date: /home/pi/LeoRover-SLAM-ROS2/leo_common-ros2/install/leo_msgs/lib/libleo_msgs__rosidl_typesupport_c.so
[31.981s] -- Up-to-date: /home/pi/LeoRover-SLAM-ROS2/leo_common-ros2/install/leo_msgs/include/leo_msgs/leo_msgs
[31.983s] -- Up-to-date: /home/pi/LeoRover-SLAM-ROS2/leo_common-ros2/install/leo_msgs/include/leo_msgs/leo_msgs/msg
[31.989s] -- Up-to-date: /home/pi/LeoRover-SLAM-ROS2/leo_common-ros2/install/leo_msgs/include/leo_msgs/leo_msgs/msg/wheel_odom_mecanum.hpp
[31.990s] -- Up-to-date: /home/pi/LeoRover-SLAM-ROS2/leo_common-ros2/install/leo_msgs/include/leo_msgs/leo_msgs/msg/detail
[31.997s] -- Up-to-date: /home/pi/LeoRover-SLAM-ROS2/leo_common-ros2/install/leo_msgs/include/leo_msgs/leo_msgs/msg/detail/wheel_odom_mecanum__builder.hpp
[31.999s] -- Up-to-date: /home/pi/LeoRover-SLAM-ROS2/leo_common-ros2/install/leo_msgs/include/leo_msgs/leo_msgs/msg/detail/wheel_odom_mecanum__traits.hpp
[32.003s] -- Up-to-date: /home/pi/LeoRover-SLAM-ROS2/leo_common-ros2/install/leo_msgs/include/leo_msgs/leo_msgs/msg/detail/wheel_odom__builder.hpp
[32.004s] -- Up-to-date: /home/pi/LeoRover-SLAM-ROS2/leo_common-ros2/install/leo_msgs/include/leo_msgs/leo_msgs/msg/detail/wheel_odom_mecanum__struct.hpp
[32.012s] -- Up-to-date: /home/pi/LeoRover-SLAM-ROS2/leo_common-ros2/install/leo_msgs/include/leo_msgs/leo_msgs/msg/detail/wheel_odom__struct.hpp
[32.014s] -- Up-to-date: /home/pi/LeoRover-SLAM-ROS2/leo_common-ros2/install/leo_msgs/include/leo_msgs/leo_msgs/msg/detail/imu__struct.hpp
[32.023s] -- Up-to-date: /home/pi/LeoRover-SLAM-ROS2/leo_common-ros2/install/leo_msgs/include/leo_msgs/leo_msgs/msg/detail/wheel_odom__traits.hpp
[32.024s] -- Up-to-date: /home/pi/LeoRover-SLAM-ROS2/leo_common-ros2/install/leo_msgs/include/leo_msgs/leo_msgs/msg/detail/imu__builder.hpp
[32.025s] -- Up-to-date: /home/pi/LeoRover-SLAM-ROS2/leo_common-ros2/install/leo_msgs/include/leo_msgs/leo_msgs/msg/detail/wheel_states__traits.hpp
[32.039s] -- Up-to-date: /home/pi/LeoRover-SLAM-ROS2/leo_common-ros2/install/leo_msgs/include/leo_msgs/leo_msgs/msg/detail/wheel_states__builder.hpp
[32.041s] -- Up-to-date: /home/pi/LeoRover-SLAM-ROS2/leo_common-ros2/install/leo_msgs/include/leo_msgs/leo_msgs/msg/detail/wheel_states__struct.hpp
[32.043s] -- Up-to-date: /home/pi/LeoRover-SLAM-ROS2/leo_common-ros2/install/leo_msgs/include/leo_msgs/leo_msgs/msg/detail/imu__traits.hpp
[32.045s] -- Up-to-date: /home/pi/LeoRover-SLAM-ROS2/leo_common-ros2/install/leo_msgs/include/leo_msgs/leo_msgs/msg/wheel_states.hpp
[32.048s] -- Up-to-date: /home/pi/LeoRover-SLAM-ROS2/leo_common-ros2/install/leo_msgs/include/leo_msgs/leo_msgs/msg/wheel_odom.hpp
[32.056s] -- Up-to-date: /home/pi/LeoRover-SLAM-ROS2/leo_common-ros2/install/leo_msgs/include/leo_msgs/leo_msgs/msg/imu.hpp
[32.058s] -- Up-to-date: /home/pi/LeoRover-SLAM-ROS2/leo_common-ros2/install/leo_msgs/include/leo_msgs/leo_msgs/srv
[32.060s] -- Up-to-date: /home/pi/LeoRover-SLAM-ROS2/leo_common-ros2/install/leo_msgs/include/leo_msgs/leo_msgs/srv/detail
[32.067s] -- Up-to-date: /home/pi/LeoRover-SLAM-ROS2/leo_common-ros2/install/leo_msgs/include/leo_msgs/leo_msgs/srv/detail/set_imu_calibration__builder.hpp
[32.069s] -- Up-to-date: /home/pi/LeoRover-SLAM-ROS2/leo_common-ros2/install/leo_msgs/include/leo_msgs/leo_msgs/srv/detail/set_imu_calibration__traits.hpp
[32.070s] -- Up-to-date: /home/pi/LeoRover-SLAM-ROS2/leo_common-ros2/install/leo_msgs/include/leo_msgs/leo_msgs/srv/detail/set_imu_calibration__struct.hpp
[32.080s] -- Up-to-date: /home/pi/LeoRover-SLAM-ROS2/leo_common-ros2/install/leo_msgs/include/leo_msgs/leo_msgs/srv/set_imu_calibration.hpp
[32.082s] -- Up-to-date: /home/pi/LeoRover-SLAM-ROS2/leo_common-ros2/install/leo_msgs/include/leo_msgs/leo_msgs
[32.084s] -- Up-to-date: /home/pi/LeoRover-SLAM-ROS2/leo_common-ros2/install/leo_msgs/include/leo_msgs/leo_msgs/msg
[32.085s] -- Up-to-date: /home/pi/LeoRover-SLAM-ROS2/leo_common-ros2/install/leo_msgs/include/leo_msgs/leo_msgs/msg/detail
[32.094s] -- Up-to-date: /home/pi/LeoRover-SLAM-ROS2/leo_common-ros2/install/leo_msgs/include/leo_msgs/leo_msgs/msg/detail/wheel_odom_mecanum__rosidl_typesupport_fastrtps_cpp.hpp
[32.096s] -- Up-to-date: /home/pi/LeoRover-SLAM-ROS2/leo_common-ros2/install/leo_msgs/include/leo_msgs/leo_msgs/msg/detail/dds_fastrtps
[32.098s] -- Up-to-date: /home/pi/LeoRover-SLAM-ROS2/leo_common-ros2/install/leo_msgs/include/leo_msgs/leo_msgs/msg/detail/wheel_states__rosidl_typesupport_fastrtps_cpp.hpp
[32.108s] -- Up-to-date: /home/pi/LeoRover-SLAM-ROS2/leo_common-ros2/install/leo_msgs/include/leo_msgs/leo_msgs/msg/detail/wheel_odom__rosidl_typesupport_fastrtps_cpp.hpp
[32.110s] -- Up-to-date: /home/pi/LeoRover-SLAM-ROS2/leo_common-ros2/install/leo_msgs/include/leo_msgs/leo_msgs/msg/detail/imu__rosidl_typesupport_fastrtps_cpp.hpp
[32.111s] -- Up-to-date: /home/pi/LeoRover-SLAM-ROS2/leo_common-ros2/install/leo_msgs/include/leo_msgs/leo_msgs/msg/rosidl_typesupport_fastrtps_cpp__visibility_control.h
[32.117s] -- Up-to-date: /home/pi/LeoRover-SLAM-ROS2/leo_common-ros2/install/leo_msgs/include/leo_msgs/leo_msgs/srv
[32.118s] -- Up-to-date: /home/pi/LeoRover-SLAM-ROS2/leo_common-ros2/install/leo_msgs/include/leo_msgs/leo_msgs/srv/detail
[32.119s] -- Up-to-date: /home/pi/LeoRover-SLAM-ROS2/leo_common-ros2/install/leo_msgs/include/leo_msgs/leo_msgs/srv/detail/set_imu_calibration__rosidl_typesupport_fastrtps_cpp.hpp
[32.120s] -- Up-to-date: /home/pi/LeoRover-SLAM-ROS2/leo_common-ros2/install/leo_msgs/include/leo_msgs/leo_msgs/srv/detail/dds_fastrtps
[32.128s] -- Up-to-date: /home/pi/LeoRover-SLAM-ROS2/leo_common-ros2/install/leo_msgs/lib/libleo_msgs__rosidl_typesupport_fastrtps_cpp.so
[32.130s] -- Up-to-date: /home/pi/LeoRover-SLAM-ROS2/leo_common-ros2/install/leo_msgs/include/leo_msgs/leo_msgs
[32.139s] -- Up-to-date: /home/pi/LeoRover-SLAM-ROS2/leo_common-ros2/install/leo_msgs/include/leo_msgs/leo_msgs/msg
[32.141s] -- Up-to-date: /home/pi/LeoRover-SLAM-ROS2/leo_common-ros2/install/leo_msgs/include/leo_msgs/leo_msgs/msg/detail
[32.149s] -- Up-to-date: /home/pi/LeoRover-SLAM-ROS2/leo_common-ros2/install/leo_msgs/include/leo_msgs/leo_msgs/msg/detail/wheel_odom__type_support.cpp
[32.150s] -- Up-to-date: /home/pi/LeoRover-SLAM-ROS2/leo_common-ros2/install/leo_msgs/include/leo_msgs/leo_msgs/msg/detail/wheel_odom_mecanum__rosidl_typesupport_introspection_cpp.hpp
[32.152s] -- Up-to-date: /home/pi/LeoRover-SLAM-ROS2/leo_common-ros2/install/leo_msgs/include/leo_msgs/leo_msgs/msg/detail/wheel_odom__rosidl_typesupport_introspection_cpp.hpp
[32.153s] -- Up-to-date: /home/pi/LeoRover-SLAM-ROS2/leo_common-ros2/install/leo_msgs/include/leo_msgs/leo_msgs/msg/detail/wheel_states__type_support.cpp
[32.157s] -- Up-to-date: /home/pi/LeoRover-SLAM-ROS2/leo_common-ros2/install/leo_msgs/include/leo_msgs/leo_msgs/msg/detail/wheel_odom_mecanum__type_support.cpp
[32.161s] -- Up-to-date: /home/pi/LeoRover-SLAM-ROS2/leo_common-ros2/install/leo_msgs/include/leo_msgs/leo_msgs/msg/detail/wheel_states__rosidl_typesupport_introspection_cpp.hpp
[32.163s] -- Up-to-date: /home/pi/LeoRover-SLAM-ROS2/leo_common-ros2/install/leo_msgs/include/leo_msgs/leo_msgs/msg/detail/imu__rosidl_typesupport_introspection_cpp.hpp
[32.164s] -- Up-to-date: /home/pi/LeoRover-SLAM-ROS2/leo_common-ros2/install/leo_msgs/include/leo_msgs/leo_msgs/msg/detail/imu__type_support.cpp
[32.165s] -- Up-to-date: /home/pi/LeoRover-SLAM-ROS2/leo_common-ros2/install/leo_msgs/include/leo_msgs/leo_msgs/srv
[32.171s] -- Up-to-date: /home/pi/LeoRover-SLAM-ROS2/leo_common-ros2/install/leo_msgs/include/leo_msgs/leo_msgs/srv/detail
[32.173s] -- Up-to-date: /home/pi/LeoRover-SLAM-ROS2/leo_common-ros2/install/leo_msgs/include/leo_msgs/leo_msgs/srv/detail/set_imu_calibration__type_support.cpp
[32.174s] -- Up-to-date: /home/pi/LeoRover-SLAM-ROS2/leo_common-ros2/install/leo_msgs/include/leo_msgs/leo_msgs/srv/detail/set_imu_calibration__rosidl_typesupport_introspection_cpp.hpp
[32.176s] -- Up-to-date: /home/pi/LeoRover-SLAM-ROS2/leo_common-ros2/install/leo_msgs/lib/libleo_msgs__rosidl_typesupport_introspection_cpp.so
[32.177s] -- Up-to-date: /home/pi/LeoRover-SLAM-ROS2/leo_common-ros2/install/leo_msgs/lib/libleo_msgs__rosidl_typesupport_cpp.so
[32.179s] -- Up-to-date: /home/pi/LeoRover-SLAM-ROS2/leo_common-ros2/install/leo_msgs/share/leo_msgs/environment/pythonpath.sh
[32.185s] -- Up-to-date: /home/pi/LeoRover-SLAM-ROS2/leo_common-ros2/install/leo_msgs/share/leo_msgs/environment/pythonpath.dsv
[32.187s] -- Up-to-date: /home/pi/LeoRover-SLAM-ROS2/leo_common-ros2/install/leo_msgs/local/lib/python3.10/dist-packages/leo_msgs-1.1.0-py3.10.egg-info
[32.189s] -- Installing: /home/pi/LeoRover-SLAM-ROS2/leo_common-ros2/install/leo_msgs/local/lib/python3.10/dist-packages/leo_msgs-1.1.0-py3.10.egg-info/dependency_links.txt
[32.201s] -- Installing: /home/pi/LeoRover-SLAM-ROS2/leo_common-ros2/install/leo_msgs/local/lib/python3.10/dist-packages/leo_msgs-1.1.0-py3.10.egg-info/SOURCES.txt
[32.209s] -- Installing: /home/pi/LeoRover-SLAM-ROS2/leo_common-ros2/install/leo_msgs/local/lib/python3.10/dist-packages/leo_msgs-1.1.0-py3.10.egg-info/top_level.txt
[32.227s] -- Installing: /home/pi/LeoRover-SLAM-ROS2/leo_common-ros2/install/leo_msgs/local/lib/python3.10/dist-packages/leo_msgs-1.1.0-py3.10.egg-info/PKG-INFO
[32.244s] -- Up-to-date: /home/pi/LeoRover-SLAM-ROS2/leo_common-ros2/install/leo_msgs/local/lib/python3.10/dist-packages/leo_msgs
[32.248s] -- Up-to-date: /home/pi/LeoRover-SLAM-ROS2/leo_common-ros2/install/leo_msgs/local/lib/python3.10/dist-packages/leo_msgs/_leo_msgs_s.ep.rosidl_typesupport_fastrtps_c.c
[32.250s] -- Up-to-date: /home/pi/LeoRover-SLAM-ROS2/leo_common-ros2/install/leo_msgs/local/lib/python3.10/dist-packages/leo_msgs/msg
[32.253s] -- Up-to-date: /home/pi/LeoRover-SLAM-ROS2/leo_common-ros2/install/leo_msgs/local/lib/python3.10/dist-packages/leo_msgs/msg/_wheel_states_s.c
[32.258s] -- Up-to-date: /home/pi/LeoRover-SLAM-ROS2/leo_common-ros2/install/leo_msgs/local/lib/python3.10/dist-packages/leo_msgs/msg/_wheel_odom_s.c
[32.268s] -- Up-to-date: /home/pi/LeoRover-SLAM-ROS2/leo_common-ros2/install/leo_msgs/local/lib/python3.10/dist-packages/leo_msgs/msg/_imu_s.c
[32.279s] -- Up-to-date: /home/pi/LeoRover-SLAM-ROS2/leo_common-ros2/install/leo_msgs/local/lib/python3.10/dist-packages/leo_msgs/msg/_wheel_odom_mecanum_s.c
[32.282s] -- Up-to-date: /home/pi/LeoRover-SLAM-ROS2/leo_common-ros2/install/leo_msgs/local/lib/python3.10/dist-packages/leo_msgs/msg/_imu.py
[32.283s] -- Up-to-date: /home/pi/LeoRover-SLAM-ROS2/leo_common-ros2/install/leo_msgs/local/lib/python3.10/dist-packages/leo_msgs/msg/_wheel_states.py
[32.284s] -- Up-to-date: /home/pi/LeoRover-SLAM-ROS2/leo_common-ros2/install/leo_msgs/local/lib/python3.10/dist-packages/leo_msgs/msg/_wheel_odom_mecanum.py
[32.286s] -- Up-to-date: /home/pi/LeoRover-SLAM-ROS2/leo_common-ros2/install/leo_msgs/local/lib/python3.10/dist-packages/leo_msgs/msg/__init__.py
[32.307s] -- Up-to-date: /home/pi/LeoRover-SLAM-ROS2/leo_common-ros2/install/leo_msgs/local/lib/python3.10/dist-packages/leo_msgs/msg/_wheel_odom.py
[32.314s] -- Up-to-date: /home/pi/LeoRover-SLAM-ROS2/leo_common-ros2/install/leo_msgs/local/lib/python3.10/dist-packages/leo_msgs/_leo_msgs_s.ep.rosidl_typesupport_introspection_c.c
[32.316s] -- Up-to-date: /home/pi/LeoRover-SLAM-ROS2/leo_common-ros2/install/leo_msgs/local/lib/python3.10/dist-packages/leo_msgs/leo_msgs_s__rosidl_typesupport_c.cpython-310-aarch64-linux-gnu.so
[32.317s] -- Up-to-date: /home/pi/LeoRover-SLAM-ROS2/leo_common-ros2/install/leo_msgs/local/lib/python3.10/dist-packages/leo_msgs/__init__.py
[32.323s] -- Up-to-date: /home/pi/LeoRover-SLAM-ROS2/leo_common-ros2/install/leo_msgs/local/lib/python3.10/dist-packages/leo_msgs/leo_msgs_s__rosidl_typesupport_introspection_c.cpython-310-aarch64-linux-gnu.so
[32.324s] -- Up-to-date: /home/pi/LeoRover-SLAM-ROS2/leo_common-ros2/install/leo_msgs/local/lib/python3.10/dist-packages/leo_msgs/leo_msgs_s__rosidl_typesupport_fastrtps_c.cpython-310-aarch64-linux-gnu.so
[32.325s] -- Up-to-date: /home/pi/LeoRover-SLAM-ROS2/leo_common-ros2/install/leo_msgs/local/lib/python3.10/dist-packages/leo_msgs/srv
[32.333s] -- Up-to-date: /home/pi/LeoRover-SLAM-ROS2/leo_common-ros2/install/leo_msgs/local/lib/python3.10/dist-packages/leo_msgs/srv/_set_imu_calibration.py
[32.340s] -- Up-to-date: /home/pi/LeoRover-SLAM-ROS2/leo_common-ros2/install/leo_msgs/local/lib/python3.10/dist-packages/leo_msgs/srv/_set_imu_calibration_s.c
[32.341s] -- Up-to-date: /home/pi/LeoRover-SLAM-ROS2/leo_common-ros2/install/leo_msgs/local/lib/python3.10/dist-packages/leo_msgs/srv/__init__.py
[32.344s] -- Up-to-date: /home/pi/LeoRover-SLAM-ROS2/leo_common-ros2/install/leo_msgs/local/lib/python3.10/dist-packages/leo_msgs/libleo_msgs__rosidl_generator_py.so
[32.346s] -- Up-to-date: /home/pi/LeoRover-SLAM-ROS2/leo_common-ros2/install/leo_msgs/local/lib/python3.10/dist-packages/leo_msgs/_leo_msgs_s.ep.rosidl_typesupport_c.c
[32.904s] Listing '/home/pi/LeoRover-SLAM-ROS2/leo_common-ros2/install/leo_msgs/local/lib/python3.10/dist-packages/leo_msgs'...
[32.906s] Listing '/home/pi/LeoRover-SLAM-ROS2/leo_common-ros2/install/leo_msgs/local/lib/python3.10/dist-packages/leo_msgs/msg'...
[32.908s] Listing '/home/pi/LeoRover-SLAM-ROS2/leo_common-ros2/install/leo_msgs/local/lib/python3.10/dist-packages/leo_msgs/srv'...
[32.979s] -- Up-to-date: /home/pi/LeoRover-SLAM-ROS2/leo_common-ros2/install/leo_msgs/local/lib/python3.10/dist-packages/leo_msgs/leo_msgs_s__rosidl_typesupport_fastrtps_c.cpython-310-aarch64-linux-gnu.so
[32.988s] -- Up-to-date: /home/pi/LeoRover-SLAM-ROS2/leo_common-ros2/install/leo_msgs/local/lib/python3.10/dist-packages/leo_msgs/leo_msgs_s__rosidl_typesupport_introspection_c.cpython-310-aarch64-linux-gnu.so
[32.993s] -- Up-to-date: /home/pi/LeoRover-SLAM-ROS2/leo_common-ros2/install/leo_msgs/local/lib/python3.10/dist-packages/leo_msgs/leo_msgs_s__rosidl_typesupport_c.cpython-310-aarch64-linux-gnu.so
[33.002s] -- Up-to-date: /home/pi/LeoRover-SLAM-ROS2/leo_common-ros2/install/leo_msgs/lib/libleo_msgs__rosidl_generator_py.so
[33.007s] -- Up-to-date: /home/pi/LeoRover-SLAM-ROS2/leo_common-ros2/install/leo_msgs/share/leo_msgs/msg/Imu.idl
[33.009s] -- Up-to-date: /home/pi/LeoRover-SLAM-ROS2/leo_common-ros2/install/leo_msgs/share/leo_msgs/msg/WheelOdom.idl
[33.010s] -- Up-to-date: /home/pi/LeoRover-SLAM-ROS2/leo_common-ros2/install/leo_msgs/share/leo_msgs/msg/WheelOdomMecanum.idl
[33.011s] -- Up-to-date: /home/pi/LeoRover-SLAM-ROS2/leo_common-ros2/install/leo_msgs/share/leo_msgs/msg/WheelStates.idl
[33.024s] -- Up-to-date: /home/pi/LeoRover-SLAM-ROS2/leo_common-ros2/install/leo_msgs/share/leo_msgs/srv/SetImuCalibration.idl
[33.027s] -- Up-to-date: /home/pi/LeoRover-SLAM-ROS2/leo_common-ros2/install/leo_msgs/share/leo_msgs/msg/Imu.msg
[33.029s] -- Up-to-date: /home/pi/LeoRover-SLAM-ROS2/leo_common-ros2/install/leo_msgs/share/leo_msgs/msg/WheelOdom.msg
[33.030s] -- Up-to-date: /home/pi/LeoRover-SLAM-ROS2/leo_common-ros2/install/leo_msgs/share/leo_msgs/msg/WheelOdomMecanum.msg
[33.031s] -- Up-to-date: /home/pi/LeoRover-SLAM-ROS2/leo_common-ros2/install/leo_msgs/share/leo_msgs/msg/WheelStates.msg
[33.036s] -- Up-to-date: /home/pi/LeoRover-SLAM-ROS2/leo_common-ros2/install/leo_msgs/share/leo_msgs/srv/SetImuCalibration.srv
[33.038s] -- Up-to-date: /home/pi/LeoRover-SLAM-ROS2/leo_common-ros2/install/leo_msgs/share/leo_msgs/srv/SetImuCalibration_Request.msg
[33.038s] -- Up-to-date: /home/pi/LeoRover-SLAM-ROS2/leo_common-ros2/install/leo_msgs/share/leo_msgs/srv/SetImuCalibration_Response.msg
[33.051s] -- Up-to-date: /home/pi/LeoRover-SLAM-ROS2/leo_common-ros2/install/leo_msgs/share/ament_index/resource_index/package_run_dependencies/leo_msgs
[33.053s] -- Up-to-date: /home/pi/LeoRover-SLAM-ROS2/leo_common-ros2/install/leo_msgs/share/ament_index/resource_index/parent_prefix_path/leo_msgs
[33.054s] -- Up-to-date: /home/pi/LeoRover-SLAM-ROS2/leo_common-ros2/install/leo_msgs/share/leo_msgs/environment/ament_prefix_path.sh
[33.055s] -- Up-to-date: /home/pi/LeoRover-SLAM-ROS2/leo_common-ros2/install/leo_msgs/share/leo_msgs/environment/ament_prefix_path.dsv
[33.056s] -- Up-to-date: /home/pi/LeoRover-SLAM-ROS2/leo_common-ros2/install/leo_msgs/share/leo_msgs/environment/path.sh
[33.058s] -- Up-to-date: /home/pi/LeoRover-SLAM-ROS2/leo_common-ros2/install/leo_msgs/share/leo_msgs/environment/path.dsv
[33.059s] -- Up-to-date: /home/pi/LeoRover-SLAM-ROS2/leo_common-ros2/install/leo_msgs/share/leo_msgs/local_setup.bash
[33.060s] -- Up-to-date: /home/pi/LeoRover-SLAM-ROS2/leo_common-ros2/install/leo_msgs/share/leo_msgs/local_setup.sh
[33.061s] -- Up-to-date: /home/pi/LeoRover-SLAM-ROS2/leo_common-ros2/install/leo_msgs/share/leo_msgs/local_setup.zsh
[33.067s] -- Up-to-date: /home/pi/LeoRover-SLAM-ROS2/leo_common-ros2/install/leo_msgs/share/leo_msgs/local_setup.dsv
[33.068s] -- Installing: /home/pi/LeoRover-SLAM-ROS2/leo_common-ros2/install/leo_msgs/share/leo_msgs/package.dsv
[33.069s] -- Up-to-date: /home/pi/LeoRover-SLAM-ROS2/leo_common-ros2/install/leo_msgs/share/ament_index/resource_index/packages/leo_msgs
[33.074s] -- Up-to-date: /home/pi/LeoRover-SLAM-ROS2/leo_common-ros2/install/leo_msgs/share/leo_msgs/cmake/export_leo_msgs__rosidl_generator_cExport.cmake
[33.075s] -- Up-to-date: /home/pi/LeoRover-SLAM-ROS2/leo_common-ros2/install/leo_msgs/share/leo_msgs/cmake/export_leo_msgs__rosidl_generator_cExport-noconfig.cmake
[33.076s] -- Up-to-date: /home/pi/LeoRover-SLAM-ROS2/leo_common-ros2/install/leo_msgs/share/leo_msgs/cmake/export_leo_msgs__rosidl_typesupport_fastrtps_cExport.cmake
[33.077s] -- Up-to-date: /home/pi/LeoRover-SLAM-ROS2/leo_common-ros2/install/leo_msgs/share/leo_msgs/cmake/export_leo_msgs__rosidl_typesupport_fastrtps_cExport-noconfig.cmake
[33.084s] -- Up-to-date: /home/pi/LeoRover-SLAM-ROS2/leo_common-ros2/install/leo_msgs/share/leo_msgs/cmake/leo_msgs__rosidl_typesupport_introspection_cExport.cmake
[33.086s] -- Up-to-date: /home/pi/LeoRover-SLAM-ROS2/leo_common-ros2/install/leo_msgs/share/leo_msgs/cmake/leo_msgs__rosidl_typesupport_introspection_cExport-noconfig.cmake
[33.088s] -- Up-to-date: /home/pi/LeoRover-SLAM-ROS2/leo_common-ros2/install/leo_msgs/share/leo_msgs/cmake/leo_msgs__rosidl_typesupport_cExport.cmake
[33.096s] -- Up-to-date: /home/pi/LeoRover-SLAM-ROS2/leo_common-ros2/install/leo_msgs/share/leo_msgs/cmake/leo_msgs__rosidl_typesupport_cExport-noconfig.cmake
[33.097s] -- Up-to-date: /home/pi/LeoRover-SLAM-ROS2/leo_common-ros2/install/leo_msgs/share/leo_msgs/cmake/export_leo_msgs__rosidl_generator_cppExport.cmake
[33.099s] -- Up-to-date: /home/pi/LeoRover-SLAM-ROS2/leo_common-ros2/install/leo_msgs/share/leo_msgs/cmake/export_leo_msgs__rosidl_typesupport_fastrtps_cppExport.cmake
[33.100s] -- Up-to-date: /home/pi/LeoRover-SLAM-ROS2/leo_common-ros2/install/leo_msgs/share/leo_msgs/cmake/export_leo_msgs__rosidl_typesupport_fastrtps_cppExport-noconfig.cmake
[33.148s] -- Up-to-date: /home/pi/LeoRover-SLAM-ROS2/leo_common-ros2/install/leo_msgs/share/leo_msgs/cmake/leo_msgs__rosidl_typesupport_introspection_cppExport.cmake
[33.156s] -- Up-to-date: /home/pi/LeoRover-SLAM-ROS2/leo_common-ros2/install/leo_msgs/share/leo_msgs/cmake/leo_msgs__rosidl_typesupport_introspection_cppExport-noconfig.cmake
[33.157s] -- Up-to-date: /home/pi/LeoRover-SLAM-ROS2/leo_common-ros2/install/leo_msgs/share/leo_msgs/cmake/leo_msgs__rosidl_typesupport_cppExport.cmake
[33.174s] -- Up-to-date: /home/pi/LeoRover-SLAM-ROS2/leo_common-ros2/install/leo_msgs/share/leo_msgs/cmake/leo_msgs__rosidl_typesupport_cppExport-noconfig.cmake
[33.178s] -- Up-to-date: /home/pi/LeoRover-SLAM-ROS2/leo_common-ros2/install/leo_msgs/share/leo_msgs/cmake/export_leo_msgs__rosidl_generator_pyExport.cmake
[33.187s] -- Up-to-date: /home/pi/LeoRover-SLAM-ROS2/leo_common-ros2/install/leo_msgs/share/leo_msgs/cmake/export_leo_msgs__rosidl_generator_pyExport-noconfig.cmake
[33.192s] -- Up-to-date: /home/pi/LeoRover-SLAM-ROS2/leo_common-ros2/install/leo_msgs/share/leo_msgs/cmake/rosidl_cmake-extras.cmake
[33.197s] -- Up-to-date: /home/pi/LeoRover-SLAM-ROS2/leo_common-ros2/install/leo_msgs/share/leo_msgs/cmake/ament_cmake_export_dependencies-extras.cmake
[33.201s] -- Up-to-date: /home/pi/LeoRover-SLAM-ROS2/leo_common-ros2/install/leo_msgs/share/leo_msgs/cmake/ament_cmake_export_include_directories-extras.cmake
[33.210s] -- Up-to-date: /home/pi/LeoRover-SLAM-ROS2/leo_common-ros2/install/leo_msgs/share/leo_msgs/cmake/ament_cmake_export_libraries-extras.cmake
[33.220s] -- Up-to-date: /home/pi/LeoRover-SLAM-ROS2/leo_common-ros2/install/leo_msgs/share/leo_msgs/cmake/ament_cmake_export_targets-extras.cmake
[33.221s] -- Up-to-date: /home/pi/LeoRover-SLAM-ROS2/leo_common-ros2/install/leo_msgs/share/leo_msgs/cmake/rosidl_cmake_export_typesupport_targets-extras.cmake
[33.230s] -- Up-to-date: /home/pi/LeoRover-SLAM-ROS2/leo_common-ros2/install/leo_msgs/share/leo_msgs/cmake/rosidl_cmake_export_typesupport_libraries-extras.cmake
[33.232s] -- Up-to-date: /home/pi/LeoRover-SLAM-ROS2/leo_common-ros2/install/leo_msgs/share/leo_msgs/cmake/leo_msgsConfig.cmake
[33.236s] -- Up-to-date: /home/pi/LeoRover-SLAM-ROS2/leo_common-ros2/install/leo_msgs/share/leo_msgs/cmake/leo_msgsConfig-version.cmake
[33.244s] -- Up-to-date: /home/pi/LeoRover-SLAM-ROS2/leo_common-ros2/install/leo_msgs/share/leo_msgs/package.xml
[33.245s] Invoked command in '/home/pi/LeoRover-SLAM-ROS2/leo_common-ros2/build/leo_msgs' returned '0': CMAKE_PREFIX_PATH=${CMAKE_PREFIX_PATH}:/home/pi/LeoRover-SLAM-ROS2/leo_common-ros2/install/programmed_drive:/opt/ros/humble /usr/bin/cmake --install /home/pi/LeoRover-SLAM-ROS2/leo_common-ros2/build/leo_msgs
