[1.022s] DEBUG:colcon:Command line arguments: ['/usr/bin/colcon', 'build', '--symlink-install']
[1.022s] DEBUG:colcon:Parsed command line arguments: Namespace(log_base=None, log_level=None, verb_name='build', build_base='build', install_base='install', merge_install=False, symlink_install=True, test_result_base=None, continue_on_error=False, executor='parallel', parallel_workers=12, event_handlers=None, ignore_user_meta=False, metas=['./colcon.meta'], base_paths=['.'], packages_ignore=None, packages_ignore_regex=None, paths=None, packages_up_to=None, packages_up_to_regex=None, packages_above=None, packages_above_and_dependencies=None, packages_above_depth=None, packages_select_by_dep=None, packages_skip_by_dep=None, packages_skip_up_to=None, packages_select_build_failed=False, packages_skip_build_finished=False, packages_select_test_failures=False, packages_skip_test_passed=False, packages_select=None, packages_skip=None, packages_select_regex=None, packages_skip_regex=None, packages_start=None, packages_end=None, allow_overriding=[], cmake_args=None, cmake_target=None, cmake_target_skip_unavailable=False, cmake_clean_cache=False, cmake_clean_first=False, cmake_force_configure=False, ament_cmake_args=None, catkin_cmake_args=None, catkin_skip_building_tests=False, verb_parser=<colcon_defaults.argument_parser.defaults.DefaultArgumentsDecorator object at 0x7f3c8c51b670>, verb_extension=<colcon_core.verb.build.BuildVerb object at 0x7f3c8c656260>, main=<bound method BuildVerb.main of <colcon_core.verb.build.BuildVerb object at 0x7f3c8c656260>>)
[1.081s] Level 1:colcon.colcon_core.package_discovery:discover_packages(colcon_meta) check parameters
[1.081s] Level 1:colcon.colcon_core.package_discovery:discover_packages(recursive) check parameters
[1.081s] Level 1:colcon.colcon_core.package_discovery:discover_packages(ignore) check parameters
[1.081s] Level 1:colcon.colcon_core.package_discovery:discover_packages(path) check parameters
[1.081s] Level 1:colcon.colcon_core.package_discovery:discover_packages(colcon_meta) discover
[1.081s] Level 1:colcon.colcon_core.package_discovery:discover_packages(recursive) discover
[1.081s] INFO:colcon.colcon_core.package_discovery:Crawling recursively for packages in '/home/situjet/Desktop/leo_common-ros2'
[1.082s] Level 1:colcon.colcon_core.package_identification:_identify(.) by extensions ['ignore', 'ignore_ament_install']
[1.082s] Level 1:colcon.colcon_core.package_identification:_identify(.) by extension 'ignore'
[1.082s] Level 1:colcon.colcon_core.package_identification:_identify(.) by extension 'ignore_ament_install'
[1.082s] Level 1:colcon.colcon_core.package_identification:_identify(.) by extensions ['colcon_pkg']
[1.082s] Level 1:colcon.colcon_core.package_identification:_identify(.) by extension 'colcon_pkg'
[1.082s] Level 1:colcon.colcon_core.package_identification:_identify(.) by extensions ['colcon_meta']
[1.082s] Level 1:colcon.colcon_core.package_identification:_identify(.) by extension 'colcon_meta'
[1.082s] Level 1:colcon.colcon_core.package_identification:_identify(.) by extensions ['ros']
[1.082s] Level 1:colcon.colcon_core.package_identification:_identify(.) by extension 'ros'
[1.095s] Level 1:colcon.colcon_core.package_identification:_identify(.) by extensions ['cmake', 'python']
[1.095s] Level 1:colcon.colcon_core.package_identification:_identify(.) by extension 'cmake'
[1.095s] Level 1:colcon.colcon_core.package_identification:_identify(.) by extension 'python'
[1.095s] Level 1:colcon.colcon_core.package_identification:_identify(.) by extensions ['python_setup_py']
[1.095s] Level 1:colcon.colcon_core.package_identification:_identify(.) by extension 'python_setup_py'
[1.096s] Level 1:colcon.colcon_core.package_identification:_identify(build) by extensions ['ignore', 'ignore_ament_install']
[1.096s] Level 1:colcon.colcon_core.package_identification:_identify(build) by extension 'ignore'
[1.096s] Level 1:colcon.colcon_core.package_identification:_identify(build) ignored
[1.096s] Level 1:colcon.colcon_core.package_identification:_identify(install) by extensions ['ignore', 'ignore_ament_install']
[1.096s] Level 1:colcon.colcon_core.package_identification:_identify(install) by extension 'ignore'
[1.096s] Level 1:colcon.colcon_core.package_identification:_identify(install) ignored
[1.096s] Level 1:colcon.colcon_core.package_identification:_identify(log) by extensions ['ignore', 'ignore_ament_install']
[1.096s] Level 1:colcon.colcon_core.package_identification:_identify(log) by extension 'ignore'
[1.096s] Level 1:colcon.colcon_core.package_identification:_identify(log) ignored
[1.096s] Level 1:colcon.colcon_core.package_identification:_identify(src) by extensions ['ignore', 'ignore_ament_install']
[1.096s] Level 1:colcon.colcon_core.package_identification:_identify(src) by extension 'ignore'
[1.096s] Level 1:colcon.colcon_core.package_identification:_identify(src) by extension 'ignore_ament_install'
[1.096s] Level 1:colcon.colcon_core.package_identification:_identify(src) by extensions ['colcon_pkg']
[1.096s] Level 1:colcon.colcon_core.package_identification:_identify(src) by extension 'colcon_pkg'
[1.096s] Level 1:colcon.colcon_core.package_identification:_identify(src) by extensions ['colcon_meta']
[1.096s] Level 1:colcon.colcon_core.package_identification:_identify(src) by extension 'colcon_meta'
[1.097s] Level 1:colcon.colcon_core.package_identification:_identify(src) by extensions ['ros']
[1.097s] Level 1:colcon.colcon_core.package_identification:_identify(src) by extension 'ros'
[1.097s] Level 1:colcon.colcon_core.package_identification:_identify(src) by extensions ['cmake', 'python']
[1.097s] Level 1:colcon.colcon_core.package_identification:_identify(src) by extension 'cmake'
[1.097s] Level 1:colcon.colcon_core.package_identification:_identify(src) by extension 'python'
[1.097s] Level 1:colcon.colcon_core.package_identification:_identify(src) by extensions ['python_setup_py']
[1.097s] Level 1:colcon.colcon_core.package_identification:_identify(src) by extension 'python_setup_py'
[1.097s] Level 1:colcon.colcon_core.package_identification:_identify(src/build) by extensions ['ignore', 'ignore_ament_install']
[1.097s] Level 1:colcon.colcon_core.package_identification:_identify(src/build) by extension 'ignore'
[1.097s] Level 1:colcon.colcon_core.package_identification:_identify(src/build) ignored
[1.097s] Level 1:colcon.colcon_core.package_identification:_identify(src/install) by extensions ['ignore', 'ignore_ament_install']
[1.097s] Level 1:colcon.colcon_core.package_identification:_identify(src/install) by extension 'ignore'
[1.097s] Level 1:colcon.colcon_core.package_identification:_identify(src/install) ignored
[1.097s] Level 1:colcon.colcon_core.package_identification:_identify(src/leo) by extensions ['ignore', 'ignore_ament_install']
[1.097s] Level 1:colcon.colcon_core.package_identification:_identify(src/leo) by extension 'ignore'
[1.097s] Level 1:colcon.colcon_core.package_identification:_identify(src/leo) by extension 'ignore_ament_install'
[1.097s] Level 1:colcon.colcon_core.package_identification:_identify(src/leo) by extensions ['colcon_pkg']
[1.097s] Level 1:colcon.colcon_core.package_identification:_identify(src/leo) by extension 'colcon_pkg'
[1.097s] Level 1:colcon.colcon_core.package_identification:_identify(src/leo) by extensions ['colcon_meta']
[1.097s] Level 1:colcon.colcon_core.package_identification:_identify(src/leo) by extension 'colcon_meta'
[1.098s] Level 1:colcon.colcon_core.package_identification:_identify(src/leo) by extensions ['ros']
[1.098s] Level 1:colcon.colcon_core.package_identification:_identify(src/leo) by extension 'ros'
[1.100s] DEBUG:colcon.colcon_core.package_identification:Package 'src/leo' with type 'ros.ament_cmake' and name 'leo'
[1.100s] Level 1:colcon.colcon_core.package_identification:_identify(src/leo_description) by extensions ['ignore', 'ignore_ament_install']
[1.100s] Level 1:colcon.colcon_core.package_identification:_identify(src/leo_description) by extension 'ignore'
[1.100s] Level 1:colcon.colcon_core.package_identification:_identify(src/leo_description) by extension 'ignore_ament_install'
[1.100s] Level 1:colcon.colcon_core.package_identification:_identify(src/leo_description) by extensions ['colcon_pkg']
[1.100s] Level 1:colcon.colcon_core.package_identification:_identify(src/leo_description) by extension 'colcon_pkg'
[1.100s] Level 1:colcon.colcon_core.package_identification:_identify(src/leo_description) by extensions ['colcon_meta']
[1.100s] Level 1:colcon.colcon_core.package_identification:_identify(src/leo_description) by extension 'colcon_meta'
[1.100s] Level 1:colcon.colcon_core.package_identification:_identify(src/leo_description) by extensions ['ros']
[1.100s] Level 1:colcon.colcon_core.package_identification:_identify(src/leo_description) by extension 'ros'
[1.101s] DEBUG:colcon.colcon_core.package_identification:Package 'src/leo_description' with type 'ros.ament_cmake' and name 'leo_description'
[1.101s] Level 1:colcon.colcon_core.package_identification:_identify(src/leo_desktop) by extensions ['ignore', 'ignore_ament_install']
[1.101s] Level 1:colcon.colcon_core.package_identification:_identify(src/leo_desktop) by extension 'ignore'
[1.101s] Level 1:colcon.colcon_core.package_identification:_identify(src/leo_desktop) by extension 'ignore_ament_install'
[1.101s] Level 1:colcon.colcon_core.package_identification:_identify(src/leo_desktop) by extensions ['colcon_pkg']
[1.101s] Level 1:colcon.colcon_core.package_identification:_identify(src/leo_desktop) by extension 'colcon_pkg'
[1.101s] Level 1:colcon.colcon_core.package_identification:_identify(src/leo_desktop) by extensions ['colcon_meta']
[1.101s] Level 1:colcon.colcon_core.package_identification:_identify(src/leo_desktop) by extension 'colcon_meta'
[1.101s] Level 1:colcon.colcon_core.package_identification:_identify(src/leo_desktop) by extensions ['ros']
[1.101s] Level 1:colcon.colcon_core.package_identification:_identify(src/leo_desktop) by extension 'ros'
[1.102s] DEBUG:colcon.colcon_core.package_identification:Package 'src/leo_desktop' with type 'ros.ament_cmake' and name 'leo_desktop'
[1.102s] Level 1:colcon.colcon_core.package_identification:_identify(src/leo_msgs) by extensions ['ignore', 'ignore_ament_install']
[1.102s] Level 1:colcon.colcon_core.package_identification:_identify(src/leo_msgs) by extension 'ignore'
[1.102s] Level 1:colcon.colcon_core.package_identification:_identify(src/leo_msgs) by extension 'ignore_ament_install'
[1.102s] Level 1:colcon.colcon_core.package_identification:_identify(src/leo_msgs) by extensions ['colcon_pkg']
[1.102s] Level 1:colcon.colcon_core.package_identification:_identify(src/leo_msgs) by extension 'colcon_pkg'
[1.102s] Level 1:colcon.colcon_core.package_identification:_identify(src/leo_msgs) by extensions ['colcon_meta']
[1.102s] Level 1:colcon.colcon_core.package_identification:_identify(src/leo_msgs) by extension 'colcon_meta'
[1.102s] Level 1:colcon.colcon_core.package_identification:_identify(src/leo_msgs) by extensions ['ros']
[1.102s] Level 1:colcon.colcon_core.package_identification:_identify(src/leo_msgs) by extension 'ros'
[1.103s] DEBUG:colcon.colcon_core.package_identification:Package 'src/leo_msgs' with type 'ros.ament_cmake' and name 'leo_msgs'
[1.103s] Level 1:colcon.colcon_core.package_identification:_identify(src/leo_teleop) by extensions ['ignore', 'ignore_ament_install']
[1.103s] Level 1:colcon.colcon_core.package_identification:_identify(src/leo_teleop) by extension 'ignore'
[1.103s] Level 1:colcon.colcon_core.package_identification:_identify(src/leo_teleop) by extension 'ignore_ament_install'
[1.103s] Level 1:colcon.colcon_core.package_identification:_identify(src/leo_teleop) by extensions ['colcon_pkg']
[1.103s] Level 1:colcon.colcon_core.package_identification:_identify(src/leo_teleop) by extension 'colcon_pkg'
[1.103s] Level 1:colcon.colcon_core.package_identification:_identify(src/leo_teleop) by extensions ['colcon_meta']
[1.103s] Level 1:colcon.colcon_core.package_identification:_identify(src/leo_teleop) by extension 'colcon_meta'
[1.103s] Level 1:colcon.colcon_core.package_identification:_identify(src/leo_teleop) by extensions ['ros']
[1.103s] Level 1:colcon.colcon_core.package_identification:_identify(src/leo_teleop) by extension 'ros'
[1.103s] DEBUG:colcon.colcon_core.package_identification:Package 'src/leo_teleop' with type 'ros.ament_cmake' and name 'leo_teleop'
[1.104s] Level 1:colcon.colcon_core.package_identification:_identify(src/leo_teleop_holonomic) by extensions ['ignore', 'ignore_ament_install']
[1.104s] Level 1:colcon.colcon_core.package_identification:_identify(src/leo_teleop_holonomic) by extension 'ignore'
[1.104s] Level 1:colcon.colcon_core.package_identification:_identify(src/leo_teleop_holonomic) by extension 'ignore_ament_install'
[1.104s] Level 1:colcon.colcon_core.package_identification:_identify(src/leo_teleop_holonomic) by extensions ['colcon_pkg']
[1.104s] Level 1:colcon.colcon_core.package_identification:_identify(src/leo_teleop_holonomic) by extension 'colcon_pkg'
[1.104s] Level 1:colcon.colcon_core.package_identification:_identify(src/leo_teleop_holonomic) by extensions ['colcon_meta']
[1.104s] Level 1:colcon.colcon_core.package_identification:_identify(src/leo_teleop_holonomic) by extension 'colcon_meta'
[1.104s] Level 1:colcon.colcon_core.package_identification:_identify(src/leo_teleop_holonomic) by extensions ['ros']
[1.104s] Level 1:colcon.colcon_core.package_identification:_identify(src/leo_teleop_holonomic) by extension 'ros'
[1.104s] DEBUG:colcon.colcon_core.package_identification:Package 'src/leo_teleop_holonomic' with type 'ros.ament_cmake' and name 'leo_teleop_holonomic'
[1.104s] Level 1:colcon.colcon_core.package_identification:_identify(src/leo_viz) by extensions ['ignore', 'ignore_ament_install']
[1.104s] Level 1:colcon.colcon_core.package_identification:_identify(src/leo_viz) by extension 'ignore'
[1.104s] Level 1:colcon.colcon_core.package_identification:_identify(src/leo_viz) by extension 'ignore_ament_install'
[1.104s] Level 1:colcon.colcon_core.package_identification:_identify(src/leo_viz) by extensions ['colcon_pkg']
[1.105s] Level 1:colcon.colcon_core.package_identification:_identify(src/leo_viz) by extension 'colcon_pkg'
[1.105s] Level 1:colcon.colcon_core.package_identification:_identify(src/leo_viz) by extensions ['colcon_meta']
[1.105s] Level 1:colcon.colcon_core.package_identification:_identify(src/leo_viz) by extension 'colcon_meta'
[1.105s] Level 1:colcon.colcon_core.package_identification:_identify(src/leo_viz) by extensions ['ros']
[1.105s] Level 1:colcon.colcon_core.package_identification:_identify(src/leo_viz) by extension 'ros'
[1.105s] DEBUG:colcon.colcon_core.package_identification:Package 'src/leo_viz' with type 'ros.ament_cmake' and name 'leo_viz'
[1.105s] Level 1:colcon.colcon_core.package_identification:_identify(src/log) by extensions ['ignore', 'ignore_ament_install']
[1.105s] Level 1:colcon.colcon_core.package_identification:_identify(src/log) by extension 'ignore'
[1.105s] Level 1:colcon.colcon_core.package_identification:_identify(src/log) ignored
[1.105s] Level 1:colcon.colcon_core.package_identification:_identify(src/programmed_drive) by extensions ['ignore', 'ignore_ament_install']
[1.105s] Level 1:colcon.colcon_core.package_identification:_identify(src/programmed_drive) by extension 'ignore'
[1.105s] Level 1:colcon.colcon_core.package_identification:_identify(src/programmed_drive) by extension 'ignore_ament_install'
[1.105s] Level 1:colcon.colcon_core.package_identification:_identify(src/programmed_drive) by extensions ['colcon_pkg']
[1.106s] Level 1:colcon.colcon_core.package_identification:_identify(src/programmed_drive) by extension 'colcon_pkg'
[1.106s] Level 1:colcon.colcon_core.package_identification:_identify(src/programmed_drive) by extensions ['colcon_meta']
[1.106s] Level 1:colcon.colcon_core.package_identification:_identify(src/programmed_drive) by extension 'colcon_meta'
[1.106s] Level 1:colcon.colcon_core.package_identification:_identify(src/programmed_drive) by extensions ['ros']
[1.106s] Level 1:colcon.colcon_core.package_identification:_identify(src/programmed_drive) by extension 'ros'
[1.106s] DEBUG:colcon.colcon_core.package_identification:Package 'src/programmed_drive' with type 'ros.ament_python' and name 'programmed_drive'
[1.106s] Level 1:colcon.colcon_core.package_discovery:discover_packages(recursive) using defaults
[1.106s] Level 1:colcon.colcon_core.package_discovery:discover_packages(ignore) discover
[1.106s] Level 1:colcon.colcon_core.package_discovery:discover_packages(ignore) using defaults
[1.106s] Level 1:colcon.colcon_core.package_discovery:discover_packages(path) discover
[1.106s] Level 1:colcon.colcon_core.package_discovery:discover_packages(path) using defaults
[1.196s] Level 1:colcon.colcon_core.package_discovery:discover_packages(prefix_path) check parameters
[1.196s] Level 1:colcon.colcon_core.package_discovery:discover_packages(prefix_path) discover
[1.227s] DEBUG:colcon.colcon_installed_package_information.package_discovery:Found 7 installed packages in /home/situjet/Desktop/leo_common-ros2/install
[1.240s] DEBUG:colcon.colcon_installed_package_information.package_discovery:Found 1 installed packages in /home/situjet/Desktop/leo_common-ros2/src/leo_teleop_holonomic/install
[1.254s] DEBUG:colcon.colcon_installed_package_information.package_discovery:Found 408 installed packages in /opt/ros/humble
[1.262s] Level 1:colcon.colcon_core.package_discovery:discover_packages(prefix_path) using defaults
[1.353s] Level 5:colcon.colcon_core.verb:set package 'leo_description' build argument 'cmake_args' from command line to 'None'
[1.353s] Level 5:colcon.colcon_core.verb:set package 'leo_description' build argument 'cmake_target' from command line to 'None'
[1.353s] Level 5:colcon.colcon_core.verb:set package 'leo_description' build argument 'cmake_target_skip_unavailable' from command line to 'False'
[1.353s] Level 5:colcon.colcon_core.verb:set package 'leo_description' build argument 'cmake_clean_cache' from command line to 'False'
[1.353s] Level 5:colcon.colcon_core.verb:set package 'leo_description' build argument 'cmake_clean_first' from command line to 'False'
[1.353s] Level 5:colcon.colcon_core.verb:set package 'leo_description' build argument 'cmake_force_configure' from command line to 'False'
[1.353s] Level 5:colcon.colcon_core.verb:set package 'leo_description' build argument 'ament_cmake_args' from command line to 'None'
[1.353s] Level 5:colcon.colcon_core.verb:set package 'leo_description' build argument 'catkin_cmake_args' from command line to 'None'
[1.353s] Level 5:colcon.colcon_core.verb:set package 'leo_description' build argument 'catkin_skip_building_tests' from command line to 'False'
[1.353s] DEBUG:colcon.colcon_core.verb:Building package 'leo_description' with the following arguments: {'ament_cmake_args': None, 'build_base': '/home/situjet/Desktop/leo_common-ros2/build/leo_description', 'catkin_cmake_args': None, 'catkin_skip_building_tests': False, 'cmake_args': None, 'cmake_clean_cache': False, 'cmake_clean_first': False, 'cmake_force_configure': False, 'cmake_target': None, 'cmake_target_skip_unavailable': False, 'install_base': '/home/situjet/Desktop/leo_common-ros2/install/leo_description', 'merge_install': False, 'path': '/home/situjet/Desktop/leo_common-ros2/src/leo_description', 'symlink_install': True, 'test_result_base': None}
[1.366s] Level 5:colcon.colcon_core.verb:set package 'leo_msgs' build argument 'cmake_args' from command line to 'None'
[1.366s] Level 5:colcon.colcon_core.verb:set package 'leo_msgs' build argument 'cmake_target' from command line to 'None'
[1.366s] Level 5:colcon.colcon_core.verb:set package 'leo_msgs' build argument 'cmake_target_skip_unavailable' from command line to 'False'
[1.366s] Level 5:colcon.colcon_core.verb:set package 'leo_msgs' build argument 'cmake_clean_cache' from command line to 'False'
[1.366s] Level 5:colcon.colcon_core.verb:set package 'leo_msgs' build argument 'cmake_clean_first' from command line to 'False'
[1.366s] Level 5:colcon.colcon_core.verb:set package 'leo_msgs' build argument 'cmake_force_configure' from command line to 'False'
[1.366s] Level 5:colcon.colcon_core.verb:set package 'leo_msgs' build argument 'ament_cmake_args' from command line to 'None'
[1.366s] Level 5:colcon.colcon_core.verb:set package 'leo_msgs' build argument 'catkin_cmake_args' from command line to 'None'
[1.366s] Level 5:colcon.colcon_core.verb:set package 'leo_msgs' build argument 'catkin_skip_building_tests' from command line to 'False'
[1.366s] DEBUG:colcon.colcon_core.verb:Building package 'leo_msgs' with the following arguments: {'ament_cmake_args': None, 'build_base': '/home/situjet/Desktop/leo_common-ros2/build/leo_msgs', 'catkin_cmake_args': None, 'catkin_skip_building_tests': False, 'cmake_args': None, 'cmake_clean_cache': False, 'cmake_clean_first': False, 'cmake_force_configure': False, 'cmake_target': None, 'cmake_target_skip_unavailable': False, 'install_base': '/home/situjet/Desktop/leo_common-ros2/install/leo_msgs', 'merge_install': False, 'path': '/home/situjet/Desktop/leo_common-ros2/src/leo_msgs', 'symlink_install': True, 'test_result_base': None}
[1.379s] Level 5:colcon.colcon_core.verb:set package 'leo_teleop' build argument 'cmake_args' from command line to 'None'
[1.379s] Level 5:colcon.colcon_core.verb:set package 'leo_teleop' build argument 'cmake_target' from command line to 'None'
[1.379s] Level 5:colcon.colcon_core.verb:set package 'leo_teleop' build argument 'cmake_target_skip_unavailable' from command line to 'False'
[1.379s] Level 5:colcon.colcon_core.verb:set package 'leo_teleop' build argument 'cmake_clean_cache' from command line to 'False'
[1.379s] Level 5:colcon.colcon_core.verb:set package 'leo_teleop' build argument 'cmake_clean_first' from command line to 'False'
[1.379s] Level 5:colcon.colcon_core.verb:set package 'leo_teleop' build argument 'cmake_force_configure' from command line to 'False'
[1.380s] Level 5:colcon.colcon_core.verb:set package 'leo_teleop' build argument 'ament_cmake_args' from command line to 'None'
[1.380s] Level 5:colcon.colcon_core.verb:set package 'leo_teleop' build argument 'catkin_cmake_args' from command line to 'None'
[1.380s] Level 5:colcon.colcon_core.verb:set package 'leo_teleop' build argument 'catkin_skip_building_tests' from command line to 'False'
[1.380s] DEBUG:colcon.colcon_core.verb:Building package 'leo_teleop' with the following arguments: {'ament_cmake_args': None, 'build_base': '/home/situjet/Desktop/leo_common-ros2/build/leo_teleop', 'catkin_cmake_args': None, 'catkin_skip_building_tests': False, 'cmake_args': None, 'cmake_clean_cache': False, 'cmake_clean_first': False, 'cmake_force_configure': False, 'cmake_target': None, 'cmake_target_skip_unavailable': False, 'install_base': '/home/situjet/Desktop/leo_common-ros2/install/leo_teleop', 'merge_install': False, 'path': '/home/situjet/Desktop/leo_common-ros2/src/leo_teleop', 'symlink_install': True, 'test_result_base': None}
[1.393s] Level 5:colcon.colcon_core.verb:set package 'leo_teleop_holonomic' build argument 'cmake_args' from command line to 'None'
[1.393s] Level 5:colcon.colcon_core.verb:set package 'leo_teleop_holonomic' build argument 'cmake_target' from command line to 'None'
[1.393s] Level 5:colcon.colcon_core.verb:set package 'leo_teleop_holonomic' build argument 'cmake_target_skip_unavailable' from command line to 'False'
[1.393s] Level 5:colcon.colcon_core.verb:set package 'leo_teleop_holonomic' build argument 'cmake_clean_cache' from command line to 'False'
[1.393s] Level 5:colcon.colcon_core.verb:set package 'leo_teleop_holonomic' build argument 'cmake_clean_first' from command line to 'False'
[1.393s] Level 5:colcon.colcon_core.verb:set package 'leo_teleop_holonomic' build argument 'cmake_force_configure' from command line to 'False'
[1.393s] Level 5:colcon.colcon_core.verb:set package 'leo_teleop_holonomic' build argument 'ament_cmake_args' from command line to 'None'
[1.393s] Level 5:colcon.colcon_core.verb:set package 'leo_teleop_holonomic' build argument 'catkin_cmake_args' from command line to 'None'
[1.393s] Level 5:colcon.colcon_core.verb:set package 'leo_teleop_holonomic' build argument 'catkin_skip_building_tests' from command line to 'False'
[1.393s] DEBUG:colcon.colcon_core.verb:Building package 'leo_teleop_holonomic' with the following arguments: {'ament_cmake_args': None, 'build_base': '/home/situjet/Desktop/leo_common-ros2/build/leo_teleop_holonomic', 'catkin_cmake_args': None, 'catkin_skip_building_tests': False, 'cmake_args': None, 'cmake_clean_cache': False, 'cmake_clean_first': False, 'cmake_force_configure': False, 'cmake_target': None, 'cmake_target_skip_unavailable': False, 'install_base': '/home/situjet/Desktop/leo_common-ros2/install/leo_teleop_holonomic', 'merge_install': False, 'path': '/home/situjet/Desktop/leo_common-ros2/src/leo_teleop_holonomic', 'symlink_install': True, 'test_result_base': None}
[1.406s] Level 5:colcon.colcon_core.verb:set package 'programmed_drive' build argument 'cmake_args' from command line to 'None'
[1.406s] Level 5:colcon.colcon_core.verb:set package 'programmed_drive' build argument 'cmake_target' from command line to 'None'
[1.406s] Level 5:colcon.colcon_core.verb:set package 'programmed_drive' build argument 'cmake_target_skip_unavailable' from command line to 'False'
[1.406s] Level 5:colcon.colcon_core.verb:set package 'programmed_drive' build argument 'cmake_clean_cache' from command line to 'False'
[1.406s] Level 5:colcon.colcon_core.verb:set package 'programmed_drive' build argument 'cmake_clean_first' from command line to 'False'
[1.406s] Level 5:colcon.colcon_core.verb:set package 'programmed_drive' build argument 'cmake_force_configure' from command line to 'False'
[1.406s] Level 5:colcon.colcon_core.verb:set package 'programmed_drive' build argument 'ament_cmake_args' from command line to 'None'
[1.406s] Level 5:colcon.colcon_core.verb:set package 'programmed_drive' build argument 'catkin_cmake_args' from command line to 'None'
[1.406s] Level 5:colcon.colcon_core.verb:set package 'programmed_drive' build argument 'catkin_skip_building_tests' from command line to 'False'
[1.406s] DEBUG:colcon.colcon_core.verb:Building package 'programmed_drive' with the following arguments: {'ament_cmake_args': None, 'build_base': '/home/situjet/Desktop/leo_common-ros2/build/programmed_drive', 'catkin_cmake_args': None, 'catkin_skip_building_tests': False, 'cmake_args': None, 'cmake_clean_cache': False, 'cmake_clean_first': False, 'cmake_force_configure': False, 'cmake_target': None, 'cmake_target_skip_unavailable': False, 'install_base': '/home/situjet/Desktop/leo_common-ros2/install/programmed_drive', 'merge_install': False, 'path': '/home/situjet/Desktop/leo_common-ros2/src/programmed_drive', 'symlink_install': True, 'test_result_base': None}
[1.419s] Level 5:colcon.colcon_core.verb:set package 'leo' build argument 'cmake_args' from command line to 'None'
[1.419s] Level 5:colcon.colcon_core.verb:set package 'leo' build argument 'cmake_target' from command line to 'None'
[1.419s] Level 5:colcon.colcon_core.verb:set package 'leo' build argument 'cmake_target_skip_unavailable' from command line to 'False'
[1.419s] Level 5:colcon.colcon_core.verb:set package 'leo' build argument 'cmake_clean_cache' from command line to 'False'
[1.419s] Level 5:colcon.colcon_core.verb:set package 'leo' build argument 'cmake_clean_first' from command line to 'False'
[1.419s] Level 5:colcon.colcon_core.verb:set package 'leo' build argument 'cmake_force_configure' from command line to 'False'
[1.419s] Level 5:colcon.colcon_core.verb:set package 'leo' build argument 'ament_cmake_args' from command line to 'None'
[1.419s] Level 5:colcon.colcon_core.verb:set package 'leo' build argument 'catkin_cmake_args' from command line to 'None'
[1.419s] Level 5:colcon.colcon_core.verb:set package 'leo' build argument 'catkin_skip_building_tests' from command line to 'False'
[1.419s] DEBUG:colcon.colcon_core.verb:Building package 'leo' with the following arguments: {'ament_cmake_args': None, 'build_base': '/home/situjet/Desktop/leo_common-ros2/build/leo', 'catkin_cmake_args': None, 'catkin_skip_building_tests': False, 'cmake_args': None, 'cmake_clean_cache': False, 'cmake_clean_first': False, 'cmake_force_configure': False, 'cmake_target': None, 'cmake_target_skip_unavailable': False, 'install_base': '/home/situjet/Desktop/leo_common-ros2/install/leo', 'merge_install': False, 'path': '/home/situjet/Desktop/leo_common-ros2/src/leo', 'symlink_install': True, 'test_result_base': None}
[1.432s] Level 5:colcon.colcon_core.verb:set package 'leo_viz' build argument 'cmake_args' from command line to 'None'
[1.432s] Level 5:colcon.colcon_core.verb:set package 'leo_viz' build argument 'cmake_target' from command line to 'None'
[1.432s] Level 5:colcon.colcon_core.verb:set package 'leo_viz' build argument 'cmake_target_skip_unavailable' from command line to 'False'
[1.432s] Level 5:colcon.colcon_core.verb:set package 'leo_viz' build argument 'cmake_clean_cache' from command line to 'False'
[1.432s] Level 5:colcon.colcon_core.verb:set package 'leo_viz' build argument 'cmake_clean_first' from command line to 'False'
[1.432s] Level 5:colcon.colcon_core.verb:set package 'leo_viz' build argument 'cmake_force_configure' from command line to 'False'
[1.432s] Level 5:colcon.colcon_core.verb:set package 'leo_viz' build argument 'ament_cmake_args' from command line to 'None'
[1.432s] Level 5:colcon.colcon_core.verb:set package 'leo_viz' build argument 'catkin_cmake_args' from command line to 'None'
[1.432s] Level 5:colcon.colcon_core.verb:set package 'leo_viz' build argument 'catkin_skip_building_tests' from command line to 'False'
[1.432s] DEBUG:colcon.colcon_core.verb:Building package 'leo_viz' with the following arguments: {'ament_cmake_args': None, 'build_base': '/home/situjet/Desktop/leo_common-ros2/build/leo_viz', 'catkin_cmake_args': None, 'catkin_skip_building_tests': False, 'cmake_args': None, 'cmake_clean_cache': False, 'cmake_clean_first': False, 'cmake_force_configure': False, 'cmake_target': None, 'cmake_target_skip_unavailable': False, 'install_base': '/home/situjet/Desktop/leo_common-ros2/install/leo_viz', 'merge_install': False, 'path': '/home/situjet/Desktop/leo_common-ros2/src/leo_viz', 'symlink_install': True, 'test_result_base': None}
[1.445s] Level 5:colcon.colcon_core.verb:set package 'leo_desktop' build argument 'cmake_args' from command line to 'None'
[1.445s] Level 5:colcon.colcon_core.verb:set package 'leo_desktop' build argument 'cmake_target' from command line to 'None'
[1.445s] Level 5:colcon.colcon_core.verb:set package 'leo_desktop' build argument 'cmake_target_skip_unavailable' from command line to 'False'
[1.445s] Level 5:colcon.colcon_core.verb:set package 'leo_desktop' build argument 'cmake_clean_cache' from command line to 'False'
[1.445s] Level 5:colcon.colcon_core.verb:set package 'leo_desktop' build argument 'cmake_clean_first' from command line to 'False'
[1.445s] Level 5:colcon.colcon_core.verb:set package 'leo_desktop' build argument 'cmake_force_configure' from command line to 'False'
[1.445s] Level 5:colcon.colcon_core.verb:set package 'leo_desktop' build argument 'ament_cmake_args' from command line to 'None'
[1.445s] Level 5:colcon.colcon_core.verb:set package 'leo_desktop' build argument 'catkin_cmake_args' from command line to 'None'
[1.445s] Level 5:colcon.colcon_core.verb:set package 'leo_desktop' build argument 'catkin_skip_building_tests' from command line to 'False'
[1.445s] DEBUG:colcon.colcon_core.verb:Building package 'leo_desktop' with the following arguments: {'ament_cmake_args': None, 'build_base': '/home/situjet/Desktop/leo_common-ros2/build/leo_desktop', 'catkin_cmake_args': None, 'catkin_skip_building_tests': False, 'cmake_args': None, 'cmake_clean_cache': False, 'cmake_clean_first': False, 'cmake_force_configure': False, 'cmake_target': None, 'cmake_target_skip_unavailable': False, 'install_base': '/home/situjet/Desktop/leo_common-ros2/install/leo_desktop', 'merge_install': False, 'path': '/home/situjet/Desktop/leo_common-ros2/src/leo_desktop', 'symlink_install': True, 'test_result_base': None}
[1.458s] INFO:colcon.colcon_core.executor:Executing jobs using 'parallel' executor
[1.471s] DEBUG:colcon.colcon_parallel_executor.executor.parallel:run_until_complete
[1.471s] INFO:colcon.colcon_ros.task.ament_cmake.build:Building ROS package in '/home/situjet/Desktop/leo_common-ros2/src/leo_description' with build type 'ament_cmake'
[1.471s] INFO:colcon.colcon_cmake.task.cmake.build:Building CMake package in '/home/situjet/Desktop/leo_common-ros2/src/leo_description'
[1.488s] INFO:colcon.colcon_core.plugin_system:Skipping extension 'colcon_core.shell.bat': Not used on non-Windows systems
[1.488s] INFO:colcon.colcon_core.shell:Skip shell extension 'powershell' for command environment: Not usable outside of PowerShell
[1.488s] DEBUG:colcon.colcon_core.shell:Skip shell extension 'dsv' for command environment
[1.542s] INFO:colcon.colcon_ros.task.ament_cmake.build:Building ROS package in '/home/situjet/Desktop/leo_common-ros2/src/leo_msgs' with build type 'ament_cmake'
[1.542s] INFO:colcon.colcon_cmake.task.cmake.build:Building CMake package in '/home/situjet/Desktop/leo_common-ros2/src/leo_msgs'
[1.556s] INFO:colcon.colcon_core.shell:Skip shell extension 'powershell' for command environment: Not usable outside of PowerShell
[1.556s] DEBUG:colcon.colcon_core.shell:Skip shell extension 'dsv' for command environment
[1.611s] INFO:colcon.colcon_ros.task.ament_cmake.build:Building ROS package in '/home/situjet/Desktop/leo_common-ros2/src/leo_teleop' with build type 'ament_cmake'
[1.612s] INFO:colcon.colcon_cmake.task.cmake.build:Building CMake package in '/home/situjet/Desktop/leo_common-ros2/src/leo_teleop'
[1.625s] INFO:colcon.colcon_core.shell:Skip shell extension 'powershell' for command environment: Not usable outside of PowerShell
[1.625s] DEBUG:colcon.colcon_core.shell:Skip shell extension 'dsv' for command environment
[1.680s] INFO:colcon.colcon_ros.task.ament_cmake.build:Building ROS package in '/home/situjet/Desktop/leo_common-ros2/src/leo_teleop_holonomic' with build type 'ament_cmake'
[1.681s] INFO:colcon.colcon_cmake.task.cmake.build:Building CMake package in '/home/situjet/Desktop/leo_common-ros2/src/leo_teleop_holonomic'
[1.694s] INFO:colcon.colcon_core.shell:Skip shell extension 'powershell' for command environment: Not usable outside of PowerShell
[1.694s] DEBUG:colcon.colcon_core.shell:Skip shell extension 'dsv' for command environment
[1.749s] INFO:colcon.colcon_ros.task.ament_python.build:Building ROS package in '/home/situjet/Desktop/leo_common-ros2/src/programmed_drive' with build type 'ament_python'
[1.749s] Level 1:colcon.colcon_core.shell:create_environment_hook('programmed_drive', 'ament_prefix_path')
[1.763s] INFO:colcon.colcon_core.shell:Creating environment hook '/home/situjet/Desktop/leo_common-ros2/install/programmed_drive/share/programmed_drive/hook/ament_prefix_path.ps1'
[1.764s] INFO:colcon.colcon_core.shell:Creating environment descriptor '/home/situjet/Desktop/leo_common-ros2/install/programmed_drive/share/programmed_drive/hook/ament_prefix_path.dsv'
[1.764s] INFO:colcon.colcon_core.shell:Creating environment hook '/home/situjet/Desktop/leo_common-ros2/install/programmed_drive/share/programmed_drive/hook/ament_prefix_path.sh'
[1.778s] INFO:colcon.colcon_core.shell:Skip shell extension 'powershell' for command environment: Not usable outside of PowerShell
[1.778s] DEBUG:colcon.colcon_core.shell:Skip shell extension 'dsv' for command environment
[1.837s] DEBUG:colcon.colcon_core.event_handler.log_command:Invoking command in '/home/situjet/Desktop/leo_common-ros2/build/leo_description': CMAKE_PREFIX_PATH=${CMAKE_PREFIX_PATH}:/opt/ros/humble /home/situjet/.local/bin/cmake --build /home/situjet/Desktop/leo_common-ros2/build/leo_description -- -j12 -l12
[1.838s] DEBUG:colcon.colcon_core.event_handler.log_command:Invoking command in '/home/situjet/Desktop/leo_common-ros2/build/leo_msgs': CMAKE_PREFIX_PATH=${CMAKE_PREFIX_PATH}:/opt/ros/humble /home/situjet/.local/bin/cmake --build /home/situjet/Desktop/leo_common-ros2/build/leo_msgs -- -j12 -l12
[1.840s] DEBUG:colcon.colcon_core.event_handler.log_command:Invoking command in '/home/situjet/Desktop/leo_common-ros2/build/leo_teleop': CMAKE_PREFIX_PATH=${CMAKE_PREFIX_PATH}:/opt/ros/humble /home/situjet/.local/bin/cmake --build /home/situjet/Desktop/leo_common-ros2/build/leo_teleop -- -j12 -l12
[1.842s] DEBUG:colcon.colcon_core.event_handler.log_command:Invoking command in '/home/situjet/Desktop/leo_common-ros2/build/leo_teleop_holonomic': CMAKE_PREFIX_PATH=${CMAKE_PREFIX_PATH}:/opt/ros/humble /home/situjet/.local/bin/cmake /home/situjet/Desktop/leo_common-ros2/src/leo_teleop_holonomic -DAMENT_CMAKE_SYMLINK_INSTALL=1 -DCMAKE_INSTALL_PREFIX=/home/situjet/Desktop/leo_common-ros2/install/leo_teleop_holonomic
[2.060s] INFO:colcon.colcon_core.task.python.build:Building Python package in '/home/situjet/Desktop/leo_common-ros2/src/programmed_drive'
[2.074s] INFO:colcon.colcon_core.shell:Skip shell extension 'powershell' for command environment: Not usable outside of PowerShell
[2.074s] DEBUG:colcon.colcon_core.shell:Skip shell extension 'dsv' for command environment
[2.134s] DEBUG:colcon.colcon_core.event_handler.log_command:Invoked command in '/home/situjet/Desktop/leo_common-ros2/build/leo_description' returned '0': CMAKE_PREFIX_PATH=${CMAKE_PREFIX_PATH}:/opt/ros/humble /home/situjet/.local/bin/cmake --build /home/situjet/Desktop/leo_common-ros2/build/leo_description -- -j12 -l12
[2.135s] DEBUG:colcon.colcon_core.event_handler.log_command:Invoked command in '/home/situjet/Desktop/leo_common-ros2/build/leo_msgs' returned '0': CMAKE_PREFIX_PATH=${CMAKE_PREFIX_PATH}:/opt/ros/humble /home/situjet/.local/bin/cmake --build /home/situjet/Desktop/leo_common-ros2/build/leo_msgs -- -j12 -l12
[2.135s] DEBUG:colcon.colcon_core.event_handler.log_command:Invoked command in '/home/situjet/Desktop/leo_common-ros2/build/leo_teleop_holonomic' returned '0': CMAKE_PREFIX_PATH=${CMAKE_PREFIX_PATH}:/opt/ros/humble /home/situjet/.local/bin/cmake /home/situjet/Desktop/leo_common-ros2/src/leo_teleop_holonomic -DAMENT_CMAKE_SYMLINK_INSTALL=1 -DCMAKE_INSTALL_PREFIX=/home/situjet/Desktop/leo_common-ros2/install/leo_teleop_holonomic
[2.136s] DEBUG:colcon.colcon_core.event_handler.log_command:Invoking command in '/home/situjet/Desktop/leo_common-ros2/build/leo_teleop_holonomic': CMAKE_PREFIX_PATH=${CMAKE_PREFIX_PATH}:/opt/ros/humble /home/situjet/.local/bin/cmake --build /home/situjet/Desktop/leo_common-ros2/build/leo_teleop_holonomic -- -j12 -l12
[2.137s] DEBUG:colcon.colcon_core.event_handler.log_command:Invoked command in '/home/situjet/Desktop/leo_common-ros2/build/leo_teleop' returned '0': CMAKE_PREFIX_PATH=${CMAKE_PREFIX_PATH}:/opt/ros/humble /home/situjet/.local/bin/cmake --build /home/situjet/Desktop/leo_common-ros2/build/leo_teleop -- -j12 -l12
[2.188s] DEBUG:colcon.colcon_core.event_handler.log_command:Invoking command in '/home/situjet/Desktop/leo_common-ros2/build/leo_description': CMAKE_PREFIX_PATH=${CMAKE_PREFIX_PATH}:/opt/ros/humble /home/situjet/.local/bin/cmake --install /home/situjet/Desktop/leo_common-ros2/build/leo_description
[2.189s] DEBUG:colcon.colcon_core.event_handler.log_command:Invoking command in '/home/situjet/Desktop/leo_common-ros2/build/leo_teleop': CMAKE_PREFIX_PATH=${CMAKE_PREFIX_PATH}:/opt/ros/humble /home/situjet/.local/bin/cmake --install /home/situjet/Desktop/leo_common-ros2/build/leo_teleop
[2.190s] DEBUG:colcon.colcon_core.event_handler.log_command:Invoked command in '/home/situjet/Desktop/leo_common-ros2/build/leo_teleop_holonomic' returned '0': CMAKE_PREFIX_PATH=${CMAKE_PREFIX_PATH}:/opt/ros/humble /home/situjet/.local/bin/cmake --build /home/situjet/Desktop/leo_common-ros2/build/leo_teleop_holonomic -- -j12 -l12
[2.218s] Level 1:colcon.colcon_core.environment:create_environment_scripts_only(leo_teleop)
[2.219s] DEBUG:colcon.colcon_core.event_handler.log_command:Invoked command in '/home/situjet/Desktop/leo_common-ros2/build/leo_teleop' returned '0': CMAKE_PREFIX_PATH=${CMAKE_PREFIX_PATH}:/opt/ros/humble /home/situjet/.local/bin/cmake --install /home/situjet/Desktop/leo_common-ros2/build/leo_teleop
[2.249s] Level 1:colcon.colcon_core.environment:checking '/home/situjet/Desktop/leo_common-ros2/install/leo_teleop' for CMake module files
[2.249s] Level 1:colcon.colcon_core.environment:checking '/home/situjet/Desktop/leo_common-ros2/install/leo_teleop' for CMake config files
[2.249s] Level 1:colcon.colcon_core.shell:create_environment_hook('leo_teleop', 'cmake_prefix_path')
[2.264s] INFO:colcon.colcon_core.shell:Creating environment hook '/home/situjet/Desktop/leo_common-ros2/install/leo_teleop/share/leo_teleop/hook/cmake_prefix_path.ps1'
[2.264s] INFO:colcon.colcon_core.shell:Creating environment descriptor '/home/situjet/Desktop/leo_common-ros2/install/leo_teleop/share/leo_teleop/hook/cmake_prefix_path.dsv'
[2.264s] INFO:colcon.colcon_core.shell:Creating environment hook '/home/situjet/Desktop/leo_common-ros2/install/leo_teleop/share/leo_teleop/hook/cmake_prefix_path.sh'
[2.265s] Level 1:colcon.colcon_core.environment:checking '/home/situjet/Desktop/leo_common-ros2/install/leo_teleop/bin'
[2.265s] Level 1:colcon.colcon_core.environment:checking '/home/situjet/Desktop/leo_common-ros2/install/leo_teleop/lib/pkgconfig/leo_teleop.pc'
[2.265s] Level 1:colcon.colcon_core.environment:checking '/home/situjet/Desktop/leo_common-ros2/install/leo_teleop/lib/python3.10/site-packages'
[2.265s] Level 1:colcon.colcon_core.environment:checking '/home/situjet/Desktop/leo_common-ros2/install/leo_teleop/bin'
[2.279s] INFO:colcon.colcon_core.shell:Creating package script '/home/situjet/Desktop/leo_common-ros2/install/leo_teleop/share/leo_teleop/package.ps1'
[2.279s] INFO:colcon.colcon_core.shell:Creating package descriptor '/home/situjet/Desktop/leo_common-ros2/install/leo_teleop/share/leo_teleop/package.dsv'
[2.280s] INFO:colcon.colcon_core.shell:Creating package script '/home/situjet/Desktop/leo_common-ros2/install/leo_teleop/share/leo_teleop/package.sh'
[2.280s] INFO:colcon.colcon_core.shell:Creating package script '/home/situjet/Desktop/leo_common-ros2/install/leo_teleop/share/leo_teleop/package.bash'
[2.281s] INFO:colcon.colcon_core.shell:Creating package script '/home/situjet/Desktop/leo_common-ros2/install/leo_teleop/share/leo_teleop/package.zsh'
[2.281s] Level 1:colcon.colcon_core.environment:create_file_with_runtime_dependencies(/home/situjet/Desktop/leo_common-ros2/install/leo_teleop/share/colcon-core/packages/leo_teleop)
[2.282s] Level 1:colcon.colcon_core.environment:create_environment_scripts_only(leo_description)
[2.282s] DEBUG:colcon.colcon_core.event_handler.log_command:Invoked command in '/home/situjet/Desktop/leo_common-ros2/build/leo_description' returned '0': CMAKE_PREFIX_PATH=${CMAKE_PREFIX_PATH}:/opt/ros/humble /home/situjet/.local/bin/cmake --install /home/situjet/Desktop/leo_common-ros2/build/leo_description
[2.295s] Level 1:colcon.colcon_core.environment:checking '/home/situjet/Desktop/leo_common-ros2/install/leo_description' for CMake module files
[2.296s] Level 1:colcon.colcon_core.environment:checking '/home/situjet/Desktop/leo_common-ros2/install/leo_description' for CMake config files
[2.296s] Level 1:colcon.colcon_core.shell:create_environment_hook('leo_description', 'cmake_prefix_path')
[2.310s] INFO:colcon.colcon_core.shell:Creating environment hook '/home/situjet/Desktop/leo_common-ros2/install/leo_description/share/leo_description/hook/cmake_prefix_path.ps1'
[2.310s] INFO:colcon.colcon_core.shell:Creating environment descriptor '/home/situjet/Desktop/leo_common-ros2/install/leo_description/share/leo_description/hook/cmake_prefix_path.dsv'
[2.310s] INFO:colcon.colcon_core.shell:Creating environment hook '/home/situjet/Desktop/leo_common-ros2/install/leo_description/share/leo_description/hook/cmake_prefix_path.sh'
[2.311s] Level 1:colcon.colcon_core.environment:checking '/home/situjet/Desktop/leo_common-ros2/install/leo_description/bin'
[2.311s] Level 1:colcon.colcon_core.environment:checking '/home/situjet/Desktop/leo_common-ros2/install/leo_description/lib/pkgconfig/leo_description.pc'
[2.311s] Level 1:colcon.colcon_core.environment:checking '/home/situjet/Desktop/leo_common-ros2/install/leo_description/lib/python3.10/site-packages'
[2.311s] Level 1:colcon.colcon_core.environment:checking '/home/situjet/Desktop/leo_common-ros2/install/leo_description/bin'
[2.332s] INFO:colcon.colcon_core.shell:Creating package script '/home/situjet/Desktop/leo_common-ros2/install/leo_description/share/leo_description/package.ps1'
[2.333s] INFO:colcon.colcon_core.shell:Creating package descriptor '/home/situjet/Desktop/leo_common-ros2/install/leo_description/share/leo_description/package.dsv'
[2.333s] INFO:colcon.colcon_core.shell:Creating package script '/home/situjet/Desktop/leo_common-ros2/install/leo_description/share/leo_description/package.sh'
[2.333s] INFO:colcon.colcon_core.shell:Creating package script '/home/situjet/Desktop/leo_common-ros2/install/leo_description/share/leo_description/package.bash'
[2.333s] INFO:colcon.colcon_core.shell:Creating package script '/home/situjet/Desktop/leo_common-ros2/install/leo_description/share/leo_description/package.zsh'
[2.334s] Level 1:colcon.colcon_core.environment:create_file_with_runtime_dependencies(/home/situjet/Desktop/leo_common-ros2/install/leo_description/share/colcon-core/packages/leo_description)
[2.337s] DEBUG:colcon.colcon_core.event_handler.log_command:Invoking command in '/home/situjet/Desktop/leo_common-ros2/build/leo_teleop_holonomic': CMAKE_PREFIX_PATH=${CMAKE_PREFIX_PATH}:/opt/ros/humble /home/situjet/.local/bin/cmake --install /home/situjet/Desktop/leo_common-ros2/build/leo_teleop_holonomic
[2.337s] DEBUG:colcon.colcon_core.event_handler.log_command:Invoking command in '/home/situjet/Desktop/leo_common-ros2/build/leo_msgs': CMAKE_PREFIX_PATH=${CMAKE_PREFIX_PATH}:/opt/ros/humble /home/situjet/.local/bin/cmake --install /home/situjet/Desktop/leo_common-ros2/build/leo_msgs
[2.351s] Level 1:colcon.colcon_core.environment:create_environment_scripts_only(leo_teleop)
[2.367s] Level 1:colcon.colcon_core.environment:checking '/home/situjet/Desktop/leo_common-ros2/install/leo_teleop' for CMake module files
[2.368s] Level 1:colcon.colcon_core.environment:checking '/home/situjet/Desktop/leo_common-ros2/install/leo_teleop' for CMake config files
[2.368s] Level 1:colcon.colcon_core.shell:create_environment_hook('leo_teleop', 'cmake_prefix_path')
[2.382s] INFO:colcon.colcon_core.shell:Creating environment hook '/home/situjet/Desktop/leo_common-ros2/install/leo_teleop/share/leo_teleop/hook/cmake_prefix_path.ps1'
[2.382s] INFO:colcon.colcon_core.shell:Creating environment descriptor '/home/situjet/Desktop/leo_common-ros2/install/leo_teleop/share/leo_teleop/hook/cmake_prefix_path.dsv'
[2.382s] INFO:colcon.colcon_core.shell:Creating environment hook '/home/situjet/Desktop/leo_common-ros2/install/leo_teleop/share/leo_teleop/hook/cmake_prefix_path.sh'
[2.383s] Level 1:colcon.colcon_core.environment:checking '/home/situjet/Desktop/leo_common-ros2/install/leo_teleop/bin'
[2.383s] Level 1:colcon.colcon_core.environment:checking '/home/situjet/Desktop/leo_common-ros2/install/leo_teleop/lib/pkgconfig/leo_teleop.pc'
[2.383s] Level 1:colcon.colcon_core.environment:checking '/home/situjet/Desktop/leo_common-ros2/install/leo_teleop/lib/python3.10/site-packages'
[2.383s] Level 1:colcon.colcon_core.environment:checking '/home/situjet/Desktop/leo_common-ros2/install/leo_teleop/bin'
[2.396s] INFO:colcon.colcon_core.shell:Creating package script '/home/situjet/Desktop/leo_common-ros2/install/leo_teleop/share/leo_teleop/package.ps1'
[2.397s] INFO:colcon.colcon_core.shell:Creating package descriptor '/home/situjet/Desktop/leo_common-ros2/install/leo_teleop/share/leo_teleop/package.dsv'
[2.397s] INFO:colcon.colcon_core.shell:Creating package script '/home/situjet/Desktop/leo_common-ros2/install/leo_teleop/share/leo_teleop/package.sh'
[2.397s] INFO:colcon.colcon_core.shell:Creating package script '/home/situjet/Desktop/leo_common-ros2/install/leo_teleop/share/leo_teleop/package.bash'
[2.398s] INFO:colcon.colcon_core.shell:Creating package script '/home/situjet/Desktop/leo_common-ros2/install/leo_teleop/share/leo_teleop/package.zsh'
[2.398s] Level 1:colcon.colcon_core.environment:create_file_with_runtime_dependencies(/home/situjet/Desktop/leo_common-ros2/install/leo_teleop/share/colcon-core/packages/leo_teleop)
[2.423s] Level 1:colcon.colcon_core.environment:create_environment_scripts_only(leo_description)
[2.440s] Level 1:colcon.colcon_core.environment:checking '/home/situjet/Desktop/leo_common-ros2/install/leo_description' for CMake module files
[2.441s] Level 1:colcon.colcon_core.environment:checking '/home/situjet/Desktop/leo_common-ros2/install/leo_description' for CMake config files
[2.441s] Level 1:colcon.colcon_core.shell:create_environment_hook('leo_description', 'cmake_prefix_path')
[2.457s] INFO:colcon.colcon_core.shell:Creating environment hook '/home/situjet/Desktop/leo_common-ros2/install/leo_description/share/leo_description/hook/cmake_prefix_path.ps1'
[2.457s] INFO:colcon.colcon_core.shell:Creating environment descriptor '/home/situjet/Desktop/leo_common-ros2/install/leo_description/share/leo_description/hook/cmake_prefix_path.dsv'
[2.458s] INFO:colcon.colcon_core.shell:Creating environment hook '/home/situjet/Desktop/leo_common-ros2/install/leo_description/share/leo_description/hook/cmake_prefix_path.sh'
[2.458s] Level 1:colcon.colcon_core.environment:checking '/home/situjet/Desktop/leo_common-ros2/install/leo_description/bin'
[2.458s] Level 1:colcon.colcon_core.environment:checking '/home/situjet/Desktop/leo_common-ros2/install/leo_description/lib/pkgconfig/leo_description.pc'
[2.458s] Level 1:colcon.colcon_core.environment:checking '/home/situjet/Desktop/leo_common-ros2/install/leo_description/lib/python3.10/site-packages'
[2.458s] Level 1:colcon.colcon_core.environment:checking '/home/situjet/Desktop/leo_common-ros2/install/leo_description/bin'
[2.475s] INFO:colcon.colcon_core.shell:Creating package script '/home/situjet/Desktop/leo_common-ros2/install/leo_description/share/leo_description/package.ps1'
[2.475s] INFO:colcon.colcon_core.shell:Creating package descriptor '/home/situjet/Desktop/leo_common-ros2/install/leo_description/share/leo_description/package.dsv'
[2.476s] INFO:colcon.colcon_core.shell:Creating package script '/home/situjet/Desktop/leo_common-ros2/install/leo_description/share/leo_description/package.sh'
[2.476s] INFO:colcon.colcon_core.shell:Creating package script '/home/situjet/Desktop/leo_common-ros2/install/leo_description/share/leo_description/package.bash'
[2.476s] INFO:colcon.colcon_core.shell:Creating package script '/home/situjet/Desktop/leo_common-ros2/install/leo_description/share/leo_description/package.zsh'
[2.476s] Level 1:colcon.colcon_core.environment:create_file_with_runtime_dependencies(/home/situjet/Desktop/leo_common-ros2/install/leo_description/share/colcon-core/packages/leo_description)
[2.477s] INFO:colcon.colcon_ros.task.ament_cmake.build:Building ROS package in '/home/situjet/Desktop/leo_common-ros2/src/leo_viz' with build type 'ament_cmake'
[2.477s] INFO:colcon.colcon_cmake.task.cmake.build:Building CMake package in '/home/situjet/Desktop/leo_common-ros2/src/leo_viz'
[2.493s] INFO:colcon.colcon_core.shell:Skip shell extension 'powershell' for command environment: Not usable outside of PowerShell
[2.494s] DEBUG:colcon.colcon_core.shell:Skip shell extension 'dsv' for command environment
[2.557s] Level 1:colcon.colcon_core.environment:create_environment_scripts_only(leo_teleop_holonomic)
[2.558s] DEBUG:colcon.colcon_core.event_handler.log_command:Invoked command in '/home/situjet/Desktop/leo_common-ros2/build/leo_teleop_holonomic' returned '0': CMAKE_PREFIX_PATH=${CMAKE_PREFIX_PATH}:/opt/ros/humble /home/situjet/.local/bin/cmake --install /home/situjet/Desktop/leo_common-ros2/build/leo_teleop_holonomic
[2.573s] Level 1:colcon.colcon_core.environment:checking '/home/situjet/Desktop/leo_common-ros2/install/leo_teleop_holonomic' for CMake module files
[2.573s] Level 1:colcon.colcon_core.environment:checking '/home/situjet/Desktop/leo_common-ros2/install/leo_teleop_holonomic' for CMake config files
[2.574s] Level 1:colcon.colcon_core.shell:create_environment_hook('leo_teleop_holonomic', 'cmake_prefix_path')
[2.589s] INFO:colcon.colcon_core.shell:Creating environment hook '/home/situjet/Desktop/leo_common-ros2/install/leo_teleop_holonomic/share/leo_teleop_holonomic/hook/cmake_prefix_path.ps1'
[2.589s] INFO:colcon.colcon_core.shell:Creating environment descriptor '/home/situjet/Desktop/leo_common-ros2/install/leo_teleop_holonomic/share/leo_teleop_holonomic/hook/cmake_prefix_path.dsv'
[2.589s] INFO:colcon.colcon_core.shell:Creating environment hook '/home/situjet/Desktop/leo_common-ros2/install/leo_teleop_holonomic/share/leo_teleop_holonomic/hook/cmake_prefix_path.sh'
[2.590s] Level 1:colcon.colcon_core.environment:checking '/home/situjet/Desktop/leo_common-ros2/install/leo_teleop_holonomic/bin'
[2.590s] Level 1:colcon.colcon_core.environment:checking '/home/situjet/Desktop/leo_common-ros2/install/leo_teleop_holonomic/lib/pkgconfig/leo_teleop_holonomic.pc'
[2.590s] Level 1:colcon.colcon_core.environment:checking '/home/situjet/Desktop/leo_common-ros2/install/leo_teleop_holonomic/lib/python3.10/site-packages'
[2.590s] Level 1:colcon.colcon_core.environment:checking '/home/situjet/Desktop/leo_common-ros2/install/leo_teleop_holonomic/bin'
[2.605s] INFO:colcon.colcon_core.shell:Creating package script '/home/situjet/Desktop/leo_common-ros2/install/leo_teleop_holonomic/share/leo_teleop_holonomic/package.ps1'
[2.606s] INFO:colcon.colcon_core.shell:Creating package descriptor '/home/situjet/Desktop/leo_common-ros2/install/leo_teleop_holonomic/share/leo_teleop_holonomic/package.dsv'
[2.606s] INFO:colcon.colcon_core.shell:Creating package script '/home/situjet/Desktop/leo_common-ros2/install/leo_teleop_holonomic/share/leo_teleop_holonomic/package.sh'
[2.606s] INFO:colcon.colcon_core.shell:Creating package script '/home/situjet/Desktop/leo_common-ros2/install/leo_teleop_holonomic/share/leo_teleop_holonomic/package.bash'
[2.607s] INFO:colcon.colcon_core.shell:Creating package script '/home/situjet/Desktop/leo_common-ros2/install/leo_teleop_holonomic/share/leo_teleop_holonomic/package.zsh'
[2.607s] Level 1:colcon.colcon_core.environment:create_file_with_runtime_dependencies(/home/situjet/Desktop/leo_common-ros2/install/leo_teleop_holonomic/share/colcon-core/packages/leo_teleop_holonomic)
[2.609s] Level 1:colcon.colcon_core.environment:create_environment_scripts_only(leo_msgs)
[2.610s] DEBUG:colcon.colcon_core.event_handler.log_command:Invoking command in '/home/situjet/Desktop/leo_common-ros2/build/programmed_drive': PYTHONPATH=/home/situjet/Desktop/leo_common-ros2/build/programmed_drive/prefix_override:/home/situjet/Desktop/leo_common-ros2/install/programmed_drive/lib/python3.10/site-packages:${PYTHONPATH} /usr/bin/python3 setup.py develop --editable --build-directory /home/situjet/Desktop/leo_common-ros2/build/programmed_drive/build --no-deps install_data
[2.611s] DEBUG:colcon.colcon_core.event_handler.log_command:Invoked command in '/home/situjet/Desktop/leo_common-ros2/build/leo_msgs' returned '0': CMAKE_PREFIX_PATH=${CMAKE_PREFIX_PATH}:/opt/ros/humble /home/situjet/.local/bin/cmake --install /home/situjet/Desktop/leo_common-ros2/build/leo_msgs
[2.627s] Level 1:colcon.colcon_core.environment:checking '/home/situjet/Desktop/leo_common-ros2/install/leo_msgs' for CMake module files
[2.627s] Level 1:colcon.colcon_core.environment:checking '/home/situjet/Desktop/leo_common-ros2/install/leo_msgs' for CMake config files
[2.628s] Level 1:colcon.colcon_core.shell:create_environment_hook('leo_msgs', 'cmake_prefix_path')
[2.645s] INFO:colcon.colcon_core.shell:Creating environment hook '/home/situjet/Desktop/leo_common-ros2/install/leo_msgs/share/leo_msgs/hook/cmake_prefix_path.ps1'
[2.645s] INFO:colcon.colcon_core.shell:Creating environment descriptor '/home/situjet/Desktop/leo_common-ros2/install/leo_msgs/share/leo_msgs/hook/cmake_prefix_path.dsv'
[2.645s] INFO:colcon.colcon_core.shell:Creating environment hook '/home/situjet/Desktop/leo_common-ros2/install/leo_msgs/share/leo_msgs/hook/cmake_prefix_path.sh'
[2.646s] Level 1:colcon.colcon_core.environment:checking '/home/situjet/Desktop/leo_common-ros2/install/leo_msgs/lib'
[2.646s] Level 1:colcon.colcon_core.shell:create_environment_hook('leo_msgs', 'ld_library_path_lib')
[2.662s] INFO:colcon.colcon_core.shell:Creating environment hook '/home/situjet/Desktop/leo_common-ros2/install/leo_msgs/share/leo_msgs/hook/ld_library_path_lib.ps1'
[2.662s] INFO:colcon.colcon_core.shell:Creating environment descriptor '/home/situjet/Desktop/leo_common-ros2/install/leo_msgs/share/leo_msgs/hook/ld_library_path_lib.dsv'
[2.663s] INFO:colcon.colcon_core.shell:Creating environment hook '/home/situjet/Desktop/leo_common-ros2/install/leo_msgs/share/leo_msgs/hook/ld_library_path_lib.sh'
[2.663s] Level 1:colcon.colcon_core.environment:checking '/home/situjet/Desktop/leo_common-ros2/install/leo_msgs/bin'
[2.663s] Level 1:colcon.colcon_core.environment:checking '/home/situjet/Desktop/leo_common-ros2/install/leo_msgs/lib/pkgconfig/leo_msgs.pc'
[2.663s] Level 1:colcon.colcon_core.environment:checking '/home/situjet/Desktop/leo_common-ros2/install/leo_msgs/lib/python3.10/site-packages'
[2.663s] Level 1:colcon.colcon_core.environment:checking '/home/situjet/Desktop/leo_common-ros2/install/leo_msgs/bin'
[2.680s] INFO:colcon.colcon_core.shell:Creating package script '/home/situjet/Desktop/leo_common-ros2/install/leo_msgs/share/leo_msgs/package.ps1'
[2.680s] INFO:colcon.colcon_core.shell:Creating package descriptor '/home/situjet/Desktop/leo_common-ros2/install/leo_msgs/share/leo_msgs/package.dsv'
[2.681s] INFO:colcon.colcon_core.shell:Creating package script '/home/situjet/Desktop/leo_common-ros2/install/leo_msgs/share/leo_msgs/package.sh'
[2.681s] INFO:colcon.colcon_core.shell:Creating package script '/home/situjet/Desktop/leo_common-ros2/install/leo_msgs/share/leo_msgs/package.bash'
[2.681s] INFO:colcon.colcon_core.shell:Creating package script '/home/situjet/Desktop/leo_common-ros2/install/leo_msgs/share/leo_msgs/package.zsh'
[2.681s] Level 1:colcon.colcon_core.environment:create_file_with_runtime_dependencies(/home/situjet/Desktop/leo_common-ros2/install/leo_msgs/share/colcon-core/packages/leo_msgs)
[2.685s] DEBUG:colcon.colcon_core.event_handler.log_command:Invoking command in '/home/situjet/Desktop/leo_common-ros2/build/leo_viz': CMAKE_PREFIX_PATH=/home/situjet/Desktop/leo_common-ros2/install/leo_description:/home/situjet/Desktop/leo_common-ros2/src/leo_teleop_holonomic/install/leo_teleop_holonomic:/home/situjet/Desktop/leo_common-ros2/install/leo_teleop_holonomic:/home/situjet/Desktop/leo_common-ros2/install/leo_desktop:/home/situjet/Desktop/leo_common-ros2/install/leo_viz:/home/situjet/Desktop/leo_common-ros2/install/leo:/home/situjet/Desktop/leo_common-ros2/install/leo_teleop:/home/situjet/Desktop/leo_common-ros2/install/leo_msgs:/opt/ros/humble /home/situjet/.local/bin/cmake --build /home/situjet/Desktop/leo_common-ros2/build/leo_viz -- -j12 -l12
[2.701s] Level 1:colcon.colcon_core.environment:create_environment_scripts_only(leo_teleop_holonomic)
[2.718s] Level 1:colcon.colcon_core.environment:checking '/home/situjet/Desktop/leo_common-ros2/install/leo_teleop_holonomic' for CMake module files
[2.718s] Level 1:colcon.colcon_core.environment:checking '/home/situjet/Desktop/leo_common-ros2/install/leo_teleop_holonomic' for CMake config files
[2.719s] Level 1:colcon.colcon_core.shell:create_environment_hook('leo_teleop_holonomic', 'cmake_prefix_path')
[2.735s] INFO:colcon.colcon_core.shell:Creating environment hook '/home/situjet/Desktop/leo_common-ros2/install/leo_teleop_holonomic/share/leo_teleop_holonomic/hook/cmake_prefix_path.ps1'
[2.735s] INFO:colcon.colcon_core.shell:Creating environment descriptor '/home/situjet/Desktop/leo_common-ros2/install/leo_teleop_holonomic/share/leo_teleop_holonomic/hook/cmake_prefix_path.dsv'
[2.735s] INFO:colcon.colcon_core.shell:Creating environment hook '/home/situjet/Desktop/leo_common-ros2/install/leo_teleop_holonomic/share/leo_teleop_holonomic/hook/cmake_prefix_path.sh'
[2.736s] Level 1:colcon.colcon_core.environment:checking '/home/situjet/Desktop/leo_common-ros2/install/leo_teleop_holonomic/bin'
[2.736s] Level 1:colcon.colcon_core.environment:checking '/home/situjet/Desktop/leo_common-ros2/install/leo_teleop_holonomic/lib/pkgconfig/leo_teleop_holonomic.pc'
[2.736s] Level 1:colcon.colcon_core.environment:checking '/home/situjet/Desktop/leo_common-ros2/install/leo_teleop_holonomic/lib/python3.10/site-packages'
[2.736s] Level 1:colcon.colcon_core.environment:checking '/home/situjet/Desktop/leo_common-ros2/install/leo_teleop_holonomic/bin'
[2.752s] INFO:colcon.colcon_core.shell:Creating package script '/home/situjet/Desktop/leo_common-ros2/install/leo_teleop_holonomic/share/leo_teleop_holonomic/package.ps1'
[2.753s] INFO:colcon.colcon_core.shell:Creating package descriptor '/home/situjet/Desktop/leo_common-ros2/install/leo_teleop_holonomic/share/leo_teleop_holonomic/package.dsv'
[2.753s] INFO:colcon.colcon_core.shell:Creating package script '/home/situjet/Desktop/leo_common-ros2/install/leo_teleop_holonomic/share/leo_teleop_holonomic/package.sh'
[2.754s] INFO:colcon.colcon_core.shell:Creating package script '/home/situjet/Desktop/leo_common-ros2/install/leo_teleop_holonomic/share/leo_teleop_holonomic/package.bash'
[2.754s] INFO:colcon.colcon_core.shell:Creating package script '/home/situjet/Desktop/leo_common-ros2/install/leo_teleop_holonomic/share/leo_teleop_holonomic/package.zsh'
[2.754s] Level 1:colcon.colcon_core.environment:create_file_with_runtime_dependencies(/home/situjet/Desktop/leo_common-ros2/install/leo_teleop_holonomic/share/colcon-core/packages/leo_teleop_holonomic)
[2.756s] DEBUG:colcon.colcon_core.event_handler.log_command:Invoked command in '/home/situjet/Desktop/leo_common-ros2/build/leo_viz' returned '0': CMAKE_PREFIX_PATH=/home/situjet/Desktop/leo_common-ros2/install/leo_description:/home/situjet/Desktop/leo_common-ros2/src/leo_teleop_holonomic/install/leo_teleop_holonomic:/home/situjet/Desktop/leo_common-ros2/install/leo_teleop_holonomic:/home/situjet/Desktop/leo_common-ros2/install/leo_desktop:/home/situjet/Desktop/leo_common-ros2/install/leo_viz:/home/situjet/Desktop/leo_common-ros2/install/leo:/home/situjet/Desktop/leo_common-ros2/install/leo_teleop:/home/situjet/Desktop/leo_common-ros2/install/leo_msgs:/opt/ros/humble /home/situjet/.local/bin/cmake --build /home/situjet/Desktop/leo_common-ros2/build/leo_viz -- -j12 -l12
[2.811s] Level 1:colcon.colcon_core.environment:create_environment_scripts_only(leo_msgs)
[2.830s] Level 1:colcon.colcon_core.environment:checking '/home/situjet/Desktop/leo_common-ros2/install/leo_msgs' for CMake module files
[2.831s] Level 1:colcon.colcon_core.environment:checking '/home/situjet/Desktop/leo_common-ros2/install/leo_msgs' for CMake config files
[2.832s] Level 1:colcon.colcon_core.shell:create_environment_hook('leo_msgs', 'cmake_prefix_path')
[2.847s] INFO:colcon.colcon_core.shell:Creating environment hook '/home/situjet/Desktop/leo_common-ros2/install/leo_msgs/share/leo_msgs/hook/cmake_prefix_path.ps1'
[2.848s] INFO:colcon.colcon_core.shell:Creating environment descriptor '/home/situjet/Desktop/leo_common-ros2/install/leo_msgs/share/leo_msgs/hook/cmake_prefix_path.dsv'
[2.848s] INFO:colcon.colcon_core.shell:Creating environment hook '/home/situjet/Desktop/leo_common-ros2/install/leo_msgs/share/leo_msgs/hook/cmake_prefix_path.sh'
[2.848s] Level 1:colcon.colcon_core.environment:checking '/home/situjet/Desktop/leo_common-ros2/install/leo_msgs/lib'
[2.849s] Level 1:colcon.colcon_core.shell:create_environment_hook('leo_msgs', 'ld_library_path_lib')
[2.864s] INFO:colcon.colcon_core.shell:Creating environment hook '/home/situjet/Desktop/leo_common-ros2/install/leo_msgs/share/leo_msgs/hook/ld_library_path_lib.ps1'
[2.865s] INFO:colcon.colcon_core.shell:Creating environment descriptor '/home/situjet/Desktop/leo_common-ros2/install/leo_msgs/share/leo_msgs/hook/ld_library_path_lib.dsv'
[2.865s] INFO:colcon.colcon_core.shell:Creating environment hook '/home/situjet/Desktop/leo_common-ros2/install/leo_msgs/share/leo_msgs/hook/ld_library_path_lib.sh'
[2.866s] Level 1:colcon.colcon_core.environment:checking '/home/situjet/Desktop/leo_common-ros2/install/leo_msgs/bin'
[2.866s] Level 1:colcon.colcon_core.environment:checking '/home/situjet/Desktop/leo_common-ros2/install/leo_msgs/lib/pkgconfig/leo_msgs.pc'
[2.866s] Level 1:colcon.colcon_core.environment:checking '/home/situjet/Desktop/leo_common-ros2/install/leo_msgs/lib/python3.10/site-packages'
[2.866s] Level 1:colcon.colcon_core.environment:checking '/home/situjet/Desktop/leo_common-ros2/install/leo_msgs/bin'
[2.883s] INFO:colcon.colcon_core.shell:Creating package script '/home/situjet/Desktop/leo_common-ros2/install/leo_msgs/share/leo_msgs/package.ps1'
[2.883s] INFO:colcon.colcon_core.shell:Creating package descriptor '/home/situjet/Desktop/leo_common-ros2/install/leo_msgs/share/leo_msgs/package.dsv'
[2.883s] INFO:colcon.colcon_core.shell:Creating package script '/home/situjet/Desktop/leo_common-ros2/install/leo_msgs/share/leo_msgs/package.sh'
[2.884s] INFO:colcon.colcon_core.shell:Creating package script '/home/situjet/Desktop/leo_common-ros2/install/leo_msgs/share/leo_msgs/package.bash'
[2.884s] INFO:colcon.colcon_core.shell:Creating package script '/home/situjet/Desktop/leo_common-ros2/install/leo_msgs/share/leo_msgs/package.zsh'
[2.884s] Level 1:colcon.colcon_core.environment:create_file_with_runtime_dependencies(/home/situjet/Desktop/leo_common-ros2/install/leo_msgs/share/colcon-core/packages/leo_msgs)
[2.885s] INFO:colcon.colcon_ros.task.ament_cmake.build:Building ROS package in '/home/situjet/Desktop/leo_common-ros2/src/leo' with build type 'ament_cmake'
[2.885s] INFO:colcon.colcon_cmake.task.cmake.build:Building CMake package in '/home/situjet/Desktop/leo_common-ros2/src/leo'
[2.901s] INFO:colcon.colcon_core.shell:Skip shell extension 'powershell' for command environment: Not usable outside of PowerShell
[2.901s] DEBUG:colcon.colcon_core.shell:Skip shell extension 'dsv' for command environment
[2.969s] DEBUG:colcon.colcon_core.event_handler.log_command:Invoking command in '/home/situjet/Desktop/leo_common-ros2/build/leo_viz': CMAKE_PREFIX_PATH=/home/situjet/Desktop/leo_common-ros2/install/leo_description:/home/situjet/Desktop/leo_common-ros2/src/leo_teleop_holonomic/install/leo_teleop_holonomic:/home/situjet/Desktop/leo_common-ros2/install/leo_teleop_holonomic:/home/situjet/Desktop/leo_common-ros2/install/leo_desktop:/home/situjet/Desktop/leo_common-ros2/install/leo_viz:/home/situjet/Desktop/leo_common-ros2/install/leo:/home/situjet/Desktop/leo_common-ros2/install/leo_teleop:/home/situjet/Desktop/leo_common-ros2/install/leo_msgs:/opt/ros/humble /home/situjet/.local/bin/cmake --install /home/situjet/Desktop/leo_common-ros2/build/leo_viz
[2.973s] DEBUG:colcon.colcon_core.event_handler.log_command:Invoking command in '/home/situjet/Desktop/leo_common-ros2/build/leo': CMAKE_PREFIX_PATH=/home/situjet/Desktop/leo_common-ros2/install/leo_teleop:/home/situjet/Desktop/leo_common-ros2/install/leo_msgs:/home/situjet/Desktop/leo_common-ros2/install/leo_description:/home/situjet/Desktop/leo_common-ros2/src/leo_teleop_holonomic/install/leo_teleop_holonomic:/home/situjet/Desktop/leo_common-ros2/install/leo_teleop_holonomic:/home/situjet/Desktop/leo_common-ros2/install/leo_desktop:/home/situjet/Desktop/leo_common-ros2/install/leo_viz:/home/situjet/Desktop/leo_common-ros2/install/leo:/opt/ros/humble /home/situjet/.local/bin/cmake --build /home/situjet/Desktop/leo_common-ros2/build/leo -- -j12 -l12
[3.002s] Level 1:colcon.colcon_core.environment:create_environment_scripts_only(leo_viz)
[3.002s] DEBUG:colcon.colcon_core.event_handler.log_command:Invoked command in '/home/situjet/Desktop/leo_common-ros2/build/leo_viz' returned '0': CMAKE_PREFIX_PATH=/home/situjet/Desktop/leo_common-ros2/install/leo_description:/home/situjet/Desktop/leo_common-ros2/src/leo_teleop_holonomic/install/leo_teleop_holonomic:/home/situjet/Desktop/leo_common-ros2/install/leo_teleop_holonomic:/home/situjet/Desktop/leo_common-ros2/install/leo_desktop:/home/situjet/Desktop/leo_common-ros2/install/leo_viz:/home/situjet/Desktop/leo_common-ros2/install/leo:/home/situjet/Desktop/leo_common-ros2/install/leo_teleop:/home/situjet/Desktop/leo_common-ros2/install/leo_msgs:/opt/ros/humble /home/situjet/.local/bin/cmake --install /home/situjet/Desktop/leo_common-ros2/build/leo_viz
[3.018s] Level 1:colcon.colcon_core.environment:checking '/home/situjet/Desktop/leo_common-ros2/install/leo_viz' for CMake module files
[3.019s] Level 1:colcon.colcon_core.environment:checking '/home/situjet/Desktop/leo_common-ros2/install/leo_viz' for CMake config files
[3.019s] Level 1:colcon.colcon_core.shell:create_environment_hook('leo_viz', 'cmake_prefix_path')
[3.037s] INFO:colcon.colcon_core.shell:Creating environment hook '/home/situjet/Desktop/leo_common-ros2/install/leo_viz/share/leo_viz/hook/cmake_prefix_path.ps1'
[3.038s] INFO:colcon.colcon_core.shell:Creating environment descriptor '/home/situjet/Desktop/leo_common-ros2/install/leo_viz/share/leo_viz/hook/cmake_prefix_path.dsv'
[3.038s] INFO:colcon.colcon_core.shell:Creating environment hook '/home/situjet/Desktop/leo_common-ros2/install/leo_viz/share/leo_viz/hook/cmake_prefix_path.sh'
[3.038s] Level 1:colcon.colcon_core.environment:checking '/home/situjet/Desktop/leo_common-ros2/install/leo_viz/bin'
[3.038s] Level 1:colcon.colcon_core.environment:checking '/home/situjet/Desktop/leo_common-ros2/install/leo_viz/lib/pkgconfig/leo_viz.pc'
[3.039s] Level 1:colcon.colcon_core.environment:checking '/home/situjet/Desktop/leo_common-ros2/install/leo_viz/lib/python3.10/site-packages'
[3.039s] Level 1:colcon.colcon_core.environment:checking '/home/situjet/Desktop/leo_common-ros2/install/leo_viz/bin'
[3.055s] INFO:colcon.colcon_core.shell:Creating package script '/home/situjet/Desktop/leo_common-ros2/install/leo_viz/share/leo_viz/package.ps1'
[3.056s] INFO:colcon.colcon_core.shell:Creating package descriptor '/home/situjet/Desktop/leo_common-ros2/install/leo_viz/share/leo_viz/package.dsv'
[3.056s] INFO:colcon.colcon_core.shell:Creating package script '/home/situjet/Desktop/leo_common-ros2/install/leo_viz/share/leo_viz/package.sh'
[3.057s] INFO:colcon.colcon_core.shell:Creating package script '/home/situjet/Desktop/leo_common-ros2/install/leo_viz/share/leo_viz/package.bash'
[3.057s] INFO:colcon.colcon_core.shell:Creating package script '/home/situjet/Desktop/leo_common-ros2/install/leo_viz/share/leo_viz/package.zsh'
[3.057s] Level 1:colcon.colcon_core.environment:create_file_with_runtime_dependencies(/home/situjet/Desktop/leo_common-ros2/install/leo_viz/share/colcon-core/packages/leo_viz)
[3.059s] DEBUG:colcon.colcon_core.event_handler.log_command:Invoked command in '/home/situjet/Desktop/leo_common-ros2/build/leo' returned '0': CMAKE_PREFIX_PATH=/home/situjet/Desktop/leo_common-ros2/install/leo_teleop:/home/situjet/Desktop/leo_common-ros2/install/leo_msgs:/home/situjet/Desktop/leo_common-ros2/install/leo_description:/home/situjet/Desktop/leo_common-ros2/src/leo_teleop_holonomic/install/leo_teleop_holonomic:/home/situjet/Desktop/leo_common-ros2/install/leo_teleop_holonomic:/home/situjet/Desktop/leo_common-ros2/install/leo_desktop:/home/situjet/Desktop/leo_common-ros2/install/leo_viz:/home/situjet/Desktop/leo_common-ros2/install/leo:/opt/ros/humble /home/situjet/.local/bin/cmake --build /home/situjet/Desktop/leo_common-ros2/build/leo -- -j12 -l12
[3.059s] Level 1:colcon.colcon_core.shell:create_environment_hook('programmed_drive', 'pythonpath_develop')
[3.060s] DEBUG:colcon.colcon_core.event_handler.log_command:Invoked command in '/home/situjet/Desktop/leo_common-ros2/build/programmed_drive' returned '0': PYTHONPATH=/home/situjet/Desktop/leo_common-ros2/build/programmed_drive/prefix_override:/home/situjet/Desktop/leo_common-ros2/install/programmed_drive/lib/python3.10/site-packages:${PYTHONPATH} /usr/bin/python3 setup.py develop --editable --build-directory /home/situjet/Desktop/leo_common-ros2/build/programmed_drive/build --no-deps install_data
[3.077s] INFO:colcon.colcon_core.shell:Creating environment hook '/home/situjet/Desktop/leo_common-ros2/build/programmed_drive/share/programmed_drive/hook/pythonpath_develop.ps1'
[3.077s] INFO:colcon.colcon_core.shell:Creating environment descriptor '/home/situjet/Desktop/leo_common-ros2/build/programmed_drive/share/programmed_drive/hook/pythonpath_develop.dsv'
[3.077s] INFO:colcon.colcon_core.shell:Creating environment hook '/home/situjet/Desktop/leo_common-ros2/build/programmed_drive/share/programmed_drive/hook/pythonpath_develop.sh'
[3.094s] Level 1:colcon.colcon_core.environment:checking '/home/situjet/Desktop/leo_common-ros2/install/programmed_drive' for CMake module files
[3.094s] Level 1:colcon.colcon_core.environment:checking '/home/situjet/Desktop/leo_common-ros2/install/programmed_drive' for CMake config files
[3.095s] Level 1:colcon.colcon_core.environment:checking '/home/situjet/Desktop/leo_common-ros2/install/programmed_drive/lib'
[3.095s] Level 1:colcon.colcon_core.environment:checking '/home/situjet/Desktop/leo_common-ros2/install/programmed_drive/bin'
[3.095s] Level 1:colcon.colcon_core.environment:checking '/home/situjet/Desktop/leo_common-ros2/install/programmed_drive/lib/pkgconfig/programmed_drive.pc'
[3.095s] Level 1:colcon.colcon_core.environment:checking '/home/situjet/Desktop/leo_common-ros2/install/programmed_drive/lib/python3.10/site-packages'
[3.095s] Level 1:colcon.colcon_core.shell:create_environment_hook('programmed_drive', 'pythonpath')
[3.111s] INFO:colcon.colcon_core.shell:Creating environment hook '/home/situjet/Desktop/leo_common-ros2/install/programmed_drive/share/programmed_drive/hook/pythonpath.ps1'
[3.112s] INFO:colcon.colcon_core.shell:Creating environment descriptor '/home/situjet/Desktop/leo_common-ros2/install/programmed_drive/share/programmed_drive/hook/pythonpath.dsv'
[3.112s] INFO:colcon.colcon_core.shell:Creating environment hook '/home/situjet/Desktop/leo_common-ros2/install/programmed_drive/share/programmed_drive/hook/pythonpath.sh'
[3.112s] Level 1:colcon.colcon_core.environment:checking '/home/situjet/Desktop/leo_common-ros2/install/programmed_drive/bin'
[3.112s] Level 1:colcon.colcon_core.environment:create_environment_scripts_only(programmed_drive)
[3.129s] INFO:colcon.colcon_core.shell:Creating package script '/home/situjet/Desktop/leo_common-ros2/install/programmed_drive/share/programmed_drive/package.ps1'
[3.129s] INFO:colcon.colcon_core.shell:Creating package descriptor '/home/situjet/Desktop/leo_common-ros2/install/programmed_drive/share/programmed_drive/package.dsv'
[3.129s] INFO:colcon.colcon_core.shell:Creating package script '/home/situjet/Desktop/leo_common-ros2/install/programmed_drive/share/programmed_drive/package.sh'
[3.130s] INFO:colcon.colcon_core.shell:Creating package script '/home/situjet/Desktop/leo_common-ros2/install/programmed_drive/share/programmed_drive/package.bash'
[3.130s] INFO:colcon.colcon_core.shell:Creating package script '/home/situjet/Desktop/leo_common-ros2/install/programmed_drive/share/programmed_drive/package.zsh'
[3.130s] Level 1:colcon.colcon_core.environment:create_file_with_runtime_dependencies(/home/situjet/Desktop/leo_common-ros2/install/programmed_drive/share/colcon-core/packages/programmed_drive)
[3.147s] Level 1:colcon.colcon_core.environment:create_environment_scripts_only(leo_viz)
[3.163s] Level 1:colcon.colcon_core.environment:checking '/home/situjet/Desktop/leo_common-ros2/install/leo_viz' for CMake module files
[3.164s] Level 1:colcon.colcon_core.environment:checking '/home/situjet/Desktop/leo_common-ros2/install/leo_viz' for CMake config files
[3.164s] Level 1:colcon.colcon_core.shell:create_environment_hook('leo_viz', 'cmake_prefix_path')
[3.180s] INFO:colcon.colcon_core.shell:Creating environment hook '/home/situjet/Desktop/leo_common-ros2/install/leo_viz/share/leo_viz/hook/cmake_prefix_path.ps1'
[3.180s] INFO:colcon.colcon_core.shell:Creating environment descriptor '/home/situjet/Desktop/leo_common-ros2/install/leo_viz/share/leo_viz/hook/cmake_prefix_path.dsv'
[3.181s] INFO:colcon.colcon_core.shell:Creating environment hook '/home/situjet/Desktop/leo_common-ros2/install/leo_viz/share/leo_viz/hook/cmake_prefix_path.sh'
[3.181s] Level 1:colcon.colcon_core.environment:checking '/home/situjet/Desktop/leo_common-ros2/install/leo_viz/bin'
[3.181s] Level 1:colcon.colcon_core.environment:checking '/home/situjet/Desktop/leo_common-ros2/install/leo_viz/lib/pkgconfig/leo_viz.pc'
[3.181s] Level 1:colcon.colcon_core.environment:checking '/home/situjet/Desktop/leo_common-ros2/install/leo_viz/lib/python3.10/site-packages'
[3.182s] Level 1:colcon.colcon_core.environment:checking '/home/situjet/Desktop/leo_common-ros2/install/leo_viz/bin'
[3.198s] INFO:colcon.colcon_core.shell:Creating package script '/home/situjet/Desktop/leo_common-ros2/install/leo_viz/share/leo_viz/package.ps1'
[3.198s] INFO:colcon.colcon_core.shell:Creating package descriptor '/home/situjet/Desktop/leo_common-ros2/install/leo_viz/share/leo_viz/package.dsv'
[3.199s] INFO:colcon.colcon_core.shell:Creating package script '/home/situjet/Desktop/leo_common-ros2/install/leo_viz/share/leo_viz/package.sh'
[3.199s] INFO:colcon.colcon_core.shell:Creating package script '/home/situjet/Desktop/leo_common-ros2/install/leo_viz/share/leo_viz/package.bash'
[3.199s] INFO:colcon.colcon_core.shell:Creating package script '/home/situjet/Desktop/leo_common-ros2/install/leo_viz/share/leo_viz/package.zsh'
[3.200s] Level 1:colcon.colcon_core.environment:create_file_with_runtime_dependencies(/home/situjet/Desktop/leo_common-ros2/install/leo_viz/share/colcon-core/packages/leo_viz)
[3.201s] DEBUG:colcon.colcon_core.event_handler.log_command:Invoking command in '/home/situjet/Desktop/leo_common-ros2/build/leo': CMAKE_PREFIX_PATH=/home/situjet/Desktop/leo_common-ros2/install/leo_teleop:/home/situjet/Desktop/leo_common-ros2/install/leo_msgs:/home/situjet/Desktop/leo_common-ros2/install/leo_description:/home/situjet/Desktop/leo_common-ros2/src/leo_teleop_holonomic/install/leo_teleop_holonomic:/home/situjet/Desktop/leo_common-ros2/install/leo_teleop_holonomic:/home/situjet/Desktop/leo_common-ros2/install/leo_desktop:/home/situjet/Desktop/leo_common-ros2/install/leo_viz:/home/situjet/Desktop/leo_common-ros2/install/leo:/opt/ros/humble /home/situjet/.local/bin/cmake --install /home/situjet/Desktop/leo_common-ros2/build/leo
[3.231s] Level 1:colcon.colcon_core.environment:create_environment_scripts_only(leo)
[3.232s] DEBUG:colcon.colcon_core.event_handler.log_command:Invoked command in '/home/situjet/Desktop/leo_common-ros2/build/leo' returned '0': CMAKE_PREFIX_PATH=/home/situjet/Desktop/leo_common-ros2/install/leo_teleop:/home/situjet/Desktop/leo_common-ros2/install/leo_msgs:/home/situjet/Desktop/leo_common-ros2/install/leo_description:/home/situjet/Desktop/leo_common-ros2/src/leo_teleop_holonomic/install/leo_teleop_holonomic:/home/situjet/Desktop/leo_common-ros2/install/leo_teleop_holonomic:/home/situjet/Desktop/leo_common-ros2/install/leo_desktop:/home/situjet/Desktop/leo_common-ros2/install/leo_viz:/home/situjet/Desktop/leo_common-ros2/install/leo:/opt/ros/humble /home/situjet/.local/bin/cmake --install /home/situjet/Desktop/leo_common-ros2/build/leo
[3.248s] Level 1:colcon.colcon_core.environment:checking '/home/situjet/Desktop/leo_common-ros2/install/leo' for CMake module files
[3.249s] Level 1:colcon.colcon_core.environment:checking '/home/situjet/Desktop/leo_common-ros2/install/leo' for CMake config files
[3.249s] Level 1:colcon.colcon_core.shell:create_environment_hook('leo', 'cmake_prefix_path')
[3.265s] INFO:colcon.colcon_core.shell:Creating environment hook '/home/situjet/Desktop/leo_common-ros2/install/leo/share/leo/hook/cmake_prefix_path.ps1'
[3.265s] INFO:colcon.colcon_core.shell:Creating environment descriptor '/home/situjet/Desktop/leo_common-ros2/install/leo/share/leo/hook/cmake_prefix_path.dsv'
[3.265s] INFO:colcon.colcon_core.shell:Creating environment hook '/home/situjet/Desktop/leo_common-ros2/install/leo/share/leo/hook/cmake_prefix_path.sh'
[3.266s] Level 1:colcon.colcon_core.environment:checking '/home/situjet/Desktop/leo_common-ros2/install/leo/bin'
[3.266s] Level 1:colcon.colcon_core.environment:checking '/home/situjet/Desktop/leo_common-ros2/install/leo/lib/pkgconfig/leo.pc'
[3.266s] Level 1:colcon.colcon_core.environment:checking '/home/situjet/Desktop/leo_common-ros2/install/leo/lib/python3.10/site-packages'
[3.266s] Level 1:colcon.colcon_core.environment:checking '/home/situjet/Desktop/leo_common-ros2/install/leo/bin'
[3.282s] INFO:colcon.colcon_core.shell:Creating package script '/home/situjet/Desktop/leo_common-ros2/install/leo/share/leo/package.ps1'
[3.283s] INFO:colcon.colcon_core.shell:Creating package descriptor '/home/situjet/Desktop/leo_common-ros2/install/leo/share/leo/package.dsv'
[3.283s] INFO:colcon.colcon_core.shell:Creating package script '/home/situjet/Desktop/leo_common-ros2/install/leo/share/leo/package.sh'
[3.283s] INFO:colcon.colcon_core.shell:Creating package script '/home/situjet/Desktop/leo_common-ros2/install/leo/share/leo/package.bash'
[3.283s] INFO:colcon.colcon_core.shell:Creating package script '/home/situjet/Desktop/leo_common-ros2/install/leo/share/leo/package.zsh'
[3.284s] Level 1:colcon.colcon_core.environment:create_file_with_runtime_dependencies(/home/situjet/Desktop/leo_common-ros2/install/leo/share/colcon-core/packages/leo)
[3.334s] Level 1:colcon.colcon_core.environment:create_environment_scripts_only(leo)
[3.349s] Level 1:colcon.colcon_core.environment:checking '/home/situjet/Desktop/leo_common-ros2/install/leo' for CMake module files
[3.350s] Level 1:colcon.colcon_core.environment:checking '/home/situjet/Desktop/leo_common-ros2/install/leo' for CMake config files
[3.350s] Level 1:colcon.colcon_core.shell:create_environment_hook('leo', 'cmake_prefix_path')
[3.365s] INFO:colcon.colcon_core.shell:Creating environment hook '/home/situjet/Desktop/leo_common-ros2/install/leo/share/leo/hook/cmake_prefix_path.ps1'
[3.366s] INFO:colcon.colcon_core.shell:Creating environment descriptor '/home/situjet/Desktop/leo_common-ros2/install/leo/share/leo/hook/cmake_prefix_path.dsv'
[3.366s] INFO:colcon.colcon_core.shell:Creating environment hook '/home/situjet/Desktop/leo_common-ros2/install/leo/share/leo/hook/cmake_prefix_path.sh'
[3.366s] Level 1:colcon.colcon_core.environment:checking '/home/situjet/Desktop/leo_common-ros2/install/leo/bin'
[3.366s] Level 1:colcon.colcon_core.environment:checking '/home/situjet/Desktop/leo_common-ros2/install/leo/lib/pkgconfig/leo.pc'
[3.367s] Level 1:colcon.colcon_core.environment:checking '/home/situjet/Desktop/leo_common-ros2/install/leo/lib/python3.10/site-packages'
[3.367s] Level 1:colcon.colcon_core.environment:checking '/home/situjet/Desktop/leo_common-ros2/install/leo/bin'
[3.382s] INFO:colcon.colcon_core.shell:Creating package script '/home/situjet/Desktop/leo_common-ros2/install/leo/share/leo/package.ps1'
[3.383s] INFO:colcon.colcon_core.shell:Creating package descriptor '/home/situjet/Desktop/leo_common-ros2/install/leo/share/leo/package.dsv'
[3.383s] INFO:colcon.colcon_core.shell:Creating package script '/home/situjet/Desktop/leo_common-ros2/install/leo/share/leo/package.sh'
[3.383s] INFO:colcon.colcon_core.shell:Creating package script '/home/situjet/Desktop/leo_common-ros2/install/leo/share/leo/package.bash'
[3.384s] INFO:colcon.colcon_core.shell:Creating package script '/home/situjet/Desktop/leo_common-ros2/install/leo/share/leo/package.zsh'
[3.384s] Level 1:colcon.colcon_core.environment:create_file_with_runtime_dependencies(/home/situjet/Desktop/leo_common-ros2/install/leo/share/colcon-core/packages/leo)
[3.384s] INFO:colcon.colcon_ros.task.ament_cmake.build:Building ROS package in '/home/situjet/Desktop/leo_common-ros2/src/leo_desktop' with build type 'ament_cmake'
[3.384s] INFO:colcon.colcon_cmake.task.cmake.build:Building CMake package in '/home/situjet/Desktop/leo_common-ros2/src/leo_desktop'
[3.402s] INFO:colcon.colcon_core.shell:Skip shell extension 'powershell' for command environment: Not usable outside of PowerShell
[3.402s] DEBUG:colcon.colcon_core.shell:Skip shell extension 'dsv' for command environment
[3.472s] DEBUG:colcon.colcon_core.event_handler.log_command:Invoking command in '/home/situjet/Desktop/leo_common-ros2/build/leo_desktop': CMAKE_PREFIX_PATH=/home/situjet/Desktop/leo_common-ros2/install/leo_viz:/home/situjet/Desktop/leo_common-ros2/install/leo:/home/situjet/Desktop/leo_common-ros2/install/leo_teleop:/home/situjet/Desktop/leo_common-ros2/install/leo_msgs:/home/situjet/Desktop/leo_common-ros2/install/leo_description:/home/situjet/Desktop/leo_common-ros2/src/leo_teleop_holonomic/install/leo_teleop_holonomic:/home/situjet/Desktop/leo_common-ros2/install/leo_teleop_holonomic:/home/situjet/Desktop/leo_common-ros2/install/leo_desktop:/opt/ros/humble /home/situjet/.local/bin/cmake --build /home/situjet/Desktop/leo_common-ros2/build/leo_desktop -- -j12 -l12
[3.506s] DEBUG:colcon.colcon_core.event_handler.log_command:Invoked command in '/home/situjet/Desktop/leo_common-ros2/build/leo_desktop' returned '0': CMAKE_PREFIX_PATH=/home/situjet/Desktop/leo_common-ros2/install/leo_viz:/home/situjet/Desktop/leo_common-ros2/install/leo:/home/situjet/Desktop/leo_common-ros2/install/leo_teleop:/home/situjet/Desktop/leo_common-ros2/install/leo_msgs:/home/situjet/Desktop/leo_common-ros2/install/leo_description:/home/situjet/Desktop/leo_common-ros2/src/leo_teleop_holonomic/install/leo_teleop_holonomic:/home/situjet/Desktop/leo_common-ros2/install/leo_teleop_holonomic:/home/situjet/Desktop/leo_common-ros2/install/leo_desktop:/opt/ros/humble /home/situjet/.local/bin/cmake --build /home/situjet/Desktop/leo_common-ros2/build/leo_desktop -- -j12 -l12
[3.540s] DEBUG:colcon.colcon_core.event_handler.log_command:Invoking command in '/home/situjet/Desktop/leo_common-ros2/build/leo_desktop': CMAKE_PREFIX_PATH=/home/situjet/Desktop/leo_common-ros2/install/leo_viz:/home/situjet/Desktop/leo_common-ros2/install/leo:/home/situjet/Desktop/leo_common-ros2/install/leo_teleop:/home/situjet/Desktop/leo_common-ros2/install/leo_msgs:/home/situjet/Desktop/leo_common-ros2/install/leo_description:/home/situjet/Desktop/leo_common-ros2/src/leo_teleop_holonomic/install/leo_teleop_holonomic:/home/situjet/Desktop/leo_common-ros2/install/leo_teleop_holonomic:/home/situjet/Desktop/leo_common-ros2/install/leo_desktop:/opt/ros/humble /home/situjet/.local/bin/cmake --install /home/situjet/Desktop/leo_common-ros2/build/leo_desktop
[3.570s] Level 1:colcon.colcon_core.environment:create_environment_scripts_only(leo_desktop)
[3.570s] DEBUG:colcon.colcon_core.event_handler.log_command:Invoked command in '/home/situjet/Desktop/leo_common-ros2/build/leo_desktop' returned '0': CMAKE_PREFIX_PATH=/home/situjet/Desktop/leo_common-ros2/install/leo_viz:/home/situjet/Desktop/leo_common-ros2/install/leo:/home/situjet/Desktop/leo_common-ros2/install/leo_teleop:/home/situjet/Desktop/leo_common-ros2/install/leo_msgs:/home/situjet/Desktop/leo_common-ros2/install/leo_description:/home/situjet/Desktop/leo_common-ros2/src/leo_teleop_holonomic/install/leo_teleop_holonomic:/home/situjet/Desktop/leo_common-ros2/install/leo_teleop_holonomic:/home/situjet/Desktop/leo_common-ros2/install/leo_desktop:/opt/ros/humble /home/situjet/.local/bin/cmake --install /home/situjet/Desktop/leo_common-ros2/build/leo_desktop
[3.586s] Level 1:colcon.colcon_core.environment:checking '/home/situjet/Desktop/leo_common-ros2/install/leo_desktop' for CMake module files
[3.587s] Level 1:colcon.colcon_core.environment:checking '/home/situjet/Desktop/leo_common-ros2/install/leo_desktop' for CMake config files
[3.587s] Level 1:colcon.colcon_core.shell:create_environment_hook('leo_desktop', 'cmake_prefix_path')
[3.603s] INFO:colcon.colcon_core.shell:Creating environment hook '/home/situjet/Desktop/leo_common-ros2/install/leo_desktop/share/leo_desktop/hook/cmake_prefix_path.ps1'
[3.603s] INFO:colcon.colcon_core.shell:Creating environment descriptor '/home/situjet/Desktop/leo_common-ros2/install/leo_desktop/share/leo_desktop/hook/cmake_prefix_path.dsv'
[3.604s] INFO:colcon.colcon_core.shell:Creating environment hook '/home/situjet/Desktop/leo_common-ros2/install/leo_desktop/share/leo_desktop/hook/cmake_prefix_path.sh'
[3.604s] Level 1:colcon.colcon_core.environment:checking '/home/situjet/Desktop/leo_common-ros2/install/leo_desktop/bin'
[3.604s] Level 1:colcon.colcon_core.environment:checking '/home/situjet/Desktop/leo_common-ros2/install/leo_desktop/lib/pkgconfig/leo_desktop.pc'
[3.604s] Level 1:colcon.colcon_core.environment:checking '/home/situjet/Desktop/leo_common-ros2/install/leo_desktop/lib/python3.10/site-packages'
[3.604s] Level 1:colcon.colcon_core.environment:checking '/home/situjet/Desktop/leo_common-ros2/install/leo_desktop/bin'
[3.621s] INFO:colcon.colcon_core.shell:Creating package script '/home/situjet/Desktop/leo_common-ros2/install/leo_desktop/share/leo_desktop/package.ps1'
[3.621s] INFO:colcon.colcon_core.shell:Creating package descriptor '/home/situjet/Desktop/leo_common-ros2/install/leo_desktop/share/leo_desktop/package.dsv'
[3.621s] INFO:colcon.colcon_core.shell:Creating package script '/home/situjet/Desktop/leo_common-ros2/install/leo_desktop/share/leo_desktop/package.sh'
[3.622s] INFO:colcon.colcon_core.shell:Creating package script '/home/situjet/Desktop/leo_common-ros2/install/leo_desktop/share/leo_desktop/package.bash'
[3.622s] INFO:colcon.colcon_core.shell:Creating package script '/home/situjet/Desktop/leo_common-ros2/install/leo_desktop/share/leo_desktop/package.zsh'
[3.622s] Level 1:colcon.colcon_core.environment:create_file_with_runtime_dependencies(/home/situjet/Desktop/leo_common-ros2/install/leo_desktop/share/colcon-core/packages/leo_desktop)
[3.671s] Level 1:colcon.colcon_core.environment:create_environment_scripts_only(leo_desktop)
[3.688s] Level 1:colcon.colcon_core.environment:checking '/home/situjet/Desktop/leo_common-ros2/install/leo_desktop' for CMake module files
[3.688s] Level 1:colcon.colcon_core.environment:checking '/home/situjet/Desktop/leo_common-ros2/install/leo_desktop' for CMake config files
[3.688s] Level 1:colcon.colcon_core.shell:create_environment_hook('leo_desktop', 'cmake_prefix_path')
[3.704s] INFO:colcon.colcon_core.shell:Creating environment hook '/home/situjet/Desktop/leo_common-ros2/install/leo_desktop/share/leo_desktop/hook/cmake_prefix_path.ps1'
[3.704s] INFO:colcon.colcon_core.shell:Creating environment descriptor '/home/situjet/Desktop/leo_common-ros2/install/leo_desktop/share/leo_desktop/hook/cmake_prefix_path.dsv'
[3.704s] INFO:colcon.colcon_core.shell:Creating environment hook '/home/situjet/Desktop/leo_common-ros2/install/leo_desktop/share/leo_desktop/hook/cmake_prefix_path.sh'
[3.705s] Level 1:colcon.colcon_core.environment:checking '/home/situjet/Desktop/leo_common-ros2/install/leo_desktop/bin'
[3.705s] Level 1:colcon.colcon_core.environment:checking '/home/situjet/Desktop/leo_common-ros2/install/leo_desktop/lib/pkgconfig/leo_desktop.pc'
[3.705s] Level 1:colcon.colcon_core.environment:checking '/home/situjet/Desktop/leo_common-ros2/install/leo_desktop/lib/python3.10/site-packages'
[3.705s] Level 1:colcon.colcon_core.environment:checking '/home/situjet/Desktop/leo_common-ros2/install/leo_desktop/bin'
[3.721s] INFO:colcon.colcon_core.shell:Creating package script '/home/situjet/Desktop/leo_common-ros2/install/leo_desktop/share/leo_desktop/package.ps1'
[3.722s] INFO:colcon.colcon_core.shell:Creating package descriptor '/home/situjet/Desktop/leo_common-ros2/install/leo_desktop/share/leo_desktop/package.dsv'
[3.722s] INFO:colcon.colcon_core.shell:Creating package script '/home/situjet/Desktop/leo_common-ros2/install/leo_desktop/share/leo_desktop/package.sh'
[3.722s] INFO:colcon.colcon_core.shell:Creating package script '/home/situjet/Desktop/leo_common-ros2/install/leo_desktop/share/leo_desktop/package.bash'
[3.723s] INFO:colcon.colcon_core.shell:Creating package script '/home/situjet/Desktop/leo_common-ros2/install/leo_desktop/share/leo_desktop/package.zsh'
[3.723s] Level 1:colcon.colcon_core.environment:create_file_with_runtime_dependencies(/home/situjet/Desktop/leo_common-ros2/install/leo_desktop/share/colcon-core/packages/leo_desktop)
[3.723s] DEBUG:colcon.colcon_parallel_executor.executor.parallel:closing loop
[3.724s] DEBUG:colcon.colcon_parallel_executor.executor.parallel:loop closed
[3.724s] DEBUG:colcon.colcon_parallel_executor.executor.parallel:run_until_complete finished with '0'
[3.724s] DEBUG:colcon.colcon_core.event_reactor:joining thread
[3.747s] INFO:colcon.colcon_core.plugin_system:Skipping extension 'colcon_notification.desktop_notification.terminal_notifier': Not used on non-Darwin systems
[3.747s] INFO:colcon.colcon_core.plugin_system:Skipping extension 'colcon_notification.desktop_notification.win32': Not used on non-Windows systems
[3.747s] INFO:colcon.colcon_notification.desktop_notification:Sending desktop notification using 'notify2'
[3.756s] DEBUG:colcon.colcon_core.event_reactor:joined thread
[3.772s] INFO:colcon.colcon_core.shell:Creating prefix script '/home/situjet/Desktop/leo_common-ros2/install/local_setup.ps1'
[3.773s] INFO:colcon.colcon_core.shell:Creating prefix util module '/home/situjet/Desktop/leo_common-ros2/install/_local_setup_util_ps1.py'
[3.774s] INFO:colcon.colcon_core.shell:Creating prefix chain script '/home/situjet/Desktop/leo_common-ros2/install/setup.ps1'
[3.791s] INFO:colcon.colcon_core.shell:Creating prefix script '/home/situjet/Desktop/leo_common-ros2/install/local_setup.sh'
[3.791s] INFO:colcon.colcon_core.shell:Creating prefix util module '/home/situjet/Desktop/leo_common-ros2/install/_local_setup_util_sh.py'
[3.792s] INFO:colcon.colcon_core.shell:Creating prefix chain script '/home/situjet/Desktop/leo_common-ros2/install/setup.sh'
[3.808s] INFO:colcon.colcon_core.shell:Creating prefix script '/home/situjet/Desktop/leo_common-ros2/install/local_setup.bash'
[3.809s] INFO:colcon.colcon_core.shell:Creating prefix chain script '/home/situjet/Desktop/leo_common-ros2/install/setup.bash'
[3.825s] INFO:colcon.colcon_core.shell:Creating prefix script '/home/situjet/Desktop/leo_common-ros2/install/local_setup.zsh'
[3.826s] INFO:colcon.colcon_core.shell:Creating prefix chain script '/home/situjet/Desktop/leo_common-ros2/install/setup.zsh'
