[0.843s] Invoking command in '/home/situjet/Desktop/leo_common-ros2/build/programmed_drive': PYTHONPATH=/home/situjet/Desktop/leo_common-ros2/build/programmed_drive/prefix_override:/home/situjet/Desktop/leo_common-ros2/install/programmed_drive/lib/python3.10/site-packages:${PYTHONPATH} /usr/bin/python3 setup.py develop --editable --build-directory /home/situjet/Desktop/leo_common-ros2/build/programmed_drive/build --no-deps install_data
[1.124s] running develop
[1.124s] /usr/lib/python3/dist-packages/setuptools/command/easy_install.py:158: EasyInstallDeprecationWarning: easy_install command is deprecated. Use build and pip and other standards-based tools.
[1.124s]   warnings.warn(
[1.126s] /usr/lib/python3/dist-packages/setuptools/command/install.py:34: SetuptoolsDeprecationWarning: setup.py install is deprecated. Use build and pip and other standards-based tools.
[1.126s]   warnings.warn(
[1.296s] running egg_info
[1.296s] writing programmed_drive.egg-info/PKG-INFO
[1.296s] writing dependency_links to programmed_drive.egg-info/dependency_links.txt
[1.296s] writing entry points to programmed_drive.egg-info/entry_points.txt
[1.297s] writing requirements to programmed_drive.egg-info/requires.txt
[1.297s] writing top-level names to programmed_drive.egg-info/top_level.txt
[1.299s] reading manifest file 'programmed_drive.egg-info/SOURCES.txt'
[1.300s] writing manifest file 'programmed_drive.egg-info/SOURCES.txt'
[1.301s] running build_ext
[1.301s] Creating /home/situjet/Desktop/leo_common-ros2/install/programmed_drive/lib/python3.10/site-packages/programmed-drive.egg-link (link to .)
[1.302s] Installing drive script to /home/situjet/Desktop/leo_common-ros2/install/programmed_drive/lib/programmed_drive
[1.302s] 
[1.302s] Installed /home/situjet/Desktop/leo_common-ros2/build/programmed_drive
[1.302s] running install_data
[1.391s] Invoked command in '/home/situjet/Desktop/leo_common-ros2/build/programmed_drive' returned '0': PYTHONPATH=/home/situjet/Desktop/leo_common-ros2/build/programmed_drive/prefix_override:/home/situjet/Desktop/leo_common-ros2/install/programmed_drive/lib/python3.10/site-packages:${PYTHONPATH} /usr/bin/python3 setup.py develop --editable --build-directory /home/situjet/Desktop/leo_common-ros2/build/programmed_drive/build --no-deps install_data
