[0.837s] Invoking command in '/home/situjet/Desktop/leo_common-ros2/build/programmed_drive': PYTHONPATH=/home/situjet/Desktop/leo_common-ros2/build/programmed_drive/prefix_override:/home/situjet/Desktop/leo_common-ros2/install/programmed_drive/lib/python3.10/site-packages:${PYTHONPATH} /usr/bin/python3 setup.py develop --editable --build-directory /home/situjet/Desktop/leo_common-ros2/build/programmed_drive/build --no-deps install_data
[1.042s] running develop
[1.043s] /usr/lib/python3/dist-packages/setuptools/command/easy_install.py:158: EasyInstallDeprecationWarning: easy_install command is deprecated. Use build and pip and other standards-based tools.
[1.043s]   warnings.warn(
[1.044s] /usr/lib/python3/dist-packages/setuptools/command/install.py:34: SetuptoolsDeprecationWarning: setup.py install is deprecated. Use build and pip and other standards-based tools.
[1.044s]   warnings.warn(
[1.186s] running egg_info
[1.186s] writing programmed_drive.egg-info/PKG-INFO
[1.186s] writing dependency_links to programmed_drive.egg-info/dependency_links.txt
[1.186s] writing entry points to programmed_drive.egg-info/entry_points.txt
[1.186s] writing requirements to programmed_drive.egg-info/requires.txt
[1.186s] writing top-level names to programmed_drive.egg-info/top_level.txt
[1.188s] reading manifest file 'programmed_drive.egg-info/SOURCES.txt'
[1.189s] writing manifest file 'programmed_drive.egg-info/SOURCES.txt'
[1.190s] running build_ext
[1.190s] Creating /home/situjet/Desktop/leo_common-ros2/install/programmed_drive/lib/python3.10/site-packages/programmed-drive.egg-link (link to .)
[1.191s] Installing drive script to /home/situjet/Desktop/leo_common-ros2/install/programmed_drive/lib/programmed_drive
[1.191s] 
[1.191s] Installed /home/situjet/Desktop/leo_common-ros2/build/programmed_drive
[1.191s] running install_data
[1.214s] Invoked command in '/home/situjet/Desktop/leo_common-ros2/build/programmed_drive' returned '0': PYTHONPATH=/home/situjet/Desktop/leo_common-ros2/build/programmed_drive/prefix_override:/home/situjet/Desktop/leo_common-ros2/install/programmed_drive/lib/python3.10/site-packages:${PYTHONPATH} /usr/bin/python3 setup.py develop --editable --build-directory /home/situjet/Desktop/leo_common-ros2/build/programmed_drive/build --no-deps install_data
