-- The C compiler identification is GNU 11.4.0
-- The CXX compiler identification is GNU 11.4.0
-- Detecting C compiler ABI info
-- Detecting C compiler ABI info - done
-- Check for working C compiler: /usr/bin/cc - skipped
-- Detecting C compile features
-- Detecting C compile features - done
-- Detecting CXX compiler ABI info
-- Detecting CXX compiler ABI info - done
-- Check for working CXX compiler: /usr/bin/c++ - skipped
-- Detecting CXX compile features
-- Detecting CXX compile features - done
-- Found ament_cmake: 1.3.5 (/opt/ros/humble/share/ament_cmake/cmake)
-- Found Python3: /usr/bin/python3.10 (found version "3.10.12") found components: Interpreter 
-- Override CMake install command with custom implementation using symlinks instead of copying resources
-- Configuring done (0.7s)
-- Generating done (0.0s)
-- Build files have been written to: /home/situjet/Desktop/leo_common-ros2/build/leo_teleop
-- Install configuration: ""
-- Execute custom install script
-- Symlinking: /home/situjet/Desktop/leo_common-ros2/install/leo_teleop/share/leo_teleop/config/joy_config.yaml
-- Symlinking: /home/situjet/Desktop/leo_common-ros2/install/leo_teleop/share/leo_teleop/launch/joy_teleop.launch.xml
-- Symlinking: /home/situjet/Desktop/leo_common-ros2/install/leo_teleop/share/leo_teleop/launch/key_teleop.launch.xml
-- Symlinking: /home/situjet/Desktop/leo_common-ros2/install/leo_teleop/share/ament_index/resource_index/package_run_dependencies/leo_teleop
-- Symlinking: /home/situjet/Desktop/leo_common-ros2/install/leo_teleop/share/ament_index/resource_index/parent_prefix_path/leo_teleop
-- Symlinking: /home/situjet/Desktop/leo_common-ros2/install/leo_teleop/share/leo_teleop/environment/ament_prefix_path.sh
-- Symlinking: /home/situjet/Desktop/leo_common-ros2/install/leo_teleop/share/leo_teleop/environment/ament_prefix_path.dsv
-- Symlinking: /home/situjet/Desktop/leo_common-ros2/install/leo_teleop/share/leo_teleop/environment/path.sh
-- Symlinking: /home/situjet/Desktop/leo_common-ros2/install/leo_teleop/share/leo_teleop/environment/path.dsv
-- Symlinking: /home/situjet/Desktop/leo_common-ros2/install/leo_teleop/share/leo_teleop/local_setup.bash
-- Symlinking: /home/situjet/Desktop/leo_common-ros2/install/leo_teleop/share/leo_teleop/local_setup.sh
-- Symlinking: /home/situjet/Desktop/leo_common-ros2/install/leo_teleop/share/leo_teleop/local_setup.zsh
-- Symlinking: /home/situjet/Desktop/leo_common-ros2/install/leo_teleop/share/leo_teleop/local_setup.dsv
-- Symlinking: /home/situjet/Desktop/leo_common-ros2/install/leo_teleop/share/leo_teleop/package.dsv
-- Symlinking: /home/situjet/Desktop/leo_common-ros2/install/leo_teleop/share/ament_index/resource_index/packages/leo_teleop
-- Symlinking: /home/situjet/Desktop/leo_common-ros2/install/leo_teleop/share/leo_teleop/cmake/leo_teleopConfig.cmake
-- Symlinking: /home/situjet/Desktop/leo_common-ros2/install/leo_teleop/share/leo_teleop/cmake/leo_teleopConfig-version.cmake
-- Symlinking: /home/situjet/Desktop/leo_common-ros2/install/leo_teleop/share/leo_teleop/package.xml
