[0.120s] Invoking command in '/home/situjet/Desktop/leo_common-ros2/build/leo_teleop': CMAKE_PREFIX_PATH=${CMAKE_PREFIX_PATH}:/opt/ros/humble /home/situjet/.local/bin/cmake /home/situjet/Desktop/leo_common-ros2/src/leo_teleop -DAMENT_CMAKE_SYMLINK_INSTALL=1 -DCMAKE_INSTALL_PREFIX=/home/situjet/Desktop/leo_common-ros2/install/leo_teleop
[0.168s] -- The C compiler identification is GNU 11.4.0
[0.208s] -- The CXX compiler identification is GNU 11.4.0
[0.222s] -- Detecting C compiler ABI info
[0.262s] -- Detecting C compiler ABI info - done
[0.271s] -- Check for working C compiler: /usr/bin/cc - skipped
[0.272s] -- Detecting C compile features
[0.272s] -- Detecting C compile features - done
[0.278s] -- Detecting CXX compiler ABI info
[0.327s] -- Detecting CXX compiler ABI info - done
[0.341s] -- Check for working CXX compiler: /usr/bin/c++ - skipped
[0.342s] -- Detecting CXX compile features
[0.342s] -- Detecting CXX compile features - done
[0.345s] -- Found ament_cmake: 1.3.5 (/opt/ros/humble/share/ament_cmake/cmake)
[0.686s] -- Found Python3: /usr/bin/python3.10 (found version "3.10.12") found components: Interpreter 
[0.735s] -- Override CMake install command with custom implementation using symlinks instead of copying resources
[0.811s] -- Configuring done (0.7s)
[0.813s] -- Generating done (0.0s)
[0.813s] -- Build files have been written to: /home/situjet/Desktop/leo_common-ros2/build/leo_teleop
[0.822s] Invoked command in '/home/situjet/Desktop/leo_common-ros2/build/leo_teleop' returned '0': CMAKE_PREFIX_PATH=${CMAKE_PREFIX_PATH}:/opt/ros/humble /home/situjet/.local/bin/cmake /home/situjet/Desktop/leo_common-ros2/src/leo_teleop -DAMENT_CMAKE_SYMLINK_INSTALL=1 -DCMAKE_INSTALL_PREFIX=/home/situjet/Desktop/leo_common-ros2/install/leo_teleop
[0.824s] Invoking command in '/home/situjet/Desktop/leo_common-ros2/build/leo_teleop': CMAKE_PREFIX_PATH=${CMAKE_PREFIX_PATH}:/opt/ros/humble /home/situjet/.local/bin/cmake --build /home/situjet/Desktop/leo_common-ros2/build/leo_teleop -- -j12 -l12
[0.854s] Invoked command in '/home/situjet/Desktop/leo_common-ros2/build/leo_teleop' returned '0': CMAKE_PREFIX_PATH=${CMAKE_PREFIX_PATH}:/opt/ros/humble /home/situjet/.local/bin/cmake --build /home/situjet/Desktop/leo_common-ros2/build/leo_teleop -- -j12 -l12
[0.907s] Invoking command in '/home/situjet/Desktop/leo_common-ros2/build/leo_teleop': CMAKE_PREFIX_PATH=${CMAKE_PREFIX_PATH}:/opt/ros/humble /home/situjet/.local/bin/cmake --install /home/situjet/Desktop/leo_common-ros2/build/leo_teleop
[0.928s] -- Install configuration: ""
[0.928s] -- Execute custom install script
[0.928s] -- Symlinking: /home/situjet/Desktop/leo_common-ros2/install/leo_teleop/share/leo_teleop/config/joy_config.yaml
[0.930s] -- Symlinking: /home/situjet/Desktop/leo_common-ros2/install/leo_teleop/share/leo_teleop/launch/joy_teleop.launch.xml
[0.932s] -- Symlinking: /home/situjet/Desktop/leo_common-ros2/install/leo_teleop/share/leo_teleop/launch/key_teleop.launch.xml
[0.934s] -- Symlinking: /home/situjet/Desktop/leo_common-ros2/install/leo_teleop/share/ament_index/resource_index/package_run_dependencies/leo_teleop
[0.936s] -- Symlinking: /home/situjet/Desktop/leo_common-ros2/install/leo_teleop/share/ament_index/resource_index/parent_prefix_path/leo_teleop
[0.938s] -- Symlinking: /home/situjet/Desktop/leo_common-ros2/install/leo_teleop/share/leo_teleop/environment/ament_prefix_path.sh
[0.939s] -- Symlinking: /home/situjet/Desktop/leo_common-ros2/install/leo_teleop/share/leo_teleop/environment/ament_prefix_path.dsv
[0.941s] -- Symlinking: /home/situjet/Desktop/leo_common-ros2/install/leo_teleop/share/leo_teleop/environment/path.sh
[0.943s] -- Symlinking: /home/situjet/Desktop/leo_common-ros2/install/leo_teleop/share/leo_teleop/environment/path.dsv
[0.945s] -- Symlinking: /home/situjet/Desktop/leo_common-ros2/install/leo_teleop/share/leo_teleop/local_setup.bash
[0.947s] -- Symlinking: /home/situjet/Desktop/leo_common-ros2/install/leo_teleop/share/leo_teleop/local_setup.sh
[0.949s] -- Symlinking: /home/situjet/Desktop/leo_common-ros2/install/leo_teleop/share/leo_teleop/local_setup.zsh
[0.950s] -- Symlinking: /home/situjet/Desktop/leo_common-ros2/install/leo_teleop/share/leo_teleop/local_setup.dsv
[0.952s] -- Symlinking: /home/situjet/Desktop/leo_common-ros2/install/leo_teleop/share/leo_teleop/package.dsv
[0.954s] -- Symlinking: /home/situjet/Desktop/leo_common-ros2/install/leo_teleop/share/ament_index/resource_index/packages/leo_teleop
[0.956s] -- Symlinking: /home/situjet/Desktop/leo_common-ros2/install/leo_teleop/share/leo_teleop/cmake/leo_teleopConfig.cmake
[0.958s] -- Symlinking: /home/situjet/Desktop/leo_common-ros2/install/leo_teleop/share/leo_teleop/cmake/leo_teleopConfig-version.cmake
[0.960s] -- Symlinking: /home/situjet/Desktop/leo_common-ros2/install/leo_teleop/share/leo_teleop/package.xml
[1.020s] Invoked command in '/home/situjet/Desktop/leo_common-ros2/build/leo_teleop' returned '0': CMAKE_PREFIX_PATH=${CMAKE_PREFIX_PATH}:/opt/ros/humble /home/situjet/.local/bin/cmake --install /home/situjet/Desktop/leo_common-ros2/build/leo_teleop
