running egg_info
writing ../../build/programmed_drive/programmed_drive.egg-info/PKG-INFO
writing dependency_links to ../../build/programmed_drive/programmed_drive.egg-info/dependency_links.txt
writing entry points to ../../build/programmed_drive/programmed_drive.egg-info/entry_points.txt
writing requirements to ../../build/programmed_drive/programmed_drive.egg-info/requires.txt
writing top-level names to ../../build/programmed_drive/programmed_drive.egg-info/top_level.txt
reading manifest file '../../build/programmed_drive/programmed_drive.egg-info/SOURCES.txt'
writing manifest file '../../build/programmed_drive/programmed_drive.egg-info/SOURCES.txt'
running build
running build_py
copying programmed_drive/aruco_drive.py -> /home/pi/LeoRover-SLAM-ROS2/leo_common-ros2/build/programmed_drive/build/lib/programmed_drive
running install
/usr/lib/python3/dist-packages/setuptools/command/install.py:34: SetuptoolsDeprecationWarning: setup.py install is deprecated. Use build and pip and other standards-based tools.
  warnings.warn(
running install_lib
copying /home/pi/LeoRover-SLAM-ROS2/leo_common-ros2/build/programmed_drive/build/lib/programmed_drive/aruco_drive.py -> /home/pi/LeoRover-SLAM-ROS2/leo_common-ros2/install/programmed_drive/lib/python3.10/site-packages/programmed_drive
byte-compiling /home/pi/LeoRover-SLAM-ROS2/leo_common-ros2/install/programmed_drive/lib/python3.10/site-packages/programmed_drive/aruco_drive.py to aruco_drive.cpython-310.pyc
running install_data
running install_egg_info
removing '/home/pi/LeoRover-SLAM-ROS2/leo_common-ros2/install/programmed_drive/lib/python3.10/site-packages/programmed_drive-0.0.0-py3.10.egg-info' (and everything under it)
Copying ../../build/programmed_drive/programmed_drive.egg-info to /home/pi/LeoRover-SLAM-ROS2/leo_common-ros2/install/programmed_drive/lib/python3.10/site-packages/programmed_drive-0.0.0-py3.10.egg-info
running install_scripts
Installing aruco_drive script to /home/pi/LeoRover-SLAM-ROS2/leo_common-ros2/install/programmed_drive/lib/programmed_drive
Installing drive script to /home/pi/LeoRover-SLAM-ROS2/leo_common-ros2/install/programmed_drive/lib/programmed_drive
writing list of installed files to '/home/pi/LeoRover-SLAM-ROS2/leo_common-ros2/build/programmed_drive/install.log'
