[0.047s] Invoking command in '/home/situjet/Desktop/aruco_ros/aruco_ros/build/aruco_msgs': CMAKE_PREFIX_PATH=/opt/ros/humble /home/situjet/.local/bin/cmake /home/situjet/Desktop/aruco_ros/aruco_ros/aruco_msgs -DAMENT_CMAKE_SYMLINK_INSTALL=1 -DCMAKE_INSTALL_PREFIX=/home/situjet/Desktop/aruco_ros/aruco_ros/install/aruco_msgs
[0.069s] -- Found ament_cmake: 1.3.5 (/opt/ros/humble/share/ament_cmake/cmake)
[0.216s] -- Override CMake install command with custom implementation using symlinks instead of copying resources
[0.223s] -- Found std_msgs: 4.2.3 (/opt/ros/humble/share/std_msgs/cmake)
[0.246s] -- Found rosidl_generator_c: 3.1.5 (/opt/ros/humble/share/rosidl_generator_c/cmake)
[0.249s] -- Found rosidl_adapter: 3.1.5 (/opt/ros/humble/share/rosidl_adapter/cmake)
[0.255s] -- Found rosidl_generator_cpp: 3.1.5 (/opt/ros/humble/share/rosidl_generator_cpp/cmake)
[0.267s] -- Using all available rosidl_typesupport_c: rosidl_typesupport_fastrtps_c;rosidl_typesupport_introspection_c
[0.283s] -- Using all available rosidl_typesupport_cpp: rosidl_typesupport_fastrtps_cpp;rosidl_typesupport_introspection_cpp
[0.339s] -- Found geometry_msgs: 4.2.3 (/opt/ros/humble/share/geometry_msgs/cmake)
[0.382s] -- Found rosidl_default_generators: 1.2.0 (/opt/ros/humble/share/rosidl_default_generators/cmake)
[0.719s] -- Found ament_cmake_ros: 0.10.0 (/opt/ros/humble/share/ament_cmake_ros/cmake)
[1.336s] -- Using all available rosidl_typesupport_c: rosidl_typesupport_fastrtps_c;rosidl_typesupport_introspection_c
[1.585s] -- Using all available rosidl_typesupport_cpp: rosidl_typesupport_fastrtps_cpp;rosidl_typesupport_introspection_cpp
[1.587s] [33mCMake Warning (dev) at /opt/ros/humble/share/rosidl_generator_py/cmake/rosidl_generator_py_generate_interfaces.cmake:20 (find_package):
[1.587s]   Policy CMP0148 is not set: The FindPythonInterp and FindPythonLibs modules
[1.587s]   are removed.  Run "cmake --help-policy CMP0148" for policy details.  Use
[1.587s]   the cmake_policy command to set the policy and suppress this warning.
[1.587s] 
[1.587s] Call Stack (most recent call first):
[1.587s]   /opt/ros/humble/share/ament_cmake_core/cmake/core/ament_execute_extensions.cmake:48 (include)
[1.587s]   /opt/ros/humble/share/rosidl_cmake/cmake/rosidl_generate_interfaces.cmake:286 (ament_execute_extensions)
[1.587s]   CMakeLists.txt:14 (rosidl_generate_interfaces)
[1.587s] This warning is for project developers.  Use -Wno-dev to suppress it.
[1.587s] [0m
[1.602s] -- Found python_cmake_module: 0.10.0 (/opt/ros/humble/share/python_cmake_module/cmake)
[1.602s] [33mCMake Warning (dev) at /opt/ros/humble/share/python_cmake_module/cmake/Modules/FindPythonExtra.cmake:52 (find_package):
[1.602s]   Policy CMP0148 is not set: The FindPythonInterp and FindPythonLibs modules
[1.602s]   are removed.  Run "cmake --help-policy CMP0148" for policy details.  Use
[1.602s]   the cmake_policy command to set the policy and suppress this warning.
[1.602s] 
[1.602s] Call Stack (most recent call first):
[1.602s]   /opt/ros/humble/share/rosidl_generator_py/cmake/rosidl_generator_py_generate_interfaces.cmake:23 (find_package)
[1.602s]   /opt/ros/humble/share/ament_cmake_core/cmake/core/ament_execute_extensions.cmake:48 (include)
[1.602s]   /opt/ros/humble/share/rosidl_cmake/cmake/rosidl_generate_interfaces.cmake:286 (ament_execute_extensions)
[1.602s]   CMakeLists.txt:14 (rosidl_generate_interfaces)
[1.602s] This warning is for project developers.  Use -Wno-dev to suppress it.
[1.602s] [0m
[1.616s] [33mCMake Warning (dev) at /opt/ros/humble/share/python_cmake_module/cmake/Modules/FindPythonExtra.cmake:140 (find_package):
[1.616s]   Policy CMP0148 is not set: The FindPythonInterp and FindPythonLibs modules
[1.616s]   are removed.  Run "cmake --help-policy CMP0148" for policy details.  Use
[1.616s]   the cmake_policy command to set the policy and suppress this warning.
[1.616s] 
[1.616s] Call Stack (most recent call first):
[1.616s]   /opt/ros/humble/share/rosidl_generator_py/cmake/rosidl_generator_py_generate_interfaces.cmake:23 (find_package)
[1.616s]   /opt/ros/humble/share/ament_cmake_core/cmake/core/ament_execute_extensions.cmake:48 (include)
[1.617s]   /opt/ros/humble/share/rosidl_cmake/cmake/rosidl_generate_interfaces.cmake:286 (ament_execute_extensions)
[1.617s]   CMakeLists.txt:14 (rosidl_generate_interfaces)
[1.617s] This warning is for project developers.  Use -Wno-dev to suppress it.
[1.617s] [0m
[1.618s] -- Using PYTHON_EXECUTABLE: /usr/bin/python3
[1.618s] -- Using PYTHON_INCLUDE_DIRS: /usr/include/python3.10
[1.618s] -- Using PYTHON_LIBRARIES: /usr/lib/x86_64-linux-gnu/libpython3.10.so
[1.662s] -- Found ament_lint_auto: 0.12.8 (/opt/ros/humble/share/ament_lint_auto/cmake)
[1.671s] -- Added test 'copyright' to check source files copyright and LICENSE
[1.672s] -- Added test 'lint_cmake' to check CMake code style
[1.672s] -- Added test 'xmllint' to check XML markup files
[1.675s] -- Configuring done (1.6s)
[1.704s] -- Generating done (0.0s)
[1.706s] -- Build files have been written to: /home/situjet/Desktop/aruco_ros/aruco_ros/build/aruco_msgs
[1.715s] Invoked command in '/home/situjet/Desktop/aruco_ros/aruco_ros/build/aruco_msgs' returned '0': CMAKE_PREFIX_PATH=/opt/ros/humble /home/situjet/.local/bin/cmake /home/situjet/Desktop/aruco_ros/aruco_ros/aruco_msgs -DAMENT_CMAKE_SYMLINK_INSTALL=1 -DCMAKE_INSTALL_PREFIX=/home/situjet/Desktop/aruco_ros/aruco_ros/install/aruco_msgs
[1.715s] Invoking command in '/home/situjet/Desktop/aruco_ros/aruco_ros/build/aruco_msgs': CMAKE_PREFIX_PATH=/opt/ros/humble /home/situjet/.local/bin/cmake --build /home/situjet/Desktop/aruco_ros/aruco_ros/build/aruco_msgs -- -j12 -l12
[1.744s] [  2%] Built target aruco_msgs__cpp
[1.745s] [  2%] Built target ament_cmake_python_symlink_aruco_msgs
[1.745s] [ 12%] Built target aruco_msgs__rosidl_generator_c
[1.748s] [ 15%] [34m[1mGenerating C type support for eProsima Fast-RTPS[0m
[1.750s] [ 17%] [32mBuilding CXX object CMakeFiles/aruco_msgs__rosidl_typesupport_cpp.dir/rosidl_typesupport_cpp/aruco_msgs/msg/marker__type_support.cpp.o[0m
[1.751s] [ 20%] [32mBuilding CXX object CMakeFiles/aruco_msgs__rosidl_typesupport_cpp.dir/rosidl_typesupport_cpp/aruco_msgs/msg/marker_array__type_support.cpp.o[0m
[1.751s] [ 23%] [32mBuilding CXX object CMakeFiles/aruco_msgs__rosidl_typesupport_introspection_cpp.dir/rosidl_typesupport_introspection_cpp/aruco_msgs/msg/detail/marker__type_support.cpp.o[0m
[1.751s] [ 25%] [32mBuilding CXX object CMakeFiles/aruco_msgs__rosidl_typesupport_introspection_cpp.dir/rosidl_typesupport_introspection_cpp/aruco_msgs/msg/detail/marker_array__type_support.cpp.o[0m
[1.751s] [ 28%] [32mBuilding CXX object CMakeFiles/aruco_msgs__rosidl_typesupport_fastrtps_cpp.dir/rosidl_typesupport_fastrtps_cpp/aruco_msgs/msg/detail/dds_fastrtps/marker__type_support.cpp.o[0m
[1.751s] [ 30%] [32mBuilding CXX object CMakeFiles/aruco_msgs__rosidl_typesupport_fastrtps_cpp.dir/rosidl_typesupport_fastrtps_cpp/aruco_msgs/msg/detail/dds_fastrtps/marker_array__type_support.cpp.o[0m
[1.754s] [ 41%] Built target aruco_msgs__rosidl_typesupport_c
[1.754s] [ 43%] [32mBuilding C object CMakeFiles/aruco_msgs__rosidl_typesupport_introspection_c.dir/rosidl_typesupport_introspection_c/aruco_msgs/msg/detail/marker__type_support.c.o[0m
[1.755s] [ 46%] [32mBuilding C object CMakeFiles/aruco_msgs__rosidl_typesupport_introspection_c.dir/rosidl_typesupport_introspection_c/aruco_msgs/msg/detail/marker_array__type_support.c.o[0m
[1.786s] [ 48%] [32m[1mLinking C shared library libaruco_msgs__rosidl_typesupport_introspection_c.so[0m
[1.799s] [ 51%] Built target aruco_msgs__rosidl_typesupport_introspection_c
[2.004s] [ 53%] [32mBuilding CXX object CMakeFiles/aruco_msgs__rosidl_typesupport_fastrtps_c.dir/rosidl_typesupport_fastrtps_c/aruco_msgs/msg/detail/marker__type_support_c.cpp.o[0m
[2.004s] [ 56%] [32mBuilding CXX object CMakeFiles/aruco_msgs__rosidl_typesupport_fastrtps_c.dir/rosidl_typesupport_fastrtps_c/aruco_msgs/msg/detail/marker_array__type_support_c.cpp.o[0m
[2.089s] [ 58%] [32m[1mLinking CXX shared library libaruco_msgs__rosidl_typesupport_cpp.so[0m
[2.090s] running egg_info
[2.091s] creating aruco_msgs.egg-info
[2.091s] writing aruco_msgs.egg-info/PKG-INFO
[2.091s] writing dependency_links to aruco_msgs.egg-info/dependency_links.txt
[2.091s] writing top-level names to aruco_msgs.egg-info/top_level.txt
[2.094s] writing manifest file 'aruco_msgs.egg-info/SOURCES.txt'
[2.097s] reading manifest file 'aruco_msgs.egg-info/SOURCES.txt'
[2.098s] writing manifest file 'aruco_msgs.egg-info/SOURCES.txt'
[2.114s] [ 61%] Built target aruco_msgs__rosidl_typesupport_cpp
[2.132s] [ 61%] Built target ament_cmake_python_build_aruco_msgs_egg
[2.226s] [ 64%] [32m[1mLinking CXX shared library libaruco_msgs__rosidl_typesupport_fastrtps_cpp.so[0m
[2.244s] [ 66%] [32m[1mLinking CXX shared library libaruco_msgs__rosidl_typesupport_introspection_cpp.so[0m
[2.283s] [ 69%] Built target aruco_msgs__rosidl_typesupport_fastrtps_cpp
[2.301s] [ 71%] Built target aruco_msgs__rosidl_typesupport_introspection_cpp
[2.305s] [ 74%] [32m[1mLinking CXX shared library libaruco_msgs__rosidl_typesupport_fastrtps_c.so[0m
[2.355s] [ 74%] Built target aruco_msgs__rosidl_typesupport_fastrtps_c
[2.361s] [ 74%] Built target aruco_msgs
[2.367s] [ 76%] [34m[1mGenerating Python code for ROS interfaces[0m
[2.702s] [ 76%] Built target aruco_msgs__py
[2.708s] [ 79%] [32mBuilding C object CMakeFiles/aruco_msgs__rosidl_generator_py.dir/rosidl_generator_py/aruco_msgs/msg/_marker_s.c.o[0m
[2.708s] [ 82%] [32mBuilding C object CMakeFiles/aruco_msgs__rosidl_generator_py.dir/rosidl_generator_py/aruco_msgs/msg/_marker_array_s.c.o[0m
[2.787s] [ 84%] [32m[1mLinking C shared library rosidl_generator_py/aruco_msgs/libaruco_msgs__rosidl_generator_py.so[0m
[2.809s] [ 84%] Built target aruco_msgs__rosidl_generator_py
[2.815s] [ 87%] [32mBuilding C object CMakeFiles/aruco_msgs__rosidl_typesupport_fastrtps_c__pyext.dir/rosidl_generator_py/aruco_msgs/_aruco_msgs_s.ep.rosidl_typesupport_fastrtps_c.c.o[0m
[2.815s] [ 89%] [32mBuilding C object CMakeFiles/aruco_msgs__rosidl_typesupport_introspection_c__pyext.dir/rosidl_generator_py/aruco_msgs/_aruco_msgs_s.ep.rosidl_typesupport_introspection_c.c.o[0m
[2.816s] [ 92%] [32mBuilding C object CMakeFiles/aruco_msgs__rosidl_typesupport_c__pyext.dir/rosidl_generator_py/aruco_msgs/_aruco_msgs_s.ep.rosidl_typesupport_c.c.o[0m
[2.892s] [ 94%] [32m[1mLinking C shared library rosidl_generator_py/aruco_msgs/aruco_msgs_s__rosidl_typesupport_c.cpython-310-x86_64-linux-gnu.so[0m
[2.892s] [100%] [32m[1mLinking C shared library rosidl_generator_py/aruco_msgs/aruco_msgs_s__rosidl_typesupport_introspection_c.cpython-310-x86_64-linux-gnu.so[0m
[2.892s] [100%] [32m[1mLinking C shared library rosidl_generator_py/aruco_msgs/aruco_msgs_s__rosidl_typesupport_fastrtps_c.cpython-310-x86_64-linux-gnu.so[0m
[2.913s] [100%] Built target aruco_msgs__rosidl_typesupport_introspection_c__pyext
[2.914s] [100%] Built target aruco_msgs__rosidl_typesupport_c__pyext
[2.914s] [100%] Built target aruco_msgs__rosidl_typesupport_fastrtps_c__pyext
[2.920s] Invoked command in '/home/situjet/Desktop/aruco_ros/aruco_ros/build/aruco_msgs' returned '0': CMAKE_PREFIX_PATH=/opt/ros/humble /home/situjet/.local/bin/cmake --build /home/situjet/Desktop/aruco_ros/aruco_ros/build/aruco_msgs -- -j12 -l12
[2.979s] Invoking command in '/home/situjet/Desktop/aruco_ros/aruco_ros/build/aruco_msgs': CMAKE_PREFIX_PATH=/opt/ros/humble /home/situjet/.local/bin/cmake --install /home/situjet/Desktop/aruco_ros/aruco_ros/build/aruco_msgs
[3.002s] -- Install configuration: ""
[3.003s] -- Execute custom install script
[3.003s] -- Symlinking: /home/situjet/Desktop/aruco_ros/aruco_ros/install/aruco_msgs/share/ament_index/resource_index/rosidl_interfaces/aruco_msgs
[3.006s] -- Symlinking: /home/situjet/Desktop/aruco_ros/aruco_ros/install/aruco_msgs/include/aruco_msgs/aruco_msgs/msg/detail/marker__functions.h
[3.007s] -- Symlinking: /home/situjet/Desktop/aruco_ros/aruco_ros/install/aruco_msgs/include/aruco_msgs/aruco_msgs/msg/detail/marker__struct.h
[3.009s] -- Symlinking: /home/situjet/Desktop/aruco_ros/aruco_ros/install/aruco_msgs/include/aruco_msgs/aruco_msgs/msg/detail/marker__type_support.h
[3.011s] -- Symlinking: /home/situjet/Desktop/aruco_ros/aruco_ros/install/aruco_msgs/include/aruco_msgs/aruco_msgs/msg/detail/marker_array__functions.h
[3.013s] -- Symlinking: /home/situjet/Desktop/aruco_ros/aruco_ros/install/aruco_msgs/include/aruco_msgs/aruco_msgs/msg/detail/marker_array__struct.h
[3.015s] -- Symlinking: /home/situjet/Desktop/aruco_ros/aruco_ros/install/aruco_msgs/include/aruco_msgs/aruco_msgs/msg/detail/marker_array__type_support.h
[3.017s] -- Symlinking: /home/situjet/Desktop/aruco_ros/aruco_ros/install/aruco_msgs/include/aruco_msgs/aruco_msgs/msg/marker.h
[3.019s] -- Symlinking: /home/situjet/Desktop/aruco_ros/aruco_ros/install/aruco_msgs/include/aruco_msgs/aruco_msgs/msg/marker_array.h
[3.021s] -- Symlinking: /home/situjet/Desktop/aruco_ros/aruco_ros/install/aruco_msgs/include/aruco_msgs/aruco_msgs/msg/rosidl_generator_c__visibility_control.h
[3.023s] -- Symlinking: /home/situjet/Desktop/aruco_ros/aruco_ros/install/aruco_msgs/share/aruco_msgs/environment/library_path.sh
[3.025s] -- Symlinking: /home/situjet/Desktop/aruco_ros/aruco_ros/install/aruco_msgs/share/aruco_msgs/environment/library_path.dsv
[3.027s] -- Symlinking: /home/situjet/Desktop/aruco_ros/aruco_ros/install/aruco_msgs/include/aruco_msgs/aruco_msgs/msg/detail/marker__rosidl_typesupport_fastrtps_c.h
[3.029s] -- Symlinking: /home/situjet/Desktop/aruco_ros/aruco_ros/install/aruco_msgs/include/aruco_msgs/aruco_msgs/msg/detail/marker_array__rosidl_typesupport_fastrtps_c.h
[3.031s] -- Symlinking: /home/situjet/Desktop/aruco_ros/aruco_ros/install/aruco_msgs/include/aruco_msgs/aruco_msgs/msg/rosidl_typesupport_fastrtps_c__visibility_control.h
[3.034s] -- Symlinking: /home/situjet/Desktop/aruco_ros/aruco_ros/install/aruco_msgs/include/aruco_msgs/aruco_msgs/msg/detail/marker__builder.hpp
[3.036s] -- Symlinking: /home/situjet/Desktop/aruco_ros/aruco_ros/install/aruco_msgs/include/aruco_msgs/aruco_msgs/msg/detail/marker__struct.hpp
[3.038s] -- Symlinking: /home/situjet/Desktop/aruco_ros/aruco_ros/install/aruco_msgs/include/aruco_msgs/aruco_msgs/msg/detail/marker__traits.hpp
[3.041s] -- Symlinking: /home/situjet/Desktop/aruco_ros/aruco_ros/install/aruco_msgs/include/aruco_msgs/aruco_msgs/msg/detail/marker_array__builder.hpp
[3.043s] -- Symlinking: /home/situjet/Desktop/aruco_ros/aruco_ros/install/aruco_msgs/include/aruco_msgs/aruco_msgs/msg/detail/marker_array__struct.hpp
[3.045s] -- Symlinking: /home/situjet/Desktop/aruco_ros/aruco_ros/install/aruco_msgs/include/aruco_msgs/aruco_msgs/msg/detail/marker_array__traits.hpp
[3.048s] -- Symlinking: /home/situjet/Desktop/aruco_ros/aruco_ros/install/aruco_msgs/include/aruco_msgs/aruco_msgs/msg/marker.hpp
[3.050s] -- Symlinking: /home/situjet/Desktop/aruco_ros/aruco_ros/install/aruco_msgs/include/aruco_msgs/aruco_msgs/msg/marker_array.hpp
[3.052s] -- Symlinking: /home/situjet/Desktop/aruco_ros/aruco_ros/install/aruco_msgs/include/aruco_msgs/aruco_msgs/msg/detail/marker__rosidl_typesupport_fastrtps_cpp.hpp
[3.055s] -- Symlinking: /home/situjet/Desktop/aruco_ros/aruco_ros/install/aruco_msgs/include/aruco_msgs/aruco_msgs/msg/detail/marker_array__rosidl_typesupport_fastrtps_cpp.hpp
[3.057s] -- Symlinking: /home/situjet/Desktop/aruco_ros/aruco_ros/install/aruco_msgs/include/aruco_msgs/aruco_msgs/msg/rosidl_typesupport_fastrtps_cpp__visibility_control.h
[3.059s] -- Symlinking: /home/situjet/Desktop/aruco_ros/aruco_ros/install/aruco_msgs/include/aruco_msgs/aruco_msgs/msg/detail/marker__rosidl_typesupport_introspection_c.h
[3.062s] -- Symlinking: /home/situjet/Desktop/aruco_ros/aruco_ros/install/aruco_msgs/include/aruco_msgs/aruco_msgs/msg/detail/marker_array__rosidl_typesupport_introspection_c.h
[3.064s] -- Symlinking: /home/situjet/Desktop/aruco_ros/aruco_ros/install/aruco_msgs/include/aruco_msgs/aruco_msgs/msg/rosidl_typesupport_introspection_c__visibility_control.h
[3.067s] -- Symlinking: /home/situjet/Desktop/aruco_ros/aruco_ros/install/aruco_msgs/include/aruco_msgs/aruco_msgs/msg/detail/marker__rosidl_typesupport_introspection_cpp.hpp
[3.069s] -- Symlinking: /home/situjet/Desktop/aruco_ros/aruco_ros/install/aruco_msgs/include/aruco_msgs/aruco_msgs/msg/detail/marker_array__rosidl_typesupport_introspection_cpp.hpp
[3.071s] -- Symlinking: /home/situjet/Desktop/aruco_ros/aruco_ros/install/aruco_msgs/share/aruco_msgs/environment/pythonpath.sh
[3.073s] -- Symlinking: /home/situjet/Desktop/aruco_ros/aruco_ros/install/aruco_msgs/share/aruco_msgs/environment/pythonpath.dsv
[3.076s] -- Symlinking: /home/situjet/Desktop/aruco_ros/aruco_ros/install/aruco_msgs/local/lib/python3.10/dist-packages/aruco_msgs-5.0.3-py3.10.egg-info/PKG-INFO
[3.078s] -- Symlinking: /home/situjet/Desktop/aruco_ros/aruco_ros/install/aruco_msgs/local/lib/python3.10/dist-packages/aruco_msgs-5.0.3-py3.10.egg-info/SOURCES.txt
[3.080s] -- Symlinking: /home/situjet/Desktop/aruco_ros/aruco_ros/install/aruco_msgs/local/lib/python3.10/dist-packages/aruco_msgs-5.0.3-py3.10.egg-info/dependency_links.txt
[3.083s] -- Symlinking: /home/situjet/Desktop/aruco_ros/aruco_ros/install/aruco_msgs/local/lib/python3.10/dist-packages/aruco_msgs-5.0.3-py3.10.egg-info/top_level.txt
[3.086s] -- Symlinking: /home/situjet/Desktop/aruco_ros/aruco_ros/install/aruco_msgs/local/lib/python3.10/dist-packages/aruco_msgs/__init__.py
[3.088s] -- Symlinking: /home/situjet/Desktop/aruco_ros/aruco_ros/install/aruco_msgs/local/lib/python3.10/dist-packages/aruco_msgs/_aruco_msgs_s.ep.rosidl_typesupport_c.c
[3.090s] -- Symlinking: /home/situjet/Desktop/aruco_ros/aruco_ros/install/aruco_msgs/local/lib/python3.10/dist-packages/aruco_msgs/_aruco_msgs_s.ep.rosidl_typesupport_fastrtps_c.c
[3.092s] -- Symlinking: /home/situjet/Desktop/aruco_ros/aruco_ros/install/aruco_msgs/local/lib/python3.10/dist-packages/aruco_msgs/_aruco_msgs_s.ep.rosidl_typesupport_introspection_c.c
[3.095s] -- Symlinking: /home/situjet/Desktop/aruco_ros/aruco_ros/install/aruco_msgs/local/lib/python3.10/dist-packages/aruco_msgs/aruco_msgs_s__rosidl_typesupport_c.cpython-310-x86_64-linux-gnu.so
[3.097s] -- Symlinking: /home/situjet/Desktop/aruco_ros/aruco_ros/install/aruco_msgs/local/lib/python3.10/dist-packages/aruco_msgs/aruco_msgs_s__rosidl_typesupport_fastrtps_c.cpython-310-x86_64-linux-gnu.so
[3.099s] -- Symlinking: /home/situjet/Desktop/aruco_ros/aruco_ros/install/aruco_msgs/local/lib/python3.10/dist-packages/aruco_msgs/aruco_msgs_s__rosidl_typesupport_introspection_c.cpython-310-x86_64-linux-gnu.so
[3.102s] -- Symlinking: /home/situjet/Desktop/aruco_ros/aruco_ros/install/aruco_msgs/local/lib/python3.10/dist-packages/aruco_msgs/libaruco_msgs__rosidl_generator_py.so
[3.104s] -- Symlinking: /home/situjet/Desktop/aruco_ros/aruco_ros/install/aruco_msgs/local/lib/python3.10/dist-packages/aruco_msgs/msg/__init__.py
[3.106s] -- Symlinking: /home/situjet/Desktop/aruco_ros/aruco_ros/install/aruco_msgs/local/lib/python3.10/dist-packages/aruco_msgs/msg/_marker.py
[3.108s] -- Symlinking: /home/situjet/Desktop/aruco_ros/aruco_ros/install/aruco_msgs/local/lib/python3.10/dist-packages/aruco_msgs/msg/_marker_array.py
[3.111s] -- Symlinking: /home/situjet/Desktop/aruco_ros/aruco_ros/install/aruco_msgs/local/lib/python3.10/dist-packages/aruco_msgs/msg/_marker_array_s.c
[3.113s] -- Symlinking: /home/situjet/Desktop/aruco_ros/aruco_ros/install/aruco_msgs/local/lib/python3.10/dist-packages/aruco_msgs/msg/_marker_s.c
[3.115s] -- Up-to-date symlink: /home/situjet/Desktop/aruco_ros/aruco_ros/install/aruco_msgs/local/lib/python3.10/dist-packages/aruco_msgs/aruco_msgs_s__rosidl_typesupport_fastrtps_c.cpython-310-x86_64-linux-gnu.so
[3.115s] -- Up-to-date symlink: /home/situjet/Desktop/aruco_ros/aruco_ros/install/aruco_msgs/local/lib/python3.10/dist-packages/aruco_msgs/aruco_msgs_s__rosidl_typesupport_introspection_c.cpython-310-x86_64-linux-gnu.so
[3.116s] -- Up-to-date symlink: /home/situjet/Desktop/aruco_ros/aruco_ros/install/aruco_msgs/local/lib/python3.10/dist-packages/aruco_msgs/aruco_msgs_s__rosidl_typesupport_c.cpython-310-x86_64-linux-gnu.so
[3.116s] -- Symlinking: /home/situjet/Desktop/aruco_ros/aruco_ros/install/aruco_msgs/share/aruco_msgs/msg/Marker.idl
[3.118s] -- Symlinking: /home/situjet/Desktop/aruco_ros/aruco_ros/install/aruco_msgs/share/aruco_msgs/msg/MarkerArray.idl
[3.120s] -- Symlinking: /home/situjet/Desktop/aruco_ros/aruco_ros/install/aruco_msgs/share/aruco_msgs/msg/Marker.msg
[3.122s] -- Symlinking: /home/situjet/Desktop/aruco_ros/aruco_ros/install/aruco_msgs/share/aruco_msgs/msg/MarkerArray.msg
[3.124s] -- Symlinking: /home/situjet/Desktop/aruco_ros/aruco_ros/install/aruco_msgs/share/ament_index/resource_index/package_run_dependencies/aruco_msgs
[3.126s] -- Symlinking: /home/situjet/Desktop/aruco_ros/aruco_ros/install/aruco_msgs/share/ament_index/resource_index/parent_prefix_path/aruco_msgs
[3.128s] -- Symlinking: /home/situjet/Desktop/aruco_ros/aruco_ros/install/aruco_msgs/share/aruco_msgs/environment/ament_prefix_path.sh
[3.130s] -- Symlinking: /home/situjet/Desktop/aruco_ros/aruco_ros/install/aruco_msgs/share/aruco_msgs/environment/ament_prefix_path.dsv
[3.132s] -- Symlinking: /home/situjet/Desktop/aruco_ros/aruco_ros/install/aruco_msgs/share/aruco_msgs/environment/path.sh
[3.133s] -- Symlinking: /home/situjet/Desktop/aruco_ros/aruco_ros/install/aruco_msgs/share/aruco_msgs/environment/path.dsv
[3.135s] -- Symlinking: /home/situjet/Desktop/aruco_ros/aruco_ros/install/aruco_msgs/share/aruco_msgs/local_setup.bash
[3.137s] -- Symlinking: /home/situjet/Desktop/aruco_ros/aruco_ros/install/aruco_msgs/share/aruco_msgs/local_setup.sh
[3.139s] -- Symlinking: /home/situjet/Desktop/aruco_ros/aruco_ros/install/aruco_msgs/share/aruco_msgs/local_setup.zsh
[3.140s] -- Symlinking: /home/situjet/Desktop/aruco_ros/aruco_ros/install/aruco_msgs/share/aruco_msgs/local_setup.dsv
[3.142s] -- Symlinking: /home/situjet/Desktop/aruco_ros/aruco_ros/install/aruco_msgs/share/aruco_msgs/package.dsv
[3.144s] -- Symlinking: /home/situjet/Desktop/aruco_ros/aruco_ros/install/aruco_msgs/share/ament_index/resource_index/packages/aruco_msgs
[3.146s] -- Symlinking: /home/situjet/Desktop/aruco_ros/aruco_ros/install/aruco_msgs/share/aruco_msgs/cmake/rosidl_cmake-extras.cmake
[3.147s] -- Symlinking: /home/situjet/Desktop/aruco_ros/aruco_ros/install/aruco_msgs/share/aruco_msgs/cmake/ament_cmake_export_dependencies-extras.cmake
[3.149s] -- Symlinking: /home/situjet/Desktop/aruco_ros/aruco_ros/install/aruco_msgs/share/aruco_msgs/cmake/ament_cmake_export_include_directories-extras.cmake
[3.151s] -- Symlinking: /home/situjet/Desktop/aruco_ros/aruco_ros/install/aruco_msgs/share/aruco_msgs/cmake/ament_cmake_export_libraries-extras.cmake
[3.153s] -- Symlinking: /home/situjet/Desktop/aruco_ros/aruco_ros/install/aruco_msgs/share/aruco_msgs/cmake/ament_cmake_export_targets-extras.cmake
[3.155s] -- Symlinking: /home/situjet/Desktop/aruco_ros/aruco_ros/install/aruco_msgs/share/aruco_msgs/cmake/rosidl_cmake_export_typesupport_targets-extras.cmake
[3.156s] -- Symlinking: /home/situjet/Desktop/aruco_ros/aruco_ros/install/aruco_msgs/share/aruco_msgs/cmake/rosidl_cmake_export_typesupport_libraries-extras.cmake
[3.158s] -- Symlinking: /home/situjet/Desktop/aruco_ros/aruco_ros/install/aruco_msgs/share/aruco_msgs/cmake/aruco_msgsConfig.cmake
[3.160s] -- Symlinking: /home/situjet/Desktop/aruco_ros/aruco_ros/install/aruco_msgs/share/aruco_msgs/cmake/aruco_msgsConfig-version.cmake
[3.162s] -- Symlinking: /home/situjet/Desktop/aruco_ros/aruco_ros/install/aruco_msgs/share/aruco_msgs/package.xml
[3.163s] -- Installing: /home/situjet/Desktop/aruco_ros/aruco_ros/install/aruco_msgs/lib/libaruco_msgs__rosidl_generator_c.so
[3.163s] -- Set runtime path of "/home/situjet/Desktop/aruco_ros/aruco_ros/install/aruco_msgs/lib/libaruco_msgs__rosidl_generator_c.so" to ""
[3.164s] -- Installing: /home/situjet/Desktop/aruco_ros/aruco_ros/install/aruco_msgs/lib/libaruco_msgs__rosidl_typesupport_fastrtps_c.so
[3.164s] -- Set runtime path of "/home/situjet/Desktop/aruco_ros/aruco_ros/install/aruco_msgs/lib/libaruco_msgs__rosidl_typesupport_fastrtps_c.so" to ""
[3.164s] -- Installing: /home/situjet/Desktop/aruco_ros/aruco_ros/install/aruco_msgs/lib/libaruco_msgs__rosidl_typesupport_fastrtps_cpp.so
[3.164s] -- Set runtime path of "/home/situjet/Desktop/aruco_ros/aruco_ros/install/aruco_msgs/lib/libaruco_msgs__rosidl_typesupport_fastrtps_cpp.so" to ""
[3.164s] -- Installing: /home/situjet/Desktop/aruco_ros/aruco_ros/install/aruco_msgs/lib/libaruco_msgs__rosidl_typesupport_introspection_c.so
[3.164s] -- Set runtime path of "/home/situjet/Desktop/aruco_ros/aruco_ros/install/aruco_msgs/lib/libaruco_msgs__rosidl_typesupport_introspection_c.so" to ""
[3.164s] -- Installing: /home/situjet/Desktop/aruco_ros/aruco_ros/install/aruco_msgs/lib/libaruco_msgs__rosidl_typesupport_c.so
[3.165s] -- Set runtime path of "/home/situjet/Desktop/aruco_ros/aruco_ros/install/aruco_msgs/lib/libaruco_msgs__rosidl_typesupport_c.so" to ""
[3.165s] -- Installing: /home/situjet/Desktop/aruco_ros/aruco_ros/install/aruco_msgs/lib/libaruco_msgs__rosidl_typesupport_introspection_cpp.so
[3.165s] -- Set runtime path of "/home/situjet/Desktop/aruco_ros/aruco_ros/install/aruco_msgs/lib/libaruco_msgs__rosidl_typesupport_introspection_cpp.so" to ""
[3.165s] -- Installing: /home/situjet/Desktop/aruco_ros/aruco_ros/install/aruco_msgs/lib/libaruco_msgs__rosidl_typesupport_cpp.so
[3.165s] -- Set runtime path of "/home/situjet/Desktop/aruco_ros/aruco_ros/install/aruco_msgs/lib/libaruco_msgs__rosidl_typesupport_cpp.so" to ""
[3.196s] Listing '/home/situjet/Desktop/aruco_ros/aruco_ros/install/aruco_msgs/local/lib/python3.10/dist-packages/aruco_msgs'...
[3.196s] Compiling '/home/situjet/Desktop/aruco_ros/aruco_ros/install/aruco_msgs/local/lib/python3.10/dist-packages/aruco_msgs/__init__.py'...
[3.196s] Listing '/home/situjet/Desktop/aruco_ros/aruco_ros/install/aruco_msgs/local/lib/python3.10/dist-packages/aruco_msgs/msg'...
[3.196s] Compiling '/home/situjet/Desktop/aruco_ros/aruco_ros/install/aruco_msgs/local/lib/python3.10/dist-packages/aruco_msgs/msg/__init__.py'...
[3.196s] Compiling '/home/situjet/Desktop/aruco_ros/aruco_ros/install/aruco_msgs/local/lib/python3.10/dist-packages/aruco_msgs/msg/_marker.py'...
[3.196s] Compiling '/home/situjet/Desktop/aruco_ros/aruco_ros/install/aruco_msgs/local/lib/python3.10/dist-packages/aruco_msgs/msg/_marker_array.py'...
[3.199s] -- Installing: /home/situjet/Desktop/aruco_ros/aruco_ros/install/aruco_msgs/lib/libaruco_msgs__rosidl_generator_py.so
[3.199s] -- Set runtime path of "/home/situjet/Desktop/aruco_ros/aruco_ros/install/aruco_msgs/lib/libaruco_msgs__rosidl_generator_py.so" to ""
[3.200s] -- Installing: /home/situjet/Desktop/aruco_ros/aruco_ros/install/aruco_msgs/share/aruco_msgs/cmake/export_aruco_msgs__rosidl_generator_cExport.cmake
[3.200s] -- Installing: /home/situjet/Desktop/aruco_ros/aruco_ros/install/aruco_msgs/share/aruco_msgs/cmake/export_aruco_msgs__rosidl_generator_cExport-noconfig.cmake
[3.200s] -- Installing: /home/situjet/Desktop/aruco_ros/aruco_ros/install/aruco_msgs/share/aruco_msgs/cmake/export_aruco_msgs__rosidl_typesupport_fastrtps_cExport.cmake
[3.200s] -- Installing: /home/situjet/Desktop/aruco_ros/aruco_ros/install/aruco_msgs/share/aruco_msgs/cmake/export_aruco_msgs__rosidl_typesupport_fastrtps_cExport-noconfig.cmake
[3.200s] -- Installing: /home/situjet/Desktop/aruco_ros/aruco_ros/install/aruco_msgs/share/aruco_msgs/cmake/export_aruco_msgs__rosidl_generator_cppExport.cmake
[3.200s] -- Installing: /home/situjet/Desktop/aruco_ros/aruco_ros/install/aruco_msgs/share/aruco_msgs/cmake/export_aruco_msgs__rosidl_typesupport_fastrtps_cppExport.cmake
[3.200s] -- Installing: /home/situjet/Desktop/aruco_ros/aruco_ros/install/aruco_msgs/share/aruco_msgs/cmake/export_aruco_msgs__rosidl_typesupport_fastrtps_cppExport-noconfig.cmake
[3.200s] -- Installing: /home/situjet/Desktop/aruco_ros/aruco_ros/install/aruco_msgs/share/aruco_msgs/cmake/aruco_msgs__rosidl_typesupport_introspection_cExport.cmake
[3.200s] -- Installing: /home/situjet/Desktop/aruco_ros/aruco_ros/install/aruco_msgs/share/aruco_msgs/cmake/aruco_msgs__rosidl_typesupport_introspection_cExport-noconfig.cmake
[3.200s] -- Installing: /home/situjet/Desktop/aruco_ros/aruco_ros/install/aruco_msgs/share/aruco_msgs/cmake/aruco_msgs__rosidl_typesupport_cExport.cmake
[3.201s] -- Installing: /home/situjet/Desktop/aruco_ros/aruco_ros/install/aruco_msgs/share/aruco_msgs/cmake/aruco_msgs__rosidl_typesupport_cExport-noconfig.cmake
[3.201s] -- Installing: /home/situjet/Desktop/aruco_ros/aruco_ros/install/aruco_msgs/share/aruco_msgs/cmake/aruco_msgs__rosidl_typesupport_introspection_cppExport.cmake
[3.201s] -- Installing: /home/situjet/Desktop/aruco_ros/aruco_ros/install/aruco_msgs/share/aruco_msgs/cmake/aruco_msgs__rosidl_typesupport_introspection_cppExport-noconfig.cmake
[3.201s] -- Installing: /home/situjet/Desktop/aruco_ros/aruco_ros/install/aruco_msgs/share/aruco_msgs/cmake/aruco_msgs__rosidl_typesupport_cppExport.cmake
[3.201s] -- Installing: /home/situjet/Desktop/aruco_ros/aruco_ros/install/aruco_msgs/share/aruco_msgs/cmake/aruco_msgs__rosidl_typesupport_cppExport-noconfig.cmake
[3.201s] -- Installing: /home/situjet/Desktop/aruco_ros/aruco_ros/install/aruco_msgs/share/aruco_msgs/cmake/export_aruco_msgs__rosidl_generator_pyExport.cmake
[3.201s] -- Installing: /home/situjet/Desktop/aruco_ros/aruco_ros/install/aruco_msgs/share/aruco_msgs/cmake/export_aruco_msgs__rosidl_generator_pyExport-noconfig.cmake
[3.206s] Invoked command in '/home/situjet/Desktop/aruco_ros/aruco_ros/build/aruco_msgs' returned '0': CMAKE_PREFIX_PATH=/opt/ros/humble /home/situjet/.local/bin/cmake --install /home/situjet/Desktop/aruco_ros/aruco_ros/build/aruco_msgs
