-- Found ament_cmake: 1.3.5 (/opt/ros/humble/share/ament_cmake/cmake)
-- Override CMake install command with custom implementation using symlinks instead of copying resources
-- Found cv_bridge: 3.2.1 (/opt/ros/humble/share/cv_bridge/cmake)
-- Found rosidl_generator_c: 3.1.5 (/opt/ros/humble/share/rosidl_generator_c/cmake)
-- Found rosidl_adapter: 3.1.5 (/opt/ros/humble/share/rosidl_adapter/cmake)
-- Found rosidl_generator_cpp: 3.1.5 (/opt/ros/humble/share/rosidl_generator_cpp/cmake)
-- Using all available rosidl_typesupport_c: rosidl_typesupport_fastrtps_c;rosidl_typesupport_introspection_c
-- Using all available rosidl_typesupport_cpp: rosidl_typesupport_fastrtps_cpp;rosidl_typesupport_introspection_cpp
-- Found image_transport: 3.1.7 (/opt/ros/humble/share/image_transport/cmake)
-- Found rmw_implementation_cmake: 6.1.1 (/opt/ros/humble/share/rmw_implementation_cmake/cmake)
-- Found rmw_fastrtps_cpp: 6.2.4 (/opt/ros/humble/share/rmw_fastrtps_cpp/cmake)
-- Using RMW implementation 'rmw_fastrtps_cpp' as default
-- Found rclpy: 3.3.10 (/opt/ros/humble/share/rclpy/cmake)
-- Found tf2: 0.25.4 (/opt/ros/humble/share/tf2/cmake)
-- Found tf2_ros: 0.25.4 (/opt/ros/humble/share/tf2_ros/cmake)
-- Found tf2_geometry_msgs: 0.25.4 (/opt/ros/humble/share/tf2_geometry_msgs/cmake)
-- Found eigen3_cmake_module: 0.1.1 (/opt/ros/humble/share/eigen3_cmake_module/cmake)
-- Ensuring Eigen3 include directory is part of orocos-kdl CMake target
-- Found aruco: 5.0.3 (/home/pi/LeoRover-SLAM-ROS2/aruco_ros/install/aruco/share/aruco/cmake)
-- Found aruco_msgs: 5.0.3 (/home/pi/LeoRover-SLAM-ROS2/aruco_ros/install/aruco_msgs/share/aruco_msgs/cmake)
-- Found visualization_msgs: 4.2.3 (/opt/ros/humble/share/visualization_msgs/cmake)
-- Found ament_lint_auto: 0.12.8 (/opt/ros/humble/share/ament_lint_auto/cmake)
-- Added test 'cppcheck' to perform static code analysis on C / C++ code
-- Configured cppcheck include dirs: /home/pi/LeoRover-SLAM-ROS2/aruco_ros/aruco_ros/include
-- Configured cppcheck exclude dirs and/or files: 
-- Added test 'cpplint' to check C / C++ code against the Google style
-- Configured cpplint exclude dirs and/or files: 
-- Added test 'flake8' to check Python code syntax and style conventions
-- Added test 'lint_cmake' to check CMake code style
-- Added test 'pep257' to check Python code against some of the docstring style conventions in PEP 257
-- Added test 'uncrustify' to check C / C++ code style
-- Configured uncrustify additional arguments: 
-- Added test 'xmllint' to check XML markup files
-- Configuring done
-- Generating done
-- Build files have been written to: /home/pi/LeoRover-SLAM-ROS2/aruco_ros/build/aruco_ros
[35m[1mConsolidate compiler generated dependencies of target aruco_ros_utils[0m
[ 18%] Built target aruco_ros_utils
[ 27%] [32mBuilding CXX object CMakeFiles/marker_publisher.dir/src/marker_publish.cpp.o[0m
[ 36%] [32mBuilding CXX object CMakeFiles/marker_publisher.dir/src/aruco_ros_utils.cpp.o[0m
[ 45%] [32m[1mLinking CXX executable marker_publisher[0m
[ 45%] Built target marker_publisher
[ 54%] [32mBuilding CXX object CMakeFiles/double.dir/src/simple_double.cpp.o[0m
[ 63%] [32mBuilding CXX object CMakeFiles/double.dir/src/aruco_ros_utils.cpp.o[0m
[ 72%] [32m[1mLinking CXX executable double[0m
[ 72%] Built target double
[ 90%] [32mBuilding CXX object CMakeFiles/single.dir/src/aruco_ros_utils.cpp.o[0m
[ 90%] [32mBuilding CXX object CMakeFiles/single.dir/src/simple_single.cpp.o[0m
[100%] [32m[1mLinking CXX executable single[0m
[100%] Built target single
-- Install configuration: ""
-- Execute custom install script
-- Symlinking: /home/pi/LeoRover-SLAM-ROS2/aruco_ros/install/aruco_ros/lib/libaruco_ros_utils.so
-- Symlinking: /home/pi/LeoRover-SLAM-ROS2/aruco_ros/install/aruco_ros/lib/aruco_ros/marker_publisher
-- Symlinking: /home/pi/LeoRover-SLAM-ROS2/aruco_ros/install/aruco_ros/lib/aruco_ros/single
-- Symlinking: /home/pi/LeoRover-SLAM-ROS2/aruco_ros/install/aruco_ros/lib/aruco_ros/double
-- Symlinking: /home/pi/LeoRover-SLAM-ROS2/aruco_ros/install/aruco_ros/share/aruco_ros/etc/marker26_5cm.jpg
-- Symlinking: /home/pi/LeoRover-SLAM-ROS2/aruco_ros/install/aruco_ros/share/aruco_ros/etc/marker26_5cm_margin_1cm.jpg
-- Symlinking: /home/pi/LeoRover-SLAM-ROS2/aruco_ros/install/aruco_ros/share/aruco_ros/etc/marker26_5cm_margin_2cm.jpg
-- Symlinking: /home/pi/LeoRover-SLAM-ROS2/aruco_ros/install/aruco_ros/share/aruco_ros/etc/marker582_5cm.jpg
-- Symlinking: /home/pi/LeoRover-SLAM-ROS2/aruco_ros/install/aruco_ros/share/aruco_ros/etc/marker582_5cm_margin_2cm.jpg
-- Symlinking: /home/pi/LeoRover-SLAM-ROS2/aruco_ros/install/aruco_ros/share/aruco_ros/etc/marker_in_hand.jpg
-- Symlinking: /home/pi/LeoRover-SLAM-ROS2/aruco_ros/install/aruco_ros/share/aruco_ros/etc/marker_in_object.jpg
-- Symlinking: /home/pi/LeoRover-SLAM-ROS2/aruco_ros/install/aruco_ros/share/aruco_ros/etc/new_coordinates.png
-- Symlinking: /home/pi/LeoRover-SLAM-ROS2/aruco_ros/install/aruco_ros/share/aruco_ros/etc/reem_gazebo_floating_marker.png
-- Symlinking: /home/pi/LeoRover-SLAM-ROS2/aruco_ros/install/aruco_ros/share/aruco_ros/etc/reem_gazebo_floating_marker_world.png
-- Symlinking: /home/pi/LeoRover-SLAM-ROS2/aruco_ros/install/aruco_ros/share/aruco_ros/launch/double.launch.py
-- Symlinking: /home/pi/LeoRover-SLAM-ROS2/aruco_ros/install/aruco_ros/share/aruco_ros/launch/marker_publisher.launch.py
-- Symlinking: /home/pi/LeoRover-SLAM-ROS2/aruco_ros/install/aruco_ros/share/aruco_ros/launch/single.launch.py
-- Symlinking: /home/pi/LeoRover-SLAM-ROS2/aruco_ros/install/aruco_ros/share/ament_index/resource_index/package_run_dependencies/aruco_ros
-- Symlinking: /home/pi/LeoRover-SLAM-ROS2/aruco_ros/install/aruco_ros/share/ament_index/resource_index/parent_prefix_path/aruco_ros
-- Symlinking: /home/pi/LeoRover-SLAM-ROS2/aruco_ros/install/aruco_ros/share/aruco_ros/environment/ament_prefix_path.sh
-- Symlinking: /home/pi/LeoRover-SLAM-ROS2/aruco_ros/install/aruco_ros/share/aruco_ros/environment/ament_prefix_path.dsv
-- Symlinking: /home/pi/LeoRover-SLAM-ROS2/aruco_ros/install/aruco_ros/share/aruco_ros/environment/path.sh
-- Symlinking: /home/pi/LeoRover-SLAM-ROS2/aruco_ros/install/aruco_ros/share/aruco_ros/environment/path.dsv
-- Symlinking: /home/pi/LeoRover-SLAM-ROS2/aruco_ros/install/aruco_ros/share/aruco_ros/local_setup.bash
-- Symlinking: /home/pi/LeoRover-SLAM-ROS2/aruco_ros/install/aruco_ros/share/aruco_ros/local_setup.sh
-- Symlinking: /home/pi/LeoRover-SLAM-ROS2/aruco_ros/install/aruco_ros/share/aruco_ros/local_setup.zsh
-- Symlinking: /home/pi/LeoRover-SLAM-ROS2/aruco_ros/install/aruco_ros/share/aruco_ros/local_setup.dsv
-- Symlinking: /home/pi/LeoRover-SLAM-ROS2/aruco_ros/install/aruco_ros/share/aruco_ros/package.dsv
-- Symlinking: /home/pi/LeoRover-SLAM-ROS2/aruco_ros/install/aruco_ros/share/ament_index/resource_index/packages/aruco_ros
-- Symlinking: /home/pi/LeoRover-SLAM-ROS2/aruco_ros/install/aruco_ros/share/aruco_ros/cmake/aruco_rosConfig.cmake
-- Symlinking: /home/pi/LeoRover-SLAM-ROS2/aruco_ros/install/aruco_ros/share/aruco_ros/cmake/aruco_rosConfig-version.cmake
-- Symlinking: /home/pi/LeoRover-SLAM-ROS2/aruco_ros/install/aruco_ros/share/aruco_ros/package.xml
-- Installing: /home/pi/LeoRover-SLAM-ROS2/aruco_ros/install/aruco_ros/include
-- Installing: /home/pi/LeoRover-SLAM-ROS2/aruco_ros/install/aruco_ros/include/aruco_ros
