[0.476s] Invoking command in '/home/pi/LeoRover-SLAM-ROS2/aruco_ros/build/aruco_ros': AMENT_PREFIX_PATH=/home/pi/LeoRover-SLAM-ROS2/aruco_ros/install/aruco_msgs:/home/pi/LeoRover-SLAM-ROS2/aruco_ros/install/aruco:${AMENT_PREFIX_PATH} CMAKE_PREFIX_PATH=/home/pi/LeoRover-SLAM-ROS2/aruco_ros/install/aruco_msgs:/home/pi/LeoRover-SLAM-ROS2/aruco_ros/install/aruco:/opt/ros/humble LD_LIBRARY_PATH=/home/pi/LeoRover-SLAM-ROS2/aruco_ros/install/aruco_msgs/lib:/home/pi/LeoRover-SLAM-ROS2/aruco_ros/install/aruco/lib:${LD_LIBRARY_PATH} PYTHONPATH=/home/pi/LeoRover-SLAM-ROS2/aruco_ros/install/aruco_msgs/local/lib/python3.10/dist-packages:${PYTHONPATH} /usr/bin/cmake /home/pi/LeoRover-SLAM-ROS2/aruco_ros/aruco_ros -DCMAKE_INSTALL_PREFIX=/home/pi/LeoRover-SLAM-ROS2/aruco_ros/install/aruco_ros
[0.563s] -- Found ament_cmake: 1.3.5 (/opt/ros/humble/share/ament_cmake/cmake)
[1.697s] -- Override CMake install command with custom implementation using symlinks instead of copying resources
[1.791s] -- Found cv_bridge: 3.2.1 (/opt/ros/humble/share/cv_bridge/cmake)
[2.045s] -- Found rosidl_generator_c: 3.1.5 (/opt/ros/humble/share/rosidl_generator_c/cmake)
[2.063s] -- Found rosidl_adapter: 3.1.5 (/opt/ros/humble/share/rosidl_adapter/cmake)
[2.101s] -- Found rosidl_generator_cpp: 3.1.5 (/opt/ros/humble/share/rosidl_generator_cpp/cmake)
[2.173s] -- Using all available rosidl_typesupport_c: rosidl_typesupport_fastrtps_c;rosidl_typesupport_introspection_c
[2.274s] -- Using all available rosidl_typesupport_cpp: rosidl_typesupport_fastrtps_cpp;rosidl_typesupport_introspection_cpp
[3.436s] -- Found image_transport: 3.1.7 (/opt/ros/humble/share/image_transport/cmake)
[3.866s] -- Found rmw_implementation_cmake: 6.1.1 (/opt/ros/humble/share/rmw_implementation_cmake/cmake)
[3.886s] -- Found rmw_fastrtps_cpp: 6.2.4 (/opt/ros/humble/share/rmw_fastrtps_cpp/cmake)
[5.284s] -- Using RMW implementation 'rmw_fastrtps_cpp' as default
[6.523s] -- Found rclpy: 3.3.10 (/opt/ros/humble/share/rclpy/cmake)
[6.528s] -- Found tf2: 0.25.4 (/opt/ros/humble/share/tf2/cmake)
[6.578s] -- Found tf2_ros: 0.25.4 (/opt/ros/humble/share/tf2_ros/cmake)
[8.414s] -- Found tf2_geometry_msgs: 0.25.4 (/opt/ros/humble/share/tf2_geometry_msgs/cmake)
[8.456s] -- Found eigen3_cmake_module: 0.1.1 (/opt/ros/humble/share/eigen3_cmake_module/cmake)
[8.466s] -- Ensuring Eigen3 include directory is part of orocos-kdl CMake target
[8.513s] -- Found aruco: 5.0.3 (/home/pi/LeoRover-SLAM-ROS2/aruco_ros/install/aruco/share/aruco/cmake)
[8.521s] -- Found aruco_msgs: 5.0.3 (/home/pi/LeoRover-SLAM-ROS2/aruco_ros/install/aruco_msgs/share/aruco_msgs/cmake)
[8.874s] -- Found visualization_msgs: 4.2.3 (/opt/ros/humble/share/visualization_msgs/cmake)
[9.565s] -- Found ament_lint_auto: 0.12.8 (/opt/ros/humble/share/ament_lint_auto/cmake)
[10.308s] -- Added test 'cppcheck' to perform static code analysis on C / C++ code
[10.311s] -- Configured cppcheck include dirs: /home/pi/LeoRover-SLAM-ROS2/aruco_ros/aruco_ros/include
[10.312s] -- Configured cppcheck exclude dirs and/or files: 
[10.333s] -- Added test 'cpplint' to check C / C++ code against the Google style
[10.334s] -- Configured cpplint exclude dirs and/or files: 
[10.338s] -- Added test 'flake8' to check Python code syntax and style conventions
[10.345s] -- Added test 'lint_cmake' to check CMake code style
[10.351s] -- Added test 'pep257' to check Python code against some of the docstring style conventions in PEP 257
[10.372s] -- Added test 'uncrustify' to check C / C++ code style
[10.374s] -- Configured uncrustify additional arguments: 
[10.376s] -- Added test 'xmllint' to check XML markup files
[10.390s] -- Configuring done
[10.841s] -- Generating done
[10.864s] -- Build files have been written to: /home/pi/LeoRover-SLAM-ROS2/aruco_ros/build/aruco_ros
[10.958s] Invoked command in '/home/pi/LeoRover-SLAM-ROS2/aruco_ros/build/aruco_ros' returned '0': AMENT_PREFIX_PATH=/home/pi/LeoRover-SLAM-ROS2/aruco_ros/install/aruco_msgs:/home/pi/LeoRover-SLAM-ROS2/aruco_ros/install/aruco:${AMENT_PREFIX_PATH} CMAKE_PREFIX_PATH=/home/pi/LeoRover-SLAM-ROS2/aruco_ros/install/aruco_msgs:/home/pi/LeoRover-SLAM-ROS2/aruco_ros/install/aruco:/opt/ros/humble LD_LIBRARY_PATH=/home/pi/LeoRover-SLAM-ROS2/aruco_ros/install/aruco_msgs/lib:/home/pi/LeoRover-SLAM-ROS2/aruco_ros/install/aruco/lib:${LD_LIBRARY_PATH} PYTHONPATH=/home/pi/LeoRover-SLAM-ROS2/aruco_ros/install/aruco_msgs/local/lib/python3.10/dist-packages:${PYTHONPATH} /usr/bin/cmake /home/pi/LeoRover-SLAM-ROS2/aruco_ros/aruco_ros -DCMAKE_INSTALL_PREFIX=/home/pi/LeoRover-SLAM-ROS2/aruco_ros/install/aruco_ros
[10.961s] Invoking command in '/home/pi/LeoRover-SLAM-ROS2/aruco_ros/build/aruco_ros': AMENT_PREFIX_PATH=/home/pi/LeoRover-SLAM-ROS2/aruco_ros/install/aruco_msgs:/home/pi/LeoRover-SLAM-ROS2/aruco_ros/install/aruco:${AMENT_PREFIX_PATH} CMAKE_PREFIX_PATH=/home/pi/LeoRover-SLAM-ROS2/aruco_ros/install/aruco_msgs:/home/pi/LeoRover-SLAM-ROS2/aruco_ros/install/aruco:/opt/ros/humble LD_LIBRARY_PATH=/home/pi/LeoRover-SLAM-ROS2/aruco_ros/install/aruco_msgs/lib:/home/pi/LeoRover-SLAM-ROS2/aruco_ros/install/aruco/lib:${LD_LIBRARY_PATH} PYTHONPATH=/home/pi/LeoRover-SLAM-ROS2/aruco_ros/install/aruco_msgs/local/lib/python3.10/dist-packages:${PYTHONPATH} /usr/bin/cmake --build /home/pi/LeoRover-SLAM-ROS2/aruco_ros/build/aruco_ros -- -j4 -l4
[11.230s] [35m[1mConsolidate compiler generated dependencies of target aruco_ros_utils[0m
[11.386s] [ 18%] Built target aruco_ros_utils
[11.536s] [ 27%] [32mBuilding CXX object CMakeFiles/marker_publisher.dir/src/marker_publish.cpp.o[0m
[99.978s] [ 36%] [32mBuilding CXX object CMakeFiles/marker_publisher.dir/src/aruco_ros_utils.cpp.o[0m
[116.248s] [ 45%] [32m[1mLinking CXX executable marker_publisher[0m
[127.410s] [ 45%] Built target marker_publisher
[127.610s] [ 54%] [32mBuilding CXX object CMakeFiles/double.dir/src/simple_double.cpp.o[0m
[196.358s] [ 63%] [32mBuilding CXX object CMakeFiles/double.dir/src/aruco_ros_utils.cpp.o[0m
[207.768s] [ 72%] [32m[1mLinking CXX executable double[0m
[214.241s] [ 72%] Built target double
[214.373s] [ 90%] [32mBuilding CXX object CMakeFiles/single.dir/src/aruco_ros_utils.cpp.o[0m
[214.376s] [ 90%] [32mBuilding CXX object CMakeFiles/single.dir/src/simple_single.cpp.o[0m
[282.254s] [100%] [32m[1mLinking CXX executable single[0m
[289.694s] [100%] Built target single
[289.777s] Invoked command in '/home/pi/LeoRover-SLAM-ROS2/aruco_ros/build/aruco_ros' returned '0': AMENT_PREFIX_PATH=/home/pi/LeoRover-SLAM-ROS2/aruco_ros/install/aruco_msgs:/home/pi/LeoRover-SLAM-ROS2/aruco_ros/install/aruco:${AMENT_PREFIX_PATH} CMAKE_PREFIX_PATH=/home/pi/LeoRover-SLAM-ROS2/aruco_ros/install/aruco_msgs:/home/pi/LeoRover-SLAM-ROS2/aruco_ros/install/aruco:/opt/ros/humble LD_LIBRARY_PATH=/home/pi/LeoRover-SLAM-ROS2/aruco_ros/install/aruco_msgs/lib:/home/pi/LeoRover-SLAM-ROS2/aruco_ros/install/aruco/lib:${LD_LIBRARY_PATH} PYTHONPATH=/home/pi/LeoRover-SLAM-ROS2/aruco_ros/install/aruco_msgs/local/lib/python3.10/dist-packages:${PYTHONPATH} /usr/bin/cmake --build /home/pi/LeoRover-SLAM-ROS2/aruco_ros/build/aruco_ros -- -j4 -l4
[290.019s] Invoking command in '/home/pi/LeoRover-SLAM-ROS2/aruco_ros/build/aruco_ros': AMENT_PREFIX_PATH=/home/pi/LeoRover-SLAM-ROS2/aruco_ros/install/aruco_msgs:/home/pi/LeoRover-SLAM-ROS2/aruco_ros/install/aruco:${AMENT_PREFIX_PATH} CMAKE_PREFIX_PATH=/home/pi/LeoRover-SLAM-ROS2/aruco_ros/install/aruco_msgs:/home/pi/LeoRover-SLAM-ROS2/aruco_ros/install/aruco:/opt/ros/humble LD_LIBRARY_PATH=/home/pi/LeoRover-SLAM-ROS2/aruco_ros/install/aruco_msgs/lib:/home/pi/LeoRover-SLAM-ROS2/aruco_ros/install/aruco/lib:${LD_LIBRARY_PATH} PYTHONPATH=/home/pi/LeoRover-SLAM-ROS2/aruco_ros/install/aruco_msgs/local/lib/python3.10/dist-packages:${PYTHONPATH} /usr/bin/cmake --install /home/pi/LeoRover-SLAM-ROS2/aruco_ros/build/aruco_ros
[290.056s] -- Install configuration: ""
[290.064s] -- Execute custom install script
[290.074s] -- Symlinking: /home/pi/LeoRover-SLAM-ROS2/aruco_ros/install/aruco_ros/lib/libaruco_ros_utils.so
[290.120s] -- Symlinking: /home/pi/LeoRover-SLAM-ROS2/aruco_ros/install/aruco_ros/lib/aruco_ros/marker_publisher
[290.169s] -- Symlinking: /home/pi/LeoRover-SLAM-ROS2/aruco_ros/install/aruco_ros/lib/aruco_ros/single
[290.213s] -- Symlinking: /home/pi/LeoRover-SLAM-ROS2/aruco_ros/install/aruco_ros/lib/aruco_ros/double
[290.267s] -- Symlinking: /home/pi/LeoRover-SLAM-ROS2/aruco_ros/install/aruco_ros/share/aruco_ros/etc/marker26_5cm.jpg
[290.308s] -- Symlinking: /home/pi/LeoRover-SLAM-ROS2/aruco_ros/install/aruco_ros/share/aruco_ros/etc/marker26_5cm_margin_1cm.jpg
[290.352s] -- Symlinking: /home/pi/LeoRover-SLAM-ROS2/aruco_ros/install/aruco_ros/share/aruco_ros/etc/marker26_5cm_margin_2cm.jpg
[290.395s] -- Symlinking: /home/pi/LeoRover-SLAM-ROS2/aruco_ros/install/aruco_ros/share/aruco_ros/etc/marker582_5cm.jpg
[290.440s] -- Symlinking: /home/pi/LeoRover-SLAM-ROS2/aruco_ros/install/aruco_ros/share/aruco_ros/etc/marker582_5cm_margin_2cm.jpg
[290.482s] -- Symlinking: /home/pi/LeoRover-SLAM-ROS2/aruco_ros/install/aruco_ros/share/aruco_ros/etc/marker_in_hand.jpg
[290.525s] -- Symlinking: /home/pi/LeoRover-SLAM-ROS2/aruco_ros/install/aruco_ros/share/aruco_ros/etc/marker_in_object.jpg
[290.570s] -- Symlinking: /home/pi/LeoRover-SLAM-ROS2/aruco_ros/install/aruco_ros/share/aruco_ros/etc/new_coordinates.png
[290.612s] -- Symlinking: /home/pi/LeoRover-SLAM-ROS2/aruco_ros/install/aruco_ros/share/aruco_ros/etc/reem_gazebo_floating_marker.png
[290.655s] -- Symlinking: /home/pi/LeoRover-SLAM-ROS2/aruco_ros/install/aruco_ros/share/aruco_ros/etc/reem_gazebo_floating_marker_world.png
[290.703s] -- Symlinking: /home/pi/LeoRover-SLAM-ROS2/aruco_ros/install/aruco_ros/share/aruco_ros/launch/double.launch.py
[290.746s] -- Symlinking: /home/pi/LeoRover-SLAM-ROS2/aruco_ros/install/aruco_ros/share/aruco_ros/launch/marker_publisher.launch.py
[290.789s] -- Symlinking: /home/pi/LeoRover-SLAM-ROS2/aruco_ros/install/aruco_ros/share/aruco_ros/launch/single.launch.py
[290.836s] -- Symlinking: /home/pi/LeoRover-SLAM-ROS2/aruco_ros/install/aruco_ros/share/ament_index/resource_index/package_run_dependencies/aruco_ros
[290.879s] -- Symlinking: /home/pi/LeoRover-SLAM-ROS2/aruco_ros/install/aruco_ros/share/ament_index/resource_index/parent_prefix_path/aruco_ros
[290.925s] -- Symlinking: /home/pi/LeoRover-SLAM-ROS2/aruco_ros/install/aruco_ros/share/aruco_ros/environment/ament_prefix_path.sh
[290.972s] -- Symlinking: /home/pi/LeoRover-SLAM-ROS2/aruco_ros/install/aruco_ros/share/aruco_ros/environment/ament_prefix_path.dsv
[291.016s] -- Symlinking: /home/pi/LeoRover-SLAM-ROS2/aruco_ros/install/aruco_ros/share/aruco_ros/environment/path.sh
[291.059s] -- Symlinking: /home/pi/LeoRover-SLAM-ROS2/aruco_ros/install/aruco_ros/share/aruco_ros/environment/path.dsv
[291.104s] -- Symlinking: /home/pi/LeoRover-SLAM-ROS2/aruco_ros/install/aruco_ros/share/aruco_ros/local_setup.bash
[291.147s] -- Symlinking: /home/pi/LeoRover-SLAM-ROS2/aruco_ros/install/aruco_ros/share/aruco_ros/local_setup.sh
[291.190s] -- Symlinking: /home/pi/LeoRover-SLAM-ROS2/aruco_ros/install/aruco_ros/share/aruco_ros/local_setup.zsh
[291.236s] -- Symlinking: /home/pi/LeoRover-SLAM-ROS2/aruco_ros/install/aruco_ros/share/aruco_ros/local_setup.dsv
[291.279s] -- Symlinking: /home/pi/LeoRover-SLAM-ROS2/aruco_ros/install/aruco_ros/share/aruco_ros/package.dsv
[291.323s] -- Symlinking: /home/pi/LeoRover-SLAM-ROS2/aruco_ros/install/aruco_ros/share/ament_index/resource_index/packages/aruco_ros
[291.370s] -- Symlinking: /home/pi/LeoRover-SLAM-ROS2/aruco_ros/install/aruco_ros/share/aruco_ros/cmake/aruco_rosConfig.cmake
[291.410s] -- Symlinking: /home/pi/LeoRover-SLAM-ROS2/aruco_ros/install/aruco_ros/share/aruco_ros/cmake/aruco_rosConfig-version.cmake
[291.454s] -- Symlinking: /home/pi/LeoRover-SLAM-ROS2/aruco_ros/install/aruco_ros/share/aruco_ros/package.xml
[291.501s] -- Installing: /home/pi/LeoRover-SLAM-ROS2/aruco_ros/install/aruco_ros/include
[291.502s] -- Installing: /home/pi/LeoRover-SLAM-ROS2/aruco_ros/install/aruco_ros/include/aruco_ros
[291.516s] Invoked command in '/home/pi/LeoRover-SLAM-ROS2/aruco_ros/build/aruco_ros' returned '0': AMENT_PREFIX_PATH=/home/pi/LeoRover-SLAM-ROS2/aruco_ros/install/aruco_msgs:/home/pi/LeoRover-SLAM-ROS2/aruco_ros/install/aruco:${AMENT_PREFIX_PATH} CMAKE_PREFIX_PATH=/home/pi/LeoRover-SLAM-ROS2/aruco_ros/install/aruco_msgs:/home/pi/LeoRover-SLAM-ROS2/aruco_ros/install/aruco:/opt/ros/humble LD_LIBRARY_PATH=/home/pi/LeoRover-SLAM-ROS2/aruco_ros/install/aruco_msgs/lib:/home/pi/LeoRover-SLAM-ROS2/aruco_ros/install/aruco/lib:${LD_LIBRARY_PATH} PYTHONPATH=/home/pi/LeoRover-SLAM-ROS2/aruco_ros/install/aruco_msgs/local/lib/python3.10/dist-packages:${PYTHONPATH} /usr/bin/cmake --install /home/pi/LeoRover-SLAM-ROS2/aruco_ros/build/aruco_ros
