[3.556s] Invoking command in '/home/pi/LeoRover-SLAM-ROS2/leo_common-ros2/build/leo_teleop': CMAKE_PREFIX_PATH=${CMAKE_PREFIX_PATH}:/home/pi/LeoRover-SLAM-ROS2/leo_common-ros2/install/programmed_drive:/opt/ros/humble /usr/bin/cmake --build /home/pi/LeoRover-SLAM-ROS2/leo_common-ros2/build/leo_teleop -- -j4 -l4
[11.443s] Invoked command in '/home/pi/LeoRover-SLAM-ROS2/leo_common-ros2/build/leo_teleop' returned '0': CMAKE_PREFIX_PATH=${CMAKE_PREFIX_PATH}:/home/pi/LeoRover-SLAM-ROS2/leo_common-ros2/install/programmed_drive:/opt/ros/humble /usr/bin/cmake --build /home/pi/LeoRover-SLAM-ROS2/leo_common-ros2/build/leo_teleop -- -j4 -l4
[12.371s] Invoking command in '/home/pi/LeoRover-SLAM-ROS2/leo_common-ros2/build/leo_teleop': CMAKE_PREFIX_PATH=${CMAKE_PREFIX_PATH}:/home/pi/LeoRover-SLAM-ROS2/leo_common-ros2/install/programmed_drive:/opt/ros/humble /usr/bin/cmake --install /home/pi/LeoRover-SLAM-ROS2/leo_common-ros2/build/leo_teleop
[12.593s] -- Install configuration: ""
[12.594s] -- Up-to-date: /home/pi/LeoRover-SLAM-ROS2/leo_common-ros2/install/leo_teleop/share/leo_teleop/config
[12.595s] -- Up-to-date: /home/pi/LeoRover-SLAM-ROS2/leo_common-ros2/install/leo_teleop/share/leo_teleop/config/joy_config.yaml
[12.601s] -- Up-to-date: /home/pi/LeoRover-SLAM-ROS2/leo_common-ros2/install/leo_teleop/share/leo_teleop/launch
[12.602s] -- Up-to-date: /home/pi/LeoRover-SLAM-ROS2/leo_common-ros2/install/leo_teleop/share/leo_teleop/launch/joy_teleop.launch.xml
[12.604s] -- Up-to-date: /home/pi/LeoRover-SLAM-ROS2/leo_common-ros2/install/leo_teleop/share/leo_teleop/launch/key_teleop.launch.xml
[12.605s] -- Up-to-date: /home/pi/LeoRover-SLAM-ROS2/leo_common-ros2/install/leo_teleop/share/ament_index/resource_index/package_run_dependencies/leo_teleop
[12.605s] -- Up-to-date: /home/pi/LeoRover-SLAM-ROS2/leo_common-ros2/install/leo_teleop/share/ament_index/resource_index/parent_prefix_path/leo_teleop
[12.606s] -- Up-to-date: /home/pi/LeoRover-SLAM-ROS2/leo_common-ros2/install/leo_teleop/share/leo_teleop/environment/ament_prefix_path.sh
[12.607s] -- Up-to-date: /home/pi/LeoRover-SLAM-ROS2/leo_common-ros2/install/leo_teleop/share/leo_teleop/environment/ament_prefix_path.dsv
[12.613s] -- Up-to-date: /home/pi/LeoRover-SLAM-ROS2/leo_common-ros2/install/leo_teleop/share/leo_teleop/environment/path.sh
[12.617s] -- Up-to-date: /home/pi/LeoRover-SLAM-ROS2/leo_common-ros2/install/leo_teleop/share/leo_teleop/environment/path.dsv
[12.623s] -- Up-to-date: /home/pi/LeoRover-SLAM-ROS2/leo_common-ros2/install/leo_teleop/share/leo_teleop/local_setup.bash
[12.624s] -- Up-to-date: /home/pi/LeoRover-SLAM-ROS2/leo_common-ros2/install/leo_teleop/share/leo_teleop/local_setup.sh
[12.625s] -- Up-to-date: /home/pi/LeoRover-SLAM-ROS2/leo_common-ros2/install/leo_teleop/share/leo_teleop/local_setup.zsh
[12.635s] -- Up-to-date: /home/pi/LeoRover-SLAM-ROS2/leo_common-ros2/install/leo_teleop/share/leo_teleop/local_setup.dsv
[12.636s] -- Installing: /home/pi/LeoRover-SLAM-ROS2/leo_common-ros2/install/leo_teleop/share/leo_teleop/package.dsv
[12.651s] -- Up-to-date: /home/pi/LeoRover-SLAM-ROS2/leo_common-ros2/install/leo_teleop/share/ament_index/resource_index/packages/leo_teleop
[12.656s] -- Up-to-date: /home/pi/LeoRover-SLAM-ROS2/leo_common-ros2/install/leo_teleop/share/leo_teleop/cmake/leo_teleopConfig.cmake
[12.665s] -- Up-to-date: /home/pi/LeoRover-SLAM-ROS2/leo_common-ros2/install/leo_teleop/share/leo_teleop/cmake/leo_teleopConfig-version.cmake
[12.669s] -- Up-to-date: /home/pi/LeoRover-SLAM-ROS2/leo_common-ros2/install/leo_teleop/share/leo_teleop/package.xml
[12.703s] Invoked command in '/home/pi/LeoRover-SLAM-ROS2/leo_common-ros2/build/leo_teleop' returned '0': CMAKE_PREFIX_PATH=${CMAKE_PREFIX_PATH}:/home/pi/LeoRover-SLAM-ROS2/leo_common-ros2/install/programmed_drive:/opt/ros/humble /usr/bin/cmake --install /home/pi/LeoRover-SLAM-ROS2/leo_common-ros2/build/leo_teleop
