[0.721s] Invoking command in '/home/situjet/Desktop/leo_common-ros2/build/programmed_drive': PYTHONPATH=/home/situjet/Desktop/leo_common-ros2/build/programmed_drive/prefix_override:/home/situjet/Desktop/leo_common-ros2/install/programmed_drive/lib/python3.10/site-packages:${PYTHONPATH} /usr/bin/python3 setup.py develop --editable --build-directory /home/situjet/Desktop/leo_common-ros2/build/programmed_drive/build --no-deps install_data
[0.953s] running develop
[0.954s] /usr/lib/python3/dist-packages/setuptools/command/easy_install.py:158: EasyInstallDeprecationWarning: easy_install command is deprecated. Use build and pip and other standards-based tools.
[0.954s]   warnings.warn(
[0.955s] /usr/lib/python3/dist-packages/setuptools/command/install.py:34: SetuptoolsDeprecationWarning: setup.py install is deprecated. Use build and pip and other standards-based tools.
[0.955s]   warnings.warn(
[1.134s] running egg_info
[1.134s] writing programmed_drive.egg-info/PKG-INFO
[1.134s] writing dependency_links to programmed_drive.egg-info/dependency_links.txt
[1.134s] writing entry points to programmed_drive.egg-info/entry_points.txt
[1.134s] writing requirements to programmed_drive.egg-info/requires.txt
[1.135s] writing top-level names to programmed_drive.egg-info/top_level.txt
[1.137s] reading manifest file 'programmed_drive.egg-info/SOURCES.txt'
[1.137s] writing manifest file 'programmed_drive.egg-info/SOURCES.txt'
[1.138s] running build_ext
[1.138s] Creating /home/situjet/Desktop/leo_common-ros2/install/programmed_drive/lib/python3.10/site-packages/programmed-drive.egg-link (link to .)
[1.138s] Installing drive script to /home/situjet/Desktop/leo_common-ros2/install/programmed_drive/lib/programmed_drive
[1.139s] 
[1.139s] Installed /home/situjet/Desktop/leo_common-ros2/build/programmed_drive
[1.139s] running install_data
[1.166s] Invoked command in '/home/situjet/Desktop/leo_common-ros2/build/programmed_drive' returned '0': PYTHONPATH=/home/situjet/Desktop/leo_common-ros2/build/programmed_drive/prefix_override:/home/situjet/Desktop/leo_common-ros2/install/programmed_drive/lib/python3.10/site-packages:${PYTHONPATH} /usr/bin/python3 setup.py develop --editable --build-directory /home/situjet/Desktop/leo_common-ros2/build/programmed_drive/build --no-deps install_data
