-- The C compiler identification is GNU 11.4.0
-- The CXX compiler identification is GNU 11.4.0
-- Detecting C compiler ABI info
-- Detecting C compiler ABI info - done
-- Check for working C compiler: /usr/bin/cc - skipped
-- Detecting C compile features
-- Detecting C compile features - done
-- Detecting CXX compiler ABI info
-- Detecting CXX compiler ABI info - done
-- Check for working CXX compiler: /usr/bin/c++ - skipped
-- Detecting CXX compile features
-- Detecting CXX compile features - done
-- Found ament_cmake: 1.3.5 (/opt/ros/humble/share/ament_cmake/cmake)
-- Found Python3: /usr/bin/python3.10 (found version "3.10.12") found components: Interpreter 
-- Configuring done (0.8s)
-- Generating done (0.0s)
-- Build files have been written to: /home/situjet/Desktop/leo_common-ros2/src/build/leo_teleop_holonomic
-- Install configuration: ""
-- Installing: /home/situjet/Desktop/leo_common-ros2/src/install/leo_teleop_holonomic/share/leo_teleop_holonomic/launch
-- Installing: /home/situjet/Desktop/leo_common-ros2/src/install/leo_teleop_holonomic/share/leo_teleop_holonomic/launch/key_teleop.launch.xml
-- Installing: /home/situjet/Desktop/leo_common-ros2/src/install/leo_teleop_holonomic/share/leo_teleop_holonomic/src
-- Installing: /home/situjet/Desktop/leo_common-ros2/src/install/leo_teleop_holonomic/share/leo_teleop_holonomic/src/commands.txt
-- Installing: /home/situjet/Desktop/leo_common-ros2/src/install/leo_teleop_holonomic/share/leo_teleop_holonomic/src/programmedDrive.py
-- Installing: /home/situjet/Desktop/leo_common-ros2/src/install/leo_teleop_holonomic/share/ament_index/resource_index/package_run_dependencies/leo_teleop_holonomic
-- Installing: /home/situjet/Desktop/leo_common-ros2/src/install/leo_teleop_holonomic/share/ament_index/resource_index/parent_prefix_path/leo_teleop_holonomic
-- Installing: /home/situjet/Desktop/leo_common-ros2/src/install/leo_teleop_holonomic/share/leo_teleop_holonomic/environment/ament_prefix_path.sh
-- Installing: /home/situjet/Desktop/leo_common-ros2/src/install/leo_teleop_holonomic/share/leo_teleop_holonomic/environment/ament_prefix_path.dsv
-- Installing: /home/situjet/Desktop/leo_common-ros2/src/install/leo_teleop_holonomic/share/leo_teleop_holonomic/environment/path.sh
-- Installing: /home/situjet/Desktop/leo_common-ros2/src/install/leo_teleop_holonomic/share/leo_teleop_holonomic/environment/path.dsv
-- Installing: /home/situjet/Desktop/leo_common-ros2/src/install/leo_teleop_holonomic/share/leo_teleop_holonomic/local_setup.bash
-- Installing: /home/situjet/Desktop/leo_common-ros2/src/install/leo_teleop_holonomic/share/leo_teleop_holonomic/local_setup.sh
-- Installing: /home/situjet/Desktop/leo_common-ros2/src/install/leo_teleop_holonomic/share/leo_teleop_holonomic/local_setup.zsh
-- Installing: /home/situjet/Desktop/leo_common-ros2/src/install/leo_teleop_holonomic/share/leo_teleop_holonomic/local_setup.dsv
-- Installing: /home/situjet/Desktop/leo_common-ros2/src/install/leo_teleop_holonomic/share/leo_teleop_holonomic/package.dsv
-- Installing: /home/situjet/Desktop/leo_common-ros2/src/install/leo_teleop_holonomic/share/ament_index/resource_index/packages/leo_teleop_holonomic
-- Installing: /home/situjet/Desktop/leo_common-ros2/src/install/leo_teleop_holonomic/share/leo_teleop_holonomic/cmake/leo_teleop_holonomicConfig.cmake
-- Installing: /home/situjet/Desktop/leo_common-ros2/src/install/leo_teleop_holonomic/share/leo_teleop_holonomic/cmake/leo_teleop_holonomicConfig-version.cmake
-- Installing: /home/situjet/Desktop/leo_common-ros2/src/install/leo_teleop_holonomic/share/leo_teleop_holonomic/package.xml
