[0.087s] Invoking command in '/home/situjet/Desktop/leo_common-ros2/src/build/leo_teleop_holonomic': CMAKE_PREFIX_PATH=${CMAKE_PREFIX_PATH}:/opt/ros/humble /home/situjet/.local/bin/cmake /home/situjet/Desktop/leo_common-ros2/src/leo_teleop_holonomic -DCMAKE_INSTALL_PREFIX=/home/situjet/Desktop/leo_common-ros2/src/install/leo_teleop_holonomic
[0.146s] -- The C compiler identification is GNU 11.4.0
[0.195s] -- The CXX compiler identification is GNU 11.4.0
[0.208s] -- Detecting C compiler ABI info
[0.271s] -- Detecting C compiler ABI info - done
[0.290s] -- Check for working C compiler: /usr/bin/cc - skipped
[0.290s] -- Detecting C compile features
[0.291s] -- Detecting C compile features - done
[0.298s] -- Detecting CXX compiler ABI info
[0.354s] -- Detecting CXX compiler ABI info - done
[0.365s] -- Check for working CXX compiler: /usr/bin/c++ - skipped
[0.365s] -- Detecting CXX compile features
[0.366s] -- Detecting CXX compile features - done
[0.368s] -- Found ament_cmake: 1.3.5 (/opt/ros/humble/share/ament_cmake/cmake)
[0.740s] -- Found Python3: /usr/bin/python3.10 (found version "3.10.12") found components: Interpreter 
[0.876s] -- Configuring done (0.8s)
[0.878s] -- Generating done (0.0s)
[0.879s] -- Build files have been written to: /home/situjet/Desktop/leo_common-ros2/src/build/leo_teleop_holonomic
[0.885s] Invoked command in '/home/situjet/Desktop/leo_common-ros2/src/build/leo_teleop_holonomic' returned '0': CMAKE_PREFIX_PATH=${CMAKE_PREFIX_PATH}:/opt/ros/humble /home/situjet/.local/bin/cmake /home/situjet/Desktop/leo_common-ros2/src/leo_teleop_holonomic -DCMAKE_INSTALL_PREFIX=/home/situjet/Desktop/leo_common-ros2/src/install/leo_teleop_holonomic
[0.887s] Invoking command in '/home/situjet/Desktop/leo_common-ros2/src/build/leo_teleop_holonomic': CMAKE_PREFIX_PATH=${CMAKE_PREFIX_PATH}:/opt/ros/humble /home/situjet/.local/bin/cmake --build /home/situjet/Desktop/leo_common-ros2/src/build/leo_teleop_holonomic -- -j12 -l12
[0.921s] Invoked command in '/home/situjet/Desktop/leo_common-ros2/src/build/leo_teleop_holonomic' returned '0': CMAKE_PREFIX_PATH=${CMAKE_PREFIX_PATH}:/opt/ros/humble /home/situjet/.local/bin/cmake --build /home/situjet/Desktop/leo_common-ros2/src/build/leo_teleop_holonomic -- -j12 -l12
[0.982s] Invoking command in '/home/situjet/Desktop/leo_common-ros2/src/build/leo_teleop_holonomic': CMAKE_PREFIX_PATH=${CMAKE_PREFIX_PATH}:/opt/ros/humble /home/situjet/.local/bin/cmake --install /home/situjet/Desktop/leo_common-ros2/src/build/leo_teleop_holonomic
[1.004s] -- Install configuration: ""
[1.004s] -- Installing: /home/situjet/Desktop/leo_common-ros2/src/install/leo_teleop_holonomic/share/leo_teleop_holonomic/launch
[1.004s] -- Installing: /home/situjet/Desktop/leo_common-ros2/src/install/leo_teleop_holonomic/share/leo_teleop_holonomic/launch/key_teleop.launch.xml
[1.004s] -- Installing: /home/situjet/Desktop/leo_common-ros2/src/install/leo_teleop_holonomic/share/leo_teleop_holonomic/src
[1.004s] -- Installing: /home/situjet/Desktop/leo_common-ros2/src/install/leo_teleop_holonomic/share/leo_teleop_holonomic/src/commands.txt
[1.004s] -- Installing: /home/situjet/Desktop/leo_common-ros2/src/install/leo_teleop_holonomic/share/leo_teleop_holonomic/src/programmedDrive.py
[1.004s] -- Installing: /home/situjet/Desktop/leo_common-ros2/src/install/leo_teleop_holonomic/share/ament_index/resource_index/package_run_dependencies/leo_teleop_holonomic
[1.004s] -- Installing: /home/situjet/Desktop/leo_common-ros2/src/install/leo_teleop_holonomic/share/ament_index/resource_index/parent_prefix_path/leo_teleop_holonomic
[1.004s] -- Installing: /home/situjet/Desktop/leo_common-ros2/src/install/leo_teleop_holonomic/share/leo_teleop_holonomic/environment/ament_prefix_path.sh
[1.004s] -- Installing: /home/situjet/Desktop/leo_common-ros2/src/install/leo_teleop_holonomic/share/leo_teleop_holonomic/environment/ament_prefix_path.dsv
[1.005s] -- Installing: /home/situjet/Desktop/leo_common-ros2/src/install/leo_teleop_holonomic/share/leo_teleop_holonomic/environment/path.sh
[1.005s] -- Installing: /home/situjet/Desktop/leo_common-ros2/src/install/leo_teleop_holonomic/share/leo_teleop_holonomic/environment/path.dsv
[1.005s] -- Installing: /home/situjet/Desktop/leo_common-ros2/src/install/leo_teleop_holonomic/share/leo_teleop_holonomic/local_setup.bash
[1.005s] -- Installing: /home/situjet/Desktop/leo_common-ros2/src/install/leo_teleop_holonomic/share/leo_teleop_holonomic/local_setup.sh
[1.005s] -- Installing: /home/situjet/Desktop/leo_common-ros2/src/install/leo_teleop_holonomic/share/leo_teleop_holonomic/local_setup.zsh
[1.005s] -- Installing: /home/situjet/Desktop/leo_common-ros2/src/install/leo_teleop_holonomic/share/leo_teleop_holonomic/local_setup.dsv
[1.005s] -- Installing: /home/situjet/Desktop/leo_common-ros2/src/install/leo_teleop_holonomic/share/leo_teleop_holonomic/package.dsv
[1.005s] -- Installing: /home/situjet/Desktop/leo_common-ros2/src/install/leo_teleop_holonomic/share/ament_index/resource_index/packages/leo_teleop_holonomic
[1.005s] -- Installing: /home/situjet/Desktop/leo_common-ros2/src/install/leo_teleop_holonomic/share/leo_teleop_holonomic/cmake/leo_teleop_holonomicConfig.cmake
[1.005s] -- Installing: /home/situjet/Desktop/leo_common-ros2/src/install/leo_teleop_holonomic/share/leo_teleop_holonomic/cmake/leo_teleop_holonomicConfig-version.cmake
[1.005s] -- Installing: /home/situjet/Desktop/leo_common-ros2/src/install/leo_teleop_holonomic/share/leo_teleop_holonomic/package.xml
[1.010s] Invoked command in '/home/situjet/Desktop/leo_common-ros2/src/build/leo_teleop_holonomic' returned '0': CMAKE_PREFIX_PATH=${CMAKE_PREFIX_PATH}:/opt/ros/humble /home/situjet/.local/bin/cmake --install /home/situjet/Desktop/leo_common-ros2/src/build/leo_teleop_holonomic
