-- Found ament_cmake: 1.3.5 (/opt/ros/humble/share/ament_cmake/cmake)
-- Found Python3: /usr/bin/python3.10 (found version "3.10.12") found components: Interpreter 
-- Configuring done
-- Generating done
-- Build files have been written to: /home/pi/LeoRover-SLAM-ROS2/leo_common-ros2/build/leo_desktop
-- Install configuration: ""
-- Installing: /home/pi/LeoRover-SLAM-ROS2/leo_common-ros2/install/leo_desktop/share/ament_index/resource_index/package_run_dependencies/leo_desktop
-- Installing: /home/pi/LeoRover-SLAM-ROS2/leo_common-ros2/install/leo_desktop/share/ament_index/resource_index/parent_prefix_path/leo_desktop
-- Installing: /home/pi/LeoRover-SLAM-ROS2/leo_common-ros2/install/leo_desktop/share/leo_desktop/environment/ament_prefix_path.sh
-- Installing: /home/pi/LeoRover-SLAM-ROS2/leo_common-ros2/install/leo_desktop/share/leo_desktop/environment/ament_prefix_path.dsv
-- Installing: /home/pi/LeoRover-SLAM-ROS2/leo_common-ros2/install/leo_desktop/share/leo_desktop/environment/path.sh
-- Installing: /home/pi/LeoRover-SLAM-ROS2/leo_common-ros2/install/leo_desktop/share/leo_desktop/environment/path.dsv
-- Installing: /home/pi/LeoRover-SLAM-ROS2/leo_common-ros2/install/leo_desktop/share/leo_desktop/local_setup.bash
-- Installing: /home/pi/LeoRover-SLAM-ROS2/leo_common-ros2/install/leo_desktop/share/leo_desktop/local_setup.sh
-- Installing: /home/pi/LeoRover-SLAM-ROS2/leo_common-ros2/install/leo_desktop/share/leo_desktop/local_setup.zsh
-- Installing: /home/pi/LeoRover-SLAM-ROS2/leo_common-ros2/install/leo_desktop/share/leo_desktop/local_setup.dsv
-- Installing: /home/pi/LeoRover-SLAM-ROS2/leo_common-ros2/install/leo_desktop/share/leo_desktop/package.dsv
-- Installing: /home/pi/LeoRover-SLAM-ROS2/leo_common-ros2/install/leo_desktop/share/ament_index/resource_index/packages/leo_desktop
-- Installing: /home/pi/LeoRover-SLAM-ROS2/leo_common-ros2/install/leo_desktop/share/leo_desktop/cmake/leo_desktopConfig.cmake
-- Installing: /home/pi/LeoRover-SLAM-ROS2/leo_common-ros2/install/leo_desktop/share/leo_desktop/cmake/leo_desktopConfig-version.cmake
-- Installing: /home/pi/LeoRover-SLAM-ROS2/leo_common-ros2/install/leo_desktop/share/leo_desktop/package.xml
