[0.071s] Invoking command in '/home/situjet/Desktop/aruco_ros/aruco_ros/build/aruco_msgs': CMAKE_PREFIX_PATH=${CMAKE_PREFIX_PATH}:/opt/ros/humble /home/situjet/.local/bin/cmake /home/situjet/Desktop/aruco_ros/aruco_ros/aruco_msgs -DCMAKE_INSTALL_PREFIX=/home/situjet/Desktop/aruco_ros/aruco_ros/install/aruco_msgs
[0.098s] -- Found ament_cmake: 1.3.5 (/opt/ros/humble/share/ament_cmake/cmake)
[0.276s] -- Override CMake install command with custom implementation using symlinks instead of copying resources
[0.283s] -- Found std_msgs: 4.2.3 (/opt/ros/humble/share/std_msgs/cmake)
[0.312s] -- Found rosidl_generator_c: 3.1.5 (/opt/ros/humble/share/rosidl_generator_c/cmake)
[0.315s] -- Found rosidl_adapter: 3.1.5 (/opt/ros/humble/share/rosidl_adapter/cmake)
[0.322s] -- Found rosidl_generator_cpp: 3.1.5 (/opt/ros/humble/share/rosidl_generator_cpp/cmake)
[0.336s] -- Using all available rosidl_typesupport_c: rosidl_typesupport_fastrtps_c;rosidl_typesupport_introspection_c
[0.356s] -- Using all available rosidl_typesupport_cpp: rosidl_typesupport_fastrtps_cpp;rosidl_typesupport_introspection_cpp
[0.422s] -- Found geometry_msgs: 4.2.3 (/opt/ros/humble/share/geometry_msgs/cmake)
[0.473s] -- Found rosidl_default_generators: 1.2.0 (/opt/ros/humble/share/rosidl_default_generators/cmake)
[0.887s] -- Found ament_cmake_ros: 0.10.0 (/opt/ros/humble/share/ament_cmake_ros/cmake)
[1.613s] -- Using all available rosidl_typesupport_c: rosidl_typesupport_fastrtps_c;rosidl_typesupport_introspection_c
[1.908s] -- Using all available rosidl_typesupport_cpp: rosidl_typesupport_fastrtps_cpp;rosidl_typesupport_introspection_cpp
[1.910s] [33mCMake Warning (dev) at /opt/ros/humble/share/rosidl_generator_py/cmake/rosidl_generator_py_generate_interfaces.cmake:20 (find_package):
[1.910s]   Policy CMP0148 is not set: The FindPythonInterp and FindPythonLibs modules
[1.910s]   are removed.  Run "cmake --help-policy CMP0148" for policy details.  Use
[1.911s]   the cmake_policy command to set the policy and suppress this warning.
[1.911s] 
[1.911s] Call Stack (most recent call first):
[1.911s]   /opt/ros/humble/share/ament_cmake_core/cmake/core/ament_execute_extensions.cmake:48 (include)
[1.911s]   /opt/ros/humble/share/rosidl_cmake/cmake/rosidl_generate_interfaces.cmake:286 (ament_execute_extensions)
[1.911s]   CMakeLists.txt:14 (rosidl_generate_interfaces)
[1.911s] This warning is for project developers.  Use -Wno-dev to suppress it.
[1.911s] [0m
[1.929s] -- Found python_cmake_module: 0.10.0 (/opt/ros/humble/share/python_cmake_module/cmake)
[1.929s] [33mCMake Warning (dev) at /opt/ros/humble/share/python_cmake_module/cmake/Modules/FindPythonExtra.cmake:52 (find_package):
[1.929s]   Policy CMP0148 is not set: The FindPythonInterp and FindPythonLibs modules
[1.929s]   are removed.  Run "cmake --help-policy CMP0148" for policy details.  Use
[1.930s]   the cmake_policy command to set the policy and suppress this warning.
[1.930s] 
[1.930s] Call Stack (most recent call first):
[1.930s]   /opt/ros/humble/share/rosidl_generator_py/cmake/rosidl_generator_py_generate_interfaces.cmake:23 (find_package)
[1.930s]   /opt/ros/humble/share/ament_cmake_core/cmake/core/ament_execute_extensions.cmake:48 (include)
[1.930s]   /opt/ros/humble/share/rosidl_cmake/cmake/rosidl_generate_interfaces.cmake:286 (ament_execute_extensions)
[1.930s]   CMakeLists.txt:14 (rosidl_generate_interfaces)
[1.930s] This warning is for project developers.  Use -Wno-dev to suppress it.
[1.930s] [0m
[1.947s] [33mCMake Warning (dev) at /opt/ros/humble/share/python_cmake_module/cmake/Modules/FindPythonExtra.cmake:140 (find_package):
[1.947s]   Policy CMP0148 is not set: The FindPythonInterp and FindPythonLibs modules
[1.947s]   are removed.  Run "cmake --help-policy CMP0148" for policy details.  Use
[1.947s]   the cmake_policy command to set the policy and suppress this warning.
[1.947s] 
[1.947s] Call Stack (most recent call first):
[1.947s]   /opt/ros/humble/share/rosidl_generator_py/cmake/rosidl_generator_py_generate_interfaces.cmake:23 (find_package)
[1.947s]   /opt/ros/humble/share/ament_cmake_core/cmake/core/ament_execute_extensions.cmake:48 (include)
[1.947s]   /opt/ros/humble/share/rosidl_cmake/cmake/rosidl_generate_interfaces.cmake:286 (ament_execute_extensions)
[1.947s]   CMakeLists.txt:14 (rosidl_generate_interfaces)
[1.947s] This warning is for project developers.  Use -Wno-dev to suppress it.
[1.947s] [0m
[1.949s] -- Using PYTHON_EXECUTABLE: /usr/bin/python3
[1.949s] -- Using PYTHON_INCLUDE_DIRS: /usr/include/python3.10
[1.949s] -- Using PYTHON_LIBRARIES: /usr/lib/x86_64-linux-gnu/libpython3.10.so
[2.001s] -- Found ament_lint_auto: 0.12.8 (/opt/ros/humble/share/ament_lint_auto/cmake)
[2.012s] -- Added test 'copyright' to check source files copyright and LICENSE
[2.013s] -- Added test 'lint_cmake' to check CMake code style
[2.014s] -- Added test 'xmllint' to check XML markup files
[2.017s] -- Configuring done (1.9s)
[2.052s] -- Generating done (0.0s)
[2.054s] -- Build files have been written to: /home/situjet/Desktop/aruco_ros/aruco_ros/build/aruco_msgs
[2.062s] Invoked command in '/home/situjet/Desktop/aruco_ros/aruco_ros/build/aruco_msgs' returned '0': CMAKE_PREFIX_PATH=${CMAKE_PREFIX_PATH}:/opt/ros/humble /home/situjet/.local/bin/cmake /home/situjet/Desktop/aruco_ros/aruco_ros/aruco_msgs -DCMAKE_INSTALL_PREFIX=/home/situjet/Desktop/aruco_ros/aruco_ros/install/aruco_msgs
[2.064s] Invoking command in '/home/situjet/Desktop/aruco_ros/aruco_ros/build/aruco_msgs': CMAKE_PREFIX_PATH=${CMAKE_PREFIX_PATH}:/opt/ros/humble /home/situjet/.local/bin/cmake --build /home/situjet/Desktop/aruco_ros/aruco_ros/build/aruco_msgs -- -j12 -l12
[2.100s] [  2%] Built target aruco_msgs__cpp
[2.101s] [  2%] Built target ament_cmake_python_symlink_aruco_msgs
[2.102s] [ 12%] Built target aruco_msgs__rosidl_generator_c
[2.110s] [ 33%] Built target aruco_msgs__rosidl_typesupport_cpp
[2.110s] [ 33%] Built target aruco_msgs__rosidl_typesupport_introspection_cpp
[2.110s] [ 43%] Built target aruco_msgs__rosidl_typesupport_c
[2.111s] [ 53%] Built target aruco_msgs__rosidl_typesupport_introspection_c
[2.111s] [ 64%] Built target aruco_msgs__rosidl_typesupport_fastrtps_cpp
[2.111s] [ 74%] Built target aruco_msgs__rosidl_typesupport_fastrtps_c
[2.118s] [ 74%] Built target aruco_msgs
[2.125s] [ 76%] Built target aruco_msgs__py
[2.134s] [ 84%] Built target aruco_msgs__rosidl_generator_py
[2.143s] [ 89%] Built target aruco_msgs__rosidl_typesupport_introspection_c__pyext
[2.143s] [100%] Built target aruco_msgs__rosidl_typesupport_fastrtps_c__pyext
[2.143s] [100%] Built target aruco_msgs__rosidl_typesupport_c__pyext
[2.322s] running egg_info
[2.322s] writing aruco_msgs.egg-info/PKG-INFO
[2.323s] writing dependency_links to aruco_msgs.egg-info/dependency_links.txt
[2.323s] writing top-level names to aruco_msgs.egg-info/top_level.txt
[2.326s] reading manifest file 'aruco_msgs.egg-info/SOURCES.txt'
[2.326s] writing manifest file 'aruco_msgs.egg-info/SOURCES.txt'
[2.342s] [100%] Built target ament_cmake_python_build_aruco_msgs_egg
[2.349s] Invoked command in '/home/situjet/Desktop/aruco_ros/aruco_ros/build/aruco_msgs' returned '0': CMAKE_PREFIX_PATH=${CMAKE_PREFIX_PATH}:/opt/ros/humble /home/situjet/.local/bin/cmake --build /home/situjet/Desktop/aruco_ros/aruco_ros/build/aruco_msgs -- -j12 -l12
[2.415s] Invoking command in '/home/situjet/Desktop/aruco_ros/aruco_ros/build/aruco_msgs': CMAKE_PREFIX_PATH=${CMAKE_PREFIX_PATH}:/opt/ros/humble /home/situjet/.local/bin/cmake --install /home/situjet/Desktop/aruco_ros/aruco_ros/build/aruco_msgs
[2.438s] -- Install configuration: ""
[2.439s] -- Execute custom install script
[2.439s] -- Up-to-date symlink: /home/situjet/Desktop/aruco_ros/aruco_ros/install/aruco_msgs/share/ament_index/resource_index/rosidl_interfaces/aruco_msgs
[2.439s] -- Up-to-date symlink: /home/situjet/Desktop/aruco_ros/aruco_ros/install/aruco_msgs/include/aruco_msgs/aruco_msgs/msg/detail/marker__functions.h
[2.439s] -- Up-to-date symlink: /home/situjet/Desktop/aruco_ros/aruco_ros/install/aruco_msgs/include/aruco_msgs/aruco_msgs/msg/detail/marker__struct.h
[2.439s] -- Up-to-date symlink: /home/situjet/Desktop/aruco_ros/aruco_ros/install/aruco_msgs/include/aruco_msgs/aruco_msgs/msg/detail/marker__type_support.h
[2.439s] -- Up-to-date symlink: /home/situjet/Desktop/aruco_ros/aruco_ros/install/aruco_msgs/include/aruco_msgs/aruco_msgs/msg/detail/marker_array__functions.h
[2.440s] -- Up-to-date symlink: /home/situjet/Desktop/aruco_ros/aruco_ros/install/aruco_msgs/include/aruco_msgs/aruco_msgs/msg/detail/marker_array__struct.h
[2.440s] -- Up-to-date symlink: /home/situjet/Desktop/aruco_ros/aruco_ros/install/aruco_msgs/include/aruco_msgs/aruco_msgs/msg/detail/marker_array__type_support.h
[2.440s] -- Up-to-date symlink: /home/situjet/Desktop/aruco_ros/aruco_ros/install/aruco_msgs/include/aruco_msgs/aruco_msgs/msg/marker.h
[2.440s] -- Up-to-date symlink: /home/situjet/Desktop/aruco_ros/aruco_ros/install/aruco_msgs/include/aruco_msgs/aruco_msgs/msg/marker_array.h
[2.440s] -- Up-to-date symlink: /home/situjet/Desktop/aruco_ros/aruco_ros/install/aruco_msgs/include/aruco_msgs/aruco_msgs/msg/rosidl_generator_c__visibility_control.h
[2.440s] -- Up-to-date symlink: /home/situjet/Desktop/aruco_ros/aruco_ros/install/aruco_msgs/share/aruco_msgs/environment/library_path.sh
[2.440s] -- Up-to-date symlink: /home/situjet/Desktop/aruco_ros/aruco_ros/install/aruco_msgs/share/aruco_msgs/environment/library_path.dsv
[2.441s] -- Up-to-date symlink: /home/situjet/Desktop/aruco_ros/aruco_ros/install/aruco_msgs/include/aruco_msgs/aruco_msgs/msg/detail/marker__rosidl_typesupport_fastrtps_c.h
[2.441s] -- Up-to-date symlink: /home/situjet/Desktop/aruco_ros/aruco_ros/install/aruco_msgs/include/aruco_msgs/aruco_msgs/msg/detail/marker_array__rosidl_typesupport_fastrtps_c.h
[2.441s] -- Up-to-date symlink: /home/situjet/Desktop/aruco_ros/aruco_ros/install/aruco_msgs/include/aruco_msgs/aruco_msgs/msg/rosidl_typesupport_fastrtps_c__visibility_control.h
[2.441s] -- Up-to-date symlink: /home/situjet/Desktop/aruco_ros/aruco_ros/install/aruco_msgs/include/aruco_msgs/aruco_msgs/msg/detail/marker__builder.hpp
[2.441s] -- Up-to-date symlink: /home/situjet/Desktop/aruco_ros/aruco_ros/install/aruco_msgs/include/aruco_msgs/aruco_msgs/msg/detail/marker__struct.hpp
[2.441s] -- Up-to-date symlink: /home/situjet/Desktop/aruco_ros/aruco_ros/install/aruco_msgs/include/aruco_msgs/aruco_msgs/msg/detail/marker__traits.hpp
[2.441s] -- Up-to-date symlink: /home/situjet/Desktop/aruco_ros/aruco_ros/install/aruco_msgs/include/aruco_msgs/aruco_msgs/msg/detail/marker_array__builder.hpp
[2.441s] -- Up-to-date symlink: /home/situjet/Desktop/aruco_ros/aruco_ros/install/aruco_msgs/include/aruco_msgs/aruco_msgs/msg/detail/marker_array__struct.hpp
[2.442s] -- Up-to-date symlink: /home/situjet/Desktop/aruco_ros/aruco_ros/install/aruco_msgs/include/aruco_msgs/aruco_msgs/msg/detail/marker_array__traits.hpp
[2.442s] -- Up-to-date symlink: /home/situjet/Desktop/aruco_ros/aruco_ros/install/aruco_msgs/include/aruco_msgs/aruco_msgs/msg/marker.hpp
[2.442s] -- Up-to-date symlink: /home/situjet/Desktop/aruco_ros/aruco_ros/install/aruco_msgs/include/aruco_msgs/aruco_msgs/msg/marker_array.hpp
[2.442s] -- Up-to-date symlink: /home/situjet/Desktop/aruco_ros/aruco_ros/install/aruco_msgs/include/aruco_msgs/aruco_msgs/msg/detail/marker__rosidl_typesupport_fastrtps_cpp.hpp
[2.442s] -- Up-to-date symlink: /home/situjet/Desktop/aruco_ros/aruco_ros/install/aruco_msgs/include/aruco_msgs/aruco_msgs/msg/detail/marker_array__rosidl_typesupport_fastrtps_cpp.hpp
[2.442s] -- Up-to-date symlink: /home/situjet/Desktop/aruco_ros/aruco_ros/install/aruco_msgs/include/aruco_msgs/aruco_msgs/msg/rosidl_typesupport_fastrtps_cpp__visibility_control.h
[2.443s] -- Up-to-date symlink: /home/situjet/Desktop/aruco_ros/aruco_ros/install/aruco_msgs/include/aruco_msgs/aruco_msgs/msg/detail/marker__rosidl_typesupport_introspection_c.h
[2.443s] -- Up-to-date symlink: /home/situjet/Desktop/aruco_ros/aruco_ros/install/aruco_msgs/include/aruco_msgs/aruco_msgs/msg/detail/marker_array__rosidl_typesupport_introspection_c.h
[2.443s] -- Up-to-date symlink: /home/situjet/Desktop/aruco_ros/aruco_ros/install/aruco_msgs/include/aruco_msgs/aruco_msgs/msg/rosidl_typesupport_introspection_c__visibility_control.h
[2.443s] -- Up-to-date symlink: /home/situjet/Desktop/aruco_ros/aruco_ros/install/aruco_msgs/include/aruco_msgs/aruco_msgs/msg/detail/marker__rosidl_typesupport_introspection_cpp.hpp
[2.443s] -- Up-to-date symlink: /home/situjet/Desktop/aruco_ros/aruco_ros/install/aruco_msgs/include/aruco_msgs/aruco_msgs/msg/detail/marker_array__rosidl_typesupport_introspection_cpp.hpp
[2.443s] -- Up-to-date symlink: /home/situjet/Desktop/aruco_ros/aruco_ros/install/aruco_msgs/share/aruco_msgs/environment/pythonpath.sh
[2.444s] -- Up-to-date symlink: /home/situjet/Desktop/aruco_ros/aruco_ros/install/aruco_msgs/share/aruco_msgs/environment/pythonpath.dsv
[2.444s] -- Up-to-date symlink: /home/situjet/Desktop/aruco_ros/aruco_ros/install/aruco_msgs/local/lib/python3.10/dist-packages/aruco_msgs-5.0.3-py3.10.egg-info/PKG-INFO
[2.444s] -- Up-to-date symlink: /home/situjet/Desktop/aruco_ros/aruco_ros/install/aruco_msgs/local/lib/python3.10/dist-packages/aruco_msgs-5.0.3-py3.10.egg-info/SOURCES.txt
[2.444s] -- Up-to-date symlink: /home/situjet/Desktop/aruco_ros/aruco_ros/install/aruco_msgs/local/lib/python3.10/dist-packages/aruco_msgs-5.0.3-py3.10.egg-info/dependency_links.txt
[2.444s] -- Up-to-date symlink: /home/situjet/Desktop/aruco_ros/aruco_ros/install/aruco_msgs/local/lib/python3.10/dist-packages/aruco_msgs-5.0.3-py3.10.egg-info/top_level.txt
[2.445s] -- Up-to-date symlink: /home/situjet/Desktop/aruco_ros/aruco_ros/install/aruco_msgs/local/lib/python3.10/dist-packages/aruco_msgs/__init__.py
[2.445s] -- Up-to-date symlink: /home/situjet/Desktop/aruco_ros/aruco_ros/install/aruco_msgs/local/lib/python3.10/dist-packages/aruco_msgs/_aruco_msgs_s.ep.rosidl_typesupport_c.c
[2.445s] -- Up-to-date symlink: /home/situjet/Desktop/aruco_ros/aruco_ros/install/aruco_msgs/local/lib/python3.10/dist-packages/aruco_msgs/_aruco_msgs_s.ep.rosidl_typesupport_fastrtps_c.c
[2.445s] -- Up-to-date symlink: /home/situjet/Desktop/aruco_ros/aruco_ros/install/aruco_msgs/local/lib/python3.10/dist-packages/aruco_msgs/_aruco_msgs_s.ep.rosidl_typesupport_introspection_c.c
[2.445s] -- Up-to-date symlink: /home/situjet/Desktop/aruco_ros/aruco_ros/install/aruco_msgs/local/lib/python3.10/dist-packages/aruco_msgs/aruco_msgs_s__rosidl_typesupport_c.cpython-310-x86_64-linux-gnu.so
[2.445s] -- Up-to-date symlink: /home/situjet/Desktop/aruco_ros/aruco_ros/install/aruco_msgs/local/lib/python3.10/dist-packages/aruco_msgs/aruco_msgs_s__rosidl_typesupport_fastrtps_c.cpython-310-x86_64-linux-gnu.so
[2.445s] -- Up-to-date symlink: /home/situjet/Desktop/aruco_ros/aruco_ros/install/aruco_msgs/local/lib/python3.10/dist-packages/aruco_msgs/aruco_msgs_s__rosidl_typesupport_introspection_c.cpython-310-x86_64-linux-gnu.so
[2.445s] -- Up-to-date symlink: /home/situjet/Desktop/aruco_ros/aruco_ros/install/aruco_msgs/local/lib/python3.10/dist-packages/aruco_msgs/libaruco_msgs__rosidl_generator_py.so
[2.445s] -- Up-to-date symlink: /home/situjet/Desktop/aruco_ros/aruco_ros/install/aruco_msgs/local/lib/python3.10/dist-packages/aruco_msgs/msg/__init__.py
[2.446s] -- Up-to-date symlink: /home/situjet/Desktop/aruco_ros/aruco_ros/install/aruco_msgs/local/lib/python3.10/dist-packages/aruco_msgs/msg/_marker.py
[2.446s] -- Up-to-date symlink: /home/situjet/Desktop/aruco_ros/aruco_ros/install/aruco_msgs/local/lib/python3.10/dist-packages/aruco_msgs/msg/_marker_array.py
[2.446s] -- Up-to-date symlink: /home/situjet/Desktop/aruco_ros/aruco_ros/install/aruco_msgs/local/lib/python3.10/dist-packages/aruco_msgs/msg/_marker_array_s.c
[2.446s] -- Up-to-date symlink: /home/situjet/Desktop/aruco_ros/aruco_ros/install/aruco_msgs/local/lib/python3.10/dist-packages/aruco_msgs/msg/_marker_s.c
[2.446s] -- Up-to-date symlink: /home/situjet/Desktop/aruco_ros/aruco_ros/install/aruco_msgs/local/lib/python3.10/dist-packages/aruco_msgs/aruco_msgs_s__rosidl_typesupport_fastrtps_c.cpython-310-x86_64-linux-gnu.so
[2.446s] -- Up-to-date symlink: /home/situjet/Desktop/aruco_ros/aruco_ros/install/aruco_msgs/local/lib/python3.10/dist-packages/aruco_msgs/aruco_msgs_s__rosidl_typesupport_introspection_c.cpython-310-x86_64-linux-gnu.so
[2.447s] -- Up-to-date symlink: /home/situjet/Desktop/aruco_ros/aruco_ros/install/aruco_msgs/local/lib/python3.10/dist-packages/aruco_msgs/aruco_msgs_s__rosidl_typesupport_c.cpython-310-x86_64-linux-gnu.so
[2.447s] -- Up-to-date symlink: /home/situjet/Desktop/aruco_ros/aruco_ros/install/aruco_msgs/share/aruco_msgs/msg/Marker.idl
[2.447s] -- Up-to-date symlink: /home/situjet/Desktop/aruco_ros/aruco_ros/install/aruco_msgs/share/aruco_msgs/msg/MarkerArray.idl
[2.447s] -- Up-to-date symlink: /home/situjet/Desktop/aruco_ros/aruco_ros/install/aruco_msgs/share/aruco_msgs/msg/Marker.msg
[2.447s] -- Up-to-date symlink: /home/situjet/Desktop/aruco_ros/aruco_ros/install/aruco_msgs/share/aruco_msgs/msg/MarkerArray.msg
[2.447s] -- Up-to-date symlink: /home/situjet/Desktop/aruco_ros/aruco_ros/install/aruco_msgs/share/ament_index/resource_index/package_run_dependencies/aruco_msgs
[2.447s] -- Up-to-date symlink: /home/situjet/Desktop/aruco_ros/aruco_ros/install/aruco_msgs/share/ament_index/resource_index/parent_prefix_path/aruco_msgs
[2.448s] -- Up-to-date symlink: /home/situjet/Desktop/aruco_ros/aruco_ros/install/aruco_msgs/share/aruco_msgs/environment/ament_prefix_path.sh
[2.448s] -- Up-to-date symlink: /home/situjet/Desktop/aruco_ros/aruco_ros/install/aruco_msgs/share/aruco_msgs/environment/ament_prefix_path.dsv
[2.448s] -- Up-to-date symlink: /home/situjet/Desktop/aruco_ros/aruco_ros/install/aruco_msgs/share/aruco_msgs/environment/path.sh
[2.448s] -- Up-to-date symlink: /home/situjet/Desktop/aruco_ros/aruco_ros/install/aruco_msgs/share/aruco_msgs/environment/path.dsv
[2.448s] -- Up-to-date symlink: /home/situjet/Desktop/aruco_ros/aruco_ros/install/aruco_msgs/share/aruco_msgs/local_setup.bash
[2.448s] -- Up-to-date symlink: /home/situjet/Desktop/aruco_ros/aruco_ros/install/aruco_msgs/share/aruco_msgs/local_setup.sh
[2.448s] -- Up-to-date symlink: /home/situjet/Desktop/aruco_ros/aruco_ros/install/aruco_msgs/share/aruco_msgs/local_setup.zsh
[2.449s] -- Up-to-date symlink: /home/situjet/Desktop/aruco_ros/aruco_ros/install/aruco_msgs/share/aruco_msgs/local_setup.dsv
[2.449s] -- Symlinking: /home/situjet/Desktop/aruco_ros/aruco_ros/install/aruco_msgs/share/aruco_msgs/package.dsv
[2.451s] -- Up-to-date symlink: /home/situjet/Desktop/aruco_ros/aruco_ros/install/aruco_msgs/share/ament_index/resource_index/packages/aruco_msgs
[2.451s] -- Up-to-date symlink: /home/situjet/Desktop/aruco_ros/aruco_ros/install/aruco_msgs/share/aruco_msgs/cmake/rosidl_cmake-extras.cmake
[2.451s] -- Up-to-date symlink: /home/situjet/Desktop/aruco_ros/aruco_ros/install/aruco_msgs/share/aruco_msgs/cmake/ament_cmake_export_dependencies-extras.cmake
[2.451s] -- Up-to-date symlink: /home/situjet/Desktop/aruco_ros/aruco_ros/install/aruco_msgs/share/aruco_msgs/cmake/ament_cmake_export_include_directories-extras.cmake
[2.451s] -- Up-to-date symlink: /home/situjet/Desktop/aruco_ros/aruco_ros/install/aruco_msgs/share/aruco_msgs/cmake/ament_cmake_export_libraries-extras.cmake
[2.452s] -- Up-to-date symlink: /home/situjet/Desktop/aruco_ros/aruco_ros/install/aruco_msgs/share/aruco_msgs/cmake/ament_cmake_export_targets-extras.cmake
[2.452s] -- Up-to-date symlink: /home/situjet/Desktop/aruco_ros/aruco_ros/install/aruco_msgs/share/aruco_msgs/cmake/rosidl_cmake_export_typesupport_targets-extras.cmake
[2.452s] -- Up-to-date symlink: /home/situjet/Desktop/aruco_ros/aruco_ros/install/aruco_msgs/share/aruco_msgs/cmake/rosidl_cmake_export_typesupport_libraries-extras.cmake
[2.452s] -- Up-to-date symlink: /home/situjet/Desktop/aruco_ros/aruco_ros/install/aruco_msgs/share/aruco_msgs/cmake/aruco_msgsConfig.cmake
[2.452s] -- Up-to-date symlink: /home/situjet/Desktop/aruco_ros/aruco_ros/install/aruco_msgs/share/aruco_msgs/cmake/aruco_msgsConfig-version.cmake
[2.452s] -- Up-to-date symlink: /home/situjet/Desktop/aruco_ros/aruco_ros/install/aruco_msgs/share/aruco_msgs/package.xml
[2.452s] -- Up-to-date: /home/situjet/Desktop/aruco_ros/aruco_ros/install/aruco_msgs/lib/libaruco_msgs__rosidl_generator_c.so
[2.453s] -- Up-to-date: /home/situjet/Desktop/aruco_ros/aruco_ros/install/aruco_msgs/lib/libaruco_msgs__rosidl_typesupport_fastrtps_c.so
[2.453s] -- Up-to-date: /home/situjet/Desktop/aruco_ros/aruco_ros/install/aruco_msgs/lib/libaruco_msgs__rosidl_typesupport_fastrtps_cpp.so
[2.453s] -- Up-to-date: /home/situjet/Desktop/aruco_ros/aruco_ros/install/aruco_msgs/lib/libaruco_msgs__rosidl_typesupport_introspection_c.so
[2.453s] -- Up-to-date: /home/situjet/Desktop/aruco_ros/aruco_ros/install/aruco_msgs/lib/libaruco_msgs__rosidl_typesupport_c.so
[2.453s] -- Up-to-date: /home/situjet/Desktop/aruco_ros/aruco_ros/install/aruco_msgs/lib/libaruco_msgs__rosidl_typesupport_introspection_cpp.so
[2.453s] -- Up-to-date: /home/situjet/Desktop/aruco_ros/aruco_ros/install/aruco_msgs/lib/libaruco_msgs__rosidl_typesupport_cpp.so
[2.482s] Listing '/home/situjet/Desktop/aruco_ros/aruco_ros/install/aruco_msgs/local/lib/python3.10/dist-packages/aruco_msgs'...
[2.482s] Compiling '/home/situjet/Desktop/aruco_ros/aruco_ros/install/aruco_msgs/local/lib/python3.10/dist-packages/aruco_msgs/__init__.py'...
[2.482s] Listing '/home/situjet/Desktop/aruco_ros/aruco_ros/install/aruco_msgs/local/lib/python3.10/dist-packages/aruco_msgs/msg'...
[2.486s] -- Up-to-date: /home/situjet/Desktop/aruco_ros/aruco_ros/install/aruco_msgs/lib/libaruco_msgs__rosidl_generator_py.so
[2.486s] -- Up-to-date: /home/situjet/Desktop/aruco_ros/aruco_ros/install/aruco_msgs/share/aruco_msgs/cmake/export_aruco_msgs__rosidl_generator_cExport.cmake
[2.486s] -- Up-to-date: /home/situjet/Desktop/aruco_ros/aruco_ros/install/aruco_msgs/share/aruco_msgs/cmake/export_aruco_msgs__rosidl_generator_cExport-noconfig.cmake
[2.486s] -- Up-to-date: /home/situjet/Desktop/aruco_ros/aruco_ros/install/aruco_msgs/share/aruco_msgs/cmake/export_aruco_msgs__rosidl_typesupport_fastrtps_cExport.cmake
[2.486s] -- Up-to-date: /home/situjet/Desktop/aruco_ros/aruco_ros/install/aruco_msgs/share/aruco_msgs/cmake/export_aruco_msgs__rosidl_typesupport_fastrtps_cExport-noconfig.cmake
[2.486s] -- Up-to-date: /home/situjet/Desktop/aruco_ros/aruco_ros/install/aruco_msgs/share/aruco_msgs/cmake/export_aruco_msgs__rosidl_generator_cppExport.cmake
[2.487s] -- Up-to-date: /home/situjet/Desktop/aruco_ros/aruco_ros/install/aruco_msgs/share/aruco_msgs/cmake/export_aruco_msgs__rosidl_typesupport_fastrtps_cppExport.cmake
[2.487s] -- Up-to-date: /home/situjet/Desktop/aruco_ros/aruco_ros/install/aruco_msgs/share/aruco_msgs/cmake/export_aruco_msgs__rosidl_typesupport_fastrtps_cppExport-noconfig.cmake
[2.487s] -- Up-to-date: /home/situjet/Desktop/aruco_ros/aruco_ros/install/aruco_msgs/share/aruco_msgs/cmake/aruco_msgs__rosidl_typesupport_introspection_cExport.cmake
[2.487s] -- Up-to-date: /home/situjet/Desktop/aruco_ros/aruco_ros/install/aruco_msgs/share/aruco_msgs/cmake/aruco_msgs__rosidl_typesupport_introspection_cExport-noconfig.cmake
[2.487s] -- Up-to-date: /home/situjet/Desktop/aruco_ros/aruco_ros/install/aruco_msgs/share/aruco_msgs/cmake/aruco_msgs__rosidl_typesupport_cExport.cmake
[2.487s] -- Up-to-date: /home/situjet/Desktop/aruco_ros/aruco_ros/install/aruco_msgs/share/aruco_msgs/cmake/aruco_msgs__rosidl_typesupport_cExport-noconfig.cmake
[2.487s] -- Up-to-date: /home/situjet/Desktop/aruco_ros/aruco_ros/install/aruco_msgs/share/aruco_msgs/cmake/aruco_msgs__rosidl_typesupport_introspection_cppExport.cmake
[2.487s] -- Up-to-date: /home/situjet/Desktop/aruco_ros/aruco_ros/install/aruco_msgs/share/aruco_msgs/cmake/aruco_msgs__rosidl_typesupport_introspection_cppExport-noconfig.cmake
[2.487s] -- Up-to-date: /home/situjet/Desktop/aruco_ros/aruco_ros/install/aruco_msgs/share/aruco_msgs/cmake/aruco_msgs__rosidl_typesupport_cppExport.cmake
[2.487s] -- Up-to-date: /home/situjet/Desktop/aruco_ros/aruco_ros/install/aruco_msgs/share/aruco_msgs/cmake/aruco_msgs__rosidl_typesupport_cppExport-noconfig.cmake
[2.487s] -- Up-to-date: /home/situjet/Desktop/aruco_ros/aruco_ros/install/aruco_msgs/share/aruco_msgs/cmake/export_aruco_msgs__rosidl_generator_pyExport.cmake
[2.487s] -- Up-to-date: /home/situjet/Desktop/aruco_ros/aruco_ros/install/aruco_msgs/share/aruco_msgs/cmake/export_aruco_msgs__rosidl_generator_pyExport-noconfig.cmake
[2.491s] Invoked command in '/home/situjet/Desktop/aruco_ros/aruco_ros/build/aruco_msgs' returned '0': CMAKE_PREFIX_PATH=${CMAKE_PREFIX_PATH}:/opt/ros/humble /home/situjet/.local/bin/cmake --install /home/situjet/Desktop/aruco_ros/aruco_ros/build/aruco_msgs
