[0.158s] Invoking command in '/home/situjet/Desktop/leo_common-ros2/build/leo_viz': CMAKE_PREFIX_PATH=/home/situjet/Desktop/leo_common-ros2/install/leo_description:/home/situjet/Desktop/leo_common-ros2/src/leo_teleop_holonomic/install/leo_teleop_holonomic:/home/situjet/Desktop/leo_common-ros2/install/leo_teleop_holonomic:/home/situjet/Desktop/leo_common-ros2/install/leo_desktop:/home/situjet/Desktop/leo_common-ros2/install/leo_viz:/home/situjet/Desktop/leo_common-ros2/install/leo:/home/situjet/Desktop/leo_common-ros2/install/leo_teleop:/home/situjet/Desktop/leo_common-ros2/install/leo_msgs:/home/situjet/Desktop/leo_common-ros2/install/programmed_drive:/opt/ros/humble /home/situjet/.local/bin/cmake --build /home/situjet/Desktop/leo_common-ros2/build/leo_viz -- -j12 -l12
[0.201s] Invoked command in '/home/situjet/Desktop/leo_common-ros2/build/leo_viz' returned '0': CMAKE_PREFIX_PATH=/home/situjet/Desktop/leo_common-ros2/install/leo_description:/home/situjet/Desktop/leo_common-ros2/src/leo_teleop_holonomic/install/leo_teleop_holonomic:/home/situjet/Desktop/leo_common-ros2/install/leo_teleop_holonomic:/home/situjet/Desktop/leo_common-ros2/install/leo_desktop:/home/situjet/Desktop/leo_common-ros2/install/leo_viz:/home/situjet/Desktop/leo_common-ros2/install/leo:/home/situjet/Desktop/leo_common-ros2/install/leo_teleop:/home/situjet/Desktop/leo_common-ros2/install/leo_msgs:/home/situjet/Desktop/leo_common-ros2/install/programmed_drive:/opt/ros/humble /home/situjet/.local/bin/cmake --build /home/situjet/Desktop/leo_common-ros2/build/leo_viz -- -j12 -l12
[0.239s] Invoking command in '/home/situjet/Desktop/leo_common-ros2/build/leo_viz': CMAKE_PREFIX_PATH=/home/situjet/Desktop/leo_common-ros2/install/leo_description:/home/situjet/Desktop/leo_common-ros2/src/leo_teleop_holonomic/install/leo_teleop_holonomic:/home/situjet/Desktop/leo_common-ros2/install/leo_teleop_holonomic:/home/situjet/Desktop/leo_common-ros2/install/leo_desktop:/home/situjet/Desktop/leo_common-ros2/install/leo_viz:/home/situjet/Desktop/leo_common-ros2/install/leo:/home/situjet/Desktop/leo_common-ros2/install/leo_teleop:/home/situjet/Desktop/leo_common-ros2/install/leo_msgs:/home/situjet/Desktop/leo_common-ros2/install/programmed_drive:/opt/ros/humble /home/situjet/.local/bin/cmake --install /home/situjet/Desktop/leo_common-ros2/build/leo_viz
[0.263s] -- Install configuration: ""
[0.263s] -- Execute custom install script
[0.263s] -- Up-to-date symlink: /home/situjet/Desktop/leo_common-ros2/install/leo_viz/share/leo_viz/launch/rviz.launch.xml
[0.263s] -- Up-to-date symlink: /home/situjet/Desktop/leo_common-ros2/install/leo_viz/share/leo_viz/launch/view_model.launch.xml
[0.263s] -- Up-to-date symlink: /home/situjet/Desktop/leo_common-ros2/install/leo_viz/share/leo_viz/rviz/robot.rviz
[0.264s] -- Up-to-date symlink: /home/situjet/Desktop/leo_common-ros2/install/leo_viz/share/ament_index/resource_index/package_run_dependencies/leo_viz
[0.264s] -- Up-to-date symlink: /home/situjet/Desktop/leo_common-ros2/install/leo_viz/share/ament_index/resource_index/parent_prefix_path/leo_viz
[0.264s] -- Up-to-date symlink: /home/situjet/Desktop/leo_common-ros2/install/leo_viz/share/leo_viz/environment/ament_prefix_path.sh
[0.264s] -- Up-to-date symlink: /home/situjet/Desktop/leo_common-ros2/install/leo_viz/share/leo_viz/environment/ament_prefix_path.dsv
[0.264s] -- Up-to-date symlink: /home/situjet/Desktop/leo_common-ros2/install/leo_viz/share/leo_viz/environment/path.sh
[0.265s] -- Up-to-date symlink: /home/situjet/Desktop/leo_common-ros2/install/leo_viz/share/leo_viz/environment/path.dsv
[0.265s] -- Up-to-date symlink: /home/situjet/Desktop/leo_common-ros2/install/leo_viz/share/leo_viz/local_setup.bash
[0.265s] -- Up-to-date symlink: /home/situjet/Desktop/leo_common-ros2/install/leo_viz/share/leo_viz/local_setup.sh
[0.265s] -- Up-to-date symlink: /home/situjet/Desktop/leo_common-ros2/install/leo_viz/share/leo_viz/local_setup.zsh
[0.266s] -- Up-to-date symlink: /home/situjet/Desktop/leo_common-ros2/install/leo_viz/share/leo_viz/local_setup.dsv
[0.266s] -- Symlinking: /home/situjet/Desktop/leo_common-ros2/install/leo_viz/share/leo_viz/package.dsv
[0.269s] -- Up-to-date symlink: /home/situjet/Desktop/leo_common-ros2/install/leo_viz/share/ament_index/resource_index/packages/leo_viz
[0.269s] -- Up-to-date symlink: /home/situjet/Desktop/leo_common-ros2/install/leo_viz/share/leo_viz/cmake/leo_vizConfig.cmake
[0.269s] -- Up-to-date symlink: /home/situjet/Desktop/leo_common-ros2/install/leo_viz/share/leo_viz/cmake/leo_vizConfig-version.cmake
[0.269s] -- Up-to-date symlink: /home/situjet/Desktop/leo_common-ros2/install/leo_viz/share/leo_viz/package.xml
[0.447s] Invoked command in '/home/situjet/Desktop/leo_common-ros2/build/leo_viz' returned '0': CMAKE_PREFIX_PATH=/home/situjet/Desktop/leo_common-ros2/install/leo_description:/home/situjet/Desktop/leo_common-ros2/src/leo_teleop_holonomic/install/leo_teleop_holonomic:/home/situjet/Desktop/leo_common-ros2/install/leo_teleop_holonomic:/home/situjet/Desktop/leo_common-ros2/install/leo_desktop:/home/situjet/Desktop/leo_common-ros2/install/leo_viz:/home/situjet/Desktop/leo_common-ros2/install/leo:/home/situjet/Desktop/leo_common-ros2/install/leo_teleop:/home/situjet/Desktop/leo_common-ros2/install/leo_msgs:/home/situjet/Desktop/leo_common-ros2/install/programmed_drive:/opt/ros/humble /home/situjet/.local/bin/cmake --install /home/situjet/Desktop/leo_common-ros2/build/leo_viz
