[0.090s] Invoking command in '/home/situjet/Desktop/aruco_ros/aruco_ros/build/aruco': CMAKE_PREFIX_PATH=/opt/ros/humble /home/situjet/.local/bin/cmake /home/situjet/Desktop/aruco_ros/aruco_ros/aruco -DAMENT_CMAKE_SYMLINK_INSTALL=1 -DCMAKE_INSTALL_PREFIX=/home/situjet/Desktop/aruco_ros/aruco_ros/install/aruco
[0.113s] -- Found ament_cmake: 1.3.5 (/opt/ros/humble/share/ament_cmake/cmake)
[0.262s] -- Override CMake install command with custom implementation using symlinks instead of copying resources
[0.328s] -- Configuring done (0.2s)
[0.336s] -- Generating done (0.0s)
[0.337s] -- Build files have been written to: /home/situjet/Desktop/aruco_ros/aruco_ros/build/aruco
[0.341s] Invoked command in '/home/situjet/Desktop/aruco_ros/aruco_ros/build/aruco' returned '0': CMAKE_PREFIX_PATH=/opt/ros/humble /home/situjet/.local/bin/cmake /home/situjet/Desktop/aruco_ros/aruco_ros/aruco -DAMENT_CMAKE_SYMLINK_INSTALL=1 -DCMAKE_INSTALL_PREFIX=/home/situjet/Desktop/aruco_ros/aruco_ros/install/aruco
[0.343s] Invoking command in '/home/situjet/Desktop/aruco_ros/aruco_ros/build/aruco': CMAKE_PREFIX_PATH=/opt/ros/humble /home/situjet/.local/bin/cmake --build /home/situjet/Desktop/aruco_ros/aruco_ros/build/aruco -- -j12 -l12
[0.389s] [100%] Built target aruco
[0.395s] Invoked command in '/home/situjet/Desktop/aruco_ros/aruco_ros/build/aruco' returned '0': CMAKE_PREFIX_PATH=/opt/ros/humble /home/situjet/.local/bin/cmake --build /home/situjet/Desktop/aruco_ros/aruco_ros/build/aruco -- -j12 -l12
[0.461s] Invoking command in '/home/situjet/Desktop/aruco_ros/aruco_ros/build/aruco': CMAKE_PREFIX_PATH=/opt/ros/humble /home/situjet/.local/bin/cmake --install /home/situjet/Desktop/aruco_ros/aruco_ros/build/aruco
[0.479s] -- Install configuration: ""
[0.479s] -- Execute custom install script
[0.479s] -- Up-to-date symlink: /home/situjet/Desktop/aruco_ros/aruco_ros/install/aruco/lib/libaruco.so
[0.480s] -- Up-to-date symlink: /home/situjet/Desktop/aruco_ros/aruco_ros/install/aruco/include/aruco/aruco.h
[0.480s] -- Up-to-date symlink: /home/situjet/Desktop/aruco_ros/aruco_ros/install/aruco/include/aruco/aruco_cvversioning.h
[0.480s] -- Up-to-date symlink: /home/situjet/Desktop/aruco_ros/aruco_ros/install/aruco/include/aruco/aruco_export.h
[0.480s] -- Up-to-date symlink: /home/situjet/Desktop/aruco_ros/aruco_ros/install/aruco/include/aruco/cameraparameters.h
[0.480s] -- Up-to-date symlink: /home/situjet/Desktop/aruco_ros/aruco_ros/install/aruco/include/aruco/cvdrawingutils.h
[0.480s] -- Up-to-date symlink: /home/situjet/Desktop/aruco_ros/aruco_ros/install/aruco/include/aruco/debug.h
[0.480s] -- Up-to-date symlink: /home/situjet/Desktop/aruco_ros/aruco_ros/install/aruco/include/aruco/dictionary.h
[0.480s] -- Up-to-date symlink: /home/situjet/Desktop/aruco_ros/aruco_ros/install/aruco/include/aruco/dictionary_based.h
[0.480s] -- Up-to-date symlink: /home/situjet/Desktop/aruco_ros/aruco_ros/install/aruco/include/aruco/fractaldetector.h
[0.480s] -- Up-to-date symlink: /home/situjet/Desktop/aruco_ros/aruco_ros/install/aruco/include/aruco/fractallabelers/fractallabeler.h
[0.480s] -- Up-to-date symlink: /home/situjet/Desktop/aruco_ros/aruco_ros/install/aruco/include/aruco/fractallabelers/fractalmarker.h
[0.481s] -- Up-to-date symlink: /home/situjet/Desktop/aruco_ros/aruco_ros/install/aruco/include/aruco/fractallabelers/fractalmarkerset.h
[0.481s] -- Up-to-date symlink: /home/situjet/Desktop/aruco_ros/aruco_ros/install/aruco/include/aruco/fractallabelers/fractalposetracker.h
[0.481s] -- Up-to-date symlink: /home/situjet/Desktop/aruco_ros/aruco_ros/install/aruco/include/aruco/ippe.h
[0.481s] -- Up-to-date symlink: /home/situjet/Desktop/aruco_ros/aruco_ros/install/aruco/include/aruco/levmarq.h
[0.481s] -- Up-to-date symlink: /home/situjet/Desktop/aruco_ros/aruco_ros/install/aruco/include/aruco/marker.h
[0.481s] -- Up-to-date symlink: /home/situjet/Desktop/aruco_ros/aruco_ros/install/aruco/include/aruco/markerdetector.h
[0.481s] -- Up-to-date symlink: /home/situjet/Desktop/aruco_ros/aruco_ros/install/aruco/include/aruco/markerdetector_impl.h
[0.481s] -- Up-to-date symlink: /home/situjet/Desktop/aruco_ros/aruco_ros/install/aruco/include/aruco/markerlabeler.h
[0.481s] -- Up-to-date symlink: /home/situjet/Desktop/aruco_ros/aruco_ros/install/aruco/include/aruco/markermap.h
[0.481s] -- Up-to-date symlink: /home/situjet/Desktop/aruco_ros/aruco_ros/install/aruco/include/aruco/picoflann.h
[0.481s] -- Up-to-date symlink: /home/situjet/Desktop/aruco_ros/aruco_ros/install/aruco/include/aruco/posetracker.h
[0.481s] -- Up-to-date symlink: /home/situjet/Desktop/aruco_ros/aruco_ros/install/aruco/include/aruco/timers.h
[0.481s] -- Up-to-date symlink: /home/situjet/Desktop/aruco_ros/aruco_ros/install/aruco/share/aruco/environment/library_path.sh
[0.482s] -- Up-to-date symlink: /home/situjet/Desktop/aruco_ros/aruco_ros/install/aruco/share/aruco/environment/library_path.dsv
[0.482s] -- Up-to-date symlink: /home/situjet/Desktop/aruco_ros/aruco_ros/install/aruco/share/ament_index/resource_index/package_run_dependencies/aruco
[0.482s] -- Up-to-date symlink: /home/situjet/Desktop/aruco_ros/aruco_ros/install/aruco/share/ament_index/resource_index/parent_prefix_path/aruco
[0.482s] -- Up-to-date symlink: /home/situjet/Desktop/aruco_ros/aruco_ros/install/aruco/share/aruco/environment/ament_prefix_path.sh
[0.482s] -- Up-to-date symlink: /home/situjet/Desktop/aruco_ros/aruco_ros/install/aruco/share/aruco/environment/ament_prefix_path.dsv
[0.482s] -- Up-to-date symlink: /home/situjet/Desktop/aruco_ros/aruco_ros/install/aruco/share/aruco/environment/path.sh
[0.482s] -- Up-to-date symlink: /home/situjet/Desktop/aruco_ros/aruco_ros/install/aruco/share/aruco/environment/path.dsv
[0.482s] -- Up-to-date symlink: /home/situjet/Desktop/aruco_ros/aruco_ros/install/aruco/share/aruco/local_setup.bash
[0.483s] -- Up-to-date symlink: /home/situjet/Desktop/aruco_ros/aruco_ros/install/aruco/share/aruco/local_setup.sh
[0.483s] -- Up-to-date symlink: /home/situjet/Desktop/aruco_ros/aruco_ros/install/aruco/share/aruco/local_setup.zsh
[0.483s] -- Up-to-date symlink: /home/situjet/Desktop/aruco_ros/aruco_ros/install/aruco/share/aruco/local_setup.dsv
[0.483s] -- Symlinking: /home/situjet/Desktop/aruco_ros/aruco_ros/install/aruco/share/aruco/package.dsv
[0.485s] -- Up-to-date symlink: /home/situjet/Desktop/aruco_ros/aruco_ros/install/aruco/share/ament_index/resource_index/packages/aruco
[0.485s] -- Up-to-date symlink: /home/situjet/Desktop/aruco_ros/aruco_ros/install/aruco/share/aruco/cmake/ament_cmake_export_include_directories-extras.cmake
[0.485s] -- Up-to-date symlink: /home/situjet/Desktop/aruco_ros/aruco_ros/install/aruco/share/aruco/cmake/ament_cmake_export_libraries-extras.cmake
[0.485s] -- Up-to-date symlink: /home/situjet/Desktop/aruco_ros/aruco_ros/install/aruco/share/aruco/cmake/arucoConfig.cmake
[0.485s] -- Up-to-date symlink: /home/situjet/Desktop/aruco_ros/aruco_ros/install/aruco/share/aruco/cmake/arucoConfig-version.cmake
[0.485s] -- Up-to-date symlink: /home/situjet/Desktop/aruco_ros/aruco_ros/install/aruco/share/aruco/package.xml
[0.489s] Invoked command in '/home/situjet/Desktop/aruco_ros/aruco_ros/build/aruco' returned '0': CMAKE_PREFIX_PATH=/opt/ros/humble /home/situjet/.local/bin/cmake --install /home/situjet/Desktop/aruco_ros/aruco_ros/build/aruco
