[1.018s] DEBUG:colcon:Command line arguments: ['/usr/bin/colcon', 'build']
[1.018s] DEBUG:colcon:Parsed command line arguments: Namespace(log_base=None, log_level=None, verb_name='build', build_base='build', install_base='install', merge_install=False, symlink_install=False, test_result_base=None, continue_on_error=False, executor='parallel', parallel_workers=12, event_handlers=None, ignore_user_meta=False, metas=['./colcon.meta'], base_paths=['.'], packages_ignore=None, packages_ignore_regex=None, paths=None, packages_up_to=None, packages_up_to_regex=None, packages_above=None, packages_above_and_dependencies=None, packages_above_depth=None, packages_select_by_dep=None, packages_skip_by_dep=None, packages_skip_up_to=None, packages_select_build_failed=False, packages_skip_build_finished=False, packages_select_test_failures=False, packages_skip_test_passed=False, packages_select=None, packages_skip=None, packages_select_regex=None, packages_skip_regex=None, packages_start=None, packages_end=None, allow_overriding=[], cmake_args=None, cmake_target=None, cmake_target_skip_unavailable=False, cmake_clean_cache=False, cmake_clean_first=False, cmake_force_configure=False, ament_cmake_args=None, catkin_cmake_args=None, catkin_skip_building_tests=False, verb_parser=<colcon_defaults.argument_parser.defaults.DefaultArgumentsDecorator object at 0x7efe3532bee0>, verb_extension=<colcon_core.verb.build.BuildVerb object at 0x7efe3532abc0>, main=<bound method BuildVerb.main of <colcon_core.verb.build.BuildVerb object at 0x7efe3532abc0>>)
[1.064s] Level 1:colcon.colcon_core.package_discovery:discover_packages(colcon_meta) check parameters
[1.064s] Level 1:colcon.colcon_core.package_discovery:discover_packages(recursive) check parameters
[1.064s] Level 1:colcon.colcon_core.package_discovery:discover_packages(ignore) check parameters
[1.064s] Level 1:colcon.colcon_core.package_discovery:discover_packages(path) check parameters
[1.064s] Level 1:colcon.colcon_core.package_discovery:discover_packages(colcon_meta) discover
[1.064s] Level 1:colcon.colcon_core.package_discovery:discover_packages(recursive) discover
[1.064s] INFO:colcon.colcon_core.package_discovery:Crawling recursively for packages in '/home/situjet/Desktop/aruco_ros/aruco_ros'
[1.064s] Level 1:colcon.colcon_core.package_identification:_identify(.) by extensions ['ignore', 'ignore_ament_install']
[1.065s] Level 1:colcon.colcon_core.package_identification:_identify(.) by extension 'ignore'
[1.065s] Level 1:colcon.colcon_core.package_identification:_identify(.) by extension 'ignore_ament_install'
[1.065s] Level 1:colcon.colcon_core.package_identification:_identify(.) by extensions ['colcon_pkg']
[1.065s] Level 1:colcon.colcon_core.package_identification:_identify(.) by extension 'colcon_pkg'
[1.065s] Level 1:colcon.colcon_core.package_identification:_identify(.) by extensions ['colcon_meta']
[1.065s] Level 1:colcon.colcon_core.package_identification:_identify(.) by extension 'colcon_meta'
[1.065s] Level 1:colcon.colcon_core.package_identification:_identify(.) by extensions ['ros']
[1.065s] Level 1:colcon.colcon_core.package_identification:_identify(.) by extension 'ros'
[1.078s] Level 1:colcon.colcon_core.package_identification:_identify(.) by extensions ['cmake', 'python']
[1.079s] Level 1:colcon.colcon_core.package_identification:_identify(.) by extension 'cmake'
[1.079s] Level 1:colcon.colcon_core.package_identification:_identify(.) by extension 'python'
[1.079s] Level 1:colcon.colcon_core.package_identification:_identify(.) by extensions ['python_setup_py']
[1.079s] Level 1:colcon.colcon_core.package_identification:_identify(.) by extension 'python_setup_py'
[1.079s] Level 1:colcon.colcon_core.package_identification:_identify(aruco) by extensions ['ignore', 'ignore_ament_install']
[1.079s] Level 1:colcon.colcon_core.package_identification:_identify(aruco) by extension 'ignore'
[1.079s] Level 1:colcon.colcon_core.package_identification:_identify(aruco) by extension 'ignore_ament_install'
[1.079s] Level 1:colcon.colcon_core.package_identification:_identify(aruco) by extensions ['colcon_pkg']
[1.079s] Level 1:colcon.colcon_core.package_identification:_identify(aruco) by extension 'colcon_pkg'
[1.079s] Level 1:colcon.colcon_core.package_identification:_identify(aruco) by extensions ['colcon_meta']
[1.079s] Level 1:colcon.colcon_core.package_identification:_identify(aruco) by extension 'colcon_meta'
[1.079s] Level 1:colcon.colcon_core.package_identification:_identify(aruco) by extensions ['ros']
[1.079s] Level 1:colcon.colcon_core.package_identification:_identify(aruco) by extension 'ros'
[1.082s] DEBUG:colcon.colcon_core.package_identification:Package 'aruco' with type 'ros.ament_cmake' and name 'aruco'
[1.082s] Level 1:colcon.colcon_core.package_identification:_identify(aruco_msgs) by extensions ['ignore', 'ignore_ament_install']
[1.082s] Level 1:colcon.colcon_core.package_identification:_identify(aruco_msgs) by extension 'ignore'
[1.082s] Level 1:colcon.colcon_core.package_identification:_identify(aruco_msgs) by extension 'ignore_ament_install'
[1.082s] Level 1:colcon.colcon_core.package_identification:_identify(aruco_msgs) by extensions ['colcon_pkg']
[1.082s] Level 1:colcon.colcon_core.package_identification:_identify(aruco_msgs) by extension 'colcon_pkg'
[1.082s] Level 1:colcon.colcon_core.package_identification:_identify(aruco_msgs) by extensions ['colcon_meta']
[1.082s] Level 1:colcon.colcon_core.package_identification:_identify(aruco_msgs) by extension 'colcon_meta'
[1.082s] Level 1:colcon.colcon_core.package_identification:_identify(aruco_msgs) by extensions ['ros']
[1.082s] Level 1:colcon.colcon_core.package_identification:_identify(aruco_msgs) by extension 'ros'
[1.083s] DEBUG:colcon.colcon_core.package_identification:Package 'aruco_msgs' with type 'ros.ament_cmake' and name 'aruco_msgs'
[1.083s] Level 1:colcon.colcon_core.package_identification:_identify(aruco_ros) by extensions ['ignore', 'ignore_ament_install']
[1.083s] Level 1:colcon.colcon_core.package_identification:_identify(aruco_ros) by extension 'ignore'
[1.083s] Level 1:colcon.colcon_core.package_identification:_identify(aruco_ros) by extension 'ignore_ament_install'
[1.083s] Level 1:colcon.colcon_core.package_identification:_identify(aruco_ros) by extensions ['colcon_pkg']
[1.083s] Level 1:colcon.colcon_core.package_identification:_identify(aruco_ros) by extension 'colcon_pkg'
[1.083s] Level 1:colcon.colcon_core.package_identification:_identify(aruco_ros) by extensions ['colcon_meta']
[1.083s] Level 1:colcon.colcon_core.package_identification:_identify(aruco_ros) by extension 'colcon_meta'
[1.083s] Level 1:colcon.colcon_core.package_identification:_identify(aruco_ros) by extensions ['ros']
[1.083s] Level 1:colcon.colcon_core.package_identification:_identify(aruco_ros) by extension 'ros'
[1.084s] DEBUG:colcon.colcon_core.package_identification:Package 'aruco_ros' with type 'ros.ament_cmake' and name 'aruco_ros'
[1.084s] Level 1:colcon.colcon_core.package_identification:_identify(build) by extensions ['ignore', 'ignore_ament_install']
[1.084s] Level 1:colcon.colcon_core.package_identification:_identify(build) by extension 'ignore'
[1.084s] Level 1:colcon.colcon_core.package_identification:_identify(build) ignored
[1.085s] Level 1:colcon.colcon_core.package_identification:_identify(install) by extensions ['ignore', 'ignore_ament_install']
[1.085s] Level 1:colcon.colcon_core.package_identification:_identify(install) by extension 'ignore'
[1.085s] Level 1:colcon.colcon_core.package_identification:_identify(install) ignored
[1.085s] Level 1:colcon.colcon_core.package_identification:_identify(log) by extensions ['ignore', 'ignore_ament_install']
[1.085s] Level 1:colcon.colcon_core.package_identification:_identify(log) by extension 'ignore'
[1.085s] Level 1:colcon.colcon_core.package_identification:_identify(log) ignored
[1.085s] Level 1:colcon.colcon_core.package_discovery:discover_packages(recursive) using defaults
[1.085s] Level 1:colcon.colcon_core.package_discovery:discover_packages(ignore) discover
[1.085s] Level 1:colcon.colcon_core.package_discovery:discover_packages(ignore) using defaults
[1.085s] Level 1:colcon.colcon_core.package_discovery:discover_packages(path) discover
[1.085s] Level 1:colcon.colcon_core.package_discovery:discover_packages(path) using defaults
[1.176s] Level 1:colcon.colcon_core.package_discovery:discover_packages(prefix_path) check parameters
[1.176s] Level 1:colcon.colcon_core.package_discovery:discover_packages(prefix_path) discover
[1.207s] DEBUG:colcon.colcon_installed_package_information.package_discovery:Found 351 installed packages in /opt/ros/humble
[1.209s] Level 1:colcon.colcon_core.package_discovery:discover_packages(prefix_path) using defaults
[1.299s] Level 5:colcon.colcon_core.verb:set package 'aruco' build argument 'cmake_args' from command line to 'None'
[1.299s] Level 5:colcon.colcon_core.verb:set package 'aruco' build argument 'cmake_target' from command line to 'None'
[1.299s] Level 5:colcon.colcon_core.verb:set package 'aruco' build argument 'cmake_target_skip_unavailable' from command line to 'False'
[1.299s] Level 5:colcon.colcon_core.verb:set package 'aruco' build argument 'cmake_clean_cache' from command line to 'False'
[1.299s] Level 5:colcon.colcon_core.verb:set package 'aruco' build argument 'cmake_clean_first' from command line to 'False'
[1.299s] Level 5:colcon.colcon_core.verb:set package 'aruco' build argument 'cmake_force_configure' from command line to 'False'
[1.299s] Level 5:colcon.colcon_core.verb:set package 'aruco' build argument 'ament_cmake_args' from command line to 'None'
[1.299s] Level 5:colcon.colcon_core.verb:set package 'aruco' build argument 'catkin_cmake_args' from command line to 'None'
[1.299s] Level 5:colcon.colcon_core.verb:set package 'aruco' build argument 'catkin_skip_building_tests' from command line to 'False'
[1.299s] DEBUG:colcon.colcon_core.verb:Building package 'aruco' with the following arguments: {'ament_cmake_args': None, 'build_base': '/home/situjet/Desktop/aruco_ros/aruco_ros/build/aruco', 'catkin_cmake_args': None, 'catkin_skip_building_tests': False, 'cmake_args': None, 'cmake_clean_cache': False, 'cmake_clean_first': False, 'cmake_force_configure': False, 'cmake_target': None, 'cmake_target_skip_unavailable': False, 'install_base': '/home/situjet/Desktop/aruco_ros/aruco_ros/install/aruco', 'merge_install': False, 'path': '/home/situjet/Desktop/aruco_ros/aruco_ros/aruco', 'symlink_install': False, 'test_result_base': None}
[1.312s] Level 5:colcon.colcon_core.verb:set package 'aruco_msgs' build argument 'cmake_args' from command line to 'None'
[1.312s] Level 5:colcon.colcon_core.verb:set package 'aruco_msgs' build argument 'cmake_target' from command line to 'None'
[1.312s] Level 5:colcon.colcon_core.verb:set package 'aruco_msgs' build argument 'cmake_target_skip_unavailable' from command line to 'False'
[1.312s] Level 5:colcon.colcon_core.verb:set package 'aruco_msgs' build argument 'cmake_clean_cache' from command line to 'False'
[1.312s] Level 5:colcon.colcon_core.verb:set package 'aruco_msgs' build argument 'cmake_clean_first' from command line to 'False'
[1.312s] Level 5:colcon.colcon_core.verb:set package 'aruco_msgs' build argument 'cmake_force_configure' from command line to 'False'
[1.312s] Level 5:colcon.colcon_core.verb:set package 'aruco_msgs' build argument 'ament_cmake_args' from command line to 'None'
[1.312s] Level 5:colcon.colcon_core.verb:set package 'aruco_msgs' build argument 'catkin_cmake_args' from command line to 'None'
[1.312s] Level 5:colcon.colcon_core.verb:set package 'aruco_msgs' build argument 'catkin_skip_building_tests' from command line to 'False'
[1.313s] DEBUG:colcon.colcon_core.verb:Building package 'aruco_msgs' with the following arguments: {'ament_cmake_args': None, 'build_base': '/home/situjet/Desktop/aruco_ros/aruco_ros/build/aruco_msgs', 'catkin_cmake_args': None, 'catkin_skip_building_tests': False, 'cmake_args': None, 'cmake_clean_cache': False, 'cmake_clean_first': False, 'cmake_force_configure': False, 'cmake_target': None, 'cmake_target_skip_unavailable': False, 'install_base': '/home/situjet/Desktop/aruco_ros/aruco_ros/install/aruco_msgs', 'merge_install': False, 'path': '/home/situjet/Desktop/aruco_ros/aruco_ros/aruco_msgs', 'symlink_install': False, 'test_result_base': None}
[1.325s] Level 5:colcon.colcon_core.verb:set package 'aruco_ros' build argument 'cmake_args' from command line to 'None'
[1.325s] Level 5:colcon.colcon_core.verb:set package 'aruco_ros' build argument 'cmake_target' from command line to 'None'
[1.325s] Level 5:colcon.colcon_core.verb:set package 'aruco_ros' build argument 'cmake_target_skip_unavailable' from command line to 'False'
[1.325s] Level 5:colcon.colcon_core.verb:set package 'aruco_ros' build argument 'cmake_clean_cache' from command line to 'False'
[1.326s] Level 5:colcon.colcon_core.verb:set package 'aruco_ros' build argument 'cmake_clean_first' from command line to 'False'
[1.326s] Level 5:colcon.colcon_core.verb:set package 'aruco_ros' build argument 'cmake_force_configure' from command line to 'False'
[1.326s] Level 5:colcon.colcon_core.verb:set package 'aruco_ros' build argument 'ament_cmake_args' from command line to 'None'
[1.326s] Level 5:colcon.colcon_core.verb:set package 'aruco_ros' build argument 'catkin_cmake_args' from command line to 'None'
[1.326s] Level 5:colcon.colcon_core.verb:set package 'aruco_ros' build argument 'catkin_skip_building_tests' from command line to 'False'
[1.326s] DEBUG:colcon.colcon_core.verb:Building package 'aruco_ros' with the following arguments: {'ament_cmake_args': None, 'build_base': '/home/situjet/Desktop/aruco_ros/aruco_ros/build/aruco_ros', 'catkin_cmake_args': None, 'catkin_skip_building_tests': False, 'cmake_args': None, 'cmake_clean_cache': False, 'cmake_clean_first': False, 'cmake_force_configure': False, 'cmake_target': None, 'cmake_target_skip_unavailable': False, 'install_base': '/home/situjet/Desktop/aruco_ros/aruco_ros/install/aruco_ros', 'merge_install': False, 'path': '/home/situjet/Desktop/aruco_ros/aruco_ros/aruco_ros', 'symlink_install': False, 'test_result_base': None}
[1.338s] INFO:colcon.colcon_core.executor:Executing jobs using 'parallel' executor
[1.352s] DEBUG:colcon.colcon_parallel_executor.executor.parallel:run_until_complete
[1.352s] INFO:colcon.colcon_ros.task.ament_cmake.build:Building ROS package in '/home/situjet/Desktop/aruco_ros/aruco_ros/aruco' with build type 'ament_cmake'
[1.352s] INFO:colcon.colcon_cmake.task.cmake.build:Building CMake package in '/home/situjet/Desktop/aruco_ros/aruco_ros/aruco'
[1.368s] INFO:colcon.colcon_core.plugin_system:Skipping extension 'colcon_core.shell.bat': Not used on non-Windows systems
[1.368s] INFO:colcon.colcon_core.shell:Skip shell extension 'powershell' for command environment: Not usable outside of PowerShell
[1.368s] DEBUG:colcon.colcon_core.shell:Skip shell extension 'dsv' for command environment
[1.396s] INFO:colcon.colcon_ros.task.ament_cmake.build:Building ROS package in '/home/situjet/Desktop/aruco_ros/aruco_ros/aruco_msgs' with build type 'ament_cmake'
[1.396s] INFO:colcon.colcon_cmake.task.cmake.build:Building CMake package in '/home/situjet/Desktop/aruco_ros/aruco_ros/aruco_msgs'
[1.409s] INFO:colcon.colcon_core.shell:Skip shell extension 'powershell' for command environment: Not usable outside of PowerShell
[1.409s] DEBUG:colcon.colcon_core.shell:Skip shell extension 'dsv' for command environment
[1.439s] DEBUG:colcon.colcon_core.event_handler.log_command:Invoking command in '/home/situjet/Desktop/aruco_ros/aruco_ros/build/aruco': CMAKE_PREFIX_PATH=/opt/ros/humble /home/situjet/.local/bin/cmake /home/situjet/Desktop/aruco_ros/aruco_ros/aruco -DCMAKE_INSTALL_PREFIX=/home/situjet/Desktop/aruco_ros/aruco_ros/install/aruco
[1.441s] DEBUG:colcon.colcon_core.event_handler.log_command:Invoking command in '/home/situjet/Desktop/aruco_ros/aruco_ros/build/aruco_msgs': CMAKE_PREFIX_PATH=/opt/ros/humble /home/situjet/.local/bin/cmake /home/situjet/Desktop/aruco_ros/aruco_ros/aruco_msgs -DCMAKE_INSTALL_PREFIX=/home/situjet/Desktop/aruco_ros/aruco_ros/install/aruco_msgs
[1.712s] DEBUG:colcon.colcon_core.event_handler.log_command:Invoked command in '/home/situjet/Desktop/aruco_ros/aruco_ros/build/aruco' returned '0': CMAKE_PREFIX_PATH=/opt/ros/humble /home/situjet/.local/bin/cmake /home/situjet/Desktop/aruco_ros/aruco_ros/aruco -DCMAKE_INSTALL_PREFIX=/home/situjet/Desktop/aruco_ros/aruco_ros/install/aruco
[1.713s] DEBUG:colcon.colcon_core.event_handler.log_command:Invoking command in '/home/situjet/Desktop/aruco_ros/aruco_ros/build/aruco': CMAKE_PREFIX_PATH=/opt/ros/humble /home/situjet/.local/bin/cmake --build /home/situjet/Desktop/aruco_ros/aruco_ros/build/aruco -- -j12 -l12
[1.765s] DEBUG:colcon.colcon_core.event_handler.log_command:Invoked command in '/home/situjet/Desktop/aruco_ros/aruco_ros/build/aruco' returned '0': CMAKE_PREFIX_PATH=/opt/ros/humble /home/situjet/.local/bin/cmake --build /home/situjet/Desktop/aruco_ros/aruco_ros/build/aruco -- -j12 -l12
[1.830s] DEBUG:colcon.colcon_core.event_handler.log_command:Invoking command in '/home/situjet/Desktop/aruco_ros/aruco_ros/build/aruco': CMAKE_PREFIX_PATH=/opt/ros/humble /home/situjet/.local/bin/cmake --install /home/situjet/Desktop/aruco_ros/aruco_ros/build/aruco
[1.917s] Level 1:colcon.colcon_core.environment:create_environment_scripts_only(aruco)
[1.917s] DEBUG:colcon.colcon_core.event_handler.log_command:Invoked command in '/home/situjet/Desktop/aruco_ros/aruco_ros/build/aruco' returned '0': CMAKE_PREFIX_PATH=/opt/ros/humble /home/situjet/.local/bin/cmake --install /home/situjet/Desktop/aruco_ros/aruco_ros/build/aruco
[1.934s] Level 1:colcon.colcon_core.environment:checking '/home/situjet/Desktop/aruco_ros/aruco_ros/install/aruco' for CMake module files
[1.934s] Level 1:colcon.colcon_core.environment:checking '/home/situjet/Desktop/aruco_ros/aruco_ros/install/aruco' for CMake config files
[1.935s] Level 1:colcon.colcon_core.shell:create_environment_hook('aruco', 'cmake_prefix_path')
[1.948s] INFO:colcon.colcon_core.shell:Creating environment hook '/home/situjet/Desktop/aruco_ros/aruco_ros/install/aruco/share/aruco/hook/cmake_prefix_path.ps1'
[1.948s] INFO:colcon.colcon_core.shell:Creating environment descriptor '/home/situjet/Desktop/aruco_ros/aruco_ros/install/aruco/share/aruco/hook/cmake_prefix_path.dsv'
[1.948s] INFO:colcon.colcon_core.shell:Creating environment hook '/home/situjet/Desktop/aruco_ros/aruco_ros/install/aruco/share/aruco/hook/cmake_prefix_path.sh'
[1.949s] Level 1:colcon.colcon_core.environment:checking '/home/situjet/Desktop/aruco_ros/aruco_ros/install/aruco/lib'
[1.949s] Level 1:colcon.colcon_core.shell:create_environment_hook('aruco', 'ld_library_path_lib')
[1.962s] INFO:colcon.colcon_core.shell:Creating environment hook '/home/situjet/Desktop/aruco_ros/aruco_ros/install/aruco/share/aruco/hook/ld_library_path_lib.ps1'
[1.962s] INFO:colcon.colcon_core.shell:Creating environment descriptor '/home/situjet/Desktop/aruco_ros/aruco_ros/install/aruco/share/aruco/hook/ld_library_path_lib.dsv'
[1.963s] INFO:colcon.colcon_core.shell:Creating environment hook '/home/situjet/Desktop/aruco_ros/aruco_ros/install/aruco/share/aruco/hook/ld_library_path_lib.sh'
[1.963s] Level 1:colcon.colcon_core.environment:checking '/home/situjet/Desktop/aruco_ros/aruco_ros/install/aruco/bin'
[1.963s] Level 1:colcon.colcon_core.environment:checking '/home/situjet/Desktop/aruco_ros/aruco_ros/install/aruco/lib/pkgconfig/aruco.pc'
[1.963s] Level 1:colcon.colcon_core.environment:checking '/home/situjet/Desktop/aruco_ros/aruco_ros/install/aruco/lib/python3.10/site-packages'
[1.963s] Level 1:colcon.colcon_core.environment:checking '/home/situjet/Desktop/aruco_ros/aruco_ros/install/aruco/bin'
[1.976s] INFO:colcon.colcon_core.shell:Creating package script '/home/situjet/Desktop/aruco_ros/aruco_ros/install/aruco/share/aruco/package.ps1'
[1.977s] INFO:colcon.colcon_core.shell:Creating package descriptor '/home/situjet/Desktop/aruco_ros/aruco_ros/install/aruco/share/aruco/package.dsv'
[1.977s] INFO:colcon.colcon_core.shell:Creating package script '/home/situjet/Desktop/aruco_ros/aruco_ros/install/aruco/share/aruco/package.sh'
[1.978s] INFO:colcon.colcon_core.shell:Creating package script '/home/situjet/Desktop/aruco_ros/aruco_ros/install/aruco/share/aruco/package.bash'
[1.978s] INFO:colcon.colcon_core.shell:Creating package script '/home/situjet/Desktop/aruco_ros/aruco_ros/install/aruco/share/aruco/package.zsh'
[1.979s] Level 1:colcon.colcon_core.environment:create_file_with_runtime_dependencies(/home/situjet/Desktop/aruco_ros/aruco_ros/install/aruco/share/colcon-core/packages/aruco)
[2.036s] Level 1:colcon.colcon_core.environment:create_environment_scripts_only(aruco)
[2.048s] Level 1:colcon.colcon_core.environment:checking '/home/situjet/Desktop/aruco_ros/aruco_ros/install/aruco' for CMake module files
[2.049s] Level 1:colcon.colcon_core.environment:checking '/home/situjet/Desktop/aruco_ros/aruco_ros/install/aruco' for CMake config files
[2.049s] Level 1:colcon.colcon_core.shell:create_environment_hook('aruco', 'cmake_prefix_path')
[2.062s] INFO:colcon.colcon_core.shell:Creating environment hook '/home/situjet/Desktop/aruco_ros/aruco_ros/install/aruco/share/aruco/hook/cmake_prefix_path.ps1'
[2.062s] INFO:colcon.colcon_core.shell:Creating environment descriptor '/home/situjet/Desktop/aruco_ros/aruco_ros/install/aruco/share/aruco/hook/cmake_prefix_path.dsv'
[2.063s] INFO:colcon.colcon_core.shell:Creating environment hook '/home/situjet/Desktop/aruco_ros/aruco_ros/install/aruco/share/aruco/hook/cmake_prefix_path.sh'
[2.063s] Level 1:colcon.colcon_core.environment:checking '/home/situjet/Desktop/aruco_ros/aruco_ros/install/aruco/lib'
[2.063s] Level 1:colcon.colcon_core.shell:create_environment_hook('aruco', 'ld_library_path_lib')
[2.076s] INFO:colcon.colcon_core.shell:Creating environment hook '/home/situjet/Desktop/aruco_ros/aruco_ros/install/aruco/share/aruco/hook/ld_library_path_lib.ps1'
[2.076s] INFO:colcon.colcon_core.shell:Creating environment descriptor '/home/situjet/Desktop/aruco_ros/aruco_ros/install/aruco/share/aruco/hook/ld_library_path_lib.dsv'
[2.076s] INFO:colcon.colcon_core.shell:Creating environment hook '/home/situjet/Desktop/aruco_ros/aruco_ros/install/aruco/share/aruco/hook/ld_library_path_lib.sh'
[2.077s] Level 1:colcon.colcon_core.environment:checking '/home/situjet/Desktop/aruco_ros/aruco_ros/install/aruco/bin'
[2.077s] Level 1:colcon.colcon_core.environment:checking '/home/situjet/Desktop/aruco_ros/aruco_ros/install/aruco/lib/pkgconfig/aruco.pc'
[2.077s] Level 1:colcon.colcon_core.environment:checking '/home/situjet/Desktop/aruco_ros/aruco_ros/install/aruco/lib/python3.10/site-packages'
[2.077s] Level 1:colcon.colcon_core.environment:checking '/home/situjet/Desktop/aruco_ros/aruco_ros/install/aruco/bin'
[2.091s] INFO:colcon.colcon_core.shell:Creating package script '/home/situjet/Desktop/aruco_ros/aruco_ros/install/aruco/share/aruco/package.ps1'
[2.091s] INFO:colcon.colcon_core.shell:Creating package descriptor '/home/situjet/Desktop/aruco_ros/aruco_ros/install/aruco/share/aruco/package.dsv'
[2.091s] INFO:colcon.colcon_core.shell:Creating package script '/home/situjet/Desktop/aruco_ros/aruco_ros/install/aruco/share/aruco/package.sh'
[2.092s] INFO:colcon.colcon_core.shell:Creating package script '/home/situjet/Desktop/aruco_ros/aruco_ros/install/aruco/share/aruco/package.bash'
[2.092s] INFO:colcon.colcon_core.shell:Creating package script '/home/situjet/Desktop/aruco_ros/aruco_ros/install/aruco/share/aruco/package.zsh'
[2.092s] Level 1:colcon.colcon_core.environment:create_file_with_runtime_dependencies(/home/situjet/Desktop/aruco_ros/aruco_ros/install/aruco/share/colcon-core/packages/aruco)
[3.152s] DEBUG:colcon.colcon_core.event_handler.log_command:Invoked command in '/home/situjet/Desktop/aruco_ros/aruco_ros/build/aruco_msgs' returned '0': CMAKE_PREFIX_PATH=/opt/ros/humble /home/situjet/.local/bin/cmake /home/situjet/Desktop/aruco_ros/aruco_ros/aruco_msgs -DCMAKE_INSTALL_PREFIX=/home/situjet/Desktop/aruco_ros/aruco_ros/install/aruco_msgs
[3.152s] DEBUG:colcon.colcon_core.event_handler.log_command:Invoking command in '/home/situjet/Desktop/aruco_ros/aruco_ros/build/aruco_msgs': CMAKE_PREFIX_PATH=/opt/ros/humble /home/situjet/.local/bin/cmake --build /home/situjet/Desktop/aruco_ros/aruco_ros/build/aruco_msgs -- -j12 -l12
[3.188s] DEBUG:colcon.colcon_core.event_handler.log_command:Invoked command in '/home/situjet/Desktop/aruco_ros/aruco_ros/build/aruco_msgs' returned '2': CMAKE_PREFIX_PATH=/opt/ros/humble /home/situjet/.local/bin/cmake --build /home/situjet/Desktop/aruco_ros/aruco_ros/build/aruco_msgs -- -j12 -l12
[3.251s] Level 1:colcon.colcon_core.environment:create_environment_scripts_only(aruco_msgs)
[3.264s] Level 1:colcon.colcon_core.environment:checking '/home/situjet/Desktop/aruco_ros/aruco_ros/install/aruco_msgs' for CMake module files
[3.264s] Level 1:colcon.colcon_core.environment:checking '/home/situjet/Desktop/aruco_ros/aruco_ros/install/aruco_msgs' for CMake config files
[3.265s] Level 1:colcon.colcon_core.environment:checking '/home/situjet/Desktop/aruco_ros/aruco_ros/install/aruco_msgs/bin'
[3.265s] Level 1:colcon.colcon_core.environment:checking '/home/situjet/Desktop/aruco_ros/aruco_ros/install/aruco_msgs/lib/pkgconfig/aruco_msgs.pc'
[3.265s] Level 1:colcon.colcon_core.environment:checking '/home/situjet/Desktop/aruco_ros/aruco_ros/install/aruco_msgs/lib/python3.10/site-packages'
[3.265s] Level 1:colcon.colcon_core.environment:checking '/home/situjet/Desktop/aruco_ros/aruco_ros/install/aruco_msgs/bin'
[3.278s] INFO:colcon.colcon_core.shell:Creating package script '/home/situjet/Desktop/aruco_ros/aruco_ros/install/aruco_msgs/share/aruco_msgs/package.ps1'
[3.278s] INFO:colcon.colcon_core.shell:Creating package descriptor '/home/situjet/Desktop/aruco_ros/aruco_ros/install/aruco_msgs/share/aruco_msgs/package.dsv'
[3.279s] INFO:colcon.colcon_core.shell:Creating package script '/home/situjet/Desktop/aruco_ros/aruco_ros/install/aruco_msgs/share/aruco_msgs/package.sh'
[3.279s] INFO:colcon.colcon_core.shell:Creating package script '/home/situjet/Desktop/aruco_ros/aruco_ros/install/aruco_msgs/share/aruco_msgs/package.bash'
[3.279s] INFO:colcon.colcon_core.shell:Creating package script '/home/situjet/Desktop/aruco_ros/aruco_ros/install/aruco_msgs/share/aruco_msgs/package.zsh'
[3.279s] Level 1:colcon.colcon_core.environment:create_file_with_runtime_dependencies(/home/situjet/Desktop/aruco_ros/aruco_ros/install/aruco_msgs/share/colcon-core/packages/aruco_msgs)
[3.290s] DEBUG:colcon.colcon_parallel_executor.executor.parallel:closing loop
[3.290s] DEBUG:colcon.colcon_parallel_executor.executor.parallel:loop closed
[3.290s] DEBUG:colcon.colcon_parallel_executor.executor.parallel:run_until_complete finished with '2'
[3.290s] DEBUG:colcon.colcon_core.event_reactor:joining thread
[3.348s] INFO:colcon.colcon_core.plugin_system:Skipping extension 'colcon_notification.desktop_notification.terminal_notifier': Not used on non-Darwin systems
[3.348s] INFO:colcon.colcon_core.plugin_system:Skipping extension 'colcon_notification.desktop_notification.win32': Not used on non-Windows systems
[3.348s] INFO:colcon.colcon_notification.desktop_notification:Sending desktop notification using 'notify2'
[3.358s] DEBUG:colcon.colcon_core.event_reactor:joined thread
[3.371s] INFO:colcon.colcon_core.shell:Creating prefix script '/home/situjet/Desktop/aruco_ros/aruco_ros/install/local_setup.ps1'
[3.372s] INFO:colcon.colcon_core.shell:Creating prefix util module '/home/situjet/Desktop/aruco_ros/aruco_ros/install/_local_setup_util_ps1.py'
[3.373s] INFO:colcon.colcon_core.shell:Creating prefix chain script '/home/situjet/Desktop/aruco_ros/aruco_ros/install/setup.ps1'
[3.386s] INFO:colcon.colcon_core.shell:Creating prefix script '/home/situjet/Desktop/aruco_ros/aruco_ros/install/local_setup.sh'
[3.387s] INFO:colcon.colcon_core.shell:Creating prefix util module '/home/situjet/Desktop/aruco_ros/aruco_ros/install/_local_setup_util_sh.py'
[3.387s] INFO:colcon.colcon_core.shell:Creating prefix chain script '/home/situjet/Desktop/aruco_ros/aruco_ros/install/setup.sh'
[3.401s] INFO:colcon.colcon_core.shell:Creating prefix script '/home/situjet/Desktop/aruco_ros/aruco_ros/install/local_setup.bash'
[3.401s] INFO:colcon.colcon_core.shell:Creating prefix chain script '/home/situjet/Desktop/aruco_ros/aruco_ros/install/setup.bash'
[3.415s] INFO:colcon.colcon_core.shell:Creating prefix script '/home/situjet/Desktop/aruco_ros/aruco_ros/install/local_setup.zsh'
[3.415s] INFO:colcon.colcon_core.shell:Creating prefix chain script '/home/situjet/Desktop/aruco_ros/aruco_ros/install/setup.zsh'
