[10.281s] DEBUG:colcon:Command line arguments: ['/usr/bin/colcon', 'build']
[10.282s] DEBUG:colcon:Parsed command line arguments: Namespace(log_base=None, log_level=None, verb_name='build', build_base='build', install_base='install', merge_install=False, symlink_install=False, test_result_base=None, continue_on_error=False, executor='parallel', parallel_workers=4, event_handlers=None, ignore_user_meta=False, metas=['./colcon.meta'], base_paths=['.'], packages_ignore=None, packages_ignore_regex=None, paths=None, packages_up_to=None, packages_up_to_regex=None, packages_above=None, packages_above_and_dependencies=None, packages_above_depth=None, packages_select_by_dep=None, packages_skip_by_dep=None, packages_skip_up_to=None, packages_select_build_failed=False, packages_skip_build_finished=False, packages_select_test_failures=False, packages_skip_test_passed=False, packages_select=None, packages_skip=None, packages_select_regex=None, packages_skip_regex=None, packages_start=None, packages_end=None, cmake_args=None, cmake_target=None, cmake_target_skip_unavailable=False, cmake_clean_cache=False, cmake_clean_first=False, cmake_force_configure=False, ament_cmake_args=None, catkin_cmake_args=None, catkin_skip_building_tests=False, verb_parser=<colcon_defaults.argument_parser.defaults.DefaultArgumentsDecorator object at 0xffff8a23ceb0>, verb_extension=<colcon_core.verb.build.BuildVerb object at 0xffff8a2ebcd0>, main=<bound method BuildVerb.main of <colcon_core.verb.build.BuildVerb object at 0xffff8a2ebcd0>>)
[10.836s] Level 1:colcon.colcon_core.package_discovery:discover_packages(colcon_meta) check parameters
[10.837s] Level 1:colcon.colcon_core.package_discovery:discover_packages(recursive) check parameters
[10.837s] Level 1:colcon.colcon_core.package_discovery:discover_packages(ignore) check parameters
[10.837s] Level 1:colcon.colcon_core.package_discovery:discover_packages(path) check parameters
[10.837s] Level 1:colcon.colcon_core.package_discovery:discover_packages(colcon_meta) discover
[10.838s] Level 1:colcon.colcon_core.package_discovery:discover_packages(recursive) discover
[10.838s] INFO:colcon.colcon_core.package_discovery:Crawling recursively for packages in '/home/pi/LeoRover-SLAM-ROS2/leo_common-ros2'
[10.839s] Level 1:colcon.colcon_core.package_identification:_identify(.) by extensions ['ignore', 'ignore_ament_install']
[10.840s] Level 1:colcon.colcon_core.package_identification:_identify(.) by extension 'ignore'
[10.840s] Level 1:colcon.colcon_core.package_identification:_identify(.) by extension 'ignore_ament_install'
[10.841s] Level 1:colcon.colcon_core.package_identification:_identify(.) by extensions ['colcon_pkg']
[10.842s] Level 1:colcon.colcon_core.package_identification:_identify(.) by extension 'colcon_pkg'
[10.843s] Level 1:colcon.colcon_core.package_identification:_identify(.) by extensions ['colcon_meta']
[10.844s] Level 1:colcon.colcon_core.package_identification:_identify(.) by extension 'colcon_meta'
[10.845s] Level 1:colcon.colcon_core.package_identification:_identify(.) by extensions ['ros']
[10.846s] Level 1:colcon.colcon_core.package_identification:_identify(.) by extension 'ros'
[11.048s] Level 1:colcon.colcon_core.package_identification:_identify(.) by extensions ['cmake', 'python']
[11.050s] Level 1:colcon.colcon_core.package_identification:_identify(.) by extension 'cmake'
[11.051s] Level 1:colcon.colcon_core.package_identification:_identify(.) by extension 'python'
[11.052s] Level 1:colcon.colcon_core.package_identification:_identify(.) by extensions ['python_setup_py']
[11.052s] Level 1:colcon.colcon_core.package_identification:_identify(.) by extension 'python_setup_py'
[11.053s] Level 1:colcon.colcon_core.package_identification:_identify(build) by extensions ['ignore', 'ignore_ament_install']
[11.054s] Level 1:colcon.colcon_core.package_identification:_identify(build) by extension 'ignore'
[11.054s] Level 1:colcon.colcon_core.package_identification:_identify(build) ignored
[11.055s] Level 1:colcon.colcon_core.package_identification:_identify(install) by extensions ['ignore', 'ignore_ament_install']
[11.056s] Level 1:colcon.colcon_core.package_identification:_identify(install) by extension 'ignore'
[11.056s] Level 1:colcon.colcon_core.package_identification:_identify(install) ignored
[11.057s] Level 1:colcon.colcon_core.package_identification:_identify(log) by extensions ['ignore', 'ignore_ament_install']
[11.057s] Level 1:colcon.colcon_core.package_identification:_identify(log) by extension 'ignore'
[11.058s] Level 1:colcon.colcon_core.package_identification:_identify(log) ignored
[11.059s] Level 1:colcon.colcon_core.package_identification:_identify(src) by extensions ['ignore', 'ignore_ament_install']
[11.059s] Level 1:colcon.colcon_core.package_identification:_identify(src) by extension 'ignore'
[11.060s] Level 1:colcon.colcon_core.package_identification:_identify(src) by extension 'ignore_ament_install'
[11.060s] Level 1:colcon.colcon_core.package_identification:_identify(src) by extensions ['colcon_pkg']
[11.060s] Level 1:colcon.colcon_core.package_identification:_identify(src) by extension 'colcon_pkg'
[11.061s] Level 1:colcon.colcon_core.package_identification:_identify(src) by extensions ['colcon_meta']
[11.061s] Level 1:colcon.colcon_core.package_identification:_identify(src) by extension 'colcon_meta'
[11.061s] Level 1:colcon.colcon_core.package_identification:_identify(src) by extensions ['ros']
[11.061s] Level 1:colcon.colcon_core.package_identification:_identify(src) by extension 'ros'
[11.062s] Level 1:colcon.colcon_core.package_identification:_identify(src) by extensions ['cmake', 'python']
[11.062s] Level 1:colcon.colcon_core.package_identification:_identify(src) by extension 'cmake'
[11.063s] Level 1:colcon.colcon_core.package_identification:_identify(src) by extension 'python'
[11.064s] Level 1:colcon.colcon_core.package_identification:_identify(src) by extensions ['python_setup_py']
[11.064s] Level 1:colcon.colcon_core.package_identification:_identify(src) by extension 'python_setup_py'
[11.066s] Level 1:colcon.colcon_core.package_identification:_identify(src/build) by extensions ['ignore', 'ignore_ament_install']
[11.066s] Level 1:colcon.colcon_core.package_identification:_identify(src/build) by extension 'ignore'
[11.067s] Level 1:colcon.colcon_core.package_identification:_identify(src/build) ignored
[11.068s] Level 1:colcon.colcon_core.package_identification:_identify(src/install) by extensions ['ignore', 'ignore_ament_install']
[11.069s] Level 1:colcon.colcon_core.package_identification:_identify(src/install) by extension 'ignore'
[11.069s] Level 1:colcon.colcon_core.package_identification:_identify(src/install) ignored
[11.071s] Level 1:colcon.colcon_core.package_identification:_identify(src/leo) by extensions ['ignore', 'ignore_ament_install']
[11.071s] Level 1:colcon.colcon_core.package_identification:_identify(src/leo) by extension 'ignore'
[11.072s] Level 1:colcon.colcon_core.package_identification:_identify(src/leo) by extension 'ignore_ament_install'
[11.072s] Level 1:colcon.colcon_core.package_identification:_identify(src/leo) by extensions ['colcon_pkg']
[11.072s] Level 1:colcon.colcon_core.package_identification:_identify(src/leo) by extension 'colcon_pkg'
[11.073s] Level 1:colcon.colcon_core.package_identification:_identify(src/leo) by extensions ['colcon_meta']
[11.073s] Level 1:colcon.colcon_core.package_identification:_identify(src/leo) by extension 'colcon_meta'
[11.073s] Level 1:colcon.colcon_core.package_identification:_identify(src/leo) by extensions ['ros']
[11.073s] Level 1:colcon.colcon_core.package_identification:_identify(src/leo) by extension 'ros'
[11.129s] DEBUG:colcon.colcon_core.package_identification:Package 'src/leo' with type 'ros.ament_cmake' and name 'leo'
[11.131s] Level 1:colcon.colcon_core.package_identification:_identify(src/leo_description) by extensions ['ignore', 'ignore_ament_install']
[11.132s] Level 1:colcon.colcon_core.package_identification:_identify(src/leo_description) by extension 'ignore'
[11.132s] Level 1:colcon.colcon_core.package_identification:_identify(src/leo_description) by extension 'ignore_ament_install'
[11.133s] Level 1:colcon.colcon_core.package_identification:_identify(src/leo_description) by extensions ['colcon_pkg']
[11.133s] Level 1:colcon.colcon_core.package_identification:_identify(src/leo_description) by extension 'colcon_pkg'
[11.133s] Level 1:colcon.colcon_core.package_identification:_identify(src/leo_description) by extensions ['colcon_meta']
[11.134s] Level 1:colcon.colcon_core.package_identification:_identify(src/leo_description) by extension 'colcon_meta'
[11.134s] Level 1:colcon.colcon_core.package_identification:_identify(src/leo_description) by extensions ['ros']
[11.135s] Level 1:colcon.colcon_core.package_identification:_identify(src/leo_description) by extension 'ros'
[11.139s] DEBUG:colcon.colcon_core.package_identification:Package 'src/leo_description' with type 'ros.ament_cmake' and name 'leo_description'
[11.140s] Level 1:colcon.colcon_core.package_identification:_identify(src/leo_desktop) by extensions ['ignore', 'ignore_ament_install']
[11.141s] Level 1:colcon.colcon_core.package_identification:_identify(src/leo_desktop) by extension 'ignore'
[11.141s] Level 1:colcon.colcon_core.package_identification:_identify(src/leo_desktop) by extension 'ignore_ament_install'
[11.142s] Level 1:colcon.colcon_core.package_identification:_identify(src/leo_desktop) by extensions ['colcon_pkg']
[11.143s] Level 1:colcon.colcon_core.package_identification:_identify(src/leo_desktop) by extension 'colcon_pkg'
[11.144s] Level 1:colcon.colcon_core.package_identification:_identify(src/leo_desktop) by extensions ['colcon_meta']
[11.144s] Level 1:colcon.colcon_core.package_identification:_identify(src/leo_desktop) by extension 'colcon_meta'
[11.145s] Level 1:colcon.colcon_core.package_identification:_identify(src/leo_desktop) by extensions ['ros']
[11.146s] Level 1:colcon.colcon_core.package_identification:_identify(src/leo_desktop) by extension 'ros'
[11.154s] DEBUG:colcon.colcon_core.package_identification:Package 'src/leo_desktop' with type 'ros.ament_cmake' and name 'leo_desktop'
[11.156s] Level 1:colcon.colcon_core.package_identification:_identify(src/leo_msgs) by extensions ['ignore', 'ignore_ament_install']
[11.157s] Level 1:colcon.colcon_core.package_identification:_identify(src/leo_msgs) by extension 'ignore'
[11.158s] Level 1:colcon.colcon_core.package_identification:_identify(src/leo_msgs) by extension 'ignore_ament_install'
[11.160s] Level 1:colcon.colcon_core.package_identification:_identify(src/leo_msgs) by extensions ['colcon_pkg']
[11.160s] Level 1:colcon.colcon_core.package_identification:_identify(src/leo_msgs) by extension 'colcon_pkg'
[11.161s] Level 1:colcon.colcon_core.package_identification:_identify(src/leo_msgs) by extensions ['colcon_meta']
[11.162s] Level 1:colcon.colcon_core.package_identification:_identify(src/leo_msgs) by extension 'colcon_meta'
[11.162s] Level 1:colcon.colcon_core.package_identification:_identify(src/leo_msgs) by extensions ['ros']
[11.162s] Level 1:colcon.colcon_core.package_identification:_identify(src/leo_msgs) by extension 'ros'
[11.167s] DEBUG:colcon.colcon_core.package_identification:Package 'src/leo_msgs' with type 'ros.ament_cmake' and name 'leo_msgs'
[11.169s] Level 1:colcon.colcon_core.package_identification:_identify(src/leo_teleop) by extensions ['ignore', 'ignore_ament_install']
[11.170s] Level 1:colcon.colcon_core.package_identification:_identify(src/leo_teleop) by extension 'ignore'
[11.170s] Level 1:colcon.colcon_core.package_identification:_identify(src/leo_teleop) by extension 'ignore_ament_install'
[11.170s] Level 1:colcon.colcon_core.package_identification:_identify(src/leo_teleop) by extensions ['colcon_pkg']
[11.171s] Level 1:colcon.colcon_core.package_identification:_identify(src/leo_teleop) by extension 'colcon_pkg'
[11.171s] Level 1:colcon.colcon_core.package_identification:_identify(src/leo_teleop) by extensions ['colcon_meta']
[11.171s] Level 1:colcon.colcon_core.package_identification:_identify(src/leo_teleop) by extension 'colcon_meta'
[11.172s] Level 1:colcon.colcon_core.package_identification:_identify(src/leo_teleop) by extensions ['ros']
[11.172s] Level 1:colcon.colcon_core.package_identification:_identify(src/leo_teleop) by extension 'ros'
[11.178s] DEBUG:colcon.colcon_core.package_identification:Package 'src/leo_teleop' with type 'ros.ament_cmake' and name 'leo_teleop'
[11.181s] Level 1:colcon.colcon_core.package_identification:_identify(src/leo_viz) by extensions ['ignore', 'ignore_ament_install']
[11.182s] Level 1:colcon.colcon_core.package_identification:_identify(src/leo_viz) by extension 'ignore'
[11.183s] Level 1:colcon.colcon_core.package_identification:_identify(src/leo_viz) by extension 'ignore_ament_install'
[11.183s] Level 1:colcon.colcon_core.package_identification:_identify(src/leo_viz) by extensions ['colcon_pkg']
[11.184s] Level 1:colcon.colcon_core.package_identification:_identify(src/leo_viz) by extension 'colcon_pkg'
[11.185s] Level 1:colcon.colcon_core.package_identification:_identify(src/leo_viz) by extensions ['colcon_meta']
[11.185s] Level 1:colcon.colcon_core.package_identification:_identify(src/leo_viz) by extension 'colcon_meta'
[11.187s] Level 1:colcon.colcon_core.package_identification:_identify(src/leo_viz) by extensions ['ros']
[11.187s] Level 1:colcon.colcon_core.package_identification:_identify(src/leo_viz) by extension 'ros'
[11.191s] DEBUG:colcon.colcon_core.package_identification:Package 'src/leo_viz' with type 'ros.ament_cmake' and name 'leo_viz'
[11.193s] Level 1:colcon.colcon_core.package_identification:_identify(src/log) by extensions ['ignore', 'ignore_ament_install']
[11.194s] Level 1:colcon.colcon_core.package_identification:_identify(src/log) by extension 'ignore'
[11.194s] Level 1:colcon.colcon_core.package_identification:_identify(src/log) ignored
[11.195s] Level 1:colcon.colcon_core.package_identification:_identify(src/programmed_drive) by extensions ['ignore', 'ignore_ament_install']
[11.196s] Level 1:colcon.colcon_core.package_identification:_identify(src/programmed_drive) by extension 'ignore'
[11.196s] Level 1:colcon.colcon_core.package_identification:_identify(src/programmed_drive) by extension 'ignore_ament_install'
[11.197s] Level 1:colcon.colcon_core.package_identification:_identify(src/programmed_drive) by extensions ['colcon_pkg']
[11.197s] Level 1:colcon.colcon_core.package_identification:_identify(src/programmed_drive) by extension 'colcon_pkg'
[11.197s] Level 1:colcon.colcon_core.package_identification:_identify(src/programmed_drive) by extensions ['colcon_meta']
[11.198s] Level 1:colcon.colcon_core.package_identification:_identify(src/programmed_drive) by extension 'colcon_meta'
[11.198s] Level 1:colcon.colcon_core.package_identification:_identify(src/programmed_drive) by extensions ['ros']
[11.198s] Level 1:colcon.colcon_core.package_identification:_identify(src/programmed_drive) by extension 'ros'
[11.202s] DEBUG:colcon.colcon_core.package_identification:Package 'src/programmed_drive' with type 'ros.ament_python' and name 'programmed_drive'
[11.202s] Level 1:colcon.colcon_core.package_discovery:discover_packages(recursive) using defaults
[11.203s] Level 1:colcon.colcon_core.package_discovery:discover_packages(ignore) discover
[11.203s] Level 1:colcon.colcon_core.package_discovery:discover_packages(ignore) using defaults
[11.203s] Level 1:colcon.colcon_core.package_discovery:discover_packages(path) discover
[11.203s] Level 1:colcon.colcon_core.package_discovery:discover_packages(path) using defaults
[12.132s] Level 5:colcon.colcon_core.verb:set package 'leo_description' build argument 'cmake_args' from command line to 'None'
[12.133s] Level 5:colcon.colcon_core.verb:set package 'leo_description' build argument 'cmake_target' from command line to 'None'
[12.133s] Level 5:colcon.colcon_core.verb:set package 'leo_description' build argument 'cmake_target_skip_unavailable' from command line to 'False'
[12.133s] Level 5:colcon.colcon_core.verb:set package 'leo_description' build argument 'cmake_clean_cache' from command line to 'False'
[12.133s] Level 5:colcon.colcon_core.verb:set package 'leo_description' build argument 'cmake_clean_first' from command line to 'False'
[12.133s] Level 5:colcon.colcon_core.verb:set package 'leo_description' build argument 'cmake_force_configure' from command line to 'False'
[12.134s] Level 5:colcon.colcon_core.verb:set package 'leo_description' build argument 'ament_cmake_args' from command line to 'None'
[12.134s] Level 5:colcon.colcon_core.verb:set package 'leo_description' build argument 'catkin_cmake_args' from command line to 'None'
[12.134s] Level 5:colcon.colcon_core.verb:set package 'leo_description' build argument 'catkin_skip_building_tests' from command line to 'False'
[12.134s] DEBUG:colcon.colcon_core.verb:Building package 'leo_description' with the following arguments: {'ament_cmake_args': None, 'build_base': '/home/pi/LeoRover-SLAM-ROS2/leo_common-ros2/build/leo_description', 'catkin_cmake_args': None, 'catkin_skip_building_tests': False, 'cmake_args': None, 'cmake_clean_cache': False, 'cmake_clean_first': False, 'cmake_force_configure': False, 'cmake_target': None, 'cmake_target_skip_unavailable': False, 'install_base': '/home/pi/LeoRover-SLAM-ROS2/leo_common-ros2/install/leo_description', 'merge_install': False, 'path': '/home/pi/LeoRover-SLAM-ROS2/leo_common-ros2/src/leo_description', 'symlink_install': False, 'test_result_base': None}
[12.279s] Level 5:colcon.colcon_core.verb:set package 'leo_msgs' build argument 'cmake_args' from command line to 'None'
[12.279s] Level 5:colcon.colcon_core.verb:set package 'leo_msgs' build argument 'cmake_target' from command line to 'None'
[12.280s] Level 5:colcon.colcon_core.verb:set package 'leo_msgs' build argument 'cmake_target_skip_unavailable' from command line to 'False'
[12.280s] Level 5:colcon.colcon_core.verb:set package 'leo_msgs' build argument 'cmake_clean_cache' from command line to 'False'
[12.281s] Level 5:colcon.colcon_core.verb:set package 'leo_msgs' build argument 'cmake_clean_first' from command line to 'False'
[12.281s] Level 5:colcon.colcon_core.verb:set package 'leo_msgs' build argument 'cmake_force_configure' from command line to 'False'
[12.282s] Level 5:colcon.colcon_core.verb:set package 'leo_msgs' build argument 'ament_cmake_args' from command line to 'None'
[12.283s] Level 5:colcon.colcon_core.verb:set package 'leo_msgs' build argument 'catkin_cmake_args' from command line to 'None'
[12.284s] Level 5:colcon.colcon_core.verb:set package 'leo_msgs' build argument 'catkin_skip_building_tests' from command line to 'False'
[12.285s] DEBUG:colcon.colcon_core.verb:Building package 'leo_msgs' with the following arguments: {'ament_cmake_args': None, 'build_base': '/home/pi/LeoRover-SLAM-ROS2/leo_common-ros2/build/leo_msgs', 'catkin_cmake_args': None, 'catkin_skip_building_tests': False, 'cmake_args': None, 'cmake_clean_cache': False, 'cmake_clean_first': False, 'cmake_force_configure': False, 'cmake_target': None, 'cmake_target_skip_unavailable': False, 'install_base': '/home/pi/LeoRover-SLAM-ROS2/leo_common-ros2/install/leo_msgs', 'merge_install': False, 'path': '/home/pi/LeoRover-SLAM-ROS2/leo_common-ros2/src/leo_msgs', 'symlink_install': False, 'test_result_base': None}
[12.412s] Level 5:colcon.colcon_core.verb:set package 'leo_teleop' build argument 'cmake_args' from command line to 'None'
[12.413s] Level 5:colcon.colcon_core.verb:set package 'leo_teleop' build argument 'cmake_target' from command line to 'None'
[12.413s] Level 5:colcon.colcon_core.verb:set package 'leo_teleop' build argument 'cmake_target_skip_unavailable' from command line to 'False'
[12.414s] Level 5:colcon.colcon_core.verb:set package 'leo_teleop' build argument 'cmake_clean_cache' from command line to 'False'
[12.414s] Level 5:colcon.colcon_core.verb:set package 'leo_teleop' build argument 'cmake_clean_first' from command line to 'False'
[12.415s] Level 5:colcon.colcon_core.verb:set package 'leo_teleop' build argument 'cmake_force_configure' from command line to 'False'
[12.416s] Level 5:colcon.colcon_core.verb:set package 'leo_teleop' build argument 'ament_cmake_args' from command line to 'None'
[12.416s] Level 5:colcon.colcon_core.verb:set package 'leo_teleop' build argument 'catkin_cmake_args' from command line to 'None'
[12.416s] Level 5:colcon.colcon_core.verb:set package 'leo_teleop' build argument 'catkin_skip_building_tests' from command line to 'False'
[12.416s] DEBUG:colcon.colcon_core.verb:Building package 'leo_teleop' with the following arguments: {'ament_cmake_args': None, 'build_base': '/home/pi/LeoRover-SLAM-ROS2/leo_common-ros2/build/leo_teleop', 'catkin_cmake_args': None, 'catkin_skip_building_tests': False, 'cmake_args': None, 'cmake_clean_cache': False, 'cmake_clean_first': False, 'cmake_force_configure': False, 'cmake_target': None, 'cmake_target_skip_unavailable': False, 'install_base': '/home/pi/LeoRover-SLAM-ROS2/leo_common-ros2/install/leo_teleop', 'merge_install': False, 'path': '/home/pi/LeoRover-SLAM-ROS2/leo_common-ros2/src/leo_teleop', 'symlink_install': False, 'test_result_base': None}
[12.547s] Level 5:colcon.colcon_core.verb:set package 'programmed_drive' build argument 'cmake_args' from command line to 'None'
[12.547s] Level 5:colcon.colcon_core.verb:set package 'programmed_drive' build argument 'cmake_target' from command line to 'None'
[12.548s] Level 5:colcon.colcon_core.verb:set package 'programmed_drive' build argument 'cmake_target_skip_unavailable' from command line to 'False'
[12.548s] Level 5:colcon.colcon_core.verb:set package 'programmed_drive' build argument 'cmake_clean_cache' from command line to 'False'
[12.549s] Level 5:colcon.colcon_core.verb:set package 'programmed_drive' build argument 'cmake_clean_first' from command line to 'False'
[12.549s] Level 5:colcon.colcon_core.verb:set package 'programmed_drive' build argument 'cmake_force_configure' from command line to 'False'
[12.550s] Level 5:colcon.colcon_core.verb:set package 'programmed_drive' build argument 'ament_cmake_args' from command line to 'None'
[12.550s] Level 5:colcon.colcon_core.verb:set package 'programmed_drive' build argument 'catkin_cmake_args' from command line to 'None'
[12.551s] Level 5:colcon.colcon_core.verb:set package 'programmed_drive' build argument 'catkin_skip_building_tests' from command line to 'False'
[12.551s] DEBUG:colcon.colcon_core.verb:Building package 'programmed_drive' with the following arguments: {'ament_cmake_args': None, 'build_base': '/home/pi/LeoRover-SLAM-ROS2/leo_common-ros2/build/programmed_drive', 'catkin_cmake_args': None, 'catkin_skip_building_tests': False, 'cmake_args': None, 'cmake_clean_cache': False, 'cmake_clean_first': False, 'cmake_force_configure': False, 'cmake_target': None, 'cmake_target_skip_unavailable': False, 'install_base': '/home/pi/LeoRover-SLAM-ROS2/leo_common-ros2/install/programmed_drive', 'merge_install': False, 'path': '/home/pi/LeoRover-SLAM-ROS2/leo_common-ros2/src/programmed_drive', 'symlink_install': False, 'test_result_base': None}
[12.676s] Level 5:colcon.colcon_core.verb:set package 'leo' build argument 'cmake_args' from command line to 'None'
[12.677s] Level 5:colcon.colcon_core.verb:set package 'leo' build argument 'cmake_target' from command line to 'None'
[12.677s] Level 5:colcon.colcon_core.verb:set package 'leo' build argument 'cmake_target_skip_unavailable' from command line to 'False'
[12.677s] Level 5:colcon.colcon_core.verb:set package 'leo' build argument 'cmake_clean_cache' from command line to 'False'
[12.677s] Level 5:colcon.colcon_core.verb:set package 'leo' build argument 'cmake_clean_first' from command line to 'False'
[12.678s] Level 5:colcon.colcon_core.verb:set package 'leo' build argument 'cmake_force_configure' from command line to 'False'
[12.678s] Level 5:colcon.colcon_core.verb:set package 'leo' build argument 'ament_cmake_args' from command line to 'None'
[12.678s] Level 5:colcon.colcon_core.verb:set package 'leo' build argument 'catkin_cmake_args' from command line to 'None'
[12.678s] Level 5:colcon.colcon_core.verb:set package 'leo' build argument 'catkin_skip_building_tests' from command line to 'False'
[12.678s] DEBUG:colcon.colcon_core.verb:Building package 'leo' with the following arguments: {'ament_cmake_args': None, 'build_base': '/home/pi/LeoRover-SLAM-ROS2/leo_common-ros2/build/leo', 'catkin_cmake_args': None, 'catkin_skip_building_tests': False, 'cmake_args': None, 'cmake_clean_cache': False, 'cmake_clean_first': False, 'cmake_force_configure': False, 'cmake_target': None, 'cmake_target_skip_unavailable': False, 'install_base': '/home/pi/LeoRover-SLAM-ROS2/leo_common-ros2/install/leo', 'merge_install': False, 'path': '/home/pi/LeoRover-SLAM-ROS2/leo_common-ros2/src/leo', 'symlink_install': False, 'test_result_base': None}
[12.809s] Level 5:colcon.colcon_core.verb:set package 'leo_viz' build argument 'cmake_args' from command line to 'None'
[12.810s] Level 5:colcon.colcon_core.verb:set package 'leo_viz' build argument 'cmake_target' from command line to 'None'
[12.810s] Level 5:colcon.colcon_core.verb:set package 'leo_viz' build argument 'cmake_target_skip_unavailable' from command line to 'False'
[12.811s] Level 5:colcon.colcon_core.verb:set package 'leo_viz' build argument 'cmake_clean_cache' from command line to 'False'
[12.811s] Level 5:colcon.colcon_core.verb:set package 'leo_viz' build argument 'cmake_clean_first' from command line to 'False'
[12.811s] Level 5:colcon.colcon_core.verb:set package 'leo_viz' build argument 'cmake_force_configure' from command line to 'False'
[12.811s] Level 5:colcon.colcon_core.verb:set package 'leo_viz' build argument 'ament_cmake_args' from command line to 'None'
[12.811s] Level 5:colcon.colcon_core.verb:set package 'leo_viz' build argument 'catkin_cmake_args' from command line to 'None'
[12.812s] Level 5:colcon.colcon_core.verb:set package 'leo_viz' build argument 'catkin_skip_building_tests' from command line to 'False'
[12.812s] DEBUG:colcon.colcon_core.verb:Building package 'leo_viz' with the following arguments: {'ament_cmake_args': None, 'build_base': '/home/pi/LeoRover-SLAM-ROS2/leo_common-ros2/build/leo_viz', 'catkin_cmake_args': None, 'catkin_skip_building_tests': False, 'cmake_args': None, 'cmake_clean_cache': False, 'cmake_clean_first': False, 'cmake_force_configure': False, 'cmake_target': None, 'cmake_target_skip_unavailable': False, 'install_base': '/home/pi/LeoRover-SLAM-ROS2/leo_common-ros2/install/leo_viz', 'merge_install': False, 'path': '/home/pi/LeoRover-SLAM-ROS2/leo_common-ros2/src/leo_viz', 'symlink_install': False, 'test_result_base': None}
[12.957s] Level 5:colcon.colcon_core.verb:set package 'leo_desktop' build argument 'cmake_args' from command line to 'None'
[12.958s] Level 5:colcon.colcon_core.verb:set package 'leo_desktop' build argument 'cmake_target' from command line to 'None'
[12.958s] Level 5:colcon.colcon_core.verb:set package 'leo_desktop' build argument 'cmake_target_skip_unavailable' from command line to 'False'
[12.958s] Level 5:colcon.colcon_core.verb:set package 'leo_desktop' build argument 'cmake_clean_cache' from command line to 'False'
[12.958s] Level 5:colcon.colcon_core.verb:set package 'leo_desktop' build argument 'cmake_clean_first' from command line to 'False'
[12.958s] Level 5:colcon.colcon_core.verb:set package 'leo_desktop' build argument 'cmake_force_configure' from command line to 'False'
[12.959s] Level 5:colcon.colcon_core.verb:set package 'leo_desktop' build argument 'ament_cmake_args' from command line to 'None'
[12.959s] Level 5:colcon.colcon_core.verb:set package 'leo_desktop' build argument 'catkin_cmake_args' from command line to 'None'
[12.959s] Level 5:colcon.colcon_core.verb:set package 'leo_desktop' build argument 'catkin_skip_building_tests' from command line to 'False'
[12.960s] DEBUG:colcon.colcon_core.verb:Building package 'leo_desktop' with the following arguments: {'ament_cmake_args': None, 'build_base': '/home/pi/LeoRover-SLAM-ROS2/leo_common-ros2/build/leo_desktop', 'catkin_cmake_args': None, 'catkin_skip_building_tests': False, 'cmake_args': None, 'cmake_clean_cache': False, 'cmake_clean_first': False, 'cmake_force_configure': False, 'cmake_target': None, 'cmake_target_skip_unavailable': False, 'install_base': '/home/pi/LeoRover-SLAM-ROS2/leo_common-ros2/install/leo_desktop', 'merge_install': False, 'path': '/home/pi/LeoRover-SLAM-ROS2/leo_common-ros2/src/leo_desktop', 'symlink_install': False, 'test_result_base': None}
[13.096s] INFO:colcon.colcon_core.executor:Executing jobs using 'parallel' executor
[13.244s] DEBUG:colcon.colcon_parallel_executor.executor.parallel:run_until_complete
[13.247s] INFO:colcon.colcon_ros.task.ament_cmake.build:Building ROS package in '/home/pi/LeoRover-SLAM-ROS2/leo_common-ros2/src/leo_description' with build type 'ament_cmake'
[13.249s] INFO:colcon.colcon_cmake.task.cmake.build:Building CMake package in '/home/pi/LeoRover-SLAM-ROS2/leo_common-ros2/src/leo_description'
[13.415s] INFO:colcon.colcon_core.plugin_system:Skipping extension 'colcon_core.shell.bat': Not used on non-Windows systems
[13.417s] INFO:colcon.colcon_core.shell:Skip shell extension 'powershell' for command environment: Not usable outside of PowerShell
[13.418s] DEBUG:colcon.colcon_core.shell:Skip shell extension 'dsv' for command environment
[13.903s] INFO:colcon.colcon_ros.task.ament_cmake.build:Building ROS package in '/home/pi/LeoRover-SLAM-ROS2/leo_common-ros2/src/leo_msgs' with build type 'ament_cmake'
[13.905s] INFO:colcon.colcon_cmake.task.cmake.build:Building CMake package in '/home/pi/LeoRover-SLAM-ROS2/leo_common-ros2/src/leo_msgs'
[14.049s] INFO:colcon.colcon_core.shell:Skip shell extension 'powershell' for command environment: Not usable outside of PowerShell
[14.050s] DEBUG:colcon.colcon_core.shell:Skip shell extension 'dsv' for command environment
[14.496s] INFO:colcon.colcon_ros.task.ament_cmake.build:Building ROS package in '/home/pi/LeoRover-SLAM-ROS2/leo_common-ros2/src/leo_teleop' with build type 'ament_cmake'
[14.497s] INFO:colcon.colcon_cmake.task.cmake.build:Building CMake package in '/home/pi/LeoRover-SLAM-ROS2/leo_common-ros2/src/leo_teleop'
[14.652s] INFO:colcon.colcon_core.shell:Skip shell extension 'powershell' for command environment: Not usable outside of PowerShell
[14.652s] DEBUG:colcon.colcon_core.shell:Skip shell extension 'dsv' for command environment
[15.098s] INFO:colcon.colcon_ros.task.ament_python.build:Building ROS package in '/home/pi/LeoRover-SLAM-ROS2/leo_common-ros2/src/programmed_drive' with build type 'ament_python'
[15.099s] Level 1:colcon.colcon_core.shell:create_environment_hook('programmed_drive', 'ament_prefix_path')
[15.257s] INFO:colcon.colcon_core.shell:Creating environment hook '/home/pi/LeoRover-SLAM-ROS2/leo_common-ros2/install/programmed_drive/share/programmed_drive/hook/ament_prefix_path.ps1'
[15.261s] INFO:colcon.colcon_core.shell:Creating environment descriptor '/home/pi/LeoRover-SLAM-ROS2/leo_common-ros2/install/programmed_drive/share/programmed_drive/hook/ament_prefix_path.dsv'
[15.264s] INFO:colcon.colcon_core.shell:Creating environment hook '/home/pi/LeoRover-SLAM-ROS2/leo_common-ros2/install/programmed_drive/share/programmed_drive/hook/ament_prefix_path.sh'
[15.402s] INFO:colcon.colcon_core.shell:Skip shell extension 'powershell' for command environment: Not usable outside of PowerShell
[15.403s] DEBUG:colcon.colcon_core.shell:Skip shell extension 'dsv' for command environment
[15.880s] DEBUG:colcon.colcon_core.event_handler.log_command:Invoking command in '/home/pi/LeoRover-SLAM-ROS2/leo_common-ros2/build/leo_description': CMAKE_PREFIX_PATH=${CMAKE_PREFIX_PATH}:/opt/ros/humble /usr/bin/cmake /home/pi/LeoRover-SLAM-ROS2/leo_common-ros2/src/leo_description -DCMAKE_INSTALL_PREFIX=/home/pi/LeoRover-SLAM-ROS2/leo_common-ros2/install/leo_description
[15.907s] DEBUG:colcon.colcon_core.event_handler.log_command:Invoking command in '/home/pi/LeoRover-SLAM-ROS2/leo_common-ros2/build/leo_msgs': CMAKE_PREFIX_PATH=${CMAKE_PREFIX_PATH}:/opt/ros/humble /usr/bin/cmake /home/pi/LeoRover-SLAM-ROS2/leo_common-ros2/src/leo_msgs -DCMAKE_INSTALL_PREFIX=/home/pi/LeoRover-SLAM-ROS2/leo_common-ros2/install/leo_msgs
[15.920s] DEBUG:colcon.colcon_core.event_handler.log_command:Invoking command in '/home/pi/LeoRover-SLAM-ROS2/leo_common-ros2/build/leo_teleop': CMAKE_PREFIX_PATH=${CMAKE_PREFIX_PATH}:/opt/ros/humble /usr/bin/cmake /home/pi/LeoRover-SLAM-ROS2/leo_common-ros2/src/leo_teleop -DCMAKE_INSTALL_PREFIX=/home/pi/LeoRover-SLAM-ROS2/leo_common-ros2/install/leo_teleop
[20.737s] INFO:colcon.colcon_core.task.python.build:Building Python package in '/home/pi/LeoRover-SLAM-ROS2/leo_common-ros2/src/programmed_drive'
[21.108s] INFO:colcon.colcon_core.shell:Skip shell extension 'powershell' for command environment: Not usable outside of PowerShell
[21.108s] DEBUG:colcon.colcon_core.shell:Skip shell extension 'dsv' for command environment
[28.369s] DEBUG:colcon.colcon_core.event_handler.log_command:Invoked command in '/home/pi/LeoRover-SLAM-ROS2/leo_common-ros2/build/leo_description' returned '0': CMAKE_PREFIX_PATH=${CMAKE_PREFIX_PATH}:/opt/ros/humble /usr/bin/cmake /home/pi/LeoRover-SLAM-ROS2/leo_common-ros2/src/leo_description -DCMAKE_INSTALL_PREFIX=/home/pi/LeoRover-SLAM-ROS2/leo_common-ros2/install/leo_description
[28.421s] DEBUG:colcon.colcon_core.event_handler.log_command:Invoking command in '/home/pi/LeoRover-SLAM-ROS2/leo_common-ros2/build/leo_description': CMAKE_PREFIX_PATH=${CMAKE_PREFIX_PATH}:/opt/ros/humble /usr/bin/cmake --build /home/pi/LeoRover-SLAM-ROS2/leo_common-ros2/build/leo_description -- -j4 -l4
[29.009s] DEBUG:colcon.colcon_core.event_handler.log_command:Invoked command in '/home/pi/LeoRover-SLAM-ROS2/leo_common-ros2/build/leo_description' returned '0': CMAKE_PREFIX_PATH=${CMAKE_PREFIX_PATH}:/opt/ros/humble /usr/bin/cmake --build /home/pi/LeoRover-SLAM-ROS2/leo_common-ros2/build/leo_description -- -j4 -l4
[29.278s] DEBUG:colcon.colcon_core.event_handler.log_command:Invoked command in '/home/pi/LeoRover-SLAM-ROS2/leo_common-ros2/build/leo_teleop' returned '0': CMAKE_PREFIX_PATH=${CMAKE_PREFIX_PATH}:/opt/ros/humble /usr/bin/cmake /home/pi/LeoRover-SLAM-ROS2/leo_common-ros2/src/leo_teleop -DCMAKE_INSTALL_PREFIX=/home/pi/LeoRover-SLAM-ROS2/leo_common-ros2/install/leo_teleop
[29.302s] DEBUG:colcon.colcon_core.event_handler.log_command:Invoking command in '/home/pi/LeoRover-SLAM-ROS2/leo_common-ros2/build/leo_teleop': CMAKE_PREFIX_PATH=${CMAKE_PREFIX_PATH}:/opt/ros/humble /usr/bin/cmake --build /home/pi/LeoRover-SLAM-ROS2/leo_common-ros2/build/leo_teleop -- -j4 -l4
[29.618s] DEBUG:colcon.colcon_core.event_handler.log_command:Invoking command in '/home/pi/LeoRover-SLAM-ROS2/leo_common-ros2/src/programmed_drive': PYTHONPATH=/home/pi/LeoRover-SLAM-ROS2/leo_common-ros2/build/programmed_drive/prefix_override:/home/pi/LeoRover-SLAM-ROS2/leo_common-ros2/install/programmed_drive/lib/python3.10/site-packages:${PYTHONPATH} /usr/bin/python3 setup.py egg_info --egg-base ../../build/programmed_drive build --build-base /home/pi/LeoRover-SLAM-ROS2/leo_common-ros2/build/programmed_drive/build install --record /home/pi/LeoRover-SLAM-ROS2/leo_common-ros2/build/programmed_drive/install.log --single-version-externally-managed
[29.743s] DEBUG:colcon.colcon_core.event_handler.log_command:Invoking command in '/home/pi/LeoRover-SLAM-ROS2/leo_common-ros2/build/leo_description': CMAKE_PREFIX_PATH=${CMAKE_PREFIX_PATH}:/opt/ros/humble /usr/bin/cmake --install /home/pi/LeoRover-SLAM-ROS2/leo_common-ros2/build/leo_description
[29.966s] DEBUG:colcon.colcon_core.event_handler.log_command:Invoked command in '/home/pi/LeoRover-SLAM-ROS2/leo_common-ros2/build/leo_teleop' returned '0': CMAKE_PREFIX_PATH=${CMAKE_PREFIX_PATH}:/opt/ros/humble /usr/bin/cmake --build /home/pi/LeoRover-SLAM-ROS2/leo_common-ros2/build/leo_teleop -- -j4 -l4
[30.202s] DEBUG:colcon.colcon_core.event_handler.log_command:Invoking command in '/home/pi/LeoRover-SLAM-ROS2/leo_common-ros2/build/leo_teleop': CMAKE_PREFIX_PATH=${CMAKE_PREFIX_PATH}:/opt/ros/humble /usr/bin/cmake --install /home/pi/LeoRover-SLAM-ROS2/leo_common-ros2/build/leo_teleop
[30.381s] Level 1:colcon.colcon_core.environment:create_environment_scripts_only(leo_teleop)
[30.431s] DEBUG:colcon.colcon_core.event_handler.log_command:Invoked command in '/home/pi/LeoRover-SLAM-ROS2/leo_common-ros2/build/leo_teleop' returned '0': CMAKE_PREFIX_PATH=${CMAKE_PREFIX_PATH}:/opt/ros/humble /usr/bin/cmake --install /home/pi/LeoRover-SLAM-ROS2/leo_common-ros2/build/leo_teleop
[31.140s] Level 1:colcon.colcon_core.environment:checking '/home/pi/LeoRover-SLAM-ROS2/leo_common-ros2/install/leo_teleop' for CMake module files
[31.150s] Level 1:colcon.colcon_core.environment:checking '/home/pi/LeoRover-SLAM-ROS2/leo_common-ros2/install/leo_teleop' for CMake config files
[31.160s] Level 1:colcon.colcon_core.shell:create_environment_hook('leo_teleop', 'cmake_prefix_path')
[31.588s] INFO:colcon.colcon_core.shell:Creating environment hook '/home/pi/LeoRover-SLAM-ROS2/leo_common-ros2/install/leo_teleop/share/leo_teleop/hook/cmake_prefix_path.ps1'
[31.591s] INFO:colcon.colcon_core.shell:Creating environment descriptor '/home/pi/LeoRover-SLAM-ROS2/leo_common-ros2/install/leo_teleop/share/leo_teleop/hook/cmake_prefix_path.dsv'
[31.604s] INFO:colcon.colcon_core.shell:Creating environment hook '/home/pi/LeoRover-SLAM-ROS2/leo_common-ros2/install/leo_teleop/share/leo_teleop/hook/cmake_prefix_path.sh'
[31.617s] Level 1:colcon.colcon_core.environment:checking '/home/pi/LeoRover-SLAM-ROS2/leo_common-ros2/install/leo_teleop/bin'
[31.618s] Level 1:colcon.colcon_core.environment:checking '/home/pi/LeoRover-SLAM-ROS2/leo_common-ros2/install/leo_teleop/lib/pkgconfig/leo_teleop.pc'
[31.622s] Level 1:colcon.colcon_core.environment:checking '/home/pi/LeoRover-SLAM-ROS2/leo_common-ros2/install/leo_teleop/lib/python3.10/site-packages'
[31.625s] Level 1:colcon.colcon_core.environment:checking '/home/pi/LeoRover-SLAM-ROS2/leo_common-ros2/install/leo_teleop/bin'
[31.878s] INFO:colcon.colcon_core.shell:Creating package script '/home/pi/LeoRover-SLAM-ROS2/leo_common-ros2/install/leo_teleop/share/leo_teleop/package.ps1'
[31.886s] INFO:colcon.colcon_core.shell:Creating package descriptor '/home/pi/LeoRover-SLAM-ROS2/leo_common-ros2/install/leo_teleop/share/leo_teleop/package.dsv'
[31.892s] INFO:colcon.colcon_core.shell:Creating package script '/home/pi/LeoRover-SLAM-ROS2/leo_common-ros2/install/leo_teleop/share/leo_teleop/package.sh'
[31.897s] INFO:colcon.colcon_core.shell:Creating package script '/home/pi/LeoRover-SLAM-ROS2/leo_common-ros2/install/leo_teleop/share/leo_teleop/package.bash'
[31.904s] INFO:colcon.colcon_core.shell:Creating package script '/home/pi/LeoRover-SLAM-ROS2/leo_common-ros2/install/leo_teleop/share/leo_teleop/package.zsh'
[31.916s] Level 1:colcon.colcon_core.environment:create_file_with_runtime_dependencies(/home/pi/LeoRover-SLAM-ROS2/leo_common-ros2/install/leo_teleop/share/colcon-core/packages/leo_teleop)
[31.956s] Level 1:colcon.colcon_core.environment:create_environment_scripts_only(leo_description)
[31.958s] DEBUG:colcon.colcon_core.event_handler.log_command:Invoked command in '/home/pi/LeoRover-SLAM-ROS2/leo_common-ros2/build/leo_description' returned '0': CMAKE_PREFIX_PATH=${CMAKE_PREFIX_PATH}:/opt/ros/humble /usr/bin/cmake --install /home/pi/LeoRover-SLAM-ROS2/leo_common-ros2/build/leo_description
[32.178s] Level 1:colcon.colcon_core.environment:checking '/home/pi/LeoRover-SLAM-ROS2/leo_common-ros2/install/leo_description' for CMake module files
[32.186s] Level 1:colcon.colcon_core.environment:checking '/home/pi/LeoRover-SLAM-ROS2/leo_common-ros2/install/leo_description' for CMake config files
[32.188s] Level 1:colcon.colcon_core.shell:create_environment_hook('leo_description', 'cmake_prefix_path')
[32.542s] INFO:colcon.colcon_core.shell:Creating environment hook '/home/pi/LeoRover-SLAM-ROS2/leo_common-ros2/install/leo_description/share/leo_description/hook/cmake_prefix_path.ps1'
[32.545s] INFO:colcon.colcon_core.shell:Creating environment descriptor '/home/pi/LeoRover-SLAM-ROS2/leo_common-ros2/install/leo_description/share/leo_description/hook/cmake_prefix_path.dsv'
[32.558s] INFO:colcon.colcon_core.shell:Creating environment hook '/home/pi/LeoRover-SLAM-ROS2/leo_common-ros2/install/leo_description/share/leo_description/hook/cmake_prefix_path.sh'
[32.562s] Level 1:colcon.colcon_core.environment:checking '/home/pi/LeoRover-SLAM-ROS2/leo_common-ros2/install/leo_description/bin'
[32.562s] Level 1:colcon.colcon_core.environment:checking '/home/pi/LeoRover-SLAM-ROS2/leo_common-ros2/install/leo_description/lib/pkgconfig/leo_description.pc'
[32.569s] Level 1:colcon.colcon_core.environment:checking '/home/pi/LeoRover-SLAM-ROS2/leo_common-ros2/install/leo_description/lib/python3.10/site-packages'
[32.571s] Level 1:colcon.colcon_core.environment:checking '/home/pi/LeoRover-SLAM-ROS2/leo_common-ros2/install/leo_description/bin'
[32.810s] INFO:colcon.colcon_core.shell:Creating package script '/home/pi/LeoRover-SLAM-ROS2/leo_common-ros2/install/leo_description/share/leo_description/package.ps1'
[32.815s] INFO:colcon.colcon_core.shell:Creating package descriptor '/home/pi/LeoRover-SLAM-ROS2/leo_common-ros2/install/leo_description/share/leo_description/package.dsv'
[32.818s] INFO:colcon.colcon_core.shell:Creating package script '/home/pi/LeoRover-SLAM-ROS2/leo_common-ros2/install/leo_description/share/leo_description/package.sh'
[32.821s] INFO:colcon.colcon_core.shell:Creating package script '/home/pi/LeoRover-SLAM-ROS2/leo_common-ros2/install/leo_description/share/leo_description/package.bash'
[32.823s] INFO:colcon.colcon_core.shell:Creating package script '/home/pi/LeoRover-SLAM-ROS2/leo_common-ros2/install/leo_description/share/leo_description/package.zsh'
[32.826s] Level 1:colcon.colcon_core.environment:create_file_with_runtime_dependencies(/home/pi/LeoRover-SLAM-ROS2/leo_common-ros2/install/leo_description/share/colcon-core/packages/leo_description)
[33.292s] Level 1:colcon.colcon_core.environment:create_environment_scripts_only(leo_teleop)
[33.629s] Level 1:colcon.colcon_core.environment:checking '/home/pi/LeoRover-SLAM-ROS2/leo_common-ros2/install/leo_teleop' for CMake module files
[33.661s] Level 1:colcon.colcon_core.environment:checking '/home/pi/LeoRover-SLAM-ROS2/leo_common-ros2/install/leo_teleop' for CMake config files
[33.671s] Level 1:colcon.colcon_core.shell:create_environment_hook('leo_teleop', 'cmake_prefix_path')
[34.114s] INFO:colcon.colcon_core.shell:Creating environment hook '/home/pi/LeoRover-SLAM-ROS2/leo_common-ros2/install/leo_teleop/share/leo_teleop/hook/cmake_prefix_path.ps1'
[34.119s] INFO:colcon.colcon_core.shell:Creating environment descriptor '/home/pi/LeoRover-SLAM-ROS2/leo_common-ros2/install/leo_teleop/share/leo_teleop/hook/cmake_prefix_path.dsv'
[34.122s] INFO:colcon.colcon_core.shell:Creating environment hook '/home/pi/LeoRover-SLAM-ROS2/leo_common-ros2/install/leo_teleop/share/leo_teleop/hook/cmake_prefix_path.sh'
[34.128s] Level 1:colcon.colcon_core.environment:checking '/home/pi/LeoRover-SLAM-ROS2/leo_common-ros2/install/leo_teleop/bin'
[34.129s] Level 1:colcon.colcon_core.environment:checking '/home/pi/LeoRover-SLAM-ROS2/leo_common-ros2/install/leo_teleop/lib/pkgconfig/leo_teleop.pc'
[34.136s] Level 1:colcon.colcon_core.environment:checking '/home/pi/LeoRover-SLAM-ROS2/leo_common-ros2/install/leo_teleop/lib/python3.10/site-packages'
[34.139s] Level 1:colcon.colcon_core.environment:checking '/home/pi/LeoRover-SLAM-ROS2/leo_common-ros2/install/leo_teleop/bin'
[34.593s] INFO:colcon.colcon_core.shell:Creating package script '/home/pi/LeoRover-SLAM-ROS2/leo_common-ros2/install/leo_teleop/share/leo_teleop/package.ps1'
[34.601s] INFO:colcon.colcon_core.shell:Creating package descriptor '/home/pi/LeoRover-SLAM-ROS2/leo_common-ros2/install/leo_teleop/share/leo_teleop/package.dsv'
[34.607s] INFO:colcon.colcon_core.shell:Creating package script '/home/pi/LeoRover-SLAM-ROS2/leo_common-ros2/install/leo_teleop/share/leo_teleop/package.sh'
[34.617s] INFO:colcon.colcon_core.shell:Creating package script '/home/pi/LeoRover-SLAM-ROS2/leo_common-ros2/install/leo_teleop/share/leo_teleop/package.bash'
[34.622s] INFO:colcon.colcon_core.shell:Creating package script '/home/pi/LeoRover-SLAM-ROS2/leo_common-ros2/install/leo_teleop/share/leo_teleop/package.zsh'
[34.629s] Level 1:colcon.colcon_core.environment:create_file_with_runtime_dependencies(/home/pi/LeoRover-SLAM-ROS2/leo_common-ros2/install/leo_teleop/share/colcon-core/packages/leo_teleop)
[34.972s] Level 1:colcon.colcon_core.environment:create_environment_scripts_only(leo_description)
[35.267s] Level 1:colcon.colcon_core.environment:checking '/home/pi/LeoRover-SLAM-ROS2/leo_common-ros2/install/leo_description' for CMake module files
[35.272s] Level 1:colcon.colcon_core.environment:checking '/home/pi/LeoRover-SLAM-ROS2/leo_common-ros2/install/leo_description' for CMake config files
[35.275s] Level 1:colcon.colcon_core.shell:create_environment_hook('leo_description', 'cmake_prefix_path')
[35.462s] INFO:colcon.colcon_core.shell:Creating environment hook '/home/pi/LeoRover-SLAM-ROS2/leo_common-ros2/install/leo_description/share/leo_description/hook/cmake_prefix_path.ps1'
[35.466s] INFO:colcon.colcon_core.shell:Creating environment descriptor '/home/pi/LeoRover-SLAM-ROS2/leo_common-ros2/install/leo_description/share/leo_description/hook/cmake_prefix_path.dsv'
[35.469s] INFO:colcon.colcon_core.shell:Creating environment hook '/home/pi/LeoRover-SLAM-ROS2/leo_common-ros2/install/leo_description/share/leo_description/hook/cmake_prefix_path.sh'
[35.474s] Level 1:colcon.colcon_core.environment:checking '/home/pi/LeoRover-SLAM-ROS2/leo_common-ros2/install/leo_description/bin'
[35.474s] Level 1:colcon.colcon_core.environment:checking '/home/pi/LeoRover-SLAM-ROS2/leo_common-ros2/install/leo_description/lib/pkgconfig/leo_description.pc'
[35.477s] Level 1:colcon.colcon_core.environment:checking '/home/pi/LeoRover-SLAM-ROS2/leo_common-ros2/install/leo_description/lib/python3.10/site-packages'
[35.480s] Level 1:colcon.colcon_core.environment:checking '/home/pi/LeoRover-SLAM-ROS2/leo_common-ros2/install/leo_description/bin'
[35.717s] INFO:colcon.colcon_core.shell:Creating package script '/home/pi/LeoRover-SLAM-ROS2/leo_common-ros2/install/leo_description/share/leo_description/package.ps1'
[35.729s] INFO:colcon.colcon_core.shell:Creating package descriptor '/home/pi/LeoRover-SLAM-ROS2/leo_common-ros2/install/leo_description/share/leo_description/package.dsv'
[35.735s] INFO:colcon.colcon_core.shell:Creating package script '/home/pi/LeoRover-SLAM-ROS2/leo_common-ros2/install/leo_description/share/leo_description/package.sh'
[35.742s] INFO:colcon.colcon_core.shell:Creating package script '/home/pi/LeoRover-SLAM-ROS2/leo_common-ros2/install/leo_description/share/leo_description/package.bash'
[35.748s] INFO:colcon.colcon_core.shell:Creating package script '/home/pi/LeoRover-SLAM-ROS2/leo_common-ros2/install/leo_description/share/leo_description/package.zsh'
[35.752s] Level 1:colcon.colcon_core.environment:create_file_with_runtime_dependencies(/home/pi/LeoRover-SLAM-ROS2/leo_common-ros2/install/leo_description/share/colcon-core/packages/leo_description)
[35.763s] INFO:colcon.colcon_ros.task.ament_cmake.build:Building ROS package in '/home/pi/LeoRover-SLAM-ROS2/leo_common-ros2/src/leo_viz' with build type 'ament_cmake'
[35.765s] INFO:colcon.colcon_cmake.task.cmake.build:Building CMake package in '/home/pi/LeoRover-SLAM-ROS2/leo_common-ros2/src/leo_viz'
[36.055s] INFO:colcon.colcon_core.shell:Skip shell extension 'powershell' for command environment: Not usable outside of PowerShell
[36.056s] DEBUG:colcon.colcon_core.shell:Skip shell extension 'dsv' for command environment
[36.865s] DEBUG:colcon.colcon_core.event_handler.log_command:Invoked command in '/home/pi/LeoRover-SLAM-ROS2/leo_common-ros2/src/programmed_drive' returned '0': PYTHONPATH=/home/pi/LeoRover-SLAM-ROS2/leo_common-ros2/build/programmed_drive/prefix_override:/home/pi/LeoRover-SLAM-ROS2/leo_common-ros2/install/programmed_drive/lib/python3.10/site-packages:${PYTHONPATH} /usr/bin/python3 setup.py egg_info --egg-base ../../build/programmed_drive build --build-base /home/pi/LeoRover-SLAM-ROS2/leo_common-ros2/build/programmed_drive/build install --record /home/pi/LeoRover-SLAM-ROS2/leo_common-ros2/build/programmed_drive/install.log --single-version-externally-managed
[37.133s] Level 1:colcon.colcon_core.environment:checking '/home/pi/LeoRover-SLAM-ROS2/leo_common-ros2/install/programmed_drive' for CMake module files
[37.136s] Level 1:colcon.colcon_core.environment:checking '/home/pi/LeoRover-SLAM-ROS2/leo_common-ros2/install/programmed_drive' for CMake config files
[37.143s] Level 1:colcon.colcon_core.environment:checking '/home/pi/LeoRover-SLAM-ROS2/leo_common-ros2/install/programmed_drive/lib'
[37.145s] Level 1:colcon.colcon_core.environment:checking '/home/pi/LeoRover-SLAM-ROS2/leo_common-ros2/install/programmed_drive/bin'
[37.147s] Level 1:colcon.colcon_core.environment:checking '/home/pi/LeoRover-SLAM-ROS2/leo_common-ros2/install/programmed_drive/lib/pkgconfig/programmed_drive.pc'
[37.149s] Level 1:colcon.colcon_core.environment:checking '/home/pi/LeoRover-SLAM-ROS2/leo_common-ros2/install/programmed_drive/lib/python3.10/site-packages'
[37.150s] Level 1:colcon.colcon_core.shell:create_environment_hook('programmed_drive', 'pythonpath')
[37.435s] INFO:colcon.colcon_core.shell:Creating environment hook '/home/pi/LeoRover-SLAM-ROS2/leo_common-ros2/install/programmed_drive/share/programmed_drive/hook/pythonpath.ps1'
[37.450s] INFO:colcon.colcon_core.shell:Creating environment descriptor '/home/pi/LeoRover-SLAM-ROS2/leo_common-ros2/install/programmed_drive/share/programmed_drive/hook/pythonpath.dsv'
[37.454s] INFO:colcon.colcon_core.shell:Creating environment hook '/home/pi/LeoRover-SLAM-ROS2/leo_common-ros2/install/programmed_drive/share/programmed_drive/hook/pythonpath.sh'
[37.460s] Level 1:colcon.colcon_core.environment:checking '/home/pi/LeoRover-SLAM-ROS2/leo_common-ros2/install/programmed_drive/bin'
[37.461s] Level 1:colcon.colcon_core.environment:create_environment_scripts_only(programmed_drive)
[37.732s] INFO:colcon.colcon_core.shell:Creating package script '/home/pi/LeoRover-SLAM-ROS2/leo_common-ros2/install/programmed_drive/share/programmed_drive/package.ps1'
[37.741s] INFO:colcon.colcon_core.shell:Creating package descriptor '/home/pi/LeoRover-SLAM-ROS2/leo_common-ros2/install/programmed_drive/share/programmed_drive/package.dsv'
[37.746s] INFO:colcon.colcon_core.shell:Creating package script '/home/pi/LeoRover-SLAM-ROS2/leo_common-ros2/install/programmed_drive/share/programmed_drive/package.sh'
[37.750s] INFO:colcon.colcon_core.shell:Creating package script '/home/pi/LeoRover-SLAM-ROS2/leo_common-ros2/install/programmed_drive/share/programmed_drive/package.bash'
[37.753s] INFO:colcon.colcon_core.shell:Creating package script '/home/pi/LeoRover-SLAM-ROS2/leo_common-ros2/install/programmed_drive/share/programmed_drive/package.zsh'
[37.755s] Level 1:colcon.colcon_core.environment:create_file_with_runtime_dependencies(/home/pi/LeoRover-SLAM-ROS2/leo_common-ros2/install/programmed_drive/share/colcon-core/packages/programmed_drive)
[37.781s] DEBUG:colcon.colcon_core.event_handler.log_command:Invoking command in '/home/pi/LeoRover-SLAM-ROS2/leo_common-ros2/build/leo_viz': AMENT_PREFIX_PATH=/home/pi/LeoRover-SLAM-ROS2/leo_common-ros2/install/leo_description:${AMENT_PREFIX_PATH} CMAKE_PREFIX_PATH=/home/pi/LeoRover-SLAM-ROS2/leo_common-ros2/install/leo_description:/home/pi/LeoRover-SLAM-ROS2/aruco_ros/install/aruco_ros:/home/pi/LeoRover-SLAM-ROS2/aruco_ros/install/aruco_msgs:/home/pi/LeoRover-SLAM-ROS2/aruco_ros/install/aruco:/opt/ros/humble /usr/bin/cmake /home/pi/LeoRover-SLAM-ROS2/leo_common-ros2/src/leo_viz -DCMAKE_INSTALL_PREFIX=/home/pi/LeoRover-SLAM-ROS2/leo_common-ros2/install/leo_viz
[43.193s] DEBUG:colcon.colcon_core.event_handler.log_command:Invoked command in '/home/pi/LeoRover-SLAM-ROS2/leo_common-ros2/build/leo_msgs' returned '0': CMAKE_PREFIX_PATH=${CMAKE_PREFIX_PATH}:/opt/ros/humble /usr/bin/cmake /home/pi/LeoRover-SLAM-ROS2/leo_common-ros2/src/leo_msgs -DCMAKE_INSTALL_PREFIX=/home/pi/LeoRover-SLAM-ROS2/leo_common-ros2/install/leo_msgs
[43.198s] DEBUG:colcon.colcon_core.event_handler.log_command:Invoking command in '/home/pi/LeoRover-SLAM-ROS2/leo_common-ros2/build/leo_msgs': CMAKE_PREFIX_PATH=${CMAKE_PREFIX_PATH}:/opt/ros/humble /usr/bin/cmake --build /home/pi/LeoRover-SLAM-ROS2/leo_common-ros2/build/leo_msgs -- -j4 -l4
[45.964s] DEBUG:colcon.colcon_core.event_handler.log_command:Invoked command in '/home/pi/LeoRover-SLAM-ROS2/leo_common-ros2/build/leo_viz' returned '0': AMENT_PREFIX_PATH=/home/pi/LeoRover-SLAM-ROS2/leo_common-ros2/install/leo_description:${AMENT_PREFIX_PATH} CMAKE_PREFIX_PATH=/home/pi/LeoRover-SLAM-ROS2/leo_common-ros2/install/leo_description:/home/pi/LeoRover-SLAM-ROS2/aruco_ros/install/aruco_ros:/home/pi/LeoRover-SLAM-ROS2/aruco_ros/install/aruco_msgs:/home/pi/LeoRover-SLAM-ROS2/aruco_ros/install/aruco:/opt/ros/humble /usr/bin/cmake /home/pi/LeoRover-SLAM-ROS2/leo_common-ros2/src/leo_viz -DCMAKE_INSTALL_PREFIX=/home/pi/LeoRover-SLAM-ROS2/leo_common-ros2/install/leo_viz
[45.968s] DEBUG:colcon.colcon_core.event_handler.log_command:Invoking command in '/home/pi/LeoRover-SLAM-ROS2/leo_common-ros2/build/leo_viz': AMENT_PREFIX_PATH=/home/pi/LeoRover-SLAM-ROS2/leo_common-ros2/install/leo_description:${AMENT_PREFIX_PATH} CMAKE_PREFIX_PATH=/home/pi/LeoRover-SLAM-ROS2/leo_common-ros2/install/leo_description:/home/pi/LeoRover-SLAM-ROS2/aruco_ros/install/aruco_ros:/home/pi/LeoRover-SLAM-ROS2/aruco_ros/install/aruco_msgs:/home/pi/LeoRover-SLAM-ROS2/aruco_ros/install/aruco:/opt/ros/humble /usr/bin/cmake --build /home/pi/LeoRover-SLAM-ROS2/leo_common-ros2/build/leo_viz -- -j4 -l4
[46.425s] DEBUG:colcon.colcon_core.event_handler.log_command:Invoked command in '/home/pi/LeoRover-SLAM-ROS2/leo_common-ros2/build/leo_viz' returned '0': AMENT_PREFIX_PATH=/home/pi/LeoRover-SLAM-ROS2/leo_common-ros2/install/leo_description:${AMENT_PREFIX_PATH} CMAKE_PREFIX_PATH=/home/pi/LeoRover-SLAM-ROS2/leo_common-ros2/install/leo_description:/home/pi/LeoRover-SLAM-ROS2/aruco_ros/install/aruco_ros:/home/pi/LeoRover-SLAM-ROS2/aruco_ros/install/aruco_msgs:/home/pi/LeoRover-SLAM-ROS2/aruco_ros/install/aruco:/opt/ros/humble /usr/bin/cmake --build /home/pi/LeoRover-SLAM-ROS2/leo_common-ros2/build/leo_viz -- -j4 -l4
[46.685s] DEBUG:colcon.colcon_core.event_handler.log_command:Invoking command in '/home/pi/LeoRover-SLAM-ROS2/leo_common-ros2/build/leo_viz': AMENT_PREFIX_PATH=/home/pi/LeoRover-SLAM-ROS2/leo_common-ros2/install/leo_description:${AMENT_PREFIX_PATH} CMAKE_PREFIX_PATH=/home/pi/LeoRover-SLAM-ROS2/leo_common-ros2/install/leo_description:/home/pi/LeoRover-SLAM-ROS2/aruco_ros/install/aruco_ros:/home/pi/LeoRover-SLAM-ROS2/aruco_ros/install/aruco_msgs:/home/pi/LeoRover-SLAM-ROS2/aruco_ros/install/aruco:/opt/ros/humble /usr/bin/cmake --install /home/pi/LeoRover-SLAM-ROS2/leo_common-ros2/build/leo_viz
[46.922s] Level 1:colcon.colcon_core.environment:create_environment_scripts_only(leo_viz)
[46.931s] DEBUG:colcon.colcon_core.event_handler.log_command:Invoked command in '/home/pi/LeoRover-SLAM-ROS2/leo_common-ros2/build/leo_viz' returned '0': AMENT_PREFIX_PATH=/home/pi/LeoRover-SLAM-ROS2/leo_common-ros2/install/leo_description:${AMENT_PREFIX_PATH} CMAKE_PREFIX_PATH=/home/pi/LeoRover-SLAM-ROS2/leo_common-ros2/install/leo_description:/home/pi/LeoRover-SLAM-ROS2/aruco_ros/install/aruco_ros:/home/pi/LeoRover-SLAM-ROS2/aruco_ros/install/aruco_msgs:/home/pi/LeoRover-SLAM-ROS2/aruco_ros/install/aruco:/opt/ros/humble /usr/bin/cmake --install /home/pi/LeoRover-SLAM-ROS2/leo_common-ros2/build/leo_viz
[47.165s] Level 1:colcon.colcon_core.environment:checking '/home/pi/LeoRover-SLAM-ROS2/leo_common-ros2/install/leo_viz' for CMake module files
[47.173s] Level 1:colcon.colcon_core.environment:checking '/home/pi/LeoRover-SLAM-ROS2/leo_common-ros2/install/leo_viz' for CMake config files
[47.175s] Level 1:colcon.colcon_core.shell:create_environment_hook('leo_viz', 'cmake_prefix_path')
[47.485s] INFO:colcon.colcon_core.shell:Creating environment hook '/home/pi/LeoRover-SLAM-ROS2/leo_common-ros2/install/leo_viz/share/leo_viz/hook/cmake_prefix_path.ps1'
[47.492s] INFO:colcon.colcon_core.shell:Creating environment descriptor '/home/pi/LeoRover-SLAM-ROS2/leo_common-ros2/install/leo_viz/share/leo_viz/hook/cmake_prefix_path.dsv'
[47.497s] INFO:colcon.colcon_core.shell:Creating environment hook '/home/pi/LeoRover-SLAM-ROS2/leo_common-ros2/install/leo_viz/share/leo_viz/hook/cmake_prefix_path.sh'
[47.503s] Level 1:colcon.colcon_core.environment:checking '/home/pi/LeoRover-SLAM-ROS2/leo_common-ros2/install/leo_viz/bin'
[47.503s] Level 1:colcon.colcon_core.environment:checking '/home/pi/LeoRover-SLAM-ROS2/leo_common-ros2/install/leo_viz/lib/pkgconfig/leo_viz.pc'
[47.505s] Level 1:colcon.colcon_core.environment:checking '/home/pi/LeoRover-SLAM-ROS2/leo_common-ros2/install/leo_viz/lib/python3.10/site-packages'
[47.509s] Level 1:colcon.colcon_core.environment:checking '/home/pi/LeoRover-SLAM-ROS2/leo_common-ros2/install/leo_viz/bin'
[47.775s] INFO:colcon.colcon_core.shell:Creating package script '/home/pi/LeoRover-SLAM-ROS2/leo_common-ros2/install/leo_viz/share/leo_viz/package.ps1'
[47.782s] INFO:colcon.colcon_core.shell:Creating package descriptor '/home/pi/LeoRover-SLAM-ROS2/leo_common-ros2/install/leo_viz/share/leo_viz/package.dsv'
[47.794s] INFO:colcon.colcon_core.shell:Creating package script '/home/pi/LeoRover-SLAM-ROS2/leo_common-ros2/install/leo_viz/share/leo_viz/package.sh'
[47.802s] INFO:colcon.colcon_core.shell:Creating package script '/home/pi/LeoRover-SLAM-ROS2/leo_common-ros2/install/leo_viz/share/leo_viz/package.bash'
[47.805s] INFO:colcon.colcon_core.shell:Creating package script '/home/pi/LeoRover-SLAM-ROS2/leo_common-ros2/install/leo_viz/share/leo_viz/package.zsh'
[47.818s] Level 1:colcon.colcon_core.environment:create_file_with_runtime_dependencies(/home/pi/LeoRover-SLAM-ROS2/leo_common-ros2/install/leo_viz/share/colcon-core/packages/leo_viz)
[48.402s] Level 1:colcon.colcon_core.environment:create_environment_scripts_only(leo_viz)
[48.626s] Level 1:colcon.colcon_core.environment:checking '/home/pi/LeoRover-SLAM-ROS2/leo_common-ros2/install/leo_viz' for CMake module files
[48.635s] Level 1:colcon.colcon_core.environment:checking '/home/pi/LeoRover-SLAM-ROS2/leo_common-ros2/install/leo_viz' for CMake config files
[48.637s] Level 1:colcon.colcon_core.shell:create_environment_hook('leo_viz', 'cmake_prefix_path')
[48.883s] INFO:colcon.colcon_core.shell:Creating environment hook '/home/pi/LeoRover-SLAM-ROS2/leo_common-ros2/install/leo_viz/share/leo_viz/hook/cmake_prefix_path.ps1'
[48.887s] INFO:colcon.colcon_core.shell:Creating environment descriptor '/home/pi/LeoRover-SLAM-ROS2/leo_common-ros2/install/leo_viz/share/leo_viz/hook/cmake_prefix_path.dsv'
[48.891s] INFO:colcon.colcon_core.shell:Creating environment hook '/home/pi/LeoRover-SLAM-ROS2/leo_common-ros2/install/leo_viz/share/leo_viz/hook/cmake_prefix_path.sh'
[48.898s] Level 1:colcon.colcon_core.environment:checking '/home/pi/LeoRover-SLAM-ROS2/leo_common-ros2/install/leo_viz/bin'
[48.899s] Level 1:colcon.colcon_core.environment:checking '/home/pi/LeoRover-SLAM-ROS2/leo_common-ros2/install/leo_viz/lib/pkgconfig/leo_viz.pc'
[48.901s] Level 1:colcon.colcon_core.environment:checking '/home/pi/LeoRover-SLAM-ROS2/leo_common-ros2/install/leo_viz/lib/python3.10/site-packages'
[48.903s] Level 1:colcon.colcon_core.environment:checking '/home/pi/LeoRover-SLAM-ROS2/leo_common-ros2/install/leo_viz/bin'
[49.144s] INFO:colcon.colcon_core.shell:Creating package script '/home/pi/LeoRover-SLAM-ROS2/leo_common-ros2/install/leo_viz/share/leo_viz/package.ps1'
[49.154s] INFO:colcon.colcon_core.shell:Creating package descriptor '/home/pi/LeoRover-SLAM-ROS2/leo_common-ros2/install/leo_viz/share/leo_viz/package.dsv'
[49.159s] INFO:colcon.colcon_core.shell:Creating package script '/home/pi/LeoRover-SLAM-ROS2/leo_common-ros2/install/leo_viz/share/leo_viz/package.sh'
[49.163s] INFO:colcon.colcon_core.shell:Creating package script '/home/pi/LeoRover-SLAM-ROS2/leo_common-ros2/install/leo_viz/share/leo_viz/package.bash'
[49.166s] INFO:colcon.colcon_core.shell:Creating package script '/home/pi/LeoRover-SLAM-ROS2/leo_common-ros2/install/leo_viz/share/leo_viz/package.zsh'
[49.169s] Level 1:colcon.colcon_core.environment:create_file_with_runtime_dependencies(/home/pi/LeoRover-SLAM-ROS2/leo_common-ros2/install/leo_viz/share/colcon-core/packages/leo_viz)
[179.168s] DEBUG:colcon.colcon_core.event_handler.log_command:Invoked command in '/home/pi/LeoRover-SLAM-ROS2/leo_common-ros2/build/leo_msgs' returned '0': CMAKE_PREFIX_PATH=${CMAKE_PREFIX_PATH}:/opt/ros/humble /usr/bin/cmake --build /home/pi/LeoRover-SLAM-ROS2/leo_common-ros2/build/leo_msgs -- -j4 -l4
[181.003s] DEBUG:colcon.colcon_core.event_handler.log_command:Invoking command in '/home/pi/LeoRover-SLAM-ROS2/leo_common-ros2/build/leo_msgs': CMAKE_PREFIX_PATH=${CMAKE_PREFIX_PATH}:/opt/ros/humble /usr/bin/cmake --install /home/pi/LeoRover-SLAM-ROS2/leo_common-ros2/build/leo_msgs
[182.091s] Level 1:colcon.colcon_core.environment:create_environment_scripts_only(leo_msgs)
[182.095s] DEBUG:colcon.colcon_core.event_handler.log_command:Invoked command in '/home/pi/LeoRover-SLAM-ROS2/leo_common-ros2/build/leo_msgs' returned '0': CMAKE_PREFIX_PATH=${CMAKE_PREFIX_PATH}:/opt/ros/humble /usr/bin/cmake --install /home/pi/LeoRover-SLAM-ROS2/leo_common-ros2/build/leo_msgs
[182.260s] Level 1:colcon.colcon_core.environment:checking '/home/pi/LeoRover-SLAM-ROS2/leo_common-ros2/install/leo_msgs' for CMake module files
[182.269s] Level 1:colcon.colcon_core.environment:checking '/home/pi/LeoRover-SLAM-ROS2/leo_common-ros2/install/leo_msgs' for CMake config files
[182.272s] Level 1:colcon.colcon_core.shell:create_environment_hook('leo_msgs', 'cmake_prefix_path')
[182.504s] INFO:colcon.colcon_core.shell:Creating environment hook '/home/pi/LeoRover-SLAM-ROS2/leo_common-ros2/install/leo_msgs/share/leo_msgs/hook/cmake_prefix_path.ps1'
[182.506s] INFO:colcon.colcon_core.shell:Creating environment descriptor '/home/pi/LeoRover-SLAM-ROS2/leo_common-ros2/install/leo_msgs/share/leo_msgs/hook/cmake_prefix_path.dsv'
[182.509s] INFO:colcon.colcon_core.shell:Creating environment hook '/home/pi/LeoRover-SLAM-ROS2/leo_common-ros2/install/leo_msgs/share/leo_msgs/hook/cmake_prefix_path.sh'
[182.512s] Level 1:colcon.colcon_core.environment:checking '/home/pi/LeoRover-SLAM-ROS2/leo_common-ros2/install/leo_msgs/lib'
[182.513s] Level 1:colcon.colcon_core.shell:create_environment_hook('leo_msgs', 'ld_library_path_lib')
[182.752s] INFO:colcon.colcon_core.shell:Creating environment hook '/home/pi/LeoRover-SLAM-ROS2/leo_common-ros2/install/leo_msgs/share/leo_msgs/hook/ld_library_path_lib.ps1'
[182.756s] INFO:colcon.colcon_core.shell:Creating environment descriptor '/home/pi/LeoRover-SLAM-ROS2/leo_common-ros2/install/leo_msgs/share/leo_msgs/hook/ld_library_path_lib.dsv'
[182.759s] INFO:colcon.colcon_core.shell:Creating environment hook '/home/pi/LeoRover-SLAM-ROS2/leo_common-ros2/install/leo_msgs/share/leo_msgs/hook/ld_library_path_lib.sh'
[182.762s] Level 1:colcon.colcon_core.environment:checking '/home/pi/LeoRover-SLAM-ROS2/leo_common-ros2/install/leo_msgs/bin'
[182.764s] Level 1:colcon.colcon_core.environment:checking '/home/pi/LeoRover-SLAM-ROS2/leo_common-ros2/install/leo_msgs/lib/pkgconfig/leo_msgs.pc'
[182.767s] Level 1:colcon.colcon_core.environment:checking '/home/pi/LeoRover-SLAM-ROS2/leo_common-ros2/install/leo_msgs/lib/python3.10/site-packages'
[182.769s] Level 1:colcon.colcon_core.environment:checking '/home/pi/LeoRover-SLAM-ROS2/leo_common-ros2/install/leo_msgs/bin'
[182.958s] INFO:colcon.colcon_core.shell:Creating package script '/home/pi/LeoRover-SLAM-ROS2/leo_common-ros2/install/leo_msgs/share/leo_msgs/package.ps1'
[182.967s] INFO:colcon.colcon_core.shell:Creating package descriptor '/home/pi/LeoRover-SLAM-ROS2/leo_common-ros2/install/leo_msgs/share/leo_msgs/package.dsv'
[182.971s] INFO:colcon.colcon_core.shell:Creating package script '/home/pi/LeoRover-SLAM-ROS2/leo_common-ros2/install/leo_msgs/share/leo_msgs/package.sh'
[182.974s] INFO:colcon.colcon_core.shell:Creating package script '/home/pi/LeoRover-SLAM-ROS2/leo_common-ros2/install/leo_msgs/share/leo_msgs/package.bash'
[182.977s] INFO:colcon.colcon_core.shell:Creating package script '/home/pi/LeoRover-SLAM-ROS2/leo_common-ros2/install/leo_msgs/share/leo_msgs/package.zsh'
[182.980s] Level 1:colcon.colcon_core.environment:create_file_with_runtime_dependencies(/home/pi/LeoRover-SLAM-ROS2/leo_common-ros2/install/leo_msgs/share/colcon-core/packages/leo_msgs)
[184.835s] Level 1:colcon.colcon_core.environment:create_environment_scripts_only(leo_msgs)
[185.013s] Level 1:colcon.colcon_core.environment:checking '/home/pi/LeoRover-SLAM-ROS2/leo_common-ros2/install/leo_msgs' for CMake module files
[185.020s] Level 1:colcon.colcon_core.environment:checking '/home/pi/LeoRover-SLAM-ROS2/leo_common-ros2/install/leo_msgs' for CMake config files
[185.027s] Level 1:colcon.colcon_core.shell:create_environment_hook('leo_msgs', 'cmake_prefix_path')
[185.180s] INFO:colcon.colcon_core.shell:Creating environment hook '/home/pi/LeoRover-SLAM-ROS2/leo_common-ros2/install/leo_msgs/share/leo_msgs/hook/cmake_prefix_path.ps1'
[185.184s] INFO:colcon.colcon_core.shell:Creating environment descriptor '/home/pi/LeoRover-SLAM-ROS2/leo_common-ros2/install/leo_msgs/share/leo_msgs/hook/cmake_prefix_path.dsv'
[185.188s] INFO:colcon.colcon_core.shell:Creating environment hook '/home/pi/LeoRover-SLAM-ROS2/leo_common-ros2/install/leo_msgs/share/leo_msgs/hook/cmake_prefix_path.sh'
[185.195s] Level 1:colcon.colcon_core.environment:checking '/home/pi/LeoRover-SLAM-ROS2/leo_common-ros2/install/leo_msgs/lib'
[185.197s] Level 1:colcon.colcon_core.shell:create_environment_hook('leo_msgs', 'ld_library_path_lib')
[185.367s] INFO:colcon.colcon_core.shell:Creating environment hook '/home/pi/LeoRover-SLAM-ROS2/leo_common-ros2/install/leo_msgs/share/leo_msgs/hook/ld_library_path_lib.ps1'
[185.371s] INFO:colcon.colcon_core.shell:Creating environment descriptor '/home/pi/LeoRover-SLAM-ROS2/leo_common-ros2/install/leo_msgs/share/leo_msgs/hook/ld_library_path_lib.dsv'
[185.373s] INFO:colcon.colcon_core.shell:Creating environment hook '/home/pi/LeoRover-SLAM-ROS2/leo_common-ros2/install/leo_msgs/share/leo_msgs/hook/ld_library_path_lib.sh'
[185.377s] Level 1:colcon.colcon_core.environment:checking '/home/pi/LeoRover-SLAM-ROS2/leo_common-ros2/install/leo_msgs/bin'
[185.378s] Level 1:colcon.colcon_core.environment:checking '/home/pi/LeoRover-SLAM-ROS2/leo_common-ros2/install/leo_msgs/lib/pkgconfig/leo_msgs.pc'
[185.380s] Level 1:colcon.colcon_core.environment:checking '/home/pi/LeoRover-SLAM-ROS2/leo_common-ros2/install/leo_msgs/lib/python3.10/site-packages'
[185.382s] Level 1:colcon.colcon_core.environment:checking '/home/pi/LeoRover-SLAM-ROS2/leo_common-ros2/install/leo_msgs/bin'
[185.565s] INFO:colcon.colcon_core.shell:Creating package script '/home/pi/LeoRover-SLAM-ROS2/leo_common-ros2/install/leo_msgs/share/leo_msgs/package.ps1'
[185.571s] INFO:colcon.colcon_core.shell:Creating package descriptor '/home/pi/LeoRover-SLAM-ROS2/leo_common-ros2/install/leo_msgs/share/leo_msgs/package.dsv'
[185.575s] INFO:colcon.colcon_core.shell:Creating package script '/home/pi/LeoRover-SLAM-ROS2/leo_common-ros2/install/leo_msgs/share/leo_msgs/package.sh'
[185.582s] INFO:colcon.colcon_core.shell:Creating package script '/home/pi/LeoRover-SLAM-ROS2/leo_common-ros2/install/leo_msgs/share/leo_msgs/package.bash'
[185.590s] INFO:colcon.colcon_core.shell:Creating package script '/home/pi/LeoRover-SLAM-ROS2/leo_common-ros2/install/leo_msgs/share/leo_msgs/package.zsh'
[185.594s] Level 1:colcon.colcon_core.environment:create_file_with_runtime_dependencies(/home/pi/LeoRover-SLAM-ROS2/leo_common-ros2/install/leo_msgs/share/colcon-core/packages/leo_msgs)
[185.600s] INFO:colcon.colcon_ros.task.ament_cmake.build:Building ROS package in '/home/pi/LeoRover-SLAM-ROS2/leo_common-ros2/src/leo' with build type 'ament_cmake'
[185.601s] INFO:colcon.colcon_cmake.task.cmake.build:Building CMake package in '/home/pi/LeoRover-SLAM-ROS2/leo_common-ros2/src/leo'
[185.830s] INFO:colcon.colcon_core.shell:Skip shell extension 'powershell' for command environment: Not usable outside of PowerShell
[185.832s] DEBUG:colcon.colcon_core.shell:Skip shell extension 'dsv' for command environment
[186.563s] DEBUG:colcon.colcon_core.event_handler.log_command:Invoking command in '/home/pi/LeoRover-SLAM-ROS2/leo_common-ros2/build/leo': AMENT_PREFIX_PATH=/home/pi/LeoRover-SLAM-ROS2/leo_common-ros2/install/leo_teleop:/home/pi/LeoRover-SLAM-ROS2/leo_common-ros2/install/leo_msgs:/home/pi/LeoRover-SLAM-ROS2/leo_common-ros2/install/leo_description:${AMENT_PREFIX_PATH} CMAKE_PREFIX_PATH=/home/pi/LeoRover-SLAM-ROS2/leo_common-ros2/install/leo_teleop:/home/pi/LeoRover-SLAM-ROS2/leo_common-ros2/install/leo_msgs:/home/pi/LeoRover-SLAM-ROS2/leo_common-ros2/install/leo_description:/home/pi/LeoRover-SLAM-ROS2/aruco_ros/install/aruco_ros:/home/pi/LeoRover-SLAM-ROS2/aruco_ros/install/aruco_msgs:/home/pi/LeoRover-SLAM-ROS2/aruco_ros/install/aruco:/opt/ros/humble LD_LIBRARY_PATH=/home/pi/LeoRover-SLAM-ROS2/leo_common-ros2/install/leo_msgs/lib:${LD_LIBRARY_PATH} PYTHONPATH=/home/pi/LeoRover-SLAM-ROS2/leo_common-ros2/install/leo_msgs/local/lib/python3.10/dist-packages:${PYTHONPATH} /usr/bin/cmake /home/pi/LeoRover-SLAM-ROS2/leo_common-ros2/src/leo -DCMAKE_INSTALL_PREFIX=/home/pi/LeoRover-SLAM-ROS2/leo_common-ros2/install/leo
[190.985s] DEBUG:colcon.colcon_core.event_handler.log_command:Invoked command in '/home/pi/LeoRover-SLAM-ROS2/leo_common-ros2/build/leo' returned '0': AMENT_PREFIX_PATH=/home/pi/LeoRover-SLAM-ROS2/leo_common-ros2/install/leo_teleop:/home/pi/LeoRover-SLAM-ROS2/leo_common-ros2/install/leo_msgs:/home/pi/LeoRover-SLAM-ROS2/leo_common-ros2/install/leo_description:${AMENT_PREFIX_PATH} CMAKE_PREFIX_PATH=/home/pi/LeoRover-SLAM-ROS2/leo_common-ros2/install/leo_teleop:/home/pi/LeoRover-SLAM-ROS2/leo_common-ros2/install/leo_msgs:/home/pi/LeoRover-SLAM-ROS2/leo_common-ros2/install/leo_description:/home/pi/LeoRover-SLAM-ROS2/aruco_ros/install/aruco_ros:/home/pi/LeoRover-SLAM-ROS2/aruco_ros/install/aruco_msgs:/home/pi/LeoRover-SLAM-ROS2/aruco_ros/install/aruco:/opt/ros/humble LD_LIBRARY_PATH=/home/pi/LeoRover-SLAM-ROS2/leo_common-ros2/install/leo_msgs/lib:${LD_LIBRARY_PATH} PYTHONPATH=/home/pi/LeoRover-SLAM-ROS2/leo_common-ros2/install/leo_msgs/local/lib/python3.10/dist-packages:${PYTHONPATH} /usr/bin/cmake /home/pi/LeoRover-SLAM-ROS2/leo_common-ros2/src/leo -DCMAKE_INSTALL_PREFIX=/home/pi/LeoRover-SLAM-ROS2/leo_common-ros2/install/leo
[190.997s] DEBUG:colcon.colcon_core.event_handler.log_command:Invoking command in '/home/pi/LeoRover-SLAM-ROS2/leo_common-ros2/build/leo': AMENT_PREFIX_PATH=/home/pi/LeoRover-SLAM-ROS2/leo_common-ros2/install/leo_teleop:/home/pi/LeoRover-SLAM-ROS2/leo_common-ros2/install/leo_msgs:/home/pi/LeoRover-SLAM-ROS2/leo_common-ros2/install/leo_description:${AMENT_PREFIX_PATH} CMAKE_PREFIX_PATH=/home/pi/LeoRover-SLAM-ROS2/leo_common-ros2/install/leo_teleop:/home/pi/LeoRover-SLAM-ROS2/leo_common-ros2/install/leo_msgs:/home/pi/LeoRover-SLAM-ROS2/leo_common-ros2/install/leo_description:/home/pi/LeoRover-SLAM-ROS2/aruco_ros/install/aruco_ros:/home/pi/LeoRover-SLAM-ROS2/aruco_ros/install/aruco_msgs:/home/pi/LeoRover-SLAM-ROS2/aruco_ros/install/aruco:/opt/ros/humble LD_LIBRARY_PATH=/home/pi/LeoRover-SLAM-ROS2/leo_common-ros2/install/leo_msgs/lib:${LD_LIBRARY_PATH} PYTHONPATH=/home/pi/LeoRover-SLAM-ROS2/leo_common-ros2/install/leo_msgs/local/lib/python3.10/dist-packages:${PYTHONPATH} /usr/bin/cmake --build /home/pi/LeoRover-SLAM-ROS2/leo_common-ros2/build/leo -- -j4 -l4
[191.391s] DEBUG:colcon.colcon_core.event_handler.log_command:Invoked command in '/home/pi/LeoRover-SLAM-ROS2/leo_common-ros2/build/leo' returned '0': AMENT_PREFIX_PATH=/home/pi/LeoRover-SLAM-ROS2/leo_common-ros2/install/leo_teleop:/home/pi/LeoRover-SLAM-ROS2/leo_common-ros2/install/leo_msgs:/home/pi/LeoRover-SLAM-ROS2/leo_common-ros2/install/leo_description:${AMENT_PREFIX_PATH} CMAKE_PREFIX_PATH=/home/pi/LeoRover-SLAM-ROS2/leo_common-ros2/install/leo_teleop:/home/pi/LeoRover-SLAM-ROS2/leo_common-ros2/install/leo_msgs:/home/pi/LeoRover-SLAM-ROS2/leo_common-ros2/install/leo_description:/home/pi/LeoRover-SLAM-ROS2/aruco_ros/install/aruco_ros:/home/pi/LeoRover-SLAM-ROS2/aruco_ros/install/aruco_msgs:/home/pi/LeoRover-SLAM-ROS2/aruco_ros/install/aruco:/opt/ros/humble LD_LIBRARY_PATH=/home/pi/LeoRover-SLAM-ROS2/leo_common-ros2/install/leo_msgs/lib:${LD_LIBRARY_PATH} PYTHONPATH=/home/pi/LeoRover-SLAM-ROS2/leo_common-ros2/install/leo_msgs/local/lib/python3.10/dist-packages:${PYTHONPATH} /usr/bin/cmake --build /home/pi/LeoRover-SLAM-ROS2/leo_common-ros2/build/leo -- -j4 -l4
[191.585s] DEBUG:colcon.colcon_core.event_handler.log_command:Invoking command in '/home/pi/LeoRover-SLAM-ROS2/leo_common-ros2/build/leo': AMENT_PREFIX_PATH=/home/pi/LeoRover-SLAM-ROS2/leo_common-ros2/install/leo_teleop:/home/pi/LeoRover-SLAM-ROS2/leo_common-ros2/install/leo_msgs:/home/pi/LeoRover-SLAM-ROS2/leo_common-ros2/install/leo_description:${AMENT_PREFIX_PATH} CMAKE_PREFIX_PATH=/home/pi/LeoRover-SLAM-ROS2/leo_common-ros2/install/leo_teleop:/home/pi/LeoRover-SLAM-ROS2/leo_common-ros2/install/leo_msgs:/home/pi/LeoRover-SLAM-ROS2/leo_common-ros2/install/leo_description:/home/pi/LeoRover-SLAM-ROS2/aruco_ros/install/aruco_ros:/home/pi/LeoRover-SLAM-ROS2/aruco_ros/install/aruco_msgs:/home/pi/LeoRover-SLAM-ROS2/aruco_ros/install/aruco:/opt/ros/humble LD_LIBRARY_PATH=/home/pi/LeoRover-SLAM-ROS2/leo_common-ros2/install/leo_msgs/lib:${LD_LIBRARY_PATH} PYTHONPATH=/home/pi/LeoRover-SLAM-ROS2/leo_common-ros2/install/leo_msgs/local/lib/python3.10/dist-packages:${PYTHONPATH} /usr/bin/cmake --install /home/pi/LeoRover-SLAM-ROS2/leo_common-ros2/build/leo
[191.693s] Level 1:colcon.colcon_core.environment:create_environment_scripts_only(leo)
[191.696s] DEBUG:colcon.colcon_core.event_handler.log_command:Invoked command in '/home/pi/LeoRover-SLAM-ROS2/leo_common-ros2/build/leo' returned '0': AMENT_PREFIX_PATH=/home/pi/LeoRover-SLAM-ROS2/leo_common-ros2/install/leo_teleop:/home/pi/LeoRover-SLAM-ROS2/leo_common-ros2/install/leo_msgs:/home/pi/LeoRover-SLAM-ROS2/leo_common-ros2/install/leo_description:${AMENT_PREFIX_PATH} CMAKE_PREFIX_PATH=/home/pi/LeoRover-SLAM-ROS2/leo_common-ros2/install/leo_teleop:/home/pi/LeoRover-SLAM-ROS2/leo_common-ros2/install/leo_msgs:/home/pi/LeoRover-SLAM-ROS2/leo_common-ros2/install/leo_description:/home/pi/LeoRover-SLAM-ROS2/aruco_ros/install/aruco_ros:/home/pi/LeoRover-SLAM-ROS2/aruco_ros/install/aruco_msgs:/home/pi/LeoRover-SLAM-ROS2/aruco_ros/install/aruco:/opt/ros/humble LD_LIBRARY_PATH=/home/pi/LeoRover-SLAM-ROS2/leo_common-ros2/install/leo_msgs/lib:${LD_LIBRARY_PATH} PYTHONPATH=/home/pi/LeoRover-SLAM-ROS2/leo_common-ros2/install/leo_msgs/local/lib/python3.10/dist-packages:${PYTHONPATH} /usr/bin/cmake --install /home/pi/LeoRover-SLAM-ROS2/leo_common-ros2/build/leo
[191.870s] Level 1:colcon.colcon_core.environment:checking '/home/pi/LeoRover-SLAM-ROS2/leo_common-ros2/install/leo' for CMake module files
[191.874s] Level 1:colcon.colcon_core.environment:checking '/home/pi/LeoRover-SLAM-ROS2/leo_common-ros2/install/leo' for CMake config files
[191.876s] Level 1:colcon.colcon_core.shell:create_environment_hook('leo', 'cmake_prefix_path')
[192.044s] INFO:colcon.colcon_core.shell:Creating environment hook '/home/pi/LeoRover-SLAM-ROS2/leo_common-ros2/install/leo/share/leo/hook/cmake_prefix_path.ps1'
[192.048s] INFO:colcon.colcon_core.shell:Creating environment descriptor '/home/pi/LeoRover-SLAM-ROS2/leo_common-ros2/install/leo/share/leo/hook/cmake_prefix_path.dsv'
[192.052s] INFO:colcon.colcon_core.shell:Creating environment hook '/home/pi/LeoRover-SLAM-ROS2/leo_common-ros2/install/leo/share/leo/hook/cmake_prefix_path.sh'
[192.058s] Level 1:colcon.colcon_core.environment:checking '/home/pi/LeoRover-SLAM-ROS2/leo_common-ros2/install/leo/bin'
[192.058s] Level 1:colcon.colcon_core.environment:checking '/home/pi/LeoRover-SLAM-ROS2/leo_common-ros2/install/leo/lib/pkgconfig/leo.pc'
[192.060s] Level 1:colcon.colcon_core.environment:checking '/home/pi/LeoRover-SLAM-ROS2/leo_common-ros2/install/leo/lib/python3.10/site-packages'
[192.062s] Level 1:colcon.colcon_core.environment:checking '/home/pi/LeoRover-SLAM-ROS2/leo_common-ros2/install/leo/bin'
[192.212s] INFO:colcon.colcon_core.shell:Creating package script '/home/pi/LeoRover-SLAM-ROS2/leo_common-ros2/install/leo/share/leo/package.ps1'
[192.219s] INFO:colcon.colcon_core.shell:Creating package descriptor '/home/pi/LeoRover-SLAM-ROS2/leo_common-ros2/install/leo/share/leo/package.dsv'
[192.224s] INFO:colcon.colcon_core.shell:Creating package script '/home/pi/LeoRover-SLAM-ROS2/leo_common-ros2/install/leo/share/leo/package.sh'
[192.228s] INFO:colcon.colcon_core.shell:Creating package script '/home/pi/LeoRover-SLAM-ROS2/leo_common-ros2/install/leo/share/leo/package.bash'
[192.231s] INFO:colcon.colcon_core.shell:Creating package script '/home/pi/LeoRover-SLAM-ROS2/leo_common-ros2/install/leo/share/leo/package.zsh'
[192.233s] Level 1:colcon.colcon_core.environment:create_file_with_runtime_dependencies(/home/pi/LeoRover-SLAM-ROS2/leo_common-ros2/install/leo/share/colcon-core/packages/leo)
[192.747s] Level 1:colcon.colcon_core.environment:create_environment_scripts_only(leo)
[192.935s] Level 1:colcon.colcon_core.environment:checking '/home/pi/LeoRover-SLAM-ROS2/leo_common-ros2/install/leo' for CMake module files
[192.941s] Level 1:colcon.colcon_core.environment:checking '/home/pi/LeoRover-SLAM-ROS2/leo_common-ros2/install/leo' for CMake config files
[192.944s] Level 1:colcon.colcon_core.shell:create_environment_hook('leo', 'cmake_prefix_path')
[193.284s] INFO:colcon.colcon_core.shell:Creating environment hook '/home/pi/LeoRover-SLAM-ROS2/leo_common-ros2/install/leo/share/leo/hook/cmake_prefix_path.ps1'
[193.288s] INFO:colcon.colcon_core.shell:Creating environment descriptor '/home/pi/LeoRover-SLAM-ROS2/leo_common-ros2/install/leo/share/leo/hook/cmake_prefix_path.dsv'
[193.292s] INFO:colcon.colcon_core.shell:Creating environment hook '/home/pi/LeoRover-SLAM-ROS2/leo_common-ros2/install/leo/share/leo/hook/cmake_prefix_path.sh'
[193.298s] Level 1:colcon.colcon_core.environment:checking '/home/pi/LeoRover-SLAM-ROS2/leo_common-ros2/install/leo/bin'
[193.299s] Level 1:colcon.colcon_core.environment:checking '/home/pi/LeoRover-SLAM-ROS2/leo_common-ros2/install/leo/lib/pkgconfig/leo.pc'
[193.303s] Level 1:colcon.colcon_core.environment:checking '/home/pi/LeoRover-SLAM-ROS2/leo_common-ros2/install/leo/lib/python3.10/site-packages'
[193.305s] Level 1:colcon.colcon_core.environment:checking '/home/pi/LeoRover-SLAM-ROS2/leo_common-ros2/install/leo/bin'
[193.478s] INFO:colcon.colcon_core.shell:Creating package script '/home/pi/LeoRover-SLAM-ROS2/leo_common-ros2/install/leo/share/leo/package.ps1'
[193.481s] INFO:colcon.colcon_core.shell:Creating package descriptor '/home/pi/LeoRover-SLAM-ROS2/leo_common-ros2/install/leo/share/leo/package.dsv'
[193.484s] INFO:colcon.colcon_core.shell:Creating package script '/home/pi/LeoRover-SLAM-ROS2/leo_common-ros2/install/leo/share/leo/package.sh'
[193.489s] INFO:colcon.colcon_core.shell:Creating package script '/home/pi/LeoRover-SLAM-ROS2/leo_common-ros2/install/leo/share/leo/package.bash'
[193.494s] INFO:colcon.colcon_core.shell:Creating package script '/home/pi/LeoRover-SLAM-ROS2/leo_common-ros2/install/leo/share/leo/package.zsh'
[193.498s] Level 1:colcon.colcon_core.environment:create_file_with_runtime_dependencies(/home/pi/LeoRover-SLAM-ROS2/leo_common-ros2/install/leo/share/colcon-core/packages/leo)
[193.501s] INFO:colcon.colcon_ros.task.ament_cmake.build:Building ROS package in '/home/pi/LeoRover-SLAM-ROS2/leo_common-ros2/src/leo_desktop' with build type 'ament_cmake'
[193.502s] INFO:colcon.colcon_cmake.task.cmake.build:Building CMake package in '/home/pi/LeoRover-SLAM-ROS2/leo_common-ros2/src/leo_desktop'
[193.662s] INFO:colcon.colcon_core.shell:Skip shell extension 'powershell' for command environment: Not usable outside of PowerShell
[193.662s] DEBUG:colcon.colcon_core.shell:Skip shell extension 'dsv' for command environment
[194.345s] DEBUG:colcon.colcon_core.event_handler.log_command:Invoking command in '/home/pi/LeoRover-SLAM-ROS2/leo_common-ros2/build/leo_desktop': AMENT_PREFIX_PATH=/home/pi/LeoRover-SLAM-ROS2/leo_common-ros2/install/leo_viz:/home/pi/LeoRover-SLAM-ROS2/leo_common-ros2/install/leo:/home/pi/LeoRover-SLAM-ROS2/leo_common-ros2/install/leo_teleop:/home/pi/LeoRover-SLAM-ROS2/leo_common-ros2/install/leo_msgs:/home/pi/LeoRover-SLAM-ROS2/leo_common-ros2/install/leo_description:${AMENT_PREFIX_PATH} CMAKE_PREFIX_PATH=/home/pi/LeoRover-SLAM-ROS2/leo_common-ros2/install/leo_viz:/home/pi/LeoRover-SLAM-ROS2/leo_common-ros2/install/leo:/home/pi/LeoRover-SLAM-ROS2/leo_common-ros2/install/leo_teleop:/home/pi/LeoRover-SLAM-ROS2/leo_common-ros2/install/leo_msgs:/home/pi/LeoRover-SLAM-ROS2/leo_common-ros2/install/leo_description:/home/pi/LeoRover-SLAM-ROS2/aruco_ros/install/aruco_ros:/home/pi/LeoRover-SLAM-ROS2/aruco_ros/install/aruco_msgs:/home/pi/LeoRover-SLAM-ROS2/aruco_ros/install/aruco:/opt/ros/humble LD_LIBRARY_PATH=/home/pi/LeoRover-SLAM-ROS2/leo_common-ros2/install/leo_msgs/lib:${LD_LIBRARY_PATH} PYTHONPATH=/home/pi/LeoRover-SLAM-ROS2/leo_common-ros2/install/leo_msgs/local/lib/python3.10/dist-packages:${PYTHONPATH} /usr/bin/cmake /home/pi/LeoRover-SLAM-ROS2/leo_common-ros2/src/leo_desktop -DCMAKE_INSTALL_PREFIX=/home/pi/LeoRover-SLAM-ROS2/leo_common-ros2/install/leo_desktop
[198.837s] DEBUG:colcon.colcon_core.event_handler.log_command:Invoked command in '/home/pi/LeoRover-SLAM-ROS2/leo_common-ros2/build/leo_desktop' returned '0': AMENT_PREFIX_PATH=/home/pi/LeoRover-SLAM-ROS2/leo_common-ros2/install/leo_viz:/home/pi/LeoRover-SLAM-ROS2/leo_common-ros2/install/leo:/home/pi/LeoRover-SLAM-ROS2/leo_common-ros2/install/leo_teleop:/home/pi/LeoRover-SLAM-ROS2/leo_common-ros2/install/leo_msgs:/home/pi/LeoRover-SLAM-ROS2/leo_common-ros2/install/leo_description:${AMENT_PREFIX_PATH} CMAKE_PREFIX_PATH=/home/pi/LeoRover-SLAM-ROS2/leo_common-ros2/install/leo_viz:/home/pi/LeoRover-SLAM-ROS2/leo_common-ros2/install/leo:/home/pi/LeoRover-SLAM-ROS2/leo_common-ros2/install/leo_teleop:/home/pi/LeoRover-SLAM-ROS2/leo_common-ros2/install/leo_msgs:/home/pi/LeoRover-SLAM-ROS2/leo_common-ros2/install/leo_description:/home/pi/LeoRover-SLAM-ROS2/aruco_ros/install/aruco_ros:/home/pi/LeoRover-SLAM-ROS2/aruco_ros/install/aruco_msgs:/home/pi/LeoRover-SLAM-ROS2/aruco_ros/install/aruco:/opt/ros/humble LD_LIBRARY_PATH=/home/pi/LeoRover-SLAM-ROS2/leo_common-ros2/install/leo_msgs/lib:${LD_LIBRARY_PATH} PYTHONPATH=/home/pi/LeoRover-SLAM-ROS2/leo_common-ros2/install/leo_msgs/local/lib/python3.10/dist-packages:${PYTHONPATH} /usr/bin/cmake /home/pi/LeoRover-SLAM-ROS2/leo_common-ros2/src/leo_desktop -DCMAKE_INSTALL_PREFIX=/home/pi/LeoRover-SLAM-ROS2/leo_common-ros2/install/leo_desktop
[198.840s] DEBUG:colcon.colcon_core.event_handler.log_command:Invoking command in '/home/pi/LeoRover-SLAM-ROS2/leo_common-ros2/build/leo_desktop': AMENT_PREFIX_PATH=/home/pi/LeoRover-SLAM-ROS2/leo_common-ros2/install/leo_viz:/home/pi/LeoRover-SLAM-ROS2/leo_common-ros2/install/leo:/home/pi/LeoRover-SLAM-ROS2/leo_common-ros2/install/leo_teleop:/home/pi/LeoRover-SLAM-ROS2/leo_common-ros2/install/leo_msgs:/home/pi/LeoRover-SLAM-ROS2/leo_common-ros2/install/leo_description:${AMENT_PREFIX_PATH} CMAKE_PREFIX_PATH=/home/pi/LeoRover-SLAM-ROS2/leo_common-ros2/install/leo_viz:/home/pi/LeoRover-SLAM-ROS2/leo_common-ros2/install/leo:/home/pi/LeoRover-SLAM-ROS2/leo_common-ros2/install/leo_teleop:/home/pi/LeoRover-SLAM-ROS2/leo_common-ros2/install/leo_msgs:/home/pi/LeoRover-SLAM-ROS2/leo_common-ros2/install/leo_description:/home/pi/LeoRover-SLAM-ROS2/aruco_ros/install/aruco_ros:/home/pi/LeoRover-SLAM-ROS2/aruco_ros/install/aruco_msgs:/home/pi/LeoRover-SLAM-ROS2/aruco_ros/install/aruco:/opt/ros/humble LD_LIBRARY_PATH=/home/pi/LeoRover-SLAM-ROS2/leo_common-ros2/install/leo_msgs/lib:${LD_LIBRARY_PATH} PYTHONPATH=/home/pi/LeoRover-SLAM-ROS2/leo_common-ros2/install/leo_msgs/local/lib/python3.10/dist-packages:${PYTHONPATH} /usr/bin/cmake --build /home/pi/LeoRover-SLAM-ROS2/leo_common-ros2/build/leo_desktop -- -j4 -l4
[199.279s] DEBUG:colcon.colcon_core.event_handler.log_command:Invoked command in '/home/pi/LeoRover-SLAM-ROS2/leo_common-ros2/build/leo_desktop' returned '0': AMENT_PREFIX_PATH=/home/pi/LeoRover-SLAM-ROS2/leo_common-ros2/install/leo_viz:/home/pi/LeoRover-SLAM-ROS2/leo_common-ros2/install/leo:/home/pi/LeoRover-SLAM-ROS2/leo_common-ros2/install/leo_teleop:/home/pi/LeoRover-SLAM-ROS2/leo_common-ros2/install/leo_msgs:/home/pi/LeoRover-SLAM-ROS2/leo_common-ros2/install/leo_description:${AMENT_PREFIX_PATH} CMAKE_PREFIX_PATH=/home/pi/LeoRover-SLAM-ROS2/leo_common-ros2/install/leo_viz:/home/pi/LeoRover-SLAM-ROS2/leo_common-ros2/install/leo:/home/pi/LeoRover-SLAM-ROS2/leo_common-ros2/install/leo_teleop:/home/pi/LeoRover-SLAM-ROS2/leo_common-ros2/install/leo_msgs:/home/pi/LeoRover-SLAM-ROS2/leo_common-ros2/install/leo_description:/home/pi/LeoRover-SLAM-ROS2/aruco_ros/install/aruco_ros:/home/pi/LeoRover-SLAM-ROS2/aruco_ros/install/aruco_msgs:/home/pi/LeoRover-SLAM-ROS2/aruco_ros/install/aruco:/opt/ros/humble LD_LIBRARY_PATH=/home/pi/LeoRover-SLAM-ROS2/leo_common-ros2/install/leo_msgs/lib:${LD_LIBRARY_PATH} PYTHONPATH=/home/pi/LeoRover-SLAM-ROS2/leo_common-ros2/install/leo_msgs/local/lib/python3.10/dist-packages:${PYTHONPATH} /usr/bin/cmake --build /home/pi/LeoRover-SLAM-ROS2/leo_common-ros2/build/leo_desktop -- -j4 -l4
[199.638s] DEBUG:colcon.colcon_core.event_handler.log_command:Invoking command in '/home/pi/LeoRover-SLAM-ROS2/leo_common-ros2/build/leo_desktop': AMENT_PREFIX_PATH=/home/pi/LeoRover-SLAM-ROS2/leo_common-ros2/install/leo_viz:/home/pi/LeoRover-SLAM-ROS2/leo_common-ros2/install/leo:/home/pi/LeoRover-SLAM-ROS2/leo_common-ros2/install/leo_teleop:/home/pi/LeoRover-SLAM-ROS2/leo_common-ros2/install/leo_msgs:/home/pi/LeoRover-SLAM-ROS2/leo_common-ros2/install/leo_description:${AMENT_PREFIX_PATH} CMAKE_PREFIX_PATH=/home/pi/LeoRover-SLAM-ROS2/leo_common-ros2/install/leo_viz:/home/pi/LeoRover-SLAM-ROS2/leo_common-ros2/install/leo:/home/pi/LeoRover-SLAM-ROS2/leo_common-ros2/install/leo_teleop:/home/pi/LeoRover-SLAM-ROS2/leo_common-ros2/install/leo_msgs:/home/pi/LeoRover-SLAM-ROS2/leo_common-ros2/install/leo_description:/home/pi/LeoRover-SLAM-ROS2/aruco_ros/install/aruco_ros:/home/pi/LeoRover-SLAM-ROS2/aruco_ros/install/aruco_msgs:/home/pi/LeoRover-SLAM-ROS2/aruco_ros/install/aruco:/opt/ros/humble LD_LIBRARY_PATH=/home/pi/LeoRover-SLAM-ROS2/leo_common-ros2/install/leo_msgs/lib:${LD_LIBRARY_PATH} PYTHONPATH=/home/pi/LeoRover-SLAM-ROS2/leo_common-ros2/install/leo_msgs/local/lib/python3.10/dist-packages:${PYTHONPATH} /usr/bin/cmake --install /home/pi/LeoRover-SLAM-ROS2/leo_common-ros2/build/leo_desktop
[199.746s] Level 1:colcon.colcon_core.environment:create_environment_scripts_only(leo_desktop)
[199.762s] DEBUG:colcon.colcon_core.event_handler.log_command:Invoked command in '/home/pi/LeoRover-SLAM-ROS2/leo_common-ros2/build/leo_desktop' returned '0': AMENT_PREFIX_PATH=/home/pi/LeoRover-SLAM-ROS2/leo_common-ros2/install/leo_viz:/home/pi/LeoRover-SLAM-ROS2/leo_common-ros2/install/leo:/home/pi/LeoRover-SLAM-ROS2/leo_common-ros2/install/leo_teleop:/home/pi/LeoRover-SLAM-ROS2/leo_common-ros2/install/leo_msgs:/home/pi/LeoRover-SLAM-ROS2/leo_common-ros2/install/leo_description:${AMENT_PREFIX_PATH} CMAKE_PREFIX_PATH=/home/pi/LeoRover-SLAM-ROS2/leo_common-ros2/install/leo_viz:/home/pi/LeoRover-SLAM-ROS2/leo_common-ros2/install/leo:/home/pi/LeoRover-SLAM-ROS2/leo_common-ros2/install/leo_teleop:/home/pi/LeoRover-SLAM-ROS2/leo_common-ros2/install/leo_msgs:/home/pi/LeoRover-SLAM-ROS2/leo_common-ros2/install/leo_description:/home/pi/LeoRover-SLAM-ROS2/aruco_ros/install/aruco_ros:/home/pi/LeoRover-SLAM-ROS2/aruco_ros/install/aruco_msgs:/home/pi/LeoRover-SLAM-ROS2/aruco_ros/install/aruco:/opt/ros/humble LD_LIBRARY_PATH=/home/pi/LeoRover-SLAM-ROS2/leo_common-ros2/install/leo_msgs/lib:${LD_LIBRARY_PATH} PYTHONPATH=/home/pi/LeoRover-SLAM-ROS2/leo_common-ros2/install/leo_msgs/local/lib/python3.10/dist-packages:${PYTHONPATH} /usr/bin/cmake --install /home/pi/LeoRover-SLAM-ROS2/leo_common-ros2/build/leo_desktop
[200.008s] Level 1:colcon.colcon_core.environment:checking '/home/pi/LeoRover-SLAM-ROS2/leo_common-ros2/install/leo_desktop' for CMake module files
[200.017s] Level 1:colcon.colcon_core.environment:checking '/home/pi/LeoRover-SLAM-ROS2/leo_common-ros2/install/leo_desktop' for CMake config files
[200.025s] Level 1:colcon.colcon_core.shell:create_environment_hook('leo_desktop', 'cmake_prefix_path')
[200.249s] INFO:colcon.colcon_core.shell:Creating environment hook '/home/pi/LeoRover-SLAM-ROS2/leo_common-ros2/install/leo_desktop/share/leo_desktop/hook/cmake_prefix_path.ps1'
[200.254s] INFO:colcon.colcon_core.shell:Creating environment descriptor '/home/pi/LeoRover-SLAM-ROS2/leo_common-ros2/install/leo_desktop/share/leo_desktop/hook/cmake_prefix_path.dsv'
[200.258s] INFO:colcon.colcon_core.shell:Creating environment hook '/home/pi/LeoRover-SLAM-ROS2/leo_common-ros2/install/leo_desktop/share/leo_desktop/hook/cmake_prefix_path.sh'
[200.270s] Level 1:colcon.colcon_core.environment:checking '/home/pi/LeoRover-SLAM-ROS2/leo_common-ros2/install/leo_desktop/bin'
[200.271s] Level 1:colcon.colcon_core.environment:checking '/home/pi/LeoRover-SLAM-ROS2/leo_common-ros2/install/leo_desktop/lib/pkgconfig/leo_desktop.pc'
[200.275s] Level 1:colcon.colcon_core.environment:checking '/home/pi/LeoRover-SLAM-ROS2/leo_common-ros2/install/leo_desktop/lib/python3.10/site-packages'
[200.279s] Level 1:colcon.colcon_core.environment:checking '/home/pi/LeoRover-SLAM-ROS2/leo_common-ros2/install/leo_desktop/bin'
[200.506s] INFO:colcon.colcon_core.shell:Creating package script '/home/pi/LeoRover-SLAM-ROS2/leo_common-ros2/install/leo_desktop/share/leo_desktop/package.ps1'
[200.510s] INFO:colcon.colcon_core.shell:Creating package descriptor '/home/pi/LeoRover-SLAM-ROS2/leo_common-ros2/install/leo_desktop/share/leo_desktop/package.dsv'
[200.515s] INFO:colcon.colcon_core.shell:Creating package script '/home/pi/LeoRover-SLAM-ROS2/leo_common-ros2/install/leo_desktop/share/leo_desktop/package.sh'
[200.517s] INFO:colcon.colcon_core.shell:Creating package script '/home/pi/LeoRover-SLAM-ROS2/leo_common-ros2/install/leo_desktop/share/leo_desktop/package.bash'
[200.520s] INFO:colcon.colcon_core.shell:Creating package script '/home/pi/LeoRover-SLAM-ROS2/leo_common-ros2/install/leo_desktop/share/leo_desktop/package.zsh'
[200.522s] Level 1:colcon.colcon_core.environment:create_file_with_runtime_dependencies(/home/pi/LeoRover-SLAM-ROS2/leo_common-ros2/install/leo_desktop/share/colcon-core/packages/leo_desktop)
[200.951s] Level 1:colcon.colcon_core.environment:create_environment_scripts_only(leo_desktop)
[201.191s] Level 1:colcon.colcon_core.environment:checking '/home/pi/LeoRover-SLAM-ROS2/leo_common-ros2/install/leo_desktop' for CMake module files
[201.708s] Level 1:colcon.colcon_core.environment:checking '/home/pi/LeoRover-SLAM-ROS2/leo_common-ros2/install/leo_desktop' for CMake config files
[201.714s] Level 1:colcon.colcon_core.shell:create_environment_hook('leo_desktop', 'cmake_prefix_path')
[201.926s] INFO:colcon.colcon_core.shell:Creating environment hook '/home/pi/LeoRover-SLAM-ROS2/leo_common-ros2/install/leo_desktop/share/leo_desktop/hook/cmake_prefix_path.ps1'
[201.929s] INFO:colcon.colcon_core.shell:Creating environment descriptor '/home/pi/LeoRover-SLAM-ROS2/leo_common-ros2/install/leo_desktop/share/leo_desktop/hook/cmake_prefix_path.dsv'
[201.933s] INFO:colcon.colcon_core.shell:Creating environment hook '/home/pi/LeoRover-SLAM-ROS2/leo_common-ros2/install/leo_desktop/share/leo_desktop/hook/cmake_prefix_path.sh'
[201.939s] Level 1:colcon.colcon_core.environment:checking '/home/pi/LeoRover-SLAM-ROS2/leo_common-ros2/install/leo_desktop/bin'
[201.940s] Level 1:colcon.colcon_core.environment:checking '/home/pi/LeoRover-SLAM-ROS2/leo_common-ros2/install/leo_desktop/lib/pkgconfig/leo_desktop.pc'
[201.943s] Level 1:colcon.colcon_core.environment:checking '/home/pi/LeoRover-SLAM-ROS2/leo_common-ros2/install/leo_desktop/lib/python3.10/site-packages'
[201.946s] Level 1:colcon.colcon_core.environment:checking '/home/pi/LeoRover-SLAM-ROS2/leo_common-ros2/install/leo_desktop/bin'
[202.110s] INFO:colcon.colcon_core.shell:Creating package script '/home/pi/LeoRover-SLAM-ROS2/leo_common-ros2/install/leo_desktop/share/leo_desktop/package.ps1'
[202.118s] INFO:colcon.colcon_core.shell:Creating package descriptor '/home/pi/LeoRover-SLAM-ROS2/leo_common-ros2/install/leo_desktop/share/leo_desktop/package.dsv'
[202.125s] INFO:colcon.colcon_core.shell:Creating package script '/home/pi/LeoRover-SLAM-ROS2/leo_common-ros2/install/leo_desktop/share/leo_desktop/package.sh'
[202.131s] INFO:colcon.colcon_core.shell:Creating package script '/home/pi/LeoRover-SLAM-ROS2/leo_common-ros2/install/leo_desktop/share/leo_desktop/package.bash'
[202.138s] INFO:colcon.colcon_core.shell:Creating package script '/home/pi/LeoRover-SLAM-ROS2/leo_common-ros2/install/leo_desktop/share/leo_desktop/package.zsh'
[202.145s] Level 1:colcon.colcon_core.environment:create_file_with_runtime_dependencies(/home/pi/LeoRover-SLAM-ROS2/leo_common-ros2/install/leo_desktop/share/colcon-core/packages/leo_desktop)
[202.149s] DEBUG:colcon.colcon_parallel_executor.executor.parallel:closing loop
[202.152s] DEBUG:colcon.colcon_parallel_executor.executor.parallel:loop closed
[202.155s] DEBUG:colcon.colcon_parallel_executor.executor.parallel:run_until_complete finished with '0'
[202.158s] DEBUG:colcon.colcon_core.event_reactor:joining thread
[202.388s] INFO:colcon.colcon_core.plugin_system:Skipping extension 'colcon_notification.desktop_notification.notify_send': Could not find 'notify-send'
[202.389s] INFO:colcon.colcon_core.plugin_system:Skipping extension 'colcon_notification.desktop_notification.terminal_notifier': Not used on non-Darwin systems
[202.390s] INFO:colcon.colcon_core.plugin_system:Skipping extension 'colcon_notification.desktop_notification.win32': Not used on non-Windows systems
[202.390s] INFO:colcon.colcon_notification.desktop_notification:Sending desktop notification using 'notify2'
[202.396s] DEBUG:colcon.colcon_notification.desktop_notification.notify2:Failed to initialize notify2: org.freedesktop.DBus.Error.ServiceUnknown: The name org.freedesktop.Notifications was not provided by any .service files
[202.396s] DEBUG:colcon.colcon_core.event_reactor:joined thread
[202.556s] INFO:colcon.colcon_core.shell:Creating prefix script '/home/pi/LeoRover-SLAM-ROS2/leo_common-ros2/install/local_setup.ps1'
[202.561s] INFO:colcon.colcon_core.shell:Creating prefix util module '/home/pi/LeoRover-SLAM-ROS2/leo_common-ros2/install/_local_setup_util_ps1.py'
[202.569s] INFO:colcon.colcon_core.shell:Creating prefix chain script '/home/pi/LeoRover-SLAM-ROS2/leo_common-ros2/install/setup.ps1'
[202.784s] INFO:colcon.colcon_core.shell:Creating prefix script '/home/pi/LeoRover-SLAM-ROS2/leo_common-ros2/install/local_setup.sh'
[202.788s] INFO:colcon.colcon_core.shell:Creating prefix util module '/home/pi/LeoRover-SLAM-ROS2/leo_common-ros2/install/_local_setup_util_sh.py'
[202.791s] INFO:colcon.colcon_core.shell:Creating prefix chain script '/home/pi/LeoRover-SLAM-ROS2/leo_common-ros2/install/setup.sh'
[202.952s] INFO:colcon.colcon_core.shell:Creating prefix script '/home/pi/LeoRover-SLAM-ROS2/leo_common-ros2/install/local_setup.bash'
[202.957s] INFO:colcon.colcon_core.shell:Creating prefix chain script '/home/pi/LeoRover-SLAM-ROS2/leo_common-ros2/install/setup.bash'
[203.104s] INFO:colcon.colcon_core.shell:Creating prefix script '/home/pi/LeoRover-SLAM-ROS2/leo_common-ros2/install/local_setup.zsh'
[203.108s] INFO:colcon.colcon_core.shell:Creating prefix chain script '/home/pi/LeoRover-SLAM-ROS2/leo_common-ros2/install/setup.zsh'
