-- Install configuration: ""
-- Execute custom install script
-- Up-to-date symlink: /home/situjet/Desktop/leo_common-ros2/install/leo_teleop/share/leo_teleop/config/joy_config.yaml
-- Up-to-date symlink: /home/situjet/Desktop/leo_common-ros2/install/leo_teleop/share/leo_teleop/launch/joy_teleop.launch.xml
-- Up-to-date symlink: /home/situjet/Desktop/leo_common-ros2/install/leo_teleop/share/leo_teleop/launch/key_teleop.launch.xml
-- Up-to-date symlink: /home/situjet/Desktop/leo_common-ros2/install/leo_teleop/share/ament_index/resource_index/package_run_dependencies/leo_teleop
-- Up-to-date symlink: /home/situjet/Desktop/leo_common-ros2/install/leo_teleop/share/ament_index/resource_index/parent_prefix_path/leo_teleop
-- Up-to-date symlink: /home/situjet/Desktop/leo_common-ros2/install/leo_teleop/share/leo_teleop/environment/ament_prefix_path.sh
-- Up-to-date symlink: /home/situjet/Desktop/leo_common-ros2/install/leo_teleop/share/leo_teleop/environment/ament_prefix_path.dsv
-- Up-to-date symlink: /home/situjet/Desktop/leo_common-ros2/install/leo_teleop/share/leo_teleop/environment/path.sh
-- Up-to-date symlink: /home/situjet/Desktop/leo_common-ros2/install/leo_teleop/share/leo_teleop/environment/path.dsv
-- Up-to-date symlink: /home/situjet/Desktop/leo_common-ros2/install/leo_teleop/share/leo_teleop/local_setup.bash
-- Up-to-date symlink: /home/situjet/Desktop/leo_common-ros2/install/leo_teleop/share/leo_teleop/local_setup.sh
-- Up-to-date symlink: /home/situjet/Desktop/leo_common-ros2/install/leo_teleop/share/leo_teleop/local_setup.zsh
-- Up-to-date symlink: /home/situjet/Desktop/leo_common-ros2/install/leo_teleop/share/leo_teleop/local_setup.dsv
-- Symlinking: /home/situjet/Desktop/leo_common-ros2/install/leo_teleop/share/leo_teleop/package.dsv
-- Up-to-date symlink: /home/situjet/Desktop/leo_common-ros2/install/leo_teleop/share/ament_index/resource_index/packages/leo_teleop
-- Up-to-date symlink: /home/situjet/Desktop/leo_common-ros2/install/leo_teleop/share/leo_teleop/cmake/leo_teleopConfig.cmake
-- Up-to-date symlink: /home/situjet/Desktop/leo_common-ros2/install/leo_teleop/share/leo_teleop/cmake/leo_teleopConfig-version.cmake
-- Up-to-date symlink: /home/situjet/Desktop/leo_common-ros2/install/leo_teleop/share/leo_teleop/package.xml
