[1.834s] Invoking command in '/home/pi/LeoRover-SLAM-ROS2/leo_common-ros2/build/leo': CMAKE_PREFIX_PATH=/home/pi/LeoRover-SLAM-ROS2/leo_common-ros2/install/leo_teleop:/home/pi/LeoRover-SLAM-ROS2/leo_common-ros2/install/leo_msgs:/home/pi/LeoRover-SLAM-ROS2/leo_common-ros2/install/leo_description:/home/pi/LeoRover-SLAM-ROS2/leo_common-ros2/install/leo_desktop:/home/pi/LeoRover-SLAM-ROS2/leo_common-ros2/install/leo_viz:/home/pi/LeoRover-SLAM-ROS2/leo_common-ros2/install/leo:/home/pi/LeoRover-SLAM-ROS2/aruco_ros/install/aruco_ros:/home/pi/LeoRover-SLAM-ROS2/aruco_ros/install/aruco_msgs:/home/pi/LeoRover-SLAM-ROS2/aruco_ros/install/aruco:/home/pi/LeoRover-SLAM-ROS2/leo_common-ros2/install/programmed_drive:/opt/ros/humble /usr/bin/cmake --build /home/pi/LeoRover-SLAM-ROS2/leo_common-ros2/build/leo -- -j4 -l4
[2.604s] Invoked command in '/home/pi/LeoRover-SLAM-ROS2/leo_common-ros2/build/leo' returned '0': CMAKE_PREFIX_PATH=/home/pi/LeoRover-SLAM-ROS2/leo_common-ros2/install/leo_teleop:/home/pi/LeoRover-SLAM-ROS2/leo_common-ros2/install/leo_msgs:/home/pi/LeoRover-SLAM-ROS2/leo_common-ros2/install/leo_description:/home/pi/LeoRover-SLAM-ROS2/leo_common-ros2/install/leo_desktop:/home/pi/LeoRover-SLAM-ROS2/leo_common-ros2/install/leo_viz:/home/pi/LeoRover-SLAM-ROS2/leo_common-ros2/install/leo:/home/pi/LeoRover-SLAM-ROS2/aruco_ros/install/aruco_ros:/home/pi/LeoRover-SLAM-ROS2/aruco_ros/install/aruco_msgs:/home/pi/LeoRover-SLAM-ROS2/aruco_ros/install/aruco:/home/pi/LeoRover-SLAM-ROS2/leo_common-ros2/install/programmed_drive:/opt/ros/humble /usr/bin/cmake --build /home/pi/LeoRover-SLAM-ROS2/leo_common-ros2/build/leo -- -j4 -l4
[2.934s] Invoking command in '/home/pi/LeoRover-SLAM-ROS2/leo_common-ros2/build/leo': CMAKE_PREFIX_PATH=/home/pi/LeoRover-SLAM-ROS2/leo_common-ros2/install/leo_teleop:/home/pi/LeoRover-SLAM-ROS2/leo_common-ros2/install/leo_msgs:/home/pi/LeoRover-SLAM-ROS2/leo_common-ros2/install/leo_description:/home/pi/LeoRover-SLAM-ROS2/leo_common-ros2/install/leo_desktop:/home/pi/LeoRover-SLAM-ROS2/leo_common-ros2/install/leo_viz:/home/pi/LeoRover-SLAM-ROS2/leo_common-ros2/install/leo:/home/pi/LeoRover-SLAM-ROS2/aruco_ros/install/aruco_ros:/home/pi/LeoRover-SLAM-ROS2/aruco_ros/install/aruco_msgs:/home/pi/LeoRover-SLAM-ROS2/aruco_ros/install/aruco:/home/pi/LeoRover-SLAM-ROS2/leo_common-ros2/install/programmed_drive:/opt/ros/humble /usr/bin/cmake --install /home/pi/LeoRover-SLAM-ROS2/leo_common-ros2/build/leo
[3.118s] -- Install configuration: ""
[3.135s] -- Up-to-date: /home/pi/LeoRover-SLAM-ROS2/leo_common-ros2/install/leo/share/ament_index/resource_index/package_run_dependencies/leo
[3.157s] -- Up-to-date: /home/pi/LeoRover-SLAM-ROS2/leo_common-ros2/install/leo/share/ament_index/resource_index/parent_prefix_path/leo
[3.160s] -- Up-to-date: /home/pi/LeoRover-SLAM-ROS2/leo_common-ros2/install/leo/share/leo/environment/ament_prefix_path.sh
[3.167s] -- Up-to-date: /home/pi/LeoRover-SLAM-ROS2/leo_common-ros2/install/leo/share/leo/environment/ament_prefix_path.dsv
[3.168s] -- Up-to-date: /home/pi/LeoRover-SLAM-ROS2/leo_common-ros2/install/leo/share/leo/environment/path.sh
[3.175s] -- Up-to-date: /home/pi/LeoRover-SLAM-ROS2/leo_common-ros2/install/leo/share/leo/environment/path.dsv
[3.180s] -- Up-to-date: /home/pi/LeoRover-SLAM-ROS2/leo_common-ros2/install/leo/share/leo/local_setup.bash
[3.182s] -- Up-to-date: /home/pi/LeoRover-SLAM-ROS2/leo_common-ros2/install/leo/share/leo/local_setup.sh
[3.187s] -- Up-to-date: /home/pi/LeoRover-SLAM-ROS2/leo_common-ros2/install/leo/share/leo/local_setup.zsh
[3.196s] -- Up-to-date: /home/pi/LeoRover-SLAM-ROS2/leo_common-ros2/install/leo/share/leo/local_setup.dsv
[3.202s] -- Installing: /home/pi/LeoRover-SLAM-ROS2/leo_common-ros2/install/leo/share/leo/package.dsv
[3.205s] -- Up-to-date: /home/pi/LeoRover-SLAM-ROS2/leo_common-ros2/install/leo/share/ament_index/resource_index/packages/leo
[3.212s] -- Up-to-date: /home/pi/LeoRover-SLAM-ROS2/leo_common-ros2/install/leo/share/leo/cmake/leoConfig.cmake
[3.215s] -- Up-to-date: /home/pi/LeoRover-SLAM-ROS2/leo_common-ros2/install/leo/share/leo/cmake/leoConfig-version.cmake
[3.219s] -- Up-to-date: /home/pi/LeoRover-SLAM-ROS2/leo_common-ros2/install/leo/share/leo/package.xml
[3.222s] Invoked command in '/home/pi/LeoRover-SLAM-ROS2/leo_common-ros2/build/leo' returned '0': CMAKE_PREFIX_PATH=/home/pi/LeoRover-SLAM-ROS2/leo_common-ros2/install/leo_teleop:/home/pi/LeoRover-SLAM-ROS2/leo_common-ros2/install/leo_msgs:/home/pi/LeoRover-SLAM-ROS2/leo_common-ros2/install/leo_description:/home/pi/LeoRover-SLAM-ROS2/leo_common-ros2/install/leo_desktop:/home/pi/LeoRover-SLAM-ROS2/leo_common-ros2/install/leo_viz:/home/pi/LeoRover-SLAM-ROS2/leo_common-ros2/install/leo:/home/pi/LeoRover-SLAM-ROS2/aruco_ros/install/aruco_ros:/home/pi/LeoRover-SLAM-ROS2/aruco_ros/install/aruco_msgs:/home/pi/LeoRover-SLAM-ROS2/aruco_ros/install/aruco:/home/pi/LeoRover-SLAM-ROS2/leo_common-ros2/install/programmed_drive:/opt/ros/humble /usr/bin/cmake --install /home/pi/LeoRover-SLAM-ROS2/leo_common-ros2/build/leo
