[0.303s] Invoking command in '/home/situjet/Desktop/leo_common-ros2/src/build/leo_msgs': CMAKE_PREFIX_PATH=${CMAKE_PREFIX_PATH}:/opt/ros/humble /home/situjet/.local/bin/cmake /home/situjet/Desktop/leo_common-ros2/src/leo_msgs -DAMENT_CMAKE_SYMLINK_INSTALL=1 -DCMAKE_INSTALL_PREFIX=/home/situjet/Desktop/leo_common-ros2/src/install/leo_msgs
[0.353s] -- The C compiler identification is GNU 11.4.0
[0.401s] -- The CXX compiler identification is GNU 11.4.0
[0.412s] -- Detecting C compiler ABI info
[0.454s] -- Detecting C compiler ABI info - done
[0.463s] -- Check for working C compiler: /usr/bin/cc - skipped
[0.464s] -- Detecting C compile features
[0.464s] -- Detecting C compile features - done
[0.470s] -- Detecting CXX compiler ABI info
[0.521s] -- Detecting CXX compiler ABI info - done
[0.541s] -- Check for working CXX compiler: /usr/bin/c++ - skipped
[0.542s] -- Detecting CXX compile features
[0.542s] -- Detecting CXX compile features - done
[0.547s] -- Found ament_cmake: 1.3.5 (/opt/ros/humble/share/ament_cmake/cmake)
[0.956s] -- Found Python3: /usr/bin/python3.10 (found version "3.10.12") found components: Interpreter 
[1.009s] -- Override CMake install command with custom implementation using symlinks instead of copying resources
[1.050s] -- Found rosidl_default_generators: 1.2.0 (/opt/ros/humble/share/rosidl_default_generators/cmake)
[1.055s] -- Using all available rosidl_typesupport_c: rosidl_typesupport_fastrtps_c;rosidl_typesupport_introspection_c
[1.064s] -- Found rosidl_adapter: 3.1.5 (/opt/ros/humble/share/rosidl_adapter/cmake)
[1.121s] -- Using all available rosidl_typesupport_cpp: rosidl_typesupport_fastrtps_cpp;rosidl_typesupport_introspection_cpp
[1.168s] -- Found builtin_interfaces: 1.2.1 (/opt/ros/humble/share/builtin_interfaces/cmake)
[1.568s] -- Found ament_cmake_ros: 0.10.0 (/opt/ros/humble/share/ament_cmake_ros/cmake)
[1.920s] -- Using all available rosidl_typesupport_c: rosidl_typesupport_fastrtps_c;rosidl_typesupport_introspection_c
[2.377s] -- Using all available rosidl_typesupport_cpp: rosidl_typesupport_fastrtps_cpp;rosidl_typesupport_introspection_cpp
[2.380s] [33mCMake Warning (dev) at /opt/ros/humble/share/rosidl_generator_py/cmake/rosidl_generator_py_generate_interfaces.cmake:20 (find_package):
[2.380s]   Policy CMP0148 is not set: The FindPythonInterp and FindPythonLibs modules
[2.380s]   are removed.  Run "cmake --help-policy CMP0148" for policy details.  Use
[2.380s]   the cmake_policy command to set the policy and suppress this warning.
[2.380s] 
[2.380s] Call Stack (most recent call first):
[2.380s]   /opt/ros/humble/share/ament_cmake_core/cmake/core/ament_execute_extensions.cmake:48 (include)
[2.380s]   /opt/ros/humble/share/rosidl_cmake/cmake/rosidl_generate_interfaces.cmake:286 (ament_execute_extensions)
[2.380s]   CMakeLists.txt:8 (rosidl_generate_interfaces)
[2.380s] This warning is for project developers.  Use -Wno-dev to suppress it.
[2.380s] [0m
[2.397s] -- Found PythonInterp: /usr/bin/python3 (found suitable version "3.10.12", minimum required is "3.6") 
[2.399s] -- Found python_cmake_module: 0.10.0 (/opt/ros/humble/share/python_cmake_module/cmake)
[2.400s] [33mCMake Warning (dev) at /opt/ros/humble/share/python_cmake_module/cmake/Modules/FindPythonExtra.cmake:52 (find_package):
[2.400s]   Policy CMP0148 is not set: The FindPythonInterp and FindPythonLibs modules
[2.400s]   are removed.  Run "cmake --help-policy CMP0148" for policy details.  Use
[2.400s]   the cmake_policy command to set the policy and suppress this warning.
[2.400s] 
[2.400s] Call Stack (most recent call first):
[2.400s]   /opt/ros/humble/share/rosidl_generator_py/cmake/rosidl_generator_py_generate_interfaces.cmake:23 (find_package)
[2.400s]   /opt/ros/humble/share/ament_cmake_core/cmake/core/ament_execute_extensions.cmake:48 (include)
[2.400s]   /opt/ros/humble/share/rosidl_cmake/cmake/rosidl_generate_interfaces.cmake:286 (ament_execute_extensions)
[2.400s]   CMakeLists.txt:8 (rosidl_generate_interfaces)
[2.400s] This warning is for project developers.  Use -Wno-dev to suppress it.
[2.400s] [0m
[2.418s] [33mCMake Warning (dev) at /opt/ros/humble/share/python_cmake_module/cmake/Modules/FindPythonExtra.cmake:140 (find_package):
[2.418s]   Policy CMP0148 is not set: The FindPythonInterp and FindPythonLibs modules
[2.418s]   are removed.  Run "cmake --help-policy CMP0148" for policy details.  Use
[2.418s]   the cmake_policy command to set the policy and suppress this warning.
[2.418s] 
[2.418s] Call Stack (most recent call first):
[2.418s]   /opt/ros/humble/share/rosidl_generator_py/cmake/rosidl_generator_py_generate_interfaces.cmake:23 (find_package)
[2.418s]   /opt/ros/humble/share/ament_cmake_core/cmake/core/ament_execute_extensions.cmake:48 (include)
[2.418s]   /opt/ros/humble/share/rosidl_cmake/cmake/rosidl_generate_interfaces.cmake:286 (ament_execute_extensions)
[2.418s]   CMakeLists.txt:8 (rosidl_generate_interfaces)
[2.418s] This warning is for project developers.  Use -Wno-dev to suppress it.
[2.418s] [0m
[2.424s] -- Found PythonLibs: /usr/lib/x86_64-linux-gnu/libpython3.10.so (found suitable version "3.10.12", minimum required is "3.5") 
[2.424s] -- Using PYTHON_EXECUTABLE: /usr/bin/python3
[2.424s] -- Using PYTHON_INCLUDE_DIRS: /usr/include/python3.10
[2.424s] -- Using PYTHON_LIBRARIES: /usr/lib/x86_64-linux-gnu/libpython3.10.so
[2.442s] -- Found PythonExtra: .so  
[2.490s] -- Configuring done (2.2s)
[2.526s] -- Generating done (0.0s)
[2.528s] -- Build files have been written to: /home/situjet/Desktop/leo_common-ros2/src/build/leo_msgs
[2.537s] Invoked command in '/home/situjet/Desktop/leo_common-ros2/src/build/leo_msgs' returned '0': CMAKE_PREFIX_PATH=${CMAKE_PREFIX_PATH}:/opt/ros/humble /home/situjet/.local/bin/cmake /home/situjet/Desktop/leo_common-ros2/src/leo_msgs -DAMENT_CMAKE_SYMLINK_INSTALL=1 -DCMAKE_INSTALL_PREFIX=/home/situjet/Desktop/leo_common-ros2/src/install/leo_msgs
[2.538s] Invoking command in '/home/situjet/Desktop/leo_common-ros2/src/build/leo_msgs': CMAKE_PREFIX_PATH=${CMAKE_PREFIX_PATH}:/opt/ros/humble /home/situjet/.local/bin/cmake --build /home/situjet/Desktop/leo_common-ros2/src/build/leo_msgs -- -j12 -l12
[2.573s] [  1%] [34m[1mGenerating C code for ROS interfaces[0m
[2.576s] [  3%] [34m[1mGenerating C++ code for ROS interfaces[0m
[2.578s] [  3%] Built target ament_cmake_python_symlink_leo_msgs
[2.801s] running egg_info
[2.801s] creating leo_msgs.egg-info
[2.801s] writing leo_msgs.egg-info/PKG-INFO
[2.801s] writing dependency_links to leo_msgs.egg-info/dependency_links.txt
[2.801s] writing top-level names to leo_msgs.egg-info/top_level.txt
[2.803s] writing manifest file 'leo_msgs.egg-info/SOURCES.txt'
[2.804s] reading manifest file 'leo_msgs.egg-info/SOURCES.txt'
[2.805s] writing manifest file 'leo_msgs.egg-info/SOURCES.txt'
[2.821s] [  3%] Built target ament_cmake_python_build_leo_msgs_egg
[3.058s] [  3%] Built target leo_msgs__cpp
[3.061s] [  4%] [34m[1mGenerating C++ type support dispatch for ROS interfaces[0m
[3.061s] [  6%] [34m[1mGenerating C++ type support for eProsima Fast-RTPS[0m
[3.061s] [  7%] [34m[1mGenerating C++ introspection for ROS interfaces[0m
[3.098s] [  9%] [32mBuilding C object CMakeFiles/leo_msgs__rosidl_generator_c.dir/rosidl_generator_c/leo_msgs/msg/detail/imu__functions.c.o[0m
[3.099s] [ 11%] [32mBuilding C object CMakeFiles/leo_msgs__rosidl_generator_c.dir/rosidl_generator_c/leo_msgs/msg/detail/wheel_odom__functions.c.o[0m
[3.099s] [ 12%] [32mBuilding C object CMakeFiles/leo_msgs__rosidl_generator_c.dir/rosidl_generator_c/leo_msgs/msg/detail/wheel_odom_mecanum__functions.c.o[0m
[3.100s] [ 15%] [32mBuilding C object CMakeFiles/leo_msgs__rosidl_generator_c.dir/rosidl_generator_c/leo_msgs/msg/detail/wheel_states__functions.c.o[0m
[3.100s] [ 15%] [32mBuilding C object CMakeFiles/leo_msgs__rosidl_generator_c.dir/rosidl_generator_c/leo_msgs/srv/detail/set_imu_calibration__functions.c.o[0m
[3.162s] [ 17%] [32m[1mLinking C shared library libleo_msgs__rosidl_generator_c.so[0m
[3.182s] [ 17%] Built target leo_msgs__rosidl_generator_c
[3.185s] [ 19%] [34m[1mGenerating C type support for eProsima Fast-RTPS[0m
[3.186s] [ 20%] [34m[1mGenerating C introspection for ROS interfaces[0m
[3.186s] [ 22%] [34m[1mGenerating C type support dispatch for ROS interfaces[0m
[3.441s] [ 23%] [32mBuilding CXX object CMakeFiles/leo_msgs__rosidl_typesupport_cpp.dir/rosidl_typesupport_cpp/leo_msgs/msg/imu__type_support.cpp.o[0m
[3.441s] [ 26%] [32mBuilding CXX object CMakeFiles/leo_msgs__rosidl_typesupport_cpp.dir/rosidl_typesupport_cpp/leo_msgs/msg/wheel_states__type_support.cpp.o[0m
[3.442s] [ 28%] [32mBuilding CXX object CMakeFiles/leo_msgs__rosidl_typesupport_cpp.dir/rosidl_typesupport_cpp/leo_msgs/msg/wheel_odom__type_support.cpp.o[0m
[3.442s] [ 28%] [32mBuilding CXX object CMakeFiles/leo_msgs__rosidl_typesupport_cpp.dir/rosidl_typesupport_cpp/leo_msgs/msg/wheel_odom_mecanum__type_support.cpp.o[0m
[3.442s] [ 30%] [32mBuilding CXX object CMakeFiles/leo_msgs__rosidl_typesupport_cpp.dir/rosidl_typesupport_cpp/leo_msgs/srv/set_imu_calibration__type_support.cpp.o[0m
[3.481s] [ 31%] [32mBuilding CXX object CMakeFiles/leo_msgs__rosidl_typesupport_introspection_cpp.dir/rosidl_typesupport_introspection_cpp/leo_msgs/msg/detail/imu__type_support.cpp.o[0m
[3.481s] [ 33%] [32mBuilding CXX object CMakeFiles/leo_msgs__rosidl_typesupport_introspection_cpp.dir/rosidl_typesupport_introspection_cpp/leo_msgs/msg/detail/wheel_odom__type_support.cpp.o[0m
[3.481s] [ 34%] [32mBuilding CXX object CMakeFiles/leo_msgs__rosidl_typesupport_introspection_cpp.dir/rosidl_typesupport_introspection_cpp/leo_msgs/msg/detail/wheel_odom_mecanum__type_support.cpp.o[0m
[3.643s] [ 36%] [32mBuilding CXX object CMakeFiles/leo_msgs__rosidl_typesupport_c.dir/rosidl_typesupport_c/leo_msgs/msg/imu__type_support.cpp.o[0m
[3.662s] [ 38%] [32mBuilding CXX object CMakeFiles/leo_msgs__rosidl_typesupport_fastrtps_cpp.dir/rosidl_typesupport_fastrtps_cpp/leo_msgs/msg/detail/dds_fastrtps/imu__type_support.cpp.o[0m
[3.676s] [ 39%] [32mBuilding CXX object CMakeFiles/leo_msgs__rosidl_typesupport_c.dir/rosidl_typesupport_c/leo_msgs/msg/wheel_odom__type_support.cpp.o[0m
[3.707s] [ 41%] [32mBuilding CXX object CMakeFiles/leo_msgs__rosidl_typesupport_c.dir/rosidl_typesupport_c/leo_msgs/msg/wheel_odom_mecanum__type_support.cpp.o[0m
[3.738s] [ 42%] [32mBuilding CXX object CMakeFiles/leo_msgs__rosidl_typesupport_c.dir/rosidl_typesupport_c/leo_msgs/msg/wheel_states__type_support.cpp.o[0m
[3.769s] [ 44%] [32mBuilding CXX object CMakeFiles/leo_msgs__rosidl_typesupport_c.dir/rosidl_typesupport_c/leo_msgs/srv/set_imu_calibration__type_support.cpp.o[0m
[3.794s] [ 46%] [32mBuilding C object CMakeFiles/leo_msgs__rosidl_typesupport_introspection_c.dir/rosidl_typesupport_introspection_c/leo_msgs/msg/detail/imu__type_support.c.o[0m
[3.803s] [ 47%] [32m[1mLinking CXX shared library libleo_msgs__rosidl_typesupport_c.so[0m
[3.810s] [ 49%] [32mBuilding CXX object CMakeFiles/leo_msgs__rosidl_typesupport_fastrtps_c.dir/rosidl_typesupport_fastrtps_c/leo_msgs/msg/detail/imu__type_support_c.cpp.o[0m
[3.813s] [ 50%] [32mBuilding C object CMakeFiles/leo_msgs__rosidl_typesupport_introspection_c.dir/rosidl_typesupport_introspection_c/leo_msgs/msg/detail/wheel_odom__type_support.c.o[0m
[3.820s] [ 52%] [32mBuilding CXX object CMakeFiles/leo_msgs__rosidl_typesupport_introspection_cpp.dir/rosidl_typesupport_introspection_cpp/leo_msgs/msg/detail/wheel_states__type_support.cpp.o[0m
[3.820s] [ 53%] [32mBuilding CXX object CMakeFiles/leo_msgs__rosidl_typesupport_fastrtps_cpp.dir/rosidl_typesupport_fastrtps_cpp/leo_msgs/msg/detail/dds_fastrtps/wheel_odom__type_support.cpp.o[0m
[3.820s] [ 55%] [32mBuilding CXX object CMakeFiles/leo_msgs__rosidl_typesupport_introspection_cpp.dir/rosidl_typesupport_introspection_cpp/leo_msgs/srv/detail/set_imu_calibration__type_support.cpp.o[0m
[3.822s] [ 57%] [32m[1mLinking CXX shared library libleo_msgs__rosidl_typesupport_cpp.so[0m
[3.830s] [ 58%] [32mBuilding C object CMakeFiles/leo_msgs__rosidl_typesupport_introspection_c.dir/rosidl_typesupport_introspection_c/leo_msgs/msg/detail/wheel_odom_mecanum__type_support.c.o[0m
[3.846s] [ 58%] Built target leo_msgs__rosidl_typesupport_c
[3.850s] [ 60%] [32mBuilding CXX object CMakeFiles/leo_msgs__rosidl_typesupport_fastrtps_c.dir/rosidl_typesupport_fastrtps_c/leo_msgs/msg/detail/wheel_odom__type_support_c.cpp.o[0m
[3.852s] [ 61%] [32mBuilding C object CMakeFiles/leo_msgs__rosidl_typesupport_introspection_c.dir/rosidl_typesupport_introspection_c/leo_msgs/msg/detail/wheel_states__type_support.c.o[0m
[3.863s] [ 61%] Built target leo_msgs__rosidl_typesupport_cpp
[3.867s] [ 63%] [32mBuilding CXX object CMakeFiles/leo_msgs__rosidl_typesupport_fastrtps_c.dir/rosidl_typesupport_fastrtps_c/leo_msgs/msg/detail/wheel_odom_mecanum__type_support_c.cpp.o[0m
[3.867s] [ 65%] [32mBuilding C object CMakeFiles/leo_msgs__rosidl_typesupport_introspection_c.dir/rosidl_typesupport_introspection_c/leo_msgs/srv/detail/set_imu_calibration__type_support.c.o[0m
[3.904s] [ 66%] [32mBuilding CXX object CMakeFiles/leo_msgs__rosidl_typesupport_fastrtps_c.dir/rosidl_typesupport_fastrtps_c/leo_msgs/msg/detail/wheel_states__type_support_c.cpp.o[0m
[3.908s] [ 68%] [32m[1mLinking C shared library libleo_msgs__rosidl_typesupport_introspection_c.so[0m
[3.953s] [ 68%] Built target leo_msgs__rosidl_typesupport_introspection_c
[3.957s] [ 69%] [32mBuilding CXX object CMakeFiles/leo_msgs__rosidl_typesupport_fastrtps_c.dir/rosidl_typesupport_fastrtps_c/leo_msgs/srv/detail/set_imu_calibration__type_support_c.cpp.o[0m
[4.023s] [ 71%] [32mBuilding CXX object CMakeFiles/leo_msgs__rosidl_typesupport_fastrtps_cpp.dir/rosidl_typesupport_fastrtps_cpp/leo_msgs/msg/detail/dds_fastrtps/wheel_odom_mecanum__type_support.cpp.o[0m
[4.025s] [ 73%] [32mBuilding CXX object CMakeFiles/leo_msgs__rosidl_typesupport_fastrtps_cpp.dir/rosidl_typesupport_fastrtps_cpp/leo_msgs/msg/detail/dds_fastrtps/wheel_states__type_support.cpp.o[0m
[4.027s] [ 74%] [32mBuilding CXX object CMakeFiles/leo_msgs__rosidl_typesupport_fastrtps_cpp.dir/rosidl_typesupport_fastrtps_cpp/leo_msgs/srv/detail/dds_fastrtps/set_imu_calibration__type_support.cpp.o[0m
[4.398s] [ 76%] [32m[1mLinking CXX shared library libleo_msgs__rosidl_typesupport_introspection_cpp.so[0m
[4.401s] [ 77%] [32m[1mLinking CXX shared library libleo_msgs__rosidl_typesupport_fastrtps_c.so[0m
[4.461s] [ 77%] Built target leo_msgs__rosidl_typesupport_introspection_cpp
[4.466s] [ 77%] Built target leo_msgs__rosidl_typesupport_fastrtps_c
[4.519s] [ 79%] [32m[1mLinking CXX shared library libleo_msgs__rosidl_typesupport_fastrtps_cpp.so[0m
[4.567s] [ 79%] Built target leo_msgs__rosidl_typesupport_fastrtps_cpp
[4.573s] [ 79%] Built target leo_msgs
[4.580s] [ 80%] [34m[1mGenerating Python code for ROS interfaces[0m
[5.376s] [ 80%] Built target leo_msgs__py
[5.382s] [ 82%] [32mBuilding C object CMakeFiles/leo_msgs__rosidl_generator_py.dir/rosidl_generator_py/leo_msgs/msg/_imu_s.c.o[0m
[5.383s] [ 84%] [32mBuilding C object CMakeFiles/leo_msgs__rosidl_generator_py.dir/rosidl_generator_py/leo_msgs/msg/_wheel_odom_s.c.o[0m
[5.383s] [ 85%] [32mBuilding C object CMakeFiles/leo_msgs__rosidl_generator_py.dir/rosidl_generator_py/leo_msgs/msg/_wheel_odom_mecanum_s.c.o[0m
[5.383s] [ 87%] [32mBuilding C object CMakeFiles/leo_msgs__rosidl_generator_py.dir/rosidl_generator_py/leo_msgs/msg/_wheel_states_s.c.o[0m
[5.383s] [ 88%] [32mBuilding C object CMakeFiles/leo_msgs__rosidl_generator_py.dir/rosidl_generator_py/leo_msgs/srv/_set_imu_calibration_s.c.o[0m
[5.472s] [ 90%] [32m[1mLinking C shared library rosidl_generator_py/leo_msgs/libleo_msgs__rosidl_generator_py.so[0m
[5.494s] [ 90%] Built target leo_msgs__rosidl_generator_py
[5.500s] [ 92%] [32mBuilding C object CMakeFiles/leo_msgs__rosidl_typesupport_fastrtps_c__pyext.dir/rosidl_generator_py/leo_msgs/_leo_msgs_s.ep.rosidl_typesupport_fastrtps_c.c.o[0m
[5.500s] [ 93%] [32mBuilding C object CMakeFiles/leo_msgs__rosidl_typesupport_introspection_c__pyext.dir/rosidl_generator_py/leo_msgs/_leo_msgs_s.ep.rosidl_typesupport_introspection_c.c.o[0m
[5.501s] [ 95%] [32mBuilding C object CMakeFiles/leo_msgs__rosidl_typesupport_c__pyext.dir/rosidl_generator_py/leo_msgs/_leo_msgs_s.ep.rosidl_typesupport_c.c.o[0m
[5.588s] [ 96%] [32m[1mLinking C shared library rosidl_generator_py/leo_msgs/leo_msgs_s__rosidl_typesupport_c.cpython-310-x86_64-linux-gnu.so[0m
[5.589s] [ 98%] [32m[1mLinking C shared library rosidl_generator_py/leo_msgs/leo_msgs_s__rosidl_typesupport_fastrtps_c.cpython-310-x86_64-linux-gnu.so[0m
[5.589s] [100%] [32m[1mLinking C shared library rosidl_generator_py/leo_msgs/leo_msgs_s__rosidl_typesupport_introspection_c.cpython-310-x86_64-linux-gnu.so[0m
[5.608s] [100%] Built target leo_msgs__rosidl_typesupport_fastrtps_c__pyext
[5.608s] [100%] Built target leo_msgs__rosidl_typesupport_introspection_c__pyext
[5.608s] [100%] Built target leo_msgs__rosidl_typesupport_c__pyext
[5.615s] Invoked command in '/home/situjet/Desktop/leo_common-ros2/src/build/leo_msgs' returned '0': CMAKE_PREFIX_PATH=${CMAKE_PREFIX_PATH}:/opt/ros/humble /home/situjet/.local/bin/cmake --build /home/situjet/Desktop/leo_common-ros2/src/build/leo_msgs -- -j12 -l12
[5.720s] Invoking command in '/home/situjet/Desktop/leo_common-ros2/src/build/leo_msgs': CMAKE_PREFIX_PATH=${CMAKE_PREFIX_PATH}:/opt/ros/humble /home/situjet/.local/bin/cmake --install /home/situjet/Desktop/leo_common-ros2/src/build/leo_msgs
[5.743s] -- Install configuration: ""
[5.743s] -- Execute custom install script
[5.743s] -- Symlinking: /home/situjet/Desktop/leo_common-ros2/src/install/leo_msgs/share/ament_index/resource_index/rosidl_interfaces/leo_msgs
[5.746s] -- Symlinking: /home/situjet/Desktop/leo_common-ros2/src/install/leo_msgs/include/leo_msgs/leo_msgs/msg/detail/imu__functions.h
[5.748s] -- Symlinking: /home/situjet/Desktop/leo_common-ros2/src/install/leo_msgs/include/leo_msgs/leo_msgs/msg/detail/imu__struct.h
[5.750s] -- Symlinking: /home/situjet/Desktop/leo_common-ros2/src/install/leo_msgs/include/leo_msgs/leo_msgs/msg/detail/imu__type_support.h
[5.752s] -- Symlinking: /home/situjet/Desktop/leo_common-ros2/src/install/leo_msgs/include/leo_msgs/leo_msgs/msg/detail/wheel_odom__functions.h
[5.754s] -- Symlinking: /home/situjet/Desktop/leo_common-ros2/src/install/leo_msgs/include/leo_msgs/leo_msgs/msg/detail/wheel_odom__struct.h
[5.756s] -- Symlinking: /home/situjet/Desktop/leo_common-ros2/src/install/leo_msgs/include/leo_msgs/leo_msgs/msg/detail/wheel_odom__type_support.h
[5.758s] -- Symlinking: /home/situjet/Desktop/leo_common-ros2/src/install/leo_msgs/include/leo_msgs/leo_msgs/msg/detail/wheel_odom_mecanum__functions.h
[5.760s] -- Symlinking: /home/situjet/Desktop/leo_common-ros2/src/install/leo_msgs/include/leo_msgs/leo_msgs/msg/detail/wheel_odom_mecanum__struct.h
[5.762s] -- Symlinking: /home/situjet/Desktop/leo_common-ros2/src/install/leo_msgs/include/leo_msgs/leo_msgs/msg/detail/wheel_odom_mecanum__type_support.h
[5.764s] -- Symlinking: /home/situjet/Desktop/leo_common-ros2/src/install/leo_msgs/include/leo_msgs/leo_msgs/msg/detail/wheel_states__functions.h
[5.766s] -- Symlinking: /home/situjet/Desktop/leo_common-ros2/src/install/leo_msgs/include/leo_msgs/leo_msgs/msg/detail/wheel_states__struct.h
[5.768s] -- Symlinking: /home/situjet/Desktop/leo_common-ros2/src/install/leo_msgs/include/leo_msgs/leo_msgs/msg/detail/wheel_states__type_support.h
[5.771s] -- Symlinking: /home/situjet/Desktop/leo_common-ros2/src/install/leo_msgs/include/leo_msgs/leo_msgs/msg/imu.h
[5.774s] -- Symlinking: /home/situjet/Desktop/leo_common-ros2/src/install/leo_msgs/include/leo_msgs/leo_msgs/msg/rosidl_generator_c__visibility_control.h
[5.776s] -- Symlinking: /home/situjet/Desktop/leo_common-ros2/src/install/leo_msgs/include/leo_msgs/leo_msgs/msg/wheel_odom.h
[5.779s] -- Symlinking: /home/situjet/Desktop/leo_common-ros2/src/install/leo_msgs/include/leo_msgs/leo_msgs/msg/wheel_odom_mecanum.h
[5.782s] -- Symlinking: /home/situjet/Desktop/leo_common-ros2/src/install/leo_msgs/include/leo_msgs/leo_msgs/msg/wheel_states.h
[5.786s] -- Symlinking: /home/situjet/Desktop/leo_common-ros2/src/install/leo_msgs/include/leo_msgs/leo_msgs/srv/detail/set_imu_calibration__functions.h
[5.789s] -- Symlinking: /home/situjet/Desktop/leo_common-ros2/src/install/leo_msgs/include/leo_msgs/leo_msgs/srv/detail/set_imu_calibration__struct.h
[5.792s] -- Symlinking: /home/situjet/Desktop/leo_common-ros2/src/install/leo_msgs/include/leo_msgs/leo_msgs/srv/detail/set_imu_calibration__type_support.h
[5.796s] -- Symlinking: /home/situjet/Desktop/leo_common-ros2/src/install/leo_msgs/include/leo_msgs/leo_msgs/srv/set_imu_calibration.h
[5.799s] -- Symlinking: /home/situjet/Desktop/leo_common-ros2/src/install/leo_msgs/share/leo_msgs/environment/library_path.sh
[5.803s] -- Symlinking: /home/situjet/Desktop/leo_common-ros2/src/install/leo_msgs/share/leo_msgs/environment/library_path.dsv
[5.807s] -- Symlinking: /home/situjet/Desktop/leo_common-ros2/src/install/leo_msgs/include/leo_msgs/leo_msgs/msg/detail/imu__rosidl_typesupport_fastrtps_c.h
[5.810s] -- Symlinking: /home/situjet/Desktop/leo_common-ros2/src/install/leo_msgs/include/leo_msgs/leo_msgs/msg/detail/wheel_odom__rosidl_typesupport_fastrtps_c.h
[5.813s] -- Symlinking: /home/situjet/Desktop/leo_common-ros2/src/install/leo_msgs/include/leo_msgs/leo_msgs/msg/detail/wheel_odom_mecanum__rosidl_typesupport_fastrtps_c.h
[5.817s] -- Symlinking: /home/situjet/Desktop/leo_common-ros2/src/install/leo_msgs/include/leo_msgs/leo_msgs/msg/detail/wheel_states__rosidl_typesupport_fastrtps_c.h
[5.820s] -- Symlinking: /home/situjet/Desktop/leo_common-ros2/src/install/leo_msgs/include/leo_msgs/leo_msgs/msg/rosidl_typesupport_fastrtps_c__visibility_control.h
[5.823s] -- Symlinking: /home/situjet/Desktop/leo_common-ros2/src/install/leo_msgs/include/leo_msgs/leo_msgs/srv/detail/set_imu_calibration__rosidl_typesupport_fastrtps_c.h
[5.827s] -- Symlinking: /home/situjet/Desktop/leo_common-ros2/src/install/leo_msgs/include/leo_msgs/leo_msgs/msg/detail/imu__rosidl_typesupport_introspection_c.h
[5.831s] -- Symlinking: /home/situjet/Desktop/leo_common-ros2/src/install/leo_msgs/include/leo_msgs/leo_msgs/msg/detail/wheel_odom__rosidl_typesupport_introspection_c.h
[5.834s] -- Symlinking: /home/situjet/Desktop/leo_common-ros2/src/install/leo_msgs/include/leo_msgs/leo_msgs/msg/detail/wheel_odom_mecanum__rosidl_typesupport_introspection_c.h
[5.837s] -- Symlinking: /home/situjet/Desktop/leo_common-ros2/src/install/leo_msgs/include/leo_msgs/leo_msgs/msg/detail/wheel_states__rosidl_typesupport_introspection_c.h
[5.841s] -- Symlinking: /home/situjet/Desktop/leo_common-ros2/src/install/leo_msgs/include/leo_msgs/leo_msgs/msg/rosidl_typesupport_introspection_c__visibility_control.h
[5.844s] -- Symlinking: /home/situjet/Desktop/leo_common-ros2/src/install/leo_msgs/include/leo_msgs/leo_msgs/srv/detail/set_imu_calibration__rosidl_typesupport_introspection_c.h
[5.848s] -- Symlinking: /home/situjet/Desktop/leo_common-ros2/src/install/leo_msgs/include/leo_msgs/leo_msgs/msg/detail/imu__builder.hpp
[5.852s] -- Symlinking: /home/situjet/Desktop/leo_common-ros2/src/install/leo_msgs/include/leo_msgs/leo_msgs/msg/detail/imu__struct.hpp
[5.855s] -- Symlinking: /home/situjet/Desktop/leo_common-ros2/src/install/leo_msgs/include/leo_msgs/leo_msgs/msg/detail/imu__traits.hpp
[5.858s] -- Symlinking: /home/situjet/Desktop/leo_common-ros2/src/install/leo_msgs/include/leo_msgs/leo_msgs/msg/detail/wheel_odom__builder.hpp
[5.862s] -- Symlinking: /home/situjet/Desktop/leo_common-ros2/src/install/leo_msgs/include/leo_msgs/leo_msgs/msg/detail/wheel_odom__struct.hpp
[5.865s] -- Symlinking: /home/situjet/Desktop/leo_common-ros2/src/install/leo_msgs/include/leo_msgs/leo_msgs/msg/detail/wheel_odom__traits.hpp
[5.868s] -- Symlinking: /home/situjet/Desktop/leo_common-ros2/src/install/leo_msgs/include/leo_msgs/leo_msgs/msg/detail/wheel_odom_mecanum__builder.hpp
[5.872s] -- Symlinking: /home/situjet/Desktop/leo_common-ros2/src/install/leo_msgs/include/leo_msgs/leo_msgs/msg/detail/wheel_odom_mecanum__struct.hpp
[5.875s] -- Symlinking: /home/situjet/Desktop/leo_common-ros2/src/install/leo_msgs/include/leo_msgs/leo_msgs/msg/detail/wheel_odom_mecanum__traits.hpp
[5.878s] -- Symlinking: /home/situjet/Desktop/leo_common-ros2/src/install/leo_msgs/include/leo_msgs/leo_msgs/msg/detail/wheel_states__builder.hpp
[5.882s] -- Symlinking: /home/situjet/Desktop/leo_common-ros2/src/install/leo_msgs/include/leo_msgs/leo_msgs/msg/detail/wheel_states__struct.hpp
[5.885s] -- Symlinking: /home/situjet/Desktop/leo_common-ros2/src/install/leo_msgs/include/leo_msgs/leo_msgs/msg/detail/wheel_states__traits.hpp
[5.888s] -- Symlinking: /home/situjet/Desktop/leo_common-ros2/src/install/leo_msgs/include/leo_msgs/leo_msgs/msg/imu.hpp
[5.892s] -- Symlinking: /home/situjet/Desktop/leo_common-ros2/src/install/leo_msgs/include/leo_msgs/leo_msgs/msg/wheel_odom.hpp
[5.895s] -- Symlinking: /home/situjet/Desktop/leo_common-ros2/src/install/leo_msgs/include/leo_msgs/leo_msgs/msg/wheel_odom_mecanum.hpp
[5.898s] -- Symlinking: /home/situjet/Desktop/leo_common-ros2/src/install/leo_msgs/include/leo_msgs/leo_msgs/msg/wheel_states.hpp
[5.901s] -- Symlinking: /home/situjet/Desktop/leo_common-ros2/src/install/leo_msgs/include/leo_msgs/leo_msgs/srv/detail/set_imu_calibration__builder.hpp
[5.905s] -- Symlinking: /home/situjet/Desktop/leo_common-ros2/src/install/leo_msgs/include/leo_msgs/leo_msgs/srv/detail/set_imu_calibration__struct.hpp
[5.908s] -- Symlinking: /home/situjet/Desktop/leo_common-ros2/src/install/leo_msgs/include/leo_msgs/leo_msgs/srv/detail/set_imu_calibration__traits.hpp
[5.911s] -- Symlinking: /home/situjet/Desktop/leo_common-ros2/src/install/leo_msgs/include/leo_msgs/leo_msgs/srv/set_imu_calibration.hpp
[5.914s] -- Symlinking: /home/situjet/Desktop/leo_common-ros2/src/install/leo_msgs/include/leo_msgs/leo_msgs/msg/detail/imu__rosidl_typesupport_fastrtps_cpp.hpp
[5.916s] -- Symlinking: /home/situjet/Desktop/leo_common-ros2/src/install/leo_msgs/include/leo_msgs/leo_msgs/msg/detail/wheel_odom__rosidl_typesupport_fastrtps_cpp.hpp
[5.918s] -- Symlinking: /home/situjet/Desktop/leo_common-ros2/src/install/leo_msgs/include/leo_msgs/leo_msgs/msg/detail/wheel_odom_mecanum__rosidl_typesupport_fastrtps_cpp.hpp
[5.920s] -- Symlinking: /home/situjet/Desktop/leo_common-ros2/src/install/leo_msgs/include/leo_msgs/leo_msgs/msg/detail/wheel_states__rosidl_typesupport_fastrtps_cpp.hpp
[5.923s] -- Symlinking: /home/situjet/Desktop/leo_common-ros2/src/install/leo_msgs/include/leo_msgs/leo_msgs/msg/rosidl_typesupport_fastrtps_cpp__visibility_control.h
[5.924s] -- Symlinking: /home/situjet/Desktop/leo_common-ros2/src/install/leo_msgs/include/leo_msgs/leo_msgs/srv/detail/set_imu_calibration__rosidl_typesupport_fastrtps_cpp.hpp
[5.927s] -- Symlinking: /home/situjet/Desktop/leo_common-ros2/src/install/leo_msgs/include/leo_msgs/leo_msgs/msg/detail/imu__rosidl_typesupport_introspection_cpp.hpp
[5.929s] -- Symlinking: /home/situjet/Desktop/leo_common-ros2/src/install/leo_msgs/include/leo_msgs/leo_msgs/msg/detail/wheel_odom__rosidl_typesupport_introspection_cpp.hpp
[5.931s] -- Symlinking: /home/situjet/Desktop/leo_common-ros2/src/install/leo_msgs/include/leo_msgs/leo_msgs/msg/detail/wheel_odom_mecanum__rosidl_typesupport_introspection_cpp.hpp
[5.933s] -- Symlinking: /home/situjet/Desktop/leo_common-ros2/src/install/leo_msgs/include/leo_msgs/leo_msgs/msg/detail/wheel_states__rosidl_typesupport_introspection_cpp.hpp
[5.935s] -- Symlinking: /home/situjet/Desktop/leo_common-ros2/src/install/leo_msgs/include/leo_msgs/leo_msgs/srv/detail/set_imu_calibration__rosidl_typesupport_introspection_cpp.hpp
[5.937s] -- Symlinking: /home/situjet/Desktop/leo_common-ros2/src/install/leo_msgs/share/leo_msgs/environment/pythonpath.sh
[5.939s] -- Symlinking: /home/situjet/Desktop/leo_common-ros2/src/install/leo_msgs/share/leo_msgs/environment/pythonpath.dsv
[5.941s] -- Symlinking: /home/situjet/Desktop/leo_common-ros2/src/install/leo_msgs/local/lib/python3.10/dist-packages/leo_msgs-1.1.0-py3.10.egg-info/PKG-INFO
[5.943s] -- Symlinking: /home/situjet/Desktop/leo_common-ros2/src/install/leo_msgs/local/lib/python3.10/dist-packages/leo_msgs-1.1.0-py3.10.egg-info/SOURCES.txt
[5.945s] -- Symlinking: /home/situjet/Desktop/leo_common-ros2/src/install/leo_msgs/local/lib/python3.10/dist-packages/leo_msgs-1.1.0-py3.10.egg-info/dependency_links.txt
[5.947s] -- Symlinking: /home/situjet/Desktop/leo_common-ros2/src/install/leo_msgs/local/lib/python3.10/dist-packages/leo_msgs-1.1.0-py3.10.egg-info/top_level.txt
[5.949s] -- Symlinking: /home/situjet/Desktop/leo_common-ros2/src/install/leo_msgs/local/lib/python3.10/dist-packages/leo_msgs/__init__.py
[5.951s] -- Symlinking: /home/situjet/Desktop/leo_common-ros2/src/install/leo_msgs/local/lib/python3.10/dist-packages/leo_msgs/_leo_msgs_s.ep.rosidl_typesupport_c.c
[5.953s] -- Symlinking: /home/situjet/Desktop/leo_common-ros2/src/install/leo_msgs/local/lib/python3.10/dist-packages/leo_msgs/_leo_msgs_s.ep.rosidl_typesupport_fastrtps_c.c
[5.955s] -- Symlinking: /home/situjet/Desktop/leo_common-ros2/src/install/leo_msgs/local/lib/python3.10/dist-packages/leo_msgs/_leo_msgs_s.ep.rosidl_typesupport_introspection_c.c
[5.957s] -- Symlinking: /home/situjet/Desktop/leo_common-ros2/src/install/leo_msgs/local/lib/python3.10/dist-packages/leo_msgs/leo_msgs_s__rosidl_typesupport_c.cpython-310-x86_64-linux-gnu.so
[5.959s] -- Symlinking: /home/situjet/Desktop/leo_common-ros2/src/install/leo_msgs/local/lib/python3.10/dist-packages/leo_msgs/leo_msgs_s__rosidl_typesupport_fastrtps_c.cpython-310-x86_64-linux-gnu.so
[5.961s] -- Symlinking: /home/situjet/Desktop/leo_common-ros2/src/install/leo_msgs/local/lib/python3.10/dist-packages/leo_msgs/leo_msgs_s__rosidl_typesupport_introspection_c.cpython-310-x86_64-linux-gnu.so
[5.963s] -- Symlinking: /home/situjet/Desktop/leo_common-ros2/src/install/leo_msgs/local/lib/python3.10/dist-packages/leo_msgs/libleo_msgs__rosidl_generator_py.so
[5.965s] -- Symlinking: /home/situjet/Desktop/leo_common-ros2/src/install/leo_msgs/local/lib/python3.10/dist-packages/leo_msgs/msg/__init__.py
[5.967s] -- Symlinking: /home/situjet/Desktop/leo_common-ros2/src/install/leo_msgs/local/lib/python3.10/dist-packages/leo_msgs/msg/_imu.py
[5.969s] -- Symlinking: /home/situjet/Desktop/leo_common-ros2/src/install/leo_msgs/local/lib/python3.10/dist-packages/leo_msgs/msg/_imu_s.c
[5.971s] -- Symlinking: /home/situjet/Desktop/leo_common-ros2/src/install/leo_msgs/local/lib/python3.10/dist-packages/leo_msgs/msg/_wheel_odom.py
[5.973s] -- Symlinking: /home/situjet/Desktop/leo_common-ros2/src/install/leo_msgs/local/lib/python3.10/dist-packages/leo_msgs/msg/_wheel_odom_mecanum.py
[5.975s] -- Symlinking: /home/situjet/Desktop/leo_common-ros2/src/install/leo_msgs/local/lib/python3.10/dist-packages/leo_msgs/msg/_wheel_odom_mecanum_s.c
[5.977s] -- Symlinking: /home/situjet/Desktop/leo_common-ros2/src/install/leo_msgs/local/lib/python3.10/dist-packages/leo_msgs/msg/_wheel_odom_s.c
[5.979s] -- Symlinking: /home/situjet/Desktop/leo_common-ros2/src/install/leo_msgs/local/lib/python3.10/dist-packages/leo_msgs/msg/_wheel_states.py
[5.981s] -- Symlinking: /home/situjet/Desktop/leo_common-ros2/src/install/leo_msgs/local/lib/python3.10/dist-packages/leo_msgs/msg/_wheel_states_s.c
[5.983s] -- Symlinking: /home/situjet/Desktop/leo_common-ros2/src/install/leo_msgs/local/lib/python3.10/dist-packages/leo_msgs/srv/__init__.py
[5.985s] -- Symlinking: /home/situjet/Desktop/leo_common-ros2/src/install/leo_msgs/local/lib/python3.10/dist-packages/leo_msgs/srv/_set_imu_calibration.py
[5.987s] -- Symlinking: /home/situjet/Desktop/leo_common-ros2/src/install/leo_msgs/local/lib/python3.10/dist-packages/leo_msgs/srv/_set_imu_calibration_s.c
[5.990s] -- Up-to-date symlink: /home/situjet/Desktop/leo_common-ros2/src/install/leo_msgs/local/lib/python3.10/dist-packages/leo_msgs/leo_msgs_s__rosidl_typesupport_fastrtps_c.cpython-310-x86_64-linux-gnu.so
[5.990s] -- Up-to-date symlink: /home/situjet/Desktop/leo_common-ros2/src/install/leo_msgs/local/lib/python3.10/dist-packages/leo_msgs/leo_msgs_s__rosidl_typesupport_introspection_c.cpython-310-x86_64-linux-gnu.so
[5.990s] -- Up-to-date symlink: /home/situjet/Desktop/leo_common-ros2/src/install/leo_msgs/local/lib/python3.10/dist-packages/leo_msgs/leo_msgs_s__rosidl_typesupport_c.cpython-310-x86_64-linux-gnu.so
[5.991s] -- Symlinking: /home/situjet/Desktop/leo_common-ros2/src/install/leo_msgs/share/leo_msgs/msg/Imu.idl
[5.993s] -- Symlinking: /home/situjet/Desktop/leo_common-ros2/src/install/leo_msgs/share/leo_msgs/msg/WheelOdom.idl
[5.995s] -- Symlinking: /home/situjet/Desktop/leo_common-ros2/src/install/leo_msgs/share/leo_msgs/msg/WheelOdomMecanum.idl
[5.997s] -- Symlinking: /home/situjet/Desktop/leo_common-ros2/src/install/leo_msgs/share/leo_msgs/msg/WheelStates.idl
[5.999s] -- Symlinking: /home/situjet/Desktop/leo_common-ros2/src/install/leo_msgs/share/leo_msgs/srv/SetImuCalibration.idl
[6.002s] -- Symlinking: /home/situjet/Desktop/leo_common-ros2/src/install/leo_msgs/share/leo_msgs/msg/Imu.msg
[6.004s] -- Symlinking: /home/situjet/Desktop/leo_common-ros2/src/install/leo_msgs/share/leo_msgs/msg/WheelOdom.msg
[6.006s] -- Symlinking: /home/situjet/Desktop/leo_common-ros2/src/install/leo_msgs/share/leo_msgs/msg/WheelOdomMecanum.msg
[6.008s] -- Symlinking: /home/situjet/Desktop/leo_common-ros2/src/install/leo_msgs/share/leo_msgs/msg/WheelStates.msg
[6.010s] -- Symlinking: /home/situjet/Desktop/leo_common-ros2/src/install/leo_msgs/share/leo_msgs/srv/SetImuCalibration.srv
[6.012s] -- Symlinking: /home/situjet/Desktop/leo_common-ros2/src/install/leo_msgs/share/leo_msgs/srv/SetImuCalibration_Request.msg
[6.015s] -- Symlinking: /home/situjet/Desktop/leo_common-ros2/src/install/leo_msgs/share/leo_msgs/srv/SetImuCalibration_Response.msg
[6.017s] -- Symlinking: /home/situjet/Desktop/leo_common-ros2/src/install/leo_msgs/share/ament_index/resource_index/package_run_dependencies/leo_msgs
[6.020s] -- Symlinking: /home/situjet/Desktop/leo_common-ros2/src/install/leo_msgs/share/ament_index/resource_index/parent_prefix_path/leo_msgs
[6.022s] -- Symlinking: /home/situjet/Desktop/leo_common-ros2/src/install/leo_msgs/share/leo_msgs/environment/ament_prefix_path.sh
[6.024s] -- Symlinking: /home/situjet/Desktop/leo_common-ros2/src/install/leo_msgs/share/leo_msgs/environment/ament_prefix_path.dsv
[6.027s] -- Symlinking: /home/situjet/Desktop/leo_common-ros2/src/install/leo_msgs/share/leo_msgs/environment/path.sh
[6.029s] -- Symlinking: /home/situjet/Desktop/leo_common-ros2/src/install/leo_msgs/share/leo_msgs/environment/path.dsv
[6.032s] -- Symlinking: /home/situjet/Desktop/leo_common-ros2/src/install/leo_msgs/share/leo_msgs/local_setup.bash
[6.034s] -- Symlinking: /home/situjet/Desktop/leo_common-ros2/src/install/leo_msgs/share/leo_msgs/local_setup.sh
[6.037s] -- Symlinking: /home/situjet/Desktop/leo_common-ros2/src/install/leo_msgs/share/leo_msgs/local_setup.zsh
[6.040s] -- Symlinking: /home/situjet/Desktop/leo_common-ros2/src/install/leo_msgs/share/leo_msgs/local_setup.dsv
[6.043s] -- Symlinking: /home/situjet/Desktop/leo_common-ros2/src/install/leo_msgs/share/leo_msgs/package.dsv
[6.045s] -- Symlinking: /home/situjet/Desktop/leo_common-ros2/src/install/leo_msgs/share/ament_index/resource_index/packages/leo_msgs
[6.048s] -- Symlinking: /home/situjet/Desktop/leo_common-ros2/src/install/leo_msgs/share/leo_msgs/cmake/rosidl_cmake-extras.cmake
[6.051s] -- Symlinking: /home/situjet/Desktop/leo_common-ros2/src/install/leo_msgs/share/leo_msgs/cmake/ament_cmake_export_dependencies-extras.cmake
[6.054s] -- Symlinking: /home/situjet/Desktop/leo_common-ros2/src/install/leo_msgs/share/leo_msgs/cmake/ament_cmake_export_include_directories-extras.cmake
[6.057s] -- Symlinking: /home/situjet/Desktop/leo_common-ros2/src/install/leo_msgs/share/leo_msgs/cmake/ament_cmake_export_libraries-extras.cmake
[6.060s] -- Symlinking: /home/situjet/Desktop/leo_common-ros2/src/install/leo_msgs/share/leo_msgs/cmake/ament_cmake_export_targets-extras.cmake
[6.064s] -- Symlinking: /home/situjet/Desktop/leo_common-ros2/src/install/leo_msgs/share/leo_msgs/cmake/rosidl_cmake_export_typesupport_targets-extras.cmake
[6.067s] -- Symlinking: /home/situjet/Desktop/leo_common-ros2/src/install/leo_msgs/share/leo_msgs/cmake/rosidl_cmake_export_typesupport_libraries-extras.cmake
[6.071s] -- Symlinking: /home/situjet/Desktop/leo_common-ros2/src/install/leo_msgs/share/leo_msgs/cmake/leo_msgsConfig.cmake
[6.075s] -- Symlinking: /home/situjet/Desktop/leo_common-ros2/src/install/leo_msgs/share/leo_msgs/cmake/leo_msgsConfig-version.cmake
[6.079s] -- Symlinking: /home/situjet/Desktop/leo_common-ros2/src/install/leo_msgs/share/leo_msgs/package.xml
[6.083s] -- Installing: /home/situjet/Desktop/leo_common-ros2/src/install/leo_msgs/lib/libleo_msgs__rosidl_generator_c.so
[6.084s] -- Set runtime path of "/home/situjet/Desktop/leo_common-ros2/src/install/leo_msgs/lib/libleo_msgs__rosidl_generator_c.so" to ""
[6.084s] -- Installing: /home/situjet/Desktop/leo_common-ros2/src/install/leo_msgs/lib/libleo_msgs__rosidl_typesupport_fastrtps_c.so
[6.085s] -- Set runtime path of "/home/situjet/Desktop/leo_common-ros2/src/install/leo_msgs/lib/libleo_msgs__rosidl_typesupport_fastrtps_c.so" to ""
[6.085s] -- Installing: /home/situjet/Desktop/leo_common-ros2/src/install/leo_msgs/lib/libleo_msgs__rosidl_typesupport_introspection_c.so
[6.085s] -- Set runtime path of "/home/situjet/Desktop/leo_common-ros2/src/install/leo_msgs/lib/libleo_msgs__rosidl_typesupport_introspection_c.so" to ""
[6.085s] -- Installing: /home/situjet/Desktop/leo_common-ros2/src/install/leo_msgs/lib/libleo_msgs__rosidl_typesupport_c.so
[6.086s] -- Set runtime path of "/home/situjet/Desktop/leo_common-ros2/src/install/leo_msgs/lib/libleo_msgs__rosidl_typesupport_c.so" to ""
[6.086s] -- Installing: /home/situjet/Desktop/leo_common-ros2/src/install/leo_msgs/lib/libleo_msgs__rosidl_typesupport_fastrtps_cpp.so
[6.086s] -- Set runtime path of "/home/situjet/Desktop/leo_common-ros2/src/install/leo_msgs/lib/libleo_msgs__rosidl_typesupport_fastrtps_cpp.so" to ""
[6.086s] -- Installing: /home/situjet/Desktop/leo_common-ros2/src/install/leo_msgs/lib/libleo_msgs__rosidl_typesupport_introspection_cpp.so
[6.087s] -- Set runtime path of "/home/situjet/Desktop/leo_common-ros2/src/install/leo_msgs/lib/libleo_msgs__rosidl_typesupport_introspection_cpp.so" to ""
[6.087s] -- Installing: /home/situjet/Desktop/leo_common-ros2/src/install/leo_msgs/lib/libleo_msgs__rosidl_typesupport_cpp.so
[6.088s] -- Set runtime path of "/home/situjet/Desktop/leo_common-ros2/src/install/leo_msgs/lib/libleo_msgs__rosidl_typesupport_cpp.so" to ""
[6.122s] Listing '/home/situjet/Desktop/leo_common-ros2/src/install/leo_msgs/local/lib/python3.10/dist-packages/leo_msgs'...
[6.122s] Compiling '/home/situjet/Desktop/leo_common-ros2/src/install/leo_msgs/local/lib/python3.10/dist-packages/leo_msgs/__init__.py'...
[6.122s] Listing '/home/situjet/Desktop/leo_common-ros2/src/install/leo_msgs/local/lib/python3.10/dist-packages/leo_msgs/msg'...
[6.122s] Compiling '/home/situjet/Desktop/leo_common-ros2/src/install/leo_msgs/local/lib/python3.10/dist-packages/leo_msgs/msg/__init__.py'...
[6.122s] Compiling '/home/situjet/Desktop/leo_common-ros2/src/install/leo_msgs/local/lib/python3.10/dist-packages/leo_msgs/msg/_imu.py'...
[6.122s] Compiling '/home/situjet/Desktop/leo_common-ros2/src/install/leo_msgs/local/lib/python3.10/dist-packages/leo_msgs/msg/_wheel_odom.py'...
[6.122s] Compiling '/home/situjet/Desktop/leo_common-ros2/src/install/leo_msgs/local/lib/python3.10/dist-packages/leo_msgs/msg/_wheel_odom_mecanum.py'...
[6.123s] Compiling '/home/situjet/Desktop/leo_common-ros2/src/install/leo_msgs/local/lib/python3.10/dist-packages/leo_msgs/msg/_wheel_states.py'...
[6.123s] Listing '/home/situjet/Desktop/leo_common-ros2/src/install/leo_msgs/local/lib/python3.10/dist-packages/leo_msgs/srv'...
[6.123s] Compiling '/home/situjet/Desktop/leo_common-ros2/src/install/leo_msgs/local/lib/python3.10/dist-packages/leo_msgs/srv/__init__.py'...
[6.123s] Compiling '/home/situjet/Desktop/leo_common-ros2/src/install/leo_msgs/local/lib/python3.10/dist-packages/leo_msgs/srv/_set_imu_calibration.py'...
[6.126s] -- Installing: /home/situjet/Desktop/leo_common-ros2/src/install/leo_msgs/lib/libleo_msgs__rosidl_generator_py.so
[6.126s] -- Set runtime path of "/home/situjet/Desktop/leo_common-ros2/src/install/leo_msgs/lib/libleo_msgs__rosidl_generator_py.so" to ""
[6.126s] -- Installing: /home/situjet/Desktop/leo_common-ros2/src/install/leo_msgs/share/leo_msgs/cmake/export_leo_msgs__rosidl_generator_cExport.cmake
[6.126s] -- Installing: /home/situjet/Desktop/leo_common-ros2/src/install/leo_msgs/share/leo_msgs/cmake/export_leo_msgs__rosidl_generator_cExport-noconfig.cmake
[6.126s] -- Installing: /home/situjet/Desktop/leo_common-ros2/src/install/leo_msgs/share/leo_msgs/cmake/export_leo_msgs__rosidl_typesupport_fastrtps_cExport.cmake
[6.127s] -- Installing: /home/situjet/Desktop/leo_common-ros2/src/install/leo_msgs/share/leo_msgs/cmake/export_leo_msgs__rosidl_typesupport_fastrtps_cExport-noconfig.cmake
[6.127s] -- Installing: /home/situjet/Desktop/leo_common-ros2/src/install/leo_msgs/share/leo_msgs/cmake/leo_msgs__rosidl_typesupport_introspection_cExport.cmake
[6.127s] -- Installing: /home/situjet/Desktop/leo_common-ros2/src/install/leo_msgs/share/leo_msgs/cmake/leo_msgs__rosidl_typesupport_introspection_cExport-noconfig.cmake
[6.127s] -- Installing: /home/situjet/Desktop/leo_common-ros2/src/install/leo_msgs/share/leo_msgs/cmake/leo_msgs__rosidl_typesupport_cExport.cmake
[6.127s] -- Installing: /home/situjet/Desktop/leo_common-ros2/src/install/leo_msgs/share/leo_msgs/cmake/leo_msgs__rosidl_typesupport_cExport-noconfig.cmake
[6.127s] -- Installing: /home/situjet/Desktop/leo_common-ros2/src/install/leo_msgs/share/leo_msgs/cmake/export_leo_msgs__rosidl_generator_cppExport.cmake
[6.127s] -- Installing: /home/situjet/Desktop/leo_common-ros2/src/install/leo_msgs/share/leo_msgs/cmake/export_leo_msgs__rosidl_typesupport_fastrtps_cppExport.cmake
[6.127s] -- Installing: /home/situjet/Desktop/leo_common-ros2/src/install/leo_msgs/share/leo_msgs/cmake/export_leo_msgs__rosidl_typesupport_fastrtps_cppExport-noconfig.cmake
[6.127s] -- Installing: /home/situjet/Desktop/leo_common-ros2/src/install/leo_msgs/share/leo_msgs/cmake/leo_msgs__rosidl_typesupport_introspection_cppExport.cmake
[6.127s] -- Installing: /home/situjet/Desktop/leo_common-ros2/src/install/leo_msgs/share/leo_msgs/cmake/leo_msgs__rosidl_typesupport_introspection_cppExport-noconfig.cmake
[6.127s] -- Installing: /home/situjet/Desktop/leo_common-ros2/src/install/leo_msgs/share/leo_msgs/cmake/leo_msgs__rosidl_typesupport_cppExport.cmake
[6.127s] -- Installing: /home/situjet/Desktop/leo_common-ros2/src/install/leo_msgs/share/leo_msgs/cmake/leo_msgs__rosidl_typesupport_cppExport-noconfig.cmake
[6.128s] -- Installing: /home/situjet/Desktop/leo_common-ros2/src/install/leo_msgs/share/leo_msgs/cmake/export_leo_msgs__rosidl_generator_pyExport.cmake
[6.128s] -- Installing: /home/situjet/Desktop/leo_common-ros2/src/install/leo_msgs/share/leo_msgs/cmake/export_leo_msgs__rosidl_generator_pyExport-noconfig.cmake
[6.133s] Invoked command in '/home/situjet/Desktop/leo_common-ros2/src/build/leo_msgs' returned '0': CMAKE_PREFIX_PATH=${CMAKE_PREFIX_PATH}:/opt/ros/humble /home/situjet/.local/bin/cmake --install /home/situjet/Desktop/leo_common-ros2/src/build/leo_msgs
