[0.121s] Invoking command in '/home/situjet/Desktop/leo_common-ros2/build/leo_teleop': CMAKE_PREFIX_PATH=${CMAKE_PREFIX_PATH}:/opt/ros/humble /home/situjet/.local/bin/cmake --build /home/situjet/Desktop/leo_common-ros2/build/leo_teleop -- -j12 -l12
[0.151s] Invoked command in '/home/situjet/Desktop/leo_common-ros2/build/leo_teleop' returned '0': CMAKE_PREFIX_PATH=${CMAKE_PREFIX_PATH}:/opt/ros/humble /home/situjet/.local/bin/cmake --build /home/situjet/Desktop/leo_common-ros2/build/leo_teleop -- -j12 -l12
[0.210s] Invoking command in '/home/situjet/Desktop/leo_common-ros2/build/leo_teleop': CMAKE_PREFIX_PATH=${CMAKE_PREFIX_PATH}:/opt/ros/humble /home/situjet/.local/bin/cmake --install /home/situjet/Desktop/leo_common-ros2/build/leo_teleop
[0.229s] -- Install configuration: ""
[0.230s] -- Execute custom install script
[0.230s] -- Up-to-date symlink: /home/situjet/Desktop/leo_common-ros2/install/leo_teleop/share/leo_teleop/config/joy_config.yaml
[0.230s] -- Up-to-date symlink: /home/situjet/Desktop/leo_common-ros2/install/leo_teleop/share/leo_teleop/launch/joy_teleop.launch.xml
[0.230s] -- Up-to-date symlink: /home/situjet/Desktop/leo_common-ros2/install/leo_teleop/share/leo_teleop/launch/key_teleop.launch.xml
[0.230s] -- Up-to-date symlink: /home/situjet/Desktop/leo_common-ros2/install/leo_teleop/share/ament_index/resource_index/package_run_dependencies/leo_teleop
[0.230s] -- Up-to-date symlink: /home/situjet/Desktop/leo_common-ros2/install/leo_teleop/share/ament_index/resource_index/parent_prefix_path/leo_teleop
[0.231s] -- Up-to-date symlink: /home/situjet/Desktop/leo_common-ros2/install/leo_teleop/share/leo_teleop/environment/ament_prefix_path.sh
[0.231s] -- Up-to-date symlink: /home/situjet/Desktop/leo_common-ros2/install/leo_teleop/share/leo_teleop/environment/ament_prefix_path.dsv
[0.231s] -- Up-to-date symlink: /home/situjet/Desktop/leo_common-ros2/install/leo_teleop/share/leo_teleop/environment/path.sh
[0.231s] -- Up-to-date symlink: /home/situjet/Desktop/leo_common-ros2/install/leo_teleop/share/leo_teleop/environment/path.dsv
[0.232s] -- Up-to-date symlink: /home/situjet/Desktop/leo_common-ros2/install/leo_teleop/share/leo_teleop/local_setup.bash
[0.232s] -- Up-to-date symlink: /home/situjet/Desktop/leo_common-ros2/install/leo_teleop/share/leo_teleop/local_setup.sh
[0.232s] -- Up-to-date symlink: /home/situjet/Desktop/leo_common-ros2/install/leo_teleop/share/leo_teleop/local_setup.zsh
[0.232s] -- Up-to-date symlink: /home/situjet/Desktop/leo_common-ros2/install/leo_teleop/share/leo_teleop/local_setup.dsv
[0.232s] -- Symlinking: /home/situjet/Desktop/leo_common-ros2/install/leo_teleop/share/leo_teleop/package.dsv
[0.234s] -- Up-to-date symlink: /home/situjet/Desktop/leo_common-ros2/install/leo_teleop/share/ament_index/resource_index/packages/leo_teleop
[0.234s] -- Up-to-date symlink: /home/situjet/Desktop/leo_common-ros2/install/leo_teleop/share/leo_teleop/cmake/leo_teleopConfig.cmake
[0.234s] -- Up-to-date symlink: /home/situjet/Desktop/leo_common-ros2/install/leo_teleop/share/leo_teleop/cmake/leo_teleopConfig-version.cmake
[0.234s] -- Up-to-date symlink: /home/situjet/Desktop/leo_common-ros2/install/leo_teleop/share/leo_teleop/package.xml
[0.238s] Invoked command in '/home/situjet/Desktop/leo_common-ros2/build/leo_teleop' returned '0': CMAKE_PREFIX_PATH=${CMAKE_PREFIX_PATH}:/opt/ros/humble /home/situjet/.local/bin/cmake --install /home/situjet/Desktop/leo_common-ros2/build/leo_teleop
