[0.162s] Invoking command in '/home/situjet/Desktop/leo_common-ros2/build/leo_teleop_holonomic': CMAKE_PREFIX_PATH=${CMAKE_PREFIX_PATH}:/home/situjet/Desktop/leo_common-ros2/install/programmed_drive:/opt/ros/humble /home/situjet/.local/bin/cmake --build /home/situjet/Desktop/leo_common-ros2/build/leo_teleop_holonomic -- -j12 -l12
[0.469s] Invoked command in '/home/situjet/Desktop/leo_common-ros2/build/leo_teleop_holonomic' returned '0': CMAKE_PREFIX_PATH=${CMAKE_PREFIX_PATH}:/home/situjet/Desktop/leo_common-ros2/install/programmed_drive:/opt/ros/humble /home/situjet/.local/bin/cmake --build /home/situjet/Desktop/leo_common-ros2/build/leo_teleop_holonomic -- -j12 -l12
[0.524s] Invoking command in '/home/situjet/Desktop/leo_common-ros2/build/leo_teleop_holonomic': CMAKE_PREFIX_PATH=${CMAKE_PREFIX_PATH}:/home/situjet/Desktop/leo_common-ros2/install/programmed_drive:/opt/ros/humble /home/situjet/.local/bin/cmake --install /home/situjet/Desktop/leo_common-ros2/build/leo_teleop_holonomic
[0.545s] -- Install configuration: ""
[0.545s] -- Execute custom install script
[0.546s] -- Up-to-date symlink: /home/situjet/Desktop/leo_common-ros2/install/leo_teleop_holonomic/share/leo_teleop_holonomic/launch/key_teleop.launch.xml
[0.547s] -- Up-to-date symlink: /home/situjet/Desktop/leo_common-ros2/install/leo_teleop_holonomic/share/leo_teleop_holonomic/src/commands.txt
[0.547s] -- Up-to-date symlink: /home/situjet/Desktop/leo_common-ros2/install/leo_teleop_holonomic/share/leo_teleop_holonomic/src/programmedDrive.py
[0.547s] -- Up-to-date symlink: /home/situjet/Desktop/leo_common-ros2/install/leo_teleop_holonomic/share/ament_index/resource_index/package_run_dependencies/leo_teleop_holonomic
[0.547s] -- Up-to-date symlink: /home/situjet/Desktop/leo_common-ros2/install/leo_teleop_holonomic/share/ament_index/resource_index/parent_prefix_path/leo_teleop_holonomic
[0.548s] -- Up-to-date symlink: /home/situjet/Desktop/leo_common-ros2/install/leo_teleop_holonomic/share/leo_teleop_holonomic/environment/ament_prefix_path.sh
[0.548s] -- Up-to-date symlink: /home/situjet/Desktop/leo_common-ros2/install/leo_teleop_holonomic/share/leo_teleop_holonomic/environment/ament_prefix_path.dsv
[0.548s] -- Up-to-date symlink: /home/situjet/Desktop/leo_common-ros2/install/leo_teleop_holonomic/share/leo_teleop_holonomic/environment/path.sh
[0.548s] -- Up-to-date symlink: /home/situjet/Desktop/leo_common-ros2/install/leo_teleop_holonomic/share/leo_teleop_holonomic/environment/path.dsv
[0.548s] -- Up-to-date symlink: /home/situjet/Desktop/leo_common-ros2/install/leo_teleop_holonomic/share/leo_teleop_holonomic/local_setup.bash
[0.548s] -- Up-to-date symlink: /home/situjet/Desktop/leo_common-ros2/install/leo_teleop_holonomic/share/leo_teleop_holonomic/local_setup.sh
[0.548s] -- Up-to-date symlink: /home/situjet/Desktop/leo_common-ros2/install/leo_teleop_holonomic/share/leo_teleop_holonomic/local_setup.zsh
[0.548s] -- Up-to-date symlink: /home/situjet/Desktop/leo_common-ros2/install/leo_teleop_holonomic/share/leo_teleop_holonomic/local_setup.dsv
[0.548s] -- Symlinking: /home/situjet/Desktop/leo_common-ros2/install/leo_teleop_holonomic/share/leo_teleop_holonomic/package.dsv
[0.549s] -- Up-to-date symlink: /home/situjet/Desktop/leo_common-ros2/install/leo_teleop_holonomic/share/ament_index/resource_index/packages/leo_teleop_holonomic
[0.549s] -- Up-to-date symlink: /home/situjet/Desktop/leo_common-ros2/install/leo_teleop_holonomic/share/leo_teleop_holonomic/cmake/leo_teleop_holonomicConfig.cmake
[0.549s] -- Up-to-date symlink: /home/situjet/Desktop/leo_common-ros2/install/leo_teleop_holonomic/share/leo_teleop_holonomic/cmake/leo_teleop_holonomicConfig-version.cmake
[0.550s] -- Up-to-date symlink: /home/situjet/Desktop/leo_common-ros2/install/leo_teleop_holonomic/share/leo_teleop_holonomic/package.xml
[0.604s] Invoked command in '/home/situjet/Desktop/leo_common-ros2/build/leo_teleop_holonomic' returned '0': CMAKE_PREFIX_PATH=${CMAKE_PREFIX_PATH}:/home/situjet/Desktop/leo_common-ros2/install/programmed_drive:/opt/ros/humble /home/situjet/.local/bin/cmake --install /home/situjet/Desktop/leo_common-ros2/build/leo_teleop_holonomic
