[1.207s] DEBUG:colcon:Command line arguments: ['/usr/bin/colcon', 'build', '--symlink-install']
[1.207s] DEBUG:colcon:Parsed command line arguments: Namespace(log_base=None, log_level=None, verb_name='build', build_base='build', install_base='install', merge_install=False, symlink_install=True, test_result_base=None, continue_on_error=False, executor='parallel', parallel_workers=12, event_handlers=None, ignore_user_meta=False, metas=['./colcon.meta'], base_paths=['.'], packages_ignore=None, packages_ignore_regex=None, paths=None, packages_up_to=None, packages_up_to_regex=None, packages_above=None, packages_above_and_dependencies=None, packages_above_depth=None, packages_select_by_dep=None, packages_skip_by_dep=None, packages_skip_up_to=None, packages_select_build_failed=False, packages_skip_build_finished=False, packages_select_test_failures=False, packages_skip_test_passed=False, packages_select=None, packages_skip=None, packages_select_regex=None, packages_skip_regex=None, packages_start=None, packages_end=None, allow_overriding=[], cmake_args=None, cmake_target=None, cmake_target_skip_unavailable=False, cmake_clean_cache=False, cmake_clean_first=False, cmake_force_configure=False, ament_cmake_args=None, catkin_cmake_args=None, catkin_skip_building_tests=False, verb_parser=<colcon_defaults.argument_parser.defaults.DefaultArgumentsDecorator object at 0x7f21ca043640>, verb_extension=<colcon_core.verb.build.BuildVerb object at 0x7f21ca041600>, main=<bound method BuildVerb.main of <colcon_core.verb.build.BuildVerb object at 0x7f21ca041600>>)
[1.261s] Level 1:colcon.colcon_core.package_discovery:discover_packages(colcon_meta) check parameters
[1.261s] Level 1:colcon.colcon_core.package_discovery:discover_packages(recursive) check parameters
[1.261s] Level 1:colcon.colcon_core.package_discovery:discover_packages(ignore) check parameters
[1.261s] Level 1:colcon.colcon_core.package_discovery:discover_packages(path) check parameters
[1.261s] Level 1:colcon.colcon_core.package_discovery:discover_packages(colcon_meta) discover
[1.261s] Level 1:colcon.colcon_core.package_discovery:discover_packages(recursive) discover
[1.261s] INFO:colcon.colcon_core.package_discovery:Crawling recursively for packages in '/home/situjet/Desktop/leo_common-ros2'
[1.261s] Level 1:colcon.colcon_core.package_identification:_identify(.) by extensions ['ignore', 'ignore_ament_install']
[1.261s] Level 1:colcon.colcon_core.package_identification:_identify(.) by extension 'ignore'
[1.261s] Level 1:colcon.colcon_core.package_identification:_identify(.) by extension 'ignore_ament_install'
[1.261s] Level 1:colcon.colcon_core.package_identification:_identify(.) by extensions ['colcon_pkg']
[1.262s] Level 1:colcon.colcon_core.package_identification:_identify(.) by extension 'colcon_pkg'
[1.262s] Level 1:colcon.colcon_core.package_identification:_identify(.) by extensions ['colcon_meta']
[1.262s] Level 1:colcon.colcon_core.package_identification:_identify(.) by extension 'colcon_meta'
[1.262s] Level 1:colcon.colcon_core.package_identification:_identify(.) by extensions ['ros']
[1.262s] Level 1:colcon.colcon_core.package_identification:_identify(.) by extension 'ros'
[1.276s] Level 1:colcon.colcon_core.package_identification:_identify(.) by extensions ['cmake', 'python']
[1.276s] Level 1:colcon.colcon_core.package_identification:_identify(.) by extension 'cmake'
[1.276s] Level 1:colcon.colcon_core.package_identification:_identify(.) by extension 'python'
[1.276s] Level 1:colcon.colcon_core.package_identification:_identify(.) by extensions ['python_setup_py']
[1.276s] Level 1:colcon.colcon_core.package_identification:_identify(.) by extension 'python_setup_py'
[1.276s] Level 1:colcon.colcon_core.package_identification:_identify(build) by extensions ['ignore', 'ignore_ament_install']
[1.277s] Level 1:colcon.colcon_core.package_identification:_identify(build) by extension 'ignore'
[1.277s] Level 1:colcon.colcon_core.package_identification:_identify(build) ignored
[1.277s] Level 1:colcon.colcon_core.package_identification:_identify(install) by extensions ['ignore', 'ignore_ament_install']
[1.277s] Level 1:colcon.colcon_core.package_identification:_identify(install) by extension 'ignore'
[1.277s] Level 1:colcon.colcon_core.package_identification:_identify(install) ignored
[1.277s] Level 1:colcon.colcon_core.package_identification:_identify(log) by extensions ['ignore', 'ignore_ament_install']
[1.277s] Level 1:colcon.colcon_core.package_identification:_identify(log) by extension 'ignore'
[1.277s] Level 1:colcon.colcon_core.package_identification:_identify(log) ignored
[1.277s] Level 1:colcon.colcon_core.package_identification:_identify(src) by extensions ['ignore', 'ignore_ament_install']
[1.277s] Level 1:colcon.colcon_core.package_identification:_identify(src) by extension 'ignore'
[1.277s] Level 1:colcon.colcon_core.package_identification:_identify(src) by extension 'ignore_ament_install'
[1.277s] Level 1:colcon.colcon_core.package_identification:_identify(src) by extensions ['colcon_pkg']
[1.277s] Level 1:colcon.colcon_core.package_identification:_identify(src) by extension 'colcon_pkg'
[1.278s] Level 1:colcon.colcon_core.package_identification:_identify(src) by extensions ['colcon_meta']
[1.278s] Level 1:colcon.colcon_core.package_identification:_identify(src) by extension 'colcon_meta'
[1.278s] Level 1:colcon.colcon_core.package_identification:_identify(src) by extensions ['ros']
[1.278s] Level 1:colcon.colcon_core.package_identification:_identify(src) by extension 'ros'
[1.278s] Level 1:colcon.colcon_core.package_identification:_identify(src) by extensions ['cmake', 'python']
[1.278s] Level 1:colcon.colcon_core.package_identification:_identify(src) by extension 'cmake'
[1.278s] Level 1:colcon.colcon_core.package_identification:_identify(src) by extension 'python'
[1.278s] Level 1:colcon.colcon_core.package_identification:_identify(src) by extensions ['python_setup_py']
[1.278s] Level 1:colcon.colcon_core.package_identification:_identify(src) by extension 'python_setup_py'
[1.278s] Level 1:colcon.colcon_core.package_identification:_identify(src/build) by extensions ['ignore', 'ignore_ament_install']
[1.278s] Level 1:colcon.colcon_core.package_identification:_identify(src/build) by extension 'ignore'
[1.278s] Level 1:colcon.colcon_core.package_identification:_identify(src/build) ignored
[1.278s] Level 1:colcon.colcon_core.package_identification:_identify(src/install) by extensions ['ignore', 'ignore_ament_install']
[1.278s] Level 1:colcon.colcon_core.package_identification:_identify(src/install) by extension 'ignore'
[1.279s] Level 1:colcon.colcon_core.package_identification:_identify(src/install) ignored
[1.279s] Level 1:colcon.colcon_core.package_identification:_identify(src/leo) by extensions ['ignore', 'ignore_ament_install']
[1.279s] Level 1:colcon.colcon_core.package_identification:_identify(src/leo) by extension 'ignore'
[1.279s] Level 1:colcon.colcon_core.package_identification:_identify(src/leo) by extension 'ignore_ament_install'
[1.279s] Level 1:colcon.colcon_core.package_identification:_identify(src/leo) by extensions ['colcon_pkg']
[1.279s] Level 1:colcon.colcon_core.package_identification:_identify(src/leo) by extension 'colcon_pkg'
[1.279s] Level 1:colcon.colcon_core.package_identification:_identify(src/leo) by extensions ['colcon_meta']
[1.279s] Level 1:colcon.colcon_core.package_identification:_identify(src/leo) by extension 'colcon_meta'
[1.279s] Level 1:colcon.colcon_core.package_identification:_identify(src/leo) by extensions ['ros']
[1.279s] Level 1:colcon.colcon_core.package_identification:_identify(src/leo) by extension 'ros'
[1.282s] DEBUG:colcon.colcon_core.package_identification:Package 'src/leo' with type 'ros.ament_cmake' and name 'leo'
[1.282s] Level 1:colcon.colcon_core.package_identification:_identify(src/leo_description) by extensions ['ignore', 'ignore_ament_install']
[1.282s] Level 1:colcon.colcon_core.package_identification:_identify(src/leo_description) by extension 'ignore'
[1.282s] Level 1:colcon.colcon_core.package_identification:_identify(src/leo_description) by extension 'ignore_ament_install'
[1.282s] Level 1:colcon.colcon_core.package_identification:_identify(src/leo_description) by extensions ['colcon_pkg']
[1.282s] Level 1:colcon.colcon_core.package_identification:_identify(src/leo_description) by extension 'colcon_pkg'
[1.282s] Level 1:colcon.colcon_core.package_identification:_identify(src/leo_description) by extensions ['colcon_meta']
[1.282s] Level 1:colcon.colcon_core.package_identification:_identify(src/leo_description) by extension 'colcon_meta'
[1.282s] Level 1:colcon.colcon_core.package_identification:_identify(src/leo_description) by extensions ['ros']
[1.282s] Level 1:colcon.colcon_core.package_identification:_identify(src/leo_description) by extension 'ros'
[1.283s] DEBUG:colcon.colcon_core.package_identification:Package 'src/leo_description' with type 'ros.ament_cmake' and name 'leo_description'
[1.283s] Level 1:colcon.colcon_core.package_identification:_identify(src/leo_desktop) by extensions ['ignore', 'ignore_ament_install']
[1.283s] Level 1:colcon.colcon_core.package_identification:_identify(src/leo_desktop) by extension 'ignore'
[1.283s] Level 1:colcon.colcon_core.package_identification:_identify(src/leo_desktop) by extension 'ignore_ament_install'
[1.283s] Level 1:colcon.colcon_core.package_identification:_identify(src/leo_desktop) by extensions ['colcon_pkg']
[1.283s] Level 1:colcon.colcon_core.package_identification:_identify(src/leo_desktop) by extension 'colcon_pkg'
[1.283s] Level 1:colcon.colcon_core.package_identification:_identify(src/leo_desktop) by extensions ['colcon_meta']
[1.283s] Level 1:colcon.colcon_core.package_identification:_identify(src/leo_desktop) by extension 'colcon_meta'
[1.283s] Level 1:colcon.colcon_core.package_identification:_identify(src/leo_desktop) by extensions ['ros']
[1.283s] Level 1:colcon.colcon_core.package_identification:_identify(src/leo_desktop) by extension 'ros'
[1.284s] DEBUG:colcon.colcon_core.package_identification:Package 'src/leo_desktop' with type 'ros.ament_cmake' and name 'leo_desktop'
[1.284s] Level 1:colcon.colcon_core.package_identification:_identify(src/leo_msgs) by extensions ['ignore', 'ignore_ament_install']
[1.284s] Level 1:colcon.colcon_core.package_identification:_identify(src/leo_msgs) by extension 'ignore'
[1.284s] Level 1:colcon.colcon_core.package_identification:_identify(src/leo_msgs) by extension 'ignore_ament_install'
[1.284s] Level 1:colcon.colcon_core.package_identification:_identify(src/leo_msgs) by extensions ['colcon_pkg']
[1.284s] Level 1:colcon.colcon_core.package_identification:_identify(src/leo_msgs) by extension 'colcon_pkg'
[1.284s] Level 1:colcon.colcon_core.package_identification:_identify(src/leo_msgs) by extensions ['colcon_meta']
[1.284s] Level 1:colcon.colcon_core.package_identification:_identify(src/leo_msgs) by extension 'colcon_meta'
[1.284s] Level 1:colcon.colcon_core.package_identification:_identify(src/leo_msgs) by extensions ['ros']
[1.284s] Level 1:colcon.colcon_core.package_identification:_identify(src/leo_msgs) by extension 'ros'
[1.285s] DEBUG:colcon.colcon_core.package_identification:Package 'src/leo_msgs' with type 'ros.ament_cmake' and name 'leo_msgs'
[1.285s] Level 1:colcon.colcon_core.package_identification:_identify(src/leo_teleop) by extensions ['ignore', 'ignore_ament_install']
[1.285s] Level 1:colcon.colcon_core.package_identification:_identify(src/leo_teleop) by extension 'ignore'
[1.285s] Level 1:colcon.colcon_core.package_identification:_identify(src/leo_teleop) by extension 'ignore_ament_install'
[1.285s] Level 1:colcon.colcon_core.package_identification:_identify(src/leo_teleop) by extensions ['colcon_pkg']
[1.285s] Level 1:colcon.colcon_core.package_identification:_identify(src/leo_teleop) by extension 'colcon_pkg'
[1.285s] Level 1:colcon.colcon_core.package_identification:_identify(src/leo_teleop) by extensions ['colcon_meta']
[1.285s] Level 1:colcon.colcon_core.package_identification:_identify(src/leo_teleop) by extension 'colcon_meta'
[1.285s] Level 1:colcon.colcon_core.package_identification:_identify(src/leo_teleop) by extensions ['ros']
[1.285s] Level 1:colcon.colcon_core.package_identification:_identify(src/leo_teleop) by extension 'ros'
[1.286s] DEBUG:colcon.colcon_core.package_identification:Package 'src/leo_teleop' with type 'ros.ament_cmake' and name 'leo_teleop'
[1.286s] Level 1:colcon.colcon_core.package_identification:_identify(src/leo_viz) by extensions ['ignore', 'ignore_ament_install']
[1.286s] Level 1:colcon.colcon_core.package_identification:_identify(src/leo_viz) by extension 'ignore'
[1.286s] Level 1:colcon.colcon_core.package_identification:_identify(src/leo_viz) by extension 'ignore_ament_install'
[1.286s] Level 1:colcon.colcon_core.package_identification:_identify(src/leo_viz) by extensions ['colcon_pkg']
[1.286s] Level 1:colcon.colcon_core.package_identification:_identify(src/leo_viz) by extension 'colcon_pkg'
[1.286s] Level 1:colcon.colcon_core.package_identification:_identify(src/leo_viz) by extensions ['colcon_meta']
[1.286s] Level 1:colcon.colcon_core.package_identification:_identify(src/leo_viz) by extension 'colcon_meta'
[1.287s] Level 1:colcon.colcon_core.package_identification:_identify(src/leo_viz) by extensions ['ros']
[1.287s] Level 1:colcon.colcon_core.package_identification:_identify(src/leo_viz) by extension 'ros'
[1.287s] DEBUG:colcon.colcon_core.package_identification:Package 'src/leo_viz' with type 'ros.ament_cmake' and name 'leo_viz'
[1.287s] Level 1:colcon.colcon_core.package_identification:_identify(src/log) by extensions ['ignore', 'ignore_ament_install']
[1.287s] Level 1:colcon.colcon_core.package_identification:_identify(src/log) by extension 'ignore'
[1.287s] Level 1:colcon.colcon_core.package_identification:_identify(src/log) ignored
[1.287s] Level 1:colcon.colcon_core.package_identification:_identify(src/programmed_drive) by extensions ['ignore', 'ignore_ament_install']
[1.288s] Level 1:colcon.colcon_core.package_identification:_identify(src/programmed_drive) by extension 'ignore'
[1.288s] Level 1:colcon.colcon_core.package_identification:_identify(src/programmed_drive) by extension 'ignore_ament_install'
[1.288s] Level 1:colcon.colcon_core.package_identification:_identify(src/programmed_drive) by extensions ['colcon_pkg']
[1.288s] Level 1:colcon.colcon_core.package_identification:_identify(src/programmed_drive) by extension 'colcon_pkg'
[1.288s] Level 1:colcon.colcon_core.package_identification:_identify(src/programmed_drive) by extensions ['colcon_meta']
[1.288s] Level 1:colcon.colcon_core.package_identification:_identify(src/programmed_drive) by extension 'colcon_meta'
[1.288s] Level 1:colcon.colcon_core.package_identification:_identify(src/programmed_drive) by extensions ['ros']
[1.288s] Level 1:colcon.colcon_core.package_identification:_identify(src/programmed_drive) by extension 'ros'
[1.288s] DEBUG:colcon.colcon_core.package_identification:Package 'src/programmed_drive' with type 'ros.ament_python' and name 'programmed_drive'
[1.289s] Level 1:colcon.colcon_core.package_discovery:discover_packages(recursive) using defaults
[1.289s] Level 1:colcon.colcon_core.package_discovery:discover_packages(ignore) discover
[1.289s] Level 1:colcon.colcon_core.package_discovery:discover_packages(ignore) using defaults
[1.289s] Level 1:colcon.colcon_core.package_discovery:discover_packages(path) discover
[1.289s] Level 1:colcon.colcon_core.package_discovery:discover_packages(path) using defaults
[1.390s] Level 1:colcon.colcon_core.package_discovery:discover_packages(prefix_path) check parameters
[1.390s] Level 1:colcon.colcon_core.package_discovery:discover_packages(prefix_path) discover
[1.408s] WARNING:colcon.colcon_core.prefix_path.colcon:The path '/home/situjet/Desktop/leo_common-ros2/src/leo_teleop_holonomic/install' in the environment variable COLCON_PREFIX_PATH doesn't exist
[1.408s] WARNING:colcon.colcon_ros.prefix_path.ament:The path '/home/situjet/Desktop/leo_common-ros2/src/leo_teleop_holonomic/install/leo_teleop_holonomic' in the environment variable AMENT_PREFIX_PATH doesn't exist
[1.408s] WARNING:colcon.colcon_ros.prefix_path.catkin:The path '/home/situjet/Desktop/leo_common-ros2/src/leo_teleop_holonomic/install/leo_teleop_holonomic' in the environment variable CMAKE_PREFIX_PATH doesn't exist
[1.426s] DEBUG:colcon.colcon_installed_package_information.package_discovery:Found 8 installed packages in /home/situjet/Desktop/leo_common-ros2/install
[1.443s] DEBUG:colcon.colcon_installed_package_information.package_discovery:Found 408 installed packages in /opt/ros/humble
[1.445s] Level 1:colcon.colcon_core.package_discovery:discover_packages(prefix_path) using defaults
[1.563s] Level 5:colcon.colcon_core.verb:set package 'leo_description' build argument 'cmake_args' from command line to 'None'
[1.563s] Level 5:colcon.colcon_core.verb:set package 'leo_description' build argument 'cmake_target' from command line to 'None'
[1.564s] Level 5:colcon.colcon_core.verb:set package 'leo_description' build argument 'cmake_target_skip_unavailable' from command line to 'False'
[1.564s] Level 5:colcon.colcon_core.verb:set package 'leo_description' build argument 'cmake_clean_cache' from command line to 'False'
[1.564s] Level 5:colcon.colcon_core.verb:set package 'leo_description' build argument 'cmake_clean_first' from command line to 'False'
[1.564s] Level 5:colcon.colcon_core.verb:set package 'leo_description' build argument 'cmake_force_configure' from command line to 'False'
[1.564s] Level 5:colcon.colcon_core.verb:set package 'leo_description' build argument 'ament_cmake_args' from command line to 'None'
[1.564s] Level 5:colcon.colcon_core.verb:set package 'leo_description' build argument 'catkin_cmake_args' from command line to 'None'
[1.564s] Level 5:colcon.colcon_core.verb:set package 'leo_description' build argument 'catkin_skip_building_tests' from command line to 'False'
[1.564s] DEBUG:colcon.colcon_core.verb:Building package 'leo_description' with the following arguments: {'ament_cmake_args': None, 'build_base': '/home/situjet/Desktop/leo_common-ros2/build/leo_description', 'catkin_cmake_args': None, 'catkin_skip_building_tests': False, 'cmake_args': None, 'cmake_clean_cache': False, 'cmake_clean_first': False, 'cmake_force_configure': False, 'cmake_target': None, 'cmake_target_skip_unavailable': False, 'install_base': '/home/situjet/Desktop/leo_common-ros2/install/leo_description', 'merge_install': False, 'path': '/home/situjet/Desktop/leo_common-ros2/src/leo_description', 'symlink_install': True, 'test_result_base': None}
[1.580s] Level 5:colcon.colcon_core.verb:set package 'leo_msgs' build argument 'cmake_args' from command line to 'None'
[1.580s] Level 5:colcon.colcon_core.verb:set package 'leo_msgs' build argument 'cmake_target' from command line to 'None'
[1.580s] Level 5:colcon.colcon_core.verb:set package 'leo_msgs' build argument 'cmake_target_skip_unavailable' from command line to 'False'
[1.580s] Level 5:colcon.colcon_core.verb:set package 'leo_msgs' build argument 'cmake_clean_cache' from command line to 'False'
[1.580s] Level 5:colcon.colcon_core.verb:set package 'leo_msgs' build argument 'cmake_clean_first' from command line to 'False'
[1.580s] Level 5:colcon.colcon_core.verb:set package 'leo_msgs' build argument 'cmake_force_configure' from command line to 'False'
[1.580s] Level 5:colcon.colcon_core.verb:set package 'leo_msgs' build argument 'ament_cmake_args' from command line to 'None'
[1.580s] Level 5:colcon.colcon_core.verb:set package 'leo_msgs' build argument 'catkin_cmake_args' from command line to 'None'
[1.580s] Level 5:colcon.colcon_core.verb:set package 'leo_msgs' build argument 'catkin_skip_building_tests' from command line to 'False'
[1.580s] DEBUG:colcon.colcon_core.verb:Building package 'leo_msgs' with the following arguments: {'ament_cmake_args': None, 'build_base': '/home/situjet/Desktop/leo_common-ros2/build/leo_msgs', 'catkin_cmake_args': None, 'catkin_skip_building_tests': False, 'cmake_args': None, 'cmake_clean_cache': False, 'cmake_clean_first': False, 'cmake_force_configure': False, 'cmake_target': None, 'cmake_target_skip_unavailable': False, 'install_base': '/home/situjet/Desktop/leo_common-ros2/install/leo_msgs', 'merge_install': False, 'path': '/home/situjet/Desktop/leo_common-ros2/src/leo_msgs', 'symlink_install': True, 'test_result_base': None}
[1.596s] Level 5:colcon.colcon_core.verb:set package 'leo_teleop' build argument 'cmake_args' from command line to 'None'
[1.596s] Level 5:colcon.colcon_core.verb:set package 'leo_teleop' build argument 'cmake_target' from command line to 'None'
[1.596s] Level 5:colcon.colcon_core.verb:set package 'leo_teleop' build argument 'cmake_target_skip_unavailable' from command line to 'False'
[1.596s] Level 5:colcon.colcon_core.verb:set package 'leo_teleop' build argument 'cmake_clean_cache' from command line to 'False'
[1.596s] Level 5:colcon.colcon_core.verb:set package 'leo_teleop' build argument 'cmake_clean_first' from command line to 'False'
[1.596s] Level 5:colcon.colcon_core.verb:set package 'leo_teleop' build argument 'cmake_force_configure' from command line to 'False'
[1.596s] Level 5:colcon.colcon_core.verb:set package 'leo_teleop' build argument 'ament_cmake_args' from command line to 'None'
[1.596s] Level 5:colcon.colcon_core.verb:set package 'leo_teleop' build argument 'catkin_cmake_args' from command line to 'None'
[1.596s] Level 5:colcon.colcon_core.verb:set package 'leo_teleop' build argument 'catkin_skip_building_tests' from command line to 'False'
[1.596s] DEBUG:colcon.colcon_core.verb:Building package 'leo_teleop' with the following arguments: {'ament_cmake_args': None, 'build_base': '/home/situjet/Desktop/leo_common-ros2/build/leo_teleop', 'catkin_cmake_args': None, 'catkin_skip_building_tests': False, 'cmake_args': None, 'cmake_clean_cache': False, 'cmake_clean_first': False, 'cmake_force_configure': False, 'cmake_target': None, 'cmake_target_skip_unavailable': False, 'install_base': '/home/situjet/Desktop/leo_common-ros2/install/leo_teleop', 'merge_install': False, 'path': '/home/situjet/Desktop/leo_common-ros2/src/leo_teleop', 'symlink_install': True, 'test_result_base': None}
[1.612s] Level 5:colcon.colcon_core.verb:set package 'programmed_drive' build argument 'cmake_args' from command line to 'None'
[1.613s] Level 5:colcon.colcon_core.verb:set package 'programmed_drive' build argument 'cmake_target' from command line to 'None'
[1.613s] Level 5:colcon.colcon_core.verb:set package 'programmed_drive' build argument 'cmake_target_skip_unavailable' from command line to 'False'
[1.613s] Level 5:colcon.colcon_core.verb:set package 'programmed_drive' build argument 'cmake_clean_cache' from command line to 'False'
[1.613s] Level 5:colcon.colcon_core.verb:set package 'programmed_drive' build argument 'cmake_clean_first' from command line to 'False'
[1.613s] Level 5:colcon.colcon_core.verb:set package 'programmed_drive' build argument 'cmake_force_configure' from command line to 'False'
[1.613s] Level 5:colcon.colcon_core.verb:set package 'programmed_drive' build argument 'ament_cmake_args' from command line to 'None'
[1.613s] Level 5:colcon.colcon_core.verb:set package 'programmed_drive' build argument 'catkin_cmake_args' from command line to 'None'
[1.613s] Level 5:colcon.colcon_core.verb:set package 'programmed_drive' build argument 'catkin_skip_building_tests' from command line to 'False'
[1.613s] DEBUG:colcon.colcon_core.verb:Building package 'programmed_drive' with the following arguments: {'ament_cmake_args': None, 'build_base': '/home/situjet/Desktop/leo_common-ros2/build/programmed_drive', 'catkin_cmake_args': None, 'catkin_skip_building_tests': False, 'cmake_args': None, 'cmake_clean_cache': False, 'cmake_clean_first': False, 'cmake_force_configure': False, 'cmake_target': None, 'cmake_target_skip_unavailable': False, 'install_base': '/home/situjet/Desktop/leo_common-ros2/install/programmed_drive', 'merge_install': False, 'path': '/home/situjet/Desktop/leo_common-ros2/src/programmed_drive', 'symlink_install': True, 'test_result_base': None}
[1.629s] Level 5:colcon.colcon_core.verb:set package 'leo' build argument 'cmake_args' from command line to 'None'
[1.629s] Level 5:colcon.colcon_core.verb:set package 'leo' build argument 'cmake_target' from command line to 'None'
[1.629s] Level 5:colcon.colcon_core.verb:set package 'leo' build argument 'cmake_target_skip_unavailable' from command line to 'False'
[1.629s] Level 5:colcon.colcon_core.verb:set package 'leo' build argument 'cmake_clean_cache' from command line to 'False'
[1.629s] Level 5:colcon.colcon_core.verb:set package 'leo' build argument 'cmake_clean_first' from command line to 'False'
[1.629s] Level 5:colcon.colcon_core.verb:set package 'leo' build argument 'cmake_force_configure' from command line to 'False'
[1.629s] Level 5:colcon.colcon_core.verb:set package 'leo' build argument 'ament_cmake_args' from command line to 'None'
[1.629s] Level 5:colcon.colcon_core.verb:set package 'leo' build argument 'catkin_cmake_args' from command line to 'None'
[1.629s] Level 5:colcon.colcon_core.verb:set package 'leo' build argument 'catkin_skip_building_tests' from command line to 'False'
[1.629s] DEBUG:colcon.colcon_core.verb:Building package 'leo' with the following arguments: {'ament_cmake_args': None, 'build_base': '/home/situjet/Desktop/leo_common-ros2/build/leo', 'catkin_cmake_args': None, 'catkin_skip_building_tests': False, 'cmake_args': None, 'cmake_clean_cache': False, 'cmake_clean_first': False, 'cmake_force_configure': False, 'cmake_target': None, 'cmake_target_skip_unavailable': False, 'install_base': '/home/situjet/Desktop/leo_common-ros2/install/leo', 'merge_install': False, 'path': '/home/situjet/Desktop/leo_common-ros2/src/leo', 'symlink_install': True, 'test_result_base': None}
[1.645s] Level 5:colcon.colcon_core.verb:set package 'leo_viz' build argument 'cmake_args' from command line to 'None'
[1.645s] Level 5:colcon.colcon_core.verb:set package 'leo_viz' build argument 'cmake_target' from command line to 'None'
[1.645s] Level 5:colcon.colcon_core.verb:set package 'leo_viz' build argument 'cmake_target_skip_unavailable' from command line to 'False'
[1.645s] Level 5:colcon.colcon_core.verb:set package 'leo_viz' build argument 'cmake_clean_cache' from command line to 'False'
[1.645s] Level 5:colcon.colcon_core.verb:set package 'leo_viz' build argument 'cmake_clean_first' from command line to 'False'
[1.645s] Level 5:colcon.colcon_core.verb:set package 'leo_viz' build argument 'cmake_force_configure' from command line to 'False'
[1.645s] Level 5:colcon.colcon_core.verb:set package 'leo_viz' build argument 'ament_cmake_args' from command line to 'None'
[1.645s] Level 5:colcon.colcon_core.verb:set package 'leo_viz' build argument 'catkin_cmake_args' from command line to 'None'
[1.645s] Level 5:colcon.colcon_core.verb:set package 'leo_viz' build argument 'catkin_skip_building_tests' from command line to 'False'
[1.645s] DEBUG:colcon.colcon_core.verb:Building package 'leo_viz' with the following arguments: {'ament_cmake_args': None, 'build_base': '/home/situjet/Desktop/leo_common-ros2/build/leo_viz', 'catkin_cmake_args': None, 'catkin_skip_building_tests': False, 'cmake_args': None, 'cmake_clean_cache': False, 'cmake_clean_first': False, 'cmake_force_configure': False, 'cmake_target': None, 'cmake_target_skip_unavailable': False, 'install_base': '/home/situjet/Desktop/leo_common-ros2/install/leo_viz', 'merge_install': False, 'path': '/home/situjet/Desktop/leo_common-ros2/src/leo_viz', 'symlink_install': True, 'test_result_base': None}
[1.662s] Level 5:colcon.colcon_core.verb:set package 'leo_desktop' build argument 'cmake_args' from command line to 'None'
[1.662s] Level 5:colcon.colcon_core.verb:set package 'leo_desktop' build argument 'cmake_target' from command line to 'None'
[1.662s] Level 5:colcon.colcon_core.verb:set package 'leo_desktop' build argument 'cmake_target_skip_unavailable' from command line to 'False'
[1.662s] Level 5:colcon.colcon_core.verb:set package 'leo_desktop' build argument 'cmake_clean_cache' from command line to 'False'
[1.662s] Level 5:colcon.colcon_core.verb:set package 'leo_desktop' build argument 'cmake_clean_first' from command line to 'False'
[1.662s] Level 5:colcon.colcon_core.verb:set package 'leo_desktop' build argument 'cmake_force_configure' from command line to 'False'
[1.662s] Level 5:colcon.colcon_core.verb:set package 'leo_desktop' build argument 'ament_cmake_args' from command line to 'None'
[1.662s] Level 5:colcon.colcon_core.verb:set package 'leo_desktop' build argument 'catkin_cmake_args' from command line to 'None'
[1.662s] Level 5:colcon.colcon_core.verb:set package 'leo_desktop' build argument 'catkin_skip_building_tests' from command line to 'False'
[1.662s] DEBUG:colcon.colcon_core.verb:Building package 'leo_desktop' with the following arguments: {'ament_cmake_args': None, 'build_base': '/home/situjet/Desktop/leo_common-ros2/build/leo_desktop', 'catkin_cmake_args': None, 'catkin_skip_building_tests': False, 'cmake_args': None, 'cmake_clean_cache': False, 'cmake_clean_first': False, 'cmake_force_configure': False, 'cmake_target': None, 'cmake_target_skip_unavailable': False, 'install_base': '/home/situjet/Desktop/leo_common-ros2/install/leo_desktop', 'merge_install': False, 'path': '/home/situjet/Desktop/leo_common-ros2/src/leo_desktop', 'symlink_install': True, 'test_result_base': None}
[1.678s] INFO:colcon.colcon_core.executor:Executing jobs using 'parallel' executor
[1.694s] DEBUG:colcon.colcon_parallel_executor.executor.parallel:run_until_complete
[1.694s] INFO:colcon.colcon_ros.task.ament_cmake.build:Building ROS package in '/home/situjet/Desktop/leo_common-ros2/src/leo_description' with build type 'ament_cmake'
[1.695s] INFO:colcon.colcon_cmake.task.cmake.build:Building CMake package in '/home/situjet/Desktop/leo_common-ros2/src/leo_description'
[1.720s] INFO:colcon.colcon_core.plugin_system:Skipping extension 'colcon_core.shell.bat': Not used on non-Windows systems
[1.721s] INFO:colcon.colcon_core.shell:Skip shell extension 'powershell' for command environment: Not usable outside of PowerShell
[1.721s] DEBUG:colcon.colcon_core.shell:Skip shell extension 'dsv' for command environment
[1.772s] INFO:colcon.colcon_ros.task.ament_cmake.build:Building ROS package in '/home/situjet/Desktop/leo_common-ros2/src/leo_msgs' with build type 'ament_cmake'
[1.772s] INFO:colcon.colcon_cmake.task.cmake.build:Building CMake package in '/home/situjet/Desktop/leo_common-ros2/src/leo_msgs'
[1.789s] INFO:colcon.colcon_core.shell:Skip shell extension 'powershell' for command environment: Not usable outside of PowerShell
[1.789s] DEBUG:colcon.colcon_core.shell:Skip shell extension 'dsv' for command environment
[1.847s] INFO:colcon.colcon_ros.task.ament_cmake.build:Building ROS package in '/home/situjet/Desktop/leo_common-ros2/src/leo_teleop' with build type 'ament_cmake'
[1.848s] INFO:colcon.colcon_cmake.task.cmake.build:Building CMake package in '/home/situjet/Desktop/leo_common-ros2/src/leo_teleop'
[1.866s] INFO:colcon.colcon_core.shell:Skip shell extension 'powershell' for command environment: Not usable outside of PowerShell
[1.866s] DEBUG:colcon.colcon_core.shell:Skip shell extension 'dsv' for command environment
[1.921s] INFO:colcon.colcon_ros.task.ament_python.build:Building ROS package in '/home/situjet/Desktop/leo_common-ros2/src/programmed_drive' with build type 'ament_python'
[1.921s] Level 1:colcon.colcon_core.shell:create_environment_hook('programmed_drive', 'ament_prefix_path')
[1.938s] INFO:colcon.colcon_core.shell:Creating environment hook '/home/situjet/Desktop/leo_common-ros2/install/programmed_drive/share/programmed_drive/hook/ament_prefix_path.ps1'
[1.939s] INFO:colcon.colcon_core.shell:Creating environment descriptor '/home/situjet/Desktop/leo_common-ros2/install/programmed_drive/share/programmed_drive/hook/ament_prefix_path.dsv'
[1.939s] INFO:colcon.colcon_core.shell:Creating environment hook '/home/situjet/Desktop/leo_common-ros2/install/programmed_drive/share/programmed_drive/hook/ament_prefix_path.sh'
[1.956s] INFO:colcon.colcon_core.shell:Skip shell extension 'powershell' for command environment: Not usable outside of PowerShell
[1.956s] DEBUG:colcon.colcon_core.shell:Skip shell extension 'dsv' for command environment
[2.011s] DEBUG:colcon.colcon_core.event_handler.log_command:Invoking command in '/home/situjet/Desktop/leo_common-ros2/build/leo_description': CMAKE_PREFIX_PATH=${CMAKE_PREFIX_PATH}:/home/situjet/Desktop/leo_common-ros2/install/programmed_drive:/opt/ros/humble /home/situjet/.local/bin/cmake --build /home/situjet/Desktop/leo_common-ros2/build/leo_description -- -j12 -l12
[2.014s] DEBUG:colcon.colcon_core.event_handler.log_command:Invoking command in '/home/situjet/Desktop/leo_common-ros2/build/leo_msgs': CMAKE_PREFIX_PATH=${CMAKE_PREFIX_PATH}:/home/situjet/Desktop/leo_common-ros2/install/programmed_drive:/opt/ros/humble /home/situjet/.local/bin/cmake --build /home/situjet/Desktop/leo_common-ros2/build/leo_msgs -- -j12 -l12
[2.017s] DEBUG:colcon.colcon_core.event_handler.log_command:Invoking command in '/home/situjet/Desktop/leo_common-ros2/build/leo_teleop': CMAKE_PREFIX_PATH=${CMAKE_PREFIX_PATH}:/home/situjet/Desktop/leo_common-ros2/install/programmed_drive:/opt/ros/humble /home/situjet/.local/bin/cmake --build /home/situjet/Desktop/leo_common-ros2/build/leo_teleop -- -j12 -l12
[2.318s] INFO:colcon.colcon_core.task.python.build:Building Python package in '/home/situjet/Desktop/leo_common-ros2/src/programmed_drive'
[2.346s] INFO:colcon.colcon_core.shell:Skip shell extension 'powershell' for command environment: Not usable outside of PowerShell
[2.346s] DEBUG:colcon.colcon_core.shell:Skip shell extension 'dsv' for command environment
[2.406s] DEBUG:colcon.colcon_core.event_handler.log_command:Invoked command in '/home/situjet/Desktop/leo_common-ros2/build/leo_teleop' returned '0': CMAKE_PREFIX_PATH=${CMAKE_PREFIX_PATH}:/home/situjet/Desktop/leo_common-ros2/install/programmed_drive:/opt/ros/humble /home/situjet/.local/bin/cmake --build /home/situjet/Desktop/leo_common-ros2/build/leo_teleop -- -j12 -l12
[2.407s] DEBUG:colcon.colcon_core.event_handler.log_command:Invoked command in '/home/situjet/Desktop/leo_common-ros2/build/leo_description' returned '0': CMAKE_PREFIX_PATH=${CMAKE_PREFIX_PATH}:/home/situjet/Desktop/leo_common-ros2/install/programmed_drive:/opt/ros/humble /home/situjet/.local/bin/cmake --build /home/situjet/Desktop/leo_common-ros2/build/leo_description -- -j12 -l12
[2.408s] DEBUG:colcon.colcon_core.event_handler.log_command:Invoked command in '/home/situjet/Desktop/leo_common-ros2/build/leo_msgs' returned '0': CMAKE_PREFIX_PATH=${CMAKE_PREFIX_PATH}:/home/situjet/Desktop/leo_common-ros2/install/programmed_drive:/opt/ros/humble /home/situjet/.local/bin/cmake --build /home/situjet/Desktop/leo_common-ros2/build/leo_msgs -- -j12 -l12
[2.474s] DEBUG:colcon.colcon_core.event_handler.log_command:Invoking command in '/home/situjet/Desktop/leo_common-ros2/build/leo_description': CMAKE_PREFIX_PATH=${CMAKE_PREFIX_PATH}:/home/situjet/Desktop/leo_common-ros2/install/programmed_drive:/opt/ros/humble /home/situjet/.local/bin/cmake --install /home/situjet/Desktop/leo_common-ros2/build/leo_description
[2.476s] DEBUG:colcon.colcon_core.event_handler.log_command:Invoking command in '/home/situjet/Desktop/leo_common-ros2/build/leo_teleop': CMAKE_PREFIX_PATH=${CMAKE_PREFIX_PATH}:/home/situjet/Desktop/leo_common-ros2/install/programmed_drive:/opt/ros/humble /home/situjet/.local/bin/cmake --install /home/situjet/Desktop/leo_common-ros2/build/leo_teleop
[2.511s] Level 1:colcon.colcon_core.environment:create_environment_scripts_only(leo_description)
[2.512s] DEBUG:colcon.colcon_core.event_handler.log_command:Invoked command in '/home/situjet/Desktop/leo_common-ros2/build/leo_description' returned '0': CMAKE_PREFIX_PATH=${CMAKE_PREFIX_PATH}:/home/situjet/Desktop/leo_common-ros2/install/programmed_drive:/opt/ros/humble /home/situjet/.local/bin/cmake --install /home/situjet/Desktop/leo_common-ros2/build/leo_description
[2.533s] Level 1:colcon.colcon_core.environment:checking '/home/situjet/Desktop/leo_common-ros2/install/leo_description' for CMake module files
[2.533s] Level 1:colcon.colcon_core.environment:checking '/home/situjet/Desktop/leo_common-ros2/install/leo_description' for CMake config files
[2.533s] Level 1:colcon.colcon_core.shell:create_environment_hook('leo_description', 'cmake_prefix_path')
[2.550s] INFO:colcon.colcon_core.shell:Creating environment hook '/home/situjet/Desktop/leo_common-ros2/install/leo_description/share/leo_description/hook/cmake_prefix_path.ps1'
[2.550s] INFO:colcon.colcon_core.shell:Creating environment descriptor '/home/situjet/Desktop/leo_common-ros2/install/leo_description/share/leo_description/hook/cmake_prefix_path.dsv'
[2.550s] INFO:colcon.colcon_core.shell:Creating environment hook '/home/situjet/Desktop/leo_common-ros2/install/leo_description/share/leo_description/hook/cmake_prefix_path.sh'
[2.551s] Level 1:colcon.colcon_core.environment:checking '/home/situjet/Desktop/leo_common-ros2/install/leo_description/bin'
[2.551s] Level 1:colcon.colcon_core.environment:checking '/home/situjet/Desktop/leo_common-ros2/install/leo_description/lib/pkgconfig/leo_description.pc'
[2.551s] Level 1:colcon.colcon_core.environment:checking '/home/situjet/Desktop/leo_common-ros2/install/leo_description/lib/python3.10/site-packages'
[2.551s] Level 1:colcon.colcon_core.environment:checking '/home/situjet/Desktop/leo_common-ros2/install/leo_description/bin'
[2.567s] INFO:colcon.colcon_core.shell:Creating package script '/home/situjet/Desktop/leo_common-ros2/install/leo_description/share/leo_description/package.ps1'
[2.568s] INFO:colcon.colcon_core.shell:Creating package descriptor '/home/situjet/Desktop/leo_common-ros2/install/leo_description/share/leo_description/package.dsv'
[2.569s] INFO:colcon.colcon_core.shell:Creating package script '/home/situjet/Desktop/leo_common-ros2/install/leo_description/share/leo_description/package.sh'
[2.569s] INFO:colcon.colcon_core.shell:Creating package script '/home/situjet/Desktop/leo_common-ros2/install/leo_description/share/leo_description/package.bash'
[2.570s] INFO:colcon.colcon_core.shell:Creating package script '/home/situjet/Desktop/leo_common-ros2/install/leo_description/share/leo_description/package.zsh'
[2.571s] Level 1:colcon.colcon_core.environment:create_file_with_runtime_dependencies(/home/situjet/Desktop/leo_common-ros2/install/leo_description/share/colcon-core/packages/leo_description)
[2.573s] Level 1:colcon.colcon_core.environment:create_environment_scripts_only(leo_teleop)
[2.574s] DEBUG:colcon.colcon_core.event_handler.log_command:Invoking command in '/home/situjet/Desktop/leo_common-ros2/build/leo_msgs': CMAKE_PREFIX_PATH=${CMAKE_PREFIX_PATH}:/home/situjet/Desktop/leo_common-ros2/install/programmed_drive:/opt/ros/humble /home/situjet/.local/bin/cmake --install /home/situjet/Desktop/leo_common-ros2/build/leo_msgs
[2.574s] DEBUG:colcon.colcon_core.event_handler.log_command:Invoked command in '/home/situjet/Desktop/leo_common-ros2/build/leo_teleop' returned '0': CMAKE_PREFIX_PATH=${CMAKE_PREFIX_PATH}:/home/situjet/Desktop/leo_common-ros2/install/programmed_drive:/opt/ros/humble /home/situjet/.local/bin/cmake --install /home/situjet/Desktop/leo_common-ros2/build/leo_teleop
[2.590s] Level 1:colcon.colcon_core.environment:checking '/home/situjet/Desktop/leo_common-ros2/install/leo_teleop' for CMake module files
[2.591s] Level 1:colcon.colcon_core.environment:checking '/home/situjet/Desktop/leo_common-ros2/install/leo_teleop' for CMake config files
[2.591s] Level 1:colcon.colcon_core.shell:create_environment_hook('leo_teleop', 'cmake_prefix_path')
[2.620s] INFO:colcon.colcon_core.shell:Creating environment hook '/home/situjet/Desktop/leo_common-ros2/install/leo_teleop/share/leo_teleop/hook/cmake_prefix_path.ps1'
[2.621s] INFO:colcon.colcon_core.shell:Creating environment descriptor '/home/situjet/Desktop/leo_common-ros2/install/leo_teleop/share/leo_teleop/hook/cmake_prefix_path.dsv'
[2.621s] INFO:colcon.colcon_core.shell:Creating environment hook '/home/situjet/Desktop/leo_common-ros2/install/leo_teleop/share/leo_teleop/hook/cmake_prefix_path.sh'
[2.622s] Level 1:colcon.colcon_core.environment:checking '/home/situjet/Desktop/leo_common-ros2/install/leo_teleop/bin'
[2.622s] Level 1:colcon.colcon_core.environment:checking '/home/situjet/Desktop/leo_common-ros2/install/leo_teleop/lib/pkgconfig/leo_teleop.pc'
[2.623s] Level 1:colcon.colcon_core.environment:checking '/home/situjet/Desktop/leo_common-ros2/install/leo_teleop/lib/python3.10/site-packages'
[2.623s] Level 1:colcon.colcon_core.environment:checking '/home/situjet/Desktop/leo_common-ros2/install/leo_teleop/bin'
[2.656s] INFO:colcon.colcon_core.shell:Creating package script '/home/situjet/Desktop/leo_common-ros2/install/leo_teleop/share/leo_teleop/package.ps1'
[2.657s] INFO:colcon.colcon_core.shell:Creating package descriptor '/home/situjet/Desktop/leo_common-ros2/install/leo_teleop/share/leo_teleop/package.dsv'
[2.657s] INFO:colcon.colcon_core.shell:Creating package script '/home/situjet/Desktop/leo_common-ros2/install/leo_teleop/share/leo_teleop/package.sh'
[2.658s] INFO:colcon.colcon_core.shell:Creating package script '/home/situjet/Desktop/leo_common-ros2/install/leo_teleop/share/leo_teleop/package.bash'
[2.658s] INFO:colcon.colcon_core.shell:Creating package script '/home/situjet/Desktop/leo_common-ros2/install/leo_teleop/share/leo_teleop/package.zsh'
[2.658s] Level 1:colcon.colcon_core.environment:create_file_with_runtime_dependencies(/home/situjet/Desktop/leo_common-ros2/install/leo_teleop/share/colcon-core/packages/leo_teleop)
[2.680s] Level 1:colcon.colcon_core.environment:create_environment_scripts_only(leo_description)
[2.696s] Level 1:colcon.colcon_core.environment:checking '/home/situjet/Desktop/leo_common-ros2/install/leo_description' for CMake module files
[2.697s] Level 1:colcon.colcon_core.environment:checking '/home/situjet/Desktop/leo_common-ros2/install/leo_description' for CMake config files
[2.698s] Level 1:colcon.colcon_core.shell:create_environment_hook('leo_description', 'cmake_prefix_path')
[2.714s] INFO:colcon.colcon_core.shell:Creating environment hook '/home/situjet/Desktop/leo_common-ros2/install/leo_description/share/leo_description/hook/cmake_prefix_path.ps1'
[2.714s] INFO:colcon.colcon_core.shell:Creating environment descriptor '/home/situjet/Desktop/leo_common-ros2/install/leo_description/share/leo_description/hook/cmake_prefix_path.dsv'
[2.715s] INFO:colcon.colcon_core.shell:Creating environment hook '/home/situjet/Desktop/leo_common-ros2/install/leo_description/share/leo_description/hook/cmake_prefix_path.sh'
[2.715s] Level 1:colcon.colcon_core.environment:checking '/home/situjet/Desktop/leo_common-ros2/install/leo_description/bin'
[2.715s] Level 1:colcon.colcon_core.environment:checking '/home/situjet/Desktop/leo_common-ros2/install/leo_description/lib/pkgconfig/leo_description.pc'
[2.715s] Level 1:colcon.colcon_core.environment:checking '/home/situjet/Desktop/leo_common-ros2/install/leo_description/lib/python3.10/site-packages'
[2.716s] Level 1:colcon.colcon_core.environment:checking '/home/situjet/Desktop/leo_common-ros2/install/leo_description/bin'
[2.733s] INFO:colcon.colcon_core.shell:Creating package script '/home/situjet/Desktop/leo_common-ros2/install/leo_description/share/leo_description/package.ps1'
[2.734s] INFO:colcon.colcon_core.shell:Creating package descriptor '/home/situjet/Desktop/leo_common-ros2/install/leo_description/share/leo_description/package.dsv'
[2.734s] INFO:colcon.colcon_core.shell:Creating package script '/home/situjet/Desktop/leo_common-ros2/install/leo_description/share/leo_description/package.sh'
[2.735s] INFO:colcon.colcon_core.shell:Creating package script '/home/situjet/Desktop/leo_common-ros2/install/leo_description/share/leo_description/package.bash'
[2.735s] INFO:colcon.colcon_core.shell:Creating package script '/home/situjet/Desktop/leo_common-ros2/install/leo_description/share/leo_description/package.zsh'
[2.735s] Level 1:colcon.colcon_core.environment:create_file_with_runtime_dependencies(/home/situjet/Desktop/leo_common-ros2/install/leo_description/share/colcon-core/packages/leo_description)
[2.736s] INFO:colcon.colcon_ros.task.ament_cmake.build:Building ROS package in '/home/situjet/Desktop/leo_common-ros2/src/leo_viz' with build type 'ament_cmake'
[2.736s] INFO:colcon.colcon_cmake.task.cmake.build:Building CMake package in '/home/situjet/Desktop/leo_common-ros2/src/leo_viz'
[2.753s] INFO:colcon.colcon_core.shell:Skip shell extension 'powershell' for command environment: Not usable outside of PowerShell
[2.753s] DEBUG:colcon.colcon_core.shell:Skip shell extension 'dsv' for command environment
[2.825s] Level 1:colcon.colcon_core.environment:create_environment_scripts_only(leo_teleop)
[2.842s] Level 1:colcon.colcon_core.environment:checking '/home/situjet/Desktop/leo_common-ros2/install/leo_teleop' for CMake module files
[2.842s] Level 1:colcon.colcon_core.environment:checking '/home/situjet/Desktop/leo_common-ros2/install/leo_teleop' for CMake config files
[2.842s] Level 1:colcon.colcon_core.shell:create_environment_hook('leo_teleop', 'cmake_prefix_path')
[2.859s] INFO:colcon.colcon_core.shell:Creating environment hook '/home/situjet/Desktop/leo_common-ros2/install/leo_teleop/share/leo_teleop/hook/cmake_prefix_path.ps1'
[2.860s] INFO:colcon.colcon_core.shell:Creating environment descriptor '/home/situjet/Desktop/leo_common-ros2/install/leo_teleop/share/leo_teleop/hook/cmake_prefix_path.dsv'
[2.860s] INFO:colcon.colcon_core.shell:Creating environment hook '/home/situjet/Desktop/leo_common-ros2/install/leo_teleop/share/leo_teleop/hook/cmake_prefix_path.sh'
[2.861s] Level 1:colcon.colcon_core.environment:checking '/home/situjet/Desktop/leo_common-ros2/install/leo_teleop/bin'
[2.861s] Level 1:colcon.colcon_core.environment:checking '/home/situjet/Desktop/leo_common-ros2/install/leo_teleop/lib/pkgconfig/leo_teleop.pc'
[2.861s] Level 1:colcon.colcon_core.environment:checking '/home/situjet/Desktop/leo_common-ros2/install/leo_teleop/lib/python3.10/site-packages'
[2.861s] Level 1:colcon.colcon_core.environment:checking '/home/situjet/Desktop/leo_common-ros2/install/leo_teleop/bin'
[2.878s] INFO:colcon.colcon_core.shell:Creating package script '/home/situjet/Desktop/leo_common-ros2/install/leo_teleop/share/leo_teleop/package.ps1'
[2.879s] INFO:colcon.colcon_core.shell:Creating package descriptor '/home/situjet/Desktop/leo_common-ros2/install/leo_teleop/share/leo_teleop/package.dsv'
[2.879s] INFO:colcon.colcon_core.shell:Creating package script '/home/situjet/Desktop/leo_common-ros2/install/leo_teleop/share/leo_teleop/package.sh'
[2.880s] INFO:colcon.colcon_core.shell:Creating package script '/home/situjet/Desktop/leo_common-ros2/install/leo_teleop/share/leo_teleop/package.bash'
[2.880s] INFO:colcon.colcon_core.shell:Creating package script '/home/situjet/Desktop/leo_common-ros2/install/leo_teleop/share/leo_teleop/package.zsh'
[2.881s] Level 1:colcon.colcon_core.environment:create_file_with_runtime_dependencies(/home/situjet/Desktop/leo_common-ros2/install/leo_teleop/share/colcon-core/packages/leo_teleop)
[2.882s] Level 1:colcon.colcon_core.environment:create_environment_scripts_only(leo_msgs)
[2.883s] DEBUG:colcon.colcon_core.event_handler.log_command:Invoked command in '/home/situjet/Desktop/leo_common-ros2/build/leo_msgs' returned '0': CMAKE_PREFIX_PATH=${CMAKE_PREFIX_PATH}:/home/situjet/Desktop/leo_common-ros2/install/programmed_drive:/opt/ros/humble /home/situjet/.local/bin/cmake --install /home/situjet/Desktop/leo_common-ros2/build/leo_msgs
[2.910s] Level 1:colcon.colcon_core.environment:checking '/home/situjet/Desktop/leo_common-ros2/install/leo_msgs' for CMake module files
[2.911s] Level 1:colcon.colcon_core.environment:checking '/home/situjet/Desktop/leo_common-ros2/install/leo_msgs' for CMake config files
[2.912s] Level 1:colcon.colcon_core.shell:create_environment_hook('leo_msgs', 'cmake_prefix_path')
[2.930s] INFO:colcon.colcon_core.shell:Creating environment hook '/home/situjet/Desktop/leo_common-ros2/install/leo_msgs/share/leo_msgs/hook/cmake_prefix_path.ps1'
[2.930s] INFO:colcon.colcon_core.shell:Creating environment descriptor '/home/situjet/Desktop/leo_common-ros2/install/leo_msgs/share/leo_msgs/hook/cmake_prefix_path.dsv'
[2.931s] INFO:colcon.colcon_core.shell:Creating environment hook '/home/situjet/Desktop/leo_common-ros2/install/leo_msgs/share/leo_msgs/hook/cmake_prefix_path.sh'
[2.931s] Level 1:colcon.colcon_core.environment:checking '/home/situjet/Desktop/leo_common-ros2/install/leo_msgs/lib'
[2.931s] Level 1:colcon.colcon_core.shell:create_environment_hook('leo_msgs', 'ld_library_path_lib')
[2.949s] INFO:colcon.colcon_core.shell:Creating environment hook '/home/situjet/Desktop/leo_common-ros2/install/leo_msgs/share/leo_msgs/hook/ld_library_path_lib.ps1'
[2.949s] INFO:colcon.colcon_core.shell:Creating environment descriptor '/home/situjet/Desktop/leo_common-ros2/install/leo_msgs/share/leo_msgs/hook/ld_library_path_lib.dsv'
[2.950s] INFO:colcon.colcon_core.shell:Creating environment hook '/home/situjet/Desktop/leo_common-ros2/install/leo_msgs/share/leo_msgs/hook/ld_library_path_lib.sh'
[2.950s] Level 1:colcon.colcon_core.environment:checking '/home/situjet/Desktop/leo_common-ros2/install/leo_msgs/bin'
[2.950s] Level 1:colcon.colcon_core.environment:checking '/home/situjet/Desktop/leo_common-ros2/install/leo_msgs/lib/pkgconfig/leo_msgs.pc'
[2.951s] Level 1:colcon.colcon_core.environment:checking '/home/situjet/Desktop/leo_common-ros2/install/leo_msgs/lib/python3.10/site-packages'
[2.951s] Level 1:colcon.colcon_core.environment:checking '/home/situjet/Desktop/leo_common-ros2/install/leo_msgs/bin'
[2.969s] INFO:colcon.colcon_core.shell:Creating package script '/home/situjet/Desktop/leo_common-ros2/install/leo_msgs/share/leo_msgs/package.ps1'
[2.969s] INFO:colcon.colcon_core.shell:Creating package descriptor '/home/situjet/Desktop/leo_common-ros2/install/leo_msgs/share/leo_msgs/package.dsv'
[2.970s] INFO:colcon.colcon_core.shell:Creating package script '/home/situjet/Desktop/leo_common-ros2/install/leo_msgs/share/leo_msgs/package.sh'
[2.970s] INFO:colcon.colcon_core.shell:Creating package script '/home/situjet/Desktop/leo_common-ros2/install/leo_msgs/share/leo_msgs/package.bash'
[2.971s] INFO:colcon.colcon_core.shell:Creating package script '/home/situjet/Desktop/leo_common-ros2/install/leo_msgs/share/leo_msgs/package.zsh'
[2.971s] Level 1:colcon.colcon_core.environment:create_file_with_runtime_dependencies(/home/situjet/Desktop/leo_common-ros2/install/leo_msgs/share/colcon-core/packages/leo_msgs)
[2.975s] DEBUG:colcon.colcon_core.event_handler.log_command:Invoking command in '/home/situjet/Desktop/leo_common-ros2/build/programmed_drive': PYTHONPATH=/home/situjet/Desktop/leo_common-ros2/build/programmed_drive/prefix_override:/home/situjet/Desktop/leo_common-ros2/install/programmed_drive/lib/python3.10/site-packages:${PYTHONPATH} /usr/bin/python3 setup.py develop --editable --build-directory /home/situjet/Desktop/leo_common-ros2/build/programmed_drive/build --no-deps install_data
[2.978s] DEBUG:colcon.colcon_core.event_handler.log_command:Invoking command in '/home/situjet/Desktop/leo_common-ros2/build/leo_viz': CMAKE_PREFIX_PATH=/home/situjet/Desktop/leo_common-ros2/install/leo_description:/home/situjet/Desktop/leo_common-ros2/src/leo_teleop_holonomic/install/leo_teleop_holonomic:/home/situjet/Desktop/leo_common-ros2/install/leo_teleop_holonomic:/home/situjet/Desktop/leo_common-ros2/install/leo_desktop:/home/situjet/Desktop/leo_common-ros2/install/leo_viz:/home/situjet/Desktop/leo_common-ros2/install/leo:/home/situjet/Desktop/leo_common-ros2/install/leo_teleop:/home/situjet/Desktop/leo_common-ros2/install/leo_msgs:/home/situjet/Desktop/leo_common-ros2/install/programmed_drive:/opt/ros/humble /home/situjet/.local/bin/cmake --build /home/situjet/Desktop/leo_common-ros2/build/leo_viz -- -j12 -l12
[3.025s] DEBUG:colcon.colcon_core.event_handler.log_command:Invoked command in '/home/situjet/Desktop/leo_common-ros2/build/leo_viz' returned '0': CMAKE_PREFIX_PATH=/home/situjet/Desktop/leo_common-ros2/install/leo_description:/home/situjet/Desktop/leo_common-ros2/src/leo_teleop_holonomic/install/leo_teleop_holonomic:/home/situjet/Desktop/leo_common-ros2/install/leo_teleop_holonomic:/home/situjet/Desktop/leo_common-ros2/install/leo_desktop:/home/situjet/Desktop/leo_common-ros2/install/leo_viz:/home/situjet/Desktop/leo_common-ros2/install/leo:/home/situjet/Desktop/leo_common-ros2/install/leo_teleop:/home/situjet/Desktop/leo_common-ros2/install/leo_msgs:/home/situjet/Desktop/leo_common-ros2/install/programmed_drive:/opt/ros/humble /home/situjet/.local/bin/cmake --build /home/situjet/Desktop/leo_common-ros2/build/leo_viz -- -j12 -l12
[3.064s] DEBUG:colcon.colcon_core.event_handler.log_command:Invoking command in '/home/situjet/Desktop/leo_common-ros2/build/leo_viz': CMAKE_PREFIX_PATH=/home/situjet/Desktop/leo_common-ros2/install/leo_description:/home/situjet/Desktop/leo_common-ros2/src/leo_teleop_holonomic/install/leo_teleop_holonomic:/home/situjet/Desktop/leo_common-ros2/install/leo_teleop_holonomic:/home/situjet/Desktop/leo_common-ros2/install/leo_desktop:/home/situjet/Desktop/leo_common-ros2/install/leo_viz:/home/situjet/Desktop/leo_common-ros2/install/leo:/home/situjet/Desktop/leo_common-ros2/install/leo_teleop:/home/situjet/Desktop/leo_common-ros2/install/leo_msgs:/home/situjet/Desktop/leo_common-ros2/install/programmed_drive:/opt/ros/humble /home/situjet/.local/bin/cmake --install /home/situjet/Desktop/leo_common-ros2/build/leo_viz
[3.126s] Level 1:colcon.colcon_core.environment:create_environment_scripts_only(leo_msgs)
[3.155s] Level 1:colcon.colcon_core.environment:checking '/home/situjet/Desktop/leo_common-ros2/install/leo_msgs' for CMake module files
[3.156s] Level 1:colcon.colcon_core.environment:checking '/home/situjet/Desktop/leo_common-ros2/install/leo_msgs' for CMake config files
[3.157s] Level 1:colcon.colcon_core.shell:create_environment_hook('leo_msgs', 'cmake_prefix_path')
[3.184s] INFO:colcon.colcon_core.shell:Creating environment hook '/home/situjet/Desktop/leo_common-ros2/install/leo_msgs/share/leo_msgs/hook/cmake_prefix_path.ps1'
[3.185s] INFO:colcon.colcon_core.shell:Creating environment descriptor '/home/situjet/Desktop/leo_common-ros2/install/leo_msgs/share/leo_msgs/hook/cmake_prefix_path.dsv'
[3.186s] INFO:colcon.colcon_core.shell:Creating environment hook '/home/situjet/Desktop/leo_common-ros2/install/leo_msgs/share/leo_msgs/hook/cmake_prefix_path.sh'
[3.186s] Level 1:colcon.colcon_core.environment:checking '/home/situjet/Desktop/leo_common-ros2/install/leo_msgs/lib'
[3.186s] Level 1:colcon.colcon_core.shell:create_environment_hook('leo_msgs', 'ld_library_path_lib')
[3.214s] INFO:colcon.colcon_core.shell:Creating environment hook '/home/situjet/Desktop/leo_common-ros2/install/leo_msgs/share/leo_msgs/hook/ld_library_path_lib.ps1'
[3.215s] INFO:colcon.colcon_core.shell:Creating environment descriptor '/home/situjet/Desktop/leo_common-ros2/install/leo_msgs/share/leo_msgs/hook/ld_library_path_lib.dsv'
[3.215s] INFO:colcon.colcon_core.shell:Creating environment hook '/home/situjet/Desktop/leo_common-ros2/install/leo_msgs/share/leo_msgs/hook/ld_library_path_lib.sh'
[3.216s] Level 1:colcon.colcon_core.environment:checking '/home/situjet/Desktop/leo_common-ros2/install/leo_msgs/bin'
[3.216s] Level 1:colcon.colcon_core.environment:checking '/home/situjet/Desktop/leo_common-ros2/install/leo_msgs/lib/pkgconfig/leo_msgs.pc'
[3.216s] Level 1:colcon.colcon_core.environment:checking '/home/situjet/Desktop/leo_common-ros2/install/leo_msgs/lib/python3.10/site-packages'
[3.217s] Level 1:colcon.colcon_core.environment:checking '/home/situjet/Desktop/leo_common-ros2/install/leo_msgs/bin'
[3.245s] INFO:colcon.colcon_core.shell:Creating package script '/home/situjet/Desktop/leo_common-ros2/install/leo_msgs/share/leo_msgs/package.ps1'
[3.246s] INFO:colcon.colcon_core.shell:Creating package descriptor '/home/situjet/Desktop/leo_common-ros2/install/leo_msgs/share/leo_msgs/package.dsv'
[3.246s] INFO:colcon.colcon_core.shell:Creating package script '/home/situjet/Desktop/leo_common-ros2/install/leo_msgs/share/leo_msgs/package.sh'
[3.247s] INFO:colcon.colcon_core.shell:Creating package script '/home/situjet/Desktop/leo_common-ros2/install/leo_msgs/share/leo_msgs/package.bash'
[3.247s] INFO:colcon.colcon_core.shell:Creating package script '/home/situjet/Desktop/leo_common-ros2/install/leo_msgs/share/leo_msgs/package.zsh'
[3.247s] Level 1:colcon.colcon_core.environment:create_file_with_runtime_dependencies(/home/situjet/Desktop/leo_common-ros2/install/leo_msgs/share/colcon-core/packages/leo_msgs)
[3.248s] INFO:colcon.colcon_ros.task.ament_cmake.build:Building ROS package in '/home/situjet/Desktop/leo_common-ros2/src/leo' with build type 'ament_cmake'
[3.248s] INFO:colcon.colcon_cmake.task.cmake.build:Building CMake package in '/home/situjet/Desktop/leo_common-ros2/src/leo'
[3.265s] INFO:colcon.colcon_core.shell:Skip shell extension 'powershell' for command environment: Not usable outside of PowerShell
[3.266s] DEBUG:colcon.colcon_core.shell:Skip shell extension 'dsv' for command environment
[3.321s] Level 1:colcon.colcon_core.environment:create_environment_scripts_only(leo_viz)
[3.321s] DEBUG:colcon.colcon_core.event_handler.log_command:Invoked command in '/home/situjet/Desktop/leo_common-ros2/build/leo_viz' returned '0': CMAKE_PREFIX_PATH=/home/situjet/Desktop/leo_common-ros2/install/leo_description:/home/situjet/Desktop/leo_common-ros2/src/leo_teleop_holonomic/install/leo_teleop_holonomic:/home/situjet/Desktop/leo_common-ros2/install/leo_teleop_holonomic:/home/situjet/Desktop/leo_common-ros2/install/leo_desktop:/home/situjet/Desktop/leo_common-ros2/install/leo_viz:/home/situjet/Desktop/leo_common-ros2/install/leo:/home/situjet/Desktop/leo_common-ros2/install/leo_teleop:/home/situjet/Desktop/leo_common-ros2/install/leo_msgs:/home/situjet/Desktop/leo_common-ros2/install/programmed_drive:/opt/ros/humble /home/situjet/.local/bin/cmake --install /home/situjet/Desktop/leo_common-ros2/build/leo_viz
[3.339s] Level 1:colcon.colcon_core.environment:checking '/home/situjet/Desktop/leo_common-ros2/install/leo_viz' for CMake module files
[3.340s] Level 1:colcon.colcon_core.environment:checking '/home/situjet/Desktop/leo_common-ros2/install/leo_viz' for CMake config files
[3.340s] Level 1:colcon.colcon_core.shell:create_environment_hook('leo_viz', 'cmake_prefix_path')
[3.360s] INFO:colcon.colcon_core.shell:Creating environment hook '/home/situjet/Desktop/leo_common-ros2/install/leo_viz/share/leo_viz/hook/cmake_prefix_path.ps1'
[3.360s] INFO:colcon.colcon_core.shell:Creating environment descriptor '/home/situjet/Desktop/leo_common-ros2/install/leo_viz/share/leo_viz/hook/cmake_prefix_path.dsv'
[3.361s] INFO:colcon.colcon_core.shell:Creating environment hook '/home/situjet/Desktop/leo_common-ros2/install/leo_viz/share/leo_viz/hook/cmake_prefix_path.sh'
[3.361s] Level 1:colcon.colcon_core.environment:checking '/home/situjet/Desktop/leo_common-ros2/install/leo_viz/bin'
[3.361s] Level 1:colcon.colcon_core.environment:checking '/home/situjet/Desktop/leo_common-ros2/install/leo_viz/lib/pkgconfig/leo_viz.pc'
[3.362s] Level 1:colcon.colcon_core.environment:checking '/home/situjet/Desktop/leo_common-ros2/install/leo_viz/lib/python3.10/site-packages'
[3.362s] Level 1:colcon.colcon_core.environment:checking '/home/situjet/Desktop/leo_common-ros2/install/leo_viz/bin'
[3.379s] INFO:colcon.colcon_core.shell:Creating package script '/home/situjet/Desktop/leo_common-ros2/install/leo_viz/share/leo_viz/package.ps1'
[3.380s] INFO:colcon.colcon_core.shell:Creating package descriptor '/home/situjet/Desktop/leo_common-ros2/install/leo_viz/share/leo_viz/package.dsv'
[3.380s] INFO:colcon.colcon_core.shell:Creating package script '/home/situjet/Desktop/leo_common-ros2/install/leo_viz/share/leo_viz/package.sh'
[3.381s] INFO:colcon.colcon_core.shell:Creating package script '/home/situjet/Desktop/leo_common-ros2/install/leo_viz/share/leo_viz/package.bash'
[3.381s] INFO:colcon.colcon_core.shell:Creating package script '/home/situjet/Desktop/leo_common-ros2/install/leo_viz/share/leo_viz/package.zsh'
[3.382s] Level 1:colcon.colcon_core.environment:create_file_with_runtime_dependencies(/home/situjet/Desktop/leo_common-ros2/install/leo_viz/share/colcon-core/packages/leo_viz)
[3.385s] DEBUG:colcon.colcon_core.event_handler.log_command:Invoking command in '/home/situjet/Desktop/leo_common-ros2/build/leo': CMAKE_PREFIX_PATH=/home/situjet/Desktop/leo_common-ros2/install/leo_teleop:/home/situjet/Desktop/leo_common-ros2/install/leo_msgs:/home/situjet/Desktop/leo_common-ros2/install/leo_description:/home/situjet/Desktop/leo_common-ros2/src/leo_teleop_holonomic/install/leo_teleop_holonomic:/home/situjet/Desktop/leo_common-ros2/install/leo_teleop_holonomic:/home/situjet/Desktop/leo_common-ros2/install/leo_desktop:/home/situjet/Desktop/leo_common-ros2/install/leo_viz:/home/situjet/Desktop/leo_common-ros2/install/leo:/home/situjet/Desktop/leo_common-ros2/install/programmed_drive:/opt/ros/humble /home/situjet/.local/bin/cmake --build /home/situjet/Desktop/leo_common-ros2/build/leo -- -j12 -l12
[3.442s] Level 1:colcon.colcon_core.environment:create_environment_scripts_only(leo_viz)
[3.459s] Level 1:colcon.colcon_core.environment:checking '/home/situjet/Desktop/leo_common-ros2/install/leo_viz' for CMake module files
[3.459s] Level 1:colcon.colcon_core.environment:checking '/home/situjet/Desktop/leo_common-ros2/install/leo_viz' for CMake config files
[3.460s] Level 1:colcon.colcon_core.shell:create_environment_hook('leo_viz', 'cmake_prefix_path')
[3.477s] INFO:colcon.colcon_core.shell:Creating environment hook '/home/situjet/Desktop/leo_common-ros2/install/leo_viz/share/leo_viz/hook/cmake_prefix_path.ps1'
[3.477s] INFO:colcon.colcon_core.shell:Creating environment descriptor '/home/situjet/Desktop/leo_common-ros2/install/leo_viz/share/leo_viz/hook/cmake_prefix_path.dsv'
[3.477s] INFO:colcon.colcon_core.shell:Creating environment hook '/home/situjet/Desktop/leo_common-ros2/install/leo_viz/share/leo_viz/hook/cmake_prefix_path.sh'
[3.478s] Level 1:colcon.colcon_core.environment:checking '/home/situjet/Desktop/leo_common-ros2/install/leo_viz/bin'
[3.478s] Level 1:colcon.colcon_core.environment:checking '/home/situjet/Desktop/leo_common-ros2/install/leo_viz/lib/pkgconfig/leo_viz.pc'
[3.478s] Level 1:colcon.colcon_core.environment:checking '/home/situjet/Desktop/leo_common-ros2/install/leo_viz/lib/python3.10/site-packages'
[3.478s] Level 1:colcon.colcon_core.environment:checking '/home/situjet/Desktop/leo_common-ros2/install/leo_viz/bin'
[3.495s] INFO:colcon.colcon_core.shell:Creating package script '/home/situjet/Desktop/leo_common-ros2/install/leo_viz/share/leo_viz/package.ps1'
[3.495s] INFO:colcon.colcon_core.shell:Creating package descriptor '/home/situjet/Desktop/leo_common-ros2/install/leo_viz/share/leo_viz/package.dsv'
[3.496s] INFO:colcon.colcon_core.shell:Creating package script '/home/situjet/Desktop/leo_common-ros2/install/leo_viz/share/leo_viz/package.sh'
[3.496s] INFO:colcon.colcon_core.shell:Creating package script '/home/situjet/Desktop/leo_common-ros2/install/leo_viz/share/leo_viz/package.bash'
[3.497s] INFO:colcon.colcon_core.shell:Creating package script '/home/situjet/Desktop/leo_common-ros2/install/leo_viz/share/leo_viz/package.zsh'
[3.497s] Level 1:colcon.colcon_core.environment:create_file_with_runtime_dependencies(/home/situjet/Desktop/leo_common-ros2/install/leo_viz/share/colcon-core/packages/leo_viz)
[3.499s] DEBUG:colcon.colcon_core.event_handler.log_command:Invoked command in '/home/situjet/Desktop/leo_common-ros2/build/leo' returned '0': CMAKE_PREFIX_PATH=/home/situjet/Desktop/leo_common-ros2/install/leo_teleop:/home/situjet/Desktop/leo_common-ros2/install/leo_msgs:/home/situjet/Desktop/leo_common-ros2/install/leo_description:/home/situjet/Desktop/leo_common-ros2/src/leo_teleop_holonomic/install/leo_teleop_holonomic:/home/situjet/Desktop/leo_common-ros2/install/leo_teleop_holonomic:/home/situjet/Desktop/leo_common-ros2/install/leo_desktop:/home/situjet/Desktop/leo_common-ros2/install/leo_viz:/home/situjet/Desktop/leo_common-ros2/install/leo:/home/situjet/Desktop/leo_common-ros2/install/programmed_drive:/opt/ros/humble /home/situjet/.local/bin/cmake --build /home/situjet/Desktop/leo_common-ros2/build/leo -- -j12 -l12
[3.551s] DEBUG:colcon.colcon_core.event_handler.log_command:Invoking command in '/home/situjet/Desktop/leo_common-ros2/build/leo': CMAKE_PREFIX_PATH=/home/situjet/Desktop/leo_common-ros2/install/leo_teleop:/home/situjet/Desktop/leo_common-ros2/install/leo_msgs:/home/situjet/Desktop/leo_common-ros2/install/leo_description:/home/situjet/Desktop/leo_common-ros2/src/leo_teleop_holonomic/install/leo_teleop_holonomic:/home/situjet/Desktop/leo_common-ros2/install/leo_teleop_holonomic:/home/situjet/Desktop/leo_common-ros2/install/leo_desktop:/home/situjet/Desktop/leo_common-ros2/install/leo_viz:/home/situjet/Desktop/leo_common-ros2/install/leo:/home/situjet/Desktop/leo_common-ros2/install/programmed_drive:/opt/ros/humble /home/situjet/.local/bin/cmake --install /home/situjet/Desktop/leo_common-ros2/build/leo
[3.572s] Level 1:colcon.colcon_core.shell:create_environment_hook('programmed_drive', 'pythonpath_develop')
[3.573s] DEBUG:colcon.colcon_core.event_handler.log_command:Invoked command in '/home/situjet/Desktop/leo_common-ros2/build/programmed_drive' returned '0': PYTHONPATH=/home/situjet/Desktop/leo_common-ros2/build/programmed_drive/prefix_override:/home/situjet/Desktop/leo_common-ros2/install/programmed_drive/lib/python3.10/site-packages:${PYTHONPATH} /usr/bin/python3 setup.py develop --editable --build-directory /home/situjet/Desktop/leo_common-ros2/build/programmed_drive/build --no-deps install_data
[3.598s] INFO:colcon.colcon_core.shell:Creating environment hook '/home/situjet/Desktop/leo_common-ros2/build/programmed_drive/share/programmed_drive/hook/pythonpath_develop.ps1'
[3.599s] INFO:colcon.colcon_core.shell:Creating environment descriptor '/home/situjet/Desktop/leo_common-ros2/build/programmed_drive/share/programmed_drive/hook/pythonpath_develop.dsv'
[3.599s] INFO:colcon.colcon_core.shell:Creating environment hook '/home/situjet/Desktop/leo_common-ros2/build/programmed_drive/share/programmed_drive/hook/pythonpath_develop.sh'
[3.621s] Level 1:colcon.colcon_core.environment:checking '/home/situjet/Desktop/leo_common-ros2/install/programmed_drive' for CMake module files
[3.622s] Level 1:colcon.colcon_core.environment:checking '/home/situjet/Desktop/leo_common-ros2/install/programmed_drive' for CMake config files
[3.622s] Level 1:colcon.colcon_core.environment:checking '/home/situjet/Desktop/leo_common-ros2/install/programmed_drive/lib'
[3.622s] Level 1:colcon.colcon_core.environment:checking '/home/situjet/Desktop/leo_common-ros2/install/programmed_drive/bin'
[3.622s] Level 1:colcon.colcon_core.environment:checking '/home/situjet/Desktop/leo_common-ros2/install/programmed_drive/lib/pkgconfig/programmed_drive.pc'
[3.623s] Level 1:colcon.colcon_core.environment:checking '/home/situjet/Desktop/leo_common-ros2/install/programmed_drive/lib/python3.10/site-packages'
[3.623s] Level 1:colcon.colcon_core.shell:create_environment_hook('programmed_drive', 'pythonpath')
[3.639s] INFO:colcon.colcon_core.shell:Creating environment hook '/home/situjet/Desktop/leo_common-ros2/install/programmed_drive/share/programmed_drive/hook/pythonpath.ps1'
[3.639s] INFO:colcon.colcon_core.shell:Creating environment descriptor '/home/situjet/Desktop/leo_common-ros2/install/programmed_drive/share/programmed_drive/hook/pythonpath.dsv'
[3.640s] INFO:colcon.colcon_core.shell:Creating environment hook '/home/situjet/Desktop/leo_common-ros2/install/programmed_drive/share/programmed_drive/hook/pythonpath.sh'
[3.640s] Level 1:colcon.colcon_core.environment:checking '/home/situjet/Desktop/leo_common-ros2/install/programmed_drive/bin'
[3.640s] Level 1:colcon.colcon_core.environment:create_environment_scripts_only(programmed_drive)
[3.657s] INFO:colcon.colcon_core.shell:Creating package script '/home/situjet/Desktop/leo_common-ros2/install/programmed_drive/share/programmed_drive/package.ps1'
[3.657s] INFO:colcon.colcon_core.shell:Creating package descriptor '/home/situjet/Desktop/leo_common-ros2/install/programmed_drive/share/programmed_drive/package.dsv'
[3.658s] INFO:colcon.colcon_core.shell:Creating package script '/home/situjet/Desktop/leo_common-ros2/install/programmed_drive/share/programmed_drive/package.sh'
[3.658s] INFO:colcon.colcon_core.shell:Creating package script '/home/situjet/Desktop/leo_common-ros2/install/programmed_drive/share/programmed_drive/package.bash'
[3.658s] INFO:colcon.colcon_core.shell:Creating package script '/home/situjet/Desktop/leo_common-ros2/install/programmed_drive/share/programmed_drive/package.zsh'
[3.659s] Level 1:colcon.colcon_core.environment:create_file_with_runtime_dependencies(/home/situjet/Desktop/leo_common-ros2/install/programmed_drive/share/colcon-core/packages/programmed_drive)
[3.660s] Level 1:colcon.colcon_core.environment:create_environment_scripts_only(leo)
[3.660s] DEBUG:colcon.colcon_core.event_handler.log_command:Invoked command in '/home/situjet/Desktop/leo_common-ros2/build/leo' returned '0': CMAKE_PREFIX_PATH=/home/situjet/Desktop/leo_common-ros2/install/leo_teleop:/home/situjet/Desktop/leo_common-ros2/install/leo_msgs:/home/situjet/Desktop/leo_common-ros2/install/leo_description:/home/situjet/Desktop/leo_common-ros2/src/leo_teleop_holonomic/install/leo_teleop_holonomic:/home/situjet/Desktop/leo_common-ros2/install/leo_teleop_holonomic:/home/situjet/Desktop/leo_common-ros2/install/leo_desktop:/home/situjet/Desktop/leo_common-ros2/install/leo_viz:/home/situjet/Desktop/leo_common-ros2/install/leo:/home/situjet/Desktop/leo_common-ros2/install/programmed_drive:/opt/ros/humble /home/situjet/.local/bin/cmake --install /home/situjet/Desktop/leo_common-ros2/build/leo
[3.677s] Level 1:colcon.colcon_core.environment:checking '/home/situjet/Desktop/leo_common-ros2/install/leo' for CMake module files
[3.677s] Level 1:colcon.colcon_core.environment:checking '/home/situjet/Desktop/leo_common-ros2/install/leo' for CMake config files
[3.677s] Level 1:colcon.colcon_core.shell:create_environment_hook('leo', 'cmake_prefix_path')
[3.694s] INFO:colcon.colcon_core.shell:Creating environment hook '/home/situjet/Desktop/leo_common-ros2/install/leo/share/leo/hook/cmake_prefix_path.ps1'
[3.694s] INFO:colcon.colcon_core.shell:Creating environment descriptor '/home/situjet/Desktop/leo_common-ros2/install/leo/share/leo/hook/cmake_prefix_path.dsv'
[3.694s] INFO:colcon.colcon_core.shell:Creating environment hook '/home/situjet/Desktop/leo_common-ros2/install/leo/share/leo/hook/cmake_prefix_path.sh'
[3.695s] Level 1:colcon.colcon_core.environment:checking '/home/situjet/Desktop/leo_common-ros2/install/leo/bin'
[3.695s] Level 1:colcon.colcon_core.environment:checking '/home/situjet/Desktop/leo_common-ros2/install/leo/lib/pkgconfig/leo.pc'
[3.695s] Level 1:colcon.colcon_core.environment:checking '/home/situjet/Desktop/leo_common-ros2/install/leo/lib/python3.10/site-packages'
[3.695s] Level 1:colcon.colcon_core.environment:checking '/home/situjet/Desktop/leo_common-ros2/install/leo/bin'
[3.711s] INFO:colcon.colcon_core.shell:Creating package script '/home/situjet/Desktop/leo_common-ros2/install/leo/share/leo/package.ps1'
[3.711s] INFO:colcon.colcon_core.shell:Creating package descriptor '/home/situjet/Desktop/leo_common-ros2/install/leo/share/leo/package.dsv'
[3.712s] INFO:colcon.colcon_core.shell:Creating package script '/home/situjet/Desktop/leo_common-ros2/install/leo/share/leo/package.sh'
[3.712s] INFO:colcon.colcon_core.shell:Creating package script '/home/situjet/Desktop/leo_common-ros2/install/leo/share/leo/package.bash'
[3.712s] INFO:colcon.colcon_core.shell:Creating package script '/home/situjet/Desktop/leo_common-ros2/install/leo/share/leo/package.zsh'
[3.713s] Level 1:colcon.colcon_core.environment:create_file_with_runtime_dependencies(/home/situjet/Desktop/leo_common-ros2/install/leo/share/colcon-core/packages/leo)
[3.766s] Level 1:colcon.colcon_core.environment:create_environment_scripts_only(leo)
[3.782s] Level 1:colcon.colcon_core.environment:checking '/home/situjet/Desktop/leo_common-ros2/install/leo' for CMake module files
[3.782s] Level 1:colcon.colcon_core.environment:checking '/home/situjet/Desktop/leo_common-ros2/install/leo' for CMake config files
[3.782s] Level 1:colcon.colcon_core.shell:create_environment_hook('leo', 'cmake_prefix_path')
[3.798s] INFO:colcon.colcon_core.shell:Creating environment hook '/home/situjet/Desktop/leo_common-ros2/install/leo/share/leo/hook/cmake_prefix_path.ps1'
[3.799s] INFO:colcon.colcon_core.shell:Creating environment descriptor '/home/situjet/Desktop/leo_common-ros2/install/leo/share/leo/hook/cmake_prefix_path.dsv'
[3.799s] INFO:colcon.colcon_core.shell:Creating environment hook '/home/situjet/Desktop/leo_common-ros2/install/leo/share/leo/hook/cmake_prefix_path.sh'
[3.799s] Level 1:colcon.colcon_core.environment:checking '/home/situjet/Desktop/leo_common-ros2/install/leo/bin'
[3.800s] Level 1:colcon.colcon_core.environment:checking '/home/situjet/Desktop/leo_common-ros2/install/leo/lib/pkgconfig/leo.pc'
[3.800s] Level 1:colcon.colcon_core.environment:checking '/home/situjet/Desktop/leo_common-ros2/install/leo/lib/python3.10/site-packages'
[3.800s] Level 1:colcon.colcon_core.environment:checking '/home/situjet/Desktop/leo_common-ros2/install/leo/bin'
[3.817s] INFO:colcon.colcon_core.shell:Creating package script '/home/situjet/Desktop/leo_common-ros2/install/leo/share/leo/package.ps1'
[3.817s] INFO:colcon.colcon_core.shell:Creating package descriptor '/home/situjet/Desktop/leo_common-ros2/install/leo/share/leo/package.dsv'
[3.818s] INFO:colcon.colcon_core.shell:Creating package script '/home/situjet/Desktop/leo_common-ros2/install/leo/share/leo/package.sh'
[3.818s] INFO:colcon.colcon_core.shell:Creating package script '/home/situjet/Desktop/leo_common-ros2/install/leo/share/leo/package.bash'
[3.818s] INFO:colcon.colcon_core.shell:Creating package script '/home/situjet/Desktop/leo_common-ros2/install/leo/share/leo/package.zsh'
[3.819s] Level 1:colcon.colcon_core.environment:create_file_with_runtime_dependencies(/home/situjet/Desktop/leo_common-ros2/install/leo/share/colcon-core/packages/leo)
[3.819s] INFO:colcon.colcon_ros.task.ament_cmake.build:Building ROS package in '/home/situjet/Desktop/leo_common-ros2/src/leo_desktop' with build type 'ament_cmake'
[3.819s] INFO:colcon.colcon_cmake.task.cmake.build:Building CMake package in '/home/situjet/Desktop/leo_common-ros2/src/leo_desktop'
[3.836s] INFO:colcon.colcon_core.shell:Skip shell extension 'powershell' for command environment: Not usable outside of PowerShell
[3.836s] DEBUG:colcon.colcon_core.shell:Skip shell extension 'dsv' for command environment
[3.895s] DEBUG:colcon.colcon_core.event_handler.log_command:Invoking command in '/home/situjet/Desktop/leo_common-ros2/build/leo_desktop': CMAKE_PREFIX_PATH=/home/situjet/Desktop/leo_common-ros2/install/leo_viz:/home/situjet/Desktop/leo_common-ros2/install/leo:/home/situjet/Desktop/leo_common-ros2/install/leo_teleop:/home/situjet/Desktop/leo_common-ros2/install/leo_msgs:/home/situjet/Desktop/leo_common-ros2/install/leo_description:/home/situjet/Desktop/leo_common-ros2/src/leo_teleop_holonomic/install/leo_teleop_holonomic:/home/situjet/Desktop/leo_common-ros2/install/leo_teleop_holonomic:/home/situjet/Desktop/leo_common-ros2/install/leo_desktop:/home/situjet/Desktop/leo_common-ros2/install/programmed_drive:/opt/ros/humble /home/situjet/.local/bin/cmake --build /home/situjet/Desktop/leo_common-ros2/build/leo_desktop -- -j12 -l12
[3.932s] DEBUG:colcon.colcon_core.event_handler.log_command:Invoked command in '/home/situjet/Desktop/leo_common-ros2/build/leo_desktop' returned '0': CMAKE_PREFIX_PATH=/home/situjet/Desktop/leo_common-ros2/install/leo_viz:/home/situjet/Desktop/leo_common-ros2/install/leo:/home/situjet/Desktop/leo_common-ros2/install/leo_teleop:/home/situjet/Desktop/leo_common-ros2/install/leo_msgs:/home/situjet/Desktop/leo_common-ros2/install/leo_description:/home/situjet/Desktop/leo_common-ros2/src/leo_teleop_holonomic/install/leo_teleop_holonomic:/home/situjet/Desktop/leo_common-ros2/install/leo_teleop_holonomic:/home/situjet/Desktop/leo_common-ros2/install/leo_desktop:/home/situjet/Desktop/leo_common-ros2/install/programmed_drive:/opt/ros/humble /home/situjet/.local/bin/cmake --build /home/situjet/Desktop/leo_common-ros2/build/leo_desktop -- -j12 -l12
[3.968s] DEBUG:colcon.colcon_core.event_handler.log_command:Invoking command in '/home/situjet/Desktop/leo_common-ros2/build/leo_desktop': CMAKE_PREFIX_PATH=/home/situjet/Desktop/leo_common-ros2/install/leo_viz:/home/situjet/Desktop/leo_common-ros2/install/leo:/home/situjet/Desktop/leo_common-ros2/install/leo_teleop:/home/situjet/Desktop/leo_common-ros2/install/leo_msgs:/home/situjet/Desktop/leo_common-ros2/install/leo_description:/home/situjet/Desktop/leo_common-ros2/src/leo_teleop_holonomic/install/leo_teleop_holonomic:/home/situjet/Desktop/leo_common-ros2/install/leo_teleop_holonomic:/home/situjet/Desktop/leo_common-ros2/install/leo_desktop:/home/situjet/Desktop/leo_common-ros2/install/programmed_drive:/opt/ros/humble /home/situjet/.local/bin/cmake --install /home/situjet/Desktop/leo_common-ros2/build/leo_desktop
[4.002s] Level 1:colcon.colcon_core.environment:create_environment_scripts_only(leo_desktop)
[4.002s] DEBUG:colcon.colcon_core.event_handler.log_command:Invoked command in '/home/situjet/Desktop/leo_common-ros2/build/leo_desktop' returned '0': CMAKE_PREFIX_PATH=/home/situjet/Desktop/leo_common-ros2/install/leo_viz:/home/situjet/Desktop/leo_common-ros2/install/leo:/home/situjet/Desktop/leo_common-ros2/install/leo_teleop:/home/situjet/Desktop/leo_common-ros2/install/leo_msgs:/home/situjet/Desktop/leo_common-ros2/install/leo_description:/home/situjet/Desktop/leo_common-ros2/src/leo_teleop_holonomic/install/leo_teleop_holonomic:/home/situjet/Desktop/leo_common-ros2/install/leo_teleop_holonomic:/home/situjet/Desktop/leo_common-ros2/install/leo_desktop:/home/situjet/Desktop/leo_common-ros2/install/programmed_drive:/opt/ros/humble /home/situjet/.local/bin/cmake --install /home/situjet/Desktop/leo_common-ros2/build/leo_desktop
[4.019s] Level 1:colcon.colcon_core.environment:checking '/home/situjet/Desktop/leo_common-ros2/install/leo_desktop' for CMake module files
[4.020s] Level 1:colcon.colcon_core.environment:checking '/home/situjet/Desktop/leo_common-ros2/install/leo_desktop' for CMake config files
[4.020s] Level 1:colcon.colcon_core.shell:create_environment_hook('leo_desktop', 'cmake_prefix_path')
[4.036s] INFO:colcon.colcon_core.shell:Creating environment hook '/home/situjet/Desktop/leo_common-ros2/install/leo_desktop/share/leo_desktop/hook/cmake_prefix_path.ps1'
[4.036s] INFO:colcon.colcon_core.shell:Creating environment descriptor '/home/situjet/Desktop/leo_common-ros2/install/leo_desktop/share/leo_desktop/hook/cmake_prefix_path.dsv'
[4.036s] INFO:colcon.colcon_core.shell:Creating environment hook '/home/situjet/Desktop/leo_common-ros2/install/leo_desktop/share/leo_desktop/hook/cmake_prefix_path.sh'
[4.037s] Level 1:colcon.colcon_core.environment:checking '/home/situjet/Desktop/leo_common-ros2/install/leo_desktop/bin'
[4.037s] Level 1:colcon.colcon_core.environment:checking '/home/situjet/Desktop/leo_common-ros2/install/leo_desktop/lib/pkgconfig/leo_desktop.pc'
[4.037s] Level 1:colcon.colcon_core.environment:checking '/home/situjet/Desktop/leo_common-ros2/install/leo_desktop/lib/python3.10/site-packages'
[4.037s] Level 1:colcon.colcon_core.environment:checking '/home/situjet/Desktop/leo_common-ros2/install/leo_desktop/bin'
[4.055s] INFO:colcon.colcon_core.shell:Creating package script '/home/situjet/Desktop/leo_common-ros2/install/leo_desktop/share/leo_desktop/package.ps1'
[4.055s] INFO:colcon.colcon_core.shell:Creating package descriptor '/home/situjet/Desktop/leo_common-ros2/install/leo_desktop/share/leo_desktop/package.dsv'
[4.055s] INFO:colcon.colcon_core.shell:Creating package script '/home/situjet/Desktop/leo_common-ros2/install/leo_desktop/share/leo_desktop/package.sh'
[4.056s] INFO:colcon.colcon_core.shell:Creating package script '/home/situjet/Desktop/leo_common-ros2/install/leo_desktop/share/leo_desktop/package.bash'
[4.056s] INFO:colcon.colcon_core.shell:Creating package script '/home/situjet/Desktop/leo_common-ros2/install/leo_desktop/share/leo_desktop/package.zsh'
[4.056s] Level 1:colcon.colcon_core.environment:create_file_with_runtime_dependencies(/home/situjet/Desktop/leo_common-ros2/install/leo_desktop/share/colcon-core/packages/leo_desktop)
[4.108s] Level 1:colcon.colcon_core.environment:create_environment_scripts_only(leo_desktop)
[4.125s] Level 1:colcon.colcon_core.environment:checking '/home/situjet/Desktop/leo_common-ros2/install/leo_desktop' for CMake module files
[4.125s] Level 1:colcon.colcon_core.environment:checking '/home/situjet/Desktop/leo_common-ros2/install/leo_desktop' for CMake config files
[4.125s] Level 1:colcon.colcon_core.shell:create_environment_hook('leo_desktop', 'cmake_prefix_path')
[4.142s] INFO:colcon.colcon_core.shell:Creating environment hook '/home/situjet/Desktop/leo_common-ros2/install/leo_desktop/share/leo_desktop/hook/cmake_prefix_path.ps1'
[4.142s] INFO:colcon.colcon_core.shell:Creating environment descriptor '/home/situjet/Desktop/leo_common-ros2/install/leo_desktop/share/leo_desktop/hook/cmake_prefix_path.dsv'
[4.143s] INFO:colcon.colcon_core.shell:Creating environment hook '/home/situjet/Desktop/leo_common-ros2/install/leo_desktop/share/leo_desktop/hook/cmake_prefix_path.sh'
[4.143s] Level 1:colcon.colcon_core.environment:checking '/home/situjet/Desktop/leo_common-ros2/install/leo_desktop/bin'
[4.143s] Level 1:colcon.colcon_core.environment:checking '/home/situjet/Desktop/leo_common-ros2/install/leo_desktop/lib/pkgconfig/leo_desktop.pc'
[4.143s] Level 1:colcon.colcon_core.environment:checking '/home/situjet/Desktop/leo_common-ros2/install/leo_desktop/lib/python3.10/site-packages'
[4.143s] Level 1:colcon.colcon_core.environment:checking '/home/situjet/Desktop/leo_common-ros2/install/leo_desktop/bin'
[4.160s] INFO:colcon.colcon_core.shell:Creating package script '/home/situjet/Desktop/leo_common-ros2/install/leo_desktop/share/leo_desktop/package.ps1'
[4.161s] INFO:colcon.colcon_core.shell:Creating package descriptor '/home/situjet/Desktop/leo_common-ros2/install/leo_desktop/share/leo_desktop/package.dsv'
[4.161s] INFO:colcon.colcon_core.shell:Creating package script '/home/situjet/Desktop/leo_common-ros2/install/leo_desktop/share/leo_desktop/package.sh'
[4.161s] INFO:colcon.colcon_core.shell:Creating package script '/home/situjet/Desktop/leo_common-ros2/install/leo_desktop/share/leo_desktop/package.bash'
[4.162s] INFO:colcon.colcon_core.shell:Creating package script '/home/situjet/Desktop/leo_common-ros2/install/leo_desktop/share/leo_desktop/package.zsh'
[4.162s] Level 1:colcon.colcon_core.environment:create_file_with_runtime_dependencies(/home/situjet/Desktop/leo_common-ros2/install/leo_desktop/share/colcon-core/packages/leo_desktop)
[4.162s] DEBUG:colcon.colcon_parallel_executor.executor.parallel:closing loop
[4.162s] DEBUG:colcon.colcon_parallel_executor.executor.parallel:loop closed
[4.163s] DEBUG:colcon.colcon_parallel_executor.executor.parallel:run_until_complete finished with '0'
[4.163s] DEBUG:colcon.colcon_core.event_reactor:joining thread
[4.190s] INFO:colcon.colcon_core.plugin_system:Skipping extension 'colcon_notification.desktop_notification.terminal_notifier': Not used on non-Darwin systems
[4.190s] INFO:colcon.colcon_core.plugin_system:Skipping extension 'colcon_notification.desktop_notification.win32': Not used on non-Windows systems
[4.190s] INFO:colcon.colcon_notification.desktop_notification:Sending desktop notification using 'notify2'
[4.206s] DEBUG:colcon.colcon_core.event_reactor:joined thread
[4.226s] INFO:colcon.colcon_core.shell:Creating prefix script '/home/situjet/Desktop/leo_common-ros2/install/local_setup.ps1'
[4.226s] INFO:colcon.colcon_core.shell:Creating prefix util module '/home/situjet/Desktop/leo_common-ros2/install/_local_setup_util_ps1.py'
[4.227s] INFO:colcon.colcon_core.shell:Creating prefix chain script '/home/situjet/Desktop/leo_common-ros2/install/setup.ps1'
[4.246s] INFO:colcon.colcon_core.shell:Creating prefix script '/home/situjet/Desktop/leo_common-ros2/install/local_setup.sh'
[4.246s] INFO:colcon.colcon_core.shell:Creating prefix util module '/home/situjet/Desktop/leo_common-ros2/install/_local_setup_util_sh.py'
[4.246s] INFO:colcon.colcon_core.shell:Creating prefix chain script '/home/situjet/Desktop/leo_common-ros2/install/setup.sh'
[4.264s] INFO:colcon.colcon_core.shell:Creating prefix script '/home/situjet/Desktop/leo_common-ros2/install/local_setup.bash'
[4.265s] INFO:colcon.colcon_core.shell:Creating prefix chain script '/home/situjet/Desktop/leo_common-ros2/install/setup.bash'
[4.282s] INFO:colcon.colcon_core.shell:Creating prefix script '/home/situjet/Desktop/leo_common-ros2/install/local_setup.zsh'
[4.283s] INFO:colcon.colcon_core.shell:Creating prefix chain script '/home/situjet/Desktop/leo_common-ros2/install/setup.zsh'
