[0.067s] Invoking command in '/home/situjet/Desktop/leo_common-ros2/build/leo_teleop_holonomic': CMAKE_PREFIX_PATH=${CMAKE_PREFIX_PATH}:/opt/ros/humble /home/situjet/.local/bin/cmake --build /home/situjet/Desktop/leo_common-ros2/build/leo_teleop_holonomic -- -j12 -l12
[0.094s] -- Found ament_cmake: 1.3.5 (/opt/ros/humble/share/ament_cmake/cmake)
[0.261s] -- Override CMake install command with custom implementation using symlinks instead of copying resources
[0.322s] -- Configuring done (0.2s)
[0.323s] -- Generating done (0.0s)
[0.325s] -- Build files have been written to: /home/situjet/Desktop/leo_common-ros2/build/leo_teleop_holonomic
[0.453s] Invoked command in '/home/situjet/Desktop/leo_common-ros2/build/leo_teleop_holonomic' returned '0': CMAKE_PREFIX_PATH=${CMAKE_PREFIX_PATH}:/opt/ros/humble /home/situjet/.local/bin/cmake --build /home/situjet/Desktop/leo_common-ros2/build/leo_teleop_holonomic -- -j12 -l12
[0.483s] Invoking command in '/home/situjet/Desktop/leo_common-ros2/build/leo_teleop_holonomic': CMAKE_PREFIX_PATH=${CMAKE_PREFIX_PATH}:/opt/ros/humble /home/situjet/.local/bin/cmake --install /home/situjet/Desktop/leo_common-ros2/build/leo_teleop_holonomic
[0.503s] -- Install configuration: ""
[0.503s] -- Execute custom install script
[0.503s] -- Up-to-date symlink: /home/situjet/Desktop/leo_common-ros2/install/leo_teleop_holonomic/share/leo_teleop_holonomic/launch/key_teleop.launch.xml
[0.504s] -- Symlinking: /home/situjet/Desktop/leo_common-ros2/install/leo_teleop_holonomic/share/leo_teleop_holonomic/src/commands.txt
[0.505s] -- Symlinking: /home/situjet/Desktop/leo_common-ros2/install/leo_teleop_holonomic/share/leo_teleop_holonomic/src/programmedDrive.py
[0.507s] -- Up-to-date symlink: /home/situjet/Desktop/leo_common-ros2/install/leo_teleop_holonomic/share/ament_index/resource_index/package_run_dependencies/leo_teleop_holonomic
[0.507s] -- Up-to-date symlink: /home/situjet/Desktop/leo_common-ros2/install/leo_teleop_holonomic/share/ament_index/resource_index/parent_prefix_path/leo_teleop_holonomic
[0.508s] -- Up-to-date symlink: /home/situjet/Desktop/leo_common-ros2/install/leo_teleop_holonomic/share/leo_teleop_holonomic/environment/ament_prefix_path.sh
[0.508s] -- Up-to-date symlink: /home/situjet/Desktop/leo_common-ros2/install/leo_teleop_holonomic/share/leo_teleop_holonomic/environment/ament_prefix_path.dsv
[0.508s] -- Up-to-date symlink: /home/situjet/Desktop/leo_common-ros2/install/leo_teleop_holonomic/share/leo_teleop_holonomic/environment/path.sh
[0.508s] -- Up-to-date symlink: /home/situjet/Desktop/leo_common-ros2/install/leo_teleop_holonomic/share/leo_teleop_holonomic/environment/path.dsv
[0.508s] -- Up-to-date symlink: /home/situjet/Desktop/leo_common-ros2/install/leo_teleop_holonomic/share/leo_teleop_holonomic/local_setup.bash
[0.508s] -- Up-to-date symlink: /home/situjet/Desktop/leo_common-ros2/install/leo_teleop_holonomic/share/leo_teleop_holonomic/local_setup.sh
[0.508s] -- Up-to-date symlink: /home/situjet/Desktop/leo_common-ros2/install/leo_teleop_holonomic/share/leo_teleop_holonomic/local_setup.zsh
[0.508s] -- Up-to-date symlink: /home/situjet/Desktop/leo_common-ros2/install/leo_teleop_holonomic/share/leo_teleop_holonomic/local_setup.dsv
[0.509s] -- Symlinking: /home/situjet/Desktop/leo_common-ros2/install/leo_teleop_holonomic/share/leo_teleop_holonomic/package.dsv
[0.510s] -- Up-to-date symlink: /home/situjet/Desktop/leo_common-ros2/install/leo_teleop_holonomic/share/ament_index/resource_index/packages/leo_teleop_holonomic
[0.511s] -- Up-to-date symlink: /home/situjet/Desktop/leo_common-ros2/install/leo_teleop_holonomic/share/leo_teleop_holonomic/cmake/leo_teleop_holonomicConfig.cmake
[0.511s] -- Up-to-date symlink: /home/situjet/Desktop/leo_common-ros2/install/leo_teleop_holonomic/share/leo_teleop_holonomic/cmake/leo_teleop_holonomicConfig-version.cmake
[0.511s] -- Up-to-date symlink: /home/situjet/Desktop/leo_common-ros2/install/leo_teleop_holonomic/share/leo_teleop_holonomic/package.xml
[0.516s] Invoked command in '/home/situjet/Desktop/leo_common-ros2/build/leo_teleop_holonomic' returned '0': CMAKE_PREFIX_PATH=${CMAKE_PREFIX_PATH}:/opt/ros/humble /home/situjet/.local/bin/cmake --install /home/situjet/Desktop/leo_common-ros2/build/leo_teleop_holonomic
