[0.341s] Invoking command in '/home/pi/LeoRover-SLAM-ROS2/aruco_ros/build/aruco_ros': AMENT_PREFIX_PATH=/home/pi/LeoRover-SLAM-ROS2/aruco_ros/install/aruco_msgs:/home/pi/LeoRover-SLAM-ROS2/aruco_ros/install/aruco:${AMENT_PREFIX_PATH} CMAKE_PREFIX_PATH=/home/pi/LeoRover-SLAM-ROS2/aruco_ros/install/aruco_msgs:/home/pi/LeoRover-SLAM-ROS2/aruco_ros/install/aruco:/opt/ros/humble LD_LIBRARY_PATH=/home/pi/LeoRover-SLAM-ROS2/aruco_ros/install/aruco_msgs/lib:/home/pi/LeoRover-SLAM-ROS2/aruco_ros/install/aruco/lib:${LD_LIBRARY_PATH} PYTHONPATH=/home/pi/LeoRover-SLAM-ROS2/aruco_ros/install/aruco_msgs/local/lib/python3.10/dist-packages:${PYTHONPATH} /usr/bin/cmake /home/pi/LeoRover-SLAM-ROS2/aruco_ros/aruco_ros -DAMENT_CMAKE_SYMLINK_INSTALL=1 -DCMAKE_INSTALL_PREFIX=/home/pi/LeoRover-SLAM-ROS2/aruco_ros/install/aruco_ros
[0.689s] -- The C compiler identification is GNU 11.4.0
[1.017s] -- The CXX compiler identification is GNU 11.4.0
[1.059s] -- Detecting C compiler ABI info
[1.465s] -- Detecting C compiler ABI info - done
[1.495s] -- Check for working C compiler: /usr/bin/cc - skipped
[1.496s] -- Detecting C compile features
[1.498s] -- Detecting C compile features - done
[1.513s] -- Detecting CXX compiler ABI info
[1.958s] -- Detecting CXX compiler ABI info - done
[1.990s] -- Check for working CXX compiler: /usr/bin/c++ - skipped
[1.991s] -- Detecting CXX compile features
[1.993s] -- Detecting CXX compile features - done
[2.028s] -- Found ament_cmake: 1.3.5 (/opt/ros/humble/share/ament_cmake/cmake)
[3.156s] -- Found Python3: /usr/bin/python3.10 (found version "3.10.12") found components: Interpreter 
[3.540s] -- Override CMake install command with custom implementation using symlinks instead of copying resources
[4.026s] -- Found OpenCV: /usr (found version "4.5.4") 
[4.054s] -- Found cv_bridge: 3.2.1 (/opt/ros/humble/share/cv_bridge/cmake)
[4.552s] -- Found rosidl_generator_c: 3.1.5 (/opt/ros/humble/share/rosidl_generator_c/cmake)
[4.622s] -- Found rosidl_adapter: 3.1.5 (/opt/ros/humble/share/rosidl_adapter/cmake)
[4.721s] -- Found rosidl_generator_cpp: 3.1.5 (/opt/ros/humble/share/rosidl_generator_cpp/cmake)
[4.848s] -- Using all available rosidl_typesupport_c: rosidl_typesupport_fastrtps_c;rosidl_typesupport_introspection_c
[5.026s] -- Using all available rosidl_typesupport_cpp: rosidl_typesupport_fastrtps_cpp;rosidl_typesupport_introspection_cpp
[6.255s] -- Found image_transport: 3.1.7 (/opt/ros/humble/share/image_transport/cmake)
[6.908s] -- Found rmw_implementation_cmake: 6.1.1 (/opt/ros/humble/share/rmw_implementation_cmake/cmake)
[6.952s] -- Found rmw_fastrtps_cpp: 6.2.4 (/opt/ros/humble/share/rmw_fastrtps_cpp/cmake)
[7.812s] -- Found OpenSSL: /usr/lib/aarch64-linux-gnu/libcrypto.so (found version "3.0.2")  
[8.126s] -- Found FastRTPS: /opt/ros/humble/include  
[8.642s] -- Using RMW implementation 'rmw_fastrtps_cpp' as default
[8.781s] -- Looking for pthread.h
[9.205s] -- Looking for pthread.h - found
[9.207s] -- Performing Test CMAKE_HAVE_LIBC_PTHREAD
[9.628s] -- Performing Test CMAKE_HAVE_LIBC_PTHREAD - Success
[9.633s] -- Found Threads: TRUE  
[10.990s] -- Found rclpy: 3.3.10 (/opt/ros/humble/share/rclpy/cmake)
[11.210s] -- Found tf2: 0.25.4 (/opt/ros/humble/share/tf2/cmake)
[11.285s] -- Found tf2_ros: 0.25.4 (/opt/ros/humble/share/tf2_ros/cmake)
[15.379s] -- Found tf2_geometry_msgs: 0.25.4 (/opt/ros/humble/share/tf2_geometry_msgs/cmake)
[15.605s] -- Found eigen3_cmake_module: 0.1.1 (/opt/ros/humble/share/eigen3_cmake_module/cmake)
[15.615s] -- Found Eigen3: TRUE (found version "3.4.0") 
[15.616s] -- Ensuring Eigen3 include directory is part of orocos-kdl CMake target
[15.663s] -- Found aruco: 5.0.3 (/home/pi/LeoRover-SLAM-ROS2/aruco_ros/install/aruco/share/aruco/cmake)
[15.673s] -- Found aruco_msgs: 5.0.3 (/home/pi/LeoRover-SLAM-ROS2/aruco_ros/install/aruco_msgs/share/aruco_msgs/cmake)
[16.023s] -- Found visualization_msgs: 4.2.3 (/opt/ros/humble/share/visualization_msgs/cmake)
[16.694s] -- Found ament_lint_auto: 0.12.8 (/opt/ros/humble/share/ament_lint_auto/cmake)
[17.520s] -- Added test 'cppcheck' to perform static code analysis on C / C++ code
[17.522s] -- Configured cppcheck include dirs: /home/pi/LeoRover-SLAM-ROS2/aruco_ros/aruco_ros/include
[17.522s] -- Configured cppcheck exclude dirs and/or files: 
[17.542s] -- Added test 'cpplint' to check C / C++ code against the Google style
[17.543s] -- Configured cpplint exclude dirs and/or files: 
[17.548s] -- Added test 'flake8' to check Python code syntax and style conventions
[17.555s] -- Added test 'lint_cmake' to check CMake code style
[17.560s] -- Added test 'pep257' to check Python code against some of the docstring style conventions in PEP 257
[17.580s] -- Added test 'uncrustify' to check C / C++ code style
[17.581s] -- Configured uncrustify additional arguments: 
[17.586s] -- Added test 'xmllint' to check XML markup files
[17.596s] -- Configuring done
[17.960s] -- Generating done
[17.972s] -- Build files have been written to: /home/pi/LeoRover-SLAM-ROS2/aruco_ros/build/aruco_ros
[18.039s] Invoked command in '/home/pi/LeoRover-SLAM-ROS2/aruco_ros/build/aruco_ros' returned '0': AMENT_PREFIX_PATH=/home/pi/LeoRover-SLAM-ROS2/aruco_ros/install/aruco_msgs:/home/pi/LeoRover-SLAM-ROS2/aruco_ros/install/aruco:${AMENT_PREFIX_PATH} CMAKE_PREFIX_PATH=/home/pi/LeoRover-SLAM-ROS2/aruco_ros/install/aruco_msgs:/home/pi/LeoRover-SLAM-ROS2/aruco_ros/install/aruco:/opt/ros/humble LD_LIBRARY_PATH=/home/pi/LeoRover-SLAM-ROS2/aruco_ros/install/aruco_msgs/lib:/home/pi/LeoRover-SLAM-ROS2/aruco_ros/install/aruco/lib:${LD_LIBRARY_PATH} PYTHONPATH=/home/pi/LeoRover-SLAM-ROS2/aruco_ros/install/aruco_msgs/local/lib/python3.10/dist-packages:${PYTHONPATH} /usr/bin/cmake /home/pi/LeoRover-SLAM-ROS2/aruco_ros/aruco_ros -DAMENT_CMAKE_SYMLINK_INSTALL=1 -DCMAKE_INSTALL_PREFIX=/home/pi/LeoRover-SLAM-ROS2/aruco_ros/install/aruco_ros
[18.051s] Invoking command in '/home/pi/LeoRover-SLAM-ROS2/aruco_ros/build/aruco_ros': AMENT_PREFIX_PATH=/home/pi/LeoRover-SLAM-ROS2/aruco_ros/install/aruco_msgs:/home/pi/LeoRover-SLAM-ROS2/aruco_ros/install/aruco:${AMENT_PREFIX_PATH} CMAKE_PREFIX_PATH=/home/pi/LeoRover-SLAM-ROS2/aruco_ros/install/aruco_msgs:/home/pi/LeoRover-SLAM-ROS2/aruco_ros/install/aruco:/opt/ros/humble LD_LIBRARY_PATH=/home/pi/LeoRover-SLAM-ROS2/aruco_ros/install/aruco_msgs/lib:/home/pi/LeoRover-SLAM-ROS2/aruco_ros/install/aruco/lib:${LD_LIBRARY_PATH} PYTHONPATH=/home/pi/LeoRover-SLAM-ROS2/aruco_ros/install/aruco_msgs/local/lib/python3.10/dist-packages:${PYTHONPATH} /usr/bin/cmake --build /home/pi/LeoRover-SLAM-ROS2/aruco_ros/build/aruco_ros -- -j4 -l4
[18.362s] [  9%] [32mBuilding CXX object CMakeFiles/aruco_ros_utils.dir/src/aruco_ros_utils.cpp.o[0m
[18.396s] [ 18%] [32mBuilding CXX object CMakeFiles/marker_publisher.dir/src/marker_publish.cpp.o[0m
[18.401s] [ 36%] [32mBuilding CXX object CMakeFiles/single.dir/src/simple_single.cpp.o[0m
[18.402s] [ 36%] [32mBuilding CXX object CMakeFiles/double.dir/src/simple_double.cpp.o[0m
[40.082s] [ 45%] [32m[1mLinking CXX shared library libaruco_ros_utils.so[0m
[46.156s] [ 45%] Built target aruco_ros_utils
