[0.176s] Invoking command in '/home/situjet/Desktop/leo_common-ros2/build/leo_msgs': CMAKE_PREFIX_PATH=${CMAKE_PREFIX_PATH}:/opt/ros/humble /home/situjet/.local/bin/cmake /home/situjet/Desktop/leo_common-ros2/src/leo_msgs -DAMENT_CMAKE_SYMLINK_INSTALL=1 -DCMAKE_INSTALL_PREFIX=/home/situjet/Desktop/leo_common-ros2/install/leo_msgs
[0.225s] -- The C compiler identification is GNU 11.4.0
[0.265s] -- The CXX compiler identification is GNU 11.4.0
[0.276s] -- Detecting C compiler ABI info
[0.318s] -- Detecting C compiler ABI info - done
[0.330s] -- Check for working C compiler: /usr/bin/cc - skipped
[0.330s] -- Detecting C compile features
[0.331s] -- Detecting C compile features - done
[0.338s] -- Detecting CXX compiler ABI info
[0.388s] -- Detecting CXX compiler ABI info - done
[0.399s] -- Check for working CXX compiler: /usr/bin/c++ - skipped
[0.400s] -- Detecting CXX compile features
[0.400s] -- Detecting CXX compile features - done
[0.403s] -- Found ament_cmake: 1.3.5 (/opt/ros/humble/share/ament_cmake/cmake)
[0.745s] -- Found Python3: /usr/bin/python3.10 (found version "3.10.12") found components: Interpreter 
[0.793s] -- Override CMake install command with custom implementation using symlinks instead of copying resources
[0.825s] -- Found rosidl_default_generators: 1.2.0 (/opt/ros/humble/share/rosidl_default_generators/cmake)
[0.829s] -- Using all available rosidl_typesupport_c: rosidl_typesupport_fastrtps_c;rosidl_typesupport_introspection_c
[0.836s] -- Found rosidl_adapter: 3.1.5 (/opt/ros/humble/share/rosidl_adapter/cmake)
[0.882s] -- Using all available rosidl_typesupport_cpp: rosidl_typesupport_fastrtps_cpp;rosidl_typesupport_introspection_cpp
[0.925s] -- Found builtin_interfaces: 1.2.1 (/opt/ros/humble/share/builtin_interfaces/cmake)
[1.268s] -- Found ament_cmake_ros: 0.10.0 (/opt/ros/humble/share/ament_cmake_ros/cmake)
[1.568s] -- Using all available rosidl_typesupport_c: rosidl_typesupport_fastrtps_c;rosidl_typesupport_introspection_c
[1.959s] -- Using all available rosidl_typesupport_cpp: rosidl_typesupport_fastrtps_cpp;rosidl_typesupport_introspection_cpp
[1.961s] [33mCMake Warning (dev) at /opt/ros/humble/share/rosidl_generator_py/cmake/rosidl_generator_py_generate_interfaces.cmake:20 (find_package):
[1.961s]   Policy CMP0148 is not set: The FindPythonInterp and FindPythonLibs modules
[1.961s]   are removed.  Run "cmake --help-policy CMP0148" for policy details.  Use
[1.961s]   the cmake_policy command to set the policy and suppress this warning.
[1.961s] 
[1.961s] Call Stack (most recent call first):
[1.961s]   /opt/ros/humble/share/ament_cmake_core/cmake/core/ament_execute_extensions.cmake:48 (include)
[1.961s]   /opt/ros/humble/share/rosidl_cmake/cmake/rosidl_generate_interfaces.cmake:286 (ament_execute_extensions)
[1.962s]   CMakeLists.txt:8 (rosidl_generate_interfaces)
[1.962s] This warning is for project developers.  Use -Wno-dev to suppress it.
[1.962s] [0m
[1.977s] -- Found PythonInterp: /usr/bin/python3 (found suitable version "3.10.12", minimum required is "3.6") 
[1.979s] -- Found python_cmake_module: 0.10.0 (/opt/ros/humble/share/python_cmake_module/cmake)
[1.979s] [33mCMake Warning (dev) at /opt/ros/humble/share/python_cmake_module/cmake/Modules/FindPythonExtra.cmake:52 (find_package):
[1.979s]   Policy CMP0148 is not set: The FindPythonInterp and FindPythonLibs modules
[1.979s]   are removed.  Run "cmake --help-policy CMP0148" for policy details.  Use
[1.979s]   the cmake_policy command to set the policy and suppress this warning.
[1.979s] 
[1.979s] Call Stack (most recent call first):
[1.979s]   /opt/ros/humble/share/rosidl_generator_py/cmake/rosidl_generator_py_generate_interfaces.cmake:23 (find_package)
[1.979s]   /opt/ros/humble/share/ament_cmake_core/cmake/core/ament_execute_extensions.cmake:48 (include)
[1.979s]   /opt/ros/humble/share/rosidl_cmake/cmake/rosidl_generate_interfaces.cmake:286 (ament_execute_extensions)
[1.979s]   CMakeLists.txt:8 (rosidl_generate_interfaces)
[1.979s] This warning is for project developers.  Use -Wno-dev to suppress it.
[1.979s] [0m
[1.994s] [33mCMake Warning (dev) at /opt/ros/humble/share/python_cmake_module/cmake/Modules/FindPythonExtra.cmake:140 (find_package):
[1.994s]   Policy CMP0148 is not set: The FindPythonInterp and FindPythonLibs modules
[1.994s]   are removed.  Run "cmake --help-policy CMP0148" for policy details.  Use
[1.994s]   the cmake_policy command to set the policy and suppress this warning.
[1.994s] 
[1.994s] Call Stack (most recent call first):
[1.994s]   /opt/ros/humble/share/rosidl_generator_py/cmake/rosidl_generator_py_generate_interfaces.cmake:23 (find_package)
[1.994s]   /opt/ros/humble/share/ament_cmake_core/cmake/core/ament_execute_extensions.cmake:48 (include)
[1.995s]   /opt/ros/humble/share/rosidl_cmake/cmake/rosidl_generate_interfaces.cmake:286 (ament_execute_extensions)
[1.995s]   CMakeLists.txt:8 (rosidl_generate_interfaces)
[1.995s] This warning is for project developers.  Use -Wno-dev to suppress it.
[1.995s] [0m
[2.000s] -- Found PythonLibs: /usr/lib/x86_64-linux-gnu/libpython3.10.so (found suitable version "3.10.12", minimum required is "3.5") 
[2.000s] -- Using PYTHON_EXECUTABLE: /usr/bin/python3
[2.000s] -- Using PYTHON_INCLUDE_DIRS: /usr/include/python3.10
[2.000s] -- Using PYTHON_LIBRARIES: /usr/lib/x86_64-linux-gnu/libpython3.10.so
[2.016s] -- Found PythonExtra: .so  
[2.057s] -- Configuring done (1.9s)
[2.088s] -- Generating done (0.0s)
[2.090s] -- Build files have been written to: /home/situjet/Desktop/leo_common-ros2/build/leo_msgs
[2.098s] Invoked command in '/home/situjet/Desktop/leo_common-ros2/build/leo_msgs' returned '0': CMAKE_PREFIX_PATH=${CMAKE_PREFIX_PATH}:/opt/ros/humble /home/situjet/.local/bin/cmake /home/situjet/Desktop/leo_common-ros2/src/leo_msgs -DAMENT_CMAKE_SYMLINK_INSTALL=1 -DCMAKE_INSTALL_PREFIX=/home/situjet/Desktop/leo_common-ros2/install/leo_msgs
[2.099s] Invoking command in '/home/situjet/Desktop/leo_common-ros2/build/leo_msgs': CMAKE_PREFIX_PATH=${CMAKE_PREFIX_PATH}:/opt/ros/humble /home/situjet/.local/bin/cmake --build /home/situjet/Desktop/leo_common-ros2/build/leo_msgs -- -j12 -l12
[2.129s] [  1%] [34m[1mGenerating C code for ROS interfaces[0m
[2.131s] [  3%] [34m[1mGenerating C++ code for ROS interfaces[0m
[2.133s] [  3%] Built target ament_cmake_python_symlink_leo_msgs
[2.323s] running egg_info
[2.324s] creating leo_msgs.egg-info
[2.324s] writing leo_msgs.egg-info/PKG-INFO
[2.324s] writing dependency_links to leo_msgs.egg-info/dependency_links.txt
[2.325s] writing top-level names to leo_msgs.egg-info/top_level.txt
[2.325s] writing manifest file 'leo_msgs.egg-info/SOURCES.txt'
[2.327s] reading manifest file 'leo_msgs.egg-info/SOURCES.txt'
[2.327s] writing manifest file 'leo_msgs.egg-info/SOURCES.txt'
[2.342s] [  3%] Built target ament_cmake_python_build_leo_msgs_egg
[2.552s] [  3%] Built target leo_msgs__cpp
[2.554s] [  4%] [34m[1mGenerating C++ type support dispatch for ROS interfaces[0m
[2.555s] [  6%] [34m[1mGenerating C++ type support for eProsima Fast-RTPS[0m
[2.555s] [  7%] [34m[1mGenerating C++ introspection for ROS interfaces[0m
[2.571s] [ 11%] [32mBuilding C object CMakeFiles/leo_msgs__rosidl_generator_c.dir/rosidl_generator_c/leo_msgs/msg/detail/imu__functions.c.o[0m
[2.572s] [ 11%] [32mBuilding C object CMakeFiles/leo_msgs__rosidl_generator_c.dir/rosidl_generator_c/leo_msgs/msg/detail/wheel_odom__functions.c.o[0m
[2.572s] [ 12%] [32mBuilding C object CMakeFiles/leo_msgs__rosidl_generator_c.dir/rosidl_generator_c/leo_msgs/msg/detail/wheel_odom_mecanum__functions.c.o[0m
[2.572s] [ 14%] [32mBuilding C object CMakeFiles/leo_msgs__rosidl_generator_c.dir/rosidl_generator_c/leo_msgs/srv/detail/set_imu_calibration__functions.c.o[0m
[2.572s] [ 15%] [32mBuilding C object CMakeFiles/leo_msgs__rosidl_generator_c.dir/rosidl_generator_c/leo_msgs/msg/detail/wheel_states__functions.c.o[0m
[2.622s] [ 17%] [32m[1mLinking C shared library libleo_msgs__rosidl_generator_c.so[0m
[2.639s] [ 17%] Built target leo_msgs__rosidl_generator_c
[2.642s] [ 20%] [34m[1mGenerating C introspection for ROS interfaces[0m
[2.642s] [ 20%] [34m[1mGenerating C type support dispatch for ROS interfaces[0m
[2.642s] [ 22%] [34m[1mGenerating C type support for eProsima Fast-RTPS[0m
[2.868s] [ 25%] [32mBuilding CXX object CMakeFiles/leo_msgs__rosidl_typesupport_cpp.dir/rosidl_typesupport_cpp/leo_msgs/msg/wheel_odom_mecanum__type_support.cpp.o[0m
[2.868s] [ 25%] [32mBuilding CXX object CMakeFiles/leo_msgs__rosidl_typesupport_cpp.dir/rosidl_typesupport_cpp/leo_msgs/msg/imu__type_support.cpp.o[0m
[2.868s] [ 26%] [32mBuilding CXX object CMakeFiles/leo_msgs__rosidl_typesupport_cpp.dir/rosidl_typesupport_cpp/leo_msgs/msg/wheel_odom__type_support.cpp.o[0m
[2.868s] [ 28%] [32mBuilding CXX object CMakeFiles/leo_msgs__rosidl_typesupport_cpp.dir/rosidl_typesupport_cpp/leo_msgs/msg/wheel_states__type_support.cpp.o[0m
[2.869s] [ 30%] [32mBuilding CXX object CMakeFiles/leo_msgs__rosidl_typesupport_cpp.dir/rosidl_typesupport_cpp/leo_msgs/srv/set_imu_calibration__type_support.cpp.o[0m
[2.938s] [ 31%] [32mBuilding CXX object CMakeFiles/leo_msgs__rosidl_typesupport_introspection_cpp.dir/rosidl_typesupport_introspection_cpp/leo_msgs/msg/detail/imu__type_support.cpp.o[0m
[2.938s] [ 33%] [32mBuilding CXX object CMakeFiles/leo_msgs__rosidl_typesupport_introspection_cpp.dir/rosidl_typesupport_introspection_cpp/leo_msgs/msg/detail/wheel_odom__type_support.cpp.o[0m
[2.938s] [ 34%] [32mBuilding CXX object CMakeFiles/leo_msgs__rosidl_typesupport_introspection_cpp.dir/rosidl_typesupport_introspection_cpp/leo_msgs/msg/detail/wheel_odom_mecanum__type_support.cpp.o[0m
[3.012s] [ 36%] [32mBuilding CXX object CMakeFiles/leo_msgs__rosidl_typesupport_c.dir/rosidl_typesupport_c/leo_msgs/msg/imu__type_support.cpp.o[0m
[3.039s] [ 38%] [32mBuilding CXX object CMakeFiles/leo_msgs__rosidl_typesupport_fastrtps_cpp.dir/rosidl_typesupport_fastrtps_cpp/leo_msgs/msg/detail/dds_fastrtps/imu__type_support.cpp.o[0m
[3.044s] [ 39%] [32mBuilding CXX object CMakeFiles/leo_msgs__rosidl_typesupport_c.dir/rosidl_typesupport_c/leo_msgs/msg/wheel_odom__type_support.cpp.o[0m
[3.075s] [ 41%] [32mBuilding CXX object CMakeFiles/leo_msgs__rosidl_typesupport_c.dir/rosidl_typesupport_c/leo_msgs/msg/wheel_odom_mecanum__type_support.cpp.o[0m
[3.108s] [ 42%] [32mBuilding CXX object CMakeFiles/leo_msgs__rosidl_typesupport_c.dir/rosidl_typesupport_c/leo_msgs/msg/wheel_states__type_support.cpp.o[0m
[3.120s] [ 44%] [32mBuilding C object CMakeFiles/leo_msgs__rosidl_typesupport_introspection_c.dir/rosidl_typesupport_introspection_c/leo_msgs/msg/detail/imu__type_support.c.o[0m
[3.139s] [ 46%] [32mBuilding CXX object CMakeFiles/leo_msgs__rosidl_typesupport_c.dir/rosidl_typesupport_c/leo_msgs/srv/set_imu_calibration__type_support.cpp.o[0m
[3.158s] [ 47%] [32mBuilding C object CMakeFiles/leo_msgs__rosidl_typesupport_introspection_c.dir/rosidl_typesupport_introspection_c/leo_msgs/msg/detail/wheel_odom__type_support.c.o[0m
[3.173s] [ 49%] [32mBuilding CXX object CMakeFiles/leo_msgs__rosidl_typesupport_fastrtps_c.dir/rosidl_typesupport_fastrtps_c/leo_msgs/msg/detail/imu__type_support_c.cpp.o[0m
[3.174s] [ 50%] [32m[1mLinking CXX shared library libleo_msgs__rosidl_typesupport_c.so[0m
[3.196s] [ 52%] [32mBuilding C object CMakeFiles/leo_msgs__rosidl_typesupport_introspection_c.dir/rosidl_typesupport_introspection_c/leo_msgs/msg/detail/wheel_odom_mecanum__type_support.c.o[0m
[3.214s] [ 52%] Built target leo_msgs__rosidl_typesupport_c
[3.218s] [ 53%] [32mBuilding CXX object CMakeFiles/leo_msgs__rosidl_typesupport_fastrtps_cpp.dir/rosidl_typesupport_fastrtps_cpp/leo_msgs/msg/detail/dds_fastrtps/wheel_odom__type_support.cpp.o[0m
[3.233s] [ 55%] [32mBuilding C object CMakeFiles/leo_msgs__rosidl_typesupport_introspection_c.dir/rosidl_typesupport_introspection_c/leo_msgs/msg/detail/wheel_states__type_support.c.o[0m
[3.233s] [ 57%] [32mBuilding CXX object CMakeFiles/leo_msgs__rosidl_typesupport_fastrtps_cpp.dir/rosidl_typesupport_fastrtps_cpp/leo_msgs/msg/detail/dds_fastrtps/wheel_odom_mecanum__type_support.cpp.o[0m
[3.240s] [ 58%] [32mBuilding CXX object CMakeFiles/leo_msgs__rosidl_typesupport_introspection_cpp.dir/rosidl_typesupport_introspection_cpp/leo_msgs/msg/detail/wheel_states__type_support.cpp.o[0m
[3.244s] [ 60%] [32mBuilding CXX object CMakeFiles/leo_msgs__rosidl_typesupport_fastrtps_cpp.dir/rosidl_typesupport_fastrtps_cpp/leo_msgs/msg/detail/dds_fastrtps/wheel_states__type_support.cpp.o[0m
[3.248s] [ 61%] [32mBuilding CXX object CMakeFiles/leo_msgs__rosidl_typesupport_fastrtps_cpp.dir/rosidl_typesupport_fastrtps_cpp/leo_msgs/srv/detail/dds_fastrtps/set_imu_calibration__type_support.cpp.o[0m
[3.256s] [ 63%] [32m[1mLinking CXX shared library libleo_msgs__rosidl_typesupport_cpp.so[0m
[3.294s] [ 65%] [32mBuilding C object CMakeFiles/leo_msgs__rosidl_typesupport_introspection_c.dir/rosidl_typesupport_introspection_c/leo_msgs/srv/detail/set_imu_calibration__type_support.c.o[0m
[3.298s] [ 65%] Built target leo_msgs__rosidl_typesupport_cpp
[3.302s] [ 66%] [32mBuilding CXX object CMakeFiles/leo_msgs__rosidl_typesupport_introspection_cpp.dir/rosidl_typesupport_introspection_cpp/leo_msgs/srv/detail/set_imu_calibration__type_support.cpp.o[0m
[3.331s] [ 68%] [32m[1mLinking C shared library libleo_msgs__rosidl_typesupport_introspection_c.so[0m
[3.356s] [ 68%] Built target leo_msgs__rosidl_typesupport_introspection_c
[3.361s] [ 69%] [32mBuilding CXX object CMakeFiles/leo_msgs__rosidl_typesupport_fastrtps_c.dir/rosidl_typesupport_fastrtps_c/leo_msgs/msg/detail/wheel_odom__type_support_c.cpp.o[0m
[3.473s] [ 71%] [32mBuilding CXX object CMakeFiles/leo_msgs__rosidl_typesupport_fastrtps_c.dir/rosidl_typesupport_fastrtps_c/leo_msgs/msg/detail/wheel_odom_mecanum__type_support_c.cpp.o[0m
[3.479s] [ 74%] [32mBuilding CXX object CMakeFiles/leo_msgs__rosidl_typesupport_fastrtps_c.dir/rosidl_typesupport_fastrtps_c/leo_msgs/srv/detail/set_imu_calibration__type_support_c.cpp.o[0m
[3.479s] [ 74%] [32mBuilding CXX object CMakeFiles/leo_msgs__rosidl_typesupport_fastrtps_c.dir/rosidl_typesupport_fastrtps_c/leo_msgs/msg/detail/wheel_states__type_support_c.cpp.o[0m
[3.781s] [ 76%] [32m[1mLinking CXX shared library libleo_msgs__rosidl_typesupport_introspection_cpp.so[0m
[3.842s] [ 76%] Built target leo_msgs__rosidl_typesupport_introspection_cpp
[3.854s] [ 77%] [32m[1mLinking CXX shared library libleo_msgs__rosidl_typesupport_fastrtps_cpp.so[0m
[3.911s] [ 77%] Built target leo_msgs__rosidl_typesupport_fastrtps_cpp
[3.945s] [ 79%] [32m[1mLinking CXX shared library libleo_msgs__rosidl_typesupport_fastrtps_c.so[0m
[3.993s] [ 79%] Built target leo_msgs__rosidl_typesupport_fastrtps_c
[4.000s] [ 79%] Built target leo_msgs
[4.006s] [ 80%] [34m[1mGenerating Python code for ROS interfaces[0m
[4.846s] [ 80%] Built target leo_msgs__py
[4.853s] [ 82%] [32mBuilding C object CMakeFiles/leo_msgs__rosidl_generator_py.dir/rosidl_generator_py/leo_msgs/msg/_imu_s.c.o[0m
[4.853s] [ 84%] [32mBuilding C object CMakeFiles/leo_msgs__rosidl_generator_py.dir/rosidl_generator_py/leo_msgs/msg/_wheel_odom_s.c.o[0m
[4.853s] [ 85%] [32mBuilding C object CMakeFiles/leo_msgs__rosidl_generator_py.dir/rosidl_generator_py/leo_msgs/msg/_wheel_odom_mecanum_s.c.o[0m
[4.853s] [ 87%] [32mBuilding C object CMakeFiles/leo_msgs__rosidl_generator_py.dir/rosidl_generator_py/leo_msgs/msg/_wheel_states_s.c.o[0m
[4.854s] [ 88%] [32mBuilding C object CMakeFiles/leo_msgs__rosidl_generator_py.dir/rosidl_generator_py/leo_msgs/srv/_set_imu_calibration_s.c.o[0m
[4.961s] [ 90%] [32m[1mLinking C shared library rosidl_generator_py/leo_msgs/libleo_msgs__rosidl_generator_py.so[0m
[4.984s] [ 90%] Built target leo_msgs__rosidl_generator_py
[4.991s] [ 92%] [32mBuilding C object CMakeFiles/leo_msgs__rosidl_typesupport_fastrtps_c__pyext.dir/rosidl_generator_py/leo_msgs/_leo_msgs_s.ep.rosidl_typesupport_fastrtps_c.c.o[0m
[4.991s] [ 93%] [32mBuilding C object CMakeFiles/leo_msgs__rosidl_typesupport_introspection_c__pyext.dir/rosidl_generator_py/leo_msgs/_leo_msgs_s.ep.rosidl_typesupport_introspection_c.c.o[0m
[4.991s] [ 95%] [32mBuilding C object CMakeFiles/leo_msgs__rosidl_typesupport_c__pyext.dir/rosidl_generator_py/leo_msgs/_leo_msgs_s.ep.rosidl_typesupport_c.c.o[0m
[5.079s] [100%] [32m[1mLinking C shared library rosidl_generator_py/leo_msgs/leo_msgs_s__rosidl_typesupport_fastrtps_c.cpython-310-x86_64-linux-gnu.so[0m
[5.079s] [100%] [32m[1mLinking C shared library rosidl_generator_py/leo_msgs/leo_msgs_s__rosidl_typesupport_c.cpython-310-x86_64-linux-gnu.so[0m
[5.079s] [100%] [32m[1mLinking C shared library rosidl_generator_py/leo_msgs/leo_msgs_s__rosidl_typesupport_introspection_c.cpython-310-x86_64-linux-gnu.so[0m
[5.099s] [100%] Built target leo_msgs__rosidl_typesupport_c__pyext
[5.099s] [100%] Built target leo_msgs__rosidl_typesupport_fastrtps_c__pyext
[5.099s] [100%] Built target leo_msgs__rosidl_typesupport_introspection_c__pyext
[5.107s] Invoked command in '/home/situjet/Desktop/leo_common-ros2/build/leo_msgs' returned '0': CMAKE_PREFIX_PATH=${CMAKE_PREFIX_PATH}:/opt/ros/humble /home/situjet/.local/bin/cmake --build /home/situjet/Desktop/leo_common-ros2/build/leo_msgs -- -j12 -l12
[5.209s] Invoking command in '/home/situjet/Desktop/leo_common-ros2/build/leo_msgs': CMAKE_PREFIX_PATH=${CMAKE_PREFIX_PATH}:/opt/ros/humble /home/situjet/.local/bin/cmake --install /home/situjet/Desktop/leo_common-ros2/build/leo_msgs
[5.231s] -- Install configuration: ""
[5.232s] -- Execute custom install script
[5.232s] -- Symlinking: /home/situjet/Desktop/leo_common-ros2/install/leo_msgs/share/ament_index/resource_index/rosidl_interfaces/leo_msgs
[5.234s] -- Symlinking: /home/situjet/Desktop/leo_common-ros2/install/leo_msgs/include/leo_msgs/leo_msgs/msg/detail/imu__functions.h
[5.236s] -- Symlinking: /home/situjet/Desktop/leo_common-ros2/install/leo_msgs/include/leo_msgs/leo_msgs/msg/detail/imu__struct.h
[5.238s] -- Symlinking: /home/situjet/Desktop/leo_common-ros2/install/leo_msgs/include/leo_msgs/leo_msgs/msg/detail/imu__type_support.h
[5.240s] -- Symlinking: /home/situjet/Desktop/leo_common-ros2/install/leo_msgs/include/leo_msgs/leo_msgs/msg/detail/wheel_odom__functions.h
[5.242s] -- Symlinking: /home/situjet/Desktop/leo_common-ros2/install/leo_msgs/include/leo_msgs/leo_msgs/msg/detail/wheel_odom__struct.h
[5.244s] -- Symlinking: /home/situjet/Desktop/leo_common-ros2/install/leo_msgs/include/leo_msgs/leo_msgs/msg/detail/wheel_odom__type_support.h
[5.246s] -- Symlinking: /home/situjet/Desktop/leo_common-ros2/install/leo_msgs/include/leo_msgs/leo_msgs/msg/detail/wheel_odom_mecanum__functions.h
[5.248s] -- Symlinking: /home/situjet/Desktop/leo_common-ros2/install/leo_msgs/include/leo_msgs/leo_msgs/msg/detail/wheel_odom_mecanum__struct.h
[5.250s] -- Symlinking: /home/situjet/Desktop/leo_common-ros2/install/leo_msgs/include/leo_msgs/leo_msgs/msg/detail/wheel_odom_mecanum__type_support.h
[5.252s] -- Symlinking: /home/situjet/Desktop/leo_common-ros2/install/leo_msgs/include/leo_msgs/leo_msgs/msg/detail/wheel_states__functions.h
[5.255s] -- Symlinking: /home/situjet/Desktop/leo_common-ros2/install/leo_msgs/include/leo_msgs/leo_msgs/msg/detail/wheel_states__struct.h
[5.257s] -- Symlinking: /home/situjet/Desktop/leo_common-ros2/install/leo_msgs/include/leo_msgs/leo_msgs/msg/detail/wheel_states__type_support.h
[5.259s] -- Symlinking: /home/situjet/Desktop/leo_common-ros2/install/leo_msgs/include/leo_msgs/leo_msgs/msg/imu.h
[5.262s] -- Symlinking: /home/situjet/Desktop/leo_common-ros2/install/leo_msgs/include/leo_msgs/leo_msgs/msg/rosidl_generator_c__visibility_control.h
[5.265s] -- Symlinking: /home/situjet/Desktop/leo_common-ros2/install/leo_msgs/include/leo_msgs/leo_msgs/msg/wheel_odom.h
[5.268s] -- Symlinking: /home/situjet/Desktop/leo_common-ros2/install/leo_msgs/include/leo_msgs/leo_msgs/msg/wheel_odom_mecanum.h
[5.271s] -- Symlinking: /home/situjet/Desktop/leo_common-ros2/install/leo_msgs/include/leo_msgs/leo_msgs/msg/wheel_states.h
[5.274s] -- Symlinking: /home/situjet/Desktop/leo_common-ros2/install/leo_msgs/include/leo_msgs/leo_msgs/srv/detail/set_imu_calibration__functions.h
[5.279s] -- Symlinking: /home/situjet/Desktop/leo_common-ros2/install/leo_msgs/include/leo_msgs/leo_msgs/srv/detail/set_imu_calibration__struct.h
[5.283s] -- Symlinking: /home/situjet/Desktop/leo_common-ros2/install/leo_msgs/include/leo_msgs/leo_msgs/srv/detail/set_imu_calibration__type_support.h
[5.286s] -- Symlinking: /home/situjet/Desktop/leo_common-ros2/install/leo_msgs/include/leo_msgs/leo_msgs/srv/set_imu_calibration.h
[5.291s] -- Symlinking: /home/situjet/Desktop/leo_common-ros2/install/leo_msgs/share/leo_msgs/environment/library_path.sh
[5.295s] -- Symlinking: /home/situjet/Desktop/leo_common-ros2/install/leo_msgs/share/leo_msgs/environment/library_path.dsv
[5.299s] -- Symlinking: /home/situjet/Desktop/leo_common-ros2/install/leo_msgs/include/leo_msgs/leo_msgs/msg/detail/imu__rosidl_typesupport_fastrtps_c.h
[5.303s] -- Symlinking: /home/situjet/Desktop/leo_common-ros2/install/leo_msgs/include/leo_msgs/leo_msgs/msg/detail/wheel_odom__rosidl_typesupport_fastrtps_c.h
[5.307s] -- Symlinking: /home/situjet/Desktop/leo_common-ros2/install/leo_msgs/include/leo_msgs/leo_msgs/msg/detail/wheel_odom_mecanum__rosidl_typesupport_fastrtps_c.h
[5.311s] -- Symlinking: /home/situjet/Desktop/leo_common-ros2/install/leo_msgs/include/leo_msgs/leo_msgs/msg/detail/wheel_states__rosidl_typesupport_fastrtps_c.h
[5.315s] -- Symlinking: /home/situjet/Desktop/leo_common-ros2/install/leo_msgs/include/leo_msgs/leo_msgs/msg/rosidl_typesupport_fastrtps_c__visibility_control.h
[5.319s] -- Symlinking: /home/situjet/Desktop/leo_common-ros2/install/leo_msgs/include/leo_msgs/leo_msgs/srv/detail/set_imu_calibration__rosidl_typesupport_fastrtps_c.h
[5.323s] -- Symlinking: /home/situjet/Desktop/leo_common-ros2/install/leo_msgs/include/leo_msgs/leo_msgs/msg/detail/imu__rosidl_typesupport_introspection_c.h
[5.327s] -- Symlinking: /home/situjet/Desktop/leo_common-ros2/install/leo_msgs/include/leo_msgs/leo_msgs/msg/detail/wheel_odom__rosidl_typesupport_introspection_c.h
[5.331s] -- Symlinking: /home/situjet/Desktop/leo_common-ros2/install/leo_msgs/include/leo_msgs/leo_msgs/msg/detail/wheel_odom_mecanum__rosidl_typesupport_introspection_c.h
[5.335s] -- Symlinking: /home/situjet/Desktop/leo_common-ros2/install/leo_msgs/include/leo_msgs/leo_msgs/msg/detail/wheel_states__rosidl_typesupport_introspection_c.h
[5.339s] -- Symlinking: /home/situjet/Desktop/leo_common-ros2/install/leo_msgs/include/leo_msgs/leo_msgs/msg/rosidl_typesupport_introspection_c__visibility_control.h
[5.342s] -- Symlinking: /home/situjet/Desktop/leo_common-ros2/install/leo_msgs/include/leo_msgs/leo_msgs/srv/detail/set_imu_calibration__rosidl_typesupport_introspection_c.h
[5.347s] -- Symlinking: /home/situjet/Desktop/leo_common-ros2/install/leo_msgs/include/leo_msgs/leo_msgs/msg/detail/imu__builder.hpp
[5.351s] -- Symlinking: /home/situjet/Desktop/leo_common-ros2/install/leo_msgs/include/leo_msgs/leo_msgs/msg/detail/imu__struct.hpp
[5.355s] -- Symlinking: /home/situjet/Desktop/leo_common-ros2/install/leo_msgs/include/leo_msgs/leo_msgs/msg/detail/imu__traits.hpp
[5.359s] -- Symlinking: /home/situjet/Desktop/leo_common-ros2/install/leo_msgs/include/leo_msgs/leo_msgs/msg/detail/wheel_odom__builder.hpp
[5.363s] -- Symlinking: /home/situjet/Desktop/leo_common-ros2/install/leo_msgs/include/leo_msgs/leo_msgs/msg/detail/wheel_odom__struct.hpp
[5.366s] -- Symlinking: /home/situjet/Desktop/leo_common-ros2/install/leo_msgs/include/leo_msgs/leo_msgs/msg/detail/wheel_odom__traits.hpp
[5.370s] -- Symlinking: /home/situjet/Desktop/leo_common-ros2/install/leo_msgs/include/leo_msgs/leo_msgs/msg/detail/wheel_odom_mecanum__builder.hpp
[5.374s] -- Symlinking: /home/situjet/Desktop/leo_common-ros2/install/leo_msgs/include/leo_msgs/leo_msgs/msg/detail/wheel_odom_mecanum__struct.hpp
[5.378s] -- Symlinking: /home/situjet/Desktop/leo_common-ros2/install/leo_msgs/include/leo_msgs/leo_msgs/msg/detail/wheel_odom_mecanum__traits.hpp
[5.382s] -- Symlinking: /home/situjet/Desktop/leo_common-ros2/install/leo_msgs/include/leo_msgs/leo_msgs/msg/detail/wheel_states__builder.hpp
[5.386s] -- Symlinking: /home/situjet/Desktop/leo_common-ros2/install/leo_msgs/include/leo_msgs/leo_msgs/msg/detail/wheel_states__struct.hpp
[5.390s] -- Symlinking: /home/situjet/Desktop/leo_common-ros2/install/leo_msgs/include/leo_msgs/leo_msgs/msg/detail/wheel_states__traits.hpp
[5.393s] -- Symlinking: /home/situjet/Desktop/leo_common-ros2/install/leo_msgs/include/leo_msgs/leo_msgs/msg/imu.hpp
[5.397s] -- Symlinking: /home/situjet/Desktop/leo_common-ros2/install/leo_msgs/include/leo_msgs/leo_msgs/msg/wheel_odom.hpp
[5.401s] -- Symlinking: /home/situjet/Desktop/leo_common-ros2/install/leo_msgs/include/leo_msgs/leo_msgs/msg/wheel_odom_mecanum.hpp
[5.405s] -- Symlinking: /home/situjet/Desktop/leo_common-ros2/install/leo_msgs/include/leo_msgs/leo_msgs/msg/wheel_states.hpp
[5.409s] -- Symlinking: /home/situjet/Desktop/leo_common-ros2/install/leo_msgs/include/leo_msgs/leo_msgs/srv/detail/set_imu_calibration__builder.hpp
[5.413s] -- Symlinking: /home/situjet/Desktop/leo_common-ros2/install/leo_msgs/include/leo_msgs/leo_msgs/srv/detail/set_imu_calibration__struct.hpp
[5.417s] -- Symlinking: /home/situjet/Desktop/leo_common-ros2/install/leo_msgs/include/leo_msgs/leo_msgs/srv/detail/set_imu_calibration__traits.hpp
[5.421s] -- Symlinking: /home/situjet/Desktop/leo_common-ros2/install/leo_msgs/include/leo_msgs/leo_msgs/srv/set_imu_calibration.hpp
[5.425s] -- Symlinking: /home/situjet/Desktop/leo_common-ros2/install/leo_msgs/include/leo_msgs/leo_msgs/msg/detail/imu__rosidl_typesupport_fastrtps_cpp.hpp
[5.429s] -- Symlinking: /home/situjet/Desktop/leo_common-ros2/install/leo_msgs/include/leo_msgs/leo_msgs/msg/detail/wheel_odom__rosidl_typesupport_fastrtps_cpp.hpp
[5.433s] -- Symlinking: /home/situjet/Desktop/leo_common-ros2/install/leo_msgs/include/leo_msgs/leo_msgs/msg/detail/wheel_odom_mecanum__rosidl_typesupport_fastrtps_cpp.hpp
[5.437s] -- Symlinking: /home/situjet/Desktop/leo_common-ros2/install/leo_msgs/include/leo_msgs/leo_msgs/msg/detail/wheel_states__rosidl_typesupport_fastrtps_cpp.hpp
[5.441s] -- Symlinking: /home/situjet/Desktop/leo_common-ros2/install/leo_msgs/include/leo_msgs/leo_msgs/msg/rosidl_typesupport_fastrtps_cpp__visibility_control.h
[5.445s] -- Symlinking: /home/situjet/Desktop/leo_common-ros2/install/leo_msgs/include/leo_msgs/leo_msgs/srv/detail/set_imu_calibration__rosidl_typesupport_fastrtps_cpp.hpp
[5.449s] -- Symlinking: /home/situjet/Desktop/leo_common-ros2/install/leo_msgs/include/leo_msgs/leo_msgs/msg/detail/imu__rosidl_typesupport_introspection_cpp.hpp
[5.453s] -- Symlinking: /home/situjet/Desktop/leo_common-ros2/install/leo_msgs/include/leo_msgs/leo_msgs/msg/detail/wheel_odom__rosidl_typesupport_introspection_cpp.hpp
[5.457s] -- Symlinking: /home/situjet/Desktop/leo_common-ros2/install/leo_msgs/include/leo_msgs/leo_msgs/msg/detail/wheel_odom_mecanum__rosidl_typesupport_introspection_cpp.hpp
[5.461s] -- Symlinking: /home/situjet/Desktop/leo_common-ros2/install/leo_msgs/include/leo_msgs/leo_msgs/msg/detail/wheel_states__rosidl_typesupport_introspection_cpp.hpp
[5.465s] -- Symlinking: /home/situjet/Desktop/leo_common-ros2/install/leo_msgs/include/leo_msgs/leo_msgs/srv/detail/set_imu_calibration__rosidl_typesupport_introspection_cpp.hpp
[5.469s] -- Symlinking: /home/situjet/Desktop/leo_common-ros2/install/leo_msgs/share/leo_msgs/environment/pythonpath.sh
[5.473s] -- Symlinking: /home/situjet/Desktop/leo_common-ros2/install/leo_msgs/share/leo_msgs/environment/pythonpath.dsv
[5.477s] -- Symlinking: /home/situjet/Desktop/leo_common-ros2/install/leo_msgs/local/lib/python3.10/dist-packages/leo_msgs-1.1.0-py3.10.egg-info/PKG-INFO
[5.481s] -- Symlinking: /home/situjet/Desktop/leo_common-ros2/install/leo_msgs/local/lib/python3.10/dist-packages/leo_msgs-1.1.0-py3.10.egg-info/SOURCES.txt
[5.485s] -- Symlinking: /home/situjet/Desktop/leo_common-ros2/install/leo_msgs/local/lib/python3.10/dist-packages/leo_msgs-1.1.0-py3.10.egg-info/dependency_links.txt
[5.489s] -- Symlinking: /home/situjet/Desktop/leo_common-ros2/install/leo_msgs/local/lib/python3.10/dist-packages/leo_msgs-1.1.0-py3.10.egg-info/top_level.txt
[5.494s] -- Symlinking: /home/situjet/Desktop/leo_common-ros2/install/leo_msgs/local/lib/python3.10/dist-packages/leo_msgs/__init__.py
[5.498s] -- Symlinking: /home/situjet/Desktop/leo_common-ros2/install/leo_msgs/local/lib/python3.10/dist-packages/leo_msgs/_leo_msgs_s.ep.rosidl_typesupport_c.c
[5.502s] -- Symlinking: /home/situjet/Desktop/leo_common-ros2/install/leo_msgs/local/lib/python3.10/dist-packages/leo_msgs/_leo_msgs_s.ep.rosidl_typesupport_fastrtps_c.c
[5.506s] -- Symlinking: /home/situjet/Desktop/leo_common-ros2/install/leo_msgs/local/lib/python3.10/dist-packages/leo_msgs/_leo_msgs_s.ep.rosidl_typesupport_introspection_c.c
[5.510s] -- Symlinking: /home/situjet/Desktop/leo_common-ros2/install/leo_msgs/local/lib/python3.10/dist-packages/leo_msgs/leo_msgs_s__rosidl_typesupport_c.cpython-310-x86_64-linux-gnu.so
[5.514s] -- Symlinking: /home/situjet/Desktop/leo_common-ros2/install/leo_msgs/local/lib/python3.10/dist-packages/leo_msgs/leo_msgs_s__rosidl_typesupport_fastrtps_c.cpython-310-x86_64-linux-gnu.so
[5.518s] -- Symlinking: /home/situjet/Desktop/leo_common-ros2/install/leo_msgs/local/lib/python3.10/dist-packages/leo_msgs/leo_msgs_s__rosidl_typesupport_introspection_c.cpython-310-x86_64-linux-gnu.so
[5.522s] -- Symlinking: /home/situjet/Desktop/leo_common-ros2/install/leo_msgs/local/lib/python3.10/dist-packages/leo_msgs/libleo_msgs__rosidl_generator_py.so
[5.525s] -- Symlinking: /home/situjet/Desktop/leo_common-ros2/install/leo_msgs/local/lib/python3.10/dist-packages/leo_msgs/msg/__init__.py
[5.529s] -- Symlinking: /home/situjet/Desktop/leo_common-ros2/install/leo_msgs/local/lib/python3.10/dist-packages/leo_msgs/msg/_imu.py
[5.533s] -- Symlinking: /home/situjet/Desktop/leo_common-ros2/install/leo_msgs/local/lib/python3.10/dist-packages/leo_msgs/msg/_imu_s.c
[5.537s] -- Symlinking: /home/situjet/Desktop/leo_common-ros2/install/leo_msgs/local/lib/python3.10/dist-packages/leo_msgs/msg/_wheel_odom.py
[5.541s] -- Symlinking: /home/situjet/Desktop/leo_common-ros2/install/leo_msgs/local/lib/python3.10/dist-packages/leo_msgs/msg/_wheel_odom_mecanum.py
[5.545s] -- Symlinking: /home/situjet/Desktop/leo_common-ros2/install/leo_msgs/local/lib/python3.10/dist-packages/leo_msgs/msg/_wheel_odom_mecanum_s.c
[5.549s] -- Symlinking: /home/situjet/Desktop/leo_common-ros2/install/leo_msgs/local/lib/python3.10/dist-packages/leo_msgs/msg/_wheel_odom_s.c
[5.552s] -- Symlinking: /home/situjet/Desktop/leo_common-ros2/install/leo_msgs/local/lib/python3.10/dist-packages/leo_msgs/msg/_wheel_states.py
[5.556s] -- Symlinking: /home/situjet/Desktop/leo_common-ros2/install/leo_msgs/local/lib/python3.10/dist-packages/leo_msgs/msg/_wheel_states_s.c
[5.560s] -- Symlinking: /home/situjet/Desktop/leo_common-ros2/install/leo_msgs/local/lib/python3.10/dist-packages/leo_msgs/srv/__init__.py
[5.564s] -- Symlinking: /home/situjet/Desktop/leo_common-ros2/install/leo_msgs/local/lib/python3.10/dist-packages/leo_msgs/srv/_set_imu_calibration.py
[5.568s] -- Symlinking: /home/situjet/Desktop/leo_common-ros2/install/leo_msgs/local/lib/python3.10/dist-packages/leo_msgs/srv/_set_imu_calibration_s.c
[5.572s] -- Up-to-date symlink: /home/situjet/Desktop/leo_common-ros2/install/leo_msgs/local/lib/python3.10/dist-packages/leo_msgs/leo_msgs_s__rosidl_typesupport_fastrtps_c.cpython-310-x86_64-linux-gnu.so
[5.573s] -- Up-to-date symlink: /home/situjet/Desktop/leo_common-ros2/install/leo_msgs/local/lib/python3.10/dist-packages/leo_msgs/leo_msgs_s__rosidl_typesupport_introspection_c.cpython-310-x86_64-linux-gnu.so
[5.573s] -- Up-to-date symlink: /home/situjet/Desktop/leo_common-ros2/install/leo_msgs/local/lib/python3.10/dist-packages/leo_msgs/leo_msgs_s__rosidl_typesupport_c.cpython-310-x86_64-linux-gnu.so
[5.574s] -- Symlinking: /home/situjet/Desktop/leo_common-ros2/install/leo_msgs/share/leo_msgs/msg/Imu.idl
[5.578s] -- Symlinking: /home/situjet/Desktop/leo_common-ros2/install/leo_msgs/share/leo_msgs/msg/WheelOdom.idl
[5.582s] -- Symlinking: /home/situjet/Desktop/leo_common-ros2/install/leo_msgs/share/leo_msgs/msg/WheelOdomMecanum.idl
[5.586s] -- Symlinking: /home/situjet/Desktop/leo_common-ros2/install/leo_msgs/share/leo_msgs/msg/WheelStates.idl
[5.590s] -- Symlinking: /home/situjet/Desktop/leo_common-ros2/install/leo_msgs/share/leo_msgs/srv/SetImuCalibration.idl
[5.594s] -- Symlinking: /home/situjet/Desktop/leo_common-ros2/install/leo_msgs/share/leo_msgs/msg/Imu.msg
[5.598s] -- Symlinking: /home/situjet/Desktop/leo_common-ros2/install/leo_msgs/share/leo_msgs/msg/WheelOdom.msg
[5.602s] -- Symlinking: /home/situjet/Desktop/leo_common-ros2/install/leo_msgs/share/leo_msgs/msg/WheelOdomMecanum.msg
[5.606s] -- Symlinking: /home/situjet/Desktop/leo_common-ros2/install/leo_msgs/share/leo_msgs/msg/WheelStates.msg
[5.610s] -- Symlinking: /home/situjet/Desktop/leo_common-ros2/install/leo_msgs/share/leo_msgs/srv/SetImuCalibration.srv
[5.614s] -- Symlinking: /home/situjet/Desktop/leo_common-ros2/install/leo_msgs/share/leo_msgs/srv/SetImuCalibration_Request.msg
[5.618s] -- Symlinking: /home/situjet/Desktop/leo_common-ros2/install/leo_msgs/share/leo_msgs/srv/SetImuCalibration_Response.msg
[5.622s] -- Symlinking: /home/situjet/Desktop/leo_common-ros2/install/leo_msgs/share/ament_index/resource_index/package_run_dependencies/leo_msgs
[5.626s] -- Symlinking: /home/situjet/Desktop/leo_common-ros2/install/leo_msgs/share/ament_index/resource_index/parent_prefix_path/leo_msgs
[5.630s] -- Symlinking: /home/situjet/Desktop/leo_common-ros2/install/leo_msgs/share/leo_msgs/environment/ament_prefix_path.sh
[5.634s] -- Symlinking: /home/situjet/Desktop/leo_common-ros2/install/leo_msgs/share/leo_msgs/environment/ament_prefix_path.dsv
[5.638s] -- Symlinking: /home/situjet/Desktop/leo_common-ros2/install/leo_msgs/share/leo_msgs/environment/path.sh
[5.642s] -- Symlinking: /home/situjet/Desktop/leo_common-ros2/install/leo_msgs/share/leo_msgs/environment/path.dsv
[5.646s] -- Symlinking: /home/situjet/Desktop/leo_common-ros2/install/leo_msgs/share/leo_msgs/local_setup.bash
[5.650s] -- Symlinking: /home/situjet/Desktop/leo_common-ros2/install/leo_msgs/share/leo_msgs/local_setup.sh
[5.654s] -- Symlinking: /home/situjet/Desktop/leo_common-ros2/install/leo_msgs/share/leo_msgs/local_setup.zsh
[5.658s] -- Symlinking: /home/situjet/Desktop/leo_common-ros2/install/leo_msgs/share/leo_msgs/local_setup.dsv
[5.662s] -- Symlinking: /home/situjet/Desktop/leo_common-ros2/install/leo_msgs/share/leo_msgs/package.dsv
[5.666s] -- Symlinking: /home/situjet/Desktop/leo_common-ros2/install/leo_msgs/share/ament_index/resource_index/packages/leo_msgs
[5.670s] -- Symlinking: /home/situjet/Desktop/leo_common-ros2/install/leo_msgs/share/leo_msgs/cmake/rosidl_cmake-extras.cmake
[5.674s] -- Symlinking: /home/situjet/Desktop/leo_common-ros2/install/leo_msgs/share/leo_msgs/cmake/ament_cmake_export_dependencies-extras.cmake
[5.679s] -- Symlinking: /home/situjet/Desktop/leo_common-ros2/install/leo_msgs/share/leo_msgs/cmake/ament_cmake_export_include_directories-extras.cmake
[5.684s] -- Symlinking: /home/situjet/Desktop/leo_common-ros2/install/leo_msgs/share/leo_msgs/cmake/ament_cmake_export_libraries-extras.cmake
[5.689s] -- Symlinking: /home/situjet/Desktop/leo_common-ros2/install/leo_msgs/share/leo_msgs/cmake/ament_cmake_export_targets-extras.cmake
[5.694s] -- Symlinking: /home/situjet/Desktop/leo_common-ros2/install/leo_msgs/share/leo_msgs/cmake/rosidl_cmake_export_typesupport_targets-extras.cmake
[5.699s] -- Symlinking: /home/situjet/Desktop/leo_common-ros2/install/leo_msgs/share/leo_msgs/cmake/rosidl_cmake_export_typesupport_libraries-extras.cmake
[5.703s] -- Symlinking: /home/situjet/Desktop/leo_common-ros2/install/leo_msgs/share/leo_msgs/cmake/leo_msgsConfig.cmake
[5.708s] -- Symlinking: /home/situjet/Desktop/leo_common-ros2/install/leo_msgs/share/leo_msgs/cmake/leo_msgsConfig-version.cmake
[5.713s] -- Symlinking: /home/situjet/Desktop/leo_common-ros2/install/leo_msgs/share/leo_msgs/package.xml
[5.719s] -- Installing: /home/situjet/Desktop/leo_common-ros2/install/leo_msgs/lib/libleo_msgs__rosidl_generator_c.so
[5.720s] -- Set runtime path of "/home/situjet/Desktop/leo_common-ros2/install/leo_msgs/lib/libleo_msgs__rosidl_generator_c.so" to ""
[5.720s] -- Installing: /home/situjet/Desktop/leo_common-ros2/install/leo_msgs/lib/libleo_msgs__rosidl_typesupport_fastrtps_c.so
[5.721s] -- Set runtime path of "/home/situjet/Desktop/leo_common-ros2/install/leo_msgs/lib/libleo_msgs__rosidl_typesupport_fastrtps_c.so" to ""
[5.721s] -- Installing: /home/situjet/Desktop/leo_common-ros2/install/leo_msgs/lib/libleo_msgs__rosidl_typesupport_introspection_c.so
[5.721s] -- Set runtime path of "/home/situjet/Desktop/leo_common-ros2/install/leo_msgs/lib/libleo_msgs__rosidl_typesupport_introspection_c.so" to ""
[5.722s] -- Installing: /home/situjet/Desktop/leo_common-ros2/install/leo_msgs/lib/libleo_msgs__rosidl_typesupport_c.so
[5.722s] -- Set runtime path of "/home/situjet/Desktop/leo_common-ros2/install/leo_msgs/lib/libleo_msgs__rosidl_typesupport_c.so" to ""
[5.723s] -- Installing: /home/situjet/Desktop/leo_common-ros2/install/leo_msgs/lib/libleo_msgs__rosidl_typesupport_fastrtps_cpp.so
[5.723s] -- Set runtime path of "/home/situjet/Desktop/leo_common-ros2/install/leo_msgs/lib/libleo_msgs__rosidl_typesupport_fastrtps_cpp.so" to ""
[5.724s] -- Installing: /home/situjet/Desktop/leo_common-ros2/install/leo_msgs/lib/libleo_msgs__rosidl_typesupport_introspection_cpp.so
[5.724s] -- Set runtime path of "/home/situjet/Desktop/leo_common-ros2/install/leo_msgs/lib/libleo_msgs__rosidl_typesupport_introspection_cpp.so" to ""
[5.724s] -- Installing: /home/situjet/Desktop/leo_common-ros2/install/leo_msgs/lib/libleo_msgs__rosidl_typesupport_cpp.so
[5.724s] -- Set runtime path of "/home/situjet/Desktop/leo_common-ros2/install/leo_msgs/lib/libleo_msgs__rosidl_typesupport_cpp.so" to ""
[5.760s] Listing '/home/situjet/Desktop/leo_common-ros2/install/leo_msgs/local/lib/python3.10/dist-packages/leo_msgs'...
[5.760s] Compiling '/home/situjet/Desktop/leo_common-ros2/install/leo_msgs/local/lib/python3.10/dist-packages/leo_msgs/__init__.py'...
[5.760s] Listing '/home/situjet/Desktop/leo_common-ros2/install/leo_msgs/local/lib/python3.10/dist-packages/leo_msgs/msg'...
[5.760s] Compiling '/home/situjet/Desktop/leo_common-ros2/install/leo_msgs/local/lib/python3.10/dist-packages/leo_msgs/msg/__init__.py'...
[5.760s] Compiling '/home/situjet/Desktop/leo_common-ros2/install/leo_msgs/local/lib/python3.10/dist-packages/leo_msgs/msg/_imu.py'...
[5.760s] Compiling '/home/situjet/Desktop/leo_common-ros2/install/leo_msgs/local/lib/python3.10/dist-packages/leo_msgs/msg/_wheel_odom.py'...
[5.761s] Compiling '/home/situjet/Desktop/leo_common-ros2/install/leo_msgs/local/lib/python3.10/dist-packages/leo_msgs/msg/_wheel_odom_mecanum.py'...
[5.761s] Compiling '/home/situjet/Desktop/leo_common-ros2/install/leo_msgs/local/lib/python3.10/dist-packages/leo_msgs/msg/_wheel_states.py'...
[5.761s] Listing '/home/situjet/Desktop/leo_common-ros2/install/leo_msgs/local/lib/python3.10/dist-packages/leo_msgs/srv'...
[5.761s] Compiling '/home/situjet/Desktop/leo_common-ros2/install/leo_msgs/local/lib/python3.10/dist-packages/leo_msgs/srv/__init__.py'...
[5.761s] Compiling '/home/situjet/Desktop/leo_common-ros2/install/leo_msgs/local/lib/python3.10/dist-packages/leo_msgs/srv/_set_imu_calibration.py'...
[5.764s] -- Installing: /home/situjet/Desktop/leo_common-ros2/install/leo_msgs/lib/libleo_msgs__rosidl_generator_py.so
[5.764s] -- Set runtime path of "/home/situjet/Desktop/leo_common-ros2/install/leo_msgs/lib/libleo_msgs__rosidl_generator_py.so" to ""
[5.764s] -- Installing: /home/situjet/Desktop/leo_common-ros2/install/leo_msgs/share/leo_msgs/cmake/export_leo_msgs__rosidl_generator_cExport.cmake
[5.764s] -- Installing: /home/situjet/Desktop/leo_common-ros2/install/leo_msgs/share/leo_msgs/cmake/export_leo_msgs__rosidl_generator_cExport-noconfig.cmake
[5.764s] -- Installing: /home/situjet/Desktop/leo_common-ros2/install/leo_msgs/share/leo_msgs/cmake/export_leo_msgs__rosidl_typesupport_fastrtps_cExport.cmake
[5.764s] -- Installing: /home/situjet/Desktop/leo_common-ros2/install/leo_msgs/share/leo_msgs/cmake/export_leo_msgs__rosidl_typesupport_fastrtps_cExport-noconfig.cmake
[5.765s] -- Installing: /home/situjet/Desktop/leo_common-ros2/install/leo_msgs/share/leo_msgs/cmake/leo_msgs__rosidl_typesupport_introspection_cExport.cmake
[5.765s] -- Installing: /home/situjet/Desktop/leo_common-ros2/install/leo_msgs/share/leo_msgs/cmake/leo_msgs__rosidl_typesupport_introspection_cExport-noconfig.cmake
[5.765s] -- Installing: /home/situjet/Desktop/leo_common-ros2/install/leo_msgs/share/leo_msgs/cmake/leo_msgs__rosidl_typesupport_cExport.cmake
[5.765s] -- Installing: /home/situjet/Desktop/leo_common-ros2/install/leo_msgs/share/leo_msgs/cmake/leo_msgs__rosidl_typesupport_cExport-noconfig.cmake
[5.765s] -- Installing: /home/situjet/Desktop/leo_common-ros2/install/leo_msgs/share/leo_msgs/cmake/export_leo_msgs__rosidl_generator_cppExport.cmake
[5.765s] -- Installing: /home/situjet/Desktop/leo_common-ros2/install/leo_msgs/share/leo_msgs/cmake/export_leo_msgs__rosidl_typesupport_fastrtps_cppExport.cmake
[5.765s] -- Installing: /home/situjet/Desktop/leo_common-ros2/install/leo_msgs/share/leo_msgs/cmake/export_leo_msgs__rosidl_typesupport_fastrtps_cppExport-noconfig.cmake
[5.765s] -- Installing: /home/situjet/Desktop/leo_common-ros2/install/leo_msgs/share/leo_msgs/cmake/leo_msgs__rosidl_typesupport_introspection_cppExport.cmake
[5.765s] -- Installing: /home/situjet/Desktop/leo_common-ros2/install/leo_msgs/share/leo_msgs/cmake/leo_msgs__rosidl_typesupport_introspection_cppExport-noconfig.cmake
[5.765s] -- Installing: /home/situjet/Desktop/leo_common-ros2/install/leo_msgs/share/leo_msgs/cmake/leo_msgs__rosidl_typesupport_cppExport.cmake
[5.765s] -- Installing: /home/situjet/Desktop/leo_common-ros2/install/leo_msgs/share/leo_msgs/cmake/leo_msgs__rosidl_typesupport_cppExport-noconfig.cmake
[5.766s] -- Installing: /home/situjet/Desktop/leo_common-ros2/install/leo_msgs/share/leo_msgs/cmake/export_leo_msgs__rosidl_generator_pyExport.cmake
[5.766s] -- Installing: /home/situjet/Desktop/leo_common-ros2/install/leo_msgs/share/leo_msgs/cmake/export_leo_msgs__rosidl_generator_pyExport-noconfig.cmake
[5.770s] Invoked command in '/home/situjet/Desktop/leo_common-ros2/build/leo_msgs' returned '0': CMAKE_PREFIX_PATH=${CMAKE_PREFIX_PATH}:/opt/ros/humble /home/situjet/.local/bin/cmake --install /home/situjet/Desktop/leo_common-ros2/build/leo_msgs
