-- Install configuration: ""
-- Execute custom install script
-- Up-to-date symlink: /home/situjet/Desktop/leo_common-ros2/install/leo_description/share/leo_description/config/controllers.yaml
-- Up-to-date symlink: /home/situjet/Desktop/leo_common-ros2/install/leo_description/share/leo_description/launch/state_publisher.launch.xml
-- Up-to-date symlink: /home/situjet/Desktop/leo_common-ros2/install/leo_description/share/leo_description/models/Antenna.dae
-- Up-to-date symlink: /home/situjet/Desktop/leo_common-ros2/install/leo_description/share/leo_description/models/Chassis.dae
-- Up-to-date symlink: /home/situjet/Desktop/leo_common-ros2/install/leo_description/share/leo_description/models/Chassis_outline.stl
-- Up-to-date symlink: /home/situjet/Desktop/leo_common-ros2/install/leo_description/share/leo_description/models/Rocker.dae
-- Up-to-date symlink: /home/situjet/Desktop/leo_common-ros2/install/leo_description/share/leo_description/models/Rocker_outline.stl
-- Up-to-date symlink: /home/situjet/Desktop/leo_common-ros2/install/leo_description/share/leo_description/models/WheelA.dae
-- Up-to-date symlink: /home/situjet/Desktop/leo_common-ros2/install/leo_description/share/leo_description/models/WheelB.dae
-- Up-to-date symlink: /home/situjet/Desktop/leo_common-ros2/install/leo_description/share/leo_description/models/Wheel_outline.stl
-- Up-to-date symlink: /home/situjet/Desktop/leo_common-ros2/install/leo_description/share/leo_description/urdf/leo.urdf.xacro
-- Up-to-date symlink: /home/situjet/Desktop/leo_common-ros2/install/leo_description/share/leo_description/urdf/leo_sim.urdf.xacro
-- Up-to-date symlink: /home/situjet/Desktop/leo_common-ros2/install/leo_description/share/leo_description/urdf/macros.xacro
-- Up-to-date symlink: /home/situjet/Desktop/leo_common-ros2/install/leo_description/share/leo_description/environment/gz_sim_resource_path.dsv
-- Up-to-date symlink: /home/situjet/Desktop/leo_common-ros2/install/leo_description/share/ament_index/resource_index/package_run_dependencies/leo_description
-- Up-to-date symlink: /home/situjet/Desktop/leo_common-ros2/install/leo_description/share/ament_index/resource_index/parent_prefix_path/leo_description
-- Up-to-date symlink: /home/situjet/Desktop/leo_common-ros2/install/leo_description/share/leo_description/environment/ament_prefix_path.sh
-- Up-to-date symlink: /home/situjet/Desktop/leo_common-ros2/install/leo_description/share/leo_description/environment/ament_prefix_path.dsv
-- Up-to-date symlink: /home/situjet/Desktop/leo_common-ros2/install/leo_description/share/leo_description/environment/path.sh
-- Up-to-date symlink: /home/situjet/Desktop/leo_common-ros2/install/leo_description/share/leo_description/environment/path.dsv
-- Up-to-date symlink: /home/situjet/Desktop/leo_common-ros2/install/leo_description/share/leo_description/local_setup.bash
-- Up-to-date symlink: /home/situjet/Desktop/leo_common-ros2/install/leo_description/share/leo_description/local_setup.sh
-- Up-to-date symlink: /home/situjet/Desktop/leo_common-ros2/install/leo_description/share/leo_description/local_setup.zsh
-- Up-to-date symlink: /home/situjet/Desktop/leo_common-ros2/install/leo_description/share/leo_description/local_setup.dsv
-- Symlinking: /home/situjet/Desktop/leo_common-ros2/install/leo_description/share/leo_description/package.dsv
-- Up-to-date symlink: /home/situjet/Desktop/leo_common-ros2/install/leo_description/share/ament_index/resource_index/packages/leo_description
-- Up-to-date symlink: /home/situjet/Desktop/leo_common-ros2/install/leo_description/share/leo_description/cmake/leo_descriptionConfig.cmake
-- Up-to-date symlink: /home/situjet/Desktop/leo_common-ros2/install/leo_description/share/leo_description/cmake/leo_descriptionConfig-version.cmake
-- Up-to-date symlink: /home/situjet/Desktop/leo_common-ros2/install/leo_description/share/leo_description/package.xml
